<?xml version="1.0" encoding="UTF-8"?>
<testsuite xmlns:xsi="http://www.w3.org/2001/XMLSchema-instance" xsi:noNamespaceSchemaLocation="https://maven.apache.org/surefire/maven-failsafe-plugin/xsd/failsafe-test-report-3.0.xsd" version="3.0" name="[MusicLab-API] Put Feature Mentors #2" time="1.777" tests="1" errors="0" skipped="0" failures="1">
  <properties>
    <property name="sun.desktop" value="windows"/>
    <property name="awt.toolkit" value="sun.awt.windows.WToolkit"/>
    <property name="file.encoding.pkg" value="sun.io"/>
    <property name="java.specification.version" value="1.8"/>
    <property name="sun.cpu.isalist" value="amd64"/>
    <property name="sun.jnu.encoding" value="Cp1252"/>
    <property name="java.class.path" value="D:\Alterra\Automation\API\MusicLab-QE-APITesting\target\test-classes;D:\Alterra\Automation\API\MusicLab-QE-APITesting\target\CapstoneProject-1.0.0-SNAPSHOT.jar;C:\Users\mafaa\.m2\repository\ch\qos\logback\logback-classic\1.2.3\logback-classic-1.2.3.jar;C:\Users\mafaa\.m2\repository\ch\qos\logback\logback-core\1.2.3\logback-core-1.2.3.jar;C:\Users\mafaa\.m2\repository\org\slf4j\slf4j-api\1.7.25\slf4j-api-1.7.25.jar;C:\Users\mafaa\.m2\repository\net\serenity-bdd\serenity-core\2.4.51\serenity-core-2.4.51.jar;C:\Users\mafaa\.m2\repository\net\serenity-bdd\serenity-model\2.4.51\serenity-model-2.4.51.jar;C:\Users\mafaa\.m2\repository\org\apache\commons\commons-text\1.9\commons-text-1.9.jar;C:\Users\mafaa\.m2\repository\commons-net\commons-net\3.6\commons-net-3.6.jar;C:\Users\mafaa\.m2\repository\com\google\guava\guava\30.1-jre\guava-30.1-jre.jar;C:\Users\mafaa\.m2\repository\com\google\guava\failureaccess\1.0.1\failureaccess-1.0.1.jar;C:\Users\mafaa\.m2\repository\com\google\guava\listenablefuture\9999.0-empty-to-avoid-conflict-with-guava\listenablefuture-9999.0-empty-to-avoid-conflict-with-guava.jar;C:\Users\mafaa\.m2\repository\org\checkerframework\checker-qual\3.5.0\checker-qual-3.5.0.jar;C:\Users\mafaa\.m2\repository\com\google\errorprone\error_prone_annotations\2.3.4\error_prone_annotations-2.3.4.jar;C:\Users\mafaa\.m2\repository\com\google\j2objc\j2objc-annotations\1.3\j2objc-annotations-1.3.jar;C:\Users\mafaa\.m2\repository\com\google\inject\guice\5.0.1\guice-5.0.1.jar;C:\Users\mafaa\.m2\repository\javax\inject\javax.inject\1\javax.inject-1.jar;C:\Users\mafaa\.m2\repository\aopalliance\aopalliance\1.0\aopalliance-1.0.jar;C:\Users\mafaa\.m2\repository\org\jsoup\jsoup\1.13.1\jsoup-1.13.1.jar;C:\Users\mafaa\.m2\repository\com\thoughtworks\xstream\xstream\1.4.17\xstream-1.4.17.jar;C:\Users\mafaa\.m2\repository\io\github\x-stream\mxparser\1.2.1\mxparser-1.2.1.jar;C:\Users\mafaa\.m2\repository\xmlpull\xmlpull\1.1.3.1\xmlpull-1.1.3.1.jar;C:\Users\mafaa\.m2\repository\io\cucumber\cucumber-core\6.10.2\cucumber-core-6.10.2.jar;C:\Users\mafaa\.m2\repository\io\cucumber\cucumber-gherkin\6.10.2\cucumber-gherkin-6.10.2.jar;C:\Users\mafaa\.m2\repository\io\cucumber\cucumber-gherkin-messages\6.10.2\cucumber-gherkin-messages-6.10.2.jar;C:\Users\mafaa\.m2\repository\io\cucumber\messages\14.0.1\messages-14.0.1.jar;C:\Users\mafaa\.m2\repository\io\cucumber\tag-expressions\3.0.0\tag-expressions-3.0.0.jar;C:\Users\mafaa\.m2\repository\io\cucumber\cucumber-expressions\10.3.0\cucumber-expressions-10.3.0.jar;C:\Users\mafaa\.m2\repository\io\cucumber\cucumber-plugin\6.10.2\cucumber-plugin-6.10.2.jar;C:\Users\mafaa\.m2\repository\io\cucumber\docstring\6.10.2\docstring-6.10.2.jar;C:\Users\mafaa\.m2\repository\io\cucumber\html-formatter\12.0.0\html-formatter-12.0.0.jar;C:\Users\mafaa\.m2\repository\io\cucumber\create-meta\3.0.0\create-meta-3.0.0.jar;C:\Users\mafaa\.m2\repository\com\typesafe\config\1.3.1\config-1.3.1.jar;C:\Users\mafaa\.m2\repository\org\imgscalr\imgscalr-lib\4.2\imgscalr-lib-4.2.jar;C:\Users\mafaa\.m2\repository\org\awaitility\awaitility\4.0.3\awaitility-4.0.3.jar;C:\Users\mafaa\.m2\repository\org\freemarker\freemarker\2.3.29\freemarker-2.3.29.jar;C:\Users\mafaa\.m2\repository\net\sourceforge\jexcelapi\jxl\2.6.12\jxl-2.6.12.jar;C:\Users\mafaa\.m2\repository\org\asciidoctor\asciidoctorj\2.5.1\asciidoctorj-2.5.1.jar;C:\Users\mafaa\.m2\repository\org\asciidoctor\asciidoctorj-api\2.5.1\asciidoctorj-api-2.5.1.jar;C:\Users\mafaa\.m2\repository\org\jruby\jruby\9.2.17.0\jruby-9.2.17.0.jar;C:\Users\mafaa\.m2\repository\org\jruby\jruby-core\9.2.17.0\jruby-core-9.2.17.0.jar;C:\Users\mafaa\.m2\repository\com\github\jnr\jnr-netdb\1.2.0\jnr-netdb-1.2.0.jar;C:\Users\mafaa\.m2\repository\com\github\jnr\jnr-enxio\0.32.3\jnr-enxio-0.32.3.jar;C:\Users\mafaa\.m2\repository\com\github\jnr\jnr-unixsocket\0.38.5\jnr-unixsocket-0.38.5.jar;C:\Users\mafaa\.m2\repository\com\github\jnr\jnr-posix\3.1.4\jnr-posix-3.1.4.jar;C:\Users\mafaa\.m2\repository\com\github\jnr\jnr-constants\0.10.1\jnr-constants-0.10.1.jar;C:\Users\mafaa\.m2\repository\com\github\jnr\jffi\1.3.1\jffi-1.3.1.jar;C:\Users\mafaa\.m2\repository\com\github\jnr\jffi\1.3.1\jffi-1.3.1-native.jar;C:\Users\mafaa\.m2\repository\org\jruby\joni\joni\2.1.31\joni-2.1.31.jar;C:\Users\mafaa\.m2\repository\org\jruby\jcodings\jcodings\1.0.46\jcodings-1.0.46.jar;C:\Users\mafaa\.m2\repository\org\jruby\dirgra\0.3\dirgra-0.3.jar;C:\Users\mafaa\.m2\repository\com\headius\invokebinder\1.11\invokebinder-1.11.jar;C:\Users\mafaa\.m2\repository\com\headius\options\1.4\options-1.4.jar;C:\Users\mafaa\.m2\repository\com\jcraft\jzlib\1.1.3\jzlib-1.1.3.jar;C:\Users\mafaa\.m2\repository\com\martiansoftware\nailgun-server\0.9.1\nailgun-server-0.9.1.jar;C:\Users\mafaa\.m2\repository\com\headius\backport9\1.8\backport9-1.8.jar;C:\Users\mafaa\.m2\repository\javax\annotation\javax.annotation-api\1.3.1\javax.annotation-api-1.3.1.jar;C:\Users\mafaa\.m2\repository\org\jruby\jruby-stdlib\9.2.17.0\jruby-stdlib-9.2.17.0.jar;C:\Users\mafaa\.m2\repository\net\bytebuddy\byte-buddy\1.11.1\byte-buddy-1.11.1.jar;C:\Users\mafaa\.m2\repository\net\bytebuddy\byte-buddy-agent\1.11.1\byte-buddy-agent-1.11.1.jar;C:\Users\mafaa\.m2\repository\org\objenesis\objenesis\3.1\objenesis-3.1.jar;C:\Users\mafaa\.m2\repository\net\serenity-bdd\serenity-reports\2.4.51\serenity-reports-2.4.51.jar;C:\Users\mafaa\.m2\repository\net\serenity-bdd\serenity-stats\2.4.51\serenity-stats-2.4.51.jar;C:\Users\mafaa\.m2\repository\org\jetbrains\kotlin\kotlin-stdlib\1.5.0\kotlin-stdlib-1.5.0.jar;C:\Users\mafaa\.m2\repository\org\jetbrains\annotations\13.0\annotations-13.0.jar;C:\Users\mafaa\.m2\repository\org\jetbrains\kotlin\kotlin-stdlib-common\1.5.0\kotlin-stdlib-common-1.5.0.jar;C:\Users\mafaa\.m2\repository\net\serenity-bdd\serenity-reports-configuration\2.4.51\serenity-reports-configuration-2.4.51.jar;C:\Users\mafaa\.m2\repository\com\vladsch\flexmark\flexmark-all\0.34.30\flexmark-all-0.34.30.jar;C:\Users\mafaa\.m2\repository\com\vladsch\flexmark\flexmark\0.34.30\flexmark-0.34.30.jar;C:\Users\mafaa\.m2\repository\com\vladsch\flexmark\flexmark-ext-abbreviation\0.34.30\flexmark-ext-abbreviation-0.34.30.jar;C:\Users\mafaa\.m2\repository\com\vladsch\flexmark\flexmark-ext-admonition\0.34.30\flexmark-ext-admonition-0.34.30.jar;C:\Users\mafaa\.m2\repository\com\vladsch\flexmark\flexmark-ext-anchorlink\0.34.30\flexmark-ext-anchorlink-0.34.30.jar;C:\Users\mafaa\.m2\repository\com\vladsch\flexmark\flexmark-ext-aside\0.34.30\flexmark-ext-aside-0.34.30.jar;C:\Users\mafaa\.m2\repository\com\vladsch\flexmark\flexmark-ext-attributes\0.34.30\flexmark-ext-attributes-0.34.30.jar;C:\Users\mafaa\.m2\repository\com\vladsch\flexmark\flexmark-ext-autolink\0.34.30\flexmark-ext-autolink-0.34.30.jar;C:\Users\mafaa\.m2\repository\org\nibor\autolink\autolink\0.6.0\autolink-0.6.0.jar;C:\Users\mafaa\.m2\repository\com\vladsch\flexmark\flexmark-ext-definition\0.34.30\flexmark-ext-definition-0.34.30.jar;C:\Users\mafaa\.m2\repository\com\vladsch\flexmark\flexmark-ext-emoji\0.34.30\flexmark-ext-emoji-0.34.30.jar;C:\Users\mafaa\.m2\repository\com\vladsch\flexmark\flexmark-ext-enumerated-reference\0.34.30\flexmark-ext-enumerated-reference-0.34.30.jar;C:\Users\mafaa\.m2\repository\com\vladsch\flexmark\flexmark-ext-escaped-character\0.34.30\flexmark-ext-escaped-character-0.34.30.jar;C:\Users\mafaa\.m2\repository\com\vladsch\flexmark\flexmark-ext-footnotes\0.34.30\flexmark-ext-footnotes-0.34.30.jar;C:\Users\mafaa\.m2\repository\com\vladsch\flexmark\flexmark-ext-gfm-issues\0.34.30\flexmark-ext-gfm-issues-0.34.30.jar;C:\Users\mafaa\.m2\repository\com\vladsch\flexmark\flexmark-ext-gfm-strikethrough\0.34.30\flexmark-ext-gfm-strikethrough-0.34.30.jar;C:\Users\mafaa\.m2\repository\com\vladsch\flexmark\flexmark-ext-gfm-tables\0.34.30\flexmark-ext-gfm-tables-0.34.30.jar;C:\Users\mafaa\.m2\repository\com\vladsch\flexmark\flexmark-ext-gfm-tasklist\0.34.30\flexmark-ext-gfm-tasklist-0.34.30.jar;C:\Users\mafaa\.m2\repository\com\vladsch\flexmark\flexmark-ext-gfm-users\0.34.30\flexmark-ext-gfm-users-0.34.30.jar;C:\Users\mafaa\.m2\repository\com\vladsch\flexmark\flexmark-ext-gitlab\0.34.30\flexmark-ext-gitlab-0.34.30.jar;C:\Users\mafaa\.m2\repository\com\vladsch\flexmark\flexmark-ext-jekyll-front-matter\0.34.30\flexmark-ext-jekyll-front-matter-0.34.30.jar;C:\Users\mafaa\.m2\repository\com\vladsch\flexmark\flexmark-ext-jekyll-tag\0.34.30\flexmark-ext-jekyll-tag-0.34.30.jar;C:\Users\mafaa\.m2\repository\com\vladsch\flexmark\flexmark-ext-media-tags\0.34.30\flexmark-ext-media-tags-0.34.30.jar;C:\Users\mafaa\.m2\repository\com\vladsch\flexmark\flexmark-test-util\0.34.30\flexmark-test-util-0.34.30.jar;C:\Users\mafaa\.m2\repository\com\vladsch\flexmark\flexmark-ext-ins\0.34.30\flexmark-ext-ins-0.34.30.jar;C:\Users\mafaa\.m2\repository\com\vladsch\flexmark\flexmark-ext-xwiki-macros\0.34.30\flexmark-ext-xwiki-macros-0.34.30.jar;C:\Users\mafaa\.m2\repository\com\vladsch\flexmark\flexmark-ext-superscript\0.34.30\flexmark-ext-superscript-0.34.30.jar;C:\Users\mafaa\.m2\repository\com\vladsch\flexmark\flexmark-ext-tables\0.34.30\flexmark-ext-tables-0.34.30.jar;C:\Users\mafaa\.m2\repository\com\vladsch\flexmark\flexmark-ext-toc\0.34.30\flexmark-ext-toc-0.34.30.jar;C:\Users\mafaa\.m2\repository\com\vladsch\flexmark\flexmark-ext-typographic\0.34.30\flexmark-ext-typographic-0.34.30.jar;C:\Users\mafaa\.m2\repository\com\vladsch\flexmark\flexmark-ext-wikilink\0.34.30\flexmark-ext-wikilink-0.34.30.jar;C:\Users\mafaa\.m2\repository\com\vladsch\flexmark\flexmark-ext-yaml-front-matter\0.34.30\flexmark-ext-yaml-front-matter-0.34.30.jar;C:\Users\mafaa\.m2\repository\com\vladsch\flexmark\flexmark-ext-youtube-embedded\0.34.30\flexmark-ext-youtube-embedded-0.34.30.jar;C:\Users\mafaa\.m2\repository\com\vladsch\flexmark\flexmark-formatter\0.34.30\flexmark-formatter-0.34.30.jar;C:\Users\mafaa\.m2\repository\com\vladsch\flexmark\flexmark-html-parser\0.34.30\flexmark-html-parser-0.34.30.jar;C:\Users\mafaa\.m2\repository\com\vladsch\flexmark\flexmark-jira-converter\0.34.30\flexmark-jira-converter-0.34.30.jar;C:\Users\mafaa\.m2\repository\com\vladsch\flexmark\flexmark-pdf-converter\0.34.30\flexmark-pdf-converter-0.34.30.jar;C:\Users\mafaa\.m2\repository\com\openhtmltopdf\openhtmltopdf-core\0.0.1-RC13\openhtmltopdf-core-0.0.1-RC13.jar;C:\Users\mafaa\.m2\repository\com\openhtmltopdf\openhtmltopdf-pdfbox\0.0.1-RC13\openhtmltopdf-pdfbox-0.0.1-RC13.jar;C:\Users\mafaa\.m2\repository\org\apache\pdfbox\pdfbox\2.0.8\pdfbox-2.0.8.jar;C:\Users\mafaa\.m2\repository\org\apache\pdfbox\fontbox\2.0.8\fontbox-2.0.8.jar;C:\Users\mafaa\.m2\repository\org\apache\pdfbox\xmpbox\2.0.8\xmpbox-2.0.8.jar;C:\Users\mafaa\.m2\repository\de\rototor\pdfbox\graphics2d\0.12\graphics2d-0.12.jar;C:\Users\mafaa\.m2\repository\com\openhtmltopdf\openhtmltopdf-rtl-support\0.0.1-RC13\openhtmltopdf-rtl-support-0.0.1-RC13.jar;C:\Users\mafaa\.m2\repository\com\ibm\icu\icu4j\59.1\icu4j-59.1.jar;C:\Users\mafaa\.m2\repository\com\openhtmltopdf\openhtmltopdf-jsoup-dom-converter\0.0.1-RC13\openhtmltopdf-jsoup-dom-converter-0.0.1-RC13.jar;C:\Users\mafaa\.m2\repository\com\vladsch\flexmark\flexmark-profile-pegdown\0.34.30\flexmark-profile-pegdown-0.34.30.jar;C:\Users\mafaa\.m2\repository\com\vladsch\flexmark\flexmark-util\0.34.30\flexmark-util-0.34.30.jar;C:\Users\mafaa\.m2\repository\com\vladsch\flexmark\flexmark-youtrack-converter\0.34.30\flexmark-youtrack-converter-0.34.30.jar;C:\Users\mafaa\.m2\repository\es\nitaur\markdown\txtmark\0.16\txtmark-0.16.jar;C:\Users\mafaa\.m2\repository\net\serenity-bdd\serenity-report-resources\2.4.51\serenity-report-resources-2.4.51.jar;C:\Users\mafaa\.m2\repository\com\google\code\gson\gson\2.8.7\gson-2.8.7.jar;C:\Users\mafaa\.m2\repository\com\fasterxml\jackson\core\jackson-core\2.12.4\jackson-core-2.12.4.jar;C:\Users\mafaa\.m2\repository\com\fasterxml\jackson\core\jackson-databind\2.12.4\jackson-databind-2.12.4.jar;C:\Users\mafaa\.m2\repository\com\fasterxml\jackson\core\jackson-annotations\2.12.4\jackson-annotations-2.12.4.jar;C:\Users\mafaa\.m2\repository\commons-codec\commons-codec\1.15\commons-codec-1.15.jar;C:\Users\mafaa\.m2\repository\commons-io\commons-io\2.8.0\commons-io-2.8.0.jar;C:\Users\mafaa\.m2\repository\org\seleniumhq\selenium\selenium-server\3.141.59\selenium-server-3.141.59.jar;C:\Users\mafaa\.m2\repository\org\seleniumhq\selenium\selenium-opera-driver\3.141.59\selenium-opera-driver-3.141.59.jar;C:\Users\mafaa\.m2\repository\org\seleniumhq\selenium\selenium-remote-driver\3.141.59\selenium-remote-driver-3.141.59.jar;C:\Users\mafaa\.m2\repository\org\seleniumhq\selenium\selenium-safari-driver\3.141.59\selenium-safari-driver-3.141.59.jar;C:\Users\mafaa\.m2\repository\com\beust\jcommander\1.72\jcommander-1.72.jar;C:\Users\mafaa\.m2\repository\org\apache\commons\commons-exec\1.3\commons-exec-1.3.jar;C:\Users\mafaa\.m2\repository\net\jcip\jcip-annotations\1.0\jcip-annotations-1.0.jar;C:\Users\mafaa\.m2\repository\org\seleniumhq\selenium\jetty-repacked\9.4.12.v20180830\jetty-repacked-9.4.12.v20180830.jar;C:\Users\mafaa\.m2\repository\com\squareup\okhttp3\okhttp\3.11.0\okhttp-3.11.0.jar;C:\Users\mafaa\.m2\repository\com\squareup\okio\okio\1.14.0\okio-1.14.0.jar;C:\Users\mafaa\.m2\repository\javax\servlet\javax.servlet-api\3.1.0\javax.servlet-api-3.1.0.jar;C:\Users\mafaa\.m2\repository\org\yaml\snakeyaml\1.19\snakeyaml-1.19.jar;C:\Users\mafaa\.m2\repository\org\seleniumhq\selenium\selenium-java\3.141.59\selenium-java-3.141.59.jar;C:\Users\mafaa\.m2\repository\org\seleniumhq\selenium\selenium-api\3.141.59\selenium-api-3.141.59.jar;C:\Users\mafaa\.m2\repository\org\seleniumhq\selenium\selenium-support\3.141.59\selenium-support-3.141.59.jar;C:\Users\mafaa\.m2\repository\org\seleniumhq\selenium\selenium-chrome-driver\3.141.59\selenium-chrome-driver-3.141.59.jar;C:\Users\mafaa\.m2\repository\org\seleniumhq\selenium\selenium-firefox-driver\3.141.59\selenium-firefox-driver-3.141.59.jar;C:\Users\mafaa\.m2\repository\org\seleniumhq\selenium\selenium-edge-driver\3.141.59\selenium-edge-driver-3.141.59.jar;C:\Users\mafaa\.m2\repository\org\seleniumhq\selenium\selenium-ie-driver\3.141.59\selenium-ie-driver-3.141.59.jar;C:\Users\mafaa\.m2\repository\net\sourceforge\htmlunit\htmlunit\2.47.1\htmlunit-2.47.1.jar;C:\Users\mafaa\.m2\repository\xalan\xalan\2.7.2\xalan-2.7.2.jar;C:\Users\mafaa\.m2\repository\xalan\serializer\2.7.2\serializer-2.7.2.jar;C:\Users\mafaa\.m2\repository\net\sourceforge\htmlunit\htmlunit-core-js\2.47.0\htmlunit-core-js-2.47.0.jar;C:\Users\mafaa\.m2\repository\net\sourceforge\htmlunit\neko-htmlunit\2.47.1\neko-htmlunit-2.47.1.jar;C:\Users\mafaa\.m2\repository\xerces\xercesImpl\2.12.0\xercesImpl-2.12.0.jar;C:\Users\mafaa\.m2\repository\xml-apis\xml-apis\1.4.01\xml-apis-1.4.01.jar;C:\Users\mafaa\.m2\repository\net\sourceforge\htmlunit\htmlunit-cssparser\1.7.0\htmlunit-cssparser-1.7.0.jar;C:\Users\mafaa\.m2\repository\org\brotli\dec\0.1.2\dec-0.1.2.jar;C:\Users\mafaa\.m2\repository\com\shapesecurity\salvation2\3.0.0\salvation2-3.0.0.jar;C:\Users\mafaa\.m2\repository\org\eclipse\jetty\websocket\websocket-client\9.4.36.v20210114\websocket-client-9.4.36.v20210114.jar;C:\Users\mafaa\.m2\repository\org\eclipse\jetty\jetty-client\9.4.36.v20210114\jetty-client-9.4.36.v20210114.jar;C:\Users\mafaa\.m2\repository\org\eclipse\jetty\jetty-http\9.4.36.v20210114\jetty-http-9.4.36.v20210114.jar;C:\Users\mafaa\.m2\repository\org\eclipse\jetty\jetty-util\9.4.36.v20210114\jetty-util-9.4.36.v20210114.jar;C:\Users\mafaa\.m2\repository\org\eclipse\jetty\jetty-io\9.4.36.v20210114\jetty-io-9.4.36.v20210114.jar;C:\Users\mafaa\.m2\repository\org\eclipse\jetty\websocket\websocket-common\9.4.36.v20210114\websocket-common-9.4.36.v20210114.jar;C:\Users\mafaa\.m2\repository\org\eclipse\jetty\websocket\websocket-api\9.4.36.v20210114\websocket-api-9.4.36.v20210114.jar;C:\Users\mafaa\.m2\repository\org\projectlombok\lombok\1.18.20\lombok-1.18.20.jar;C:\Users\mafaa\.m2\repository\org\seleniumhq\selenium\htmlunit-driver\2.47.1\htmlunit-driver-2.47.1.jar;C:\Users\mafaa\.m2\repository\com\codeborne\phantomjsdriver\1.4.4\phantomjsdriver-1.4.4.jar;C:\Users\mafaa\.m2\repository\io\appium\java-client\7.5.1\java-client-7.5.1.jar;C:\Users\mafaa\.m2\repository\commons-validator\commons-validator\1.7\commons-validator-1.7.jar;C:\Users\mafaa\.m2\repository\commons-digester\commons-digester\2.1\commons-digester-2.1.jar;C:\Users\mafaa\.m2\repository\org\aspectj\aspectjweaver\1.9.6\aspectjweaver-1.9.6.jar;C:\Users\mafaa\.m2\repository\net\sf\opencsv\opencsv\2.0\opencsv-2.0.jar;C:\Users\mafaa\.m2\repository\commons-beanutils\commons-beanutils\1.9.4\commons-beanutils-1.9.4.jar;C:\Users\mafaa\.m2\repository\org\apache\commons\commons-lang3\3.11\commons-lang3-3.11.jar;C:\Users\mafaa\.m2\repository\commons-collections\commons-collections\3.2.2\commons-collections-3.2.2.jar;C:\Users\mafaa\.m2\repository\org\fluentlenium\fluentlenium-core\0.10.2\fluentlenium-core-0.10.2.jar;C:\Users\mafaa\.m2\repository\io\github\bonigarcia\webdrivermanager\4.4.1\webdrivermanager-4.4.1.jar;C:\Users\mafaa\.m2\repository\org\apache\httpcomponents\client5\httpclient5\5.0.3\httpclient5-5.0.3.jar;C:\Users\mafaa\.m2\repository\org\apache\httpcomponents\core5\httpcore5\5.0.2\httpcore5-5.0.2.jar;C:\Users\mafaa\.m2\repository\org\apache\httpcomponents\core5\httpcore5-h2\5.0.2\httpcore5-h2-5.0.2.jar;C:\Users\mafaa\.m2\repository\org\rauschig\jarchivelib\1.1.0\jarchivelib-1.1.0.jar;C:\Users\mafaa\.m2\repository\org\apache\commons\commons-compress\1.20\commons-compress-1.20.jar;C:\Users\mafaa\.m2\repository\com\jhlabs\filters\2.0.235\filters-2.0.235.jar;C:\Users\mafaa\.m2\repository\com\paulhammant\ngwebdriver\1.1.5\ngwebdriver-1.1.5.jar;C:\Users\mafaa\.m2\repository\joda-time\joda-time\2.8.2\joda-time-2.8.2.jar;C:\Users\mafaa\.m2\repository\com\google\jimfs\jimfs\1.1\jimfs-1.1.jar;C:\Users\mafaa\.m2\repository\org\mockito\mockito-core\3.3.3\mockito-core-3.3.3.jar;C:\Users\mafaa\.m2\repository\javax\xml\bind\jaxb-api\2.3.1\jaxb-api-2.3.1.jar;C:\Users\mafaa\.m2\repository\javax\activation\javax.activation-api\1.2.0\javax.activation-api-1.2.0.jar;C:\Users\mafaa\.m2\repository\com\sun\xml\bind\jaxb-core\2.3.0.1\jaxb-core-2.3.0.1.jar;C:\Users\mafaa\.m2\repository\com\sun\xml\bind\jaxb-impl\2.3.3\jaxb-impl-2.3.3.jar;C:\Users\mafaa\.m2\repository\com\sun\activation\jakarta.activation\1.2.2\jakarta.activation-1.2.2.jar;C:\Users\mafaa\.m2\repository\javax\activation\activation\1.1.1\activation-1.1.1.jar;C:\Users\mafaa\.m2\repository\net\serenity-bdd\serenity-junit\2.4.51\serenity-junit-2.4.51.jar;C:\Users\mafaa\.m2\repository\net\serenity-bdd\serenity-rest-assured\2.4.51\serenity-rest-assured-2.4.51.jar;C:\Users\mafaa\.m2\repository\org\codehaus\groovy\groovy-json\3.0.8\groovy-json-3.0.8.jar;C:\Users\mafaa\.m2\repository\org\opentest4j\opentest4j\1.2.0\opentest4j-1.2.0.jar;C:\Users\mafaa\.m2\repository\net\serenity-bdd\serenity-screenplay\2.4.51\serenity-screenplay-2.4.51.jar;C:\Users\mafaa\.m2\repository\net\serenity-bdd\serenity-screenplay-rest\2.4.51\serenity-screenplay-rest-2.4.51.jar;C:\Users\mafaa\.m2\repository\net\serenity-bdd\serenity-cucumber6\2.4.51\serenity-cucumber6-2.4.51.jar;C:\Users\mafaa\.m2\repository\net\serenity-bdd\serenity-screenplay-webdriver\2.4.51\serenity-screenplay-webdriver-2.4.51.jar;C:\Users\mafaa\.m2\repository\io\cucumber\cucumber-java\6.10.4\cucumber-java-6.10.4.jar;C:\Users\mafaa\.m2\repository\org\apiguardian\apiguardian-api\1.1.1\apiguardian-api-1.1.1.jar;C:\Users\mafaa\.m2\repository\io\cucumber\cucumber-junit\6.10.4\cucumber-junit-6.10.4.jar;C:\Users\mafaa\.m2\repository\io\cucumber\datatable-matchers\3.4.0\datatable-matchers-3.4.0.jar;C:\Users\mafaa\.m2\repository\io\cucumber\datatable\3.4.0\datatable-3.4.0.jar;C:\Users\mafaa\.m2\repository\commons-logging\commons-logging\1.2\commons-logging-1.2.jar;C:\Users\mafaa\.m2\repository\org\apache\commons\commons-csv\1.5\commons-csv-1.5.jar;C:\Users\mafaa\.m2\repository\io\rest-assured\rest-assured\4.3.2\rest-assured-4.3.2.jar;C:\Users\mafaa\.m2\repository\org\apache\httpcomponents\httpclient\4.5.3\httpclient-4.5.3.jar;C:\Users\mafaa\.m2\repository\org\apache\httpcomponents\httpcore\4.4.6\httpcore-4.4.6.jar;C:\Users\mafaa\.m2\repository\org\apache\httpcomponents\httpmime\4.5.3\httpmime-4.5.3.jar;C:\Users\mafaa\.m2\repository\org\ccil\cowan\tagsoup\tagsoup\1.2.1\tagsoup-1.2.1.jar;C:\Users\mafaa\.m2\repository\io\rest-assured\json-path\4.3.3\json-path-4.3.3.jar;C:\Users\mafaa\.m2\repository\io\rest-assured\rest-assured-common\4.3.3\rest-assured-common-4.3.3.jar;C:\Users\mafaa\.m2\repository\io\rest-assured\xml-path\4.3.3\xml-path-4.3.3.jar;C:\Users\mafaa\.m2\repository\jakarta\xml\bind\jakarta.xml.bind-api\2.3.3\jakarta.xml.bind-api-2.3.3.jar;C:\Users\mafaa\.m2\repository\jakarta\activation\jakarta.activation-api\1.2.2\jakarta.activation-api-1.2.2.jar;C:\Users\mafaa\.m2\repository\org\codehaus\groovy\groovy\3.0.6\groovy-3.0.6.jar;C:\Users\mafaa\.m2\repository\org\codehaus\groovy\groovy-xml\3.0.6\groovy-xml-3.0.6.jar;C:\Users\mafaa\.m2\repository\junit\junit\4.13.1\junit-4.13.1.jar;C:\Users\mafaa\.m2\repository\org\hamcrest\hamcrest-core\1.3\hamcrest-core-1.3.jar;C:\Users\mafaa\.m2\repository\org\assertj\assertj-core\3.6.2\assertj-core-3.6.2.jar;C:\Users\mafaa\.m2\repository\org\hamcrest\hamcrest\2.2\hamcrest-2.2.jar;C:\Users\mafaa\.m2\repository\io\rest-assured\json-schema-validator\5.2.0\json-schema-validator-5.2.0.jar;C:\Users\mafaa\.m2\repository\com\github\java-json-tools\json-schema-validator\2.2.14\json-schema-validator-2.2.14.jar;C:\Users\mafaa\.m2\repository\com\github\java-json-tools\jackson-coreutils-equivalence\1.0\jackson-coreutils-equivalence-1.0.jar;C:\Users\mafaa\.m2\repository\com\github\java-json-tools\jackson-coreutils\2.0\jackson-coreutils-2.0.jar;C:\Users\mafaa\.m2\repository\com\github\java-json-tools\msg-simple\1.2\msg-simple-1.2.jar;C:\Users\mafaa\.m2\repository\com\github\java-json-tools\btf\1.3\btf-1.3.jar;C:\Users\mafaa\.m2\repository\com\github\java-json-tools\json-schema-core\1.2.14\json-schema-core-1.2.14.jar;C:\Users\mafaa\.m2\repository\com\github\java-json-tools\uri-template\0.10\uri-template-0.10.jar;C:\Users\mafaa\.m2\repository\org\mozilla\rhino\1.7.7.2\rhino-1.7.7.2.jar;C:\Users\mafaa\.m2\repository\com\sun\mail\mailapi\1.6.2\mailapi-1.6.2.jar;C:\Users\mafaa\.m2\repository\com\googlecode\libphonenumber\libphonenumber\8.11.1\libphonenumber-8.11.1.jar;C:\Users\mafaa\.m2\repository\com\google\code\findbugs\jsr305\3.0.2\jsr305-3.0.2.jar;C:\Users\mafaa\.m2\repository\net\sf\jopt-simple\jopt-simple\5.0.4\jopt-simple-5.0.4.jar;"/>
    <property name="java.vm.vendor" value="Oracle Corporation"/>
    <property name="sun.arch.data.model" value="64"/>
    <property name="user.variant" value=""/>
    <property name="java.vendor.url" value="http://java.oracle.com/"/>
    <property name="user.timezone" value="Asia/Bangkok"/>
    <property name="java.vm.specification.version" value="1.8"/>
    <property name="os.name" value="Windows 11"/>
    <property name="user.country" value="ID"/>
    <property name="sun.java.launcher" value="SUN_STANDARD"/>
    <property name="sun.boot.library.path" value="C:\Program Files\Java\jdk1.8.0_351\jre\bin"/>
    <property name="sun.java.command" value="C:\Users\mafaa\AppData\Local\Temp\surefire8686334081090105204\surefirebooter7404650343799480882.jar C:\Users\mafaa\AppData\Local\Temp\surefire8686334081090105204 2023-04-06T09-13-57_274-jvmRun1 surefire9003080789591217728tmp surefire_04249820826215126723tmp"/>
    <property name="surefire.test.class.path" value="D:\Alterra\Automation\API\MusicLab-QE-APITesting\target\test-classes;D:\Alterra\Automation\API\MusicLab-QE-APITesting\target\CapstoneProject-1.0.0-SNAPSHOT.jar;C:\Users\mafaa\.m2\repository\ch\qos\logback\logback-classic\1.2.3\logback-classic-1.2.3.jar;C:\Users\mafaa\.m2\repository\ch\qos\logback\logback-core\1.2.3\logback-core-1.2.3.jar;C:\Users\mafaa\.m2\repository\org\slf4j\slf4j-api\1.7.25\slf4j-api-1.7.25.jar;C:\Users\mafaa\.m2\repository\net\serenity-bdd\serenity-core\2.4.51\serenity-core-2.4.51.jar;C:\Users\mafaa\.m2\repository\net\serenity-bdd\serenity-model\2.4.51\serenity-model-2.4.51.jar;C:\Users\mafaa\.m2\repository\org\apache\commons\commons-text\1.9\commons-text-1.9.jar;C:\Users\mafaa\.m2\repository\commons-net\commons-net\3.6\commons-net-3.6.jar;C:\Users\mafaa\.m2\repository\com\google\guava\guava\30.1-jre\guava-30.1-jre.jar;C:\Users\mafaa\.m2\repository\com\google\guava\failureaccess\1.0.1\failureaccess-1.0.1.jar;C:\Users\mafaa\.m2\repository\com\google\guava\listenablefuture\9999.0-empty-to-avoid-conflict-with-guava\listenablefuture-9999.0-empty-to-avoid-conflict-with-guava.jar;C:\Users\mafaa\.m2\repository\org\checkerframework\checker-qual\3.5.0\checker-qual-3.5.0.jar;C:\Users\mafaa\.m2\repository\com\google\errorprone\error_prone_annotations\2.3.4\error_prone_annotations-2.3.4.jar;C:\Users\mafaa\.m2\repository\com\google\j2objc\j2objc-annotations\1.3\j2objc-annotations-1.3.jar;C:\Users\mafaa\.m2\repository\com\google\inject\guice\5.0.1\guice-5.0.1.jar;C:\Users\mafaa\.m2\repository\javax\inject\javax.inject\1\javax.inject-1.jar;C:\Users\mafaa\.m2\repository\aopalliance\aopalliance\1.0\aopalliance-1.0.jar;C:\Users\mafaa\.m2\repository\org\jsoup\jsoup\1.13.1\jsoup-1.13.1.jar;C:\Users\mafaa\.m2\repository\com\thoughtworks\xstream\xstream\1.4.17\xstream-1.4.17.jar;C:\Users\mafaa\.m2\repository\io\github\x-stream\mxparser\1.2.1\mxparser-1.2.1.jar;C:\Users\mafaa\.m2\repository\xmlpull\xmlpull\1.1.3.1\xmlpull-1.1.3.1.jar;C:\Users\mafaa\.m2\repository\io\cucumber\cucumber-core\6.10.2\cucumber-core-6.10.2.jar;C:\Users\mafaa\.m2\repository\io\cucumber\cucumber-gherkin\6.10.2\cucumber-gherkin-6.10.2.jar;C:\Users\mafaa\.m2\repository\io\cucumber\cucumber-gherkin-messages\6.10.2\cucumber-gherkin-messages-6.10.2.jar;C:\Users\mafaa\.m2\repository\io\cucumber\messages\14.0.1\messages-14.0.1.jar;C:\Users\mafaa\.m2\repository\io\cucumber\tag-expressions\3.0.0\tag-expressions-3.0.0.jar;C:\Users\mafaa\.m2\repository\io\cucumber\cucumber-expressions\10.3.0\cucumber-expressions-10.3.0.jar;C:\Users\mafaa\.m2\repository\io\cucumber\cucumber-plugin\6.10.2\cucumber-plugin-6.10.2.jar;C:\Users\mafaa\.m2\repository\io\cucumber\docstring\6.10.2\docstring-6.10.2.jar;C:\Users\mafaa\.m2\repository\io\cucumber\html-formatter\12.0.0\html-formatter-12.0.0.jar;C:\Users\mafaa\.m2\repository\io\cucumber\create-meta\3.0.0\create-meta-3.0.0.jar;C:\Users\mafaa\.m2\repository\com\typesafe\config\1.3.1\config-1.3.1.jar;C:\Users\mafaa\.m2\repository\org\imgscalr\imgscalr-lib\4.2\imgscalr-lib-4.2.jar;C:\Users\mafaa\.m2\repository\org\awaitility\awaitility\4.0.3\awaitility-4.0.3.jar;C:\Users\mafaa\.m2\repository\org\freemarker\freemarker\2.3.29\freemarker-2.3.29.jar;C:\Users\mafaa\.m2\repository\net\sourceforge\jexcelapi\jxl\2.6.12\jxl-2.6.12.jar;C:\Users\mafaa\.m2\repository\org\asciidoctor\asciidoctorj\2.5.1\asciidoctorj-2.5.1.jar;C:\Users\mafaa\.m2\repository\org\asciidoctor\asciidoctorj-api\2.5.1\asciidoctorj-api-2.5.1.jar;C:\Users\mafaa\.m2\repository\org\jruby\jruby\9.2.17.0\jruby-9.2.17.0.jar;C:\Users\mafaa\.m2\repository\org\jruby\jruby-core\9.2.17.0\jruby-core-9.2.17.0.jar;C:\Users\mafaa\.m2\repository\com\github\jnr\jnr-netdb\1.2.0\jnr-netdb-1.2.0.jar;C:\Users\mafaa\.m2\repository\com\github\jnr\jnr-enxio\0.32.3\jnr-enxio-0.32.3.jar;C:\Users\mafaa\.m2\repository\com\github\jnr\jnr-unixsocket\0.38.5\jnr-unixsocket-0.38.5.jar;C:\Users\mafaa\.m2\repository\com\github\jnr\jnr-posix\3.1.4\jnr-posix-3.1.4.jar;C:\Users\mafaa\.m2\repository\com\github\jnr\jnr-constants\0.10.1\jnr-constants-0.10.1.jar;C:\Users\mafaa\.m2\repository\com\github\jnr\jffi\1.3.1\jffi-1.3.1.jar;C:\Users\mafaa\.m2\repository\com\github\jnr\jffi\1.3.1\jffi-1.3.1-native.jar;C:\Users\mafaa\.m2\repository\org\jruby\joni\joni\2.1.31\joni-2.1.31.jar;C:\Users\mafaa\.m2\repository\org\jruby\jcodings\jcodings\1.0.46\jcodings-1.0.46.jar;C:\Users\mafaa\.m2\repository\org\jruby\dirgra\0.3\dirgra-0.3.jar;C:\Users\mafaa\.m2\repository\com\headius\invokebinder\1.11\invokebinder-1.11.jar;C:\Users\mafaa\.m2\repository\com\headius\options\1.4\options-1.4.jar;C:\Users\mafaa\.m2\repository\com\jcraft\jzlib\1.1.3\jzlib-1.1.3.jar;C:\Users\mafaa\.m2\repository\com\martiansoftware\nailgun-server\0.9.1\nailgun-server-0.9.1.jar;C:\Users\mafaa\.m2\repository\com\headius\backport9\1.8\backport9-1.8.jar;C:\Users\mafaa\.m2\repository\javax\annotation\javax.annotation-api\1.3.1\javax.annotation-api-1.3.1.jar;C:\Users\mafaa\.m2\repository\org\jruby\jruby-stdlib\9.2.17.0\jruby-stdlib-9.2.17.0.jar;C:\Users\mafaa\.m2\repository\net\bytebuddy\byte-buddy\1.11.1\byte-buddy-1.11.1.jar;C:\Users\mafaa\.m2\repository\net\bytebuddy\byte-buddy-agent\1.11.1\byte-buddy-agent-1.11.1.jar;C:\Users\mafaa\.m2\repository\org\objenesis\objenesis\3.1\objenesis-3.1.jar;C:\Users\mafaa\.m2\repository\net\serenity-bdd\serenity-reports\2.4.51\serenity-reports-2.4.51.jar;C:\Users\mafaa\.m2\repository\net\serenity-bdd\serenity-stats\2.4.51\serenity-stats-2.4.51.jar;C:\Users\mafaa\.m2\repository\org\jetbrains\kotlin\kotlin-stdlib\1.5.0\kotlin-stdlib-1.5.0.jar;C:\Users\mafaa\.m2\repository\org\jetbrains\annotations\13.0\annotations-13.0.jar;C:\Users\mafaa\.m2\repository\org\jetbrains\kotlin\kotlin-stdlib-common\1.5.0\kotlin-stdlib-common-1.5.0.jar;C:\Users\mafaa\.m2\repository\net\serenity-bdd\serenity-reports-configuration\2.4.51\serenity-reports-configuration-2.4.51.jar;C:\Users\mafaa\.m2\repository\com\vladsch\flexmark\flexmark-all\0.34.30\flexmark-all-0.34.30.jar;C:\Users\mafaa\.m2\repository\com\vladsch\flexmark\flexmark\0.34.30\flexmark-0.34.30.jar;C:\Users\mafaa\.m2\repository\com\vladsch\flexmark\flexmark-ext-abbreviation\0.34.30\flexmark-ext-abbreviation-0.34.30.jar;C:\Users\mafaa\.m2\repository\com\vladsch\flexmark\flexmark-ext-admonition\0.34.30\flexmark-ext-admonition-0.34.30.jar;C:\Users\mafaa\.m2\repository\com\vladsch\flexmark\flexmark-ext-anchorlink\0.34.30\flexmark-ext-anchorlink-0.34.30.jar;C:\Users\mafaa\.m2\repository\com\vladsch\flexmark\flexmark-ext-aside\0.34.30\flexmark-ext-aside-0.34.30.jar;C:\Users\mafaa\.m2\repository\com\vladsch\flexmark\flexmark-ext-attributes\0.34.30\flexmark-ext-attributes-0.34.30.jar;C:\Users\mafaa\.m2\repository\com\vladsch\flexmark\flexmark-ext-autolink\0.34.30\flexmark-ext-autolink-0.34.30.jar;C:\Users\mafaa\.m2\repository\org\nibor\autolink\autolink\0.6.0\autolink-0.6.0.jar;C:\Users\mafaa\.m2\repository\com\vladsch\flexmark\flexmark-ext-definition\0.34.30\flexmark-ext-definition-0.34.30.jar;C:\Users\mafaa\.m2\repository\com\vladsch\flexmark\flexmark-ext-emoji\0.34.30\flexmark-ext-emoji-0.34.30.jar;C:\Users\mafaa\.m2\repository\com\vladsch\flexmark\flexmark-ext-enumerated-reference\0.34.30\flexmark-ext-enumerated-reference-0.34.30.jar;C:\Users\mafaa\.m2\repository\com\vladsch\flexmark\flexmark-ext-escaped-character\0.34.30\flexmark-ext-escaped-character-0.34.30.jar;C:\Users\mafaa\.m2\repository\com\vladsch\flexmark\flexmark-ext-footnotes\0.34.30\flexmark-ext-footnotes-0.34.30.jar;C:\Users\mafaa\.m2\repository\com\vladsch\flexmark\flexmark-ext-gfm-issues\0.34.30\flexmark-ext-gfm-issues-0.34.30.jar;C:\Users\mafaa\.m2\repository\com\vladsch\flexmark\flexmark-ext-gfm-strikethrough\0.34.30\flexmark-ext-gfm-strikethrough-0.34.30.jar;C:\Users\mafaa\.m2\repository\com\vladsch\flexmark\flexmark-ext-gfm-tables\0.34.30\flexmark-ext-gfm-tables-0.34.30.jar;C:\Users\mafaa\.m2\repository\com\vladsch\flexmark\flexmark-ext-gfm-tasklist\0.34.30\flexmark-ext-gfm-tasklist-0.34.30.jar;C:\Users\mafaa\.m2\repository\com\vladsch\flexmark\flexmark-ext-gfm-users\0.34.30\flexmark-ext-gfm-users-0.34.30.jar;C:\Users\mafaa\.m2\repository\com\vladsch\flexmark\flexmark-ext-gitlab\0.34.30\flexmark-ext-gitlab-0.34.30.jar;C:\Users\mafaa\.m2\repository\com\vladsch\flexmark\flexmark-ext-jekyll-front-matter\0.34.30\flexmark-ext-jekyll-front-matter-0.34.30.jar;C:\Users\mafaa\.m2\repository\com\vladsch\flexmark\flexmark-ext-jekyll-tag\0.34.30\flexmark-ext-jekyll-tag-0.34.30.jar;C:\Users\mafaa\.m2\repository\com\vladsch\flexmark\flexmark-ext-media-tags\0.34.30\flexmark-ext-media-tags-0.34.30.jar;C:\Users\mafaa\.m2\repository\com\vladsch\flexmark\flexmark-test-util\0.34.30\flexmark-test-util-0.34.30.jar;C:\Users\mafaa\.m2\repository\com\vladsch\flexmark\flexmark-ext-ins\0.34.30\flexmark-ext-ins-0.34.30.jar;C:\Users\mafaa\.m2\repository\com\vladsch\flexmark\flexmark-ext-xwiki-macros\0.34.30\flexmark-ext-xwiki-macros-0.34.30.jar;C:\Users\mafaa\.m2\repository\com\vladsch\flexmark\flexmark-ext-superscript\0.34.30\flexmark-ext-superscript-0.34.30.jar;C:\Users\mafaa\.m2\repository\com\vladsch\flexmark\flexmark-ext-tables\0.34.30\flexmark-ext-tables-0.34.30.jar;C:\Users\mafaa\.m2\repository\com\vladsch\flexmark\flexmark-ext-toc\0.34.30\flexmark-ext-toc-0.34.30.jar;C:\Users\mafaa\.m2\repository\com\vladsch\flexmark\flexmark-ext-typographic\0.34.30\flexmark-ext-typographic-0.34.30.jar;C:\Users\mafaa\.m2\repository\com\vladsch\flexmark\flexmark-ext-wikilink\0.34.30\flexmark-ext-wikilink-0.34.30.jar;C:\Users\mafaa\.m2\repository\com\vladsch\flexmark\flexmark-ext-yaml-front-matter\0.34.30\flexmark-ext-yaml-front-matter-0.34.30.jar;C:\Users\mafaa\.m2\repository\com\vladsch\flexmark\flexmark-ext-youtube-embedded\0.34.30\flexmark-ext-youtube-embedded-0.34.30.jar;C:\Users\mafaa\.m2\repository\com\vladsch\flexmark\flexmark-formatter\0.34.30\flexmark-formatter-0.34.30.jar;C:\Users\mafaa\.m2\repository\com\vladsch\flexmark\flexmark-html-parser\0.34.30\flexmark-html-parser-0.34.30.jar;C:\Users\mafaa\.m2\repository\com\vladsch\flexmark\flexmark-jira-converter\0.34.30\flexmark-jira-converter-0.34.30.jar;C:\Users\mafaa\.m2\repository\com\vladsch\flexmark\flexmark-pdf-converter\0.34.30\flexmark-pdf-converter-0.34.30.jar;C:\Users\mafaa\.m2\repository\com\openhtmltopdf\openhtmltopdf-core\0.0.1-RC13\openhtmltopdf-core-0.0.1-RC13.jar;C:\Users\mafaa\.m2\repository\com\openhtmltopdf\openhtmltopdf-pdfbox\0.0.1-RC13\openhtmltopdf-pdfbox-0.0.1-RC13.jar;C:\Users\mafaa\.m2\repository\org\apache\pdfbox\pdfbox\2.0.8\pdfbox-2.0.8.jar;C:\Users\mafaa\.m2\repository\org\apache\pdfbox\fontbox\2.0.8\fontbox-2.0.8.jar;C:\Users\mafaa\.m2\repository\org\apache\pdfbox\xmpbox\2.0.8\xmpbox-2.0.8.jar;C:\Users\mafaa\.m2\repository\de\rototor\pdfbox\graphics2d\0.12\graphics2d-0.12.jar;C:\Users\mafaa\.m2\repository\com\openhtmltopdf\openhtmltopdf-rtl-support\0.0.1-RC13\openhtmltopdf-rtl-support-0.0.1-RC13.jar;C:\Users\mafaa\.m2\repository\com\ibm\icu\icu4j\59.1\icu4j-59.1.jar;C:\Users\mafaa\.m2\repository\com\openhtmltopdf\openhtmltopdf-jsoup-dom-converter\0.0.1-RC13\openhtmltopdf-jsoup-dom-converter-0.0.1-RC13.jar;C:\Users\mafaa\.m2\repository\com\vladsch\flexmark\flexmark-profile-pegdown\0.34.30\flexmark-profile-pegdown-0.34.30.jar;C:\Users\mafaa\.m2\repository\com\vladsch\flexmark\flexmark-util\0.34.30\flexmark-util-0.34.30.jar;C:\Users\mafaa\.m2\repository\com\vladsch\flexmark\flexmark-youtrack-converter\0.34.30\flexmark-youtrack-converter-0.34.30.jar;C:\Users\mafaa\.m2\repository\es\nitaur\markdown\txtmark\0.16\txtmark-0.16.jar;C:\Users\mafaa\.m2\repository\net\serenity-bdd\serenity-report-resources\2.4.51\serenity-report-resources-2.4.51.jar;C:\Users\mafaa\.m2\repository\com\google\code\gson\gson\2.8.7\gson-2.8.7.jar;C:\Users\mafaa\.m2\repository\com\fasterxml\jackson\core\jackson-core\2.12.4\jackson-core-2.12.4.jar;C:\Users\mafaa\.m2\repository\com\fasterxml\jackson\core\jackson-databind\2.12.4\jackson-databind-2.12.4.jar;C:\Users\mafaa\.m2\repository\com\fasterxml\jackson\core\jackson-annotations\2.12.4\jackson-annotations-2.12.4.jar;C:\Users\mafaa\.m2\repository\commons-codec\commons-codec\1.15\commons-codec-1.15.jar;C:\Users\mafaa\.m2\repository\commons-io\commons-io\2.8.0\commons-io-2.8.0.jar;C:\Users\mafaa\.m2\repository\org\seleniumhq\selenium\selenium-server\3.141.59\selenium-server-3.141.59.jar;C:\Users\mafaa\.m2\repository\org\seleniumhq\selenium\selenium-opera-driver\3.141.59\selenium-opera-driver-3.141.59.jar;C:\Users\mafaa\.m2\repository\org\seleniumhq\selenium\selenium-remote-driver\3.141.59\selenium-remote-driver-3.141.59.jar;C:\Users\mafaa\.m2\repository\org\seleniumhq\selenium\selenium-safari-driver\3.141.59\selenium-safari-driver-3.141.59.jar;C:\Users\mafaa\.m2\repository\com\beust\jcommander\1.72\jcommander-1.72.jar;C:\Users\mafaa\.m2\repository\org\apache\commons\commons-exec\1.3\commons-exec-1.3.jar;C:\Users\mafaa\.m2\repository\net\jcip\jcip-annotations\1.0\jcip-annotations-1.0.jar;C:\Users\mafaa\.m2\repository\org\seleniumhq\selenium\jetty-repacked\9.4.12.v20180830\jetty-repacked-9.4.12.v20180830.jar;C:\Users\mafaa\.m2\repository\com\squareup\okhttp3\okhttp\3.11.0\okhttp-3.11.0.jar;C:\Users\mafaa\.m2\repository\com\squareup\okio\okio\1.14.0\okio-1.14.0.jar;C:\Users\mafaa\.m2\repository\javax\servlet\javax.servlet-api\3.1.0\javax.servlet-api-3.1.0.jar;C:\Users\mafaa\.m2\repository\org\yaml\snakeyaml\1.19\snakeyaml-1.19.jar;C:\Users\mafaa\.m2\repository\org\seleniumhq\selenium\selenium-java\3.141.59\selenium-java-3.141.59.jar;C:\Users\mafaa\.m2\repository\org\seleniumhq\selenium\selenium-api\3.141.59\selenium-api-3.141.59.jar;C:\Users\mafaa\.m2\repository\org\seleniumhq\selenium\selenium-support\3.141.59\selenium-support-3.141.59.jar;C:\Users\mafaa\.m2\repository\org\seleniumhq\selenium\selenium-chrome-driver\3.141.59\selenium-chrome-driver-3.141.59.jar;C:\Users\mafaa\.m2\repository\org\seleniumhq\selenium\selenium-firefox-driver\3.141.59\selenium-firefox-driver-3.141.59.jar;C:\Users\mafaa\.m2\repository\org\seleniumhq\selenium\selenium-edge-driver\3.141.59\selenium-edge-driver-3.141.59.jar;C:\Users\mafaa\.m2\repository\org\seleniumhq\selenium\selenium-ie-driver\3.141.59\selenium-ie-driver-3.141.59.jar;C:\Users\mafaa\.m2\repository\net\sourceforge\htmlunit\htmlunit\2.47.1\htmlunit-2.47.1.jar;C:\Users\mafaa\.m2\repository\xalan\xalan\2.7.2\xalan-2.7.2.jar;C:\Users\mafaa\.m2\repository\xalan\serializer\2.7.2\serializer-2.7.2.jar;C:\Users\mafaa\.m2\repository\net\sourceforge\htmlunit\htmlunit-core-js\2.47.0\htmlunit-core-js-2.47.0.jar;C:\Users\mafaa\.m2\repository\net\sourceforge\htmlunit\neko-htmlunit\2.47.1\neko-htmlunit-2.47.1.jar;C:\Users\mafaa\.m2\repository\xerces\xercesImpl\2.12.0\xercesImpl-2.12.0.jar;C:\Users\mafaa\.m2\repository\xml-apis\xml-apis\1.4.01\xml-apis-1.4.01.jar;C:\Users\mafaa\.m2\repository\net\sourceforge\htmlunit\htmlunit-cssparser\1.7.0\htmlunit-cssparser-1.7.0.jar;C:\Users\mafaa\.m2\repository\org\brotli\dec\0.1.2\dec-0.1.2.jar;C:\Users\mafaa\.m2\repository\com\shapesecurity\salvation2\3.0.0\salvation2-3.0.0.jar;C:\Users\mafaa\.m2\repository\org\eclipse\jetty\websocket\websocket-client\9.4.36.v20210114\websocket-client-9.4.36.v20210114.jar;C:\Users\mafaa\.m2\repository\org\eclipse\jetty\jetty-client\9.4.36.v20210114\jetty-client-9.4.36.v20210114.jar;C:\Users\mafaa\.m2\repository\org\eclipse\jetty\jetty-http\9.4.36.v20210114\jetty-http-9.4.36.v20210114.jar;C:\Users\mafaa\.m2\repository\org\eclipse\jetty\jetty-util\9.4.36.v20210114\jetty-util-9.4.36.v20210114.jar;C:\Users\mafaa\.m2\repository\org\eclipse\jetty\jetty-io\9.4.36.v20210114\jetty-io-9.4.36.v20210114.jar;C:\Users\mafaa\.m2\repository\org\eclipse\jetty\websocket\websocket-common\9.4.36.v20210114\websocket-common-9.4.36.v20210114.jar;C:\Users\mafaa\.m2\repository\org\eclipse\jetty\websocket\websocket-api\9.4.36.v20210114\websocket-api-9.4.36.v20210114.jar;C:\Users\mafaa\.m2\repository\org\projectlombok\lombok\1.18.20\lombok-1.18.20.jar;C:\Users\mafaa\.m2\repository\org\seleniumhq\selenium\htmlunit-driver\2.47.1\htmlunit-driver-2.47.1.jar;C:\Users\mafaa\.m2\repository\com\codeborne\phantomjsdriver\1.4.4\phantomjsdriver-1.4.4.jar;C:\Users\mafaa\.m2\repository\io\appium\java-client\7.5.1\java-client-7.5.1.jar;C:\Users\mafaa\.m2\repository\commons-validator\commons-validator\1.7\commons-validator-1.7.jar;C:\Users\mafaa\.m2\repository\commons-digester\commons-digester\2.1\commons-digester-2.1.jar;C:\Users\mafaa\.m2\repository\org\aspectj\aspectjweaver\1.9.6\aspectjweaver-1.9.6.jar;C:\Users\mafaa\.m2\repository\net\sf\opencsv\opencsv\2.0\opencsv-2.0.jar;C:\Users\mafaa\.m2\repository\commons-beanutils\commons-beanutils\1.9.4\commons-beanutils-1.9.4.jar;C:\Users\mafaa\.m2\repository\org\apache\commons\commons-lang3\3.11\commons-lang3-3.11.jar;C:\Users\mafaa\.m2\repository\commons-collections\commons-collections\3.2.2\commons-collections-3.2.2.jar;C:\Users\mafaa\.m2\repository\org\fluentlenium\fluentlenium-core\0.10.2\fluentlenium-core-0.10.2.jar;C:\Users\mafaa\.m2\repository\io\github\bonigarcia\webdrivermanager\4.4.1\webdrivermanager-4.4.1.jar;C:\Users\mafaa\.m2\repository\org\apache\httpcomponents\client5\httpclient5\5.0.3\httpclient5-5.0.3.jar;C:\Users\mafaa\.m2\repository\org\apache\httpcomponents\core5\httpcore5\5.0.2\httpcore5-5.0.2.jar;C:\Users\mafaa\.m2\repository\org\apache\httpcomponents\core5\httpcore5-h2\5.0.2\httpcore5-h2-5.0.2.jar;C:\Users\mafaa\.m2\repository\org\rauschig\jarchivelib\1.1.0\jarchivelib-1.1.0.jar;C:\Users\mafaa\.m2\repository\org\apache\commons\commons-compress\1.20\commons-compress-1.20.jar;C:\Users\mafaa\.m2\repository\com\jhlabs\filters\2.0.235\filters-2.0.235.jar;C:\Users\mafaa\.m2\repository\com\paulhammant\ngwebdriver\1.1.5\ngwebdriver-1.1.5.jar;C:\Users\mafaa\.m2\repository\joda-time\joda-time\2.8.2\joda-time-2.8.2.jar;C:\Users\mafaa\.m2\repository\com\google\jimfs\jimfs\1.1\jimfs-1.1.jar;C:\Users\mafaa\.m2\repository\org\mockito\mockito-core\3.3.3\mockito-core-3.3.3.jar;C:\Users\mafaa\.m2\repository\javax\xml\bind\jaxb-api\2.3.1\jaxb-api-2.3.1.jar;C:\Users\mafaa\.m2\repository\javax\activation\javax.activation-api\1.2.0\javax.activation-api-1.2.0.jar;C:\Users\mafaa\.m2\repository\com\sun\xml\bind\jaxb-core\2.3.0.1\jaxb-core-2.3.0.1.jar;C:\Users\mafaa\.m2\repository\com\sun\xml\bind\jaxb-impl\2.3.3\jaxb-impl-2.3.3.jar;C:\Users\mafaa\.m2\repository\com\sun\activation\jakarta.activation\1.2.2\jakarta.activation-1.2.2.jar;C:\Users\mafaa\.m2\repository\javax\activation\activation\1.1.1\activation-1.1.1.jar;C:\Users\mafaa\.m2\repository\net\serenity-bdd\serenity-junit\2.4.51\serenity-junit-2.4.51.jar;C:\Users\mafaa\.m2\repository\net\serenity-bdd\serenity-rest-assured\2.4.51\serenity-rest-assured-2.4.51.jar;C:\Users\mafaa\.m2\repository\org\codehaus\groovy\groovy-json\3.0.8\groovy-json-3.0.8.jar;C:\Users\mafaa\.m2\repository\org\opentest4j\opentest4j\1.2.0\opentest4j-1.2.0.jar;C:\Users\mafaa\.m2\repository\net\serenity-bdd\serenity-screenplay\2.4.51\serenity-screenplay-2.4.51.jar;C:\Users\mafaa\.m2\repository\net\serenity-bdd\serenity-screenplay-rest\2.4.51\serenity-screenplay-rest-2.4.51.jar;C:\Users\mafaa\.m2\repository\net\serenity-bdd\serenity-cucumber6\2.4.51\serenity-cucumber6-2.4.51.jar;C:\Users\mafaa\.m2\repository\net\serenity-bdd\serenity-screenplay-webdriver\2.4.51\serenity-screenplay-webdriver-2.4.51.jar;C:\Users\mafaa\.m2\repository\io\cucumber\cucumber-java\6.10.4\cucumber-java-6.10.4.jar;C:\Users\mafaa\.m2\repository\org\apiguardian\apiguardian-api\1.1.1\apiguardian-api-1.1.1.jar;C:\Users\mafaa\.m2\repository\io\cucumber\cucumber-junit\6.10.4\cucumber-junit-6.10.4.jar;C:\Users\mafaa\.m2\repository\io\cucumber\datatable-matchers\3.4.0\datatable-matchers-3.4.0.jar;C:\Users\mafaa\.m2\repository\io\cucumber\datatable\3.4.0\datatable-3.4.0.jar;C:\Users\mafaa\.m2\repository\commons-logging\commons-logging\1.2\commons-logging-1.2.jar;C:\Users\mafaa\.m2\repository\org\apache\commons\commons-csv\1.5\commons-csv-1.5.jar;C:\Users\mafaa\.m2\repository\io\rest-assured\rest-assured\4.3.2\rest-assured-4.3.2.jar;C:\Users\mafaa\.m2\repository\org\apache\httpcomponents\httpclient\4.5.3\httpclient-4.5.3.jar;C:\Users\mafaa\.m2\repository\org\apache\httpcomponents\httpcore\4.4.6\httpcore-4.4.6.jar;C:\Users\mafaa\.m2\repository\org\apache\httpcomponents\httpmime\4.5.3\httpmime-4.5.3.jar;C:\Users\mafaa\.m2\repository\org\ccil\cowan\tagsoup\tagsoup\1.2.1\tagsoup-1.2.1.jar;C:\Users\mafaa\.m2\repository\io\rest-assured\json-path\4.3.3\json-path-4.3.3.jar;C:\Users\mafaa\.m2\repository\io\rest-assured\rest-assured-common\4.3.3\rest-assured-common-4.3.3.jar;C:\Users\mafaa\.m2\repository\io\rest-assured\xml-path\4.3.3\xml-path-4.3.3.jar;C:\Users\mafaa\.m2\repository\jakarta\xml\bind\jakarta.xml.bind-api\2.3.3\jakarta.xml.bind-api-2.3.3.jar;C:\Users\mafaa\.m2\repository\jakarta\activation\jakarta.activation-api\1.2.2\jakarta.activation-api-1.2.2.jar;C:\Users\mafaa\.m2\repository\org\codehaus\groovy\groovy\3.0.6\groovy-3.0.6.jar;C:\Users\mafaa\.m2\repository\org\codehaus\groovy\groovy-xml\3.0.6\groovy-xml-3.0.6.jar;C:\Users\mafaa\.m2\repository\junit\junit\4.13.1\junit-4.13.1.jar;C:\Users\mafaa\.m2\repository\org\hamcrest\hamcrest-core\1.3\hamcrest-core-1.3.jar;C:\Users\mafaa\.m2\repository\org\assertj\assertj-core\3.6.2\assertj-core-3.6.2.jar;C:\Users\mafaa\.m2\repository\org\hamcrest\hamcrest\2.2\hamcrest-2.2.jar;C:\Users\mafaa\.m2\repository\io\rest-assured\json-schema-validator\5.2.0\json-schema-validator-5.2.0.jar;C:\Users\mafaa\.m2\repository\com\github\java-json-tools\json-schema-validator\2.2.14\json-schema-validator-2.2.14.jar;C:\Users\mafaa\.m2\repository\com\github\java-json-tools\jackson-coreutils-equivalence\1.0\jackson-coreutils-equivalence-1.0.jar;C:\Users\mafaa\.m2\repository\com\github\java-json-tools\jackson-coreutils\2.0\jackson-coreutils-2.0.jar;C:\Users\mafaa\.m2\repository\com\github\java-json-tools\msg-simple\1.2\msg-simple-1.2.jar;C:\Users\mafaa\.m2\repository\com\github\java-json-tools\btf\1.3\btf-1.3.jar;C:\Users\mafaa\.m2\repository\com\github\java-json-tools\json-schema-core\1.2.14\json-schema-core-1.2.14.jar;C:\Users\mafaa\.m2\repository\com\github\java-json-tools\uri-template\0.10\uri-template-0.10.jar;C:\Users\mafaa\.m2\repository\org\mozilla\rhino\1.7.7.2\rhino-1.7.7.2.jar;C:\Users\mafaa\.m2\repository\com\sun\mail\mailapi\1.6.2\mailapi-1.6.2.jar;C:\Users\mafaa\.m2\repository\com\googlecode\libphonenumber\libphonenumber\8.11.1\libphonenumber-8.11.1.jar;C:\Users\mafaa\.m2\repository\com\google\code\findbugs\jsr305\3.0.2\jsr305-3.0.2.jar;C:\Users\mafaa\.m2\repository\net\sf\jopt-simple\jopt-simple\5.0.4\jopt-simple-5.0.4.jar;"/>
    <property name="sun.cpu.endian" value="little"/>
    <property name="user.home" value="C:\Users\mafaa"/>
    <property name="user.language" value="en"/>
    <property name="java.specification.vendor" value="Oracle Corporation"/>
    <property name="java.home" value="C:\Program Files\Java\jdk1.8.0_351\jre"/>
    <property name="basedir" value="D:\Alterra\Automation\API\MusicLab-QE-APITesting"/>
    <property name="file.separator" value="\"/>
    <property name="line.separator" value="&#10;"/>
    <property name="java.vm.specification.vendor" value="Oracle Corporation"/>
    <property name="java.specification.name" value="Java Platform API Specification"/>
    <property name="java.awt.graphicsenv" value="sun.awt.Win32GraphicsEnvironment"/>
    <property name="surefire.real.class.path" value="C:\Users\mafaa\AppData\Local\Temp\surefire8686334081090105204\surefirebooter7404650343799480882.jar"/>
    <property name="sun.boot.class.path" value="C:\Program Files\Java\jdk1.8.0_351\jre\lib\resources.jar;C:\Program Files\Java\jdk1.8.0_351\jre\lib\rt.jar;C:\Program Files\Java\jdk1.8.0_351\jre\lib\jsse.jar;C:\Program Files\Java\jdk1.8.0_351\jre\lib\jce.jar;C:\Program Files\Java\jdk1.8.0_351\jre\lib\charsets.jar;C:\Program Files\Java\jdk1.8.0_351\jre\lib\jfr.jar;C:\Program Files\Java\jdk1.8.0_351\jre\classes"/>
    <property name="user.script" value=""/>
    <property name="sun.management.compiler" value="HotSpot 64-Bit Tiered Compilers"/>
    <property name="java.runtime.version" value="1.8.0_351-b10"/>
    <property name="user.name" value="mafaa"/>
    <property name="path.separator" value=";"/>
    <property name="os.version" value="10.0"/>
    <property name="java.endorsed.dirs" value="C:\Program Files\Java\jdk1.8.0_351\jre\lib\endorsed"/>
    <property name="java.runtime.name" value="Java(TM) SE Runtime Environment"/>
    <property name="file.encoding" value="Cp1252"/>
    <property name="webdriver.base.url" value=""/>
    <property name="java.vm.name" value="Java HotSpot(TM) 64-Bit Server VM"/>
    <property name="localRepository" value="C:\Users\mafaa\.m2\repository"/>
    <property name="java.vendor.url.bug" value="http://bugreport.sun.com/bugreport/"/>
    <property name="java.io.tmpdir" value="C:\Users\mafaa\AppData\Local\Temp\"/>
    <property name="java.version" value="1.8.0_351"/>
    <property name="user.dir" value="D:\Alterra\Automation\API\MusicLab-QE-APITesting"/>
    <property name="os.arch" value="amd64"/>
    <property name="java.vm.specification.name" value="Java Virtual Machine Specification"/>
    <property name="java.awt.printerjob" value="sun.awt.windows.WPrinterJob"/>
    <property name="sun.os.patch.level" value=""/>
    <property name="java.library.path" value="C:\Program Files\Java\jdk1.8.0_351\jre\bin;C:\Windows\Sun\Java\bin;C:\Windows\system32;C:\Windows;C:\Python311\Scripts\;C:\Python311\;C:\Program Files\Common Files\Oracle\Java\javapath;C:\Program Files (x86)\Common Files\Oracle\Java\javapath;C:\Windows\system32;C:\Windows;C:\Windows\System32\Wbem;C:\Windows\System32\WindowsPowerShell\v1.0\;C:\Windows\System32\OpenSSH\;C:\Program Files (x86)\NVIDIA Corporation\PhysX\Common;C:\Program Files\NVIDIA Corporation\NVIDIA NvDLISR;C:\Program Files\dotnet\;C:\Program Files\apache-maven-3.8.7\bin;C:\Program Files\Java\jdk1.8.0_351\bin;C:\Program Files\nodejs\;C:\ProgramData\chocolatey\bin;C:\Program Files\Git\cmd;C:\Users\mafaa\AppData\Local\Microsoft\WindowsApps;;C:\Program Files\JetBrains\IntelliJ IDEA Community Edition 2022.3.1\bin;;C:\Users\mafaa\AppData\Local\Programs\Microsoft VS Code\bin;C:\Users\mafaa\AppData\Local\Programs\oh-my-posh\bin;C:\Users\mafaa\AppData\Roaming\npm;."/>
    <property name="java.vm.info" value="mixed mode"/>
    <property name="java.vendor" value="Oracle Corporation"/>
    <property name="java.vm.version" value="25.351-b10"/>
    <property name="java.specification.maintenance.version" value="4"/>
    <property name="java.ext.dirs" value="C:\Program Files\Java\jdk1.8.0_351\jre\lib\ext;C:\Windows\Sun\Java\lib\ext"/>
    <property name="sun.io.unicode.encoding" value="UnicodeLittle"/>
    <property name="java.class.version" value="52.0"/>
  </properties>
  <testcase name="[Positive Case] Put Update Mentors Password With Valid JSON" classname="[MusicLab-API] Put Feature Mentors #2" time="1.777">
    <failure message="1 expectation failed.&#10;Expected status code &lt;200&gt; but was &lt;400&gt;.&#10;" type="java.lang.AssertionError"><![CDATA[java.lang.AssertionError: 
1 expectation failed.
Expected status code <200> but was <400>.

]]></failure>
    <system-out><![CDATA[

&amp#27;[31mFailed scenarios:&amp#27;[0m


classpath:features/Cucumber/Auth/RegisterMentor.feature:12 # Register mentor with existing json


classpath:features/Cucumber/Auth/RegisterStudent.feature:12 # Register student with existing json


classpath:features/Cucumber/Chat/PostCreateMessage.feature:51 # Create message with 1 parameter(only chat contents)


classpath:features/Cucumber/Class/ClassFeature.feature:66 # Delete a class


classpath:features/Cucumber/Instrument/PostCreateInstrumentNegativeCase.feature:4 # [Negative Case] Post Create Mentors Instruments Invalid JSON


classpath:features/Cucumber/Instrument/PostCreateInstrumentNegativeCase.feature:9 # [Negative Case] Post Create Mentors Instruments No Auth


classpath:features/Cucumber/Instrument/PostCreateInstrumentPositiveCase.feature:4 # [Positive Case] Post Create Mentors Instruments Valid JSON


classpath:features/Cucumber/Instrument/Z_DeleteInstrumentNegativeCase.feature:9 # [Negative Case] Delete Instruments Invalid ID


classpath:features/Cucumber/Instrument/Z_DeleteInstrumentNegativeCase.feature:14 # [Negative Case] Delete Instruments Blank ID


classpath:features/Cucumber/Mentor/GetAllListMentorNegativeCase.feature:10 # [Negative Case] Get All List Mentors With Invalid Parameters


classpath:features/Cucumber/Mentor/GetAllListMentorNegativeCase.feature:15 # [Negative Case] Get All List Mentors With Invalid Parameters


classpath:features/Cucumber/Mentor/GetSingleMentorNegativeCase.feature:10 # [Negative Case] Get Single List Mentors With Invalid ID


classpath:features/Cucumber/Mentor/GetSingleMentorNegativeCase.feature:11 # [Negative Case] Get Single List Mentors With Invalid ID


classpath:features/Cucumber/Mentor/GetSingleMentorNegativeCase.feature:12 # [Negative Case] Get Single List Mentors With Invalid ID


classpath:features/Cucumber/Mentor/GetSingleMentorNegativeCase.feature:14 # [Negative Case] Get Single List Mentors With Blank ID


classpath:features/Cucumber/Mentor/PutUpdatePasswordMentorPositiveCase.feature:4 # [Positive Case] Put Update Mentors Password With Valid JSON


classpath:features/Cucumber/Mentor/PutUpdateProfileMentorNegativeCase.feature:4 # [Negative Case] Put Update Mentors Profile With Invalid JSON


classpath:features/Cucumber/Mentor/PutUpdateProfileMentorNegativeCase.feature:9 # [Negative Case] Put Update Mentors Profile With Valid JSON No Authorized


classpath:features/Cucumber/Mentor/PutUpdateProfileMentorPositiveCase.feature:4 # [Positive Case] Put Update Mentors Profile With Valid JSON


classpath:features/Cucumber/Schedule/PostAddMentorSchedule.feature:24 # Post add mentor schedule with empty json


classpath:features/Cucumber/Schedule/PostAddMentorsSchedulesAvailability.feature:3 # Post add mentor schedule availability with valid json




&amp#27;[33mUndefined scenarios:&amp#27;[0m


classpath:features/Cucumber/Mentor/GetSingleMentorPositiveCase.feature:9 # [Positive Case] Get Single List Mentors With Valid ID




139
 Scenarios (
&amp#27;[31m21 failed&amp#27;[0m
, 
&amp#27;[33m1 undefined&amp#27;[0m
, 
&amp#27;[32m117 passed&amp#27;[0m
)


553
 Steps (
&amp#27;[31m21 failed&amp#27;[0m
, 
&amp#27;[36m24 skipped&amp#27;[0m
, 
&amp#27;[33m1 undefined&amp#27;[0m
, 
&amp#27;[32m507 passed&amp#27;[0m
)


1m
25.092s






java.lang.AssertionError: 1 expectation failed.
JSON path message doesn't match.
Expected: error insert data
  Actual: email has been registered



	at sun.reflect.NativeConstructorAccessorImpl.newInstance0(Native Method)


	at sun.reflect.NativeConstructorAccessorImpl.newInstance(NativeConstructorAccessorImpl.java:62)


	at sun.reflect.DelegatingConstructorAccessorImpl.newInstance(DelegatingConstructorAccessorImpl.java:45)


	at java.lang.reflect.Constructor.newInstance(Constructor.java:423)


	at org.codehaus.groovy.reflection.CachedConstructor.invoke(CachedConstructor.java:72)


	at org.codehaus.groovy.reflection.CachedConstructor.doConstructorInvoke(CachedConstructor.java:59)


	at org.codehaus.groovy.runtime.callsite.ConstructorSite$ConstructorSiteNoUnwrap.callConstructor(ConstructorSite.java:84)


	at org.codehaus.groovy.runtime.callsite.CallSiteArray.defaultCallConstructor(CallSiteArray.java:59)


	at org.codehaus.groovy.runtime.callsite.AbstractCallSite.callConstructor(AbstractCallSite.java:263)


	at org.codehaus.groovy.runtime.callsite.AbstractCallSite.callConstructor(AbstractCallSite.java:277)


	at io.restassured.internal.ResponseSpecificationImpl$HamcrestAssertionClosure.validate(ResponseSpecificationImpl.groovy:493)


	at io.restassured.internal.ResponseSpecificationImpl$HamcrestAssertionClosure$validate$1.call(Unknown Source)


	at io.restassured.internal.ResponseSpecificationImpl.validateResponseIfRequired(ResponseSpecificationImpl.groovy:674)


	at sun.reflect.GeneratedMethodAccessor72.invoke(Unknown Source)


	at sun.reflect.DelegatingMethodAccessorImpl.invoke(DelegatingMethodAccessorImpl.java:43)


	at java.lang.reflect.Method.invoke(Method.java:498)


	at org.codehaus.groovy.runtime.callsite.PlainObjectMetaMethodSite.doInvoke(PlainObjectMetaMethodSite.java:43)


	at org.codehaus.groovy.runtime.callsite.PogoMetaMethodSite$PogoCachedMethodSiteNoUnwrapNoCoerce.invoke(PogoMetaMethodSite.java:193)


	at org.codehaus.groovy.runtime.callsite.PogoMetaMethodSite.callCurrent(PogoMetaMethodSite.java:61)


	at org.codehaus.groovy.runtime.callsite.AbstractCallSite.callCurrent(AbstractCallSite.java:185)


	at io.restassured.internal.ResponseSpecificationImpl.body(ResponseSpecificationImpl.groovy:261)


	at io.restassured.specification.ResponseSpecification$body$1.callCurrent(Unknown Source)


	at io.restassured.internal.ResponseSpecificationImpl.body(ResponseSpecificationImpl.groovy:108)


	at io.restassured.internal.ValidatableResponseOptionsImpl.body(ValidatableResponseOptionsImpl.java:244)


	at io.restassured.internal.ValidatableResponseImpl.super$2$body(ValidatableResponseImpl.groovy)


	at sun.reflect.NativeMethodAccessorImpl.invoke0(Native Method)


	at sun.reflect.NativeMethodAccessorImpl.invoke(NativeMethodAccessorImpl.java:62)


	at sun.reflect.DelegatingMethodAccessorImpl.invoke(DelegatingMethodAccessorImpl.java:43)


	at java.lang.reflect.Method.invoke(Method.java:498)


	at org.codehaus.groovy.reflection.CachedMethod.invoke(CachedMethod.java:107)


	at groovy.lang.MetaMethod.doMethodInvoke(MetaMethod.java:323)


	at groovy.lang.MetaClassImpl.invokeMethod(MetaClassImpl.java:1267)


	at org.codehaus.groovy.runtime.ScriptBytecodeAdapter.invokeMethodOnSuperN(ScriptBytecodeAdapter.java:144)


	at io.restassured.internal.ValidatableResponseImpl.body(ValidatableResponseImpl.groovy:298)


	at io.restassured.internal.ValidatableResponseImpl.body(ValidatableResponseImpl.groovy)


	at MusicLab.StepDefinitions.Auth.LoginMentorSteps.responseBodyShouldBeAsMessage(LoginMentorSteps.java:42)


	at ?.Response body should be "error insert data" as message(classpath:features/Cucumber/Auth/RegisterMentor.feature:16)




java.lang.AssertionError: 1 expectation failed.
JSON path message doesn't match.
Expected: error insert data
  Actual: email has been registered



	at sun.reflect.NativeConstructorAccessorImpl.newInstance0(Native Method)


	at sun.reflect.NativeConstructorAccessorImpl.newInstance(NativeConstructorAccessorImpl.java:62)


	at sun.reflect.DelegatingConstructorAccessorImpl.newInstance(DelegatingConstructorAccessorImpl.java:45)


	at java.lang.reflect.Constructor.newInstance(Constructor.java:423)


	at org.codehaus.groovy.reflection.CachedConstructor.invoke(CachedConstructor.java:72)


	at org.codehaus.groovy.reflection.CachedConstructor.doConstructorInvoke(CachedConstructor.java:59)


	at org.codehaus.groovy.runtime.callsite.ConstructorSite$ConstructorSiteNoUnwrap.callConstructor(ConstructorSite.java:84)


	at org.codehaus.groovy.runtime.callsite.AbstractCallSite.callConstructor(AbstractCallSite.java:277)


	at io.restassured.internal.ResponseSpecificationImpl$HamcrestAssertionClosure.validate(ResponseSpecificationImpl.groovy:493)


	at io.restassured.internal.ResponseSpecificationImpl$HamcrestAssertionClosure$validate$1.call(Unknown Source)


	at io.restassured.internal.ResponseSpecificationImpl.validateResponseIfRequired(ResponseSpecificationImpl.groovy:674)


	at sun.reflect.GeneratedMethodAccessor72.invoke(Unknown Source)


	at sun.reflect.DelegatingMethodAccessorImpl.invoke(DelegatingMethodAccessorImpl.java:43)


	at java.lang.reflect.Method.invoke(Method.java:498)


	at org.codehaus.groovy.runtime.callsite.PlainObjectMetaMethodSite.doInvoke(PlainObjectMetaMethodSite.java:43)


	at org.codehaus.groovy.runtime.callsite.PogoMetaMethodSite$PogoCachedMethodSiteNoUnwrapNoCoerce.invoke(PogoMetaMethodSite.java:193)


	at org.codehaus.groovy.runtime.callsite.PogoMetaMethodSite.callCurrent(PogoMetaMethodSite.java:61)


	at org.codehaus.groovy.runtime.callsite.AbstractCallSite.callCurrent(AbstractCallSite.java:185)


	at io.restassured.internal.ResponseSpecificationImpl.body(ResponseSpecificationImpl.groovy:261)


	at io.restassured.specification.ResponseSpecification$body$1.callCurrent(Unknown Source)


	at io.restassured.internal.ResponseSpecificationImpl.body(ResponseSpecificationImpl.groovy:108)


	at io.restassured.internal.ValidatableResponseOptionsImpl.body(ValidatableResponseOptionsImpl.java:244)


	at io.restassured.internal.ValidatableResponseImpl.super$2$body(ValidatableResponseImpl.groovy)


	at sun.reflect.NativeMethodAccessorImpl.invoke0(Native Method)


	at sun.reflect.NativeMethodAccessorImpl.invoke(NativeMethodAccessorImpl.java:62)


	at sun.reflect.DelegatingMethodAccessorImpl.invoke(DelegatingMethodAccessorImpl.java:43)


	at java.lang.reflect.Method.invoke(Method.java:498)


	at org.codehaus.groovy.reflection.CachedMethod.invoke(CachedMethod.java:107)


	at groovy.lang.MetaMethod.doMethodInvoke(MetaMethod.java:323)


	at groovy.lang.MetaClassImpl.invokeMethod(MetaClassImpl.java:1267)


	at org.codehaus.groovy.runtime.ScriptBytecodeAdapter.invokeMethodOnSuperN(ScriptBytecodeAdapter.java:144)


	at io.restassured.internal.ValidatableResponseImpl.body(ValidatableResponseImpl.groovy:298)


	at io.restassured.internal.ValidatableResponseImpl.body(ValidatableResponseImpl.groovy)


	at MusicLab.StepDefinitions.Auth.LoginMentorSteps.responseBodyShouldBeAsMessage(LoginMentorSteps.java:42)


	at ?.Response body should be "error insert data" as message(classpath:features/Cucumber/Auth/RegisterStudent.feature:16)




java.lang.AssertionError: 1 expectation failed.
JSON path message doesn't match.
Expected: validate: Key: 'Core.StudentID' Error:Field validation for 'StudentID' failed on the 'required' tag\nKey: 'Core.MentorID' Error:Field validation for 'MentorID' failed on the 'required' tag
  Actual: validate: Key: 'Core.StudentID' Error:Field validation for 'StudentID' failed on the 'required' tag\nKey: 'Core.MentorID' Error:Field validation for 'MentorID' failed on the 'required' tag



	at sun.reflect.NativeConstructorAccessorImpl.newInstance0(Native Method)


	at sun.reflect.NativeConstructorAccessorImpl.newInstance(NativeConstructorAccessorImpl.java:62)


	at sun.reflect.DelegatingConstructorAccessorImpl.newInstance(DelegatingConstructorAccessorImpl.java:45)


	at java.lang.reflect.Constructor.newInstance(Constructor.java:423)


	at org.codehaus.groovy.reflection.CachedConstructor.invoke(CachedConstructor.java:72)


	at org.codehaus.groovy.reflection.CachedConstructor.doConstructorInvoke(CachedConstructor.java:59)


	at org.codehaus.groovy.runtime.callsite.ConstructorSite$ConstructorSiteNoUnwrap.callConstructor(ConstructorSite.java:84)


	at org.codehaus.groovy.runtime.callsite.AbstractCallSite.callConstructor(AbstractCallSite.java:277)


	at io.restassured.internal.ResponseSpecificationImpl$HamcrestAssertionClosure.validate(ResponseSpecificationImpl.groovy:493)


	at io.restassured.internal.ResponseSpecificationImpl$HamcrestAssertionClosure$validate$1.call(Unknown Source)


	at io.restassured.internal.ResponseSpecificationImpl.validateResponseIfRequired(ResponseSpecificationImpl.groovy:674)


	at sun.reflect.GeneratedMethodAccessor72.invoke(Unknown Source)


	at sun.reflect.DelegatingMethodAccessorImpl.invoke(DelegatingMethodAccessorImpl.java:43)


	at java.lang.reflect.Method.invoke(Method.java:498)


	at org.codehaus.groovy.runtime.callsite.PlainObjectMetaMethodSite.doInvoke(PlainObjectMetaMethodSite.java:43)


	at org.codehaus.groovy.runtime.callsite.PogoMetaMethodSite$PogoCachedMethodSiteNoUnwrapNoCoerce.invoke(PogoMetaMethodSite.java:193)


	at org.codehaus.groovy.runtime.callsite.PogoMetaMethodSite.callCurrent(PogoMetaMethodSite.java:61)


	at org.codehaus.groovy.runtime.callsite.AbstractCallSite.callCurrent(AbstractCallSite.java:185)


	at io.restassured.internal.ResponseSpecificationImpl.body(ResponseSpecificationImpl.groovy:261)


	at io.restassured.specification.ResponseSpecification$body$1.callCurrent(Unknown Source)


	at io.restassured.internal.ResponseSpecificationImpl.body(ResponseSpecificationImpl.groovy:108)


	at io.restassured.internal.ValidatableResponseOptionsImpl.body(ValidatableResponseOptionsImpl.java:244)


	at io.restassured.internal.ValidatableResponseImpl.super$2$body(ValidatableResponseImpl.groovy)


	at sun.reflect.GeneratedMethodAccessor171.invoke(Unknown Source)


	at sun.reflect.DelegatingMethodAccessorImpl.invoke(DelegatingMethodAccessorImpl.java:43)


	at java.lang.reflect.Method.invoke(Method.java:498)


	at org.codehaus.groovy.reflection.CachedMethod.invoke(CachedMethod.java:107)


	at groovy.lang.MetaMethod.doMethodInvoke(MetaMethod.java:323)


	at groovy.lang.MetaClassImpl.invokeMethod(MetaClassImpl.java:1267)


	at org.codehaus.groovy.runtime.ScriptBytecodeAdapter.invokeMethodOnSuperN(ScriptBytecodeAdapter.java:144)


	at io.restassured.internal.ValidatableResponseImpl.body(ValidatableResponseImpl.groovy:298)


	at io.restassured.internal.ValidatableResponseImpl.body(ValidatableResponseImpl.groovy)


	at MusicLab.StepDefinitions.Chat.CreateMessageStepdef.responBodyMessageShouldBe(CreateMessageStepdef.java:45)


	at ?.Respon body message should be "validate: Key: 'Core.StudentID' Error:Field validation for 'StudentID' failed on the 'required' tag\nKey: 'Core.MentorID' Error:Field validation for 'MentorID' failed on the 'required' tag"(classpath:features/Cucumber/Chat/PostCreateMessage.feature:55)




java.lang.AssertionError: 1 expectation failed.
Expected status code <200> but was <404>.



	at sun.reflect.NativeConstructorAccessorImpl.newInstance0(Native Method)


	at sun.reflect.NativeConstructorAccessorImpl.newInstance(NativeConstructorAccessorImpl.java:62)


	at sun.reflect.DelegatingConstructorAccessorImpl.newInstance(DelegatingConstructorAccessorImpl.java:45)


	at java.lang.reflect.Constructor.newInstance(Constructor.java:423)


	at org.codehaus.groovy.reflection.CachedConstructor.invoke(CachedConstructor.java:72)


	at org.codehaus.groovy.reflection.CachedConstructor.doConstructorInvoke(CachedConstructor.java:59)


	at org.codehaus.groovy.runtime.callsite.ConstructorSite$ConstructorSiteNoUnwrap.callConstructor(ConstructorSite.java:84)


	at org.codehaus.groovy.runtime.callsite.AbstractCallSite.callConstructor(AbstractCallSite.java:277)


	at io.restassured.internal.ResponseSpecificationImpl$HamcrestAssertionClosure.validate(ResponseSpecificationImpl.groovy:493)


	at io.restassured.internal.ResponseSpecificationImpl$HamcrestAssertionClosure$validate$1.call(Unknown Source)


	at io.restassured.internal.ResponseSpecificationImpl.validateResponseIfRequired(ResponseSpecificationImpl.groovy:674)


	at sun.reflect.GeneratedMethodAccessor72.invoke(Unknown Source)


	at sun.reflect.DelegatingMethodAccessorImpl.invoke(DelegatingMethodAccessorImpl.java:43)


	at java.lang.reflect.Method.invoke(Method.java:498)


	at org.codehaus.groovy.runtime.callsite.PlainObjectMetaMethodSite.doInvoke(PlainObjectMetaMethodSite.java:43)


	at org.codehaus.groovy.runtime.callsite.PogoMetaMethodSite$PogoCachedMethodSiteNoUnwrapNoCoerce.invoke(PogoMetaMethodSite.java:193)


	at org.codehaus.groovy.runtime.callsite.PogoMetaMethodSite.callCurrent(PogoMetaMethodSite.java:61)


	at org.codehaus.groovy.runtime.callsite.AbstractCallSite.callCurrent(AbstractCallSite.java:185)


	at io.restassured.internal.ResponseSpecificationImpl.statusCode(ResponseSpecificationImpl.groovy:126)


	at io.restassured.specification.ResponseSpecification$statusCode$0.callCurrent(Unknown Source)


	at io.restassured.internal.ResponseSpecificationImpl.statusCode(ResponseSpecificationImpl.groovy:134)


	at io.restassured.internal.ValidatableResponseOptionsImpl.statusCode(ValidatableResponseOptionsImpl.java:89)


	at io.restassured.internal.ValidatableResponseImpl.super$2$statusCode(ValidatableResponseImpl.groovy)


	at sun.reflect.GeneratedMethodAccessor169.invoke(Unknown Source)


	at sun.reflect.DelegatingMethodAccessorImpl.invoke(DelegatingMethodAccessorImpl.java:43)


	at java.lang.reflect.Method.invoke(Method.java:498)


	at org.codehaus.groovy.reflection.CachedMethod.invoke(CachedMethod.java:107)


	at groovy.lang.MetaMethod.doMethodInvoke(MetaMethod.java:323)


	at groovy.lang.MetaClassImpl.invokeMethod(MetaClassImpl.java:1267)


	at org.codehaus.groovy.runtime.ScriptBytecodeAdapter.invokeMethodOnSuperN(ScriptBytecodeAdapter.java:144)


	at io.restassured.internal.ValidatableResponseImpl.statusCode(ValidatableResponseImpl.groovy:142)


	at io.restassured.internal.ValidatableResponseImpl.statusCode(ValidatableResponseImpl.groovy)


	at MusicLab.StepDefinitions.Class.ClassStepdef.statusCodeShouldBeOK(ClassStepdef.java:33)


	at ?.Status code should be 200 OK class(classpath:features/Cucumber/Class/ClassFeature.feature:69)




java.lang.RuntimeException: Some exception during recording fields


	at net.serenitybdd.rest.filters.FieldsRecordingFilter.filter(FieldsRecordingFilter.java:52)


	at io.restassured.filter.Filter$filter.call(Unknown Source)


	at io.restassured.internal.filter.FilterContextImpl.next(FilterContextImpl.groovy:72)


	at io.restassured.filter.log.RequestLoggingFilter.filter(RequestLoggingFilter.java:140)


	at net.serenitybdd.rest.filters.FieldsRecordingFilter.filter(FieldsRecordingFilter.java:40)


	at io.restassured.filter.Filter$filter.call(Unknown Source)


	at io.restassured.internal.filter.FilterContextImpl.next(FilterContextImpl.groovy:72)


	at io.restassured.filter.log.RequestLoggingFilter.filter(RequestLoggingFilter.java:140)


	at net.serenitybdd.rest.filters.FieldsRecordingFilter.filter(FieldsRecordingFilter.java:40)


	at io.restassured.filter.Filter$filter.call(Unknown Source)


	at io.restassured.internal.filter.FilterContextImpl.next(FilterContextImpl.groovy:72)


	at io.restassured.filter.log.RequestLoggingFilter.filter(RequestLoggingFilter.java:140)


	at net.serenitybdd.rest.filters.FieldsRecordingFilter.filter(FieldsRecordingFilter.java:40)


	at io.restassured.filter.Filter$filter.call(Unknown Source)


	at io.restassured.internal.filter.FilterContextImpl.next(FilterContextImpl.groovy:72)


	at io.restassured.filter.log.RequestLoggingFilter.filter(RequestLoggingFilter.java:140)


	at net.serenitybdd.rest.filters.FieldsRecordingFilter.filter(FieldsRecordingFilter.java:40)


	at io.restassured.filter.Filter$filter.call(Unknown Source)


	at io.restassured.internal.filter.FilterContextImpl.next(FilterContextImpl.groovy:72)


	at io.restassured.filter.log.RequestLoggingFilter.filter(RequestLoggingFilter.java:140)


	at net.serenitybdd.rest.filters.FieldsRecordingFilter.filter(FieldsRecordingFilter.java:40)


	at io.restassured.filter.Filter$filter.call(Unknown Source)


	at org.codehaus.groovy.runtime.callsite.CallSiteArray.defaultCall(CallSiteArray.java:47)


	at io.restassured.filter.Filter$filter$0.call(Unknown Source)


	at io.restassured.internal.filter.FilterContextImpl.next(FilterContextImpl.groovy:72)


	at io.restassured.filter.FilterContext$next.call(Unknown Source)


	at io.restassured.internal.RequestSpecificationImpl.applyPathParamsAndSendRequest(RequestSpecificationImpl.groovy:1655)


	at sun.reflect.GeneratedMethodAccessor115.invoke(Unknown Source)


	at sun.reflect.DelegatingMethodAccessorImpl.invoke(DelegatingMethodAccessorImpl.java:43)


	at java.lang.reflect.Method.invoke(Method.java:498)


	at org.codehaus.groovy.reflection.CachedMethod.invoke(CachedMethod.java:107)


	at groovy.lang.MetaMethod.doMethodInvoke(MetaMethod.java:323)


	at groovy.lang.MetaClassImpl.invokeMethod(MetaClassImpl.java:1267)


	at groovy.lang.MetaClassImpl.invokeMethod(MetaClassImpl.java:1034)


	at groovy.lang.MetaClassImpl.invokeMethod(MetaClassImpl.java:818)


	at groovy.lang.GroovyObject.invokeMethod(GroovyObject.java:39)


	at org.codehaus.groovy.runtime.callsite.PogoInterceptableSite.call(PogoInterceptableSite.java:45)


	at org.codehaus.groovy.runtime.callsite.PogoInterceptableSite.callCurrent(PogoInterceptableSite.java:55)


	at org.codehaus.groovy.runtime.callsite.AbstractCallSite.callCurrent(AbstractCallSite.java:203)


	at io.restassured.internal.RequestSpecificationImpl.applyPathParamsAndSendRequest(RequestSpecificationImpl.groovy:1661)


	at sun.reflect.GeneratedMethodAccessor114.invoke(Unknown Source)


	at sun.reflect.DelegatingMethodAccessorImpl.invoke(DelegatingMethodAccessorImpl.java:43)


	at java.lang.reflect.Method.invoke(Method.java:498)


	at org.codehaus.groovy.reflection.CachedMethod.invoke(CachedMethod.java:107)


	at groovy.lang.MetaMethod.doMethodInvoke(MetaMethod.java:323)


	at groovy.lang.MetaClassImpl.invokeMethod(MetaClassImpl.java:1267)


	at groovy.lang.MetaClassImpl.invokeMethod(MetaClassImpl.java:1034)


	at groovy.lang.MetaClassImpl.invokeMethod(MetaClassImpl.java:818)


	at groovy.lang.GroovyObject.invokeMethod(GroovyObject.java:39)


	at org.codehaus.groovy.runtime.callsite.PogoInterceptableSite.call(PogoInterceptableSite.java:45)


	at org.codehaus.groovy.runtime.callsite.PogoInterceptableSite.callCurrent(PogoInterceptableSite.java:55)


	at org.codehaus.groovy.runtime.callsite.AbstractCallSite.callCurrent(AbstractCallSite.java:203)


	at io.restassured.internal.RequestSpecificationImpl.post(RequestSpecificationImpl.groovy:175)


	at net.serenitybdd.rest.decorators.request.RequestSpecificationDecorated.executeCall(RequestSpecificationDecorated.java:309)


	at net.serenitybdd.rest.decorators.request.RequestSpecificationDecorated.execute(RequestSpecificationDecorated.java:268)


	at net.serenitybdd.rest.decorators.request.RequestSpecificationDecorated.post(RequestSpecificationDecorated.java:120)


	at net.serenitybdd.rest.decorators.request.RequestSpecificationDecorated.post(RequestSpecificationDecorated.java:38)


	at MusicLab.StepDefinitions.Instrument.PostCreateInstrumentStepDef.sendPostCreateInstrument(PostCreateInstrumentStepDef.java:44)


	at ?.Send post create mentor instrument(classpath:features/Cucumber/Instrument/PostCreateInstrumentNegativeCase.feature:6)


Caused by: java.io.FileNotFoundException: D:\Alterra\Automation\API\MusicLab-QE-APITesting\src\test\resources\features\JSON\ReqBody\InstrumentInvalidPostCreateInstrumenJsonReqBody.json (The system cannot find the file specified)


	at java.io.FileInputStream.open0(Native Method)


	at java.io.FileInputStream.open(FileInputStream.java:195)


	at java.io.FileInputStream.<init>(FileInputStream.java:138)


	at org.codehaus.groovy.runtime.ResourceGroovyMethods.newReader(ResourceGroovyMethods.java:1797)


	at org.codehaus.groovy.runtime.ResourceGroovyMethods.getText(ResourceGroovyMethods.java:579)


	at org.codehaus.groovy.runtime.dgm$1042.invoke(Unknown Source)


	at org.codehaus.groovy.runtime.callsite.PojoMetaMethodSite$PojoMetaMethodSiteNoUnwrapNoCoerce.invoke(PojoMetaMethodSite.java:247)


	at org.codehaus.groovy.runtime.callsite.PojoMetaMethodSite.call(PojoMetaMethodSite.java:56)


	at org.codehaus.groovy.runtime.callsite.AbstractCallSite.call(AbstractCallSite.java:139)


	at io.restassured.internal.support.FileReader.readToString(FileReader.groovy:23)


	at io.restassured.internal.http.EncoderRegistry.toString(EncoderRegistry.java:461)


	at io.restassured.internal.http.EncoderRegistry.encodeJSON(EncoderRegistry.java:287)


	at sun.reflect.GeneratedMethodAccessor185.invoke(Unknown Source)


	at sun.reflect.DelegatingMethodAccessorImpl.invoke(DelegatingMethodAccessorImpl.java:43)


	at java.lang.reflect.Method.invoke(Method.java:498)


	at org.codehaus.groovy.reflection.CachedMethod.invoke(CachedMethod.java:107)


	at groovy.lang.MetaMethod.doMethodInvoke(MetaMethod.java:323)


	at groovy.lang.MetaClassImpl.invokeMethod(MetaClassImpl.java:1267)


	at groovy.lang.MetaClassImpl.invokeMethodClosure(MetaClassImpl.java:1047)


	at groovy.lang.MetaClassImpl.invokeMethod(MetaClassImpl.java:1141)


	at groovy.lang.MetaClassImpl.invokeMethod(MetaClassImpl.java:1034)


	at groovy.lang.Closure.call(Closure.java:412)


	at io.restassured.internal.http.HTTPBuilder$RequestConfigDelegate.setBody(HTTPBuilder.java:1114)


	at io.restassured.internal.http.HTTPBuilder$RequestConfigDelegate.setPropertiesFromMap(HTTPBuilder.java:1026)


	at io.restassured.internal.http.HTTPBuilder.post(HTTPBuilder.java:345)


	at io.restassured.internal.http.HTTPBuilder$post$2.call(Unknown Source)


	at io.restassured.internal.RequestSpecificationImpl.sendRequest(RequestSpecificationImpl.groovy:1181)


	at sun.reflect.GeneratedMethodAccessor121.invoke(Unknown Source)


	at sun.reflect.DelegatingMethodAccessorImpl.invoke(DelegatingMethodAccessorImpl.java:43)


	at java.lang.reflect.Method.invoke(Method.java:498)


	at org.codehaus.groovy.reflection.CachedMethod.invoke(CachedMethod.java:107)


	at groovy.lang.MetaMethod.doMethodInvoke(MetaMethod.java:323)


	at groovy.lang.MetaClassImpl.invokeMethod(MetaClassImpl.java:1267)


	at groovy.lang.MetaClassImpl.invokeMethod(MetaClassImpl.java:1034)


	at groovy.lang.MetaClassImpl.invokeMethod(MetaClassImpl.java:818)


	at groovy.lang.GroovyObject.invokeMethod(GroovyObject.java:39)


	at org.codehaus.groovy.runtime.callsite.PogoInterceptableSite.call(PogoInterceptableSite.java:45)


	at org.codehaus.groovy.runtime.callsite.AbstractCallSite.call(AbstractCallSite.java:166)


	at io.restassured.internal.filter.SendRequestFilter.filter(SendRequestFilter.groovy:30)


	at io.restassured.filter.Filter$filter$0.call(Unknown Source)


	at org.codehaus.groovy.runtime.callsite.CallSiteArray.defaultCall(CallSiteArray.java:47)


	at io.restassured.filter.Filter$filter.call(Unknown Source)


	at io.restassured.internal.filter.FilterContextImpl.next(FilterContextImpl.groovy:72)


	at io.restassured.filter.time.TimingFilter.filter(TimingFilter.java:56)


	at io.restassured.filter.Filter$filter.call(Unknown Source)


	at org.codehaus.groovy.runtime.callsite.CallSiteArray.defaultCall(CallSiteArray.java:47)


	at io.restassured.filter.Filter$filter.call(Unknown Source)


	at io.restassured.internal.filter.FilterContextImpl.next(FilterContextImpl.groovy:72)


	at io.restassured.filter.log.RequestLoggingFilter.filter(RequestLoggingFilter.java:140)


	at net.serenitybdd.rest.filters.FieldsRecordingFilter.filter(FieldsRecordingFilter.java:40)


	at io.restassured.filter.Filter$filter.call(Unknown Source)


	at io.restassured.internal.filter.FilterContextImpl.next(FilterContextImpl.groovy:72)


	at io.restassured.filter.log.RequestLoggingFilter.filter(RequestLoggingFilter.java:140)


	at net.serenitybdd.rest.filters.FieldsRecordingFilter.filter(FieldsRecordingFilter.java:40)


	at io.restassured.filter.Filter$filter.call(Unknown Source)


	at io.restassured.internal.filter.FilterContextImpl.next(FilterContextImpl.groovy:72)


	at io.restassured.filter.log.RequestLoggingFilter.filter(RequestLoggingFilter.java:140)


	at net.serenitybdd.rest.filters.FieldsRecordingFilter.filter(FieldsRecordingFilter.java:40)


	at io.restassured.filter.Filter$filter.call(Unknown Source)


	at io.restassured.internal.filter.FilterContextImpl.next(FilterContextImpl.groovy:72)


	at io.restassured.filter.log.RequestLoggingFilter.filter(RequestLoggingFilter.java:140)


	at net.serenitybdd.rest.filters.FieldsRecordingFilter.filter(FieldsRecordingFilter.java:40)


	at io.restassured.filter.Filter$filter.call(Unknown Source)


	at io.restassured.internal.filter.FilterContextImpl.next(FilterContextImpl.groovy:72)


	at io.restassured.filter.log.RequestLoggingFilter.filter(RequestLoggingFilter.java:140)


	at net.serenitybdd.rest.filters.FieldsRecordingFilter.filter(FieldsRecordingFilter.java:40)


	at io.restassured.filter.Filter$filter.call(Unknown Source)


	at io.restassured.internal.filter.FilterContextImpl.next(FilterContextImpl.groovy:72)


	at io.restassured.filter.log.RequestLoggingFilter.filter(RequestLoggingFilter.java:140)


	at net.serenitybdd.rest.filters.FieldsRecordingFilter.filter(FieldsRecordingFilter.java:40)


	at io.restassured.filter.Filter$filter.call(Unknown Source)


	at org.codehaus.groovy.runtime.callsite.CallSiteArray.defaultCall(CallSiteArray.java:47)


	at io.restassured.filter.Filter$filter$0.call(Unknown Source)


	at io.restassured.internal.filter.FilterContextImpl.next(FilterContextImpl.groovy:72)


	at io.restassured.filter.FilterContext$next.call(Unknown Source)


	at io.restassured.internal.RequestSpecificationImpl.applyPathParamsAndSendRequest(RequestSpecificationImpl.groovy:1655)


	at sun.reflect.GeneratedMethodAccessor115.invoke(Unknown Source)


	at sun.reflect.DelegatingMethodAccessorImpl.invoke(DelegatingMethodAccessorImpl.java:43)


	at java.lang.reflect.Method.invoke(Method.java:498)


	at org.codehaus.groovy.reflection.CachedMethod.invoke(CachedMethod.java:107)


	at groovy.lang.MetaMethod.doMethodInvoke(MetaMethod.java:323)


	at groovy.lang.MetaClassImpl.invokeMethod(MetaClassImpl.java:1267)


	at groovy.lang.MetaClassImpl.invokeMethod(MetaClassImpl.java:1034)


	at groovy.lang.MetaClassImpl.invokeMethod(MetaClassImpl.java:818)


	at groovy.lang.GroovyObject.invokeMethod(GroovyObject.java:39)


	at org.codehaus.groovy.runtime.callsite.PogoInterceptableSite.call(PogoInterceptableSite.java:45)


	at org.codehaus.groovy.runtime.callsite.PogoInterceptableSite.callCurrent(PogoInterceptableSite.java:55)


	at org.codehaus.groovy.runtime.callsite.AbstractCallSite.callCurrent(AbstractCallSite.java:203)


	at io.restassured.internal.RequestSpecificationImpl.applyPathParamsAndSendRequest(RequestSpecificationImpl.groovy:1661)


	at sun.reflect.GeneratedMethodAccessor114.invoke(Unknown Source)


	at sun.reflect.DelegatingMethodAccessorImpl.invoke(DelegatingMethodAccessorImpl.java:43)


	at java.lang.reflect.Method.invoke(Method.java:498)


	at org.codehaus.groovy.reflection.CachedMethod.invoke(CachedMethod.java:107)


	at groovy.lang.MetaMethod.doMethodInvoke(MetaMethod.java:323)


	at groovy.lang.MetaClassImpl.invokeMethod(MetaClassImpl.java:1267)


	at groovy.lang.MetaClassImpl.invokeMethod(MetaClassImpl.java:1034)


	at groovy.lang.MetaClassImpl.invokeMethod(MetaClassImpl.java:818)


	at groovy.lang.GroovyObject.invokeMethod(GroovyObject.java:39)


	at org.codehaus.groovy.runtime.callsite.PogoInterceptableSite.call(PogoInterceptableSite.java:45)


	at org.codehaus.groovy.runtime.callsite.PogoInterceptableSite.callCurrent(PogoInterceptableSite.java:55)


	at org.codehaus.groovy.runtime.callsite.AbstractCallSite.callCurrent(AbstractCallSite.java:203)


	at io.restassured.internal.RequestSpecificationImpl.post(RequestSpecificationImpl.groovy:175)


	at net.serenitybdd.rest.decorators.request.RequestSpecificationDecorated.executeCall(RequestSpecificationDecorated.java:309)


	at net.serenitybdd.rest.decorators.request.RequestSpecificationDecorated.execute(RequestSpecificationDecorated.java:268)


	at net.serenitybdd.rest.decorators.request.RequestSpecificationDecorated.post(RequestSpecificationDecorated.java:120)


	at net.serenitybdd.rest.decorators.request.RequestSpecificationDecorated.post(RequestSpecificationDecorated.java:38)


	at MusicLab.StepDefinitions.Instrument.PostCreateInstrumentStepDef.sendPostCreateInstrument(PostCreateInstrumentStepDef.java:44)


	at sun.reflect.NativeMethodAccessorImpl.invoke0(Native Method)


	at sun.reflect.NativeMethodAccessorImpl.invoke(NativeMethodAccessorImpl.java:62)


	at sun.reflect.DelegatingMethodAccessorImpl.invoke(DelegatingMethodAccessorImpl.java:43)


	at java.lang.reflect.Method.invoke(Method.java:498)


	at io.cucumber.java.Invoker.doInvoke(Invoker.java:66)


	at io.cucumber.java.Invoker.invoke(Invoker.java:24)


	at io.cucumber.java.AbstractGlueDefinition.invokeMethod(AbstractGlueDefinition.java:47)


	at io.cucumber.java.JavaStepDefinition.execute(JavaStepDefinition.java:29)


	at io.cucumber.core.runner.CoreStepDefinition.execute(CoreStepDefinition.java:66)


	at io.cucumber.core.runner.PickleStepDefinitionMatch.runStep(PickleStepDefinitionMatch.java:63)


	at io.cucumber.core.runner.ExecutionMode$1.execute(ExecutionMode.java:10)


	at io.cucumber.core.runner.TestStep.executeStep(TestStep.java:92)


	at io.cucumber.core.runner.TestStep.run(TestStep.java:64)


	at io.cucumber.core.runner.PickleStepTestStep.run(PickleStepTestStep.java:51)


	at io.cucumber.core.runner.TestCase.run(TestCase.java:104)


	at io.cucumber.core.runner.Runner.runPickle(Runner.java:73)


	at io.cucumber.junit.PickleRunners$NoStepDescriptions.run(PickleRunners.java:151)


	at io.cucumber.junit.FeatureRunner.runChild(FeatureRunner.java:135)


	at io.cucumber.junit.FeatureRunner.runChild(FeatureRunner.java:27)


	at org.junit.runners.ParentRunner$4.run(ParentRunner.java:331)


	at org.junit.runners.ParentRunner$1.schedule(ParentRunner.java:79)


	at org.junit.runners.ParentRunner.runChildren(ParentRunner.java:329)


	at org.junit.runners.ParentRunner.access$100(ParentRunner.java:66)


	at org.junit.runners.ParentRunner$2.evaluate(ParentRunner.java:293)


	at org.junit.runners.ParentRunner$3.evaluate(ParentRunner.java:306)


	at org.junit.runners.ParentRunner.run(ParentRunner.java:413)


	at io.cucumber.junit.CucumberSerenityRunner.runChild(CucumberSerenityRunner.java:258)


	at io.cucumber.junit.CucumberSerenityRunner.runChild(CucumberSerenityRunner.java:57)


	at org.junit.runners.ParentRunner$4.run(ParentRunner.java:331)


	at org.apache.maven.surefire.junitcore.pc.Scheduler$1.run(Scheduler.java:405)


	at org.apache.maven.surefire.junitcore.pc.InvokerStrategy.schedule(InvokerStrategy.java:54)


	at org.apache.maven.surefire.junitcore.pc.Scheduler.schedule(Scheduler.java:362)


	at org.junit.runners.ParentRunner.runChildren(ParentRunner.java:329)


	at org.junit.runners.ParentRunner.access$100(ParentRunner.java:66)


	at org.junit.runners.ParentRunner$2.evaluate(ParentRunner.java:293)


	at io.cucumber.junit.CucumberSerenityRunner$RunCucumber.evaluate(CucumberSerenityRunner.java:286)


	at org.junit.runners.ParentRunner$3.evaluate(ParentRunner.java:306)


	at org.junit.runners.ParentRunner.run(ParentRunner.java:413)


	at org.junit.runners.Suite.runChild(Suite.java:128)


	at org.junit.runners.Suite.runChild(Suite.java:27)


	at org.junit.runners.ParentRunner$4.run(ParentRunner.java:331)


	at org.apache.maven.surefire.junitcore.pc.Scheduler$1.run(Scheduler.java:405)


	at java.util.concurrent.Executors$RunnableAdapter.call(Executors.java:511)


	at java.util.concurrent.FutureTask.run(FutureTask.java:266)


	at java.util.concurrent.ThreadPoolExecutor.runWorker(ThreadPoolExecutor.java:1149)


	at java.util.concurrent.ThreadPoolExecutor$Worker.run(ThreadPoolExecutor.java:624)


	at java.lang.Thread.run(Thread.java:750)




java.lang.RuntimeException: Some exception during recording fields


	at net.serenitybdd.rest.filters.FieldsRecordingFilter.filter(FieldsRecordingFilter.java:52)


	at io.restassured.filter.Filter$filter.call(Unknown Source)


	at io.restassured.internal.filter.FilterContextImpl.next(FilterContextImpl.groovy:72)


	at io.restassured.filter.log.RequestLoggingFilter.filter(RequestLoggingFilter.java:140)


	at net.serenitybdd.rest.filters.FieldsRecordingFilter.filter(FieldsRecordingFilter.java:40)


	at io.restassured.filter.Filter$filter.call(Unknown Source)


	at io.restassured.internal.filter.FilterContextImpl.next(FilterContextImpl.groovy:72)


	at io.restassured.filter.log.RequestLoggingFilter.filter(RequestLoggingFilter.java:140)


	at net.serenitybdd.rest.filters.FieldsRecordingFilter.filter(FieldsRecordingFilter.java:40)


	at io.restassured.filter.Filter$filter.call(Unknown Source)


	at io.restassured.internal.filter.FilterContextImpl.next(FilterContextImpl.groovy:72)


	at io.restassured.filter.log.RequestLoggingFilter.filter(RequestLoggingFilter.java:140)


	at net.serenitybdd.rest.filters.FieldsRecordingFilter.filter(FieldsRecordingFilter.java:40)


	at io.restassured.filter.Filter$filter.call(Unknown Source)


	at io.restassured.internal.filter.FilterContextImpl.next(FilterContextImpl.groovy:72)


	at io.restassured.filter.log.RequestLoggingFilter.filter(RequestLoggingFilter.java:140)


	at net.serenitybdd.rest.filters.FieldsRecordingFilter.filter(FieldsRecordingFilter.java:40)


	at io.restassured.filter.Filter$filter.call(Unknown Source)


	at io.restassured.internal.filter.FilterContextImpl.next(FilterContextImpl.groovy:72)


	at io.restassured.filter.log.RequestLoggingFilter.filter(RequestLoggingFilter.java:140)


	at net.serenitybdd.rest.filters.FieldsRecordingFilter.filter(FieldsRecordingFilter.java:40)


	at io.restassured.filter.Filter$filter.call(Unknown Source)


	at org.codehaus.groovy.runtime.callsite.CallSiteArray.defaultCall(CallSiteArray.java:47)


	at io.restassured.filter.Filter$filter$0.call(Unknown Source)


	at io.restassured.internal.filter.FilterContextImpl.next(FilterContextImpl.groovy:72)


	at io.restassured.filter.FilterContext$next.call(Unknown Source)


	at io.restassured.internal.RequestSpecificationImpl.applyPathParamsAndSendRequest(RequestSpecificationImpl.groovy:1655)


	at sun.reflect.GeneratedMethodAccessor115.invoke(Unknown Source)


	at sun.reflect.DelegatingMethodAccessorImpl.invoke(DelegatingMethodAccessorImpl.java:43)


	at java.lang.reflect.Method.invoke(Method.java:498)


	at org.codehaus.groovy.reflection.CachedMethod.invoke(CachedMethod.java:107)


	at groovy.lang.MetaMethod.doMethodInvoke(MetaMethod.java:323)


	at groovy.lang.MetaClassImpl.invokeMethod(MetaClassImpl.java:1267)


	at groovy.lang.MetaClassImpl.invokeMethod(MetaClassImpl.java:1034)


	at groovy.lang.MetaClassImpl.invokeMethod(MetaClassImpl.java:818)


	at groovy.lang.GroovyObject.invokeMethod(GroovyObject.java:39)


	at org.codehaus.groovy.runtime.callsite.PogoInterceptableSite.call(PogoInterceptableSite.java:45)


	at org.codehaus.groovy.runtime.callsite.PogoInterceptableSite.callCurrent(PogoInterceptableSite.java:55)


	at org.codehaus.groovy.runtime.callsite.AbstractCallSite.callCurrent(AbstractCallSite.java:203)


	at io.restassured.internal.RequestSpecificationImpl.applyPathParamsAndSendRequest(RequestSpecificationImpl.groovy:1661)


	at sun.reflect.GeneratedMethodAccessor114.invoke(Unknown Source)


	at sun.reflect.DelegatingMethodAccessorImpl.invoke(DelegatingMethodAccessorImpl.java:43)


	at java.lang.reflect.Method.invoke(Method.java:498)


	at org.codehaus.groovy.reflection.CachedMethod.invoke(CachedMethod.java:107)


	at groovy.lang.MetaMethod.doMethodInvoke(MetaMethod.java:323)


	at groovy.lang.MetaClassImpl.invokeMethod(MetaClassImpl.java:1267)


	at groovy.lang.MetaClassImpl.invokeMethod(MetaClassImpl.java:1034)


	at groovy.lang.MetaClassImpl.invokeMethod(MetaClassImpl.java:818)


	at groovy.lang.GroovyObject.invokeMethod(GroovyObject.java:39)


	at org.codehaus.groovy.runtime.callsite.PogoInterceptableSite.call(PogoInterceptableSite.java:45)


	at org.codehaus.groovy.runtime.callsite.PogoInterceptableSite.callCurrent(PogoInterceptableSite.java:55)


	at org.codehaus.groovy.runtime.callsite.AbstractCallSite.callCurrent(AbstractCallSite.java:203)


	at io.restassured.internal.RequestSpecificationImpl.post(RequestSpecificationImpl.groovy:175)


	at net.serenitybdd.rest.decorators.request.RequestSpecificationDecorated.executeCall(RequestSpecificationDecorated.java:309)


	at net.serenitybdd.rest.decorators.request.RequestSpecificationDecorated.execute(RequestSpecificationDecorated.java:268)


	at net.serenitybdd.rest.decorators.request.RequestSpecificationDecorated.post(RequestSpecificationDecorated.java:120)


	at net.serenitybdd.rest.decorators.request.RequestSpecificationDecorated.post(RequestSpecificationDecorated.java:38)


	at MusicLab.StepDefinitions.Instrument.PostCreateInstrumentStepDef.sendPostCreateInstrument(PostCreateInstrumentStepDef.java:44)


	at ?.Send post create mentor instrument(classpath:features/Cucumber/Instrument/PostCreateInstrumentNegativeCase.feature:11)


Caused by: java.io.FileNotFoundException: D:\Alterra\Automation\API\MusicLab-QE-APITesting\src\test\resources\features\JSON\ReqBody\InstrumentValidPostCreateInstrumenJsonReqBody.json (The system cannot find the file specified)


	at java.io.FileInputStream.open0(Native Method)


	at java.io.FileInputStream.open(FileInputStream.java:195)


	at java.io.FileInputStream.<init>(FileInputStream.java:138)


	at org.codehaus.groovy.runtime.ResourceGroovyMethods.newReader(ResourceGroovyMethods.java:1797)


	at org.codehaus.groovy.runtime.ResourceGroovyMethods.getText(ResourceGroovyMethods.java:579)


	at org.codehaus.groovy.runtime.dgm$1042.invoke(Unknown Source)


	at org.codehaus.groovy.runtime.callsite.PojoMetaMethodSite$PojoMetaMethodSiteNoUnwrapNoCoerce.invoke(PojoMetaMethodSite.java:247)


	at org.codehaus.groovy.runtime.callsite.PojoMetaMethodSite.call(PojoMetaMethodSite.java:56)


	at org.codehaus.groovy.runtime.callsite.AbstractCallSite.call(AbstractCallSite.java:139)


	at io.restassured.internal.support.FileReader.readToString(FileReader.groovy:23)


	at io.restassured.internal.http.EncoderRegistry.toString(EncoderRegistry.java:461)


	at io.restassured.internal.http.EncoderRegistry.encodeJSON(EncoderRegistry.java:287)


	at sun.reflect.GeneratedMethodAccessor185.invoke(Unknown Source)


	at sun.reflect.DelegatingMethodAccessorImpl.invoke(DelegatingMethodAccessorImpl.java:43)


	at java.lang.reflect.Method.invoke(Method.java:498)


	at org.codehaus.groovy.reflection.CachedMethod.invoke(CachedMethod.java:107)


	at groovy.lang.MetaMethod.doMethodInvoke(MetaMethod.java:323)


	at groovy.lang.MetaClassImpl.invokeMethod(MetaClassImpl.java:1267)


	at groovy.lang.MetaClassImpl.invokeMethodClosure(MetaClassImpl.java:1047)


	at groovy.lang.MetaClassImpl.invokeMethod(MetaClassImpl.java:1141)


	at groovy.lang.MetaClassImpl.invokeMethod(MetaClassImpl.java:1034)


	at groovy.lang.Closure.call(Closure.java:412)


	at io.restassured.internal.http.HTTPBuilder$RequestConfigDelegate.setBody(HTTPBuilder.java:1114)


	at io.restassured.internal.http.HTTPBuilder$RequestConfigDelegate.setPropertiesFromMap(HTTPBuilder.java:1026)


	at io.restassured.internal.http.HTTPBuilder.post(HTTPBuilder.java:345)


	at io.restassured.internal.http.HTTPBuilder$post$2.call(Unknown Source)


	at io.restassured.internal.RequestSpecificationImpl.sendRequest(RequestSpecificationImpl.groovy:1181)


	at sun.reflect.GeneratedMethodAccessor121.invoke(Unknown Source)


	at sun.reflect.DelegatingMethodAccessorImpl.invoke(DelegatingMethodAccessorImpl.java:43)


	at java.lang.reflect.Method.invoke(Method.java:498)


	at org.codehaus.groovy.reflection.CachedMethod.invoke(CachedMethod.java:107)


	at groovy.lang.MetaMethod.doMethodInvoke(MetaMethod.java:323)


	at groovy.lang.MetaClassImpl.invokeMethod(MetaClassImpl.java:1267)


	at groovy.lang.MetaClassImpl.invokeMethod(MetaClassImpl.java:1034)


	at groovy.lang.MetaClassImpl.invokeMethod(MetaClassImpl.java:818)


	at groovy.lang.GroovyObject.invokeMethod(GroovyObject.java:39)


	at org.codehaus.groovy.runtime.callsite.PogoInterceptableSite.call(PogoInterceptableSite.java:45)


	at org.codehaus.groovy.runtime.callsite.AbstractCallSite.call(AbstractCallSite.java:166)


	at io.restassured.internal.filter.SendRequestFilter.filter(SendRequestFilter.groovy:30)


	at io.restassured.filter.Filter$filter$0.call(Unknown Source)


	at org.codehaus.groovy.runtime.callsite.CallSiteArray.defaultCall(CallSiteArray.java:47)


	at io.restassured.filter.Filter$filter.call(Unknown Source)


	at io.restassured.internal.filter.FilterContextImpl.next(FilterContextImpl.groovy:72)


	at io.restassured.filter.time.TimingFilter.filter(TimingFilter.java:56)


	at io.restassured.filter.Filter$filter.call(Unknown Source)


	at org.codehaus.groovy.runtime.callsite.CallSiteArray.defaultCall(CallSiteArray.java:47)


	at io.restassured.filter.Filter$filter.call(Unknown Source)


	at io.restassured.internal.filter.FilterContextImpl.next(FilterContextImpl.groovy:72)


	at io.restassured.filter.log.RequestLoggingFilter.filter(RequestLoggingFilter.java:140)


	at net.serenitybdd.rest.filters.FieldsRecordingFilter.filter(FieldsRecordingFilter.java:40)


	at io.restassured.filter.Filter$filter.call(Unknown Source)


	at io.restassured.internal.filter.FilterContextImpl.next(FilterContextImpl.groovy:72)


	at io.restassured.filter.log.RequestLoggingFilter.filter(RequestLoggingFilter.java:140)


	at net.serenitybdd.rest.filters.FieldsRecordingFilter.filter(FieldsRecordingFilter.java:40)


	at io.restassured.filter.Filter$filter.call(Unknown Source)


	at io.restassured.internal.filter.FilterContextImpl.next(FilterContextImpl.groovy:72)


	at io.restassured.filter.log.RequestLoggingFilter.filter(RequestLoggingFilter.java:140)


	at net.serenitybdd.rest.filters.FieldsRecordingFilter.filter(FieldsRecordingFilter.java:40)


	at io.restassured.filter.Filter$filter.call(Unknown Source)


	at io.restassured.internal.filter.FilterContextImpl.next(FilterContextImpl.groovy:72)


	at io.restassured.filter.log.RequestLoggingFilter.filter(RequestLoggingFilter.java:140)


	at net.serenitybdd.rest.filters.FieldsRecordingFilter.filter(FieldsRecordingFilter.java:40)


	at io.restassured.filter.Filter$filter.call(Unknown Source)


	at io.restassured.internal.filter.FilterContextImpl.next(FilterContextImpl.groovy:72)


	at io.restassured.filter.log.RequestLoggingFilter.filter(RequestLoggingFilter.java:140)


	at net.serenitybdd.rest.filters.FieldsRecordingFilter.filter(FieldsRecordingFilter.java:40)


	at io.restassured.filter.Filter$filter.call(Unknown Source)


	at io.restassured.internal.filter.FilterContextImpl.next(FilterContextImpl.groovy:72)


	at io.restassured.filter.log.RequestLoggingFilter.filter(RequestLoggingFilter.java:140)


	at net.serenitybdd.rest.filters.FieldsRecordingFilter.filter(FieldsRecordingFilter.java:40)


	at io.restassured.filter.Filter$filter.call(Unknown Source)


	at org.codehaus.groovy.runtime.callsite.CallSiteArray.defaultCall(CallSiteArray.java:47)


	at io.restassured.filter.Filter$filter$0.call(Unknown Source)


	at io.restassured.internal.filter.FilterContextImpl.next(FilterContextImpl.groovy:72)


	at io.restassured.filter.FilterContext$next.call(Unknown Source)


	at io.restassured.internal.RequestSpecificationImpl.applyPathParamsAndSendRequest(RequestSpecificationImpl.groovy:1655)


	at sun.reflect.GeneratedMethodAccessor115.invoke(Unknown Source)


	at sun.reflect.DelegatingMethodAccessorImpl.invoke(DelegatingMethodAccessorImpl.java:43)


	at java.lang.reflect.Method.invoke(Method.java:498)


	at org.codehaus.groovy.reflection.CachedMethod.invoke(CachedMethod.java:107)


	at groovy.lang.MetaMethod.doMethodInvoke(MetaMethod.java:323)


	at groovy.lang.MetaClassImpl.invokeMethod(MetaClassImpl.java:1267)


	at groovy.lang.MetaClassImpl.invokeMethod(MetaClassImpl.java:1034)


	at groovy.lang.MetaClassImpl.invokeMethod(MetaClassImpl.java:818)


	at groovy.lang.GroovyObject.invokeMethod(GroovyObject.java:39)


	at org.codehaus.groovy.runtime.callsite.PogoInterceptableSite.call(PogoInterceptableSite.java:45)


	at org.codehaus.groovy.runtime.callsite.PogoInterceptableSite.callCurrent(PogoInterceptableSite.java:55)


	at org.codehaus.groovy.runtime.callsite.AbstractCallSite.callCurrent(AbstractCallSite.java:203)


	at io.restassured.internal.RequestSpecificationImpl.applyPathParamsAndSendRequest(RequestSpecificationImpl.groovy:1661)


	at sun.reflect.GeneratedMethodAccessor114.invoke(Unknown Source)


	at sun.reflect.DelegatingMethodAccessorImpl.invoke(DelegatingMethodAccessorImpl.java:43)


	at java.lang.reflect.Method.invoke(Method.java:498)


	at org.codehaus.groovy.reflection.CachedMethod.invoke(CachedMethod.java:107)


	at groovy.lang.MetaMethod.doMethodInvoke(MetaMethod.java:323)


	at groovy.lang.MetaClassImpl.invokeMethod(MetaClassImpl.java:1267)


	at groovy.lang.MetaClassImpl.invokeMethod(MetaClassImpl.java:1034)


	at groovy.lang.MetaClassImpl.invokeMethod(MetaClassImpl.java:818)


	at groovy.lang.GroovyObject.invokeMethod(GroovyObject.java:39)


	at org.codehaus.groovy.runtime.callsite.PogoInterceptableSite.call(PogoInterceptableSite.java:45)


	at org.codehaus.groovy.runtime.callsite.PogoInterceptableSite.callCurrent(PogoInterceptableSite.java:55)


	at org.codehaus.groovy.runtime.callsite.AbstractCallSite.callCurrent(AbstractCallSite.java:203)


	at io.restassured.internal.RequestSpecificationImpl.post(RequestSpecificationImpl.groovy:175)


	at net.serenitybdd.rest.decorators.request.RequestSpecificationDecorated.executeCall(RequestSpecificationDecorated.java:309)


	at net.serenitybdd.rest.decorators.request.RequestSpecificationDecorated.execute(RequestSpecificationDecorated.java:268)


	at net.serenitybdd.rest.decorators.request.RequestSpecificationDecorated.post(RequestSpecificationDecorated.java:120)


	at net.serenitybdd.rest.decorators.request.RequestSpecificationDecorated.post(RequestSpecificationDecorated.java:38)


	at MusicLab.StepDefinitions.Instrument.PostCreateInstrumentStepDef.sendPostCreateInstrument(PostCreateInstrumentStepDef.java:44)


	at sun.reflect.NativeMethodAccessorImpl.invoke0(Native Method)


	at sun.reflect.NativeMethodAccessorImpl.invoke(NativeMethodAccessorImpl.java:62)


	at sun.reflect.DelegatingMethodAccessorImpl.invoke(DelegatingMethodAccessorImpl.java:43)


	at java.lang.reflect.Method.invoke(Method.java:498)


	at io.cucumber.java.Invoker.doInvoke(Invoker.java:66)


	at io.cucumber.java.Invoker.invoke(Invoker.java:24)


	at io.cucumber.java.AbstractGlueDefinition.invokeMethod(AbstractGlueDefinition.java:47)


	at io.cucumber.java.JavaStepDefinition.execute(JavaStepDefinition.java:29)


	at io.cucumber.core.runner.CoreStepDefinition.execute(CoreStepDefinition.java:66)


	at io.cucumber.core.runner.PickleStepDefinitionMatch.runStep(PickleStepDefinitionMatch.java:63)


	at io.cucumber.core.runner.ExecutionMode$1.execute(ExecutionMode.java:10)


	at io.cucumber.core.runner.TestStep.executeStep(TestStep.java:92)


	at io.cucumber.core.runner.TestStep.run(TestStep.java:64)


	at io.cucumber.core.runner.PickleStepTestStep.run(PickleStepTestStep.java:51)


	at io.cucumber.core.runner.TestCase.run(TestCase.java:104)


	at io.cucumber.core.runner.Runner.runPickle(Runner.java:73)


	at io.cucumber.junit.PickleRunners$NoStepDescriptions.run(PickleRunners.java:151)


	at io.cucumber.junit.FeatureRunner.runChild(FeatureRunner.java:135)


	at io.cucumber.junit.FeatureRunner.runChild(FeatureRunner.java:27)


	at org.junit.runners.ParentRunner$4.run(ParentRunner.java:331)


	at org.junit.runners.ParentRunner$1.schedule(ParentRunner.java:79)


	at org.junit.runners.ParentRunner.runChildren(ParentRunner.java:329)


	at org.junit.runners.ParentRunner.access$100(ParentRunner.java:66)


	at org.junit.runners.ParentRunner$2.evaluate(ParentRunner.java:293)


	at org.junit.runners.ParentRunner$3.evaluate(ParentRunner.java:306)


	at org.junit.runners.ParentRunner.run(ParentRunner.java:413)


	at io.cucumber.junit.CucumberSerenityRunner.runChild(CucumberSerenityRunner.java:258)


	at io.cucumber.junit.CucumberSerenityRunner.runChild(CucumberSerenityRunner.java:57)


	at org.junit.runners.ParentRunner$4.run(ParentRunner.java:331)


	at org.apache.maven.surefire.junitcore.pc.Scheduler$1.run(Scheduler.java:405)


	at org.apache.maven.surefire.junitcore.pc.InvokerStrategy.schedule(InvokerStrategy.java:54)


	at org.apache.maven.surefire.junitcore.pc.Scheduler.schedule(Scheduler.java:362)


	at org.junit.runners.ParentRunner.runChildren(ParentRunner.java:329)


	at org.junit.runners.ParentRunner.access$100(ParentRunner.java:66)


	at org.junit.runners.ParentRunner$2.evaluate(ParentRunner.java:293)


	at io.cucumber.junit.CucumberSerenityRunner$RunCucumber.evaluate(CucumberSerenityRunner.java:286)


	at org.junit.runners.ParentRunner$3.evaluate(ParentRunner.java:306)


	at org.junit.runners.ParentRunner.run(ParentRunner.java:413)


	at org.junit.runners.Suite.runChild(Suite.java:128)


	at org.junit.runners.Suite.runChild(Suite.java:27)


	at org.junit.runners.ParentRunner$4.run(ParentRunner.java:331)


	at org.apache.maven.surefire.junitcore.pc.Scheduler$1.run(Scheduler.java:405)


	at java.util.concurrent.Executors$RunnableAdapter.call(Executors.java:511)


	at java.util.concurrent.FutureTask.run(FutureTask.java:266)


	at java.util.concurrent.ThreadPoolExecutor.runWorker(ThreadPoolExecutor.java:1149)


	at java.util.concurrent.ThreadPoolExecutor$Worker.run(ThreadPoolExecutor.java:624)


	at java.lang.Thread.run(Thread.java:750)




java.lang.RuntimeException: Some exception during recording fields


	at net.serenitybdd.rest.filters.FieldsRecordingFilter.filter(FieldsRecordingFilter.java:52)


	at io.restassured.filter.Filter$filter.call(Unknown Source)


	at io.restassured.internal.filter.FilterContextImpl.next(FilterContextImpl.groovy:72)


	at io.restassured.filter.log.RequestLoggingFilter.filter(RequestLoggingFilter.java:140)


	at net.serenitybdd.rest.filters.FieldsRecordingFilter.filter(FieldsRecordingFilter.java:40)


	at io.restassured.filter.Filter$filter.call(Unknown Source)


	at io.restassured.internal.filter.FilterContextImpl.next(FilterContextImpl.groovy:72)


	at io.restassured.filter.log.RequestLoggingFilter.filter(RequestLoggingFilter.java:140)


	at net.serenitybdd.rest.filters.FieldsRecordingFilter.filter(FieldsRecordingFilter.java:40)


	at io.restassured.filter.Filter$filter.call(Unknown Source)


	at io.restassured.internal.filter.FilterContextImpl.next(FilterContextImpl.groovy:72)


	at io.restassured.filter.log.RequestLoggingFilter.filter(RequestLoggingFilter.java:140)


	at net.serenitybdd.rest.filters.FieldsRecordingFilter.filter(FieldsRecordingFilter.java:40)


	at io.restassured.filter.Filter$filter.call(Unknown Source)


	at io.restassured.internal.filter.FilterContextImpl.next(FilterContextImpl.groovy:72)


	at io.restassured.filter.log.RequestLoggingFilter.filter(RequestLoggingFilter.java:140)


	at net.serenitybdd.rest.filters.FieldsRecordingFilter.filter(FieldsRecordingFilter.java:40)


	at io.restassured.filter.Filter$filter.call(Unknown Source)


	at io.restassured.internal.filter.FilterContextImpl.next(FilterContextImpl.groovy:72)


	at io.restassured.filter.log.RequestLoggingFilter.filter(RequestLoggingFilter.java:140)


	at net.serenitybdd.rest.filters.FieldsRecordingFilter.filter(FieldsRecordingFilter.java:40)


	at io.restassured.filter.Filter$filter.call(Unknown Source)


	at org.codehaus.groovy.runtime.callsite.CallSiteArray.defaultCall(CallSiteArray.java:47)


	at io.restassured.filter.Filter$filter$0.call(Unknown Source)


	at io.restassured.internal.filter.FilterContextImpl.next(FilterContextImpl.groovy:72)


	at io.restassured.filter.FilterContext$next.call(Unknown Source)


	at io.restassured.internal.RequestSpecificationImpl.applyPathParamsAndSendRequest(RequestSpecificationImpl.groovy:1655)


	at sun.reflect.GeneratedMethodAccessor115.invoke(Unknown Source)


	at sun.reflect.DelegatingMethodAccessorImpl.invoke(DelegatingMethodAccessorImpl.java:43)


	at java.lang.reflect.Method.invoke(Method.java:498)


	at org.codehaus.groovy.reflection.CachedMethod.invoke(CachedMethod.java:107)


	at groovy.lang.MetaMethod.doMethodInvoke(MetaMethod.java:323)


	at groovy.lang.MetaClassImpl.invokeMethod(MetaClassImpl.java:1267)


	at groovy.lang.MetaClassImpl.invokeMethod(MetaClassImpl.java:1034)


	at groovy.lang.MetaClassImpl.invokeMethod(MetaClassImpl.java:818)


	at groovy.lang.GroovyObject.invokeMethod(GroovyObject.java:39)


	at org.codehaus.groovy.runtime.callsite.PogoInterceptableSite.call(PogoInterceptableSite.java:45)


	at org.codehaus.groovy.runtime.callsite.PogoInterceptableSite.callCurrent(PogoInterceptableSite.java:55)


	at org.codehaus.groovy.runtime.callsite.AbstractCallSite.callCurrent(AbstractCallSite.java:203)


	at io.restassured.internal.RequestSpecificationImpl.applyPathParamsAndSendRequest(RequestSpecificationImpl.groovy:1661)


	at sun.reflect.GeneratedMethodAccessor114.invoke(Unknown Source)


	at sun.reflect.DelegatingMethodAccessorImpl.invoke(DelegatingMethodAccessorImpl.java:43)


	at java.lang.reflect.Method.invoke(Method.java:498)


	at org.codehaus.groovy.reflection.CachedMethod.invoke(CachedMethod.java:107)


	at groovy.lang.MetaMethod.doMethodInvoke(MetaMethod.java:323)


	at groovy.lang.MetaClassImpl.invokeMethod(MetaClassImpl.java:1267)


	at groovy.lang.MetaClassImpl.invokeMethod(MetaClassImpl.java:1034)


	at groovy.lang.MetaClassImpl.invokeMethod(MetaClassImpl.java:818)


	at groovy.lang.GroovyObject.invokeMethod(GroovyObject.java:39)


	at org.codehaus.groovy.runtime.callsite.PogoInterceptableSite.call(PogoInterceptableSite.java:45)


	at org.codehaus.groovy.runtime.callsite.PogoInterceptableSite.callCurrent(PogoInterceptableSite.java:55)


	at org.codehaus.groovy.runtime.callsite.AbstractCallSite.callCurrent(AbstractCallSite.java:203)


	at io.restassured.internal.RequestSpecificationImpl.post(RequestSpecificationImpl.groovy:175)


	at net.serenitybdd.rest.decorators.request.RequestSpecificationDecorated.executeCall(RequestSpecificationDecorated.java:309)


	at net.serenitybdd.rest.decorators.request.RequestSpecificationDecorated.execute(RequestSpecificationDecorated.java:268)


	at net.serenitybdd.rest.decorators.request.RequestSpecificationDecorated.post(RequestSpecificationDecorated.java:120)


	at net.serenitybdd.rest.decorators.request.RequestSpecificationDecorated.post(RequestSpecificationDecorated.java:38)


	at MusicLab.StepDefinitions.Instrument.PostCreateInstrumentStepDef.sendPostCreateInstrument(PostCreateInstrumentStepDef.java:44)


	at ?.Send post create mentor instrument(classpath:features/Cucumber/Instrument/PostCreateInstrumentPositiveCase.feature:6)


Caused by: java.io.FileNotFoundException: D:\Alterra\Automation\API\MusicLab-QE-APITesting\src\test\resources\features\JSON\ReqBody\InstrumentValidPostCreateInstrumenJsonReqBody.json (The system cannot find the file specified)


	at java.io.FileInputStream.open0(Native Method)


	at java.io.FileInputStream.open(FileInputStream.java:195)


	at java.io.FileInputStream.<init>(FileInputStream.java:138)


	at org.codehaus.groovy.runtime.ResourceGroovyMethods.newReader(ResourceGroovyMethods.java:1797)


	at org.codehaus.groovy.runtime.ResourceGroovyMethods.getText(ResourceGroovyMethods.java:579)


	at org.codehaus.groovy.runtime.dgm$1042.invoke(Unknown Source)


	at org.codehaus.groovy.runtime.callsite.PojoMetaMethodSite$PojoMetaMethodSiteNoUnwrapNoCoerce.invoke(PojoMetaMethodSite.java:247)


	at org.codehaus.groovy.runtime.callsite.PojoMetaMethodSite.call(PojoMetaMethodSite.java:56)


	at org.codehaus.groovy.runtime.callsite.AbstractCallSite.call(AbstractCallSite.java:139)


	at io.restassured.internal.support.FileReader.readToString(FileReader.groovy:23)


	at io.restassured.internal.http.EncoderRegistry.toString(EncoderRegistry.java:461)


	at io.restassured.internal.http.EncoderRegistry.encodeJSON(EncoderRegistry.java:287)


	at sun.reflect.GeneratedMethodAccessor185.invoke(Unknown Source)


	at sun.reflect.DelegatingMethodAccessorImpl.invoke(DelegatingMethodAccessorImpl.java:43)


	at java.lang.reflect.Method.invoke(Method.java:498)


	at org.codehaus.groovy.reflection.CachedMethod.invoke(CachedMethod.java:107)


	at groovy.lang.MetaMethod.doMethodInvoke(MetaMethod.java:323)


	at groovy.lang.MetaClassImpl.invokeMethod(MetaClassImpl.java:1267)


	at groovy.lang.MetaClassImpl.invokeMethodClosure(MetaClassImpl.java:1047)


	at groovy.lang.MetaClassImpl.invokeMethod(MetaClassImpl.java:1141)


	at groovy.lang.MetaClassImpl.invokeMethod(MetaClassImpl.java:1034)


	at groovy.lang.Closure.call(Closure.java:412)


	at io.restassured.internal.http.HTTPBuilder$RequestConfigDelegate.setBody(HTTPBuilder.java:1114)


	at io.restassured.internal.http.HTTPBuilder$RequestConfigDelegate.setPropertiesFromMap(HTTPBuilder.java:1026)


	at io.restassured.internal.http.HTTPBuilder.post(HTTPBuilder.java:345)


	at io.restassured.internal.http.HTTPBuilder$post$2.call(Unknown Source)


	at io.restassured.internal.RequestSpecificationImpl.sendRequest(RequestSpecificationImpl.groovy:1181)


	at sun.reflect.GeneratedMethodAccessor121.invoke(Unknown Source)


	at sun.reflect.DelegatingMethodAccessorImpl.invoke(DelegatingMethodAccessorImpl.java:43)


	at java.lang.reflect.Method.invoke(Method.java:498)


	at org.codehaus.groovy.reflection.CachedMethod.invoke(CachedMethod.java:107)


	at groovy.lang.MetaMethod.doMethodInvoke(MetaMethod.java:323)


	at groovy.lang.MetaClassImpl.invokeMethod(MetaClassImpl.java:1267)


	at groovy.lang.MetaClassImpl.invokeMethod(MetaClassImpl.java:1034)


	at groovy.lang.MetaClassImpl.invokeMethod(MetaClassImpl.java:818)


	at groovy.lang.GroovyObject.invokeMethod(GroovyObject.java:39)


	at org.codehaus.groovy.runtime.callsite.PogoInterceptableSite.call(PogoInterceptableSite.java:45)


	at org.codehaus.groovy.runtime.callsite.AbstractCallSite.call(AbstractCallSite.java:166)


	at io.restassured.internal.filter.SendRequestFilter.filter(SendRequestFilter.groovy:30)


	at io.restassured.filter.Filter$filter$0.call(Unknown Source)


	at org.codehaus.groovy.runtime.callsite.CallSiteArray.defaultCall(CallSiteArray.java:47)


	at io.restassured.filter.Filter$filter.call(Unknown Source)


	at io.restassured.internal.filter.FilterContextImpl.next(FilterContextImpl.groovy:72)


	at io.restassured.filter.time.TimingFilter.filter(TimingFilter.java:56)


	at io.restassured.filter.Filter$filter.call(Unknown Source)


	at org.codehaus.groovy.runtime.callsite.CallSiteArray.defaultCall(CallSiteArray.java:47)


	at io.restassured.filter.Filter$filter.call(Unknown Source)


	at io.restassured.internal.filter.FilterContextImpl.next(FilterContextImpl.groovy:72)


	at io.restassured.filter.log.RequestLoggingFilter.filter(RequestLoggingFilter.java:140)


	at net.serenitybdd.rest.filters.FieldsRecordingFilter.filter(FieldsRecordingFilter.java:40)


	at io.restassured.filter.Filter$filter.call(Unknown Source)


	at io.restassured.internal.filter.FilterContextImpl.next(FilterContextImpl.groovy:72)


	at io.restassured.filter.log.RequestLoggingFilter.filter(RequestLoggingFilter.java:140)


	at net.serenitybdd.rest.filters.FieldsRecordingFilter.filter(FieldsRecordingFilter.java:40)


	at io.restassured.filter.Filter$filter.call(Unknown Source)


	at io.restassured.internal.filter.FilterContextImpl.next(FilterContextImpl.groovy:72)


	at io.restassured.filter.log.RequestLoggingFilter.filter(RequestLoggingFilter.java:140)


	at net.serenitybdd.rest.filters.FieldsRecordingFilter.filter(FieldsRecordingFilter.java:40)


	at io.restassured.filter.Filter$filter.call(Unknown Source)


	at io.restassured.internal.filter.FilterContextImpl.next(FilterContextImpl.groovy:72)


	at io.restassured.filter.log.RequestLoggingFilter.filter(RequestLoggingFilter.java:140)


	at net.serenitybdd.rest.filters.FieldsRecordingFilter.filter(FieldsRecordingFilter.java:40)


	at io.restassured.filter.Filter$filter.call(Unknown Source)


	at io.restassured.internal.filter.FilterContextImpl.next(FilterContextImpl.groovy:72)


	at io.restassured.filter.log.RequestLoggingFilter.filter(RequestLoggingFilter.java:140)


	at net.serenitybdd.rest.filters.FieldsRecordingFilter.filter(FieldsRecordingFilter.java:40)


	at io.restassured.filter.Filter$filter.call(Unknown Source)


	at io.restassured.internal.filter.FilterContextImpl.next(FilterContextImpl.groovy:72)


	at io.restassured.filter.log.RequestLoggingFilter.filter(RequestLoggingFilter.java:140)


	at net.serenitybdd.rest.filters.FieldsRecordingFilter.filter(FieldsRecordingFilter.java:40)


	at io.restassured.filter.Filter$filter.call(Unknown Source)


	at org.codehaus.groovy.runtime.callsite.CallSiteArray.defaultCall(CallSiteArray.java:47)


	at io.restassured.filter.Filter$filter$0.call(Unknown Source)


	at io.restassured.internal.filter.FilterContextImpl.next(FilterContextImpl.groovy:72)


	at io.restassured.filter.FilterContext$next.call(Unknown Source)


	at io.restassured.internal.RequestSpecificationImpl.applyPathParamsAndSendRequest(RequestSpecificationImpl.groovy:1655)


	at sun.reflect.GeneratedMethodAccessor115.invoke(Unknown Source)


	at sun.reflect.DelegatingMethodAccessorImpl.invoke(DelegatingMethodAccessorImpl.java:43)


	at java.lang.reflect.Method.invoke(Method.java:498)


	at org.codehaus.groovy.reflection.CachedMethod.invoke(CachedMethod.java:107)


	at groovy.lang.MetaMethod.doMethodInvoke(MetaMethod.java:323)


	at groovy.lang.MetaClassImpl.invokeMethod(MetaClassImpl.java:1267)


	at groovy.lang.MetaClassImpl.invokeMethod(MetaClassImpl.java:1034)


	at groovy.lang.MetaClassImpl.invokeMethod(MetaClassImpl.java:818)


	at groovy.lang.GroovyObject.invokeMethod(GroovyObject.java:39)


	at org.codehaus.groovy.runtime.callsite.PogoInterceptableSite.call(PogoInterceptableSite.java:45)


	at org.codehaus.groovy.runtime.callsite.PogoInterceptableSite.callCurrent(PogoInterceptableSite.java:55)


	at org.codehaus.groovy.runtime.callsite.AbstractCallSite.callCurrent(AbstractCallSite.java:203)


	at io.restassured.internal.RequestSpecificationImpl.applyPathParamsAndSendRequest(RequestSpecificationImpl.groovy:1661)


	at sun.reflect.GeneratedMethodAccessor114.invoke(Unknown Source)


	at sun.reflect.DelegatingMethodAccessorImpl.invoke(DelegatingMethodAccessorImpl.java:43)


	at java.lang.reflect.Method.invoke(Method.java:498)


	at org.codehaus.groovy.reflection.CachedMethod.invoke(CachedMethod.java:107)


	at groovy.lang.MetaMethod.doMethodInvoke(MetaMethod.java:323)


	at groovy.lang.MetaClassImpl.invokeMethod(MetaClassImpl.java:1267)


	at groovy.lang.MetaClassImpl.invokeMethod(MetaClassImpl.java:1034)


	at groovy.lang.MetaClassImpl.invokeMethod(MetaClassImpl.java:818)


	at groovy.lang.GroovyObject.invokeMethod(GroovyObject.java:39)


	at org.codehaus.groovy.runtime.callsite.PogoInterceptableSite.call(PogoInterceptableSite.java:45)


	at org.codehaus.groovy.runtime.callsite.PogoInterceptableSite.callCurrent(PogoInterceptableSite.java:55)


	at org.codehaus.groovy.runtime.callsite.AbstractCallSite.callCurrent(AbstractCallSite.java:203)


	at io.restassured.internal.RequestSpecificationImpl.post(RequestSpecificationImpl.groovy:175)


	at net.serenitybdd.rest.decorators.request.RequestSpecificationDecorated.executeCall(RequestSpecificationDecorated.java:309)


	at net.serenitybdd.rest.decorators.request.RequestSpecificationDecorated.execute(RequestSpecificationDecorated.java:268)


	at net.serenitybdd.rest.decorators.request.RequestSpecificationDecorated.post(RequestSpecificationDecorated.java:120)


	at net.serenitybdd.rest.decorators.request.RequestSpecificationDecorated.post(RequestSpecificationDecorated.java:38)


	at MusicLab.StepDefinitions.Instrument.PostCreateInstrumentStepDef.sendPostCreateInstrument(PostCreateInstrumentStepDef.java:44)


	at sun.reflect.NativeMethodAccessorImpl.invoke0(Native Method)


	at sun.reflect.NativeMethodAccessorImpl.invoke(NativeMethodAccessorImpl.java:62)


	at sun.reflect.DelegatingMethodAccessorImpl.invoke(DelegatingMethodAccessorImpl.java:43)


	at java.lang.reflect.Method.invoke(Method.java:498)


	at io.cucumber.java.Invoker.doInvoke(Invoker.java:66)


	at io.cucumber.java.Invoker.invoke(Invoker.java:24)


	at io.cucumber.java.AbstractGlueDefinition.invokeMethod(AbstractGlueDefinition.java:47)


	at io.cucumber.java.JavaStepDefinition.execute(JavaStepDefinition.java:29)


	at io.cucumber.core.runner.CoreStepDefinition.execute(CoreStepDefinition.java:66)


	at io.cucumber.core.runner.PickleStepDefinitionMatch.runStep(PickleStepDefinitionMatch.java:63)


	at io.cucumber.core.runner.ExecutionMode$1.execute(ExecutionMode.java:10)


	at io.cucumber.core.runner.TestStep.executeStep(TestStep.java:92)


	at io.cucumber.core.runner.TestStep.run(TestStep.java:64)


	at io.cucumber.core.runner.PickleStepTestStep.run(PickleStepTestStep.java:51)


	at io.cucumber.core.runner.TestCase.run(TestCase.java:104)


	at io.cucumber.core.runner.Runner.runPickle(Runner.java:73)


	at io.cucumber.junit.PickleRunners$NoStepDescriptions.run(PickleRunners.java:151)


	at io.cucumber.junit.FeatureRunner.runChild(FeatureRunner.java:135)


	at io.cucumber.junit.FeatureRunner.runChild(FeatureRunner.java:27)


	at org.junit.runners.ParentRunner$4.run(ParentRunner.java:331)


	at org.junit.runners.ParentRunner$1.schedule(ParentRunner.java:79)


	at org.junit.runners.ParentRunner.runChildren(ParentRunner.java:329)


	at org.junit.runners.ParentRunner.access$100(ParentRunner.java:66)


	at org.junit.runners.ParentRunner$2.evaluate(ParentRunner.java:293)


	at org.junit.runners.ParentRunner$3.evaluate(ParentRunner.java:306)


	at org.junit.runners.ParentRunner.run(ParentRunner.java:413)


	at io.cucumber.junit.CucumberSerenityRunner.runChild(CucumberSerenityRunner.java:258)


	at io.cucumber.junit.CucumberSerenityRunner.runChild(CucumberSerenityRunner.java:57)


	at org.junit.runners.ParentRunner$4.run(ParentRunner.java:331)


	at org.apache.maven.surefire.junitcore.pc.Scheduler$1.run(Scheduler.java:405)


	at org.apache.maven.surefire.junitcore.pc.InvokerStrategy.schedule(InvokerStrategy.java:54)


	at org.apache.maven.surefire.junitcore.pc.Scheduler.schedule(Scheduler.java:362)


	at org.junit.runners.ParentRunner.runChildren(ParentRunner.java:329)


	at org.junit.runners.ParentRunner.access$100(ParentRunner.java:66)


	at org.junit.runners.ParentRunner$2.evaluate(ParentRunner.java:293)


	at io.cucumber.junit.CucumberSerenityRunner$RunCucumber.evaluate(CucumberSerenityRunner.java:286)


	at org.junit.runners.ParentRunner$3.evaluate(ParentRunner.java:306)


	at org.junit.runners.ParentRunner.run(ParentRunner.java:413)


	at org.junit.runners.Suite.runChild(Suite.java:128)


	at org.junit.runners.Suite.runChild(Suite.java:27)


	at org.junit.runners.ParentRunner$4.run(ParentRunner.java:331)


	at org.apache.maven.surefire.junitcore.pc.Scheduler$1.run(Scheduler.java:405)


	at java.util.concurrent.Executors$RunnableAdapter.call(Executors.java:511)


	at java.util.concurrent.FutureTask.run(FutureTask.java:266)


	at java.util.concurrent.ThreadPoolExecutor.runWorker(ThreadPoolExecutor.java:1149)


	at java.util.concurrent.ThreadPoolExecutor$Worker.run(ThreadPoolExecutor.java:624)


	at java.lang.Thread.run(Thread.java:750)




java.lang.AssertionError: 1 expectation failed.
Expected status code <404> but was <400>.



	at sun.reflect.NativeConstructorAccessorImpl.newInstance0(Native Method)


	at sun.reflect.NativeConstructorAccessorImpl.newInstance(NativeConstructorAccessorImpl.java:62)


	at sun.reflect.DelegatingConstructorAccessorImpl.newInstance(DelegatingConstructorAccessorImpl.java:45)


	at java.lang.reflect.Constructor.newInstance(Constructor.java:423)


	at org.codehaus.groovy.reflection.CachedConstructor.invoke(CachedConstructor.java:72)


	at org.codehaus.groovy.reflection.CachedConstructor.doConstructorInvoke(CachedConstructor.java:59)


	at org.codehaus.groovy.runtime.callsite.ConstructorSite$ConstructorSiteNoUnwrap.callConstructor(ConstructorSite.java:84)


	at org.codehaus.groovy.runtime.callsite.AbstractCallSite.callConstructor(AbstractCallSite.java:277)


	at io.restassured.internal.ResponseSpecificationImpl$HamcrestAssertionClosure.validate(ResponseSpecificationImpl.groovy:493)


	at io.restassured.internal.ResponseSpecificationImpl$HamcrestAssertionClosure$validate$1.call(Unknown Source)


	at io.restassured.internal.ResponseSpecificationImpl.validateResponseIfRequired(ResponseSpecificationImpl.groovy:674)


	at sun.reflect.GeneratedMethodAccessor72.invoke(Unknown Source)


	at sun.reflect.DelegatingMethodAccessorImpl.invoke(DelegatingMethodAccessorImpl.java:43)


	at java.lang.reflect.Method.invoke(Method.java:498)


	at org.codehaus.groovy.runtime.callsite.PlainObjectMetaMethodSite.doInvoke(PlainObjectMetaMethodSite.java:43)


	at org.codehaus.groovy.runtime.callsite.PogoMetaMethodSite$PogoCachedMethodSiteNoUnwrapNoCoerce.invoke(PogoMetaMethodSite.java:193)


	at org.codehaus.groovy.runtime.callsite.PogoMetaMethodSite.callCurrent(PogoMetaMethodSite.java:61)


	at org.codehaus.groovy.runtime.callsite.AbstractCallSite.callCurrent(AbstractCallSite.java:185)


	at io.restassured.internal.ResponseSpecificationImpl.statusCode(ResponseSpecificationImpl.groovy:126)


	at io.restassured.specification.ResponseSpecification$statusCode$0.callCurrent(Unknown Source)


	at io.restassured.internal.ResponseSpecificationImpl.statusCode(ResponseSpecificationImpl.groovy:134)


	at io.restassured.internal.ValidatableResponseOptionsImpl.statusCode(ValidatableResponseOptionsImpl.java:89)


	at io.restassured.internal.ValidatableResponseImpl.super$2$statusCode(ValidatableResponseImpl.groovy)


	at sun.reflect.GeneratedMethodAccessor169.invoke(Unknown Source)


	at sun.reflect.DelegatingMethodAccessorImpl.invoke(DelegatingMethodAccessorImpl.java:43)


	at java.lang.reflect.Method.invoke(Method.java:498)


	at org.codehaus.groovy.reflection.CachedMethod.invoke(CachedMethod.java:107)


	at groovy.lang.MetaMethod.doMethodInvoke(MetaMethod.java:323)


	at groovy.lang.MetaClassImpl.invokeMethod(MetaClassImpl.java:1267)


	at org.codehaus.groovy.runtime.ScriptBytecodeAdapter.invokeMethodOnSuperN(ScriptBytecodeAdapter.java:144)


	at io.restassured.internal.ValidatableResponseImpl.statusCode(ValidatableResponseImpl.groovy:142)


	at io.restassured.internal.ValidatableResponseImpl.statusCode(ValidatableResponseImpl.groovy)


	at MusicLab.StepDefinitions.Instrument.DeleteInstrumentStepDef.statusCodeShouldBeNotFound(DeleteInstrumentStepDef.java:54)


	at ?.Status code should be 404 Not Found -Mentors_Instruments(classpath:features/Cucumber/Instrument/Z_DeleteInstrumentNegativeCase.feature:12)




io.cucumber.core.exception.CucumberException: Step [Delete instrument with blank ID {}] is defined with 0 parameters at 'MusicLab.StepDefinitions.Instrument.DeleteInstrumentStepDef.deleteInstrumentWithBlankId()'.
However, the gherkin step has 1 arguments:
 * blank
Step text: Delete instrument with blank ID blank


	at io.cucumber.core.runner.PickleStepDefinitionMatch.arityMismatch(PickleStepDefinitionMatch.java:83)


	at io.cucumber.core.runner.PickleStepDefinitionMatch.runStep(PickleStepDefinitionMatch.java:42)


	at io.cucumber.core.runner.ExecutionMode$1.execute(ExecutionMode.java:10)


	at io.cucumber.core.runner.TestStep.executeStep(TestStep.java:92)


	at io.cucumber.core.runner.TestStep.run(TestStep.java:64)


	at io.cucumber.core.runner.PickleStepTestStep.run(PickleStepTestStep.java:51)


	at io.cucumber.core.runner.TestCase.run(TestCase.java:104)


	at io.cucumber.core.runner.Runner.runPickle(Runner.java:73)


	at io.cucumber.junit.PickleRunners$NoStepDescriptions.run(PickleRunners.java:151)


	at io.cucumber.junit.FeatureRunner.runChild(FeatureRunner.java:135)


	at io.cucumber.junit.FeatureRunner.runChild(FeatureRunner.java:27)


	at org.junit.runners.ParentRunner$4.run(ParentRunner.java:331)


	at org.junit.runners.ParentRunner$1.schedule(ParentRunner.java:79)


	at org.junit.runners.ParentRunner.runChildren(ParentRunner.java:329)


	at org.junit.runners.ParentRunner.access$100(ParentRunner.java:66)


	at org.junit.runners.ParentRunner$2.evaluate(ParentRunner.java:293)


	at org.junit.runners.ParentRunner$3.evaluate(ParentRunner.java:306)


	at org.junit.runners.ParentRunner.run(ParentRunner.java:413)


	at io.cucumber.junit.CucumberSerenityRunner.runChild(CucumberSerenityRunner.java:258)


	at io.cucumber.junit.CucumberSerenityRunner.runChild(CucumberSerenityRunner.java:57)


	at org.junit.runners.ParentRunner$4.run(ParentRunner.java:331)


	at org.apache.maven.surefire.junitcore.pc.Scheduler$1.run(Scheduler.java:405)


	at org.apache.maven.surefire.junitcore.pc.InvokerStrategy.schedule(InvokerStrategy.java:54)


	at org.apache.maven.surefire.junitcore.pc.Scheduler.schedule(Scheduler.java:362)


	at org.junit.runners.ParentRunner.runChildren(ParentRunner.java:329)


	at org.junit.runners.ParentRunner.access$100(ParentRunner.java:66)


	at org.junit.runners.ParentRunner$2.evaluate(ParentRunner.java:293)


	at io.cucumber.junit.CucumberSerenityRunner$RunCucumber.evaluate(CucumberSerenityRunner.java:286)


	at org.junit.runners.ParentRunner$3.evaluate(ParentRunner.java:306)


	at org.junit.runners.ParentRunner.run(ParentRunner.java:413)


	at org.junit.runners.Suite.runChild(Suite.java:128)


	at org.junit.runners.Suite.runChild(Suite.java:27)


	at org.junit.runners.ParentRunner$4.run(ParentRunner.java:331)


	at org.apache.maven.surefire.junitcore.pc.Scheduler$1.run(Scheduler.java:405)


	at java.util.concurrent.Executors$RunnableAdapter.call(Executors.java:511)


	at java.util.concurrent.FutureTask.run(FutureTask.java:266)


	at java.util.concurrent.ThreadPoolExecutor.runWorker(ThreadPoolExecutor.java:1149)


	at java.util.concurrent.ThreadPoolExecutor$Worker.run(ThreadPoolExecutor.java:624)


	at java.lang.Thread.run(Thread.java:750)




java.lang.AssertionError: 1 expectation failed.
Expected status code <400> but was <200>.



	at sun.reflect.NativeConstructorAccessorImpl.newInstance0(Native Method)


	at sun.reflect.NativeConstructorAccessorImpl.newInstance(NativeConstructorAccessorImpl.java:62)


	at sun.reflect.DelegatingConstructorAccessorImpl.newInstance(DelegatingConstructorAccessorImpl.java:45)


	at java.lang.reflect.Constructor.newInstance(Constructor.java:423)


	at org.codehaus.groovy.reflection.CachedConstructor.invoke(CachedConstructor.java:72)


	at org.codehaus.groovy.reflection.CachedConstructor.doConstructorInvoke(CachedConstructor.java:59)


	at org.codehaus.groovy.runtime.callsite.ConstructorSite$ConstructorSiteNoUnwrap.callConstructor(ConstructorSite.java:84)


	at org.codehaus.groovy.runtime.callsite.AbstractCallSite.callConstructor(AbstractCallSite.java:277)


	at io.restassured.internal.ResponseSpecificationImpl$HamcrestAssertionClosure.validate(ResponseSpecificationImpl.groovy:493)


	at io.restassured.internal.ResponseSpecificationImpl$HamcrestAssertionClosure$validate$1.call(Unknown Source)


	at io.restassured.internal.ResponseSpecificationImpl.validateResponseIfRequired(ResponseSpecificationImpl.groovy:674)


	at sun.reflect.GeneratedMethodAccessor72.invoke(Unknown Source)


	at sun.reflect.DelegatingMethodAccessorImpl.invoke(DelegatingMethodAccessorImpl.java:43)


	at java.lang.reflect.Method.invoke(Method.java:498)


	at org.codehaus.groovy.runtime.callsite.PlainObjectMetaMethodSite.doInvoke(PlainObjectMetaMethodSite.java:43)


	at org.codehaus.groovy.runtime.callsite.PogoMetaMethodSite$PogoCachedMethodSiteNoUnwrapNoCoerce.invoke(PogoMetaMethodSite.java:193)


	at org.codehaus.groovy.runtime.callsite.PogoMetaMethodSite.callCurrent(PogoMetaMethodSite.java:61)


	at org.codehaus.groovy.runtime.callsite.AbstractCallSite.callCurrent(AbstractCallSite.java:185)


	at io.restassured.internal.ResponseSpecificationImpl.statusCode(ResponseSpecificationImpl.groovy:126)


	at io.restassured.specification.ResponseSpecification$statusCode$0.callCurrent(Unknown Source)


	at io.restassured.internal.ResponseSpecificationImpl.statusCode(ResponseSpecificationImpl.groovy:134)


	at io.restassured.internal.ValidatableResponseOptionsImpl.statusCode(ValidatableResponseOptionsImpl.java:89)


	at io.restassured.internal.ValidatableResponseImpl.super$2$statusCode(ValidatableResponseImpl.groovy)


	at sun.reflect.GeneratedMethodAccessor169.invoke(Unknown Source)


	at sun.reflect.DelegatingMethodAccessorImpl.invoke(DelegatingMethodAccessorImpl.java:43)


	at java.lang.reflect.Method.invoke(Method.java:498)


	at org.codehaus.groovy.reflection.CachedMethod.invoke(CachedMethod.java:107)


	at groovy.lang.MetaMethod.doMethodInvoke(MetaMethod.java:323)


	at groovy.lang.MetaClassImpl.invokeMethod(MetaClassImpl.java:1267)


	at org.codehaus.groovy.runtime.ScriptBytecodeAdapter.invokeMethodOnSuperN(ScriptBytecodeAdapter.java:144)


	at io.restassured.internal.ValidatableResponseImpl.statusCode(ValidatableResponseImpl.groovy:142)


	at io.restassured.internal.ValidatableResponseImpl.statusCode(ValidatableResponseImpl.groovy)


	at MusicLab.StepDefinitions.Instrument.GetIntrumentStepDef.statusCodeShouldBeBadRequest(GetIntrumentStepDef.java:57)


	at ?.Status code should be 400 Bad Request -Mentors_Instruments(classpath:features/Cucumber/Mentor/GetAllListMentorNegativeCase.feature:7)




java.lang.AssertionError: 1 expectation failed.
Expected status code <400> but was <200>.



	at sun.reflect.NativeConstructorAccessorImpl.newInstance0(Native Method)


	at sun.reflect.NativeConstructorAccessorImpl.newInstance(NativeConstructorAccessorImpl.java:62)


	at sun.reflect.DelegatingConstructorAccessorImpl.newInstance(DelegatingConstructorAccessorImpl.java:45)


	at java.lang.reflect.Constructor.newInstance(Constructor.java:423)


	at org.codehaus.groovy.reflection.CachedConstructor.invoke(CachedConstructor.java:72)


	at org.codehaus.groovy.reflection.CachedConstructor.doConstructorInvoke(CachedConstructor.java:59)


	at org.codehaus.groovy.runtime.callsite.ConstructorSite$ConstructorSiteNoUnwrap.callConstructor(ConstructorSite.java:84)


	at org.codehaus.groovy.runtime.callsite.AbstractCallSite.callConstructor(AbstractCallSite.java:277)


	at io.restassured.internal.ResponseSpecificationImpl$HamcrestAssertionClosure.validate(ResponseSpecificationImpl.groovy:493)


	at io.restassured.internal.ResponseSpecificationImpl$HamcrestAssertionClosure$validate$1.call(Unknown Source)


	at io.restassured.internal.ResponseSpecificationImpl.validateResponseIfRequired(ResponseSpecificationImpl.groovy:674)


	at sun.reflect.GeneratedMethodAccessor72.invoke(Unknown Source)


	at sun.reflect.DelegatingMethodAccessorImpl.invoke(DelegatingMethodAccessorImpl.java:43)


	at java.lang.reflect.Method.invoke(Method.java:498)


	at org.codehaus.groovy.runtime.callsite.PlainObjectMetaMethodSite.doInvoke(PlainObjectMetaMethodSite.java:43)


	at org.codehaus.groovy.runtime.callsite.PogoMetaMethodSite$PogoCachedMethodSiteNoUnwrapNoCoerce.invoke(PogoMetaMethodSite.java:193)


	at org.codehaus.groovy.runtime.callsite.PogoMetaMethodSite.callCurrent(PogoMetaMethodSite.java:61)


	at org.codehaus.groovy.runtime.callsite.AbstractCallSite.callCurrent(AbstractCallSite.java:185)


	at io.restassured.internal.ResponseSpecificationImpl.statusCode(ResponseSpecificationImpl.groovy:126)


	at io.restassured.specification.ResponseSpecification$statusCode$0.callCurrent(Unknown Source)


	at io.restassured.internal.ResponseSpecificationImpl.statusCode(ResponseSpecificationImpl.groovy:134)


	at io.restassured.internal.ValidatableResponseOptionsImpl.statusCode(ValidatableResponseOptionsImpl.java:89)


	at io.restassured.internal.ValidatableResponseImpl.super$2$statusCode(ValidatableResponseImpl.groovy)


	at sun.reflect.GeneratedMethodAccessor169.invoke(Unknown Source)


	at sun.reflect.DelegatingMethodAccessorImpl.invoke(DelegatingMethodAccessorImpl.java:43)


	at java.lang.reflect.Method.invoke(Method.java:498)


	at org.codehaus.groovy.reflection.CachedMethod.invoke(CachedMethod.java:107)


	at groovy.lang.MetaMethod.doMethodInvoke(MetaMethod.java:323)


	at groovy.lang.MetaClassImpl.invokeMethod(MetaClassImpl.java:1267)


	at org.codehaus.groovy.runtime.ScriptBytecodeAdapter.invokeMethodOnSuperN(ScriptBytecodeAdapter.java:144)


	at io.restassured.internal.ValidatableResponseImpl.statusCode(ValidatableResponseImpl.groovy:142)


	at io.restassured.internal.ValidatableResponseImpl.statusCode(ValidatableResponseImpl.groovy)


	at MusicLab.StepDefinitions.Instrument.GetIntrumentStepDef.statusCodeShouldBeBadRequest(GetIntrumentStepDef.java:57)


	at ?.Status code should be 400 Bad Request -Mentors_Instruments(classpath:features/Cucumber/Mentor/GetAllListMentorNegativeCase.feature:7)




java.lang.IllegalArgumentException: Path parameters were not correctly defined. Redundant path parameters are: mentor_id=$^%$^$%^. Undefined path parameters are: string.


	at sun.reflect.NativeConstructorAccessorImpl.newInstance0(Native Method)


	at sun.reflect.NativeConstructorAccessorImpl.newInstance(NativeConstructorAccessorImpl.java:62)


	at sun.reflect.DelegatingConstructorAccessorImpl.newInstance(DelegatingConstructorAccessorImpl.java:45)


	at java.lang.reflect.Constructor.newInstance(Constructor.java:423)


	at org.codehaus.groovy.reflection.CachedConstructor.invoke(CachedConstructor.java:72)


	at org.codehaus.groovy.reflection.CachedConstructor.doConstructorInvoke(CachedConstructor.java:59)


	at org.codehaus.groovy.runtime.callsite.ConstructorSite$ConstructorSiteNoUnwrap.callConstructor(ConstructorSite.java:84)


	at org.codehaus.groovy.runtime.callsite.CallSiteArray.defaultCallConstructor(CallSiteArray.java:59)


	at org.codehaus.groovy.runtime.callsite.AbstractCallSite.callConstructor(AbstractCallSite.java:263)


	at org.codehaus.groovy.runtime.callsite.AbstractCallSite.callConstructor(AbstractCallSite.java:277)


	at io.restassured.internal.RequestSpecificationImpl.assertCorrectNumberOfPathParams(RequestSpecificationImpl.groovy:1248)


	at sun.reflect.GeneratedMethodAccessor124.invoke(Unknown Source)


	at sun.reflect.DelegatingMethodAccessorImpl.invoke(DelegatingMethodAccessorImpl.java:43)


	at java.lang.reflect.Method.invoke(Method.java:498)


	at org.codehaus.groovy.reflection.CachedMethod.invoke(CachedMethod.java:107)


	at groovy.lang.MetaMethod.doMethodInvoke(MetaMethod.java:323)


	at groovy.lang.MetaClassImpl.invokeMethod(MetaClassImpl.java:1267)


	at groovy.lang.MetaClassImpl.invokeMethod(MetaClassImpl.java:1034)


	at groovy.lang.MetaClassImpl.invokeMethod(MetaClassImpl.java:818)


	at groovy.lang.GroovyObject.invokeMethod(GroovyObject.java:39)


	at org.codehaus.groovy.runtime.callsite.PogoInterceptableSite.call(PogoInterceptableSite.java:45)


	at org.codehaus.groovy.runtime.callsite.PogoInterceptableSite.callCurrent(PogoInterceptableSite.java:55)


	at org.codehaus.groovy.runtime.callsite.AbstractCallSite.callCurrent(AbstractCallSite.java:176)


	at io.restassured.internal.RequestSpecificationImpl.sendRequest(RequestSpecificationImpl.groovy:1135)


	at sun.reflect.GeneratedMethodAccessor121.invoke(Unknown Source)


	at sun.reflect.DelegatingMethodAccessorImpl.invoke(DelegatingMethodAccessorImpl.java:43)


	at java.lang.reflect.Method.invoke(Method.java:498)


	at org.codehaus.groovy.reflection.CachedMethod.invoke(CachedMethod.java:107)


	at groovy.lang.MetaMethod.doMethodInvoke(MetaMethod.java:323)


	at groovy.lang.MetaClassImpl.invokeMethod(MetaClassImpl.java:1267)


	at groovy.lang.MetaClassImpl.invokeMethod(MetaClassImpl.java:1034)


	at groovy.lang.MetaClassImpl.invokeMethod(MetaClassImpl.java:818)


	at groovy.lang.GroovyObject.invokeMethod(GroovyObject.java:39)


	at org.codehaus.groovy.runtime.callsite.PogoInterceptableSite.call(PogoInterceptableSite.java:45)


	at org.codehaus.groovy.runtime.callsite.AbstractCallSite.call(AbstractCallSite.java:166)


	at io.restassured.internal.filter.SendRequestFilter.filter(SendRequestFilter.groovy:30)


	at io.restassured.filter.Filter$filter$0.call(Unknown Source)


	at org.codehaus.groovy.runtime.callsite.CallSiteArray.defaultCall(CallSiteArray.java:47)


	at io.restassured.filter.Filter$filter.call(Unknown Source)


	at io.restassured.internal.filter.FilterContextImpl.next(FilterContextImpl.groovy:72)


	at io.restassured.filter.time.TimingFilter.filter(TimingFilter.java:56)


	at io.restassured.filter.Filter$filter.call(Unknown Source)


	at org.codehaus.groovy.runtime.callsite.CallSiteArray.defaultCall(CallSiteArray.java:47)


	at io.restassured.filter.Filter$filter.call(Unknown Source)


	at io.restassured.internal.filter.FilterContextImpl.next(FilterContextImpl.groovy:72)


	at io.restassured.filter.log.RequestLoggingFilter.filter(RequestLoggingFilter.java:140)


	at net.serenitybdd.rest.filters.FieldsRecordingFilter.filter(FieldsRecordingFilter.java:40)


	at io.restassured.filter.Filter$filter.call(Unknown Source)


	at io.restassured.internal.filter.FilterContextImpl.next(FilterContextImpl.groovy:72)


	at io.restassured.filter.log.RequestLoggingFilter.filter(RequestLoggingFilter.java:140)


	at net.serenitybdd.rest.filters.FieldsRecordingFilter.filter(FieldsRecordingFilter.java:40)


	at io.restassured.filter.Filter$filter.call(Unknown Source)


	at io.restassured.internal.filter.FilterContextImpl.next(FilterContextImpl.groovy:72)


	at io.restassured.filter.log.RequestLoggingFilter.filter(RequestLoggingFilter.java:140)


	at net.serenitybdd.rest.filters.FieldsRecordingFilter.filter(FieldsRecordingFilter.java:40)


	at io.restassured.filter.Filter$filter.call(Unknown Source)


	at io.restassured.internal.filter.FilterContextImpl.next(FilterContextImpl.groovy:72)


	at io.restassured.filter.log.RequestLoggingFilter.filter(RequestLoggingFilter.java:140)


	at net.serenitybdd.rest.filters.FieldsRecordingFilter.filter(FieldsRecordingFilter.java:40)


	at io.restassured.filter.Filter$filter.call(Unknown Source)


	at io.restassured.internal.filter.FilterContextImpl.next(FilterContextImpl.groovy:72)


	at io.restassured.filter.log.RequestLoggingFilter.filter(RequestLoggingFilter.java:140)


	at net.serenitybdd.rest.filters.FieldsRecordingFilter.filter(FieldsRecordingFilter.java:40)


	at io.restassured.filter.Filter$filter.call(Unknown Source)


	at io.restassured.internal.filter.FilterContextImpl.next(FilterContextImpl.groovy:72)


	at io.restassured.filter.log.RequestLoggingFilter.filter(RequestLoggingFilter.java:140)


	at net.serenitybdd.rest.filters.FieldsRecordingFilter.filter(FieldsRecordingFilter.java:40)


	at io.restassured.filter.Filter$filter.call(Unknown Source)


	at org.codehaus.groovy.runtime.callsite.CallSiteArray.defaultCall(CallSiteArray.java:47)


	at io.restassured.filter.Filter$filter$0.call(Unknown Source)


	at io.restassured.internal.filter.FilterContextImpl.next(FilterContextImpl.groovy:72)


	at io.restassured.filter.FilterContext$next.call(Unknown Source)


	at io.restassured.internal.RequestSpecificationImpl.applyPathParamsAndSendRequest(RequestSpecificationImpl.groovy:1655)


	at sun.reflect.GeneratedMethodAccessor115.invoke(Unknown Source)


	at sun.reflect.DelegatingMethodAccessorImpl.invoke(DelegatingMethodAccessorImpl.java:43)


	at java.lang.reflect.Method.invoke(Method.java:498)


	at org.codehaus.groovy.reflection.CachedMethod.invoke(CachedMethod.java:107)


	at groovy.lang.MetaMethod.doMethodInvoke(MetaMethod.java:323)


	at groovy.lang.MetaClassImpl.invokeMethod(MetaClassImpl.java:1267)


	at groovy.lang.MetaClassImpl.invokeMethod(MetaClassImpl.java:1034)


	at groovy.lang.MetaClassImpl.invokeMethod(MetaClassImpl.java:818)


	at groovy.lang.GroovyObject.invokeMethod(GroovyObject.java:39)


	at org.codehaus.groovy.runtime.callsite.PogoInterceptableSite.call(PogoInterceptableSite.java:45)


	at org.codehaus.groovy.runtime.callsite.PogoInterceptableSite.callCurrent(PogoInterceptableSite.java:55)


	at org.codehaus.groovy.runtime.callsite.AbstractCallSite.callCurrent(AbstractCallSite.java:203)


	at io.restassured.internal.RequestSpecificationImpl.applyPathParamsAndSendRequest(RequestSpecificationImpl.groovy:1661)


	at sun.reflect.GeneratedMethodAccessor114.invoke(Unknown Source)


	at sun.reflect.DelegatingMethodAccessorImpl.invoke(DelegatingMethodAccessorImpl.java:43)


	at java.lang.reflect.Method.invoke(Method.java:498)


	at org.codehaus.groovy.reflection.CachedMethod.invoke(CachedMethod.java:107)


	at groovy.lang.MetaMethod.doMethodInvoke(MetaMethod.java:323)


	at groovy.lang.MetaClassImpl.invokeMethod(MetaClassImpl.java:1267)


	at groovy.lang.MetaClassImpl.invokeMethod(MetaClassImpl.java:1034)


	at groovy.lang.MetaClassImpl.invokeMethod(MetaClassImpl.java:818)


	at groovy.lang.GroovyObject.invokeMethod(GroovyObject.java:39)


	at org.codehaus.groovy.runtime.callsite.PogoInterceptableSite.call(PogoInterceptableSite.java:45)


	at org.codehaus.groovy.runtime.callsite.PogoInterceptableSite.callCurrent(PogoInterceptableSite.java:55)


	at org.codehaus.groovy.runtime.callsite.AbstractCallSite.callCurrent(AbstractCallSite.java:203)


	at io.restassured.internal.RequestSpecificationImpl.get(RequestSpecificationImpl.groovy:171)


	at net.serenitybdd.rest.decorators.request.RequestSpecificationDecorated.executeCall(RequestSpecificationDecorated.java:311)


	at net.serenitybdd.rest.decorators.request.RequestSpecificationDecorated.execute(RequestSpecificationDecorated.java:268)


	at net.serenitybdd.rest.decorators.request.RequestSpecificationDecorated.get(RequestSpecificationDecorated.java:67)


	at net.serenitybdd.rest.decorators.request.RequestSpecificationDecorated.get(RequestSpecificationDecorated.java:38)


	at MusicLab.StepDefinitions.Mentor.GetSingleListMentorsStepDef.sendRequestGetSingleListMentorsWithInvalidId(GetSingleListMentorsStepDef.java:51)


	at ?.Send request get single mentors with invalid id(classpath:features/Cucumber/Mentor/GetSingleMentorNegativeCase.feature:6)




java.lang.IllegalArgumentException: Path parameters were not correctly defined. Redundant path parameters are: mentor_id=chuakzzz. Undefined path parameters are: string.


	at sun.reflect.NativeConstructorAccessorImpl.newInstance0(Native Method)


	at sun.reflect.NativeConstructorAccessorImpl.newInstance(NativeConstructorAccessorImpl.java:62)


	at sun.reflect.DelegatingConstructorAccessorImpl.newInstance(DelegatingConstructorAccessorImpl.java:45)


	at java.lang.reflect.Constructor.newInstance(Constructor.java:423)


	at org.codehaus.groovy.reflection.CachedConstructor.invoke(CachedConstructor.java:72)


	at org.codehaus.groovy.reflection.CachedConstructor.doConstructorInvoke(CachedConstructor.java:59)


	at org.codehaus.groovy.runtime.callsite.ConstructorSite$ConstructorSiteNoUnwrap.callConstructor(ConstructorSite.java:84)


	at org.codehaus.groovy.runtime.callsite.AbstractCallSite.callConstructor(AbstractCallSite.java:277)


	at io.restassured.internal.RequestSpecificationImpl.assertCorrectNumberOfPathParams(RequestSpecificationImpl.groovy:1248)


	at sun.reflect.GeneratedMethodAccessor124.invoke(Unknown Source)


	at sun.reflect.DelegatingMethodAccessorImpl.invoke(DelegatingMethodAccessorImpl.java:43)


	at java.lang.reflect.Method.invoke(Method.java:498)


	at org.codehaus.groovy.reflection.CachedMethod.invoke(CachedMethod.java:107)


	at groovy.lang.MetaMethod.doMethodInvoke(MetaMethod.java:323)


	at groovy.lang.MetaClassImpl.invokeMethod(MetaClassImpl.java:1267)


	at groovy.lang.MetaClassImpl.invokeMethod(MetaClassImpl.java:1034)


	at groovy.lang.MetaClassImpl.invokeMethod(MetaClassImpl.java:818)


	at groovy.lang.GroovyObject.invokeMethod(GroovyObject.java:39)


	at org.codehaus.groovy.runtime.callsite.PogoInterceptableSite.call(PogoInterceptableSite.java:45)


	at org.codehaus.groovy.runtime.callsite.PogoInterceptableSite.callCurrent(PogoInterceptableSite.java:55)


	at org.codehaus.groovy.runtime.callsite.AbstractCallSite.callCurrent(AbstractCallSite.java:176)


	at io.restassured.internal.RequestSpecificationImpl.sendRequest(RequestSpecificationImpl.groovy:1135)


	at sun.reflect.GeneratedMethodAccessor121.invoke(Unknown Source)


	at sun.reflect.DelegatingMethodAccessorImpl.invoke(DelegatingMethodAccessorImpl.java:43)


	at java.lang.reflect.Method.invoke(Method.java:498)


	at org.codehaus.groovy.reflection.CachedMethod.invoke(CachedMethod.java:107)


	at groovy.lang.MetaMethod.doMethodInvoke(MetaMethod.java:323)


	at groovy.lang.MetaClassImpl.invokeMethod(MetaClassImpl.java:1267)


	at groovy.lang.MetaClassImpl.invokeMethod(MetaClassImpl.java:1034)


	at groovy.lang.MetaClassImpl.invokeMethod(MetaClassImpl.java:818)


	at groovy.lang.GroovyObject.invokeMethod(GroovyObject.java:39)


	at org.codehaus.groovy.runtime.callsite.PogoInterceptableSite.call(PogoInterceptableSite.java:45)


	at org.codehaus.groovy.runtime.callsite.AbstractCallSite.call(AbstractCallSite.java:166)


	at io.restassured.internal.filter.SendRequestFilter.filter(SendRequestFilter.groovy:30)


	at io.restassured.filter.Filter$filter$0.call(Unknown Source)


	at org.codehaus.groovy.runtime.callsite.CallSiteArray.defaultCall(CallSiteArray.java:47)


	at io.restassured.filter.Filter$filter.call(Unknown Source)


	at io.restassured.internal.filter.FilterContextImpl.next(FilterContextImpl.groovy:72)


	at io.restassured.filter.time.TimingFilter.filter(TimingFilter.java:56)


	at io.restassured.filter.Filter$filter.call(Unknown Source)


	at org.codehaus.groovy.runtime.callsite.CallSiteArray.defaultCall(CallSiteArray.java:47)


	at io.restassured.filter.Filter$filter.call(Unknown Source)


	at io.restassured.internal.filter.FilterContextImpl.next(FilterContextImpl.groovy:72)


	at io.restassured.filter.log.RequestLoggingFilter.filter(RequestLoggingFilter.java:140)


	at net.serenitybdd.rest.filters.FieldsRecordingFilter.filter(FieldsRecordingFilter.java:40)


	at io.restassured.filter.Filter$filter.call(Unknown Source)


	at io.restassured.internal.filter.FilterContextImpl.next(FilterContextImpl.groovy:72)


	at io.restassured.filter.log.RequestLoggingFilter.filter(RequestLoggingFilter.java:140)


	at net.serenitybdd.rest.filters.FieldsRecordingFilter.filter(FieldsRecordingFilter.java:40)


	at io.restassured.filter.Filter$filter.call(Unknown Source)


	at io.restassured.internal.filter.FilterContextImpl.next(FilterContextImpl.groovy:72)


	at io.restassured.filter.log.RequestLoggingFilter.filter(RequestLoggingFilter.java:140)


	at net.serenitybdd.rest.filters.FieldsRecordingFilter.filter(FieldsRecordingFilter.java:40)


	at io.restassured.filter.Filter$filter.call(Unknown Source)


	at io.restassured.internal.filter.FilterContextImpl.next(FilterContextImpl.groovy:72)


	at io.restassured.filter.log.RequestLoggingFilter.filter(RequestLoggingFilter.java:140)


	at net.serenitybdd.rest.filters.FieldsRecordingFilter.filter(FieldsRecordingFilter.java:40)


	at io.restassured.filter.Filter$filter.call(Unknown Source)


	at io.restassured.internal.filter.FilterContextImpl.next(FilterContextImpl.groovy:72)


	at io.restassured.filter.log.RequestLoggingFilter.filter(RequestLoggingFilter.java:140)


	at net.serenitybdd.rest.filters.FieldsRecordingFilter.filter(FieldsRecordingFilter.java:40)


	at io.restassured.filter.Filter$filter.call(Unknown Source)


	at io.restassured.internal.filter.FilterContextImpl.next(FilterContextImpl.groovy:72)


	at io.restassured.filter.log.RequestLoggingFilter.filter(RequestLoggingFilter.java:140)


	at net.serenitybdd.rest.filters.FieldsRecordingFilter.filter(FieldsRecordingFilter.java:40)


	at io.restassured.filter.Filter$filter.call(Unknown Source)


	at org.codehaus.groovy.runtime.callsite.CallSiteArray.defaultCall(CallSiteArray.java:47)


	at io.restassured.filter.Filter$filter$0.call(Unknown Source)


	at io.restassured.internal.filter.FilterContextImpl.next(FilterContextImpl.groovy:72)


	at io.restassured.filter.FilterContext$next.call(Unknown Source)


	at io.restassured.internal.RequestSpecificationImpl.applyPathParamsAndSendRequest(RequestSpecificationImpl.groovy:1655)


	at sun.reflect.GeneratedMethodAccessor115.invoke(Unknown Source)


	at sun.reflect.DelegatingMethodAccessorImpl.invoke(DelegatingMethodAccessorImpl.java:43)


	at java.lang.reflect.Method.invoke(Method.java:498)


	at org.codehaus.groovy.reflection.CachedMethod.invoke(CachedMethod.java:107)


	at groovy.lang.MetaMethod.doMethodInvoke(MetaMethod.java:323)


	at groovy.lang.MetaClassImpl.invokeMethod(MetaClassImpl.java:1267)


	at groovy.lang.MetaClassImpl.invokeMethod(MetaClassImpl.java:1034)


	at groovy.lang.MetaClassImpl.invokeMethod(MetaClassImpl.java:818)


	at groovy.lang.GroovyObject.invokeMethod(GroovyObject.java:39)


	at org.codehaus.groovy.runtime.callsite.PogoInterceptableSite.call(PogoInterceptableSite.java:45)


	at org.codehaus.groovy.runtime.callsite.PogoInterceptableSite.callCurrent(PogoInterceptableSite.java:55)


	at org.codehaus.groovy.runtime.callsite.AbstractCallSite.callCurrent(AbstractCallSite.java:203)


	at io.restassured.internal.RequestSpecificationImpl.applyPathParamsAndSendRequest(RequestSpecificationImpl.groovy:1661)


	at sun.reflect.GeneratedMethodAccessor114.invoke(Unknown Source)


	at sun.reflect.DelegatingMethodAccessorImpl.invoke(DelegatingMethodAccessorImpl.java:43)


	at java.lang.reflect.Method.invoke(Method.java:498)


	at org.codehaus.groovy.reflection.CachedMethod.invoke(CachedMethod.java:107)


	at groovy.lang.MetaMethod.doMethodInvoke(MetaMethod.java:323)


	at groovy.lang.MetaClassImpl.invokeMethod(MetaClassImpl.java:1267)


	at groovy.lang.MetaClassImpl.invokeMethod(MetaClassImpl.java:1034)


	at groovy.lang.MetaClassImpl.invokeMethod(MetaClassImpl.java:818)


	at groovy.lang.GroovyObject.invokeMethod(GroovyObject.java:39)


	at org.codehaus.groovy.runtime.callsite.PogoInterceptableSite.call(PogoInterceptableSite.java:45)


	at org.codehaus.groovy.runtime.callsite.PogoInterceptableSite.callCurrent(PogoInterceptableSite.java:55)


	at org.codehaus.groovy.runtime.callsite.AbstractCallSite.callCurrent(AbstractCallSite.java:203)


	at io.restassured.internal.RequestSpecificationImpl.get(RequestSpecificationImpl.groovy:171)


	at net.serenitybdd.rest.decorators.request.RequestSpecificationDecorated.executeCall(RequestSpecificationDecorated.java:311)


	at net.serenitybdd.rest.decorators.request.RequestSpecificationDecorated.execute(RequestSpecificationDecorated.java:268)


	at net.serenitybdd.rest.decorators.request.RequestSpecificationDecorated.get(RequestSpecificationDecorated.java:67)


	at net.serenitybdd.rest.decorators.request.RequestSpecificationDecorated.get(RequestSpecificationDecorated.java:38)


	at MusicLab.StepDefinitions.Mentor.GetSingleListMentorsStepDef.sendRequestGetSingleListMentorsWithInvalidId(GetSingleListMentorsStepDef.java:51)


	at ?.Send request get single mentors with invalid id(classpath:features/Cucumber/Mentor/GetSingleMentorNegativeCase.feature:6)




java.lang.IllegalArgumentException: Path parameters were not correctly defined. Redundant path parameters are: mentor_id=100000000000000000000000. Undefined path parameters are: string.


	at sun.reflect.NativeConstructorAccessorImpl.newInstance0(Native Method)


	at sun.reflect.NativeConstructorAccessorImpl.newInstance(NativeConstructorAccessorImpl.java:62)


	at sun.reflect.DelegatingConstructorAccessorImpl.newInstance(DelegatingConstructorAccessorImpl.java:45)


	at java.lang.reflect.Constructor.newInstance(Constructor.java:423)


	at org.codehaus.groovy.reflection.CachedConstructor.invoke(CachedConstructor.java:72)


	at org.codehaus.groovy.reflection.CachedConstructor.doConstructorInvoke(CachedConstructor.java:59)


	at org.codehaus.groovy.runtime.callsite.ConstructorSite$ConstructorSiteNoUnwrap.callConstructor(ConstructorSite.java:84)


	at org.codehaus.groovy.runtime.callsite.AbstractCallSite.callConstructor(AbstractCallSite.java:277)


	at io.restassured.internal.RequestSpecificationImpl.assertCorrectNumberOfPathParams(RequestSpecificationImpl.groovy:1248)


	at sun.reflect.GeneratedMethodAccessor124.invoke(Unknown Source)


	at sun.reflect.DelegatingMethodAccessorImpl.invoke(DelegatingMethodAccessorImpl.java:43)


	at java.lang.reflect.Method.invoke(Method.java:498)


	at org.codehaus.groovy.reflection.CachedMethod.invoke(CachedMethod.java:107)


	at groovy.lang.MetaMethod.doMethodInvoke(MetaMethod.java:323)


	at groovy.lang.MetaClassImpl.invokeMethod(MetaClassImpl.java:1267)


	at groovy.lang.MetaClassImpl.invokeMethod(MetaClassImpl.java:1034)


	at groovy.lang.MetaClassImpl.invokeMethod(MetaClassImpl.java:818)


	at groovy.lang.GroovyObject.invokeMethod(GroovyObject.java:39)


	at org.codehaus.groovy.runtime.callsite.PogoInterceptableSite.call(PogoInterceptableSite.java:45)


	at org.codehaus.groovy.runtime.callsite.PogoInterceptableSite.callCurrent(PogoInterceptableSite.java:55)


	at org.codehaus.groovy.runtime.callsite.AbstractCallSite.callCurrent(AbstractCallSite.java:176)


	at io.restassured.internal.RequestSpecificationImpl.sendRequest(RequestSpecificationImpl.groovy:1135)


	at sun.reflect.GeneratedMethodAccessor121.invoke(Unknown Source)


	at sun.reflect.DelegatingMethodAccessorImpl.invoke(DelegatingMethodAccessorImpl.java:43)


	at java.lang.reflect.Method.invoke(Method.java:498)


	at org.codehaus.groovy.reflection.CachedMethod.invoke(CachedMethod.java:107)


	at groovy.lang.MetaMethod.doMethodInvoke(MetaMethod.java:323)


	at groovy.lang.MetaClassImpl.invokeMethod(MetaClassImpl.java:1267)


	at groovy.lang.MetaClassImpl.invokeMethod(MetaClassImpl.java:1034)


	at groovy.lang.MetaClassImpl.invokeMethod(MetaClassImpl.java:818)


	at groovy.lang.GroovyObject.invokeMethod(GroovyObject.java:39)


	at org.codehaus.groovy.runtime.callsite.PogoInterceptableSite.call(PogoInterceptableSite.java:45)


	at org.codehaus.groovy.runtime.callsite.AbstractCallSite.call(AbstractCallSite.java:166)


	at io.restassured.internal.filter.SendRequestFilter.filter(SendRequestFilter.groovy:30)


	at io.restassured.filter.Filter$filter$0.call(Unknown Source)


	at org.codehaus.groovy.runtime.callsite.CallSiteArray.defaultCall(CallSiteArray.java:47)


	at io.restassured.filter.Filter$filter.call(Unknown Source)


	at io.restassured.internal.filter.FilterContextImpl.next(FilterContextImpl.groovy:72)


	at io.restassured.filter.time.TimingFilter.filter(TimingFilter.java:56)


	at io.restassured.filter.Filter$filter.call(Unknown Source)


	at org.codehaus.groovy.runtime.callsite.CallSiteArray.defaultCall(CallSiteArray.java:47)


	at io.restassured.filter.Filter$filter.call(Unknown Source)


	at io.restassured.internal.filter.FilterContextImpl.next(FilterContextImpl.groovy:72)


	at io.restassured.filter.log.RequestLoggingFilter.filter(RequestLoggingFilter.java:140)


	at net.serenitybdd.rest.filters.FieldsRecordingFilter.filter(FieldsRecordingFilter.java:40)


	at io.restassured.filter.Filter$filter.call(Unknown Source)


	at io.restassured.internal.filter.FilterContextImpl.next(FilterContextImpl.groovy:72)


	at io.restassured.filter.log.RequestLoggingFilter.filter(RequestLoggingFilter.java:140)


	at net.serenitybdd.rest.filters.FieldsRecordingFilter.filter(FieldsRecordingFilter.java:40)


	at io.restassured.filter.Filter$filter.call(Unknown Source)


	at io.restassured.internal.filter.FilterContextImpl.next(FilterContextImpl.groovy:72)


	at io.restassured.filter.log.RequestLoggingFilter.filter(RequestLoggingFilter.java:140)


	at net.serenitybdd.rest.filters.FieldsRecordingFilter.filter(FieldsRecordingFilter.java:40)


	at io.restassured.filter.Filter$filter.call(Unknown Source)


	at io.restassured.internal.filter.FilterContextImpl.next(FilterContextImpl.groovy:72)


	at io.restassured.filter.log.RequestLoggingFilter.filter(RequestLoggingFilter.java:140)


	at net.serenitybdd.rest.filters.FieldsRecordingFilter.filter(FieldsRecordingFilter.java:40)


	at io.restassured.filter.Filter$filter.call(Unknown Source)


	at io.restassured.internal.filter.FilterContextImpl.next(FilterContextImpl.groovy:72)


	at io.restassured.filter.log.RequestLoggingFilter.filter(RequestLoggingFilter.java:140)


	at net.serenitybdd.rest.filters.FieldsRecordingFilter.filter(FieldsRecordingFilter.java:40)


	at io.restassured.filter.Filter$filter.call(Unknown Source)


	at io.restassured.internal.filter.FilterContextImpl.next(FilterContextImpl.groovy:72)


	at io.restassured.filter.log.RequestLoggingFilter.filter(RequestLoggingFilter.java:140)


	at net.serenitybdd.rest.filters.FieldsRecordingFilter.filter(FieldsRecordingFilter.java:40)


	at io.restassured.filter.Filter$filter.call(Unknown Source)


	at org.codehaus.groovy.runtime.callsite.CallSiteArray.defaultCall(CallSiteArray.java:47)


	at io.restassured.filter.Filter$filter$0.call(Unknown Source)


	at io.restassured.internal.filter.FilterContextImpl.next(FilterContextImpl.groovy:72)


	at io.restassured.filter.FilterContext$next.call(Unknown Source)


	at io.restassured.internal.RequestSpecificationImpl.applyPathParamsAndSendRequest(RequestSpecificationImpl.groovy:1655)


	at sun.reflect.GeneratedMethodAccessor115.invoke(Unknown Source)


	at sun.reflect.DelegatingMethodAccessorImpl.invoke(DelegatingMethodAccessorImpl.java:43)


	at java.lang.reflect.Method.invoke(Method.java:498)


	at org.codehaus.groovy.reflection.CachedMethod.invoke(CachedMethod.java:107)


	at groovy.lang.MetaMethod.doMethodInvoke(MetaMethod.java:323)


	at groovy.lang.MetaClassImpl.invokeMethod(MetaClassImpl.java:1267)


	at groovy.lang.MetaClassImpl.invokeMethod(MetaClassImpl.java:1034)


	at groovy.lang.MetaClassImpl.invokeMethod(MetaClassImpl.java:818)


	at groovy.lang.GroovyObject.invokeMethod(GroovyObject.java:39)


	at org.codehaus.groovy.runtime.callsite.PogoInterceptableSite.call(PogoInterceptableSite.java:45)


	at org.codehaus.groovy.runtime.callsite.PogoInterceptableSite.callCurrent(PogoInterceptableSite.java:55)


	at org.codehaus.groovy.runtime.callsite.AbstractCallSite.callCurrent(AbstractCallSite.java:203)


	at io.restassured.internal.RequestSpecificationImpl.applyPathParamsAndSendRequest(RequestSpecificationImpl.groovy:1661)


	at sun.reflect.GeneratedMethodAccessor114.invoke(Unknown Source)


	at sun.reflect.DelegatingMethodAccessorImpl.invoke(DelegatingMethodAccessorImpl.java:43)


	at java.lang.reflect.Method.invoke(Method.java:498)


	at org.codehaus.groovy.reflection.CachedMethod.invoke(CachedMethod.java:107)


	at groovy.lang.MetaMethod.doMethodInvoke(MetaMethod.java:323)


	at groovy.lang.MetaClassImpl.invokeMethod(MetaClassImpl.java:1267)


	at groovy.lang.MetaClassImpl.invokeMethod(MetaClassImpl.java:1034)


	at groovy.lang.MetaClassImpl.invokeMethod(MetaClassImpl.java:818)


	at groovy.lang.GroovyObject.invokeMethod(GroovyObject.java:39)


	at org.codehaus.groovy.runtime.callsite.PogoInterceptableSite.call(PogoInterceptableSite.java:45)


	at org.codehaus.groovy.runtime.callsite.PogoInterceptableSite.callCurrent(PogoInterceptableSite.java:55)


	at org.codehaus.groovy.runtime.callsite.AbstractCallSite.callCurrent(AbstractCallSite.java:203)


	at io.restassured.internal.RequestSpecificationImpl.get(RequestSpecificationImpl.groovy:171)


	at net.serenitybdd.rest.decorators.request.RequestSpecificationDecorated.executeCall(RequestSpecificationDecorated.java:311)


	at net.serenitybdd.rest.decorators.request.RequestSpecificationDecorated.execute(RequestSpecificationDecorated.java:268)


	at net.serenitybdd.rest.decorators.request.RequestSpecificationDecorated.get(RequestSpecificationDecorated.java:67)


	at net.serenitybdd.rest.decorators.request.RequestSpecificationDecorated.get(RequestSpecificationDecorated.java:38)


	at MusicLab.StepDefinitions.Mentor.GetSingleListMentorsStepDef.sendRequestGetSingleListMentorsWithInvalidId(GetSingleListMentorsStepDef.java:51)


	at ?.Send request get single mentors with invalid id(classpath:features/Cucumber/Mentor/GetSingleMentorNegativeCase.feature:6)




io.cucumber.core.exception.CucumberException: Step [Get single mentors with blank ID {}] is defined with 0 parameters at 'MusicLab.StepDefinitions.Mentor.GetSingleListMentorsStepDef.getSingleMentorsWithblankId()'.
However, the gherkin step has 1 arguments:
 * blank
Step text: Get single mentors with blank ID blank


	at io.cucumber.core.runner.PickleStepDefinitionMatch.arityMismatch(PickleStepDefinitionMatch.java:83)


	at io.cucumber.core.runner.PickleStepDefinitionMatch.runStep(PickleStepDefinitionMatch.java:42)


	at io.cucumber.core.runner.ExecutionMode$1.execute(ExecutionMode.java:10)


	at io.cucumber.core.runner.TestStep.executeStep(TestStep.java:92)


	at io.cucumber.core.runner.TestStep.run(TestStep.java:64)


	at io.cucumber.core.runner.PickleStepTestStep.run(PickleStepTestStep.java:51)


	at io.cucumber.core.runner.TestCase.run(TestCase.java:104)


	at io.cucumber.core.runner.Runner.runPickle(Runner.java:73)


	at io.cucumber.junit.PickleRunners$NoStepDescriptions.run(PickleRunners.java:151)


	at io.cucumber.junit.FeatureRunner.runChild(FeatureRunner.java:135)


	at io.cucumber.junit.FeatureRunner.runChild(FeatureRunner.java:27)


	at org.junit.runners.ParentRunner$4.run(ParentRunner.java:331)


	at org.junit.runners.ParentRunner$1.schedule(ParentRunner.java:79)


	at org.junit.runners.ParentRunner.runChildren(ParentRunner.java:329)


	at org.junit.runners.ParentRunner.access$100(ParentRunner.java:66)


	at org.junit.runners.ParentRunner$2.evaluate(ParentRunner.java:293)


	at org.junit.runners.ParentRunner$3.evaluate(ParentRunner.java:306)


	at org.junit.runners.ParentRunner.run(ParentRunner.java:413)


	at io.cucumber.junit.CucumberSerenityRunner.runChild(CucumberSerenityRunner.java:258)


	at io.cucumber.junit.CucumberSerenityRunner.runChild(CucumberSerenityRunner.java:57)


	at org.junit.runners.ParentRunner$4.run(ParentRunner.java:331)


	at org.apache.maven.surefire.junitcore.pc.Scheduler$1.run(Scheduler.java:405)


	at org.apache.maven.surefire.junitcore.pc.InvokerStrategy.schedule(InvokerStrategy.java:54)


	at org.apache.maven.surefire.junitcore.pc.Scheduler.schedule(Scheduler.java:362)


	at org.junit.runners.ParentRunner.runChildren(ParentRunner.java:329)


	at org.junit.runners.ParentRunner.access$100(ParentRunner.java:66)


	at org.junit.runners.ParentRunner$2.evaluate(ParentRunner.java:293)


	at io.cucumber.junit.CucumberSerenityRunner$RunCucumber.evaluate(CucumberSerenityRunner.java:286)


	at org.junit.runners.ParentRunner$3.evaluate(ParentRunner.java:306)


	at org.junit.runners.ParentRunner.run(ParentRunner.java:413)


	at org.junit.runners.Suite.runChild(Suite.java:128)


	at org.junit.runners.Suite.runChild(Suite.java:27)


	at org.junit.runners.ParentRunner$4.run(ParentRunner.java:331)


	at org.apache.maven.surefire.junitcore.pc.Scheduler$1.run(Scheduler.java:405)


	at java.util.concurrent.Executors$RunnableAdapter.call(Executors.java:511)


	at java.util.concurrent.FutureTask.run(FutureTask.java:266)


	at java.util.concurrent.ThreadPoolExecutor.runWorker(ThreadPoolExecutor.java:1149)


	at java.util.concurrent.ThreadPoolExecutor$Worker.run(ThreadPoolExecutor.java:624)


	at java.lang.Thread.run(Thread.java:750)




java.lang.AssertionError: 1 expectation failed.
Expected status code <200> but was <400>.



	at sun.reflect.NativeConstructorAccessorImpl.newInstance0(Native Method)


	at sun.reflect.NativeConstructorAccessorImpl.newInstance(NativeConstructorAccessorImpl.java:62)


	at sun.reflect.DelegatingConstructorAccessorImpl.newInstance(DelegatingConstructorAccessorImpl.java:45)


	at java.lang.reflect.Constructor.newInstance(Constructor.java:423)


	at org.codehaus.groovy.reflection.CachedConstructor.invoke(CachedConstructor.java:72)


	at org.codehaus.groovy.reflection.CachedConstructor.doConstructorInvoke(CachedConstructor.java:59)


	at org.codehaus.groovy.runtime.callsite.ConstructorSite$ConstructorSiteNoUnwrap.callConstructor(ConstructorSite.java:84)


	at org.codehaus.groovy.runtime.callsite.AbstractCallSite.callConstructor(AbstractCallSite.java:277)


	at io.restassured.internal.ResponseSpecificationImpl$HamcrestAssertionClosure.validate(ResponseSpecificationImpl.groovy:493)


	at io.restassured.internal.ResponseSpecificationImpl$HamcrestAssertionClosure$validate$1.call(Unknown Source)


	at io.restassured.internal.ResponseSpecificationImpl.validateResponseIfRequired(ResponseSpecificationImpl.groovy:674)


	at sun.reflect.GeneratedMethodAccessor72.invoke(Unknown Source)


	at sun.reflect.DelegatingMethodAccessorImpl.invoke(DelegatingMethodAccessorImpl.java:43)


	at java.lang.reflect.Method.invoke(Method.java:498)


	at org.codehaus.groovy.runtime.callsite.PlainObjectMetaMethodSite.doInvoke(PlainObjectMetaMethodSite.java:43)


	at org.codehaus.groovy.runtime.callsite.PogoMetaMethodSite$PogoCachedMethodSiteNoUnwrapNoCoerce.invoke(PogoMetaMethodSite.java:193)


	at org.codehaus.groovy.runtime.callsite.PogoMetaMethodSite.callCurrent(PogoMetaMethodSite.java:61)


	at org.codehaus.groovy.runtime.callsite.AbstractCallSite.callCurrent(AbstractCallSite.java:185)


	at io.restassured.internal.ResponseSpecificationImpl.statusCode(ResponseSpecificationImpl.groovy:126)


	at io.restassured.specification.ResponseSpecification$statusCode$0.callCurrent(Unknown Source)


	at io.restassured.internal.ResponseSpecificationImpl.statusCode(ResponseSpecificationImpl.groovy:134)


	at io.restassured.internal.ValidatableResponseOptionsImpl.statusCode(ValidatableResponseOptionsImpl.java:89)


	at io.restassured.internal.ValidatableResponseImpl.super$2$statusCode(ValidatableResponseImpl.groovy)


	at sun.reflect.GeneratedMethodAccessor169.invoke(Unknown Source)


	at sun.reflect.DelegatingMethodAccessorImpl.invoke(DelegatingMethodAccessorImpl.java:43)


	at java.lang.reflect.Method.invoke(Method.java:498)


	at org.codehaus.groovy.reflection.CachedMethod.invoke(CachedMethod.java:107)


	at groovy.lang.MetaMethod.doMethodInvoke(MetaMethod.java:323)


	at groovy.lang.MetaClassImpl.invokeMethod(MetaClassImpl.java:1267)


	at org.codehaus.groovy.runtime.ScriptBytecodeAdapter.invokeMethodOnSuperN(ScriptBytecodeAdapter.java:144)


	at io.restassured.internal.ValidatableResponseImpl.statusCode(ValidatableResponseImpl.groovy:142)


	at io.restassured.internal.ValidatableResponseImpl.statusCode(ValidatableResponseImpl.groovy)


	at MusicLab.StepDefinitions.Instrument.GetIntrumentStepDef.statusCodeShouldBeOK(GetIntrumentStepDef.java:52)


	at ?.Status code should be 200 OK -Mentors_Instruments(classpath:features/Cucumber/Mentor/PutUpdatePasswordMentorPositiveCase.feature:7)




java.lang.IllegalArgumentException: Invalid number of path parameters. Expected 1, was 0. Undefined path parameters are: mentors.


	at sun.reflect.NativeConstructorAccessorImpl.newInstance0(Native Method)


	at sun.reflect.NativeConstructorAccessorImpl.newInstance(NativeConstructorAccessorImpl.java:62)


	at sun.reflect.DelegatingConstructorAccessorImpl.newInstance(DelegatingConstructorAccessorImpl.java:45)


	at java.lang.reflect.Constructor.newInstance(Constructor.java:423)


	at org.codehaus.groovy.reflection.CachedConstructor.invoke(CachedConstructor.java:72)


	at org.codehaus.groovy.reflection.CachedConstructor.doConstructorInvoke(CachedConstructor.java:59)


	at org.codehaus.groovy.runtime.callsite.ConstructorSite$ConstructorSiteNoUnwrap.callConstructor(ConstructorSite.java:84)


	at org.codehaus.groovy.runtime.callsite.AbstractCallSite.callConstructor(AbstractCallSite.java:277)


	at io.restassured.internal.RequestSpecificationImpl.assertCorrectNumberOfPathParams(RequestSpecificationImpl.groovy:1248)


	at sun.reflect.GeneratedMethodAccessor124.invoke(Unknown Source)


	at sun.reflect.DelegatingMethodAccessorImpl.invoke(DelegatingMethodAccessorImpl.java:43)


	at java.lang.reflect.Method.invoke(Method.java:498)


	at org.codehaus.groovy.reflection.CachedMethod.invoke(CachedMethod.java:107)


	at groovy.lang.MetaMethod.doMethodInvoke(MetaMethod.java:323)


	at groovy.lang.MetaClassImpl.invokeMethod(MetaClassImpl.java:1267)


	at groovy.lang.MetaClassImpl.invokeMethod(MetaClassImpl.java:1034)


	at groovy.lang.MetaClassImpl.invokeMethod(MetaClassImpl.java:818)


	at groovy.lang.GroovyObject.invokeMethod(GroovyObject.java:39)


	at org.codehaus.groovy.runtime.callsite.PogoInterceptableSite.call(PogoInterceptableSite.java:45)


	at org.codehaus.groovy.runtime.callsite.PogoInterceptableSite.callCurrent(PogoInterceptableSite.java:55)


	at org.codehaus.groovy.runtime.callsite.AbstractCallSite.callCurrent(AbstractCallSite.java:176)


	at io.restassured.internal.RequestSpecificationImpl.sendRequest(RequestSpecificationImpl.groovy:1135)


	at sun.reflect.GeneratedMethodAccessor121.invoke(Unknown Source)


	at sun.reflect.DelegatingMethodAccessorImpl.invoke(DelegatingMethodAccessorImpl.java:43)


	at java.lang.reflect.Method.invoke(Method.java:498)


	at org.codehaus.groovy.reflection.CachedMethod.invoke(CachedMethod.java:107)


	at groovy.lang.MetaMethod.doMethodInvoke(MetaMethod.java:323)


	at groovy.lang.MetaClassImpl.invokeMethod(MetaClassImpl.java:1267)


	at groovy.lang.MetaClassImpl.invokeMethod(MetaClassImpl.java:1034)


	at groovy.lang.MetaClassImpl.invokeMethod(MetaClassImpl.java:818)


	at groovy.lang.GroovyObject.invokeMethod(GroovyObject.java:39)


	at org.codehaus.groovy.runtime.callsite.PogoInterceptableSite.call(PogoInterceptableSite.java:45)


	at org.codehaus.groovy.runtime.callsite.AbstractCallSite.call(AbstractCallSite.java:166)


	at io.restassured.internal.filter.SendRequestFilter.filter(SendRequestFilter.groovy:30)


	at io.restassured.filter.Filter$filter$0.call(Unknown Source)


	at org.codehaus.groovy.runtime.callsite.CallSiteArray.defaultCall(CallSiteArray.java:47)


	at io.restassured.filter.Filter$filter.call(Unknown Source)


	at io.restassured.internal.filter.FilterContextImpl.next(FilterContextImpl.groovy:72)


	at io.restassured.filter.time.TimingFilter.filter(TimingFilter.java:56)


	at io.restassured.filter.Filter$filter.call(Unknown Source)


	at org.codehaus.groovy.runtime.callsite.CallSiteArray.defaultCall(CallSiteArray.java:47)


	at io.restassured.filter.Filter$filter.call(Unknown Source)


	at io.restassured.internal.filter.FilterContextImpl.next(FilterContextImpl.groovy:72)


	at io.restassured.filter.log.RequestLoggingFilter.filter(RequestLoggingFilter.java:140)


	at net.serenitybdd.rest.filters.FieldsRecordingFilter.filter(FieldsRecordingFilter.java:40)


	at io.restassured.filter.Filter$filter.call(Unknown Source)


	at io.restassured.internal.filter.FilterContextImpl.next(FilterContextImpl.groovy:72)


	at io.restassured.filter.log.RequestLoggingFilter.filter(RequestLoggingFilter.java:140)


	at net.serenitybdd.rest.filters.FieldsRecordingFilter.filter(FieldsRecordingFilter.java:40)


	at io.restassured.filter.Filter$filter.call(Unknown Source)


	at io.restassured.internal.filter.FilterContextImpl.next(FilterContextImpl.groovy:72)


	at io.restassured.filter.log.RequestLoggingFilter.filter(RequestLoggingFilter.java:140)


	at net.serenitybdd.rest.filters.FieldsRecordingFilter.filter(FieldsRecordingFilter.java:40)


	at io.restassured.filter.Filter$filter.call(Unknown Source)


	at io.restassured.internal.filter.FilterContextImpl.next(FilterContextImpl.groovy:72)


	at io.restassured.filter.log.RequestLoggingFilter.filter(RequestLoggingFilter.java:140)


	at net.serenitybdd.rest.filters.FieldsRecordingFilter.filter(FieldsRecordingFilter.java:40)


	at io.restassured.filter.Filter$filter.call(Unknown Source)


	at io.restassured.internal.filter.FilterContextImpl.next(FilterContextImpl.groovy:72)


	at io.restassured.filter.log.RequestLoggingFilter.filter(RequestLoggingFilter.java:140)


	at net.serenitybdd.rest.filters.FieldsRecordingFilter.filter(FieldsRecordingFilter.java:40)


	at io.restassured.filter.Filter$filter.call(Unknown Source)


	at io.restassured.internal.filter.FilterContextImpl.next(FilterContextImpl.groovy:72)


	at io.restassured.filter.log.RequestLoggingFilter.filter(RequestLoggingFilter.java:140)


	at net.serenitybdd.rest.filters.FieldsRecordingFilter.filter(FieldsRecordingFilter.java:40)


	at io.restassured.filter.Filter$filter.call(Unknown Source)


	at org.codehaus.groovy.runtime.callsite.CallSiteArray.defaultCall(CallSiteArray.java:47)


	at io.restassured.filter.Filter$filter$0.call(Unknown Source)


	at io.restassured.internal.filter.FilterContextImpl.next(FilterContextImpl.groovy:72)


	at io.restassured.filter.FilterContext$next.call(Unknown Source)


	at io.restassured.internal.RequestSpecificationImpl.applyPathParamsAndSendRequest(RequestSpecificationImpl.groovy:1655)


	at sun.reflect.GeneratedMethodAccessor115.invoke(Unknown Source)


	at sun.reflect.DelegatingMethodAccessorImpl.invoke(DelegatingMethodAccessorImpl.java:43)


	at java.lang.reflect.Method.invoke(Method.java:498)


	at org.codehaus.groovy.reflection.CachedMethod.invoke(CachedMethod.java:107)


	at groovy.lang.MetaMethod.doMethodInvoke(MetaMethod.java:323)


	at groovy.lang.MetaClassImpl.invokeMethod(MetaClassImpl.java:1267)


	at groovy.lang.MetaClassImpl.invokeMethod(MetaClassImpl.java:1034)


	at groovy.lang.MetaClassImpl.invokeMethod(MetaClassImpl.java:818)


	at groovy.lang.GroovyObject.invokeMethod(GroovyObject.java:39)


	at org.codehaus.groovy.runtime.callsite.PogoInterceptableSite.call(PogoInterceptableSite.java:45)


	at org.codehaus.groovy.runtime.callsite.PogoInterceptableSite.callCurrent(PogoInterceptableSite.java:55)


	at org.codehaus.groovy.runtime.callsite.AbstractCallSite.callCurrent(AbstractCallSite.java:203)


	at io.restassured.internal.RequestSpecificationImpl.applyPathParamsAndSendRequest(RequestSpecificationImpl.groovy:1661)


	at sun.reflect.GeneratedMethodAccessor114.invoke(Unknown Source)


	at sun.reflect.DelegatingMethodAccessorImpl.invoke(DelegatingMethodAccessorImpl.java:43)


	at java.lang.reflect.Method.invoke(Method.java:498)


	at org.codehaus.groovy.reflection.CachedMethod.invoke(CachedMethod.java:107)


	at groovy.lang.MetaMethod.doMethodInvoke(MetaMethod.java:323)


	at groovy.lang.MetaClassImpl.invokeMethod(MetaClassImpl.java:1267)


	at groovy.lang.MetaClassImpl.invokeMethod(MetaClassImpl.java:1034)


	at groovy.lang.MetaClassImpl.invokeMethod(MetaClassImpl.java:818)


	at groovy.lang.GroovyObject.invokeMethod(GroovyObject.java:39)


	at org.codehaus.groovy.runtime.callsite.PogoInterceptableSite.call(PogoInterceptableSite.java:45)


	at org.codehaus.groovy.runtime.callsite.PogoInterceptableSite.callCurrent(PogoInterceptableSite.java:55)


	at org.codehaus.groovy.runtime.callsite.AbstractCallSite.callCurrent(AbstractCallSite.java:203)


	at io.restassured.internal.RequestSpecificationImpl.put(RequestSpecificationImpl.groovy:179)


	at net.serenitybdd.rest.decorators.request.RequestSpecificationDecorated.executeCall(RequestSpecificationDecorated.java:315)


	at net.serenitybdd.rest.decorators.request.RequestSpecificationDecorated.execute(RequestSpecificationDecorated.java:268)


	at net.serenitybdd.rest.decorators.request.RequestSpecificationDecorated.put(RequestSpecificationDecorated.java:151)


	at net.serenitybdd.rest.decorators.request.RequestSpecificationDecorated.put(RequestSpecificationDecorated.java:38)


	at MusicLab.StepDefinitions.Mentor.PutUpdateMentorsStepDef.sendPutUpdateMentorsProfile(PutUpdateMentorsStepDef.java:67)


	at ?.Send put update mentors Profile(classpath:features/Cucumber/Mentor/PutUpdateProfileMentorNegativeCase.feature:6)




java.lang.IllegalArgumentException: Invalid number of path parameters. Expected 1, was 0. Undefined path parameters are: mentors.


	at sun.reflect.NativeConstructorAccessorImpl.newInstance0(Native Method)


	at sun.reflect.NativeConstructorAccessorImpl.newInstance(NativeConstructorAccessorImpl.java:62)


	at sun.reflect.DelegatingConstructorAccessorImpl.newInstance(DelegatingConstructorAccessorImpl.java:45)


	at java.lang.reflect.Constructor.newInstance(Constructor.java:423)


	at org.codehaus.groovy.reflection.CachedConstructor.invoke(CachedConstructor.java:72)


	at org.codehaus.groovy.reflection.CachedConstructor.doConstructorInvoke(CachedConstructor.java:59)


	at org.codehaus.groovy.runtime.callsite.ConstructorSite$ConstructorSiteNoUnwrap.callConstructor(ConstructorSite.java:84)


	at org.codehaus.groovy.runtime.callsite.AbstractCallSite.callConstructor(AbstractCallSite.java:277)


	at io.restassured.internal.RequestSpecificationImpl.assertCorrectNumberOfPathParams(RequestSpecificationImpl.groovy:1248)


	at sun.reflect.GeneratedMethodAccessor124.invoke(Unknown Source)


	at sun.reflect.DelegatingMethodAccessorImpl.invoke(DelegatingMethodAccessorImpl.java:43)


	at java.lang.reflect.Method.invoke(Method.java:498)


	at org.codehaus.groovy.reflection.CachedMethod.invoke(CachedMethod.java:107)


	at groovy.lang.MetaMethod.doMethodInvoke(MetaMethod.java:323)


	at groovy.lang.MetaClassImpl.invokeMethod(MetaClassImpl.java:1267)


	at groovy.lang.MetaClassImpl.invokeMethod(MetaClassImpl.java:1034)


	at groovy.lang.MetaClassImpl.invokeMethod(MetaClassImpl.java:818)


	at groovy.lang.GroovyObject.invokeMethod(GroovyObject.java:39)


	at org.codehaus.groovy.runtime.callsite.PogoInterceptableSite.call(PogoInterceptableSite.java:45)


	at org.codehaus.groovy.runtime.callsite.PogoInterceptableSite.callCurrent(PogoInterceptableSite.java:55)


	at org.codehaus.groovy.runtime.callsite.AbstractCallSite.callCurrent(AbstractCallSite.java:176)


	at io.restassured.internal.RequestSpecificationImpl.sendRequest(RequestSpecificationImpl.groovy:1135)


	at sun.reflect.GeneratedMethodAccessor121.invoke(Unknown Source)


	at sun.reflect.DelegatingMethodAccessorImpl.invoke(DelegatingMethodAccessorImpl.java:43)


	at java.lang.reflect.Method.invoke(Method.java:498)


	at org.codehaus.groovy.reflection.CachedMethod.invoke(CachedMethod.java:107)


	at groovy.lang.MetaMethod.doMethodInvoke(MetaMethod.java:323)


	at groovy.lang.MetaClassImpl.invokeMethod(MetaClassImpl.java:1267)


	at groovy.lang.MetaClassImpl.invokeMethod(MetaClassImpl.java:1034)


	at groovy.lang.MetaClassImpl.invokeMethod(MetaClassImpl.java:818)


	at groovy.lang.GroovyObject.invokeMethod(GroovyObject.java:39)


	at org.codehaus.groovy.runtime.callsite.PogoInterceptableSite.call(PogoInterceptableSite.java:45)


	at org.codehaus.groovy.runtime.callsite.AbstractCallSite.call(AbstractCallSite.java:166)


	at io.restassured.internal.filter.SendRequestFilter.filter(SendRequestFilter.groovy:30)


	at io.restassured.filter.Filter$filter$0.call(Unknown Source)


	at org.codehaus.groovy.runtime.callsite.CallSiteArray.defaultCall(CallSiteArray.java:47)


	at io.restassured.filter.Filter$filter.call(Unknown Source)


	at io.restassured.internal.filter.FilterContextImpl.next(FilterContextImpl.groovy:72)


	at io.restassured.filter.time.TimingFilter.filter(TimingFilter.java:56)


	at io.restassured.filter.Filter$filter.call(Unknown Source)


	at org.codehaus.groovy.runtime.callsite.CallSiteArray.defaultCall(CallSiteArray.java:47)


	at io.restassured.filter.Filter$filter.call(Unknown Source)


	at io.restassured.internal.filter.FilterContextImpl.next(FilterContextImpl.groovy:72)


	at io.restassured.filter.log.RequestLoggingFilter.filter(RequestLoggingFilter.java:140)


	at net.serenitybdd.rest.filters.FieldsRecordingFilter.filter(FieldsRecordingFilter.java:40)


	at io.restassured.filter.Filter$filter.call(Unknown Source)


	at io.restassured.internal.filter.FilterContextImpl.next(FilterContextImpl.groovy:72)


	at io.restassured.filter.log.RequestLoggingFilter.filter(RequestLoggingFilter.java:140)


	at net.serenitybdd.rest.filters.FieldsRecordingFilter.filter(FieldsRecordingFilter.java:40)


	at io.restassured.filter.Filter$filter.call(Unknown Source)


	at io.restassured.internal.filter.FilterContextImpl.next(FilterContextImpl.groovy:72)


	at io.restassured.filter.log.RequestLoggingFilter.filter(RequestLoggingFilter.java:140)


	at net.serenitybdd.rest.filters.FieldsRecordingFilter.filter(FieldsRecordingFilter.java:40)


	at io.restassured.filter.Filter$filter.call(Unknown Source)


	at io.restassured.internal.filter.FilterContextImpl.next(FilterContextImpl.groovy:72)


	at io.restassured.filter.log.RequestLoggingFilter.filter(RequestLoggingFilter.java:140)


	at net.serenitybdd.rest.filters.FieldsRecordingFilter.filter(FieldsRecordingFilter.java:40)


	at io.restassured.filter.Filter$filter.call(Unknown Source)


	at io.restassured.internal.filter.FilterContextImpl.next(FilterContextImpl.groovy:72)


	at io.restassured.filter.log.RequestLoggingFilter.filter(RequestLoggingFilter.java:140)


	at net.serenitybdd.rest.filters.FieldsRecordingFilter.filter(FieldsRecordingFilter.java:40)


	at io.restassured.filter.Filter$filter.call(Unknown Source)


	at io.restassured.internal.filter.FilterContextImpl.next(FilterContextImpl.groovy:72)


	at io.restassured.filter.log.RequestLoggingFilter.filter(RequestLoggingFilter.java:140)


	at net.serenitybdd.rest.filters.FieldsRecordingFilter.filter(FieldsRecordingFilter.java:40)


	at io.restassured.filter.Filter$filter.call(Unknown Source)


	at org.codehaus.groovy.runtime.callsite.CallSiteArray.defaultCall(CallSiteArray.java:47)


	at io.restassured.filter.Filter$filter$0.call(Unknown Source)


	at io.restassured.internal.filter.FilterContextImpl.next(FilterContextImpl.groovy:72)


	at io.restassured.filter.FilterContext$next.call(Unknown Source)


	at io.restassured.internal.RequestSpecificationImpl.applyPathParamsAndSendRequest(RequestSpecificationImpl.groovy:1655)


	at sun.reflect.GeneratedMethodAccessor115.invoke(Unknown Source)


	at sun.reflect.DelegatingMethodAccessorImpl.invoke(DelegatingMethodAccessorImpl.java:43)


	at java.lang.reflect.Method.invoke(Method.java:498)


	at org.codehaus.groovy.reflection.CachedMethod.invoke(CachedMethod.java:107)


	at groovy.lang.MetaMethod.doMethodInvoke(MetaMethod.java:323)


	at groovy.lang.MetaClassImpl.invokeMethod(MetaClassImpl.java:1267)


	at groovy.lang.MetaClassImpl.invokeMethod(MetaClassImpl.java:1034)


	at groovy.lang.MetaClassImpl.invokeMethod(MetaClassImpl.java:818)


	at groovy.lang.GroovyObject.invokeMethod(GroovyObject.java:39)


	at org.codehaus.groovy.runtime.callsite.PogoInterceptableSite.call(PogoInterceptableSite.java:45)


	at org.codehaus.groovy.runtime.callsite.PogoInterceptableSite.callCurrent(PogoInterceptableSite.java:55)


	at org.codehaus.groovy.runtime.callsite.AbstractCallSite.callCurrent(AbstractCallSite.java:203)


	at io.restassured.internal.RequestSpecificationImpl.applyPathParamsAndSendRequest(RequestSpecificationImpl.groovy:1661)


	at sun.reflect.GeneratedMethodAccessor114.invoke(Unknown Source)


	at sun.reflect.DelegatingMethodAccessorImpl.invoke(DelegatingMethodAccessorImpl.java:43)


	at java.lang.reflect.Method.invoke(Method.java:498)


	at org.codehaus.groovy.reflection.CachedMethod.invoke(CachedMethod.java:107)


	at groovy.lang.MetaMethod.doMethodInvoke(MetaMethod.java:323)


	at groovy.lang.MetaClassImpl.invokeMethod(MetaClassImpl.java:1267)


	at groovy.lang.MetaClassImpl.invokeMethod(MetaClassImpl.java:1034)


	at groovy.lang.MetaClassImpl.invokeMethod(MetaClassImpl.java:818)


	at groovy.lang.GroovyObject.invokeMethod(GroovyObject.java:39)


	at org.codehaus.groovy.runtime.callsite.PogoInterceptableSite.call(PogoInterceptableSite.java:45)


	at org.codehaus.groovy.runtime.callsite.PogoInterceptableSite.callCurrent(PogoInterceptableSite.java:55)


	at org.codehaus.groovy.runtime.callsite.AbstractCallSite.callCurrent(AbstractCallSite.java:203)


	at io.restassured.internal.RequestSpecificationImpl.put(RequestSpecificationImpl.groovy:179)


	at net.serenitybdd.rest.decorators.request.RequestSpecificationDecorated.executeCall(RequestSpecificationDecorated.java:315)


	at net.serenitybdd.rest.decorators.request.RequestSpecificationDecorated.execute(RequestSpecificationDecorated.java:268)


	at net.serenitybdd.rest.decorators.request.RequestSpecificationDecorated.put(RequestSpecificationDecorated.java:151)


	at net.serenitybdd.rest.decorators.request.RequestSpecificationDecorated.put(RequestSpecificationDecorated.java:38)


	at MusicLab.StepDefinitions.Mentor.PutUpdateMentorsStepDef.sendPutUpdateMentorsProfile(PutUpdateMentorsStepDef.java:67)


	at ?.Send put update mentors Profile(classpath:features/Cucumber/Mentor/PutUpdateProfileMentorNegativeCase.feature:11)




java.lang.AssertionError: 1 expectation failed.
Expected status code <200> but was <500>.



	at sun.reflect.NativeConstructorAccessorImpl.newInstance0(Native Method)


	at sun.reflect.NativeConstructorAccessorImpl.newInstance(NativeConstructorAccessorImpl.java:62)


	at sun.reflect.DelegatingConstructorAccessorImpl.newInstance(DelegatingConstructorAccessorImpl.java:45)


	at java.lang.reflect.Constructor.newInstance(Constructor.java:423)


	at org.codehaus.groovy.reflection.CachedConstructor.invoke(CachedConstructor.java:72)


	at org.codehaus.groovy.reflection.CachedConstructor.doConstructorInvoke(CachedConstructor.java:59)


	at org.codehaus.groovy.runtime.callsite.ConstructorSite$ConstructorSiteNoUnwrap.callConstructor(ConstructorSite.java:84)


	at org.codehaus.groovy.runtime.callsite.AbstractCallSite.callConstructor(AbstractCallSite.java:277)


	at io.restassured.internal.ResponseSpecificationImpl$HamcrestAssertionClosure.validate(ResponseSpecificationImpl.groovy:493)


	at io.restassured.internal.ResponseSpecificationImpl$HamcrestAssertionClosure$validate$1.call(Unknown Source)


	at io.restassured.internal.ResponseSpecificationImpl.validateResponseIfRequired(ResponseSpecificationImpl.groovy:674)


	at sun.reflect.GeneratedMethodAccessor72.invoke(Unknown Source)


	at sun.reflect.DelegatingMethodAccessorImpl.invoke(DelegatingMethodAccessorImpl.java:43)


	at java.lang.reflect.Method.invoke(Method.java:498)


	at org.codehaus.groovy.runtime.callsite.PlainObjectMetaMethodSite.doInvoke(PlainObjectMetaMethodSite.java:43)


	at org.codehaus.groovy.runtime.callsite.PogoMetaMethodSite$PogoCachedMethodSiteNoUnwrapNoCoerce.invoke(PogoMetaMethodSite.java:193)


	at org.codehaus.groovy.runtime.callsite.PogoMetaMethodSite.callCurrent(PogoMetaMethodSite.java:61)


	at org.codehaus.groovy.runtime.callsite.AbstractCallSite.callCurrent(AbstractCallSite.java:185)


	at io.restassured.internal.ResponseSpecificationImpl.statusCode(ResponseSpecificationImpl.groovy:126)


	at io.restassured.specification.ResponseSpecification$statusCode$0.callCurrent(Unknown Source)


	at io.restassured.internal.ResponseSpecificationImpl.statusCode(ResponseSpecificationImpl.groovy:134)


	at io.restassured.internal.ValidatableResponseOptionsImpl.statusCode(ValidatableResponseOptionsImpl.java:89)


	at io.restassured.internal.ValidatableResponseImpl.super$2$statusCode(ValidatableResponseImpl.groovy)


	at sun.reflect.GeneratedMethodAccessor169.invoke(Unknown Source)


	at sun.reflect.DelegatingMethodAccessorImpl.invoke(DelegatingMethodAccessorImpl.java:43)


	at java.lang.reflect.Method.invoke(Method.java:498)


	at org.codehaus.groovy.reflection.CachedMethod.invoke(CachedMethod.java:107)


	at groovy.lang.MetaMethod.doMethodInvoke(MetaMethod.java:323)


	at groovy.lang.MetaClassImpl.invokeMethod(MetaClassImpl.java:1267)


	at org.codehaus.groovy.runtime.ScriptBytecodeAdapter.invokeMethodOnSuperN(ScriptBytecodeAdapter.java:144)


	at io.restassured.internal.ValidatableResponseImpl.statusCode(ValidatableResponseImpl.groovy:142)


	at io.restassured.internal.ValidatableResponseImpl.statusCode(ValidatableResponseImpl.groovy)


	at MusicLab.StepDefinitions.Instrument.GetIntrumentStepDef.statusCodeShouldBeOK(GetIntrumentStepDef.java:52)


	at ?.Status code should be 200 OK -Mentors_Instruments(classpath:features/Cucumber/Mentor/PutUpdateProfileMentorPositiveCase.feature:7)




java.lang.RuntimeException: Some exception during recording fields


	at net.serenitybdd.rest.filters.FieldsRecordingFilter.filter(FieldsRecordingFilter.java:52)


	at io.restassured.filter.Filter$filter.call(Unknown Source)


	at io.restassured.internal.filter.FilterContextImpl.next(FilterContextImpl.groovy:72)


	at io.restassured.filter.log.RequestLoggingFilter.filter(RequestLoggingFilter.java:140)


	at net.serenitybdd.rest.filters.FieldsRecordingFilter.filter(FieldsRecordingFilter.java:40)


	at io.restassured.filter.Filter$filter.call(Unknown Source)


	at io.restassured.internal.filter.FilterContextImpl.next(FilterContextImpl.groovy:72)


	at io.restassured.filter.log.RequestLoggingFilter.filter(RequestLoggingFilter.java:140)


	at net.serenitybdd.rest.filters.FieldsRecordingFilter.filter(FieldsRecordingFilter.java:40)


	at io.restassured.filter.Filter$filter.call(Unknown Source)


	at io.restassured.internal.filter.FilterContextImpl.next(FilterContextImpl.groovy:72)


	at io.restassured.filter.log.RequestLoggingFilter.filter(RequestLoggingFilter.java:140)


	at net.serenitybdd.rest.filters.FieldsRecordingFilter.filter(FieldsRecordingFilter.java:40)


	at io.restassured.filter.Filter$filter.call(Unknown Source)


	at io.restassured.internal.filter.FilterContextImpl.next(FilterContextImpl.groovy:72)


	at io.restassured.filter.log.RequestLoggingFilter.filter(RequestLoggingFilter.java:140)


	at net.serenitybdd.rest.filters.FieldsRecordingFilter.filter(FieldsRecordingFilter.java:40)


	at io.restassured.filter.Filter$filter.call(Unknown Source)


	at io.restassured.internal.filter.FilterContextImpl.next(FilterContextImpl.groovy:72)


	at io.restassured.filter.log.RequestLoggingFilter.filter(RequestLoggingFilter.java:140)


	at net.serenitybdd.rest.filters.FieldsRecordingFilter.filter(FieldsRecordingFilter.java:40)


	at io.restassured.filter.Filter$filter.call(Unknown Source)


	at org.codehaus.groovy.runtime.callsite.CallSiteArray.defaultCall(CallSiteArray.java:47)


	at io.restassured.filter.Filter$filter$0.call(Unknown Source)


	at io.restassured.internal.filter.FilterContextImpl.next(FilterContextImpl.groovy:72)


	at io.restassured.filter.FilterContext$next.call(Unknown Source)


	at io.restassured.internal.RequestSpecificationImpl.applyPathParamsAndSendRequest(RequestSpecificationImpl.groovy:1655)


	at sun.reflect.GeneratedMethodAccessor115.invoke(Unknown Source)


	at sun.reflect.DelegatingMethodAccessorImpl.invoke(DelegatingMethodAccessorImpl.java:43)


	at java.lang.reflect.Method.invoke(Method.java:498)


	at org.codehaus.groovy.reflection.CachedMethod.invoke(CachedMethod.java:107)


	at groovy.lang.MetaMethod.doMethodInvoke(MetaMethod.java:323)


	at groovy.lang.MetaClassImpl.invokeMethod(MetaClassImpl.java:1267)


	at groovy.lang.MetaClassImpl.invokeMethod(MetaClassImpl.java:1034)


	at groovy.lang.MetaClassImpl.invokeMethod(MetaClassImpl.java:818)


	at groovy.lang.GroovyObject.invokeMethod(GroovyObject.java:39)


	at org.codehaus.groovy.runtime.callsite.PogoInterceptableSite.call(PogoInterceptableSite.java:45)


	at org.codehaus.groovy.runtime.callsite.PogoInterceptableSite.callCurrent(PogoInterceptableSite.java:55)


	at org.codehaus.groovy.runtime.callsite.AbstractCallSite.callCurrent(AbstractCallSite.java:203)


	at io.restassured.internal.RequestSpecificationImpl.applyPathParamsAndSendRequest(RequestSpecificationImpl.groovy:1661)


	at sun.reflect.GeneratedMethodAccessor114.invoke(Unknown Source)


	at sun.reflect.DelegatingMethodAccessorImpl.invoke(DelegatingMethodAccessorImpl.java:43)


	at java.lang.reflect.Method.invoke(Method.java:498)


	at org.codehaus.groovy.reflection.CachedMethod.invoke(CachedMethod.java:107)


	at groovy.lang.MetaMethod.doMethodInvoke(MetaMethod.java:323)


	at groovy.lang.MetaClassImpl.invokeMethod(MetaClassImpl.java:1267)


	at groovy.lang.MetaClassImpl.invokeMethod(MetaClassImpl.java:1034)


	at groovy.lang.MetaClassImpl.invokeMethod(MetaClassImpl.java:818)


	at groovy.lang.GroovyObject.invokeMethod(GroovyObject.java:39)


	at org.codehaus.groovy.runtime.callsite.PogoInterceptableSite.call(PogoInterceptableSite.java:45)


	at org.codehaus.groovy.runtime.callsite.PogoInterceptableSite.callCurrent(PogoInterceptableSite.java:55)


	at org.codehaus.groovy.runtime.callsite.AbstractCallSite.callCurrent(AbstractCallSite.java:203)


	at io.restassured.internal.RequestSpecificationImpl.post(RequestSpecificationImpl.groovy:175)


	at net.serenitybdd.rest.decorators.request.RequestSpecificationDecorated.executeCall(RequestSpecificationDecorated.java:309)


	at net.serenitybdd.rest.decorators.request.RequestSpecificationDecorated.execute(RequestSpecificationDecorated.java:268)


	at net.serenitybdd.rest.decorators.request.RequestSpecificationDecorated.post(RequestSpecificationDecorated.java:120)


	at net.serenitybdd.rest.decorators.request.RequestSpecificationDecorated.post(RequestSpecificationDecorated.java:38)


	at MusicLab.StepDefinitions.Schedule.PostMentorScheduleStepDef.sendRequestPostAddMentorScheduleEmptyJson(PostMentorScheduleStepDef.java:103)


	at ?.Send request post add mentor schedule empty json(classpath:features/Cucumber/Schedule/PostAddMentorSchedule.feature:26)


Caused by: java.io.FileNotFoundException: D:\Alterra\Automation\API\MusicLab-QE-APITesting\src\test\resources\features\JSON\ReqBody\Schedule\PostAddMentorScheduleWithEmptyJsonJsonReqBody.json (The system cannot find the file specified)


	at java.io.FileInputStream.open0(Native Method)


	at java.io.FileInputStream.open(FileInputStream.java:195)


	at java.io.FileInputStream.<init>(FileInputStream.java:138)


	at org.codehaus.groovy.runtime.ResourceGroovyMethods.newReader(ResourceGroovyMethods.java:1797)


	at org.codehaus.groovy.runtime.ResourceGroovyMethods.getText(ResourceGroovyMethods.java:579)


	at org.codehaus.groovy.runtime.dgm$1042.invoke(Unknown Source)


	at org.codehaus.groovy.runtime.callsite.PojoMetaMethodSite$PojoMetaMethodSiteNoUnwrapNoCoerce.invoke(PojoMetaMethodSite.java:247)


	at org.codehaus.groovy.runtime.callsite.PojoMetaMethodSite.call(PojoMetaMethodSite.java:56)


	at org.codehaus.groovy.runtime.callsite.AbstractCallSite.call(AbstractCallSite.java:139)


	at io.restassured.internal.support.FileReader.readToString(FileReader.groovy:23)


	at io.restassured.internal.http.EncoderRegistry.toString(EncoderRegistry.java:461)


	at io.restassured.internal.http.EncoderRegistry.encodeJSON(EncoderRegistry.java:287)


	at sun.reflect.GeneratedMethodAccessor185.invoke(Unknown Source)


	at sun.reflect.DelegatingMethodAccessorImpl.invoke(DelegatingMethodAccessorImpl.java:43)


	at java.lang.reflect.Method.invoke(Method.java:498)


	at org.codehaus.groovy.reflection.CachedMethod.invoke(CachedMethod.java:107)


	at groovy.lang.MetaMethod.doMethodInvoke(MetaMethod.java:323)


	at groovy.lang.MetaClassImpl.invokeMethod(MetaClassImpl.java:1267)


	at groovy.lang.MetaClassImpl.invokeMethodClosure(MetaClassImpl.java:1047)


	at groovy.lang.MetaClassImpl.invokeMethod(MetaClassImpl.java:1141)


	at groovy.lang.MetaClassImpl.invokeMethod(MetaClassImpl.java:1034)


	at groovy.lang.Closure.call(Closure.java:412)


	at io.restassured.internal.http.HTTPBuilder$RequestConfigDelegate.setBody(HTTPBuilder.java:1114)


	at io.restassured.internal.http.HTTPBuilder$RequestConfigDelegate.setPropertiesFromMap(HTTPBuilder.java:1026)


	at io.restassured.internal.http.HTTPBuilder.post(HTTPBuilder.java:345)


	at io.restassured.internal.http.HTTPBuilder$post$2.call(Unknown Source)


	at io.restassured.internal.RequestSpecificationImpl.sendRequest(RequestSpecificationImpl.groovy:1181)


	at sun.reflect.GeneratedMethodAccessor121.invoke(Unknown Source)


	at sun.reflect.DelegatingMethodAccessorImpl.invoke(DelegatingMethodAccessorImpl.java:43)


	at java.lang.reflect.Method.invoke(Method.java:498)


	at org.codehaus.groovy.reflection.CachedMethod.invoke(CachedMethod.java:107)


	at groovy.lang.MetaMethod.doMethodInvoke(MetaMethod.java:323)


	at groovy.lang.MetaClassImpl.invokeMethod(MetaClassImpl.java:1267)


	at groovy.lang.MetaClassImpl.invokeMethod(MetaClassImpl.java:1034)


	at groovy.lang.MetaClassImpl.invokeMethod(MetaClassImpl.java:818)


	at groovy.lang.GroovyObject.invokeMethod(GroovyObject.java:39)


	at org.codehaus.groovy.runtime.callsite.PogoInterceptableSite.call(PogoInterceptableSite.java:45)


	at org.codehaus.groovy.runtime.callsite.AbstractCallSite.call(AbstractCallSite.java:166)


	at io.restassured.internal.filter.SendRequestFilter.filter(SendRequestFilter.groovy:30)


	at io.restassured.filter.Filter$filter$0.call(Unknown Source)


	at org.codehaus.groovy.runtime.callsite.CallSiteArray.defaultCall(CallSiteArray.java:47)


	at io.restassured.filter.Filter$filter.call(Unknown Source)


	at io.restassured.internal.filter.FilterContextImpl.next(FilterContextImpl.groovy:72)


	at io.restassured.filter.time.TimingFilter.filter(TimingFilter.java:56)


	at io.restassured.filter.Filter$filter.call(Unknown Source)


	at org.codehaus.groovy.runtime.callsite.CallSiteArray.defaultCall(CallSiteArray.java:47)


	at io.restassured.filter.Filter$filter.call(Unknown Source)


	at io.restassured.internal.filter.FilterContextImpl.next(FilterContextImpl.groovy:72)


	at io.restassured.filter.log.RequestLoggingFilter.filter(RequestLoggingFilter.java:140)


	at net.serenitybdd.rest.filters.FieldsRecordingFilter.filter(FieldsRecordingFilter.java:40)


	at io.restassured.filter.Filter$filter.call(Unknown Source)


	at io.restassured.internal.filter.FilterContextImpl.next(FilterContextImpl.groovy:72)


	at io.restassured.filter.log.RequestLoggingFilter.filter(RequestLoggingFilter.java:140)


	at net.serenitybdd.rest.filters.FieldsRecordingFilter.filter(FieldsRecordingFilter.java:40)


	at io.restassured.filter.Filter$filter.call(Unknown Source)


	at io.restassured.internal.filter.FilterContextImpl.next(FilterContextImpl.groovy:72)


	at io.restassured.filter.log.RequestLoggingFilter.filter(RequestLoggingFilter.java:140)


	at net.serenitybdd.rest.filters.FieldsRecordingFilter.filter(FieldsRecordingFilter.java:40)


	at io.restassured.filter.Filter$filter.call(Unknown Source)


	at io.restassured.internal.filter.FilterContextImpl.next(FilterContextImpl.groovy:72)


	at io.restassured.filter.log.RequestLoggingFilter.filter(RequestLoggingFilter.java:140)


	at net.serenitybdd.rest.filters.FieldsRecordingFilter.filter(FieldsRecordingFilter.java:40)


	at io.restassured.filter.Filter$filter.call(Unknown Source)


	at io.restassured.internal.filter.FilterContextImpl.next(FilterContextImpl.groovy:72)


	at io.restassured.filter.log.RequestLoggingFilter.filter(RequestLoggingFilter.java:140)


	at net.serenitybdd.rest.filters.FieldsRecordingFilter.filter(FieldsRecordingFilter.java:40)


	at io.restassured.filter.Filter$filter.call(Unknown Source)


	at io.restassured.internal.filter.FilterContextImpl.next(FilterContextImpl.groovy:72)


	at io.restassured.filter.log.RequestLoggingFilter.filter(RequestLoggingFilter.java:140)


	at net.serenitybdd.rest.filters.FieldsRecordingFilter.filter(FieldsRecordingFilter.java:40)


	at io.restassured.filter.Filter$filter.call(Unknown Source)


	at org.codehaus.groovy.runtime.callsite.CallSiteArray.defaultCall(CallSiteArray.java:47)


	at io.restassured.filter.Filter$filter$0.call(Unknown Source)


	at io.restassured.internal.filter.FilterContextImpl.next(FilterContextImpl.groovy:72)


	at io.restassured.filter.FilterContext$next.call(Unknown Source)


	at io.restassured.internal.RequestSpecificationImpl.applyPathParamsAndSendRequest(RequestSpecificationImpl.groovy:1655)


	at sun.reflect.GeneratedMethodAccessor115.invoke(Unknown Source)


	at sun.reflect.DelegatingMethodAccessorImpl.invoke(DelegatingMethodAccessorImpl.java:43)


	at java.lang.reflect.Method.invoke(Method.java:498)


	at org.codehaus.groovy.reflection.CachedMethod.invoke(CachedMethod.java:107)


	at groovy.lang.MetaMethod.doMethodInvoke(MetaMethod.java:323)


	at groovy.lang.MetaClassImpl.invokeMethod(MetaClassImpl.java:1267)


	at groovy.lang.MetaClassImpl.invokeMethod(MetaClassImpl.java:1034)


	at groovy.lang.MetaClassImpl.invokeMethod(MetaClassImpl.java:818)


	at groovy.lang.GroovyObject.invokeMethod(GroovyObject.java:39)


	at org.codehaus.groovy.runtime.callsite.PogoInterceptableSite.call(PogoInterceptableSite.java:45)


	at org.codehaus.groovy.runtime.callsite.PogoInterceptableSite.callCurrent(PogoInterceptableSite.java:55)


	at org.codehaus.groovy.runtime.callsite.AbstractCallSite.callCurrent(AbstractCallSite.java:203)


	at io.restassured.internal.RequestSpecificationImpl.applyPathParamsAndSendRequest(RequestSpecificationImpl.groovy:1661)


	at sun.reflect.GeneratedMethodAccessor114.invoke(Unknown Source)


	at sun.reflect.DelegatingMethodAccessorImpl.invoke(DelegatingMethodAccessorImpl.java:43)


	at java.lang.reflect.Method.invoke(Method.java:498)


	at org.codehaus.groovy.reflection.CachedMethod.invoke(CachedMethod.java:107)


	at groovy.lang.MetaMethod.doMethodInvoke(MetaMethod.java:323)


	at groovy.lang.MetaClassImpl.invokeMethod(MetaClassImpl.java:1267)


	at groovy.lang.MetaClassImpl.invokeMethod(MetaClassImpl.java:1034)


	at groovy.lang.MetaClassImpl.invokeMethod(MetaClassImpl.java:818)


	at groovy.lang.GroovyObject.invokeMethod(GroovyObject.java:39)


	at org.codehaus.groovy.runtime.callsite.PogoInterceptableSite.call(PogoInterceptableSite.java:45)


	at org.codehaus.groovy.runtime.callsite.PogoInterceptableSite.callCurrent(PogoInterceptableSite.java:55)


	at org.codehaus.groovy.runtime.callsite.AbstractCallSite.callCurrent(AbstractCallSite.java:203)


	at io.restassured.internal.RequestSpecificationImpl.post(RequestSpecificationImpl.groovy:175)


	at net.serenitybdd.rest.decorators.request.RequestSpecificationDecorated.executeCall(RequestSpecificationDecorated.java:309)


	at net.serenitybdd.rest.decorators.request.RequestSpecificationDecorated.execute(RequestSpecificationDecorated.java:268)


	at net.serenitybdd.rest.decorators.request.RequestSpecificationDecorated.post(RequestSpecificationDecorated.java:120)


	at net.serenitybdd.rest.decorators.request.RequestSpecificationDecorated.post(RequestSpecificationDecorated.java:38)


	at MusicLab.StepDefinitions.Schedule.PostMentorScheduleStepDef.sendRequestPostAddMentorScheduleEmptyJson(PostMentorScheduleStepDef.java:103)


	at sun.reflect.NativeMethodAccessorImpl.invoke0(Native Method)


	at sun.reflect.NativeMethodAccessorImpl.invoke(NativeMethodAccessorImpl.java:62)


	at sun.reflect.DelegatingMethodAccessorImpl.invoke(DelegatingMethodAccessorImpl.java:43)


	at java.lang.reflect.Method.invoke(Method.java:498)


	at io.cucumber.java.Invoker.doInvoke(Invoker.java:66)


	at io.cucumber.java.Invoker.invoke(Invoker.java:24)


	at io.cucumber.java.AbstractGlueDefinition.invokeMethod(AbstractGlueDefinition.java:47)


	at io.cucumber.java.JavaStepDefinition.execute(JavaStepDefinition.java:29)


	at io.cucumber.core.runner.CoreStepDefinition.execute(CoreStepDefinition.java:66)


	at io.cucumber.core.runner.PickleStepDefinitionMatch.runStep(PickleStepDefinitionMatch.java:63)


	at io.cucumber.core.runner.ExecutionMode$1.execute(ExecutionMode.java:10)


	at io.cucumber.core.runner.TestStep.executeStep(TestStep.java:92)


	at io.cucumber.core.runner.TestStep.run(TestStep.java:64)


	at io.cucumber.core.runner.PickleStepTestStep.run(PickleStepTestStep.java:51)


	at io.cucumber.core.runner.TestCase.run(TestCase.java:104)


	at io.cucumber.core.runner.Runner.runPickle(Runner.java:73)


	at io.cucumber.junit.PickleRunners$NoStepDescriptions.run(PickleRunners.java:151)


	at io.cucumber.junit.FeatureRunner.runChild(FeatureRunner.java:135)


	at io.cucumber.junit.FeatureRunner.runChild(FeatureRunner.java:27)


	at org.junit.runners.ParentRunner$4.run(ParentRunner.java:331)


	at org.junit.runners.ParentRunner$1.schedule(ParentRunner.java:79)


	at org.junit.runners.ParentRunner.runChildren(ParentRunner.java:329)


	at org.junit.runners.ParentRunner.access$100(ParentRunner.java:66)


	at org.junit.runners.ParentRunner$2.evaluate(ParentRunner.java:293)


	at org.junit.runners.ParentRunner$3.evaluate(ParentRunner.java:306)


	at org.junit.runners.ParentRunner.run(ParentRunner.java:413)


	at io.cucumber.junit.CucumberSerenityRunner.runChild(CucumberSerenityRunner.java:258)


	at io.cucumber.junit.CucumberSerenityRunner.runChild(CucumberSerenityRunner.java:57)


	at org.junit.runners.ParentRunner$4.run(ParentRunner.java:331)


	at org.apache.maven.surefire.junitcore.pc.Scheduler$1.run(Scheduler.java:405)


	at org.apache.maven.surefire.junitcore.pc.InvokerStrategy.schedule(InvokerStrategy.java:54)


	at org.apache.maven.surefire.junitcore.pc.Scheduler.schedule(Scheduler.java:362)


	at org.junit.runners.ParentRunner.runChildren(ParentRunner.java:329)


	at org.junit.runners.ParentRunner.access$100(ParentRunner.java:66)


	at org.junit.runners.ParentRunner$2.evaluate(ParentRunner.java:293)


	at io.cucumber.junit.CucumberSerenityRunner$RunCucumber.evaluate(CucumberSerenityRunner.java:286)


	at org.junit.runners.ParentRunner$3.evaluate(ParentRunner.java:306)


	at org.junit.runners.ParentRunner.run(ParentRunner.java:413)


	at org.junit.runners.Suite.runChild(Suite.java:128)


	at org.junit.runners.Suite.runChild(Suite.java:27)


	at org.junit.runners.ParentRunner$4.run(ParentRunner.java:331)


	at org.apache.maven.surefire.junitcore.pc.Scheduler$1.run(Scheduler.java:405)


	at java.util.concurrent.Executors$RunnableAdapter.call(Executors.java:511)


	at java.util.concurrent.FutureTask.run(FutureTask.java:266)


	at java.util.concurrent.ThreadPoolExecutor.runWorker(ThreadPoolExecutor.java:1149)


	at java.util.concurrent.ThreadPoolExecutor$Worker.run(ThreadPoolExecutor.java:624)


	at java.lang.Thread.run(Thread.java:750)




java.lang.AssertionError: 1 expectation failed.
Expected status code <201> but was <500>.



	at sun.reflect.NativeConstructorAccessorImpl.newInstance0(Native Method)


	at sun.reflect.NativeConstructorAccessorImpl.newInstance(NativeConstructorAccessorImpl.java:62)


	at sun.reflect.DelegatingConstructorAccessorImpl.newInstance(DelegatingConstructorAccessorImpl.java:45)


	at java.lang.reflect.Constructor.newInstance(Constructor.java:423)


	at org.codehaus.groovy.reflection.CachedConstructor.invoke(CachedConstructor.java:72)


	at org.codehaus.groovy.reflection.CachedConstructor.doConstructorInvoke(CachedConstructor.java:59)


	at org.codehaus.groovy.runtime.callsite.ConstructorSite$ConstructorSiteNoUnwrap.callConstructor(ConstructorSite.java:84)


	at org.codehaus.groovy.runtime.callsite.AbstractCallSite.callConstructor(AbstractCallSite.java:277)


	at io.restassured.internal.ResponseSpecificationImpl$HamcrestAssertionClosure.validate(ResponseSpecificationImpl.groovy:493)


	at io.restassured.internal.ResponseSpecificationImpl$HamcrestAssertionClosure$validate$1.call(Unknown Source)


	at io.restassured.internal.ResponseSpecificationImpl.validateResponseIfRequired(ResponseSpecificationImpl.groovy:674)


	at sun.reflect.GeneratedMethodAccessor72.invoke(Unknown Source)


	at sun.reflect.DelegatingMethodAccessorImpl.invoke(DelegatingMethodAccessorImpl.java:43)


	at java.lang.reflect.Method.invoke(Method.java:498)


	at org.codehaus.groovy.runtime.callsite.PlainObjectMetaMethodSite.doInvoke(PlainObjectMetaMethodSite.java:43)


	at org.codehaus.groovy.runtime.callsite.PogoMetaMethodSite$PogoCachedMethodSiteNoUnwrapNoCoerce.invoke(PogoMetaMethodSite.java:193)


	at org.codehaus.groovy.runtime.callsite.PogoMetaMethodSite.callCurrent(PogoMetaMethodSite.java:61)


	at org.codehaus.groovy.runtime.callsite.AbstractCallSite.callCurrent(AbstractCallSite.java:185)


	at io.restassured.internal.ResponseSpecificationImpl.statusCode(ResponseSpecificationImpl.groovy:126)


	at io.restassured.specification.ResponseSpecification$statusCode$0.callCurrent(Unknown Source)


	at io.restassured.internal.ResponseSpecificationImpl.statusCode(ResponseSpecificationImpl.groovy:134)


	at io.restassured.internal.ValidatableResponseOptionsImpl.statusCode(ValidatableResponseOptionsImpl.java:89)


	at io.restassured.internal.ValidatableResponseImpl.super$2$statusCode(ValidatableResponseImpl.groovy)


	at sun.reflect.GeneratedMethodAccessor169.invoke(Unknown Source)


	at sun.reflect.DelegatingMethodAccessorImpl.invoke(DelegatingMethodAccessorImpl.java:43)


	at java.lang.reflect.Method.invoke(Method.java:498)


	at org.codehaus.groovy.reflection.CachedMethod.invoke(CachedMethod.java:107)


	at groovy.lang.MetaMethod.doMethodInvoke(MetaMethod.java:323)


	at groovy.lang.MetaClassImpl.invokeMethod(MetaClassImpl.java:1267)


	at org.codehaus.groovy.runtime.ScriptBytecodeAdapter.invokeMethodOnSuperN(ScriptBytecodeAdapter.java:144)


	at io.restassured.internal.ValidatableResponseImpl.statusCode(ValidatableResponseImpl.groovy:142)


	at io.restassured.internal.ValidatableResponseImpl.statusCode(ValidatableResponseImpl.groovy)


	at MusicLab.StepDefinitions.Schedule.PostMentorScheduleStepDef.shouldReturnStatusCodeCreated(PostMentorScheduleStepDef.java:58)


	at ?.Should return status code 201 Created schedule(classpath:features/Cucumber/Schedule/PostAddMentorsSchedulesAvailability.feature:6)






You can implement missing steps with the snippets below:




@When("Send request get single mentors with valid id")
public void send_request_get_single_mentors_with_valid_id() {
    // Write code here that turns the phrase above into concrete actions
    throw new io.cucumber.java.PendingException();
}






09:15:24.447 [pool-2-thread-1] DEBUG net.thucydides.core.reports.ReportService - Reporting formats: [JSON, HTML]

09:15:24.527 [pool-2-thread-1] DEBUG net.thucydides.core.reports.ReportService - Reporting formats: [JSON, HTML]

09:15:24.541 [pool-2-thread-1] DEBUG net.thucydides.core.reports.ReportService - Generating reports for 120 test outcomes using: net.thucydides.core.reports.json.JSONTestOutcomeReporter@13b4a44a

09:15:24.542 [pool-3-thread-1] DEBUG net.thucydides.core.reports.ReportService - Processing test outcome Login mentor:Login mentor valid json

09:15:24.542 [pool-3-thread-3] DEBUG net.thucydides.core.reports.ReportService - Processing test outcome Login mentor:Login mentor blank json

09:15:24.542 [pool-3-thread-4] DEBUG net.thucydides.core.reports.ReportService - Processing test outcome Login mentor:Login student valid json

09:15:24.543 [pool-3-thread-3] INFO net.thucydides.core.reports.ReportService - net.thucydides.core.reports.json.JSONTestOutcomeReporter@13b4a44a: Generating report for test outcome: Login mentor:Login mentor blank json

09:15:24.543 [pool-3-thread-7] DEBUG net.thucydides.core.reports.ReportService - Processing test outcome Register mentor:Register mentor valid json

09:15:24.542 [pool-3-thread-2] DEBUG net.thucydides.core.reports.ReportService - Processing test outcome Login mentor:Login mentor invalid json

09:15:24.543 [pool-3-thread-9] DEBUG net.thucydides.core.reports.ReportService - Processing test outcome Register mentor:Register mentor with invalid json

09:15:24.543 [pool-3-thread-2] INFO net.thucydides.core.reports.ReportService - net.thucydides.core.reports.json.JSONTestOutcomeReporter@13b4a44a: Generating report for test outcome: Login mentor:Login mentor invalid json

09:15:24.543 [pool-3-thread-10] DEBUG net.thucydides.core.reports.ReportService - Processing test outcome Register mentor:Register mentor with blank json

09:15:24.542 [pool-3-thread-5] DEBUG net.thucydides.core.reports.ReportService - Processing test outcome Login mentor:Login student invalid json

09:15:24.542 [pool-3-thread-6] DEBUG net.thucydides.core.reports.ReportService - Processing test outcome Login mentor:Login student blank json

09:15:24.542 [pool-3-thread-1] INFO net.thucydides.core.reports.ReportService - net.thucydides.core.reports.json.JSONTestOutcomeReporter@13b4a44a: Generating report for test outcome: Login mentor:Login mentor valid json

09:15:24.543 [pool-3-thread-8] DEBUG net.thucydides.core.reports.ReportService - Processing test outcome Register mentor:Register mentor with existing json

09:15:24.543 [pool-3-thread-7] INFO net.thucydides.core.reports.ReportService - net.thucydides.core.reports.json.JSONTestOutcomeReporter@13b4a44a: Generating report for test outcome: Register mentor:Register mentor valid json

09:15:24.543 [pool-3-thread-11] DEBUG net.thucydides.core.reports.ReportService - Processing test outcome Register student:Register student valid data

09:15:24.543 [pool-3-thread-4] INFO net.thucydides.core.reports.ReportService - net.thucydides.core.reports.json.JSONTestOutcomeReporter@13b4a44a: Generating report for test outcome: Login mentor:Login student valid json

09:15:24.543 [pool-3-thread-9] INFO net.thucydides.core.reports.ReportService - net.thucydides.core.reports.json.JSONTestOutcomeReporter@13b4a44a: Generating report for test outcome: Register mentor:Register mentor with invalid json

09:15:24.543 [pool-3-thread-10] INFO net.thucydides.core.reports.ReportService - net.thucydides.core.reports.json.JSONTestOutcomeReporter@13b4a44a: Generating report for test outcome: Register mentor:Register mentor with blank json

09:15:24.543 [pool-3-thread-5] INFO net.thucydides.core.reports.ReportService - net.thucydides.core.reports.json.JSONTestOutcomeReporter@13b4a44a: Generating report for test outcome: Login mentor:Login student invalid json

09:15:24.543 [pool-3-thread-12] DEBUG net.thucydides.core.reports.ReportService - Processing test outcome Register student:Register student with existing json

09:15:24.543 [pool-3-thread-6] INFO net.thucydides.core.reports.ReportService - net.thucydides.core.reports.json.JSONTestOutcomeReporter@13b4a44a: Generating report for test outcome: Login mentor:Login student blank json

09:15:24.543 [pool-3-thread-8] INFO net.thucydides.core.reports.ReportService - net.thucydides.core.reports.json.JSONTestOutcomeReporter@13b4a44a: Generating report for test outcome: Register mentor:Register mentor with existing json

09:15:24.543 [pool-3-thread-11] INFO net.thucydides.core.reports.ReportService - net.thucydides.core.reports.json.JSONTestOutcomeReporter@13b4a44a: Generating report for test outcome: Register student:Register student valid data

09:15:24.543 [pool-3-thread-12] INFO net.thucydides.core.reports.ReportService - net.thucydides.core.reports.json.JSONTestOutcomeReporter@13b4a44a: Generating report for test outcome: Register student:Register student with existing json

09:15:24.553 [pool-3-thread-8] DEBUG net.thucydides.core.reports.json.JSONTestOutcomeReporter - Generating JSON report for Register mentor with existing json to file D:\Alterra\Automation\API\MusicLab-QE-APITesting\target\site\serenity\91f383c4c0ab5d32c8f14161f90252915de44baeb5fdc53b117dcd814b9a6afa.json (using temp file D:\Alterra\Automation\API\MusicLab-QE-APITesting\target\site\serenity\91f383c4c0ab5d32c8f14161f90252915de44baeb5fdc53b117dcd814b9a6afa.json7b5b40ff-9579-4f17-8515-53fcb8b5e6c3)

09:15:24.553 [pool-3-thread-5] DEBUG net.thucydides.core.reports.json.JSONTestOutcomeReporter - Generating JSON report for Login student invalid json to file D:\Alterra\Automation\API\MusicLab-QE-APITesting\target\site\serenity\5b2c9688eb803c364e8bd37a59ab6276470b47b8215eb2333da3f7da34e8863b.json (using temp file D:\Alterra\Automation\API\MusicLab-QE-APITesting\target\site\serenity\5b2c9688eb803c364e8bd37a59ab6276470b47b8215eb2333da3f7da34e8863b.json0ebf1e22-3b1b-4c38-96bf-fcb21ed3734b)

09:15:24.553 [pool-3-thread-7] DEBUG net.thucydides.core.reports.json.JSONTestOutcomeReporter - Generating JSON report for Register mentor valid json to file D:\Alterra\Automation\API\MusicLab-QE-APITesting\target\site\serenity\e40e1b912862db1c10dbf8a650d7fcf995570eab80977798e7b22b13b69dd627.json (using temp file D:\Alterra\Automation\API\MusicLab-QE-APITesting\target\site\serenity\e40e1b912862db1c10dbf8a650d7fcf995570eab80977798e7b22b13b69dd627.json9d99df13-5b92-4e7d-9fea-1ec4d68ac266)

09:15:24.553 [pool-3-thread-9] DEBUG net.thucydides.core.reports.json.JSONTestOutcomeReporter - Generating JSON report for Register mentor with invalid json to file D:\Alterra\Automation\API\MusicLab-QE-APITesting\target\site\serenity\da4d31916f6a1079e3f61f8460a50656ac671938d976e18342dcceb8f2d92511.json (using temp file D:\Alterra\Automation\API\MusicLab-QE-APITesting\target\site\serenity\da4d31916f6a1079e3f61f8460a50656ac671938d976e18342dcceb8f2d92511.json9ef3be37-3166-484e-8eb2-cb5cf69e2a28)

09:15:24.553 [pool-3-thread-12] DEBUG net.thucydides.core.reports.json.JSONTestOutcomeReporter - Generating JSON report for Register student with existing json to file D:\Alterra\Automation\API\MusicLab-QE-APITesting\target\site\serenity\06eef6a0422d8ad6d2433e015fe2e30b1496732c2a020bed32177924f5d761b5.json (using temp file D:\Alterra\Automation\API\MusicLab-QE-APITesting\target\site\serenity\06eef6a0422d8ad6d2433e015fe2e30b1496732c2a020bed32177924f5d761b5.jsondce7d62f-81f7-48da-bd81-3dfc1ff5b533)

09:15:24.553 [pool-3-thread-6] DEBUG net.thucydides.core.reports.json.JSONTestOutcomeReporter - Generating JSON report for Login student blank json to file D:\Alterra\Automation\API\MusicLab-QE-APITesting\target\site\serenity\33e1217da9f7eb292d4b88c23ec24d99579a10d630b07a281ee6446a04ce6ada.json (using temp file D:\Alterra\Automation\API\MusicLab-QE-APITesting\target\site\serenity\33e1217da9f7eb292d4b88c23ec24d99579a10d630b07a281ee6446a04ce6ada.jsond43ce341-3ae5-470a-96c2-1644c1c9da46)

09:15:24.554 [pool-3-thread-3] DEBUG net.thucydides.core.reports.json.JSONTestOutcomeReporter - Generating JSON report for Login mentor blank json to file D:\Alterra\Automation\API\MusicLab-QE-APITesting\target\site\serenity\c5927b0f3bc021034391e95e4b8ac5797998550ae6f75e4d9b97c3dfe6e97ff9.json (using temp file D:\Alterra\Automation\API\MusicLab-QE-APITesting\target\site\serenity\c5927b0f3bc021034391e95e4b8ac5797998550ae6f75e4d9b97c3dfe6e97ff9.json973262d4-23a5-498f-9bc3-d3850754503e)

09:15:24.554 [pool-3-thread-4] DEBUG net.thucydides.core.reports.json.JSONTestOutcomeReporter - Generating JSON report for Login student valid json to file D:\Alterra\Automation\API\MusicLab-QE-APITesting\target\site\serenity\b55032ffc1ae46152ed1c40648c09a00c75a64d057b588f6999af01805048e17.json (using temp file D:\Alterra\Automation\API\MusicLab-QE-APITesting\target\site\serenity\b55032ffc1ae46152ed1c40648c09a00c75a64d057b588f6999af01805048e17.jsonafedeb96-2e7f-450b-8f21-5c838372e35e)

09:15:24.555 [pool-3-thread-11] DEBUG net.thucydides.core.reports.json.JSONTestOutcomeReporter - Generating JSON report for Register student valid data to file D:\Alterra\Automation\API\MusicLab-QE-APITesting\target\site\serenity\0e56f63e590059d15985ae86f6bf6aff81ff885f6345cf81c8df70be658060d2.json (using temp file D:\Alterra\Automation\API\MusicLab-QE-APITesting\target\site\serenity\0e56f63e590059d15985ae86f6bf6aff81ff885f6345cf81c8df70be658060d2.json735f27f1-de12-4c39-b1aa-1bc5d62579a9)

09:15:24.555 [pool-3-thread-10] DEBUG net.thucydides.core.reports.json.JSONTestOutcomeReporter - Generating JSON report for Register mentor with blank json to file D:\Alterra\Automation\API\MusicLab-QE-APITesting\target\site\serenity\cb2f6b38b6efcf8131f395eb98853bfc0c63e896383b9602034bbc42eab814ba.json (using temp file D:\Alterra\Automation\API\MusicLab-QE-APITesting\target\site\serenity\cb2f6b38b6efcf8131f395eb98853bfc0c63e896383b9602034bbc42eab814ba.json29b8f81e-8d31-461f-93f3-7fd903fdf573)

09:15:24.555 [pool-3-thread-2] DEBUG net.thucydides.core.reports.json.JSONTestOutcomeReporter - Generating JSON report for Login mentor invalid json to file D:\Alterra\Automation\API\MusicLab-QE-APITesting\target\site\serenity\c665db1359e61abf3a6f21b96e40c0d0c3dbbf93daba4aa482ba2dd46f32d394.json (using temp file D:\Alterra\Automation\API\MusicLab-QE-APITesting\target\site\serenity\c665db1359e61abf3a6f21b96e40c0d0c3dbbf93daba4aa482ba2dd46f32d394.json56ba3b0a-99da-4f17-ba8e-47a5c7a84536)

09:15:24.555 [pool-3-thread-1] DEBUG net.thucydides.core.reports.json.JSONTestOutcomeReporter - Generating JSON report for Login mentor valid json to file D:\Alterra\Automation\API\MusicLab-QE-APITesting\target\site\serenity\d04d66d1d9c36faa8c68af29df75d7263880890af7a4f9d37f6342c6e470c777.json (using temp file D:\Alterra\Automation\API\MusicLab-QE-APITesting\target\site\serenity\d04d66d1d9c36faa8c68af29df75d7263880890af7a4f9d37f6342c6e470c777.json67b73ec0-cd02-4f1b-9da7-6b6c2e1cf47c)

09:15:24.599 [pool-3-thread-6] DEBUG net.thucydides.core.reports.ReportService - Processing test outcome Login mentor:Login student blank json done

09:15:24.599 [pool-3-thread-6] DEBUG net.thucydides.core.reports.ReportService - Processing test outcome Register student:Register student invalid data

09:15:24.599 [pool-3-thread-10] DEBUG net.thucydides.core.reports.ReportService - Processing test outcome Register mentor:Register mentor with blank json done

09:15:24.599 [pool-3-thread-6] INFO net.thucydides.core.reports.ReportService - net.thucydides.core.reports.json.JSONTestOutcomeReporter@13b4a44a: Generating report for test outcome: Register student:Register student invalid data

09:15:24.599 [pool-3-thread-10] DEBUG net.thucydides.core.reports.ReportService - Processing test outcome Register student:Register student blank data

09:15:24.599 [pool-3-thread-10] INFO net.thucydides.core.reports.ReportService - net.thucydides.core.reports.json.JSONTestOutcomeReporter@13b4a44a: Generating report for test outcome: Register student:Register student blank data

09:15:24.600 [pool-3-thread-10] DEBUG net.thucydides.core.reports.json.JSONTestOutcomeReporter - Generating JSON report for Register student blank data to file D:\Alterra\Automation\API\MusicLab-QE-APITesting\target\site\serenity\33c6485e80c20a125cbff5a705494c0266172db88053ebb4fba19a8562ad352e.json (using temp file D:\Alterra\Automation\API\MusicLab-QE-APITesting\target\site\serenity\33c6485e80c20a125cbff5a705494c0266172db88053ebb4fba19a8562ad352e.jsoneb38a1b3-0aa1-4fab-960f-5df92755a34a)

09:15:24.600 [pool-3-thread-6] DEBUG net.thucydides.core.reports.json.JSONTestOutcomeReporter - Generating JSON report for Register student invalid data to file D:\Alterra\Automation\API\MusicLab-QE-APITesting\target\site\serenity\69c422380384d460f28390fdb90ff6a9bdd66ae9d7f32603028309775cc4533c.json (using temp file D:\Alterra\Automation\API\MusicLab-QE-APITesting\target\site\serenity\69c422380384d460f28390fdb90ff6a9bdd66ae9d7f32603028309775cc4533c.jsonfc89be78-4f7c-4478-8671-24140b786538)

09:15:24.601 [pool-3-thread-4] DEBUG net.thucydides.core.reports.ReportService - Processing test outcome Login mentor:Login student valid json done

09:15:24.601 [pool-3-thread-4] DEBUG net.thucydides.core.reports.ReportService - Processing test outcome Get Chat Message:Get chat contents with valid path

09:15:24.601 [pool-3-thread-4] INFO net.thucydides.core.reports.ReportService - net.thucydides.core.reports.json.JSONTestOutcomeReporter@13b4a44a: Generating report for test outcome: Get Chat Message:Get chat contents with valid path

09:15:24.601 [pool-3-thread-11] DEBUG net.thucydides.core.reports.ReportService - Processing test outcome Register student:Register student valid data done

09:15:24.601 [pool-3-thread-11] DEBUG net.thucydides.core.reports.ReportService - Processing test outcome Get Chat Message:Get chat contents with invalid path

09:15:24.601 [pool-3-thread-11] INFO net.thucydides.core.reports.ReportService - net.thucydides.core.reports.json.JSONTestOutcomeReporter@13b4a44a: Generating report for test outcome: Get Chat Message:Get chat contents with invalid path

09:15:24.601 [pool-3-thread-4] DEBUG net.thucydides.core.reports.json.JSONTestOutcomeReporter - Generating JSON report for Get chat contents with valid path to file D:\Alterra\Automation\API\MusicLab-QE-APITesting\target\site\serenity\9a4eb9ef5880c2cec26e1d89d773ddec541ef273efd37d904b8663407b5bbfc4.json (using temp file D:\Alterra\Automation\API\MusicLab-QE-APITesting\target\site\serenity\9a4eb9ef5880c2cec26e1d89d773ddec541ef273efd37d904b8663407b5bbfc4.json1ff5c952-8c83-4324-a966-4bc0489f818c)

09:15:24.602 [pool-3-thread-11] DEBUG net.thucydides.core.reports.json.JSONTestOutcomeReporter - Generating JSON report for Get chat contents with invalid path to file D:\Alterra\Automation\API\MusicLab-QE-APITesting\target\site\serenity\d48b24d105a9c48e761946ca24343d091637385111978dd9738328a99af14b7b.json (using temp file D:\Alterra\Automation\API\MusicLab-QE-APITesting\target\site\serenity\d48b24d105a9c48e761946ca24343d091637385111978dd9738328a99af14b7b.json3a358827-7ec0-47ad-b138-d4d3efde608c)

09:15:24.602 [pool-3-thread-7] DEBUG net.thucydides.core.reports.ReportService - Processing test outcome Register mentor:Register mentor valid json done

09:15:24.602 [pool-3-thread-7] DEBUG net.thucydides.core.reports.ReportService - Processing test outcome Get Inbox List:Get all list chat with valid path

09:15:24.602 [pool-3-thread-7] INFO net.thucydides.core.reports.ReportService - net.thucydides.core.reports.json.JSONTestOutcomeReporter@13b4a44a: Generating report for test outcome: Get Inbox List:Get all list chat with valid path

09:15:24.602 [pool-3-thread-2] DEBUG net.thucydides.core.reports.ReportService - Processing test outcome Login mentor:Login mentor invalid json done

09:15:24.602 [pool-3-thread-5] DEBUG net.thucydides.core.reports.ReportService - Processing test outcome Login mentor:Login student invalid json done

09:15:24.602 [pool-3-thread-2] DEBUG net.thucydides.core.reports.ReportService - Processing test outcome Get Inbox List:Get all list chat with invalid path

09:15:24.602 [pool-3-thread-2] INFO net.thucydides.core.reports.ReportService - net.thucydides.core.reports.json.JSONTestOutcomeReporter@13b4a44a: Generating report for test outcome: Get Inbox List:Get all list chat with invalid path

09:15:24.602 [pool-3-thread-5] DEBUG net.thucydides.core.reports.ReportService - Processing test outcome Post Create Message:Create message with valid parameter on json request body

09:15:24.602 [pool-3-thread-5] INFO net.thucydides.core.reports.ReportService - net.thucydides.core.reports.json.JSONTestOutcomeReporter@13b4a44a: Generating report for test outcome: Post Create Message:Create message with valid parameter on json request body

09:15:24.603 [pool-3-thread-5] DEBUG net.thucydides.core.reports.json.JSONTestOutcomeReporter - Generating JSON report for Create message with valid parameter on json request body to file D:\Alterra\Automation\API\MusicLab-QE-APITesting\target\site\serenity\5126e5225809f5c27f0a7cd4fcb187a18af2cf5e4595362738d96aaae4125cea.json (using temp file D:\Alterra\Automation\API\MusicLab-QE-APITesting\target\site\serenity\5126e5225809f5c27f0a7cd4fcb187a18af2cf5e4595362738d96aaae4125cea.json3abcc6fd-21e3-4d56-bd29-aebe3adeca1d)

09:15:24.603 [pool-3-thread-7] DEBUG net.thucydides.core.reports.json.JSONTestOutcomeReporter - Generating JSON report for Get all list chat with valid path to file D:\Alterra\Automation\API\MusicLab-QE-APITesting\target\site\serenity\2da78125dd0a9343f9199a635ee7fdc84a749286f4ea75bbf9df750ee4f3553a.json (using temp file D:\Alterra\Automation\API\MusicLab-QE-APITesting\target\site\serenity\2da78125dd0a9343f9199a635ee7fdc84a749286f4ea75bbf9df750ee4f3553a.json09ac4ba4-d294-4dc6-921d-a49581c5e19a)

09:15:24.604 [pool-3-thread-9] DEBUG net.thucydides.core.reports.ReportService - Processing test outcome Register mentor:Register mentor with invalid json done

09:15:24.604 [pool-3-thread-9] DEBUG net.thucydides.core.reports.ReportService - Processing test outcome Post Create Message:Create message with invalid parameter mentor_id on json request body

09:15:24.604 [pool-3-thread-9] INFO net.thucydides.core.reports.ReportService - net.thucydides.core.reports.json.JSONTestOutcomeReporter@13b4a44a: Generating report for test outcome: Post Create Message:Create message with invalid parameter mentor_id on json request body

09:15:24.603 [pool-3-thread-2] DEBUG net.thucydides.core.reports.json.JSONTestOutcomeReporter - Generating JSON report for Get all list chat with invalid path to file D:\Alterra\Automation\API\MusicLab-QE-APITesting\target\site\serenity\c42c103ad5bcee98d8896e47472111f73d6ea3fa01b030754bcf5c9fd78dca1d.json (using temp file D:\Alterra\Automation\API\MusicLab-QE-APITesting\target\site\serenity\c42c103ad5bcee98d8896e47472111f73d6ea3fa01b030754bcf5c9fd78dca1d.json3882f514-1349-4b25-99b6-2841d09250bf)

09:15:24.604 [pool-3-thread-9] DEBUG net.thucydides.core.reports.json.JSONTestOutcomeReporter - Generating JSON report for Create message with invalid parameter mentor_id on json request body to file D:\Alterra\Automation\API\MusicLab-QE-APITesting\target\site\serenity\f8530d92248190cb13f80eb519a83675f2f4c55ece8aba6bbd4eb5cc5bb656a4.json (using temp file D:\Alterra\Automation\API\MusicLab-QE-APITesting\target\site\serenity\f8530d92248190cb13f80eb519a83675f2f4c55ece8aba6bbd4eb5cc5bb656a4.json232d96aa-a57f-4856-a3d8-20ff7480bc67)

09:15:24.605 [pool-3-thread-12] DEBUG net.thucydides.core.reports.ReportService - Processing test outcome Register student:Register student with existing json done

09:15:24.605 [pool-3-thread-12] DEBUG net.thucydides.core.reports.ReportService - Processing test outcome Post Create Message:Create message with invalid parameter student_id on json request body

09:15:24.605 [pool-3-thread-12] INFO net.thucydides.core.reports.ReportService - net.thucydides.core.reports.json.JSONTestOutcomeReporter@13b4a44a: Generating report for test outcome: Post Create Message:Create message with invalid parameter student_id on json request body

09:15:24.605 [pool-3-thread-8] DEBUG net.thucydides.core.reports.ReportService - Processing test outcome Register mentor:Register mentor with existing json done

09:15:24.605 [pool-3-thread-8] DEBUG net.thucydides.core.reports.ReportService - Processing test outcome Post Create Message:Create message with blank or empty parameter on json request body

09:15:24.605 [pool-3-thread-8] INFO net.thucydides.core.reports.ReportService - net.thucydides.core.reports.json.JSONTestOutcomeReporter@13b4a44a: Generating report for test outcome: Post Create Message:Create message with blank or empty parameter on json request body

09:15:24.605 [pool-3-thread-1] DEBUG net.thucydides.core.reports.ReportService - Processing test outcome Login mentor:Login mentor valid json done

09:15:24.605 [pool-3-thread-1] DEBUG net.thucydides.core.reports.ReportService - Processing test outcome Post Create Message:Create message with extra parameter on json request body

09:15:24.605 [pool-3-thread-1] INFO net.thucydides.core.reports.ReportService - net.thucydides.core.reports.json.JSONTestOutcomeReporter@13b4a44a: Generating report for test outcome: Post Create Message:Create message with extra parameter on json request body

09:15:24.605 [pool-3-thread-12] DEBUG net.thucydides.core.reports.json.JSONTestOutcomeReporter - Generating JSON report for Create message with invalid parameter student_id on json request body to file D:\Alterra\Automation\API\MusicLab-QE-APITesting\target\site\serenity\56a1f92fc726a9623667a2204f49162adab1ee46fddfeb1a91d0063ec4bc1378.json (using temp file D:\Alterra\Automation\API\MusicLab-QE-APITesting\target\site\serenity\56a1f92fc726a9623667a2204f49162adab1ee46fddfeb1a91d0063ec4bc1378.json2ad69ea4-080c-4f4c-85b0-532bc920ae55)

09:15:24.605 [pool-3-thread-10] DEBUG net.thucydides.core.reports.ReportService - Processing test outcome Register student:Register student blank data done

09:15:24.605 [pool-3-thread-10] DEBUG net.thucydides.core.reports.ReportService - Processing test outcome Post Create Message:Create message with 1 parameter(only chat contents)

09:15:24.605 [pool-3-thread-10] INFO net.thucydides.core.reports.ReportService - net.thucydides.core.reports.json.JSONTestOutcomeReporter@13b4a44a: Generating report for test outcome: Post Create Message:Create message with 1 parameter(only chat contents)

09:15:24.606 [pool-3-thread-5] DEBUG net.thucydides.core.reports.ReportService - Processing test outcome Post Create Message:Create message with valid parameter on json request body done

09:15:24.606 [pool-3-thread-8] DEBUG net.thucydides.core.reports.json.JSONTestOutcomeReporter - Generating JSON report for Create message with blank or empty parameter on json request body to file D:\Alterra\Automation\API\MusicLab-QE-APITesting\target\site\serenity\5300e9d2cbec9d10fa0a905e7b6c543232d5fc7cd0ad687357c6748f9d9a7121.json (using temp file D:\Alterra\Automation\API\MusicLab-QE-APITesting\target\site\serenity\5300e9d2cbec9d10fa0a905e7b6c543232d5fc7cd0ad687357c6748f9d9a7121.json24ed3b5c-6dfe-452c-b745-5fbda7e775f5)

09:15:24.606 [pool-3-thread-5] DEBUG net.thucydides.core.reports.ReportService - Processing test outcome Post Create Message:Create messages longer than 500 characters

09:15:24.606 [pool-3-thread-5] INFO net.thucydides.core.reports.ReportService - net.thucydides.core.reports.json.JSONTestOutcomeReporter@13b4a44a: Generating report for test outcome: Post Create Message:Create messages longer than 500 characters

09:15:24.606 [pool-3-thread-1] DEBUG net.thucydides.core.reports.json.JSONTestOutcomeReporter - Generating JSON report for Create message with extra parameter on json request body to file D:\Alterra\Automation\API\MusicLab-QE-APITesting\target\site\serenity\a6e136ef8528fe5d6779593cba788c3baa1ecbc82e21f36b23071e87c2303bf3.json (using temp file D:\Alterra\Automation\API\MusicLab-QE-APITesting\target\site\serenity\a6e136ef8528fe5d6779593cba788c3baa1ecbc82e21f36b23071e87c2303bf3.json7cb89132-f4a8-4847-ab54-3c6af54bae43)

09:15:24.607 [pool-3-thread-5] DEBUG net.thucydides.core.reports.json.JSONTestOutcomeReporter - Generating JSON report for Create messages longer than 500 characters to file D:\Alterra\Automation\API\MusicLab-QE-APITesting\target\site\serenity\7aec783a9f60120e7d302fad9c04be7c2280c3ec1a5ffc98129cffb40025b94e.json (using temp file D:\Alterra\Automation\API\MusicLab-QE-APITesting\target\site\serenity\7aec783a9f60120e7d302fad9c04be7c2280c3ec1a5ffc98129cffb40025b94e.jsond5e2b15e-ad0e-40c4-9213-7cb535099baf)

09:15:24.607 [pool-3-thread-11] DEBUG net.thucydides.core.reports.ReportService - Processing test outcome Get Chat Message:Get chat contents with invalid path done

09:15:24.607 [pool-3-thread-11] DEBUG net.thucydides.core.reports.ReportService - Processing test outcome Post Create Message:Create message without any characters or request body

09:15:24.607 [pool-3-thread-11] INFO net.thucydides.core.reports.ReportService - net.thucydides.core.reports.json.JSONTestOutcomeReporter@13b4a44a: Generating report for test outcome: Post Create Message:Create message without any characters or request body

09:15:24.607 [pool-3-thread-9] DEBUG net.thucydides.core.reports.ReportService - Processing test outcome Post Create Message:Create message with invalid parameter mentor_id on json request body done

09:15:24.607 [pool-3-thread-9] DEBUG net.thucydides.core.reports.ReportService - Processing test outcome Post Create Message:Create message with invalid path

09:15:24.608 [pool-3-thread-9] INFO net.thucydides.core.reports.ReportService - net.thucydides.core.reports.json.JSONTestOutcomeReporter@13b4a44a: Generating report for test outcome: Post Create Message:Create message with invalid path

09:15:24.608 [pool-3-thread-7] DEBUG net.thucydides.core.reports.ReportService - Processing test outcome Get Inbox List:Get all list chat with valid path done

09:15:24.608 [pool-3-thread-7] DEBUG net.thucydides.core.reports.ReportService - Processing test outcome MusicLab API Automation Testing Capstone Project:Post to make a class with valid parameters of json file

09:15:24.608 [pool-3-thread-7] INFO net.thucydides.core.reports.ReportService - net.thucydides.core.reports.json.JSONTestOutcomeReporter@13b4a44a: Generating report for test outcome: MusicLab API Automation Testing Capstone Project:Post to make a class with valid parameters of json file

09:15:24.608 [pool-3-thread-6] DEBUG net.thucydides.core.reports.ReportService - Processing test outcome Register student:Register student invalid data done

09:15:24.608 [pool-3-thread-10] DEBUG net.thucydides.core.reports.json.JSONTestOutcomeReporter - Generating JSON report for Create message with 1 parameter(only chat contents) to file D:\Alterra\Automation\API\MusicLab-QE-APITesting\target\site\serenity\ebea7434473b2b0f4c4077316165a9f271221ed7a58aa9d9038dc776dfff5917.json (using temp file D:\Alterra\Automation\API\MusicLab-QE-APITesting\target\site\serenity\ebea7434473b2b0f4c4077316165a9f271221ed7a58aa9d9038dc776dfff5917.json04a685b1-4a7e-4915-8a02-2b0a2eb481b5)

09:15:24.608 [pool-3-thread-7] DEBUG net.thucydides.core.reports.json.JSONTestOutcomeReporter - Generating JSON report for Post to make a class with valid parameters of json file to file D:\Alterra\Automation\API\MusicLab-QE-APITesting\target\site\serenity\c56962bd61d28209cce7632f5fe4a04d2a8083e88ba94a37620b5f6737e41718.json (using temp file D:\Alterra\Automation\API\MusicLab-QE-APITesting\target\site\serenity\c56962bd61d28209cce7632f5fe4a04d2a8083e88ba94a37620b5f6737e41718.json0fdb3f09-f676-49f6-84c6-800b42a5dc7a)

09:15:24.608 [pool-3-thread-9] DEBUG net.thucydides.core.reports.json.JSONTestOutcomeReporter - Generating JSON report for Create message with invalid path to file D:\Alterra\Automation\API\MusicLab-QE-APITesting\target\site\serenity\e77f5a63b67408558e4998ec887fe0c29d36d2e8df0b33d980b457693a847200.json (using temp file D:\Alterra\Automation\API\MusicLab-QE-APITesting\target\site\serenity\e77f5a63b67408558e4998ec887fe0c29d36d2e8df0b33d980b457693a847200.json50495c22-fb2f-44ae-8f40-c6ecdc99f767)

09:15:24.608 [pool-3-thread-2] DEBUG net.thucydides.core.reports.ReportService - Processing test outcome Get Inbox List:Get all list chat with invalid path done

09:15:24.608 [pool-3-thread-2] DEBUG net.thucydides.core.reports.ReportService - Processing test outcome MusicLab API Automation Testing Capstone Project:Post to make a class with null parameter

09:15:24.609 [pool-3-thread-2] INFO net.thucydides.core.reports.ReportService - net.thucydides.core.reports.json.JSONTestOutcomeReporter@13b4a44a: Generating report for test outcome: MusicLab API Automation Testing Capstone Project:Post to make a class with null parameter

09:15:24.609 [pool-3-thread-6] DEBUG net.thucydides.core.reports.ReportService - Processing test outcome MusicLab API Automation Testing Capstone Project:Post to make a class with invalid parameters of json file

09:15:24.609 [pool-3-thread-6] INFO net.thucydides.core.reports.ReportService - net.thucydides.core.reports.json.JSONTestOutcomeReporter@13b4a44a: Generating report for test outcome: MusicLab API Automation Testing Capstone Project:Post to make a class with invalid parameters of json file

09:15:24.609 [pool-3-thread-3] DEBUG net.thucydides.core.reports.ReportService - Processing test outcome Login mentor:Login mentor blank json done

09:15:24.609 [pool-3-thread-3] DEBUG net.thucydides.core.reports.ReportService - Processing test outcome MusicLab API Automation Testing Capstone Project:Get all class by ID Mentor valid

09:15:24.609 [pool-3-thread-3] INFO net.thucydides.core.reports.ReportService - net.thucydides.core.reports.json.JSONTestOutcomeReporter@13b4a44a: Generating report for test outcome: MusicLab API Automation Testing Capstone Project:Get all class by ID Mentor valid

09:15:24.610 [pool-3-thread-4] DEBUG net.thucydides.core.reports.ReportService - Processing test outcome Get Chat Message:Get chat contents with valid path done

09:15:24.611 [pool-3-thread-4] DEBUG net.thucydides.core.reports.ReportService - Processing test outcome MusicLab API Automation Testing Capstone Project:Get all class by ID Mentor invalid

09:15:24.611 [pool-3-thread-7] DEBUG net.thucydides.core.reports.ReportService - Processing test outcome MusicLab API Automation Testing Capstone Project:Post to make a class with valid parameters of json file done

09:15:24.611 [pool-3-thread-4] INFO net.thucydides.core.reports.ReportService - net.thucydides.core.reports.json.JSONTestOutcomeReporter@13b4a44a: Generating report for test outcome: MusicLab API Automation Testing Capstone Project:Get all class by ID Mentor invalid

09:15:24.611 [pool-3-thread-7] DEBUG net.thucydides.core.reports.ReportService - Processing test outcome MusicLab API Automation Testing Capstone Project:Get mentor class detail

09:15:24.611 [pool-3-thread-1] DEBUG net.thucydides.core.reports.ReportService - Processing test outcome Post Create Message:Create message with extra parameter on json request body done

09:15:24.611 [pool-3-thread-3] DEBUG net.thucydides.core.reports.json.JSONTestOutcomeReporter - Generating JSON report for Get all class by ID Mentor valid to file D:\Alterra\Automation\API\MusicLab-QE-APITesting\target\site\serenity\b66aaecfb571a16cd0c7f1262811bf180e2023c65669c949862dc7fa8ccdd333.json (using temp file D:\Alterra\Automation\API\MusicLab-QE-APITesting\target\site\serenity\b66aaecfb571a16cd0c7f1262811bf180e2023c65669c949862dc7fa8ccdd333.jsone332093e-373f-425c-86fd-d2ca67c62503)

09:15:24.610 [pool-3-thread-11] DEBUG net.thucydides.core.reports.json.JSONTestOutcomeReporter - Generating JSON report for Create message without any characters or request body to file D:\Alterra\Automation\API\MusicLab-QE-APITesting\target\site\serenity\7f7e4693fa445498d4abed00616fe8c5dd8d5896cfe6f63d9e6987e11daf74b5.json (using temp file D:\Alterra\Automation\API\MusicLab-QE-APITesting\target\site\serenity\7f7e4693fa445498d4abed00616fe8c5dd8d5896cfe6f63d9e6987e11daf74b5.json1c965d2e-046d-448e-b716-24e354f07a60)

09:15:24.611 [pool-3-thread-7] INFO net.thucydides.core.reports.ReportService - net.thucydides.core.reports.json.JSONTestOutcomeReporter@13b4a44a: Generating report for test outcome: MusicLab API Automation Testing Capstone Project:Get mentor class detail

09:15:24.610 [pool-3-thread-6] DEBUG net.thucydides.core.reports.json.JSONTestOutcomeReporter - Generating JSON report for Post to make a class with invalid parameters of json file to file D:\Alterra\Automation\API\MusicLab-QE-APITesting\target\site\serenity\5c179eefc839757fbf38705f6b463a4abbc1353b6b4d9dbcec46e363bf27c99e.json (using temp file D:\Alterra\Automation\API\MusicLab-QE-APITesting\target\site\serenity\5c179eefc839757fbf38705f6b463a4abbc1353b6b4d9dbcec46e363bf27c99e.jsona79515e9-a249-4379-8042-1538a6325736)

09:15:24.610 [pool-3-thread-12] DEBUG net.thucydides.core.reports.ReportService - Processing test outcome Post Create Message:Create message with invalid parameter student_id on json request body done

09:15:24.611 [pool-3-thread-12] DEBUG net.thucydides.core.reports.ReportService - Processing test outcome MusicLab API Automation Testing Capstone Project:Put or edit a class one parameter

09:15:24.611 [pool-3-thread-12] INFO net.thucydides.core.reports.ReportService - net.thucydides.core.reports.json.JSONTestOutcomeReporter@13b4a44a: Generating report for test outcome: MusicLab API Automation Testing Capstone Project:Put or edit a class one parameter

09:15:24.611 [pool-3-thread-5] DEBUG net.thucydides.core.reports.ReportService - Processing test outcome Post Create Message:Create messages longer than 500 characters done

09:15:24.611 [pool-3-thread-1] DEBUG net.thucydides.core.reports.ReportService - Processing test outcome MusicLab API Automation Testing Capstone Project:Put or edit a class valid json all parameters

09:15:24.611 [pool-3-thread-5] DEBUG net.thucydides.core.reports.ReportService - Processing test outcome MusicLab API Automation Testing Capstone Project:Put or edit a class null parameter

09:15:24.610 [pool-3-thread-2] DEBUG net.thucydides.core.reports.json.JSONTestOutcomeReporter - Generating JSON report for Post to make a class with null parameter to file D:\Alterra\Automation\API\MusicLab-QE-APITesting\target\site\serenity\84fc17b361552b55dff364a1a81c5a0899a2aa03b51d93a6e2f480a5f22a00ab.json (using temp file D:\Alterra\Automation\API\MusicLab-QE-APITesting\target\site\serenity\84fc17b361552b55dff364a1a81c5a0899a2aa03b51d93a6e2f480a5f22a00ab.jsonb90f18ca-e1ed-41e7-a31b-ce484b9cd368)

09:15:24.611 [pool-3-thread-1] INFO net.thucydides.core.reports.ReportService - net.thucydides.core.reports.json.JSONTestOutcomeReporter@13b4a44a: Generating report for test outcome: MusicLab API Automation Testing Capstone Project:Put or edit a class valid json all parameters

09:15:24.611 [pool-3-thread-5] INFO net.thucydides.core.reports.ReportService - net.thucydides.core.reports.json.JSONTestOutcomeReporter@13b4a44a: Generating report for test outcome: MusicLab API Automation Testing Capstone Project:Put or edit a class null parameter

09:15:24.612 [pool-3-thread-7] DEBUG net.thucydides.core.reports.json.JSONTestOutcomeReporter - Generating JSON report for Get mentor class detail to file D:\Alterra\Automation\API\MusicLab-QE-APITesting\target\site\serenity\195b789962b8493e91bc2853b2145995e4d76e81c0ab78a9dc44f77f4533fcd9.json (using temp file D:\Alterra\Automation\API\MusicLab-QE-APITesting\target\site\serenity\195b789962b8493e91bc2853b2145995e4d76e81c0ab78a9dc44f77f4533fcd9.json414c9c6d-201b-428c-a711-9f68a8cb9565)

09:15:24.612 [pool-3-thread-1] DEBUG net.thucydides.core.reports.json.JSONTestOutcomeReporter - Generating JSON report for Put or edit a class valid json all parameters to file D:\Alterra\Automation\API\MusicLab-QE-APITesting\target\site\serenity\a389734b6cc44ee108778d1c788b19256c744b15cabbdfc0ce358690ba6c3350.json (using temp file D:\Alterra\Automation\API\MusicLab-QE-APITesting\target\site\serenity\a389734b6cc44ee108778d1c788b19256c744b15cabbdfc0ce358690ba6c3350.json94f55a58-2938-4b22-bc9f-761bdd645000)

09:15:24.613 [pool-3-thread-5] DEBUG net.thucydides.core.reports.json.JSONTestOutcomeReporter - Generating JSON report for Put or edit a class null parameter to file D:\Alterra\Automation\API\MusicLab-QE-APITesting\target\site\serenity\b212b4a3e12944eb395124ae76af36b415a41db2f1c50692086895d7aa01e8dc.json (using temp file D:\Alterra\Automation\API\MusicLab-QE-APITesting\target\site\serenity\b212b4a3e12944eb395124ae76af36b415a41db2f1c50692086895d7aa01e8dc.json8819f90b-6b97-4e14-b08f-39fb66d29759)

09:15:24.613 [pool-3-thread-9] DEBUG net.thucydides.core.reports.ReportService - Processing test outcome Post Create Message:Create message with invalid path done

09:15:24.613 [pool-3-thread-10] DEBUG net.thucydides.core.reports.ReportService - Processing test outcome Post Create Message:Create message with 1 parameter(only chat contents) done

09:15:24.613 [pool-3-thread-9] DEBUG net.thucydides.core.reports.ReportService - Processing test outcome MusicLab API Automation Testing Capstone Project:Delete a class

09:15:24.613 [pool-3-thread-10] DEBUG net.thucydides.core.reports.ReportService - Processing test outcome Delete genre:Delete valid parameter genre

09:15:24.613 [pool-3-thread-9] INFO net.thucydides.core.reports.ReportService - net.thucydides.core.reports.json.JSONTestOutcomeReporter@13b4a44a: Generating report for test outcome: MusicLab API Automation Testing Capstone Project:Delete a class

09:15:24.613 [pool-3-thread-10] INFO net.thucydides.core.reports.ReportService - net.thucydides.core.reports.json.JSONTestOutcomeReporter@13b4a44a: Generating report for test outcome: Delete genre:Delete valid parameter genre

09:15:24.613 [pool-3-thread-10] DEBUG net.thucydides.core.reports.json.JSONTestOutcomeReporter - Generating JSON report for Delete valid parameter genre to file D:\Alterra\Automation\API\MusicLab-QE-APITesting\target\site\serenity\9964f3d32e11976ff76e2e96dcf058b3fb2c782fe0e0072941f49875fe41d895.json (using temp file D:\Alterra\Automation\API\MusicLab-QE-APITesting\target\site\serenity\9964f3d32e11976ff76e2e96dcf058b3fb2c782fe0e0072941f49875fe41d895.json6f1a8d63-dee5-4cce-a723-84ef1b4110d0)

09:15:24.613 [pool-3-thread-9] DEBUG net.thucydides.core.reports.json.JSONTestOutcomeReporter - Generating JSON report for Delete a class to file D:\Alterra\Automation\API\MusicLab-QE-APITesting\target\site\serenity\ba336262f7fcaf5cfa77986f583b824485959fe4ca9cf73ccda262dfb79efc6e.json (using temp file D:\Alterra\Automation\API\MusicLab-QE-APITesting\target\site\serenity\ba336262f7fcaf5cfa77986f583b824485959fe4ca9cf73ccda262dfb79efc6e.json65d6def3-b4b1-42c7-8bfe-4b10b0157e18)

09:15:24.614 [pool-3-thread-12] DEBUG net.thucydides.core.reports.json.JSONTestOutcomeReporter - Generating JSON report for Put or edit a class one parameter to file D:\Alterra\Automation\API\MusicLab-QE-APITesting\target\site\serenity\50e80ef391c2f5c903458d73ab9fc8c4c963c7935473902553ccebb33e99670e.json (using temp file D:\Alterra\Automation\API\MusicLab-QE-APITesting\target\site\serenity\50e80ef391c2f5c903458d73ab9fc8c4c963c7935473902553ccebb33e99670e.json4ed6e831-c981-486c-b456-a4cfb2eeb90b)

09:15:24.614 [pool-3-thread-4] DEBUG net.thucydides.core.reports.json.JSONTestOutcomeReporter - Generating JSON report for Get all class by ID Mentor invalid to file D:\Alterra\Automation\API\MusicLab-QE-APITesting\target\site\serenity\1e65a2b2d191a22793f4e03ec6685169d65e00d1980e403a77ac8b4e3640a8a3.json (using temp file D:\Alterra\Automation\API\MusicLab-QE-APITesting\target\site\serenity\1e65a2b2d191a22793f4e03ec6685169d65e00d1980e403a77ac8b4e3640a8a3.jsoncfe38393-b34a-4e90-b086-ac15b6cc2745)

09:15:24.615 [pool-3-thread-2] DEBUG net.thucydides.core.reports.ReportService - Processing test outcome MusicLab API Automation Testing Capstone Project:Post to make a class with null parameter done

09:15:24.615 [pool-3-thread-2] DEBUG net.thucydides.core.reports.ReportService - Processing test outcome Delete genre:Delete invalid parameter genre

09:15:24.615 [pool-3-thread-2] INFO net.thucydides.core.reports.ReportService - net.thucydides.core.reports.json.JSONTestOutcomeReporter@13b4a44a: Generating report for test outcome: Delete genre:Delete invalid parameter genre

09:15:24.615 [pool-3-thread-8] DEBUG net.thucydides.core.reports.ReportService - Processing test outcome Post Create Message:Create message with blank or empty parameter on json request body done

09:15:24.616 [pool-3-thread-8] DEBUG net.thucydides.core.reports.ReportService - Processing test outcome Delete genre:Delete blank parameter genre

09:15:24.616 [pool-3-thread-8] INFO net.thucydides.core.reports.ReportService - net.thucydides.core.reports.json.JSONTestOutcomeReporter@13b4a44a: Generating report for test outcome: Delete genre:Delete blank parameter genre

09:15:24.615 [pool-3-thread-3] DEBUG net.thucydides.core.reports.ReportService - Processing test outcome MusicLab API Automation Testing Capstone Project:Get all class by ID Mentor valid done

09:15:24.615 [pool-3-thread-1] DEBUG net.thucydides.core.reports.ReportService - Processing test outcome MusicLab API Automation Testing Capstone Project:Put or edit a class valid json all parameters done

09:15:24.616 [pool-3-thread-1] DEBUG net.thucydides.core.reports.ReportService - Processing test outcome Get all data about genre mentor:Get mentor genre valid parameter

09:15:24.616 [pool-3-thread-1] INFO net.thucydides.core.reports.ReportService - net.thucydides.core.reports.json.JSONTestOutcomeReporter@13b4a44a: Generating report for test outcome: Get all data about genre mentor:Get mentor genre valid parameter

09:15:24.616 [pool-3-thread-3] DEBUG net.thucydides.core.reports.ReportService - Processing test outcome Get all data genre:Get all genre

09:15:24.616 [pool-3-thread-3] INFO net.thucydides.core.reports.ReportService - net.thucydides.core.reports.json.JSONTestOutcomeReporter@13b4a44a: Generating report for test outcome: Get all data genre:Get all genre

09:15:24.617 [pool-3-thread-2] DEBUG net.thucydides.core.reports.json.JSONTestOutcomeReporter - Generating JSON report for Delete invalid parameter genre to file D:\Alterra\Automation\API\MusicLab-QE-APITesting\target\site\serenity\90d8757aefcb61d92675691e2feb48519615dbeb1162ef9b51de3c6f77380500.json (using temp file D:\Alterra\Automation\API\MusicLab-QE-APITesting\target\site\serenity\90d8757aefcb61d92675691e2feb48519615dbeb1162ef9b51de3c6f77380500.jsondf46ff07-1e6f-435f-bce5-5cafb594f598)

09:15:24.617 [pool-3-thread-3] DEBUG net.thucydides.core.reports.json.JSONTestOutcomeReporter - Generating JSON report for Get all genre to file D:\Alterra\Automation\API\MusicLab-QE-APITesting\target\site\serenity\a289452992da9406c99abbd70ccff6d3117fc5e469eda26199588fdb34b03aaf.json (using temp file D:\Alterra\Automation\API\MusicLab-QE-APITesting\target\site\serenity\a289452992da9406c99abbd70ccff6d3117fc5e469eda26199588fdb34b03aaf.json0f02ba7c-7f63-4002-bf24-ce5cb37a0f14)

09:15:24.617 [pool-3-thread-1] DEBUG net.thucydides.core.reports.json.JSONTestOutcomeReporter - Generating JSON report for Get mentor genre valid parameter to file D:\Alterra\Automation\API\MusicLab-QE-APITesting\target\site\serenity\76f4f9eacbd1b7ac135ff1a930f58876925a063d8c6bbf15c3c46fe45d631eed.json (using temp file D:\Alterra\Automation\API\MusicLab-QE-APITesting\target\site\serenity\76f4f9eacbd1b7ac135ff1a930f58876925a063d8c6bbf15c3c46fe45d631eed.jsonf86fcf19-1779-41e4-b294-71f63086e632)

09:15:24.617 [pool-3-thread-8] DEBUG net.thucydides.core.reports.json.JSONTestOutcomeReporter - Generating JSON report for Delete blank parameter genre to file D:\Alterra\Automation\API\MusicLab-QE-APITesting\target\site\serenity\6414ab135738af44d4bef173f0f7c63ed975134bb15b3b15bb04890c0d8b32ed.json (using temp file D:\Alterra\Automation\API\MusicLab-QE-APITesting\target\site\serenity\6414ab135738af44d4bef173f0f7c63ed975134bb15b3b15bb04890c0d8b32ed.json36e16ba2-d66f-4e62-ade3-e0e212a01040)

09:15:24.616 [pool-3-thread-6] DEBUG net.thucydides.core.reports.ReportService - Processing test outcome MusicLab API Automation Testing Capstone Project:Post to make a class with invalid parameters of json file done

09:15:24.618 [pool-3-thread-6] DEBUG net.thucydides.core.reports.ReportService - Processing test outcome Get all data about genre mentor:Get mentor genre invalid parameter

09:15:24.618 [pool-3-thread-6] INFO net.thucydides.core.reports.ReportService - net.thucydides.core.reports.json.JSONTestOutcomeReporter@13b4a44a: Generating report for test outcome: Get all data about genre mentor:Get mentor genre invalid parameter

09:15:24.620 [pool-3-thread-6] DEBUG net.thucydides.core.reports.json.JSONTestOutcomeReporter - Generating JSON report for Get mentor genre invalid parameter to file D:\Alterra\Automation\API\MusicLab-QE-APITesting\target\site\serenity\6a72e5d4a6ba74c9305e79af64dc7c9e8a1d36467cb359f220008fc04d066e71.json (using temp file D:\Alterra\Automation\API\MusicLab-QE-APITesting\target\site\serenity\6a72e5d4a6ba74c9305e79af64dc7c9e8a1d36467cb359f220008fc04d066e71.json8f4216e0-b0f0-462f-b52a-c0c6eaa943fd)

09:15:24.620 [pool-3-thread-11] DEBUG net.thucydides.core.reports.ReportService - Processing test outcome Post Create Message:Create message without any characters or request body done

09:15:24.621 [pool-3-thread-11] DEBUG net.thucydides.core.reports.ReportService - Processing test outcome Get all data about genre mentor:Get mentor genre blank parameter

09:15:24.621 [pool-3-thread-11] INFO net.thucydides.core.reports.ReportService - net.thucydides.core.reports.json.JSONTestOutcomeReporter@13b4a44a: Generating report for test outcome: Get all data about genre mentor:Get mentor genre blank parameter

09:15:24.622 [pool-3-thread-2] DEBUG net.thucydides.core.reports.ReportService - Processing test outcome Delete genre:Delete invalid parameter genre done

09:15:24.622 [pool-3-thread-9] DEBUG net.thucydides.core.reports.ReportService - Processing test outcome MusicLab API Automation Testing Capstone Project:Delete a class done

09:15:24.622 [pool-3-thread-2] DEBUG net.thucydides.core.reports.ReportService - Processing test outcome Mentor post genre:Mentor post genre with valid json

09:15:24.622 [pool-3-thread-9] DEBUG net.thucydides.core.reports.ReportService - Processing test outcome Mentor post genre:Mentor post genre invalid json

09:15:24.622 [pool-3-thread-5] DEBUG net.thucydides.core.reports.ReportService - Processing test outcome MusicLab API Automation Testing Capstone Project:Put or edit a class null parameter done

09:15:24.622 [pool-3-thread-5] DEBUG net.thucydides.core.reports.ReportService - Processing test outcome Mentor post genre:Mentor post genre blank json

09:15:24.622 [pool-3-thread-2] INFO net.thucydides.core.reports.ReportService - net.thucydides.core.reports.json.JSONTestOutcomeReporter@13b4a44a: Generating report for test outcome: Mentor post genre:Mentor post genre with valid json

09:15:24.622 [pool-3-thread-9] INFO net.thucydides.core.reports.ReportService - net.thucydides.core.reports.json.JSONTestOutcomeReporter@13b4a44a: Generating report for test outcome: Mentor post genre:Mentor post genre invalid json

09:15:24.622 [pool-3-thread-5] INFO net.thucydides.core.reports.ReportService - net.thucydides.core.reports.json.JSONTestOutcomeReporter@13b4a44a: Generating report for test outcome: Mentor post genre:Mentor post genre blank json

09:15:24.623 [pool-3-thread-3] DEBUG net.thucydides.core.reports.ReportService - Processing test outcome Get all data genre:Get all genre done

09:15:24.623 [pool-3-thread-3] DEBUG net.thucydides.core.reports.ReportService - Processing test outcome Mentor post genre:mentor post genre with no authorization

09:15:24.623 [pool-3-thread-3] INFO net.thucydides.core.reports.ReportService - net.thucydides.core.reports.json.JSONTestOutcomeReporter@13b4a44a: Generating report for test outcome: Mentor post genre:mentor post genre with no authorization

09:15:24.623 [pool-3-thread-4] DEBUG net.thucydides.core.reports.ReportService - Processing test outcome MusicLab API Automation Testing Capstone Project:Get all class by ID Mentor invalid done

09:15:24.623 [pool-3-thread-5] DEBUG net.thucydides.core.reports.json.JSONTestOutcomeReporter - Generating JSON report for Mentor post genre blank json to file D:\Alterra\Automation\API\MusicLab-QE-APITesting\target\site\serenity\0e1701690d782336dfff2179b7193b999091602bb9bea526791a48433a29688b.json (using temp file D:\Alterra\Automation\API\MusicLab-QE-APITesting\target\site\serenity\0e1701690d782336dfff2179b7193b999091602bb9bea526791a48433a29688b.json6af6c6ef-3c7c-490e-bb38-ce2a1ce78725)

09:15:24.624 [pool-3-thread-2] DEBUG net.thucydides.core.reports.json.JSONTestOutcomeReporter - Generating JSON report for Mentor post genre with valid json to file D:\Alterra\Automation\API\MusicLab-QE-APITesting\target\site\serenity\bed3bf1a6a1d42722f4169826a5d0db7f93708c46169d33fbfb10b4d16ce349f.json (using temp file D:\Alterra\Automation\API\MusicLab-QE-APITesting\target\site\serenity\bed3bf1a6a1d42722f4169826a5d0db7f93708c46169d33fbfb10b4d16ce349f.jsonb181c6bd-02f9-44ed-bb50-dcbd31e27760)

09:15:24.624 [pool-3-thread-4] DEBUG net.thucydides.core.reports.ReportService - Processing test outcome [MusicLab-API] Get Feature Instrument:[Positive Case] Get All List Instruments Normal Condition

09:15:24.624 [pool-3-thread-4] INFO net.thucydides.core.reports.ReportService - net.thucydides.core.reports.json.JSONTestOutcomeReporter@13b4a44a: Generating report for test outcome: [MusicLab-API] Get Feature Instrument:[Positive Case] Get All List Instruments Normal Condition

09:15:24.624 [pool-3-thread-8] DEBUG net.thucydides.core.reports.ReportService - Processing test outcome Delete genre:Delete blank parameter genre done

09:15:24.624 [pool-3-thread-8] DEBUG net.thucydides.core.reports.ReportService - Processing test outcome [MusicLab-API] Get Feature Instrument:[Negative Case] Get Single List Instruments Invalid ID

09:15:24.624 [pool-3-thread-8] INFO net.thucydides.core.reports.ReportService - net.thucydides.core.reports.json.JSONTestOutcomeReporter@13b4a44a: Generating report for test outcome: [MusicLab-API] Get Feature Instrument:[Negative Case] Get Single List Instruments Invalid ID

09:15:24.624 [pool-3-thread-12] DEBUG net.thucydides.core.reports.ReportService - Processing test outcome MusicLab API Automation Testing Capstone Project:Put or edit a class one parameter done

09:15:24.624 [pool-3-thread-12] DEBUG net.thucydides.core.reports.ReportService - Processing test outcome [MusicLab-API] Get Feature Instrument:[Positive Case] Get Single List Instruments Valid ID

09:15:24.624 [pool-3-thread-12] INFO net.thucydides.core.reports.ReportService - net.thucydides.core.reports.json.JSONTestOutcomeReporter@13b4a44a: Generating report for test outcome: [MusicLab-API] Get Feature Instrument:[Positive Case] Get Single List Instruments Valid ID

09:15:24.624 [pool-3-thread-10] DEBUG net.thucydides.core.reports.ReportService - Processing test outcome Delete genre:Delete valid parameter genre done

09:15:24.624 [pool-3-thread-10] DEBUG net.thucydides.core.reports.ReportService - Processing test outcome [MusicLab-API] Post Feature Instrument:[Negative Case] Post Create Mentors Instruments Invalid JSON

09:15:24.624 [pool-3-thread-10] INFO net.thucydides.core.reports.ReportService - net.thucydides.core.reports.json.JSONTestOutcomeReporter@13b4a44a: Generating report for test outcome: [MusicLab-API] Post Feature Instrument:[Negative Case] Post Create Mentors Instruments Invalid JSON

09:15:24.625 [pool-3-thread-8] DEBUG net.thucydides.core.reports.json.JSONTestOutcomeReporter - Generating JSON report for [Negative Case] Get Single List Instruments Invalid ID to file D:\Alterra\Automation\API\MusicLab-QE-APITesting\target\site\serenity\7f3566fb4308e056ca08a47f88de717eba6a9b029e09fb9a054c6192257ace2c.json (using temp file D:\Alterra\Automation\API\MusicLab-QE-APITesting\target\site\serenity\7f3566fb4308e056ca08a47f88de717eba6a9b029e09fb9a054c6192257ace2c.jsonf6497234-b188-4709-acb6-91b04f6d02f5)

09:15:24.625 [pool-3-thread-4] DEBUG net.thucydides.core.reports.json.JSONTestOutcomeReporter - Generating JSON report for [Positive Case] Get All List Instruments Normal Condition to file D:\Alterra\Automation\API\MusicLab-QE-APITesting\target\site\serenity\f05fe855314f60f915cc5a75d76cacd4f24d274ee9dd0939638b165237c69553.json (using temp file D:\Alterra\Automation\API\MusicLab-QE-APITesting\target\site\serenity\f05fe855314f60f915cc5a75d76cacd4f24d274ee9dd0939638b165237c69553.json8e824d09-3910-451e-a886-64c7af883698)

09:15:24.625 [pool-3-thread-10] DEBUG net.thucydides.core.reports.json.JSONTestOutcomeReporter - Generating JSON report for [Negative Case] Post Create Mentors Instruments Invalid JSON to file D:\Alterra\Automation\API\MusicLab-QE-APITesting\target\site\serenity\b6e75fe0a34d9ed68c70fa1f223ec218bbdba8d0551423372ed6521fd35866dc.json (using temp file D:\Alterra\Automation\API\MusicLab-QE-APITesting\target\site\serenity\b6e75fe0a34d9ed68c70fa1f223ec218bbdba8d0551423372ed6521fd35866dc.jsonad96420b-bea1-49d5-98cc-959be42ce04a)

09:15:24.625 [pool-3-thread-12] DEBUG net.thucydides.core.reports.json.JSONTestOutcomeReporter - Generating JSON report for [Positive Case] Get Single List Instruments Valid ID to file D:\Alterra\Automation\API\MusicLab-QE-APITesting\target\site\serenity\24d536097e598d2c093f4bf9ee5bed4f084f767f5943e6b4b92daf335935246b.json (using temp file D:\Alterra\Automation\API\MusicLab-QE-APITesting\target\site\serenity\24d536097e598d2c093f4bf9ee5bed4f084f767f5943e6b4b92daf335935246b.json8353b995-0f50-4d36-8e02-7d314f4ac1a7)

09:15:24.626 [pool-3-thread-3] DEBUG net.thucydides.core.reports.json.JSONTestOutcomeReporter - Generating JSON report for mentor post genre with no authorization to file D:\Alterra\Automation\API\MusicLab-QE-APITesting\target\site\serenity\f5393d1ce54e5fbc3755cbbf18b8547aa6bbcfff7e9dde06a6bf52139fa28ee9.json (using temp file D:\Alterra\Automation\API\MusicLab-QE-APITesting\target\site\serenity\f5393d1ce54e5fbc3755cbbf18b8547aa6bbcfff7e9dde06a6bf52139fa28ee9.jsonacb9ee17-9cf7-48fd-a29a-8e8d878be4b7)

09:15:24.634 [pool-3-thread-9] DEBUG net.thucydides.core.reports.json.JSONTestOutcomeReporter - Generating JSON report for Mentor post genre invalid json to file D:\Alterra\Automation\API\MusicLab-QE-APITesting\target\site\serenity\f137b41c7ebd70eae8e5a63310e8e180cf365e9f74ee39612ec96f99a3bb179a.json (using temp file D:\Alterra\Automation\API\MusicLab-QE-APITesting\target\site\serenity\f137b41c7ebd70eae8e5a63310e8e180cf365e9f74ee39612ec96f99a3bb179a.json5d5b3ba6-b3b0-4cd4-8b38-0274036d0d97)

09:15:24.627 [pool-3-thread-1] DEBUG net.thucydides.core.reports.ReportService - Processing test outcome Get all data about genre mentor:Get mentor genre valid parameter done

09:15:24.627 [pool-3-thread-11] DEBUG net.thucydides.core.reports.json.JSONTestOutcomeReporter - Generating JSON report for Get mentor genre blank parameter to file D:\Alterra\Automation\API\MusicLab-QE-APITesting\target\site\serenity\4ca8db89d6264cc5e43b5147dfc80d795d80ed80a8e4acb3b1bb37fd251f62d5.json (using temp file D:\Alterra\Automation\API\MusicLab-QE-APITesting\target\site\serenity\4ca8db89d6264cc5e43b5147dfc80d795d80ed80a8e4acb3b1bb37fd251f62d5.jsonf77c22ef-ddd3-4163-96e9-5fa2cc046807)

09:15:24.635 [pool-3-thread-1] DEBUG net.thucydides.core.reports.ReportService - Processing test outcome [MusicLab-API] Post Feature Instrument:[Negative Case] Post Create Mentors Instruments No Auth

09:15:24.635 [pool-3-thread-1] INFO net.thucydides.core.reports.ReportService - net.thucydides.core.reports.json.JSONTestOutcomeReporter@13b4a44a: Generating report for test outcome: [MusicLab-API] Post Feature Instrument:[Negative Case] Post Create Mentors Instruments No Auth

09:15:24.636 [pool-3-thread-1] DEBUG net.thucydides.core.reports.json.JSONTestOutcomeReporter - Generating JSON report for [Negative Case] Post Create Mentors Instruments No Auth to file D:\Alterra\Automation\API\MusicLab-QE-APITesting\target\site\serenity\af1466510640949287c3d6ca2cc42437f53688122c2b55bf3dc874835f8ccc80.json (using temp file D:\Alterra\Automation\API\MusicLab-QE-APITesting\target\site\serenity\af1466510640949287c3d6ca2cc42437f53688122c2b55bf3dc874835f8ccc80.json00a7e9cf-56bd-413d-a316-06e5b51759ff)

09:15:24.636 [pool-3-thread-2] DEBUG net.thucydides.core.reports.ReportService - Processing test outcome Mentor post genre:Mentor post genre with valid json done

09:15:24.636 [pool-3-thread-2] DEBUG net.thucydides.core.reports.ReportService - Processing test outcome [MusicLab-API] Post Feature Instrument:[Positive Case] Post Create Mentors Instruments Valid JSON

09:15:24.636 [pool-3-thread-2] INFO net.thucydides.core.reports.ReportService - net.thucydides.core.reports.json.JSONTestOutcomeReporter@13b4a44a: Generating report for test outcome: [MusicLab-API] Post Feature Instrument:[Positive Case] Post Create Mentors Instruments Valid JSON

09:15:24.636 [pool-3-thread-10] DEBUG net.thucydides.core.reports.ReportService - Processing test outcome [MusicLab-API] Post Feature Instrument:[Negative Case] Post Create Mentors Instruments Invalid JSON done

09:15:24.636 [pool-3-thread-10] DEBUG net.thucydides.core.reports.ReportService - Processing test outcome [MusicLab-API] Delete Feature Instrument:[Negative Case] Delete Instruments Valid ID No Auth

09:15:24.636 [pool-3-thread-10] INFO net.thucydides.core.reports.ReportService - net.thucydides.core.reports.json.JSONTestOutcomeReporter@13b4a44a: Generating report for test outcome: [MusicLab-API] Delete Feature Instrument:[Negative Case] Delete Instruments Valid ID No Auth

09:15:24.636 [pool-3-thread-8] DEBUG net.thucydides.core.reports.ReportService - Processing test outcome [MusicLab-API] Get Feature Instrument:[Negative Case] Get Single List Instruments Invalid ID done

09:15:24.637 [pool-3-thread-8] DEBUG net.thucydides.core.reports.ReportService - Processing test outcome [MusicLab-API] Delete Feature Instrument:[Negative Case] Delete Instruments Invalid ID

09:15:24.637 [pool-3-thread-8] INFO net.thucydides.core.reports.ReportService - net.thucydides.core.reports.json.JSONTestOutcomeReporter@13b4a44a: Generating report for test outcome: [MusicLab-API] Delete Feature Instrument:[Negative Case] Delete Instruments Invalid ID

09:15:24.637 [pool-3-thread-8] DEBUG net.thucydides.core.reports.json.JSONTestOutcomeReporter - Generating JSON report for [Negative Case] Delete Instruments Invalid ID to file D:\Alterra\Automation\API\MusicLab-QE-APITesting\target\site\serenity\61e7f80c9cbda54e9d1c6fc137e4c51bd10175df352233bdeae561b7329f744e.json (using temp file D:\Alterra\Automation\API\MusicLab-QE-APITesting\target\site\serenity\61e7f80c9cbda54e9d1c6fc137e4c51bd10175df352233bdeae561b7329f744e.json099412c1-98f1-4cd1-bbd4-c6cfa21d7874)

09:15:24.637 [pool-3-thread-4] DEBUG net.thucydides.core.reports.ReportService - Processing test outcome [MusicLab-API] Get Feature Instrument:[Positive Case] Get All List Instruments Normal Condition done

09:15:24.637 [pool-3-thread-9] DEBUG net.thucydides.core.reports.ReportService - Processing test outcome Mentor post genre:Mentor post genre invalid json done

09:15:24.638 [pool-3-thread-9] DEBUG net.thucydides.core.reports.ReportService - Processing test outcome [MusicLab-API] Delete Feature Instrument:[Negative Case] Delete Instruments Blank ID

09:15:24.638 [pool-3-thread-9] INFO net.thucydides.core.reports.ReportService - net.thucydides.core.reports.json.JSONTestOutcomeReporter@13b4a44a: Generating report for test outcome: [MusicLab-API] Delete Feature Instrument:[Negative Case] Delete Instruments Blank ID

09:15:24.638 [pool-3-thread-9] DEBUG net.thucydides.core.reports.json.JSONTestOutcomeReporter - Generating JSON report for [Negative Case] Delete Instruments Blank ID to file D:\Alterra\Automation\API\MusicLab-QE-APITesting\target\site\serenity\481043b156a3e6937c3dceff56d9d91913f50189ed20a9a966eafba5c9ce14de.json (using temp file D:\Alterra\Automation\API\MusicLab-QE-APITesting\target\site\serenity\481043b156a3e6937c3dceff56d9d91913f50189ed20a9a966eafba5c9ce14de.json7b8a6c50-5721-4895-b616-7c5ac929bdb1)

09:15:24.628 [pool-3-thread-5] DEBUG net.thucydides.core.reports.ReportService - Processing test outcome Mentor post genre:Mentor post genre blank json done

09:15:24.629 [pool-3-thread-6] DEBUG net.thucydides.core.reports.ReportService - Processing test outcome Get all data about genre mentor:Get mentor genre invalid parameter done

09:15:24.629 [pool-3-thread-7] DEBUG net.thucydides.core.reports.ReportService - Processing test outcome MusicLab API Automation Testing Capstone Project:Get mentor class detail done

09:15:24.639 [pool-3-thread-6] DEBUG net.thucydides.core.reports.ReportService - Processing test outcome [MusicLab-API] Delete Feature Instrument:[Positive Case] Delete Instruments Valid ID

09:15:24.639 [pool-3-thread-7] DEBUG net.thucydides.core.reports.ReportService - Processing test outcome [MusicLab-API] Get Feature Mentors:[Negative Case] Get All List Mentors With Invalid Parameters

09:15:24.639 [pool-3-thread-6] INFO net.thucydides.core.reports.ReportService - net.thucydides.core.reports.json.JSONTestOutcomeReporter@13b4a44a: Generating report for test outcome: [MusicLab-API] Delete Feature Instrument:[Positive Case] Delete Instruments Valid ID

09:15:24.637 [pool-3-thread-2] DEBUG net.thucydides.core.reports.json.JSONTestOutcomeReporter - Generating JSON report for [Positive Case] Post Create Mentors Instruments Valid JSON to file D:\Alterra\Automation\API\MusicLab-QE-APITesting\target\site\serenity\525c23922631a83865562efd5c32ba0866202f835947df9adac402d9a0ed1331.json (using temp file D:\Alterra\Automation\API\MusicLab-QE-APITesting\target\site\serenity\525c23922631a83865562efd5c32ba0866202f835947df9adac402d9a0ed1331.json833d1336-e271-46b5-b141-b95127657c5c)

09:15:24.640 [pool-3-thread-6] DEBUG net.thucydides.core.reports.json.JSONTestOutcomeReporter - Generating JSON report for [Positive Case] Delete Instruments Valid ID to file D:\Alterra\Automation\API\MusicLab-QE-APITesting\target\site\serenity\dc6b1941c1541cb5f1df37e5282f23c5f3d79ab1ce861ae5e131ed6fdbbc4da0.json (using temp file D:\Alterra\Automation\API\MusicLab-QE-APITesting\target\site\serenity\dc6b1941c1541cb5f1df37e5282f23c5f3d79ab1ce861ae5e131ed6fdbbc4da0.jsona3aa78e9-e871-41e8-8eca-fef25dfbc7e1)

09:15:24.640 [pool-3-thread-5] DEBUG net.thucydides.core.reports.ReportService - Processing test outcome [MusicLab-API] Get Feature Mentors:[Positive Case] Get All List Mentors Normal Condition

09:15:24.640 [pool-3-thread-5] INFO net.thucydides.core.reports.ReportService - net.thucydides.core.reports.json.JSONTestOutcomeReporter@13b4a44a: Generating report for test outcome: [MusicLab-API] Get Feature Mentors:[Positive Case] Get All List Mentors Normal Condition

09:15:24.640 [pool-3-thread-4] DEBUG net.thucydides.core.reports.ReportService - Processing test outcome [MusicLab-API] Get Feature Mentors:[Positive Case] Get All List Mentors With Valid Parameters

09:15:24.640 [pool-3-thread-4] INFO net.thucydides.core.reports.ReportService - net.thucydides.core.reports.json.JSONTestOutcomeReporter@13b4a44a: Generating report for test outcome: [MusicLab-API] Get Feature Mentors:[Positive Case] Get All List Mentors With Valid Parameters

09:15:24.637 [pool-3-thread-10] DEBUG net.thucydides.core.reports.json.JSONTestOutcomeReporter - Generating JSON report for [Negative Case] Delete Instruments Valid ID No Auth to file D:\Alterra\Automation\API\MusicLab-QE-APITesting\target\site\serenity\91459aebbd3ceaffea1f2007136d4c4557ce68e3f4dd15abaf4f9057f162ec45.json (using temp file D:\Alterra\Automation\API\MusicLab-QE-APITesting\target\site\serenity\91459aebbd3ceaffea1f2007136d4c4557ce68e3f4dd15abaf4f9057f162ec45.json46742524-2122-4da8-b4cd-cf6e7b53a0ab)

09:15:24.639 [pool-3-thread-7] INFO net.thucydides.core.reports.ReportService - net.thucydides.core.reports.json.JSONTestOutcomeReporter@13b4a44a: Generating report for test outcome: [MusicLab-API] Get Feature Mentors:[Negative Case] Get All List Mentors With Invalid Parameters

09:15:24.639 [pool-3-thread-8] DEBUG net.thucydides.core.reports.ReportService - Processing test outcome [MusicLab-API] Delete Feature Instrument:[Negative Case] Delete Instruments Invalid ID done

09:15:24.640 [pool-3-thread-8] DEBUG net.thucydides.core.reports.ReportService - Processing test outcome [MusicLab-API] Get Feature Mentors:[Positive Case] Get All List Mentors Top Week

09:15:24.640 [pool-3-thread-8] INFO net.thucydides.core.reports.ReportService - net.thucydides.core.reports.json.JSONTestOutcomeReporter@13b4a44a: Generating report for test outcome: [MusicLab-API] Get Feature Mentors:[Positive Case] Get All List Mentors Top Week

09:15:24.641 [pool-3-thread-4] DEBUG net.thucydides.core.reports.json.JSONTestOutcomeReporter - Generating JSON report for [Positive Case] Get All List Mentors With Valid Parameters to file D:\Alterra\Automation\API\MusicLab-QE-APITesting\target\site\serenity\d862ccbf9aa41f4b68f5bba5560f78dd5199506ad39e35f1b84c6edb1af75350.json (using temp file D:\Alterra\Automation\API\MusicLab-QE-APITesting\target\site\serenity\d862ccbf9aa41f4b68f5bba5560f78dd5199506ad39e35f1b84c6edb1af75350.jsonac999255-2aac-47fa-b787-fa0fb01d7083)

09:15:24.641 [pool-3-thread-7] DEBUG net.thucydides.core.reports.json.JSONTestOutcomeReporter - Generating JSON report for [Negative Case] Get All List Mentors With Invalid Parameters to file D:\Alterra\Automation\API\MusicLab-QE-APITesting\target\site\serenity\ebbf6c9807e3083d0d74e66d5b10a4ee50c28de487e6c379397127f2cb5dbef3.json (using temp file D:\Alterra\Automation\API\MusicLab-QE-APITesting\target\site\serenity\ebbf6c9807e3083d0d74e66d5b10a4ee50c28de487e6c379397127f2cb5dbef3.json3cef3f07-143e-4723-a7f5-dc98cffdb038)

09:15:24.641 [pool-3-thread-12] DEBUG net.thucydides.core.reports.ReportService - Processing test outcome [MusicLab-API] Get Feature Instrument:[Positive Case] Get Single List Instruments Valid ID done

09:15:24.641 [pool-3-thread-12] DEBUG net.thucydides.core.reports.ReportService - Processing test outcome [MusicLab-API] Get Feature Mentors:[Negative Case] Get Single List Mentors With Invalid ID

09:15:24.641 [pool-3-thread-12] INFO net.thucydides.core.reports.ReportService - net.thucydides.core.reports.json.JSONTestOutcomeReporter@13b4a44a: Generating report for test outcome: [MusicLab-API] Get Feature Mentors:[Negative Case] Get Single List Mentors With Invalid ID

09:15:24.642 [pool-3-thread-5] DEBUG net.thucydides.core.reports.json.JSONTestOutcomeReporter - Generating JSON report for [Positive Case] Get All List Mentors Normal Condition to file D:\Alterra\Automation\API\MusicLab-QE-APITesting\target\site\serenity\ff7bd28f7be7495522a5c3f0cc59ff035bbb01f552ea41889de76ea205e9df28.json (using temp file D:\Alterra\Automation\API\MusicLab-QE-APITesting\target\site\serenity\ff7bd28f7be7495522a5c3f0cc59ff035bbb01f552ea41889de76ea205e9df28.json304ee493-9c1e-4de4-a1fb-72c40294ae69)

09:15:24.643 [pool-3-thread-9] DEBUG net.thucydides.core.reports.ReportService - Processing test outcome [MusicLab-API] Delete Feature Instrument:[Negative Case] Delete Instruments Blank ID done

09:15:24.643 [pool-3-thread-9] DEBUG net.thucydides.core.reports.ReportService - Processing test outcome [MusicLab-API] Get Feature Mentors:[Negative Case] Get Single List Mentors With Blank ID

09:15:24.643 [pool-3-thread-9] INFO net.thucydides.core.reports.ReportService - net.thucydides.core.reports.json.JSONTestOutcomeReporter@13b4a44a: Generating report for test outcome: [MusicLab-API] Get Feature Mentors:[Negative Case] Get Single List Mentors With Blank ID

09:15:24.644 [pool-3-thread-8] DEBUG net.thucydides.core.reports.json.JSONTestOutcomeReporter - Generating JSON report for [Positive Case] Get All List Mentors Top Week to file D:\Alterra\Automation\API\MusicLab-QE-APITesting\target\site\serenity\d7f08994660a825820b0950de104c12bd17ef98edc46b6e235c279eb04a35817.json (using temp file D:\Alterra\Automation\API\MusicLab-QE-APITesting\target\site\serenity\d7f08994660a825820b0950de104c12bd17ef98edc46b6e235c279eb04a35817.jsonae34b8fe-f745-49b0-aa53-4ca5e0102ddf)

09:15:24.644 [pool-3-thread-12] DEBUG net.thucydides.core.reports.json.JSONTestOutcomeReporter - Generating JSON report for [Negative Case] Get Single List Mentors With Invalid ID to file D:\Alterra\Automation\API\MusicLab-QE-APITesting\target\site\serenity\69360d5fd182a0f83304bb9ea48e0804575c3d906e2479ccaf15a4b8a08f1157.json (using temp file D:\Alterra\Automation\API\MusicLab-QE-APITesting\target\site\serenity\69360d5fd182a0f83304bb9ea48e0804575c3d906e2479ccaf15a4b8a08f1157.json8b9ad1ef-61aa-4141-a660-7756ff64d9b6)

09:15:24.644 [pool-3-thread-1] DEBUG net.thucydides.core.reports.ReportService - Processing test outcome [MusicLab-API] Post Feature Instrument:[Negative Case] Post Create Mentors Instruments No Auth done

09:15:24.644 [pool-3-thread-1] DEBUG net.thucydides.core.reports.ReportService - Processing test outcome [MusicLab-API] Get Feature Mentors:[Positive Case] Get Single Mentor Profile

09:15:24.644 [pool-3-thread-1] INFO net.thucydides.core.reports.ReportService - net.thucydides.core.reports.json.JSONTestOutcomeReporter@13b4a44a: Generating report for test outcome: [MusicLab-API] Get Feature Mentors:[Positive Case] Get Single Mentor Profile

09:15:24.645 [pool-3-thread-3] DEBUG net.thucydides.core.reports.ReportService - Processing test outcome Mentor post genre:mentor post genre with no authorization done

09:15:24.645 [pool-3-thread-3] DEBUG net.thucydides.core.reports.ReportService - Processing test outcome [MusicLab-API] Get Feature Mentors:[Positive Case] Get Single List Mentors With Valid ID

09:15:24.645 [pool-3-thread-3] INFO net.thucydides.core.reports.ReportService - net.thucydides.core.reports.json.JSONTestOutcomeReporter@13b4a44a: Generating report for test outcome: [MusicLab-API] Get Feature Mentors:[Positive Case] Get Single List Mentors With Valid ID

09:15:24.645 [pool-3-thread-9] DEBUG net.thucydides.core.reports.json.JSONTestOutcomeReporter - Generating JSON report for [Negative Case] Get Single List Mentors With Blank ID to file D:\Alterra\Automation\API\MusicLab-QE-APITesting\target\site\serenity\d90dff7b5dccfc972d39c727446e9654a109ee4148430cb0263b4bafa1878ad0.json (using temp file D:\Alterra\Automation\API\MusicLab-QE-APITesting\target\site\serenity\d90dff7b5dccfc972d39c727446e9654a109ee4148430cb0263b4bafa1878ad0.json805b3586-0a39-41fd-a995-8b9e2483bc6f)

09:15:24.646 [pool-3-thread-1] DEBUG net.thucydides.core.reports.json.JSONTestOutcomeReporter - Generating JSON report for [Positive Case] Get Single Mentor Profile to file D:\Alterra\Automation\API\MusicLab-QE-APITesting\target\site\serenity\32b13442ef78825095038ce3df040db827e90a7d3ba8e2b9439027888de28523.json (using temp file D:\Alterra\Automation\API\MusicLab-QE-APITesting\target\site\serenity\32b13442ef78825095038ce3df040db827e90a7d3ba8e2b9439027888de28523.json18163f6c-7325-4d6b-8486-64ed2b1e31cc)

09:15:24.647 [pool-3-thread-6] DEBUG net.thucydides.core.reports.ReportService - Processing test outcome [MusicLab-API] Delete Feature Instrument:[Positive Case] Delete Instruments Valid ID done

09:15:24.647 [pool-3-thread-6] DEBUG net.thucydides.core.reports.ReportService - Processing test outcome [MusicLab-API] Post Feature Mentors:[Negative Case] Post Create Mentors Credential With Invalid JSON

09:15:24.647 [pool-3-thread-6] INFO net.thucydides.core.reports.ReportService - net.thucydides.core.reports.json.JSONTestOutcomeReporter@13b4a44a: Generating report for test outcome: [MusicLab-API] Post Feature Mentors:[Negative Case] Post Create Mentors Credential With Invalid JSON

09:15:24.647 [pool-3-thread-3] DEBUG net.thucydides.core.reports.json.JSONTestOutcomeReporter - Generating JSON report for [Positive Case] Get Single List Mentors With Valid ID to file D:\Alterra\Automation\API\MusicLab-QE-APITesting\target\site\serenity\179447959a3d5516a9e1af09e88baf01621954c40365a6947b03fdaa35db72e6.json (using temp file D:\Alterra\Automation\API\MusicLab-QE-APITesting\target\site\serenity\179447959a3d5516a9e1af09e88baf01621954c40365a6947b03fdaa35db72e6.json8dc22371-66d3-41e1-8920-6b35fa7465ed)

09:15:24.647 [pool-3-thread-5] DEBUG net.thucydides.core.reports.ReportService - Processing test outcome [MusicLab-API] Get Feature Mentors:[Positive Case] Get All List Mentors Normal Condition done

09:15:24.647 [pool-3-thread-5] DEBUG net.thucydides.core.reports.ReportService - Processing test outcome [MusicLab-API] Post Feature Mentors:[Negative Case] Post Create Mentors Credential With Valid JSON No Auth

09:15:24.647 [pool-3-thread-5] INFO net.thucydides.core.reports.ReportService - net.thucydides.core.reports.json.JSONTestOutcomeReporter@13b4a44a: Generating report for test outcome: [MusicLab-API] Post Feature Mentors:[Negative Case] Post Create Mentors Credential With Valid JSON No Auth

09:15:24.648 [pool-3-thread-11] DEBUG net.thucydides.core.reports.ReportService - Processing test outcome Get all data about genre mentor:Get mentor genre blank parameter done

09:15:24.648 [pool-3-thread-11] DEBUG net.thucydides.core.reports.ReportService - Processing test outcome [MusicLab-API] Post Feature Mentors:[Negative Case] Post Create Mentors Credential With Oversize Image

09:15:24.648 [pool-3-thread-11] INFO net.thucydides.core.reports.ReportService - net.thucydides.core.reports.json.JSONTestOutcomeReporter@13b4a44a: Generating report for test outcome: [MusicLab-API] Post Feature Mentors:[Negative Case] Post Create Mentors Credential With Oversize Image

09:15:24.648 [pool-3-thread-5] DEBUG net.thucydides.core.reports.json.JSONTestOutcomeReporter - Generating JSON report for [Negative Case] Post Create Mentors Credential With Valid JSON No Auth to file D:\Alterra\Automation\API\MusicLab-QE-APITesting\target\site\serenity\df85cc3eb9a7a5495884571eb8666798cc86b53232828ce945580671109a20dd.json (using temp file D:\Alterra\Automation\API\MusicLab-QE-APITesting\target\site\serenity\df85cc3eb9a7a5495884571eb8666798cc86b53232828ce945580671109a20dd.jsonc440d869-1e36-40df-8dc3-4b10b88ec2c2)

09:15:24.649 [pool-3-thread-11] DEBUG net.thucydides.core.reports.json.JSONTestOutcomeReporter - Generating JSON report for [Negative Case] Post Create Mentors Credential With Oversize Image to file D:\Alterra\Automation\API\MusicLab-QE-APITesting\target\site\serenity\17883f69c94e22421c252116f3f56e30b7690036191e91f646b3b94001f70d7a.json (using temp file D:\Alterra\Automation\API\MusicLab-QE-APITesting\target\site\serenity\17883f69c94e22421c252116f3f56e30b7690036191e91f646b3b94001f70d7a.jsonc1e3e379-47ca-49b6-abad-13c84c7405e2)

09:15:24.649 [pool-3-thread-6] DEBUG net.thucydides.core.reports.json.JSONTestOutcomeReporter - Generating JSON report for [Negative Case] Post Create Mentors Credential With Invalid JSON to file D:\Alterra\Automation\API\MusicLab-QE-APITesting\target\site\serenity\2c6c1478c9f9e1d68f88b0d1caf185f38063b6089ee83ad21d5509db9d678eb8.json (using temp file D:\Alterra\Automation\API\MusicLab-QE-APITesting\target\site\serenity\2c6c1478c9f9e1d68f88b0d1caf185f38063b6089ee83ad21d5509db9d678eb8.jsone2caeb93-743d-4f7e-bd0f-d34cc6d729d0)

09:15:24.649 [pool-3-thread-2] DEBUG net.thucydides.core.reports.ReportService - Processing test outcome [MusicLab-API] Post Feature Instrument:[Positive Case] Post Create Mentors Instruments Valid JSON done

09:15:24.649 [pool-3-thread-2] DEBUG net.thucydides.core.reports.ReportService - Processing test outcome [MusicLab-API] Post Feature Mentors:[Positive Case] Post Create Mentors Credential With Valid JSON

09:15:24.649 [pool-3-thread-2] INFO net.thucydides.core.reports.ReportService - net.thucydides.core.reports.json.JSONTestOutcomeReporter@13b4a44a: Generating report for test outcome: [MusicLab-API] Post Feature Mentors:[Positive Case] Post Create Mentors Credential With Valid JSON

09:15:24.649 [pool-3-thread-9] DEBUG net.thucydides.core.reports.ReportService - Processing test outcome [MusicLab-API] Get Feature Mentors:[Negative Case] Get Single List Mentors With Blank ID done

09:15:24.649 [pool-3-thread-9] DEBUG net.thucydides.core.reports.ReportService - Processing test outcome [MusicLab-API] Put Feature Mentors:[Negative Case] Put Update Mentors Password With Invalid JSON

09:15:24.649 [pool-3-thread-9] INFO net.thucydides.core.reports.ReportService - net.thucydides.core.reports.json.JSONTestOutcomeReporter@13b4a44a: Generating report for test outcome: [MusicLab-API] Put Feature Mentors:[Negative Case] Put Update Mentors Password With Invalid JSON

09:15:24.650 [pool-3-thread-7] DEBUG net.thucydides.core.reports.ReportService - Processing test outcome [MusicLab-API] Get Feature Mentors:[Negative Case] Get All List Mentors With Invalid Parameters done

09:15:24.650 [pool-3-thread-2] DEBUG net.thucydides.core.reports.json.JSONTestOutcomeReporter - Generating JSON report for [Positive Case] Post Create Mentors Credential With Valid JSON to file D:\Alterra\Automation\API\MusicLab-QE-APITesting\target\site\serenity\fbe5ff59824882bcbad73f30ef56748587fe60cc93c5b1c2dfac5c900b2c1374.json (using temp file D:\Alterra\Automation\API\MusicLab-QE-APITesting\target\site\serenity\fbe5ff59824882bcbad73f30ef56748587fe60cc93c5b1c2dfac5c900b2c1374.json81884c47-9dec-4033-a8cb-b33dfb60d0dc)

09:15:24.650 [pool-3-thread-7] DEBUG net.thucydides.core.reports.ReportService - Processing test outcome [MusicLab-API] Put Feature Mentors:[Negative Case] Put Update Mentors Password With Valid JSON No Authorized

09:15:24.650 [pool-3-thread-7] INFO net.thucydides.core.reports.ReportService - net.thucydides.core.reports.json.JSONTestOutcomeReporter@13b4a44a: Generating report for test outcome: [MusicLab-API] Put Feature Mentors:[Negative Case] Put Update Mentors Password With Valid JSON No Authorized

09:15:24.650 [pool-3-thread-8] DEBUG net.thucydides.core.reports.ReportService - Processing test outcome [MusicLab-API] Get Feature Mentors:[Positive Case] Get All List Mentors Top Week done

09:15:24.650 [pool-3-thread-8] DEBUG net.thucydides.core.reports.ReportService - Processing test outcome [MusicLab-API] Put Feature Mentors:[Positive Case] Put Update Mentors Password With Valid JSON

09:15:24.650 [pool-3-thread-8] INFO net.thucydides.core.reports.ReportService - net.thucydides.core.reports.json.JSONTestOutcomeReporter@13b4a44a: Generating report for test outcome: [MusicLab-API] Put Feature Mentors:[Positive Case] Put Update Mentors Password With Valid JSON

09:15:24.650 [pool-3-thread-7] DEBUG net.thucydides.core.reports.json.JSONTestOutcomeReporter - Generating JSON report for [Negative Case] Put Update Mentors Password With Valid JSON No Authorized to file D:\Alterra\Automation\API\MusicLab-QE-APITesting\target\site\serenity\a038655e1fe8f7af9e2bb691c110785f530c89f436da50a7b5b80f30abc93949.json (using temp file D:\Alterra\Automation\API\MusicLab-QE-APITesting\target\site\serenity\a038655e1fe8f7af9e2bb691c110785f530c89f436da50a7b5b80f30abc93949.json00f48817-763b-437a-aa9f-b8b77ac9c706)

09:15:24.650 [pool-3-thread-9] DEBUG net.thucydides.core.reports.json.JSONTestOutcomeReporter - Generating JSON report for [Negative Case] Put Update Mentors Password With Invalid JSON to file D:\Alterra\Automation\API\MusicLab-QE-APITesting\target\site\serenity\870f2ec59704d3cdfa2000e6e867abc31d753f65916a31bd3cccc8f23e27ee9f.json (using temp file D:\Alterra\Automation\API\MusicLab-QE-APITesting\target\site\serenity\870f2ec59704d3cdfa2000e6e867abc31d753f65916a31bd3cccc8f23e27ee9f.jsonf19de83f-64f4-433f-849e-7f9d86811559)

09:15:24.651 [pool-3-thread-1] DEBUG net.thucydides.core.reports.ReportService - Processing test outcome [MusicLab-API] Get Feature Mentors:[Positive Case] Get Single Mentor Profile done

09:15:24.651 [pool-3-thread-8] DEBUG net.thucydides.core.reports.json.JSONTestOutcomeReporter - Generating JSON report for [Positive Case] Put Update Mentors Password With Valid JSON to file D:\Alterra\Automation\API\MusicLab-QE-APITesting\target\site\serenity\59db1511cc674cbf641bff2b3f0000ae0f9850f8ad507706ad5d4280b521e359.json (using temp file D:\Alterra\Automation\API\MusicLab-QE-APITesting\target\site\serenity\59db1511cc674cbf641bff2b3f0000ae0f9850f8ad507706ad5d4280b521e359.json9691e59a-cb63-480a-aa1b-10844b2dd59a)

09:15:24.652 [pool-3-thread-6] DEBUG net.thucydides.core.reports.ReportService - Processing test outcome [MusicLab-API] Post Feature Mentors:[Negative Case] Post Create Mentors Credential With Invalid JSON done

09:15:24.652 [pool-3-thread-6] DEBUG net.thucydides.core.reports.ReportService - Processing test outcome [MusicLab-API] Put Feature Mentors:[Negative Case] Put Update Mentors Profile With Valid JSON No Authorized

09:15:24.652 [pool-3-thread-6] INFO net.thucydides.core.reports.ReportService - net.thucydides.core.reports.json.JSONTestOutcomeReporter@13b4a44a: Generating report for test outcome: [MusicLab-API] Put Feature Mentors:[Negative Case] Put Update Mentors Profile With Valid JSON No Authorized

09:15:24.653 [pool-3-thread-6] DEBUG net.thucydides.core.reports.json.JSONTestOutcomeReporter - Generating JSON report for [Negative Case] Put Update Mentors Profile With Valid JSON No Authorized to file D:\Alterra\Automation\API\MusicLab-QE-APITesting\target\site\serenity\3545e2bc6cae85b281a23619de6a34506ad8cae828b8477eee062ff77b4fed78.json (using temp file D:\Alterra\Automation\API\MusicLab-QE-APITesting\target\site\serenity\3545e2bc6cae85b281a23619de6a34506ad8cae828b8477eee062ff77b4fed78.json8b07b15f-0c3a-41a8-aa55-fb32843d3989)

09:15:24.651 [pool-3-thread-4] DEBUG net.thucydides.core.reports.ReportService - Processing test outcome [MusicLab-API] Get Feature Mentors:[Positive Case] Get All List Mentors With Valid Parameters done

09:15:24.651 [pool-3-thread-1] DEBUG net.thucydides.core.reports.ReportService - Processing test outcome [MusicLab-API] Put Feature Mentors:[Negative Case] Put Update Mentors Profile With Invalid JSON

09:15:24.652 [pool-3-thread-2] DEBUG net.thucydides.core.reports.ReportService - Processing test outcome [MusicLab-API] Post Feature Mentors:[Positive Case] Post Create Mentors Credential With Valid JSON done

09:15:24.653 [pool-3-thread-1] INFO net.thucydides.core.reports.ReportService - net.thucydides.core.reports.json.JSONTestOutcomeReporter@13b4a44a: Generating report for test outcome: [MusicLab-API] Put Feature Mentors:[Negative Case] Put Update Mentors Profile With Invalid JSON

09:15:24.654 [pool-3-thread-2] DEBUG net.thucydides.core.reports.ReportService - Processing test outcome [MusicLab-API] Put Feature Mentors:[Positive Case] Put Update Mentors Profile With Valid JSON

09:15:24.654 [pool-3-thread-2] INFO net.thucydides.core.reports.ReportService - net.thucydides.core.reports.json.JSONTestOutcomeReporter@13b4a44a: Generating report for test outcome: [MusicLab-API] Put Feature Mentors:[Positive Case] Put Update Mentors Profile With Valid JSON

09:15:24.654 [pool-3-thread-2] DEBUG net.thucydides.core.reports.json.JSONTestOutcomeReporter - Generating JSON report for [Positive Case] Put Update Mentors Profile With Valid JSON to file D:\Alterra\Automation\API\MusicLab-QE-APITesting\target\site\serenity\3ce76c5d965b7202c1ac1b922bf2aaffb2ba6218e75502ad3ffc4d357a9c8796.json (using temp file D:\Alterra\Automation\API\MusicLab-QE-APITesting\target\site\serenity\3ce76c5d965b7202c1ac1b922bf2aaffb2ba6218e75502ad3ffc4d357a9c8796.jsonbdefae3e-3a07-421f-931c-30557954bb9c)

09:15:24.656 [pool-3-thread-8] DEBUG net.thucydides.core.reports.ReportService - Processing test outcome [MusicLab-API] Put Feature Mentors:[Positive Case] Put Update Mentors Password With Valid JSON done

09:15:24.657 [pool-3-thread-8] DEBUG net.thucydides.core.reports.ReportService - Processing test outcome [MusicLab-API] Delete Feature Mentors:[Positive Case] Delete Mentors Without Authorized

09:15:24.657 [pool-3-thread-8] INFO net.thucydides.core.reports.ReportService - net.thucydides.core.reports.json.JSONTestOutcomeReporter@13b4a44a: Generating report for test outcome: [MusicLab-API] Delete Feature Mentors:[Positive Case] Delete Mentors Without Authorized

09:15:24.658 [pool-3-thread-8] DEBUG net.thucydides.core.reports.json.JSONTestOutcomeReporter - Generating JSON report for [Positive Case] Delete Mentors Without Authorized to file D:\Alterra\Automation\API\MusicLab-QE-APITesting\target\site\serenity\082b0901204529166966c59d7e9911eb5682e32123a8282832f0cacf38058ca8.json (using temp file D:\Alterra\Automation\API\MusicLab-QE-APITesting\target\site\serenity\082b0901204529166966c59d7e9911eb5682e32123a8282832f0cacf38058ca8.jsonec63daff-f180-44dc-8c7d-e4cfc6bdb029)

09:15:24.653 [pool-3-thread-4] DEBUG net.thucydides.core.reports.ReportService - Processing test outcome [MusicLab-API] Put Feature Mentors:[Negative Case] Put Update Mentors Profile With Oversize Image

09:15:24.658 [pool-3-thread-4] INFO net.thucydides.core.reports.ReportService - net.thucydides.core.reports.json.JSONTestOutcomeReporter@13b4a44a: Generating report for test outcome: [MusicLab-API] Put Feature Mentors:[Negative Case] Put Update Mentors Profile With Oversize Image

09:15:24.660 [pool-3-thread-5] DEBUG net.thucydides.core.reports.ReportService - Processing test outcome [MusicLab-API] Post Feature Mentors:[Negative Case] Post Create Mentors Credential With Valid JSON No Auth done

09:15:24.660 [pool-3-thread-5] DEBUG net.thucydides.core.reports.ReportService - Processing test outcome [MusicLab-API] Delete Feature Mentors:[Positive Case] Delete Mentors With Authorized

09:15:24.660 [pool-3-thread-5] INFO net.thucydides.core.reports.ReportService - net.thucydides.core.reports.json.JSONTestOutcomeReporter@13b4a44a: Generating report for test outcome: [MusicLab-API] Delete Feature Mentors:[Positive Case] Delete Mentors With Authorized

09:15:24.661 [pool-3-thread-11] DEBUG net.thucydides.core.reports.ReportService - Processing test outcome [MusicLab-API] Post Feature Mentors:[Negative Case] Post Create Mentors Credential With Oversize Image done

09:15:24.661 [pool-3-thread-1] DEBUG net.thucydides.core.reports.json.JSONTestOutcomeReporter - Generating JSON report for [Negative Case] Put Update Mentors Profile With Invalid JSON to file D:\Alterra\Automation\API\MusicLab-QE-APITesting\target\site\serenity\7967d36e669a02eb8c803cf2b9f699785abee4147a1792268257f5cc3688ee19.json (using temp file D:\Alterra\Automation\API\MusicLab-QE-APITesting\target\site\serenity\7967d36e669a02eb8c803cf2b9f699785abee4147a1792268257f5cc3688ee19.json11eb9342-f457-4362-a603-04f17064a0c9)

09:15:24.661 [pool-3-thread-4] DEBUG net.thucydides.core.reports.json.JSONTestOutcomeReporter - Generating JSON report for [Negative Case] Put Update Mentors Profile With Oversize Image to file D:\Alterra\Automation\API\MusicLab-QE-APITesting\target\site\serenity\4185037c8ec041ace92761f12b93af65aafc7168e3b123197cdf13926aa8d981.json (using temp file D:\Alterra\Automation\API\MusicLab-QE-APITesting\target\site\serenity\4185037c8ec041ace92761f12b93af65aafc7168e3b123197cdf13926aa8d981.jsonff2f479b-5ddf-4fcb-a1f9-050ec982097b)

09:15:24.661 [pool-3-thread-5] DEBUG net.thucydides.core.reports.json.JSONTestOutcomeReporter - Generating JSON report for [Positive Case] Delete Mentors With Authorized to file D:\Alterra\Automation\API\MusicLab-QE-APITesting\target\site\serenity\cfd6cd7f98e0ee818948fb311b5e5763ef2edcb81bf69dca074fdfb5138cc748.json (using temp file D:\Alterra\Automation\API\MusicLab-QE-APITesting\target\site\serenity\cfd6cd7f98e0ee818948fb311b5e5763ef2edcb81bf69dca074fdfb5138cc748.jsonbae36ccc-bbe2-4b1d-9cc6-292382bba324)

09:15:24.661 [pool-3-thread-11] DEBUG net.thucydides.core.reports.ReportService - Processing test outcome [MusicLab-API] Get Feature Review:[Positive Case] Get Single List review With valid ID

09:15:24.661 [pool-3-thread-11] INFO net.thucydides.core.reports.ReportService - net.thucydides.core.reports.json.JSONTestOutcomeReporter@13b4a44a: Generating report for test outcome: [MusicLab-API] Get Feature Review:[Positive Case] Get Single List review With valid ID

09:15:24.662 [pool-3-thread-2] DEBUG net.thucydides.core.reports.ReportService - Processing test outcome [MusicLab-API] Put Feature Mentors:[Positive Case] Put Update Mentors Profile With Valid JSON done

09:15:24.662 [pool-3-thread-8] DEBUG net.thucydides.core.reports.ReportService - Processing test outcome [MusicLab-API] Delete Feature Mentors:[Positive Case] Delete Mentors Without Authorized done

09:15:24.662 [pool-3-thread-8] DEBUG net.thucydides.core.reports.ReportService - Processing test outcome [MusicLab-API] Get Feature Review:[Negative Case] Get Single List review With invalid ID

09:15:24.662 [pool-3-thread-8] INFO net.thucydides.core.reports.ReportService - net.thucydides.core.reports.json.JSONTestOutcomeReporter@13b4a44a: Generating report for test outcome: [MusicLab-API] Get Feature Review:[Negative Case] Get Single List review With invalid ID

09:15:24.662 [pool-3-thread-2] DEBUG net.thucydides.core.reports.ReportService - Processing test outcome [MusicLab-API] Post Feature Review:[Negative Case] Post Create Review With inValid JSON

09:15:24.662 [pool-3-thread-2] INFO net.thucydides.core.reports.ReportService - net.thucydides.core.reports.json.JSONTestOutcomeReporter@13b4a44a: Generating report for test outcome: [MusicLab-API] Post Feature Review:[Negative Case] Post Create Review With inValid JSON

09:15:24.663 [pool-3-thread-11] DEBUG net.thucydides.core.reports.json.JSONTestOutcomeReporter - Generating JSON report for [Positive Case] Get Single List review With valid ID to file D:\Alterra\Automation\API\MusicLab-QE-APITesting\target\site\serenity\ec2bbf317f91a4f486651c27fd101791bf25b4d2e15feeb04dae2590465fc657.json (using temp file D:\Alterra\Automation\API\MusicLab-QE-APITesting\target\site\serenity\ec2bbf317f91a4f486651c27fd101791bf25b4d2e15feeb04dae2590465fc657.jsona6cf6ea8-e152-48dd-a1ee-09611b2a7d9d)

09:15:24.663 [pool-3-thread-6] DEBUG net.thucydides.core.reports.ReportService - Processing test outcome [MusicLab-API] Put Feature Mentors:[Negative Case] Put Update Mentors Profile With Valid JSON No Authorized done

09:15:24.663 [pool-3-thread-10] DEBUG net.thucydides.core.reports.ReportService - Processing test outcome [MusicLab-API] Delete Feature Instrument:[Negative Case] Delete Instruments Valid ID No Auth done

09:15:24.663 [pool-3-thread-6] DEBUG net.thucydides.core.reports.ReportService - Processing test outcome [MusicLab-API] Post Feature Review:[Negative Case] Post Create Review With empty comment

09:15:24.663 [pool-3-thread-10] DEBUG net.thucydides.core.reports.ReportService - Processing test outcome [MusicLab-API] Post Feature Review:[Positive Case] Post Create Review With Valid JSON

09:15:24.663 [pool-3-thread-6] INFO net.thucydides.core.reports.ReportService - net.thucydides.core.reports.json.JSONTestOutcomeReporter@13b4a44a: Generating report for test outcome: [MusicLab-API] Post Feature Review:[Negative Case] Post Create Review With empty comment

09:15:24.663 [pool-3-thread-3] DEBUG net.thucydides.core.reports.ReportService - Processing test outcome [MusicLab-API] Get Feature Mentors:[Positive Case] Get Single List Mentors With Valid ID done

09:15:24.663 [pool-3-thread-10] INFO net.thucydides.core.reports.ReportService - net.thucydides.core.reports.json.JSONTestOutcomeReporter@13b4a44a: Generating report for test outcome: [MusicLab-API] Post Feature Review:[Positive Case] Post Create Review With Valid JSON

09:15:24.663 [pool-3-thread-8] DEBUG net.thucydides.core.reports.json.JSONTestOutcomeReporter - Generating JSON report for [Negative Case] Get Single List review With invalid ID to file D:\Alterra\Automation\API\MusicLab-QE-APITesting\target\site\serenity\713c436cd52992b83ee295421dd27860bce8a560f9594e347c9dc2e402ee38e9.json (using temp file D:\Alterra\Automation\API\MusicLab-QE-APITesting\target\site\serenity\713c436cd52992b83ee295421dd27860bce8a560f9594e347c9dc2e402ee38e9.json88c7fe37-f828-49d4-bd22-7c3c246ff8a3)

09:15:24.663 [pool-3-thread-3] DEBUG net.thucydides.core.reports.ReportService - Processing test outcome Music Lab API Automation Testing:Delete schedule with valid id

09:15:24.663 [pool-3-thread-3] INFO net.thucydides.core.reports.ReportService - net.thucydides.core.reports.json.JSONTestOutcomeReporter@13b4a44a: Generating report for test outcome: Music Lab API Automation Testing:Delete schedule with valid id

09:15:24.663 [pool-3-thread-2] DEBUG net.thucydides.core.reports.json.JSONTestOutcomeReporter - Generating JSON report for [Negative Case] Post Create Review With inValid JSON to file D:\Alterra\Automation\API\MusicLab-QE-APITesting\target\site\serenity\496f14d605b2f6cd6628662a6f2fc26e0d463597438ea6582f8f6c7b4785d670.json (using temp file D:\Alterra\Automation\API\MusicLab-QE-APITesting\target\site\serenity\496f14d605b2f6cd6628662a6f2fc26e0d463597438ea6582f8f6c7b4785d670.json233a6228-adad-4edd-81bb-5888366bf869)

09:15:24.665 [pool-3-thread-3] DEBUG net.thucydides.core.reports.json.JSONTestOutcomeReporter - Generating JSON report for Delete schedule with valid id to file D:\Alterra\Automation\API\MusicLab-QE-APITesting\target\site\serenity\37a4ff8177076938a301fa8e4c7a59a5781bd86e40d59302391491f24224bd87.json (using temp file D:\Alterra\Automation\API\MusicLab-QE-APITesting\target\site\serenity\37a4ff8177076938a301fa8e4c7a59a5781bd86e40d59302391491f24224bd87.json25652c3a-cfd5-4ec2-9194-c11f45762117)

09:15:24.666 [pool-3-thread-10] DEBUG net.thucydides.core.reports.json.JSONTestOutcomeReporter - Generating JSON report for [Positive Case] Post Create Review With Valid JSON to file D:\Alterra\Automation\API\MusicLab-QE-APITesting\target\site\serenity\9d23a6256bd5a36096c1c8d868f6312acd69567904bba193894e5d70e569c3d6.json (using temp file D:\Alterra\Automation\API\MusicLab-QE-APITesting\target\site\serenity\9d23a6256bd5a36096c1c8d868f6312acd69567904bba193894e5d70e569c3d6.jsonb0b7a9ba-f099-4216-84cb-a2619f045954)

09:15:24.666 [pool-3-thread-7] DEBUG net.thucydides.core.reports.ReportService - Processing test outcome [MusicLab-API] Put Feature Mentors:[Negative Case] Put Update Mentors Password With Valid JSON No Authorized done

09:15:24.666 [pool-3-thread-7] DEBUG net.thucydides.core.reports.ReportService - Processing test outcome Music Lab API Automation Testing:Delete schedule with invalid id

09:15:24.666 [pool-3-thread-7] INFO net.thucydides.core.reports.ReportService - net.thucydides.core.reports.json.JSONTestOutcomeReporter@13b4a44a: Generating report for test outcome: Music Lab API Automation Testing:Delete schedule with invalid id

09:15:24.666 [pool-3-thread-5] DEBUG net.thucydides.core.reports.ReportService - Processing test outcome [MusicLab-API] Delete Feature Mentors:[Positive Case] Delete Mentors With Authorized done

09:15:24.667 [pool-3-thread-5] DEBUG net.thucydides.core.reports.ReportService - Processing test outcome Music Lab API Automation Testing:Delete schedule with empty id

09:15:24.667 [pool-3-thread-11] DEBUG net.thucydides.core.reports.ReportService - Processing test outcome [MusicLab-API] Get Feature Review:[Positive Case] Get Single List review With valid ID done

09:15:24.667 [pool-3-thread-5] INFO net.thucydides.core.reports.ReportService - net.thucydides.core.reports.json.JSONTestOutcomeReporter@13b4a44a: Generating report for test outcome: Music Lab API Automation Testing:Delete schedule with empty id

09:15:24.667 [pool-3-thread-11] DEBUG net.thucydides.core.reports.ReportService - Processing test outcome Music Lab API Automation Testing:Delete schedule valid id no authorization

09:15:24.667 [pool-3-thread-11] INFO net.thucydides.core.reports.ReportService - net.thucydides.core.reports.json.JSONTestOutcomeReporter@13b4a44a: Generating report for test outcome: Music Lab API Automation Testing:Delete schedule valid id no authorization

09:15:24.667 [pool-3-thread-5] DEBUG net.thucydides.core.reports.json.JSONTestOutcomeReporter - Generating JSON report for Delete schedule with empty id to file D:\Alterra\Automation\API\MusicLab-QE-APITesting\target\site\serenity\df21dfc40a6b68a4cc90aa6b3a5a92377db452a3caff8ecba57172385483ed32.json (using temp file D:\Alterra\Automation\API\MusicLab-QE-APITesting\target\site\serenity\df21dfc40a6b68a4cc90aa6b3a5a92377db452a3caff8ecba57172385483ed32.json8b3c7022-a49f-4e88-9d81-3ac2933bb8a7)

09:15:24.667 [pool-3-thread-11] DEBUG net.thucydides.core.reports.json.JSONTestOutcomeReporter - Generating JSON report for Delete schedule valid id no authorization to file D:\Alterra\Automation\API\MusicLab-QE-APITesting\target\site\serenity\09793ef7ee31500394434735cca0d8c29bd9a36515dc5d4cc33641e81a306360.json (using temp file D:\Alterra\Automation\API\MusicLab-QE-APITesting\target\site\serenity\09793ef7ee31500394434735cca0d8c29bd9a36515dc5d4cc33641e81a306360.jsonf2ff4a1f-3b39-4903-b6bc-1877e9cf0507)

09:15:24.668 [pool-3-thread-7] DEBUG net.thucydides.core.reports.json.JSONTestOutcomeReporter - Generating JSON report for Delete schedule with invalid id to file D:\Alterra\Automation\API\MusicLab-QE-APITesting\target\site\serenity\5ce324beeeb7887e1e5e10022ac15ac11676bbf99b9d156e0a3c8999790a9f75.json (using temp file D:\Alterra\Automation\API\MusicLab-QE-APITesting\target\site\serenity\5ce324beeeb7887e1e5e10022ac15ac11676bbf99b9d156e0a3c8999790a9f75.jsonacf48b09-e2dd-460a-a31b-46c9c538126c)

09:15:24.668 [pool-3-thread-9] DEBUG net.thucydides.core.reports.ReportService - Processing test outcome [MusicLab-API] Put Feature Mentors:[Negative Case] Put Update Mentors Password With Invalid JSON done

09:15:24.669 [pool-3-thread-9] DEBUG net.thucydides.core.reports.ReportService - Processing test outcome Music Lab API Automation Testing:Get mentor schedule with valid id

09:15:24.669 [pool-3-thread-9] INFO net.thucydides.core.reports.ReportService - net.thucydides.core.reports.json.JSONTestOutcomeReporter@13b4a44a: Generating report for test outcome: Music Lab API Automation Testing:Get mentor schedule with valid id

09:15:24.671 [pool-3-thread-6] DEBUG net.thucydides.core.reports.json.JSONTestOutcomeReporter - Generating JSON report for [Negative Case] Post Create Review With empty comment to file D:\Alterra\Automation\API\MusicLab-QE-APITesting\target\site\serenity\19f77e52a44376970170a72e498192122f9dd89ce3e503aae4c8afd137faf62c.json (using temp file D:\Alterra\Automation\API\MusicLab-QE-APITesting\target\site\serenity\19f77e52a44376970170a72e498192122f9dd89ce3e503aae4c8afd137faf62c.jsond78f69d4-f94f-4ede-89b6-b14005efe503)

09:15:24.672 [pool-3-thread-9] DEBUG net.thucydides.core.reports.json.JSONTestOutcomeReporter - Generating JSON report for Get mentor schedule with valid id to file D:\Alterra\Automation\API\MusicLab-QE-APITesting\target\site\serenity\86a3bb214a116bd4b319b6ac8d2c831a469ee9aebd07b51900391e0ac672f0c7.json (using temp file D:\Alterra\Automation\API\MusicLab-QE-APITesting\target\site\serenity\86a3bb214a116bd4b319b6ac8d2c831a469ee9aebd07b51900391e0ac672f0c7.jsond3278b49-50ca-427f-97a3-5df6dad0ce32)

09:15:24.673 [pool-3-thread-2] DEBUG net.thucydides.core.reports.ReportService - Processing test outcome [MusicLab-API] Post Feature Review:[Negative Case] Post Create Review With inValid JSON done

09:15:24.673 [pool-3-thread-2] DEBUG net.thucydides.core.reports.ReportService - Processing test outcome Music Lab API Automation Testing:Get mentor schedule with valid id no authorization

09:15:24.673 [pool-3-thread-2] INFO net.thucydides.core.reports.ReportService - net.thucydides.core.reports.json.JSONTestOutcomeReporter@13b4a44a: Generating report for test outcome: Music Lab API Automation Testing:Get mentor schedule with valid id no authorization

09:15:24.672 [pool-3-thread-8] DEBUG net.thucydides.core.reports.ReportService - Processing test outcome [MusicLab-API] Get Feature Review:[Negative Case] Get Single List review With invalid ID done

09:15:24.674 [pool-3-thread-8] DEBUG net.thucydides.core.reports.ReportService - Processing test outcome Music Lab API Automation Testing:Get mentor schedule with invalid id

09:15:24.674 [pool-3-thread-8] INFO net.thucydides.core.reports.ReportService - net.thucydides.core.reports.json.JSONTestOutcomeReporter@13b4a44a: Generating report for test outcome: Music Lab API Automation Testing:Get mentor schedule with invalid id

09:15:24.674 [pool-3-thread-3] DEBUG net.thucydides.core.reports.ReportService - Processing test outcome Music Lab API Automation Testing:Delete schedule with valid id done

09:15:24.674 [pool-3-thread-3] DEBUG net.thucydides.core.reports.ReportService - Processing test outcome Music Lab API Automation Testing:Post add mentor schedule with valid json

09:15:24.674 [pool-3-thread-3] INFO net.thucydides.core.reports.ReportService - net.thucydides.core.reports.json.JSONTestOutcomeReporter@13b4a44a: Generating report for test outcome: Music Lab API Automation Testing:Post add mentor schedule with valid json

09:15:24.674 [pool-3-thread-1] DEBUG net.thucydides.core.reports.ReportService - Processing test outcome [MusicLab-API] Put Feature Mentors:[Negative Case] Put Update Mentors Profile With Invalid JSON done

09:15:24.674 [pool-3-thread-1] DEBUG net.thucydides.core.reports.ReportService - Processing test outcome Music Lab API Automation Testing:Post add mentor schedule availability with valid json no authorization

09:15:24.675 [pool-3-thread-1] INFO net.thucydides.core.reports.ReportService - net.thucydides.core.reports.json.JSONTestOutcomeReporter@13b4a44a: Generating report for test outcome: Music Lab API Automation Testing:Post add mentor schedule availability with valid json no authorization

09:15:24.675 [pool-3-thread-3] DEBUG net.thucydides.core.reports.json.JSONTestOutcomeReporter - Generating JSON report for Post add mentor schedule with valid json to file D:\Alterra\Automation\API\MusicLab-QE-APITesting\target\site\serenity\0f58d3e0f3b2fd2ec5a8d348bf1671ce5636a16f10b3c13a06404aa4fd92e95c.json (using temp file D:\Alterra\Automation\API\MusicLab-QE-APITesting\target\site\serenity\0f58d3e0f3b2fd2ec5a8d348bf1671ce5636a16f10b3c13a06404aa4fd92e95c.json507b5c17-8b51-4ffe-9354-145884ef73a5)

09:15:24.675 [pool-3-thread-4] DEBUG net.thucydides.core.reports.ReportService - Processing test outcome [MusicLab-API] Put Feature Mentors:[Negative Case] Put Update Mentors Profile With Oversize Image done

09:15:24.675 [pool-3-thread-4] DEBUG net.thucydides.core.reports.ReportService - Processing test outcome Music Lab API Automation Testing:Post add mentor schedule with invalid json

09:15:24.675 [pool-3-thread-4] INFO net.thucydides.core.reports.ReportService - net.thucydides.core.reports.json.JSONTestOutcomeReporter@13b4a44a: Generating report for test outcome: Music Lab API Automation Testing:Post add mentor schedule with invalid json

09:15:24.675 [pool-3-thread-2] DEBUG net.thucydides.core.reports.json.JSONTestOutcomeReporter - Generating JSON report for Get mentor schedule with valid id no authorization to file D:\Alterra\Automation\API\MusicLab-QE-APITesting\target\site\serenity\603ff435664b7507f048f88d98deaed6596a055032559be52025b113bda82fd2.json (using temp file D:\Alterra\Automation\API\MusicLab-QE-APITesting\target\site\serenity\603ff435664b7507f048f88d98deaed6596a055032559be52025b113bda82fd2.jsonc3e39c68-8c59-415b-8599-4f157c8ac70c)

09:15:24.675 [pool-3-thread-10] DEBUG net.thucydides.core.reports.ReportService - Processing test outcome [MusicLab-API] Post Feature Review:[Positive Case] Post Create Review With Valid JSON done

09:15:24.675 [pool-3-thread-10] DEBUG net.thucydides.core.reports.ReportService - Processing test outcome Music Lab API Automation Testing:Post add mentor schedule with empty json

09:15:24.675 [pool-3-thread-10] INFO net.thucydides.core.reports.ReportService - net.thucydides.core.reports.json.JSONTestOutcomeReporter@13b4a44a: Generating report for test outcome: Music Lab API Automation Testing:Post add mentor schedule with empty json

09:15:24.675 [pool-3-thread-1] DEBUG net.thucydides.core.reports.json.JSONTestOutcomeReporter - Generating JSON report for Post add mentor schedule availability with valid json no authorization to file D:\Alterra\Automation\API\MusicLab-QE-APITesting\target\site\serenity\2e7666b846382dccaffafefcfa47f552d033df0c07592a7e1c04931c6a1d46ad.json (using temp file D:\Alterra\Automation\API\MusicLab-QE-APITesting\target\site\serenity\2e7666b846382dccaffafefcfa47f552d033df0c07592a7e1c04931c6a1d46ad.json7ef98f79-10e4-4f31-8d17-6fd625e38e40)

09:15:24.675 [pool-3-thread-7] DEBUG net.thucydides.core.reports.ReportService - Processing test outcome Music Lab API Automation Testing:Delete schedule with invalid id done

09:15:24.675 [pool-3-thread-7] DEBUG net.thucydides.core.reports.ReportService - Processing test outcome Music Lab API Automation Testing:Post add mentor schedule availability with valid json

09:15:24.675 [pool-3-thread-7] INFO net.thucydides.core.reports.ReportService - net.thucydides.core.reports.json.JSONTestOutcomeReporter@13b4a44a: Generating report for test outcome: Music Lab API Automation Testing:Post add mentor schedule availability with valid json

09:15:24.676 [pool-3-thread-8] DEBUG net.thucydides.core.reports.json.JSONTestOutcomeReporter - Generating JSON report for Get mentor schedule with invalid id to file D:\Alterra\Automation\API\MusicLab-QE-APITesting\target\site\serenity\2f67aa970d4b2d2fb6668c6bed1fd700f41854ab6d9dffe3566f91c498c0ecf8.json (using temp file D:\Alterra\Automation\API\MusicLab-QE-APITesting\target\site\serenity\2f67aa970d4b2d2fb6668c6bed1fd700f41854ab6d9dffe3566f91c498c0ecf8.json99168348-5ab9-4357-b32b-2793b6b0fdec)

09:15:24.676 [pool-3-thread-10] DEBUG net.thucydides.core.reports.json.JSONTestOutcomeReporter - Generating JSON report for Post add mentor schedule with empty json to file D:\Alterra\Automation\API\MusicLab-QE-APITesting\target\site\serenity\71133f93cc78134f9023209f8d6206e73bb85bea4ed033dda3c9d393dd702a62.json (using temp file D:\Alterra\Automation\API\MusicLab-QE-APITesting\target\site\serenity\71133f93cc78134f9023209f8d6206e73bb85bea4ed033dda3c9d393dd702a62.json2539d845-5407-482d-a665-f7c63abe8a88)

09:15:24.676 [pool-3-thread-4] DEBUG net.thucydides.core.reports.json.JSONTestOutcomeReporter - Generating JSON report for Post add mentor schedule with invalid json to file D:\Alterra\Automation\API\MusicLab-QE-APITesting\target\site\serenity\56a456cbbd342ae728947e903485d225de9afc363531ca3e4ab4d09c39dbe319.json (using temp file D:\Alterra\Automation\API\MusicLab-QE-APITesting\target\site\serenity\56a456cbbd342ae728947e903485d225de9afc363531ca3e4ab4d09c39dbe319.json98d8efc4-b792-4881-bc85-c6b19658ecf3)

09:15:24.677 [pool-3-thread-9] DEBUG net.thucydides.core.reports.ReportService - Processing test outcome Music Lab API Automation Testing:Get mentor schedule with valid id done

09:15:24.677 [pool-3-thread-5] DEBUG net.thucydides.core.reports.ReportService - Processing test outcome Music Lab API Automation Testing:Delete schedule with empty id done

09:15:24.677 [pool-3-thread-11] DEBUG net.thucydides.core.reports.ReportService - Processing test outcome Music Lab API Automation Testing:Delete schedule valid id no authorization done

09:15:24.677 [pool-3-thread-12] DEBUG net.thucydides.core.reports.ReportService - Processing test outcome [MusicLab-API] Get Feature Mentors:[Negative Case] Get Single List Mentors With Invalid ID done

09:15:24.677 [pool-3-thread-5] DEBUG net.thucydides.core.reports.ReportService - Processing test outcome Music Lab API Automation Testing:Post add mentor schedule availability with valid json no authorization

09:15:24.677 [pool-3-thread-9] DEBUG net.thucydides.core.reports.ReportService - Processing test outcome Music Lab API Automation Testing:Post add mentor schedule availability with empty json

09:15:24.677 [pool-3-thread-12] DEBUG net.thucydides.core.reports.ReportService - Processing test outcome Music Lab API Automation Testing:Post add mentor schedule with invalid json

09:15:24.677 [pool-3-thread-5] INFO net.thucydides.core.reports.ReportService - net.thucydides.core.reports.json.JSONTestOutcomeReporter@13b4a44a: Generating report for test outcome: Music Lab API Automation Testing:Post add mentor schedule availability with valid json no authorization

09:15:24.677 [pool-3-thread-9] INFO net.thucydides.core.reports.ReportService - net.thucydides.core.reports.json.JSONTestOutcomeReporter@13b4a44a: Generating report for test outcome: Music Lab API Automation Testing:Post add mentor schedule availability with empty json

09:15:24.677 [pool-3-thread-12] INFO net.thucydides.core.reports.ReportService - net.thucydides.core.reports.json.JSONTestOutcomeReporter@13b4a44a: Generating report for test outcome: Music Lab API Automation Testing:Post add mentor schedule with invalid json

09:15:24.677 [pool-3-thread-12] DEBUG net.thucydides.core.reports.json.JSONTestOutcomeReporter - Generating JSON report for Post add mentor schedule with invalid json to file D:\Alterra\Automation\API\MusicLab-QE-APITesting\target\site\serenity\56a456cbbd342ae728947e903485d225de9afc363531ca3e4ab4d09c39dbe319.json (using temp file D:\Alterra\Automation\API\MusicLab-QE-APITesting\target\site\serenity\56a456cbbd342ae728947e903485d225de9afc363531ca3e4ab4d09c39dbe319.json137922ce-5114-412b-856e-a2a9dd25d5b4)

09:15:24.677 [pool-3-thread-11] DEBUG net.thucydides.core.reports.ReportService - Processing test outcome MusicLab API Automation Testing Capstone Project:Get student data

09:15:24.677 [pool-3-thread-11] INFO net.thucydides.core.reports.ReportService - net.thucydides.core.reports.json.JSONTestOutcomeReporter@13b4a44a: Generating report for test outcome: MusicLab API Automation Testing Capstone Project:Get student data

09:15:24.677 [pool-3-thread-5] DEBUG net.thucydides.core.reports.json.JSONTestOutcomeReporter - Generating JSON report for Post add mentor schedule availability with valid json no authorization to file D:\Alterra\Automation\API\MusicLab-QE-APITesting\target\site\serenity\2e7666b846382dccaffafefcfa47f552d033df0c07592a7e1c04931c6a1d46ad.json (using temp file D:\Alterra\Automation\API\MusicLab-QE-APITesting\target\site\serenity\2e7666b846382dccaffafefcfa47f552d033df0c07592a7e1c04931c6a1d46ad.jsonb382b904-1eeb-4a8b-a63d-063e04152fa0)

09:15:24.678 [pool-3-thread-9] DEBUG net.thucydides.core.reports.json.JSONTestOutcomeReporter - Generating JSON report for Post add mentor schedule availability with empty json to file D:\Alterra\Automation\API\MusicLab-QE-APITesting\target\site\serenity\f6aba3e1adebabef1adb43ed6083315f4f22ad7158f4d5de2b54d28d3017b4e0.json (using temp file D:\Alterra\Automation\API\MusicLab-QE-APITesting\target\site\serenity\f6aba3e1adebabef1adb43ed6083315f4f22ad7158f4d5de2b54d28d3017b4e0.json8b6f9ea5-66c9-4768-a858-612c1e5e24b5)

09:15:24.678 [pool-3-thread-7] DEBUG net.thucydides.core.reports.json.JSONTestOutcomeReporter - Generating JSON report for Post add mentor schedule availability with valid json to file D:\Alterra\Automation\API\MusicLab-QE-APITesting\target\site\serenity\1b609a6766be9ed967e2ff4ac95d7b5cc6b413eb8a2135dab3835fe6b4866df6.json (using temp file D:\Alterra\Automation\API\MusicLab-QE-APITesting\target\site\serenity\1b609a6766be9ed967e2ff4ac95d7b5cc6b413eb8a2135dab3835fe6b4866df6.jsona2c90afa-7c76-4848-940a-b585863a7d6b)

09:15:24.678 [pool-3-thread-11] DEBUG net.thucydides.core.reports.json.JSONTestOutcomeReporter - Generating JSON report for Get student data to file D:\Alterra\Automation\API\MusicLab-QE-APITesting\target\site\serenity\ad910e45b694987c532e16a13f05ce1adbf88454baddff37a0a8609100d5cf13.json (using temp file D:\Alterra\Automation\API\MusicLab-QE-APITesting\target\site\serenity\ad910e45b694987c532e16a13f05ce1adbf88454baddff37a0a8609100d5cf13.json91ed5543-944e-4d40-9a29-56ea7bcb0911)

09:15:24.679 [pool-3-thread-8] DEBUG net.thucydides.core.reports.ReportService - Processing test outcome Music Lab API Automation Testing:Get mentor schedule with invalid id done

09:15:24.679 [pool-3-thread-2] DEBUG net.thucydides.core.reports.ReportService - Processing test outcome Music Lab API Automation Testing:Get mentor schedule with valid id no authorization done

09:15:24.679 [pool-3-thread-6] DEBUG net.thucydides.core.reports.ReportService - Processing test outcome [MusicLab-API] Post Feature Review:[Negative Case] Post Create Review With empty comment done

09:15:24.679 [pool-3-thread-8] DEBUG net.thucydides.core.reports.ReportService - Processing test outcome MusicLab API Automation Testing Capstone Project:Put or edit student profile with valid parameters

09:15:24.679 [pool-3-thread-8] INFO net.thucydides.core.reports.ReportService - net.thucydides.core.reports.json.JSONTestOutcomeReporter@13b4a44a: Generating report for test outcome: MusicLab API Automation Testing Capstone Project:Put or edit student profile with valid parameters

09:15:24.679 [pool-3-thread-2] DEBUG net.thucydides.core.reports.ReportService - Processing test outcome MusicLab API Automation Testing Capstone Project:Put or edit student profile with invalid parameters

09:15:24.679 [pool-3-thread-6] DEBUG net.thucydides.core.reports.ReportService - Processing test outcome MusicLab API Automation Testing Capstone Project:Put or edit a class null parameter

09:15:24.679 [pool-3-thread-2] INFO net.thucydides.core.reports.ReportService - net.thucydides.core.reports.json.JSONTestOutcomeReporter@13b4a44a: Generating report for test outcome: MusicLab API Automation Testing Capstone Project:Put or edit student profile with invalid parameters

09:15:24.680 [pool-3-thread-11] DEBUG net.thucydides.core.reports.ReportService - Processing test outcome MusicLab API Automation Testing Capstone Project:Get student data done

09:15:24.680 [pool-3-thread-8] DEBUG net.thucydides.core.reports.json.JSONTestOutcomeReporter - Generating JSON report for Put or edit student profile with valid parameters to file D:\Alterra\Automation\API\MusicLab-QE-APITesting\target\site\serenity\39f3ecd21a6684f8dcad9cd31960a688973f06c0523af14ad11278914d0461ff.json (using temp file D:\Alterra\Automation\API\MusicLab-QE-APITesting\target\site\serenity\39f3ecd21a6684f8dcad9cd31960a688973f06c0523af14ad11278914d0461ff.json0210fcc9-1c15-4226-a9de-6b73fd2630eb)

09:15:24.680 [pool-3-thread-9] DEBUG net.thucydides.core.reports.ReportService - Processing test outcome Music Lab API Automation Testing:Post add mentor schedule availability with empty json done

09:15:24.680 [pool-3-thread-6] INFO net.thucydides.core.reports.ReportService - net.thucydides.core.reports.json.JSONTestOutcomeReporter@13b4a44a: Generating report for test outcome: MusicLab API Automation Testing Capstone Project:Put or edit a class null parameter

09:15:24.680 [pool-3-thread-9] DEBUG net.thucydides.core.reports.ReportService - Processing test outcome MusicLab API Automation Testing Capstone Project:Put or edit student password with valid parameters

09:15:24.680 [pool-3-thread-9] INFO net.thucydides.core.reports.ReportService - net.thucydides.core.reports.json.JSONTestOutcomeReporter@13b4a44a: Generating report for test outcome: MusicLab API Automation Testing Capstone Project:Put or edit student password with valid parameters

09:15:24.680 [pool-3-thread-11] DEBUG net.thucydides.core.reports.ReportService - Processing test outcome MusicLab API Automation Testing Capstone Project:Deactive student

09:15:24.680 [pool-3-thread-11] INFO net.thucydides.core.reports.ReportService - net.thucydides.core.reports.json.JSONTestOutcomeReporter@13b4a44a: Generating report for test outcome: MusicLab API Automation Testing Capstone Project:Deactive student

09:15:24.680 [pool-3-thread-3] DEBUG net.thucydides.core.reports.ReportService - Processing test outcome Music Lab API Automation Testing:Post add mentor schedule with valid json done

09:15:24.680 [pool-3-thread-3] DEBUG net.thucydides.core.reports.ReportService - Processing test outcome MusicLab API Automation Testing Capstone Project:Put or edit student password with invalid parameters

09:15:24.680 [pool-3-thread-3] INFO net.thucydides.core.reports.ReportService - net.thucydides.core.reports.json.JSONTestOutcomeReporter@13b4a44a: Generating report for test outcome: MusicLab API Automation Testing Capstone Project:Put or edit student password with invalid parameters

09:15:24.680 [pool-3-thread-6] DEBUG net.thucydides.core.reports.json.JSONTestOutcomeReporter - Generating JSON report for Put or edit a class null parameter to file D:\Alterra\Automation\API\MusicLab-QE-APITesting\target\site\serenity\b212b4a3e12944eb395124ae76af36b415a41db2f1c50692086895d7aa01e8dc.json (using temp file D:\Alterra\Automation\API\MusicLab-QE-APITesting\target\site\serenity\b212b4a3e12944eb395124ae76af36b415a41db2f1c50692086895d7aa01e8dc.jsonb38bf8c1-981c-497c-b3a1-53d8741e030d)

09:15:24.680 [pool-3-thread-2] DEBUG net.thucydides.core.reports.json.JSONTestOutcomeReporter - Generating JSON report for Put or edit student profile with invalid parameters to file D:\Alterra\Automation\API\MusicLab-QE-APITesting\target\site\serenity\35535ed87b6dadd13a5474fef8e7d335052a61cb8667623eaa5e8570b363ac2c.json (using temp file D:\Alterra\Automation\API\MusicLab-QE-APITesting\target\site\serenity\35535ed87b6dadd13a5474fef8e7d335052a61cb8667623eaa5e8570b363ac2c.json28a1c773-1454-427f-bf20-e8b1d2a25454)

09:15:24.680 [pool-3-thread-9] DEBUG net.thucydides.core.reports.json.JSONTestOutcomeReporter - Generating JSON report for Put or edit student password with valid parameters to file D:\Alterra\Automation\API\MusicLab-QE-APITesting\target\site\serenity\acd455dbb4eb3175183e4d98205e69da811f541e0fb2b4f23016bf47a96c88ab.json (using temp file D:\Alterra\Automation\API\MusicLab-QE-APITesting\target\site\serenity\acd455dbb4eb3175183e4d98205e69da811f541e0fb2b4f23016bf47a96c88ab.json1cce64bf-17b0-4b4b-bd1c-32fe3cef1829)

09:15:24.680 [pool-3-thread-11] DEBUG net.thucydides.core.reports.json.JSONTestOutcomeReporter - Generating JSON report for Deactive student to file D:\Alterra\Automation\API\MusicLab-QE-APITesting\target\site\serenity\50b386ba995cae698ff81373ea41a82c5b8aee3c94d37f6b8d0b5d42e451bfec.json (using temp file D:\Alterra\Automation\API\MusicLab-QE-APITesting\target\site\serenity\50b386ba995cae698ff81373ea41a82c5b8aee3c94d37f6b8d0b5d42e451bfec.json0c81333d-a518-4d8b-8c78-d39d9cccc6c0)

09:15:24.681 [pool-3-thread-3] DEBUG net.thucydides.core.reports.json.JSONTestOutcomeReporter - Generating JSON report for Put or edit student password with invalid parameters to file D:\Alterra\Automation\API\MusicLab-QE-APITesting\target\site\serenity\51a65fd11ab05839a5cd101bf2ba274adf21e56dcfffdbdf22ba71d65e0ccdf7.json (using temp file D:\Alterra\Automation\API\MusicLab-QE-APITesting\target\site\serenity\51a65fd11ab05839a5cd101bf2ba274adf21e56dcfffdbdf22ba71d65e0ccdf7.json32b68599-c4d5-41d7-a8c1-288ccf7f916a)

09:15:24.682 [pool-3-thread-1] DEBUG net.thucydides.core.reports.ReportService - Processing test outcome Music Lab API Automation Testing:Post add mentor schedule availability with valid json no authorization done

09:15:24.682 [pool-3-thread-7] DEBUG net.thucydides.core.reports.ReportService - Processing test outcome Music Lab API Automation Testing:Post add mentor schedule availability with valid json done

09:15:24.683 [pool-3-thread-8] DEBUG net.thucydides.core.reports.ReportService - Processing test outcome MusicLab API Automation Testing Capstone Project:Put or edit student profile with valid parameters done

09:15:24.683 [pool-3-thread-1] DEBUG net.thucydides.core.reports.ReportService - Processing test outcome Get Mentor Transaction:Get mentor transaction with valid path

09:15:24.683 [pool-3-thread-8] DEBUG net.thucydides.core.reports.ReportService - Processing test outcome Get Mentor Transaction:Get mentor transaction with invalid path

09:15:24.683 [pool-3-thread-8] INFO net.thucydides.core.reports.ReportService - net.thucydides.core.reports.json.JSONTestOutcomeReporter@13b4a44a: Generating report for test outcome: Get Mentor Transaction:Get mentor transaction with invalid path

09:15:24.683 [pool-3-thread-7] DEBUG net.thucydides.core.reports.ReportService - Processing test outcome MusicLab API Automation Testing Capstone Project:Put or edit student password null parameter

09:15:24.683 [pool-3-thread-7] INFO net.thucydides.core.reports.ReportService - net.thucydides.core.reports.json.JSONTestOutcomeReporter@13b4a44a: Generating report for test outcome: MusicLab API Automation Testing Capstone Project:Put or edit student password null parameter

09:15:24.683 [pool-3-thread-12] DEBUG net.thucydides.core.reports.ReportService - Processing test outcome Music Lab API Automation Testing:Post add mentor schedule with invalid json done

09:15:24.683 [pool-3-thread-12] DEBUG net.thucydides.core.reports.ReportService - Processing test outcome Get Student Transaction:Get student transaction with valid path

09:15:24.683 [pool-3-thread-12] INFO net.thucydides.core.reports.ReportService - net.thucydides.core.reports.json.JSONTestOutcomeReporter@13b4a44a: Generating report for test outcome: Get Student Transaction:Get student transaction with valid path

09:15:24.683 [pool-3-thread-2] DEBUG net.thucydides.core.reports.ReportService - Processing test outcome MusicLab API Automation Testing Capstone Project:Put or edit student profile with invalid parameters done

09:15:24.683 [pool-3-thread-1] INFO net.thucydides.core.reports.ReportService - net.thucydides.core.reports.json.JSONTestOutcomeReporter@13b4a44a: Generating report for test outcome: Get Mentor Transaction:Get mentor transaction with valid path

09:15:24.683 [pool-3-thread-2] DEBUG net.thucydides.core.reports.ReportService - Processing test outcome Get Student Transaction:Get student transaction with invalid path

09:15:24.683 [pool-3-thread-2] INFO net.thucydides.core.reports.ReportService - net.thucydides.core.reports.json.JSONTestOutcomeReporter@13b4a44a: Generating report for test outcome: Get Student Transaction:Get student transaction with invalid path

09:15:24.684 [pool-3-thread-8] DEBUG net.thucydides.core.reports.json.JSONTestOutcomeReporter - Generating JSON report for Get mentor transaction with invalid path to file D:\Alterra\Automation\API\MusicLab-QE-APITesting\target\site\serenity\798bb08bc675137473f3c22a690565cc5bf257d30844793dfda52d9903c19981.json (using temp file D:\Alterra\Automation\API\MusicLab-QE-APITesting\target\site\serenity\798bb08bc675137473f3c22a690565cc5bf257d30844793dfda52d9903c19981.jsonf9944cc1-1dc3-49e9-97f7-5ed40b103627)

09:15:24.684 [pool-3-thread-12] DEBUG net.thucydides.core.reports.json.JSONTestOutcomeReporter - Generating JSON report for Get student transaction with valid path to file D:\Alterra\Automation\API\MusicLab-QE-APITesting\target\site\serenity\bca522b548b0835973d97c18c4090a3f299ab80fcc2793f7f045892e98d258cf.json (using temp file D:\Alterra\Automation\API\MusicLab-QE-APITesting\target\site\serenity\bca522b548b0835973d97c18c4090a3f299ab80fcc2793f7f045892e98d258cf.json7fb4c409-4b45-4f1f-a8ea-778c6be58eda)

09:15:24.684 [pool-3-thread-3] DEBUG net.thucydides.core.reports.ReportService - Processing test outcome MusicLab API Automation Testing Capstone Project:Put or edit student password with invalid parameters done

09:15:24.684 [pool-3-thread-7] DEBUG net.thucydides.core.reports.json.JSONTestOutcomeReporter - Generating JSON report for Put or edit student password null parameter to file D:\Alterra\Automation\API\MusicLab-QE-APITesting\target\site\serenity\4e78174614a67de4d57679deb1a88150b7fa948098fb0e5f220dbe4cab21d0cb.json (using temp file D:\Alterra\Automation\API\MusicLab-QE-APITesting\target\site\serenity\4e78174614a67de4d57679deb1a88150b7fa948098fb0e5f220dbe4cab21d0cb.json58575bd4-6b95-4625-8c64-242661034cef)

09:15:24.684 [pool-3-thread-3] DEBUG net.thucydides.core.reports.ReportService - Processing test outcome Post Create Transaction:Create transaction with valid parameter on json request body

09:15:24.684 [pool-3-thread-11] DEBUG net.thucydides.core.reports.ReportService - Processing test outcome MusicLab API Automation Testing Capstone Project:Deactive student done

09:15:24.684 [pool-3-thread-3] INFO net.thucydides.core.reports.ReportService - net.thucydides.core.reports.json.JSONTestOutcomeReporter@13b4a44a: Generating report for test outcome: Post Create Transaction:Create transaction with valid parameter on json request body

09:15:24.684 [pool-3-thread-11] DEBUG net.thucydides.core.reports.ReportService - Processing test outcome Post Create Transaction:Create transaction with invalid parameter class_id on json request body

09:15:24.684 [pool-3-thread-6] DEBUG net.thucydides.core.reports.ReportService - Processing test outcome MusicLab API Automation Testing Capstone Project:Put or edit a class null parameter done

09:15:24.684 [pool-3-thread-11] INFO net.thucydides.core.reports.ReportService - net.thucydides.core.reports.json.JSONTestOutcomeReporter@13b4a44a: Generating report for test outcome: Post Create Transaction:Create transaction with invalid parameter class_id on json request body

09:15:24.685 [pool-3-thread-3] DEBUG net.thucydides.core.reports.json.JSONTestOutcomeReporter - Generating JSON report for Create transaction with valid parameter on json request body to file D:\Alterra\Automation\API\MusicLab-QE-APITesting\target\site\serenity\6ee0c40b09a69e08bdbfba70ab40167b4119da331cdf0c2599dc2d5f3818e164.json (using temp file D:\Alterra\Automation\API\MusicLab-QE-APITesting\target\site\serenity\6ee0c40b09a69e08bdbfba70ab40167b4119da331cdf0c2599dc2d5f3818e164.jsonbb81eefa-7d51-400e-83c6-5c7bbb67d4e2)

09:15:24.684 [pool-3-thread-9] DEBUG net.thucydides.core.reports.ReportService - Processing test outcome MusicLab API Automation Testing Capstone Project:Put or edit student password with valid parameters done

09:15:24.684 [pool-3-thread-2] DEBUG net.thucydides.core.reports.json.JSONTestOutcomeReporter - Generating JSON report for Get student transaction with invalid path to file D:\Alterra\Automation\API\MusicLab-QE-APITesting\target\site\serenity\52c42057e53adb91d88e0f55ed42327c4d43f22c66e48380dc86e970e6351505.json (using temp file D:\Alterra\Automation\API\MusicLab-QE-APITesting\target\site\serenity\52c42057e53adb91d88e0f55ed42327c4d43f22c66e48380dc86e970e6351505.json213012cf-8850-4b67-8ac7-172abe6c3255)

09:15:24.685 [pool-3-thread-9] DEBUG net.thucydides.core.reports.ReportService - Processing test outcome Post Create Transaction:Create transaction with invalid parameter start_date on json request body

09:15:24.684 [pool-3-thread-4] DEBUG net.thucydides.core.reports.ReportService - Processing test outcome Music Lab API Automation Testing:Post add mentor schedule with invalid json done

09:15:24.684 [pool-3-thread-10] DEBUG net.thucydides.core.reports.ReportService - Processing test outcome Music Lab API Automation Testing:Post add mentor schedule with empty json done

09:15:24.685 [pool-3-thread-4] DEBUG net.thucydides.core.reports.ReportService - Processing test outcome Post Create Transaction:Create transaction with blank or empty parameter on json request body

09:15:24.685 [pool-3-thread-4] INFO net.thucydides.core.reports.ReportService - net.thucydides.core.reports.json.JSONTestOutcomeReporter@13b4a44a: Generating report for test outcome: Post Create Transaction:Create transaction with blank or empty parameter on json request body

09:15:24.684 [pool-3-thread-6] DEBUG net.thucydides.core.reports.ReportService - Processing test outcome Post Create Transaction:Create transaction with invalid parameter schedule_id on json request body

09:15:24.685 [pool-3-thread-9] INFO net.thucydides.core.reports.ReportService - net.thucydides.core.reports.json.JSONTestOutcomeReporter@13b4a44a: Generating report for test outcome: Post Create Transaction:Create transaction with invalid parameter start_date on json request body

09:15:24.685 [pool-3-thread-6] INFO net.thucydides.core.reports.ReportService - net.thucydides.core.reports.json.JSONTestOutcomeReporter@13b4a44a: Generating report for test outcome: Post Create Transaction:Create transaction with invalid parameter schedule_id on json request body

09:15:24.685 [pool-3-thread-10] DEBUG net.thucydides.core.reports.ReportService - Processing test outcome Post Create Transaction:Create transaction with extra parameter on json request body

09:15:24.685 [pool-3-thread-10] INFO net.thucydides.core.reports.ReportService - net.thucydides.core.reports.json.JSONTestOutcomeReporter@13b4a44a: Generating report for test outcome: Post Create Transaction:Create transaction with extra parameter on json request body

09:15:24.687 [pool-3-thread-1] DEBUG net.thucydides.core.reports.json.JSONTestOutcomeReporter - Generating JSON report for Get mentor transaction with valid path to file D:\Alterra\Automation\API\MusicLab-QE-APITesting\target\site\serenity\3648b533c38dedc1fa2e87379c99c482a841e2cc5e73e4ac6c359fc9c19ed6a6.json (using temp file D:\Alterra\Automation\API\MusicLab-QE-APITesting\target\site\serenity\3648b533c38dedc1fa2e87379c99c482a841e2cc5e73e4ac6c359fc9c19ed6a6.jsonc43b7eb0-efea-49d9-955d-92cfaeb0c4fa)

09:15:24.688 [pool-3-thread-6] DEBUG net.thucydides.core.reports.json.JSONTestOutcomeReporter - Generating JSON report for Create transaction with invalid parameter schedule_id on json request body to file D:\Alterra\Automation\API\MusicLab-QE-APITesting\target\site\serenity\24e168d7197caeff2950d8f38d9025d99b3db97e2697d3774a612d97a108d8ee.json (using temp file D:\Alterra\Automation\API\MusicLab-QE-APITesting\target\site\serenity\24e168d7197caeff2950d8f38d9025d99b3db97e2697d3774a612d97a108d8ee.json17aa97dc-5a0d-422c-bcd4-83ddd1c1b3ab)

09:15:24.688 [pool-3-thread-10] DEBUG net.thucydides.core.reports.json.JSONTestOutcomeReporter - Generating JSON report for Create transaction with extra parameter on json request body to file D:\Alterra\Automation\API\MusicLab-QE-APITesting\target\site\serenity\af6402a0ad42fae8086d6a98c1c6613b8174492089db55666d65061b44738514.json (using temp file D:\Alterra\Automation\API\MusicLab-QE-APITesting\target\site\serenity\af6402a0ad42fae8086d6a98c1c6613b8174492089db55666d65061b44738514.jsonf660ec81-5b2a-4da2-999d-f4570fc6f6c7)

09:15:24.688 [pool-3-thread-4] DEBUG net.thucydides.core.reports.json.JSONTestOutcomeReporter - Generating JSON report for Create transaction with blank or empty parameter on json request body to file D:\Alterra\Automation\API\MusicLab-QE-APITesting\target\site\serenity\59c57d3d3f26ff86c88562d3cc1307e9323eab162cb1f671accc4db16f9ab992.json (using temp file D:\Alterra\Automation\API\MusicLab-QE-APITesting\target\site\serenity\59c57d3d3f26ff86c88562d3cc1307e9323eab162cb1f671accc4db16f9ab992.json961f62bd-6bcb-4e0b-be91-7dfcb51973d8)

09:15:24.688 [pool-3-thread-11] DEBUG net.thucydides.core.reports.json.JSONTestOutcomeReporter - Generating JSON report for Create transaction with invalid parameter class_id on json request body to file D:\Alterra\Automation\API\MusicLab-QE-APITesting\target\site\serenity\438c4e4b5a4d11ce95946f2e994cf755607c2bac8aead0a8329a2262e25bff70.json (using temp file D:\Alterra\Automation\API\MusicLab-QE-APITesting\target\site\serenity\438c4e4b5a4d11ce95946f2e994cf755607c2bac8aead0a8329a2262e25bff70.jsonec87f04d-4eb0-4cde-9aca-9e8fdb5f0937)

09:15:24.688 [pool-3-thread-9] DEBUG net.thucydides.core.reports.json.JSONTestOutcomeReporter - Generating JSON report for Create transaction with invalid parameter start_date on json request body to file D:\Alterra\Automation\API\MusicLab-QE-APITesting\target\site\serenity\3a5ac90ae10a5bfa3f1c3cad02785142a175258e70f8801de24a0102a7a36cfd.json (using temp file D:\Alterra\Automation\API\MusicLab-QE-APITesting\target\site\serenity\3a5ac90ae10a5bfa3f1c3cad02785142a175258e70f8801de24a0102a7a36cfd.json474b7673-7c63-45e1-a00f-824af8fbc038)

09:15:24.691 [pool-3-thread-2] DEBUG net.thucydides.core.reports.ReportService - Processing test outcome Get Student Transaction:Get student transaction with invalid path done

09:15:24.691 [pool-3-thread-2] DEBUG net.thucydides.core.reports.ReportService - Processing test outcome Post Create Transaction:Create transaction with 1 parameter only

09:15:24.691 [pool-3-thread-2] INFO net.thucydides.core.reports.ReportService - net.thucydides.core.reports.json.JSONTestOutcomeReporter@13b4a44a: Generating report for test outcome: Post Create Transaction:Create transaction with 1 parameter only

09:15:24.692 [pool-3-thread-8] DEBUG net.thucydides.core.reports.ReportService - Processing test outcome Get Mentor Transaction:Get mentor transaction with invalid path done

09:15:24.692 [pool-3-thread-8] DEBUG net.thucydides.core.reports.ReportService - Processing test outcome Post Create Transaction:Create transaction without request body

09:15:24.692 [pool-3-thread-8] INFO net.thucydides.core.reports.ReportService - net.thucydides.core.reports.json.JSONTestOutcomeReporter@13b4a44a: Generating report for test outcome: Post Create Transaction:Create transaction without request body

09:15:24.692 [pool-3-thread-12] DEBUG net.thucydides.core.reports.ReportService - Processing test outcome Get Student Transaction:Get student transaction with valid path done

09:15:24.692 [pool-3-thread-12] DEBUG net.thucydides.core.reports.ReportService - Processing test outcome Post Create Transaction:Create transaction with invalid path

09:15:24.692 [pool-3-thread-12] INFO net.thucydides.core.reports.ReportService - net.thucydides.core.reports.json.JSONTestOutcomeReporter@13b4a44a: Generating report for test outcome: Post Create Transaction:Create transaction with invalid path

09:15:24.693 [pool-3-thread-12] DEBUG net.thucydides.core.reports.json.JSONTestOutcomeReporter - Generating JSON report for Create transaction with invalid path to file D:\Alterra\Automation\API\MusicLab-QE-APITesting\target\site\serenity\c97415aadc54e4e66343b20e9d16fed77a51a841a981117dcf6d4a6ff6e9a0fc.json (using temp file D:\Alterra\Automation\API\MusicLab-QE-APITesting\target\site\serenity\c97415aadc54e4e66343b20e9d16fed77a51a841a981117dcf6d4a6ff6e9a0fc.json15cd5ecd-0159-4249-9f28-4769554fdb6d)

09:15:24.693 [pool-3-thread-2] DEBUG net.thucydides.core.reports.json.JSONTestOutcomeReporter - Generating JSON report for Create transaction with 1 parameter only to file D:\Alterra\Automation\API\MusicLab-QE-APITesting\target\site\serenity\16eafe329f355dcedd3f93023b40e806f264cb6aacd05836d4f2bca66662a741.json (using temp file D:\Alterra\Automation\API\MusicLab-QE-APITesting\target\site\serenity\16eafe329f355dcedd3f93023b40e806f264cb6aacd05836d4f2bca66662a741.jsone552c4a0-61ed-4ec8-9bf9-0f0ac1123a74)

09:15:24.693 [pool-3-thread-8] DEBUG net.thucydides.core.reports.json.JSONTestOutcomeReporter - Generating JSON report for Create transaction without request body to file D:\Alterra\Automation\API\MusicLab-QE-APITesting\target\site\serenity\c90adcda588db5cb6efc97317c9213f889abfdea1fd2819cad42adab2d0d72ac.json (using temp file D:\Alterra\Automation\API\MusicLab-QE-APITesting\target\site\serenity\c90adcda588db5cb6efc97317c9213f889abfdea1fd2819cad42adab2d0d72ac.json9324db67-ba0e-426f-a5f9-f5c64dd727cf)

09:15:24.694 [pool-3-thread-1] DEBUG net.thucydides.core.reports.ReportService - Processing test outcome Get Mentor Transaction:Get mentor transaction with valid path done

09:15:24.695 [pool-3-thread-9] DEBUG net.thucydides.core.reports.ReportService - Processing test outcome Post Create Transaction:Create transaction with invalid parameter start_date on json request body done

09:15:24.695 [pool-3-thread-11] DEBUG net.thucydides.core.reports.ReportService - Processing test outcome Post Create Transaction:Create transaction with invalid parameter class_id on json request body done

09:15:24.695 [pool-3-thread-7] DEBUG net.thucydides.core.reports.ReportService - Processing test outcome MusicLab API Automation Testing Capstone Project:Put or edit student password null parameter done

09:15:24.695 [pool-3-thread-2] DEBUG net.thucydides.core.reports.ReportService - Processing test outcome Post Create Transaction:Create transaction with 1 parameter only done

09:15:24.695 [pool-3-thread-6] DEBUG net.thucydides.core.reports.ReportService - Processing test outcome Post Create Transaction:Create transaction with invalid parameter schedule_id on json request body done

09:15:24.696 [pool-3-thread-12] DEBUG net.thucydides.core.reports.ReportService - Processing test outcome Post Create Transaction:Create transaction with invalid path done

09:15:24.696 [pool-3-thread-8] DEBUG net.thucydides.core.reports.ReportService - Processing test outcome Post Create Transaction:Create transaction without request body done

09:15:24.696 [pool-3-thread-10] DEBUG net.thucydides.core.reports.ReportService - Processing test outcome Post Create Transaction:Create transaction with extra parameter on json request body done

09:15:24.696 [pool-3-thread-4] DEBUG net.thucydides.core.reports.ReportService - Processing test outcome Post Create Transaction:Create transaction with blank or empty parameter on json request body done

09:15:24.697 [pool-3-thread-3] DEBUG net.thucydides.core.reports.ReportService - Processing test outcome Post Create Transaction:Create transaction with valid parameter on json request body done

09:15:25.186 [pool-3-thread-5] DEBUG net.thucydides.core.reports.ReportService - Processing test outcome Music Lab API Automation Testing:Post add mentor schedule availability with valid json no authorization done

09:15:25.187 [pool-2-thread-1] DEBUG net.thucydides.core.reports.ReportService - Shutting down executor service

09:15:25.187 [pool-2-thread-1] DEBUG net.thucydides.core.reports.ReportService - Reports generated in: 646 ms

09:15:25.187 [pool-2-thread-1] DEBUG net.thucydides.core.reports.ReportService - Generating reports for 120 test outcomes using: net.thucydides.core.reports.html.HtmlAcceptanceTestReporter@6e2a159b

09:15:25.188 [pool-4-thread-5] DEBUG net.thucydides.core.reports.ReportService - Processing test outcome Login mentor:Login student invalid json

09:15:25.188 [pool-4-thread-1] DEBUG net.thucydides.core.reports.ReportService - Processing test outcome Login mentor:Login mentor valid json

09:15:25.188 [pool-4-thread-3] DEBUG net.thucydides.core.reports.ReportService - Processing test outcome Login mentor:Login mentor blank json

09:15:25.188 [pool-4-thread-2] DEBUG net.thucydides.core.reports.ReportService - Processing test outcome Login mentor:Login mentor invalid json

09:15:25.189 [pool-4-thread-3] INFO net.thucydides.core.reports.ReportService - net.thucydides.core.reports.html.HtmlAcceptanceTestReporter@6e2a159b: Generating report for test outcome: Login mentor:Login mentor blank json

09:15:25.188 [pool-4-thread-4] DEBUG net.thucydides.core.reports.ReportService - Processing test outcome Login mentor:Login student valid json

09:15:25.188 [pool-4-thread-6] DEBUG net.thucydides.core.reports.ReportService - Processing test outcome Login mentor:Login student blank json

09:15:25.189 [pool-4-thread-4] INFO net.thucydides.core.reports.ReportService - net.thucydides.core.reports.html.HtmlAcceptanceTestReporter@6e2a159b: Generating report for test outcome: Login mentor:Login student valid json

09:15:25.189 [pool-4-thread-6] INFO net.thucydides.core.reports.ReportService - net.thucydides.core.reports.html.HtmlAcceptanceTestReporter@6e2a159b: Generating report for test outcome: Login mentor:Login student blank json

09:15:25.189 [pool-4-thread-5] INFO net.thucydides.core.reports.ReportService - net.thucydides.core.reports.html.HtmlAcceptanceTestReporter@6e2a159b: Generating report for test outcome: Login mentor:Login student invalid json

09:15:25.189 [pool-4-thread-1] INFO net.thucydides.core.reports.ReportService - net.thucydides.core.reports.html.HtmlAcceptanceTestReporter@6e2a159b: Generating report for test outcome: Login mentor:Login mentor valid json

09:15:25.189 [pool-4-thread-2] INFO net.thucydides.core.reports.ReportService - net.thucydides.core.reports.html.HtmlAcceptanceTestReporter@6e2a159b: Generating report for test outcome: Login mentor:Login mentor invalid json

09:15:25.189 [pool-4-thread-8] DEBUG net.thucydides.core.reports.ReportService - Processing test outcome Register mentor:Register mentor with existing json

09:15:25.189 [pool-4-thread-8] INFO net.thucydides.core.reports.ReportService - net.thucydides.core.reports.html.HtmlAcceptanceTestReporter@6e2a159b: Generating report for test outcome: Register mentor:Register mentor with existing json

09:15:25.189 [pool-4-thread-9] DEBUG net.thucydides.core.reports.ReportService - Processing test outcome Register mentor:Register mentor with invalid json

09:15:25.190 [pool-4-thread-9] INFO net.thucydides.core.reports.ReportService - net.thucydides.core.reports.html.HtmlAcceptanceTestReporter@6e2a159b: Generating report for test outcome: Register mentor:Register mentor with invalid json

09:15:25.190 [pool-4-thread-7] DEBUG net.thucydides.core.reports.ReportService - Processing test outcome Register mentor:Register mentor valid json

09:15:25.190 [pool-4-thread-7] INFO net.thucydides.core.reports.ReportService - net.thucydides.core.reports.html.HtmlAcceptanceTestReporter@6e2a159b: Generating report for test outcome: Register mentor:Register mentor valid json

09:15:25.190 [pool-4-thread-12] DEBUG net.thucydides.core.reports.ReportService - Processing test outcome Register student:Register student with existing json

09:15:25.190 [pool-4-thread-10] DEBUG net.thucydides.core.reports.ReportService - Processing test outcome Register mentor:Register mentor with blank json

09:15:25.190 [pool-4-thread-12] INFO net.thucydides.core.reports.ReportService - net.thucydides.core.reports.html.HtmlAcceptanceTestReporter@6e2a159b: Generating report for test outcome: Register student:Register student with existing json

09:15:25.190 [pool-4-thread-10] INFO net.thucydides.core.reports.ReportService - net.thucydides.core.reports.html.HtmlAcceptanceTestReporter@6e2a159b: Generating report for test outcome: Register mentor:Register mentor with blank json

09:15:25.190 [pool-4-thread-11] DEBUG net.thucydides.core.reports.ReportService - Processing test outcome Register student:Register student valid data

09:15:25.190 [pool-4-thread-11] INFO net.thucydides.core.reports.ReportService - net.thucydides.core.reports.html.HtmlAcceptanceTestReporter@6e2a159b: Generating report for test outcome: Register student:Register student valid data

09:15:25.412 [pool-4-thread-2] DEBUG net.thucydides.core.requirements.model.cucumber.CucumberParser - Added feature Login mentor

09:15:25.416 [pool-4-thread-2] DEBUG net.thucydides.core.requirements.model.cucumber.CucumberParser - Added feature Login mentor

09:15:25.421 [pool-4-thread-2] DEBUG net.thucydides.core.requirements.model.cucumber.CucumberParser - Added feature Register mentor

09:15:25.426 [pool-4-thread-2] DEBUG net.thucydides.core.requirements.model.cucumber.CucumberParser - Added feature Register student

09:15:25.434 [pool-4-thread-5] DEBUG net.thucydides.core.requirements.model.cucumber.CucumberParser - Added feature Login mentor

09:15:25.437 [pool-4-thread-1] DEBUG net.thucydides.core.requirements.model.cucumber.CucumberParser - Added feature Login mentor

09:15:25.440 [pool-4-thread-5] DEBUG net.thucydides.core.requirements.model.cucumber.CucumberParser - Added feature Login mentor

09:15:25.443 [pool-4-thread-1] DEBUG net.thucydides.core.requirements.model.cucumber.CucumberParser - Added feature Login mentor

09:15:25.444 [pool-4-thread-5] DEBUG net.thucydides.core.requirements.model.cucumber.CucumberParser - Added feature Register mentor

09:15:25.445 [pool-4-thread-2] DEBUG net.thucydides.core.requirements.model.cucumber.CucumberParser - Added feature Get Chat Message

09:15:25.446 [pool-4-thread-4] DEBUG net.thucydides.core.requirements.model.cucumber.CucumberParser - Added feature Login mentor

09:15:25.446 [pool-4-thread-10] DEBUG net.thucydides.core.requirements.model.cucumber.CucumberParser - Added feature Login mentor

09:15:25.447 [pool-4-thread-5] DEBUG net.thucydides.core.requirements.model.cucumber.CucumberParser - Added feature Register student

09:15:25.447 [pool-4-thread-7] DEBUG net.thucydides.core.requirements.model.cucumber.CucumberParser - Added feature Login mentor

09:15:25.448 [pool-4-thread-2] DEBUG net.thucydides.core.requirements.model.cucumber.CucumberParser - Added feature Get Inbox List

09:15:25.448 [pool-4-thread-4] DEBUG net.thucydides.core.requirements.model.cucumber.CucumberParser - Added feature Login mentor

09:15:25.448 [pool-4-thread-1] DEBUG net.thucydides.core.requirements.model.cucumber.CucumberParser - Added feature Register mentor

09:15:25.450 [pool-4-thread-7] DEBUG net.thucydides.core.requirements.model.cucumber.CucumberParser - Added feature Login mentor

09:15:25.451 [pool-4-thread-10] DEBUG net.thucydides.core.requirements.model.cucumber.CucumberParser - Added feature Login mentor

09:15:25.453 [pool-4-thread-11] DEBUG net.thucydides.core.requirements.model.cucumber.CucumberParser - Added feature Login mentor

09:15:25.453 [pool-4-thread-4] DEBUG net.thucydides.core.requirements.model.cucumber.CucumberParser - Added feature Register mentor

09:15:25.453 [pool-4-thread-10] DEBUG net.thucydides.core.requirements.model.cucumber.CucumberParser - Added feature Register mentor

09:15:25.453 [pool-4-thread-2] DEBUG net.thucydides.core.requirements.model.cucumber.CucumberParser - Added feature Post Create Message

09:15:25.453 [pool-4-thread-1] DEBUG net.thucydides.core.requirements.model.cucumber.CucumberParser - Added feature Register student

09:15:25.458 [pool-4-thread-7] DEBUG net.thucydides.core.requirements.model.cucumber.CucumberParser - Added feature Register mentor

09:15:25.466 [pool-4-thread-12] DEBUG net.thucydides.core.requirements.model.cucumber.CucumberParser - Added feature Login mentor

09:15:25.469 [pool-4-thread-7] DEBUG net.thucydides.core.requirements.model.cucumber.CucumberParser - Added feature Register student

09:15:25.469 [pool-4-thread-11] DEBUG net.thucydides.core.requirements.model.cucumber.CucumberParser - Added feature Login mentor

09:15:25.472 [pool-4-thread-12] DEBUG net.thucydides.core.requirements.model.cucumber.CucumberParser - Added feature Login mentor

09:15:25.474 [pool-4-thread-10] DEBUG net.thucydides.core.requirements.model.cucumber.CucumberParser - Added feature Register student

09:15:25.474 [pool-4-thread-8] DEBUG net.thucydides.core.requirements.model.cucumber.CucumberParser - Added feature Login mentor

09:15:25.475 [pool-4-thread-11] DEBUG net.thucydides.core.requirements.model.cucumber.CucumberParser - Added feature Register mentor

09:15:25.475 [pool-4-thread-4] DEBUG net.thucydides.core.requirements.model.cucumber.CucumberParser - Added feature Register student

09:15:25.478 [pool-4-thread-11] DEBUG net.thucydides.core.requirements.model.cucumber.CucumberParser - Added feature Register student

09:15:25.478 [pool-4-thread-12] DEBUG net.thucydides.core.requirements.model.cucumber.CucumberParser - Added feature Register mentor

09:15:25.479 [pool-4-thread-8] DEBUG net.thucydides.core.requirements.model.cucumber.CucumberParser - Added feature Login mentor

09:15:25.483 [pool-4-thread-3] DEBUG net.thucydides.core.requirements.model.cucumber.CucumberParser - Added feature Login mentor

09:15:25.488 [pool-4-thread-12] DEBUG net.thucydides.core.requirements.model.cucumber.CucumberParser - Added feature Register student

09:15:25.490 [pool-4-thread-6] DEBUG net.thucydides.core.requirements.model.cucumber.CucumberParser - Added feature Login mentor

09:15:25.491 [pool-4-thread-5] DEBUG net.thucydides.core.requirements.model.cucumber.CucumberParser - Added feature Get Chat Message

09:15:25.495 [pool-4-thread-9] DEBUG net.thucydides.core.requirements.model.cucumber.CucumberParser - Added feature Login mentor

09:15:25.500 [pool-4-thread-6] DEBUG net.thucydides.core.requirements.model.cucumber.CucumberParser - Added feature Login mentor

09:15:25.500 [pool-4-thread-5] DEBUG net.thucydides.core.requirements.model.cucumber.CucumberParser - Added feature Get Inbox List

09:15:25.503 [pool-4-thread-1] DEBUG net.thucydides.core.requirements.model.cucumber.CucumberParser - Added feature Get Chat Message

09:15:25.504 [pool-4-thread-3] DEBUG net.thucydides.core.requirements.model.cucumber.CucumberParser - Added feature Login mentor

09:15:25.506 [pool-4-thread-5] DEBUG net.thucydides.core.requirements.model.cucumber.CucumberParser - Added feature Post Create Message

09:15:25.507 [pool-4-thread-3] DEBUG net.thucydides.core.requirements.model.cucumber.CucumberParser - Added feature Register mentor

09:15:25.508 [pool-4-thread-2] DEBUG net.thucydides.core.requirements.model.cucumber.CucumberParser - Added feature MusicLab API Automation Testing Capstone Project

09:15:25.507 [pool-4-thread-8] DEBUG net.thucydides.core.requirements.model.cucumber.CucumberParser - Added feature Register mentor

09:15:25.510 [pool-4-thread-3] DEBUG net.thucydides.core.requirements.model.cucumber.CucumberParser - Added feature Register student

09:15:25.516 [pool-4-thread-12] DEBUG net.thucydides.core.requirements.model.cucumber.CucumberParser - Added feature Get Chat Message

09:15:25.520 [pool-4-thread-8] DEBUG net.thucydides.core.requirements.model.cucumber.CucumberParser - Added feature Register student

09:15:25.520 [pool-4-thread-12] DEBUG net.thucydides.core.requirements.model.cucumber.CucumberParser - Added feature Get Inbox List

09:15:25.529 [pool-4-thread-6] DEBUG net.thucydides.core.requirements.model.cucumber.CucumberParser - Added feature Register mentor

09:15:25.530 [pool-4-thread-12] DEBUG net.thucydides.core.requirements.model.cucumber.CucumberParser - Added feature Post Create Message

09:15:25.532 [pool-4-thread-9] DEBUG net.thucydides.core.requirements.model.cucumber.CucumberParser - Added feature Login mentor

09:15:25.536 [pool-4-thread-6] DEBUG net.thucydides.core.requirements.model.cucumber.CucumberParser - Added feature Register student

09:15:25.538 [pool-4-thread-5] DEBUG net.thucydides.core.requirements.model.cucumber.CucumberParser - Added feature MusicLab API Automation Testing Capstone Project

09:15:25.540 [pool-4-thread-11] DEBUG net.thucydides.core.requirements.model.cucumber.CucumberParser - Added feature Get Chat Message

09:15:25.540 [pool-4-thread-4] DEBUG net.thucydides.core.requirements.model.cucumber.CucumberParser - Added feature Get Chat Message

09:15:25.543 [pool-4-thread-11] DEBUG net.thucydides.core.requirements.model.cucumber.CucumberParser - Added feature Get Inbox List

09:15:25.543 [pool-4-thread-4] DEBUG net.thucydides.core.requirements.model.cucumber.CucumberParser - Added feature Get Inbox List

09:15:25.543 [pool-4-thread-2] DEBUG net.thucydides.core.requirements.model.cucumber.CucumberParser - Added feature Delete genre

09:15:25.544 [pool-4-thread-9] DEBUG net.thucydides.core.requirements.model.cucumber.CucumberParser - Added feature Register mentor

09:15:25.548 [pool-4-thread-9] DEBUG net.thucydides.core.requirements.model.cucumber.CucumberParser - Added feature Register student

09:15:25.549 [pool-4-thread-10] DEBUG net.thucydides.core.requirements.model.cucumber.CucumberParser - Added feature Get Chat Message

09:15:25.551 [pool-4-thread-1] DEBUG net.thucydides.core.requirements.model.cucumber.CucumberParser - Added feature Get Inbox List

09:15:25.553 [pool-4-thread-4] DEBUG net.thucydides.core.requirements.model.cucumber.CucumberParser - Added feature Post Create Message

09:15:25.554 [pool-4-thread-10] DEBUG net.thucydides.core.requirements.model.cucumber.CucumberParser - Added feature Get Inbox List

09:15:25.555 [pool-4-thread-2] DEBUG net.thucydides.core.requirements.model.cucumber.CucumberParser - Added feature Get all data genre

09:15:25.557 [pool-4-thread-11] DEBUG net.thucydides.core.requirements.model.cucumber.CucumberParser - Added feature Post Create Message

09:15:25.562 [pool-4-thread-12] DEBUG net.thucydides.core.requirements.model.cucumber.CucumberParser - Added feature MusicLab API Automation Testing Capstone Project

09:15:25.566 [pool-4-thread-2] DEBUG net.thucydides.core.requirements.model.cucumber.CucumberParser - Added feature Get all data about genre mentor

09:15:25.566 [pool-4-thread-8] DEBUG net.thucydides.core.requirements.model.cucumber.CucumberParser - Added feature Get Chat Message

09:15:25.570 [pool-4-thread-5] DEBUG net.thucydides.core.requirements.model.cucumber.CucumberParser - Added feature Delete genre

09:15:25.570 [pool-4-thread-10] DEBUG net.thucydides.core.requirements.model.cucumber.CucumberParser - Added feature Post Create Message

09:15:25.571 [pool-4-thread-8] DEBUG net.thucydides.core.requirements.model.cucumber.CucumberParser - Added feature Get Inbox List

09:15:25.572 [pool-4-thread-5] DEBUG net.thucydides.core.requirements.model.cucumber.CucumberParser - Added feature Get all data genre

09:15:25.574 [pool-4-thread-2] DEBUG net.thucydides.core.requirements.model.cucumber.CucumberParser - Added feature Mentor post genre

09:15:25.576 [pool-4-thread-4] DEBUG net.thucydides.core.requirements.model.cucumber.CucumberParser - Added feature MusicLab API Automation Testing Capstone Project

09:15:25.579 [pool-4-thread-5] DEBUG net.thucydides.core.requirements.model.cucumber.CucumberParser - Added feature Get all data about genre mentor

09:15:25.581 [pool-4-thread-5] DEBUG net.thucydides.core.requirements.model.cucumber.CucumberParser - Added feature Mentor post genre

09:15:25.583 [pool-4-thread-11] DEBUG net.thucydides.core.requirements.model.cucumber.CucumberParser - Added feature MusicLab API Automation Testing Capstone Project

09:15:25.586 [pool-4-thread-10] DEBUG net.thucydides.core.requirements.model.cucumber.CucumberParser - Added feature MusicLab API Automation Testing Capstone Project

09:15:25.589 [pool-4-thread-1] DEBUG net.thucydides.core.requirements.model.cucumber.CucumberParser - Added feature Post Create Message

09:15:25.591 [pool-4-thread-8] DEBUG net.thucydides.core.requirements.model.cucumber.CucumberParser - Added feature Post Create Message

09:15:25.593 [pool-4-thread-3] DEBUG net.thucydides.core.requirements.model.cucumber.CucumberParser - Added feature Get Chat Message

09:15:25.597 [pool-4-thread-3] DEBUG net.thucydides.core.requirements.model.cucumber.CucumberParser - Added feature Get Inbox List

09:15:25.599 [pool-4-thread-12] DEBUG net.thucydides.core.requirements.model.cucumber.CucumberParser - Added feature Delete genre

09:15:25.599 [pool-4-thread-5] DEBUG net.thucydides.core.requirements.model.cucumber.CucumberParser - Added feature [MusicLab-API] Get Feature Instrument

09:15:25.600 [pool-4-thread-2] DEBUG net.thucydides.core.requirements.model.cucumber.CucumberParser - Added feature [MusicLab-API] Get Feature Instrument

09:15:25.600 [pool-4-thread-10] DEBUG net.thucydides.core.requirements.model.cucumber.CucumberParser - Added feature Delete genre

09:15:25.601 [pool-4-thread-5] DEBUG net.thucydides.core.requirements.model.cucumber.CucumberParser - Added feature [MusicLab-API] Get Feature Instrument

09:15:25.601 [pool-4-thread-12] DEBUG net.thucydides.core.requirements.model.cucumber.CucumberParser - Added feature Get all data genre

09:15:25.601 [pool-4-thread-4] DEBUG net.thucydides.core.requirements.model.cucumber.CucumberParser - Added feature Delete genre

09:15:25.602 [pool-4-thread-10] DEBUG net.thucydides.core.requirements.model.cucumber.CucumberParser - Added feature Get all data genre

09:15:25.602 [pool-4-thread-6] DEBUG net.thucydides.core.requirements.model.cucumber.CucumberParser - Added feature Get Chat Message

09:15:25.603 [pool-4-thread-5] DEBUG net.thucydides.core.requirements.model.cucumber.CucumberParser - Added feature [MusicLab-API] Get Feature Instrument

09:15:25.605 [pool-4-thread-2] DEBUG net.thucydides.core.requirements.model.cucumber.CucumberParser - Added feature [MusicLab-API] Get Feature Instrument

09:15:25.605 [pool-4-thread-5] DEBUG net.thucydides.core.requirements.model.cucumber.CucumberParser - Added feature [MusicLab-API] Post Feature Instrument

09:15:25.606 [pool-4-thread-10] DEBUG net.thucydides.core.requirements.model.cucumber.CucumberParser - Added feature Get all data about genre mentor

09:15:25.606 [pool-4-thread-3] DEBUG net.thucydides.core.requirements.model.cucumber.CucumberParser - Added feature Post Create Message

09:15:25.607 [pool-4-thread-11] DEBUG net.thucydides.core.requirements.model.cucumber.CucumberParser - Added feature Delete genre

09:15:25.607 [pool-4-thread-6] DEBUG net.thucydides.core.requirements.model.cucumber.CucumberParser - Added feature Get Inbox List

09:15:25.608 [pool-4-thread-4] DEBUG net.thucydides.core.requirements.model.cucumber.CucumberParser - Added feature Get all data genre

09:15:25.609 [pool-4-thread-5] DEBUG net.thucydides.core.requirements.model.cucumber.CucumberParser - Added feature [MusicLab-API] Post Feature Instrument

09:15:25.610 [pool-4-thread-7] DEBUG net.thucydides.core.requirements.model.cucumber.CucumberParser - Added feature Get Chat Message

09:15:25.612 [pool-4-thread-2] DEBUG net.thucydides.core.requirements.model.cucumber.CucumberParser - Added feature [MusicLab-API] Get Feature Instrument

09:15:25.617 [pool-4-thread-7] DEBUG net.thucydides.core.requirements.model.cucumber.CucumberParser - Added feature Get Inbox List

09:15:25.617 [pool-4-thread-11] DEBUG net.thucydides.core.requirements.model.cucumber.CucumberParser - Added feature Get all data genre

09:15:25.618 [pool-4-thread-1] DEBUG net.thucydides.core.requirements.model.cucumber.CucumberParser - Added feature MusicLab API Automation Testing Capstone Project

09:15:25.619 [pool-4-thread-10] DEBUG net.thucydides.core.requirements.model.cucumber.CucumberParser - Added feature Mentor post genre

09:15:25.619 [pool-4-thread-11] DEBUG net.thucydides.core.requirements.model.cucumber.CucumberParser - Added feature Get all data about genre mentor

09:15:25.621 [pool-4-thread-6] DEBUG net.thucydides.core.requirements.model.cucumber.CucumberParser - Added feature Post Create Message

09:15:25.622 [pool-4-thread-8] DEBUG net.thucydides.core.requirements.model.cucumber.CucumberParser - Added feature MusicLab API Automation Testing Capstone Project

09:15:25.622 [pool-4-thread-4] DEBUG net.thucydides.core.requirements.model.cucumber.CucumberParser - Added feature Get all data about genre mentor

09:15:25.622 [pool-4-thread-11] DEBUG net.thucydides.core.requirements.model.cucumber.CucumberParser - Added feature Mentor post genre

09:15:25.624 [pool-4-thread-5] DEBUG net.thucydides.core.requirements.model.cucumber.CucumberParser - Added feature [MusicLab-API] Delete Feature Instrument

09:15:25.626 [pool-4-thread-5] DEBUG net.thucydides.core.requirements.model.cucumber.CucumberParser - Added feature [MusicLab-API] Delete Feature Instrument

09:15:25.630 [pool-4-thread-7] DEBUG net.thucydides.core.requirements.model.cucumber.CucumberParser - Added feature Post Create Message

09:15:25.630 [pool-4-thread-9] DEBUG net.thucydides.core.requirements.model.cucumber.CucumberParser - Added feature Get Chat Message

09:15:25.631 [pool-4-thread-4] DEBUG net.thucydides.core.requirements.model.cucumber.CucumberParser - Added feature Mentor post genre

09:15:25.635 [pool-4-thread-1] DEBUG net.thucydides.core.requirements.model.cucumber.CucumberParser - Added feature Delete genre

09:15:25.639 [pool-4-thread-1] DEBUG net.thucydides.core.requirements.model.cucumber.CucumberParser - Added feature Get all data genre

09:15:25.640 [pool-4-thread-12] DEBUG net.thucydides.core.requirements.model.cucumber.CucumberParser - Added feature Get all data about genre mentor

09:15:25.641 [pool-4-thread-2] DEBUG net.thucydides.core.requirements.model.cucumber.CucumberParser - Added feature [MusicLab-API] Post Feature Instrument

09:15:25.647 [pool-4-thread-6] DEBUG net.thucydides.core.requirements.model.cucumber.CucumberParser - Added feature MusicLab API Automation Testing Capstone Project

09:15:25.648 [pool-4-thread-9] DEBUG net.thucydides.core.requirements.model.cucumber.CucumberParser - Added feature Get Inbox List

09:15:25.647 [pool-4-thread-1] DEBUG net.thucydides.core.requirements.model.cucumber.CucumberParser - Added feature Get all data about genre mentor

09:15:25.666 [pool-4-thread-12] DEBUG net.thucydides.core.requirements.model.cucumber.CucumberParser - Added feature Mentor post genre

09:15:25.687 [pool-4-thread-9] DEBUG net.thucydides.core.requirements.model.cucumber.CucumberParser - Added feature Post Create Message

09:15:25.692 [pool-4-thread-10] DEBUG net.thucydides.core.requirements.model.cucumber.CucumberParser - Added feature [MusicLab-API] Get Feature Instrument

09:15:25.695 [pool-4-thread-5] DEBUG net.thucydides.core.requirements.model.cucumber.CucumberParser - Added feature [MusicLab-API] Get Feature Mentors

09:15:25.695 [pool-4-thread-4] DEBUG net.thucydides.core.requirements.model.cucumber.CucumberParser - Added feature [MusicLab-API] Get Feature Instrument

09:15:25.696 [pool-4-thread-6] DEBUG net.thucydides.core.requirements.model.cucumber.CucumberParser - Added feature Delete genre

09:15:25.697 [pool-4-thread-6] DEBUG net.thucydides.core.requirements.model.cucumber.CucumberParser - Added feature Get all data genre

09:15:25.697 [pool-4-thread-4] DEBUG net.thucydides.core.requirements.model.cucumber.CucumberParser - Added feature [MusicLab-API] Get Feature Instrument

09:15:25.697 [pool-4-thread-10] DEBUG net.thucydides.core.requirements.model.cucumber.CucumberParser - Added feature [MusicLab-API] Get Feature Instrument

09:15:25.697 [pool-4-thread-2] DEBUG net.thucydides.core.requirements.model.cucumber.CucumberParser - Added feature [MusicLab-API] Post Feature Instrument

09:15:25.698 [pool-4-thread-5] DEBUG net.thucydides.core.requirements.model.cucumber.CucumberParser - Added feature [MusicLab-API] Get Feature Mentors

09:15:25.700 [pool-4-thread-4] DEBUG net.thucydides.core.requirements.model.cucumber.CucumberParser - Added feature [MusicLab-API] Get Feature Instrument

09:15:25.700 [pool-4-thread-1] DEBUG net.thucydides.core.requirements.model.cucumber.CucumberParser - Added feature Mentor post genre

09:15:25.705 [pool-4-thread-9] DEBUG net.thucydides.core.requirements.model.cucumber.CucumberParser - Added feature MusicLab API Automation Testing Capstone Project

09:15:25.705 [pool-4-thread-5] DEBUG net.thucydides.core.requirements.model.cucumber.CucumberParser - Added feature [MusicLab-API] Get Feature Mentors

09:15:25.705 [pool-4-thread-10] DEBUG net.thucydides.core.requirements.model.cucumber.CucumberParser - Added feature [MusicLab-API] Get Feature Instrument

09:15:25.706 [pool-4-thread-4] DEBUG net.thucydides.core.requirements.model.cucumber.CucumberParser - Added feature [MusicLab-API] Post Feature Instrument

09:15:25.708 [pool-4-thread-5] DEBUG net.thucydides.core.requirements.model.cucumber.CucumberParser - Added feature [MusicLab-API] Get Feature Mentors

09:15:25.708 [pool-4-thread-2] DEBUG net.thucydides.core.requirements.model.cucumber.CucumberParser - Added feature [MusicLab-API] Delete Feature Instrument

09:15:25.708 [pool-4-thread-6] DEBUG net.thucydides.core.requirements.model.cucumber.CucumberParser - Added feature Get all data about genre mentor

09:15:25.708 [pool-4-thread-10] DEBUG net.thucydides.core.requirements.model.cucumber.CucumberParser - Added feature [MusicLab-API] Post Feature Instrument

09:15:25.709 [pool-4-thread-2] DEBUG net.thucydides.core.requirements.model.cucumber.CucumberParser - Added feature [MusicLab-API] Delete Feature Instrument

09:15:25.708 [pool-4-thread-4] DEBUG net.thucydides.core.requirements.model.cucumber.CucumberParser - Added feature [MusicLab-API] Post Feature Instrument

09:15:25.710 [pool-4-thread-10] DEBUG net.thucydides.core.requirements.model.cucumber.CucumberParser - Added feature [MusicLab-API] Post Feature Instrument

09:15:25.710 [pool-4-thread-6] DEBUG net.thucydides.core.requirements.model.cucumber.CucumberParser - Added feature Mentor post genre

09:15:25.709 [pool-4-thread-5] DEBUG net.thucydides.core.requirements.model.cucumber.CucumberParser - Added feature [MusicLab-API] Post Feature Mentors

09:15:25.711 [pool-4-thread-11] DEBUG net.thucydides.core.requirements.model.cucumber.CucumberParser - Added feature [MusicLab-API] Get Feature Instrument

09:15:25.711 [pool-4-thread-7] DEBUG net.thucydides.core.requirements.model.cucumber.CucumberParser - Added feature MusicLab API Automation Testing Capstone Project

09:15:25.711 [pool-4-thread-5] DEBUG net.thucydides.core.requirements.model.cucumber.CucumberParser - Added feature [MusicLab-API] Post Feature Mentors

09:15:25.712 [pool-4-thread-10] DEBUG net.thucydides.core.requirements.model.cucumber.CucumberParser - Added feature [MusicLab-API] Delete Feature Instrument

09:15:25.712 [pool-4-thread-11] DEBUG net.thucydides.core.requirements.model.cucumber.CucumberParser - Added feature [MusicLab-API] Get Feature Instrument

09:15:25.713 [pool-4-thread-5] DEBUG net.thucydides.core.requirements.model.cucumber.CucumberParser - Added feature [MusicLab-API] Put Feature Mentors

09:15:25.713 [pool-4-thread-10] DEBUG net.thucydides.core.requirements.model.cucumber.CucumberParser - Added feature [MusicLab-API] Delete Feature Instrument

09:15:25.713 [pool-4-thread-11] DEBUG net.thucydides.core.requirements.model.cucumber.CucumberParser - Added feature [MusicLab-API] Get Feature Instrument

09:15:25.714 [pool-4-thread-8] DEBUG net.thucydides.core.requirements.model.cucumber.CucumberParser - Added feature Delete genre

09:15:25.715 [pool-4-thread-5] DEBUG net.thucydides.core.requirements.model.cucumber.CucumberParser - Added feature [MusicLab-API] Put Feature Mentors

09:15:25.715 [pool-4-thread-8] DEBUG net.thucydides.core.requirements.model.cucumber.CucumberParser - Added feature Get all data genre

09:15:25.716 [pool-4-thread-11] DEBUG net.thucydides.core.requirements.model.cucumber.CucumberParser - Added feature [MusicLab-API] Post Feature Instrument

09:15:25.717 [pool-4-thread-5] DEBUG net.thucydides.core.requirements.model.cucumber.CucumberParser - Added feature [MusicLab-API] Put Feature Mentors

09:15:25.717 [pool-4-thread-3] DEBUG net.thucydides.core.requirements.model.cucumber.CucumberParser - Added feature MusicLab API Automation Testing Capstone Project

09:15:25.717 [pool-4-thread-8] DEBUG net.thucydides.core.requirements.model.cucumber.CucumberParser - Added feature Get all data about genre mentor

09:15:25.718 [pool-4-thread-11] DEBUG net.thucydides.core.requirements.model.cucumber.CucumberParser - Added feature [MusicLab-API] Post Feature Instrument

09:15:25.718 [pool-4-thread-5] DEBUG net.thucydides.core.requirements.model.cucumber.CucumberParser - Added feature [MusicLab-API] Put Feature Mentors

09:15:25.720 [pool-4-thread-8] DEBUG net.thucydides.core.requirements.model.cucumber.CucumberParser - Added feature Mentor post genre

09:15:25.722 [pool-4-thread-5] DEBUG net.thucydides.core.requirements.model.cucumber.CucumberParser - Added feature [MusicLab-API] Delete Feature Mentors

09:15:25.722 [pool-4-thread-11] DEBUG net.thucydides.core.requirements.model.cucumber.CucumberParser - Added feature [MusicLab-API] Delete Feature Instrument

09:15:25.728 [pool-4-thread-11] DEBUG net.thucydides.core.requirements.model.cucumber.CucumberParser - Added feature [MusicLab-API] Delete Feature Instrument

09:15:25.731 [pool-4-thread-4] DEBUG net.thucydides.core.requirements.model.cucumber.CucumberParser - Added feature [MusicLab-API] Delete Feature Instrument

09:15:25.733 [pool-4-thread-5] DEBUG net.thucydides.core.requirements.model.cucumber.CucumberParser - Added feature [MusicLab-API] Delete Feature Mentors

09:15:25.739 [pool-4-thread-12] DEBUG net.thucydides.core.requirements.model.cucumber.CucumberParser - Added feature [MusicLab-API] Get Feature Instrument

09:15:25.740 [pool-4-thread-12] DEBUG net.thucydides.core.requirements.model.cucumber.CucumberParser - Added feature [MusicLab-API] Get Feature Instrument

09:15:25.743 [pool-4-thread-7] DEBUG net.thucydides.core.requirements.model.cucumber.CucumberParser - Added feature Delete genre

09:15:25.743 [pool-4-thread-12] DEBUG net.thucydides.core.requirements.model.cucumber.CucumberParser - Added feature [MusicLab-API] Get Feature Instrument

09:15:25.744 [pool-4-thread-2] DEBUG net.thucydides.core.requirements.model.cucumber.CucumberParser - Added feature [MusicLab-API] Get Feature Mentors

09:15:25.745 [pool-4-thread-12] DEBUG net.thucydides.core.requirements.model.cucumber.CucumberParser - Added feature [MusicLab-API] Post Feature Instrument

09:15:25.745 [pool-4-thread-7] DEBUG net.thucydides.core.requirements.model.cucumber.CucumberParser - Added feature Get all data genre

09:15:25.747 [pool-4-thread-12] DEBUG net.thucydides.core.requirements.model.cucumber.CucumberParser - Added feature [MusicLab-API] Post Feature Instrument

09:15:25.747 [pool-4-thread-2] DEBUG net.thucydides.core.requirements.model.cucumber.CucumberParser - Added feature [MusicLab-API] Get Feature Mentors

09:15:25.749 [pool-4-thread-7] DEBUG net.thucydides.core.requirements.model.cucumber.CucumberParser - Added feature Get all data about genre mentor

09:15:25.750 [pool-4-thread-10] DEBUG net.thucydides.core.requirements.model.cucumber.CucumberParser - Added feature [MusicLab-API] Get Feature Mentors

09:15:25.751 [pool-4-thread-7] DEBUG net.thucydides.core.requirements.model.cucumber.CucumberParser - Added feature Mentor post genre

09:15:25.751 [pool-4-thread-1] DEBUG net.thucydides.core.requirements.model.cucumber.CucumberParser - Added feature [MusicLab-API] Get Feature Instrument

09:15:25.754 [pool-4-thread-2] DEBUG net.thucydides.core.requirements.model.cucumber.CucumberParser - Added feature [MusicLab-API] Get Feature Mentors

09:15:25.755 [pool-4-thread-6] DEBUG net.thucydides.core.requirements.model.cucumber.CucumberParser - Added feature [MusicLab-API] Get Feature Instrument

09:15:25.755 [pool-4-thread-12] DEBUG net.thucydides.core.requirements.model.cucumber.CucumberParser - Added feature [MusicLab-API] Delete Feature Instrument

09:15:25.759 [pool-4-thread-9] DEBUG net.thucydides.core.requirements.model.cucumber.CucumberParser - Added feature Delete genre

09:15:25.762 [pool-4-thread-1] DEBUG net.thucydides.core.requirements.model.cucumber.CucumberParser - Added feature [MusicLab-API] Get Feature Instrument

09:15:25.766 [pool-4-thread-12] DEBUG net.thucydides.core.requirements.model.cucumber.CucumberParser - Added feature [MusicLab-API] Delete Feature Instrument

09:15:25.767 [pool-4-thread-2] DEBUG net.thucydides.core.requirements.model.cucumber.CucumberParser - Added feature [MusicLab-API] Get Feature Mentors

09:15:25.766 [pool-4-thread-1] DEBUG net.thucydides.core.requirements.model.cucumber.CucumberParser - Added feature [MusicLab-API] Get Feature Instrument

09:15:25.769 [pool-4-thread-5] DEBUG net.thucydides.core.requirements.model.cucumber.CucumberParser - Added feature [MusicLab-API] Get Feature Review

09:15:25.769 [pool-4-thread-2] DEBUG net.thucydides.core.requirements.model.cucumber.CucumberParser - Added feature [MusicLab-API] Post Feature Mentors

09:15:25.771 [pool-4-thread-1] DEBUG net.thucydides.core.requirements.model.cucumber.CucumberParser - Added feature [MusicLab-API] Post Feature Instrument

09:15:25.776 [pool-4-thread-2] DEBUG net.thucydides.core.requirements.model.cucumber.CucumberParser - Added feature [MusicLab-API] Post Feature Mentors

09:15:25.776 [pool-4-thread-10] DEBUG net.thucydides.core.requirements.model.cucumber.CucumberParser - Added feature [MusicLab-API] Get Feature Mentors

09:15:25.777 [pool-4-thread-6] DEBUG net.thucydides.core.requirements.model.cucumber.CucumberParser - Added feature [MusicLab-API] Get Feature Instrument

09:15:25.777 [pool-4-thread-9] DEBUG net.thucydides.core.requirements.model.cucumber.CucumberParser - Added feature Get all data genre

09:15:25.777 [pool-4-thread-1] DEBUG net.thucydides.core.requirements.model.cucumber.CucumberParser - Added feature [MusicLab-API] Post Feature Instrument

09:15:25.776 [pool-4-thread-5] DEBUG net.thucydides.core.requirements.model.cucumber.CucumberParser - Added feature [MusicLab-API] Post Feature Review

09:15:25.780 [pool-4-thread-6] DEBUG net.thucydides.core.requirements.model.cucumber.CucumberParser - Added feature [MusicLab-API] Get Feature Instrument

09:15:25.781 [pool-4-thread-2] DEBUG net.thucydides.core.requirements.model.cucumber.CucumberParser - Added feature [MusicLab-API] Put Feature Mentors

09:15:25.781 [pool-4-thread-10] DEBUG net.thucydides.core.requirements.model.cucumber.CucumberParser - Added feature [MusicLab-API] Get Feature Mentors

09:15:25.781 [pool-4-thread-9] DEBUG net.thucydides.core.requirements.model.cucumber.CucumberParser - Added feature Get all data about genre mentor

09:15:25.786 [pool-4-thread-1] DEBUG net.thucydides.core.requirements.model.cucumber.CucumberParser - Added feature [MusicLab-API] Delete Feature Instrument

09:15:25.786 [pool-4-thread-8] DEBUG net.thucydides.core.requirements.model.cucumber.CucumberParser - Added feature [MusicLab-API] Get Feature Instrument

09:15:25.793 [pool-4-thread-5] DEBUG net.thucydides.core.requirements.model.cucumber.CucumberParser - Added feature [MusicLab-API] Post Feature Review

09:15:25.793 [pool-4-thread-10] DEBUG net.thucydides.core.requirements.model.cucumber.CucumberParser - Added feature [MusicLab-API] Get Feature Mentors

09:15:25.794 [pool-4-thread-2] DEBUG net.thucydides.core.requirements.model.cucumber.CucumberParser - Added feature [MusicLab-API] Put Feature Mentors

09:15:25.794 [pool-4-thread-1] DEBUG net.thucydides.core.requirements.model.cucumber.CucumberParser - Added feature [MusicLab-API] Delete Feature Instrument

09:15:25.796 [pool-4-thread-2] DEBUG net.thucydides.core.requirements.model.cucumber.CucumberParser - Added feature [MusicLab-API] Put Feature Mentors

09:15:25.798 [pool-4-thread-11] DEBUG net.thucydides.core.requirements.model.cucumber.CucumberParser - Added feature [MusicLab-API] Get Feature Mentors

09:15:25.799 [pool-4-thread-7] DEBUG net.thucydides.core.requirements.model.cucumber.CucumberParser - Added feature [MusicLab-API] Get Feature Instrument

09:15:25.800 [pool-4-thread-8] DEBUG net.thucydides.core.requirements.model.cucumber.CucumberParser - Added feature [MusicLab-API] Get Feature Instrument

09:15:25.800 [pool-4-thread-6] DEBUG net.thucydides.core.requirements.model.cucumber.CucumberParser - Added feature [MusicLab-API] Post Feature Instrument

09:15:25.801 [pool-4-thread-2] DEBUG net.thucydides.core.requirements.model.cucumber.CucumberParser - Added feature [MusicLab-API] Put Feature Mentors

09:15:25.802 [pool-4-thread-8] DEBUG net.thucydides.core.requirements.model.cucumber.CucumberParser - Added feature [MusicLab-API] Get Feature Instrument

09:15:25.805 [pool-4-thread-10] DEBUG net.thucydides.core.requirements.model.cucumber.CucumberParser - Added feature [MusicLab-API] Post Feature Mentors

09:15:25.805 [pool-4-thread-7] DEBUG net.thucydides.core.requirements.model.cucumber.CucumberParser - Added feature [MusicLab-API] Get Feature Instrument

09:15:25.805 [pool-4-thread-4] DEBUG net.thucydides.core.requirements.model.cucumber.CucumberParser - Added feature [MusicLab-API] Delete Feature Instrument

09:15:25.806 [pool-4-thread-6] DEBUG net.thucydides.core.requirements.model.cucumber.CucumberParser - Added feature [MusicLab-API] Post Feature Instrument

09:15:25.807 [pool-4-thread-9] DEBUG net.thucydides.core.requirements.model.cucumber.CucumberParser - Added feature Mentor post genre

09:15:25.807 [pool-4-thread-10] DEBUG net.thucydides.core.requirements.model.cucumber.CucumberParser - Added feature [MusicLab-API] Post Feature Mentors

09:15:25.807 [pool-4-thread-2] DEBUG net.thucydides.core.requirements.model.cucumber.CucumberParser - Added feature [MusicLab-API] Delete Feature Mentors

09:15:25.808 [pool-4-thread-8] DEBUG net.thucydides.core.requirements.model.cucumber.CucumberParser - Added feature [MusicLab-API] Post Feature Instrument

09:15:25.808 [pool-4-thread-11] DEBUG net.thucydides.core.requirements.model.cucumber.CucumberParser - Added feature [MusicLab-API] Get Feature Mentors

09:15:25.809 [pool-4-thread-8] DEBUG net.thucydides.core.requirements.model.cucumber.CucumberParser - Added feature [MusicLab-API] Post Feature Instrument

09:15:25.810 [pool-4-thread-7] DEBUG net.thucydides.core.requirements.model.cucumber.CucumberParser - Added feature [MusicLab-API] Get Feature Instrument

09:15:25.810 [pool-4-thread-10] DEBUG net.thucydides.core.requirements.model.cucumber.CucumberParser - Added feature [MusicLab-API] Put Feature Mentors

09:15:25.811 [pool-4-thread-2] DEBUG net.thucydides.core.requirements.model.cucumber.CucumberParser - Added feature [MusicLab-API] Delete Feature Mentors

09:15:25.812 [pool-4-thread-10] DEBUG net.thucydides.core.requirements.model.cucumber.CucumberParser - Added feature [MusicLab-API] Put Feature Mentors

09:15:25.813 [pool-4-thread-7] DEBUG net.thucydides.core.requirements.model.cucumber.CucumberParser - Added feature [MusicLab-API] Post Feature Instrument

09:15:25.813 [pool-4-thread-8] DEBUG net.thucydides.core.requirements.model.cucumber.CucumberParser - Added feature [MusicLab-API] Delete Feature Instrument

09:15:25.814 [pool-4-thread-10] DEBUG net.thucydides.core.requirements.model.cucumber.CucumberParser - Added feature [MusicLab-API] Put Feature Mentors

09:15:25.814 [pool-4-thread-11] DEBUG net.thucydides.core.requirements.model.cucumber.CucumberParser - Added feature [MusicLab-API] Get Feature Mentors

09:15:25.815 [pool-4-thread-7] DEBUG net.thucydides.core.requirements.model.cucumber.CucumberParser - Added feature [MusicLab-API] Post Feature Instrument

09:15:25.815 [pool-4-thread-8] DEBUG net.thucydides.core.requirements.model.cucumber.CucumberParser - Added feature [MusicLab-API] Delete Feature Instrument

09:15:25.816 [pool-4-thread-12] DEBUG net.thucydides.core.requirements.model.cucumber.CucumberParser - Added feature [MusicLab-API] Get Feature Mentors

09:15:25.816 [pool-4-thread-6] DEBUG net.thucydides.core.requirements.model.cucumber.CucumberParser - Added feature [MusicLab-API] Delete Feature Instrument

09:15:25.819 [pool-4-thread-7] DEBUG net.thucydides.core.requirements.model.cucumber.CucumberParser - Added feature [MusicLab-API] Delete Feature Instrument

09:15:25.825 [pool-4-thread-7] DEBUG net.thucydides.core.requirements.model.cucumber.CucumberParser - Added feature [MusicLab-API] Delete Feature Instrument

09:15:25.830 [pool-4-thread-11] DEBUG net.thucydides.core.requirements.model.cucumber.CucumberParser - Added feature [MusicLab-API] Get Feature Mentors

09:15:25.832 [pool-4-thread-12] DEBUG net.thucydides.core.requirements.model.cucumber.CucumberParser - Added feature [MusicLab-API] Get Feature Mentors

09:15:25.837 [pool-4-thread-10] DEBUG net.thucydides.core.requirements.model.cucumber.CucumberParser - Added feature [MusicLab-API] Put Feature Mentors

09:15:25.839 [pool-4-thread-10] DEBUG net.thucydides.core.requirements.model.cucumber.CucumberParser - Added feature [MusicLab-API] Delete Feature Mentors

09:15:25.840 [pool-4-thread-9] DEBUG net.thucydides.core.requirements.model.cucumber.CucumberParser - Added feature [MusicLab-API] Get Feature Instrument

09:15:25.842 [pool-4-thread-10] DEBUG net.thucydides.core.requirements.model.cucumber.CucumberParser - Added feature [MusicLab-API] Delete Feature Mentors

09:15:25.842 [pool-4-thread-5] DEBUG net.thucydides.core.requirements.model.cucumber.CucumberParser - Added feature Music Lab API Automation Testing

09:15:25.842 [pool-4-thread-4] DEBUG net.thucydides.core.requirements.model.cucumber.CucumberParser - Added feature [MusicLab-API] Get Feature Mentors

09:15:25.851 [pool-4-thread-3] DEBUG net.thucydides.core.requirements.model.cucumber.CucumberParser - Added feature Delete genre

09:15:25.851 [pool-4-thread-7] DEBUG net.thucydides.core.requirements.model.cucumber.CucumberParser - Added feature [MusicLab-API] Get Feature Mentors

09:15:25.851 [pool-4-thread-2] DEBUG net.thucydides.core.requirements.model.cucumber.CucumberParser - Added feature [MusicLab-API] Get Feature Review

09:15:25.852 [pool-4-thread-10] DEBUG net.thucydides.core.requirements.model.cucumber.CucumberParser - Added feature [MusicLab-API] Get Feature Review

09:15:25.853 [pool-4-thread-6] DEBUG net.thucydides.core.requirements.model.cucumber.CucumberParser - Added feature [MusicLab-API] Delete Feature Instrument

09:15:25.854 [pool-4-thread-3] DEBUG net.thucydides.core.requirements.model.cucumber.CucumberParser - Added feature Get all data genre

09:15:25.854 [pool-4-thread-5] DEBUG net.thucydides.core.requirements.model.cucumber.CucumberParser - Added feature Music Lab API Automation Testing

09:15:25.854 [pool-4-thread-10] DEBUG net.thucydides.core.requirements.model.cucumber.CucumberParser - Added feature [MusicLab-API] Post Feature Review

09:15:25.854 [pool-4-thread-7] DEBUG net.thucydides.core.requirements.model.cucumber.CucumberParser - Added feature [MusicLab-API] Get Feature Mentors

09:15:25.855 [pool-4-thread-10] DEBUG net.thucydides.core.requirements.model.cucumber.CucumberParser - Added feature [MusicLab-API] Post Feature Review

09:15:25.855 [pool-4-thread-5] DEBUG net.thucydides.core.requirements.model.cucumber.CucumberParser - Added feature Music Lab API Automation Testing

09:15:25.856 [pool-4-thread-3] DEBUG net.thucydides.core.requirements.model.cucumber.CucumberParser - Added feature Get all data about genre mentor

09:15:25.852 [pool-4-thread-2] DEBUG net.thucydides.core.requirements.model.cucumber.CucumberParser - Added feature [MusicLab-API] Post Feature Review

09:15:25.857 [pool-4-thread-5] DEBUG net.thucydides.core.requirements.model.cucumber.CucumberParser - Added feature Music Lab API Automation Testing

09:15:25.860 [pool-4-thread-8] DEBUG net.thucydides.core.requirements.model.cucumber.CucumberParser - Added feature [MusicLab-API] Get Feature Mentors

09:15:25.861 [pool-4-thread-9] DEBUG net.thucydides.core.requirements.model.cucumber.CucumberParser - Added feature [MusicLab-API] Get Feature Instrument

09:15:25.861 [pool-4-thread-2] DEBUG net.thucydides.core.requirements.model.cucumber.CucumberParser - Added feature [MusicLab-API] Post Feature Review

09:15:25.862 [pool-4-thread-11] DEBUG net.thucydides.core.requirements.model.cucumber.CucumberParser - Added feature [MusicLab-API] Post Feature Mentors

09:15:25.863 [pool-4-thread-7] DEBUG net.thucydides.core.requirements.model.cucumber.CucumberParser - Added feature [MusicLab-API] Get Feature Mentors

09:15:25.863 [pool-4-thread-4] DEBUG net.thucydides.core.requirements.model.cucumber.CucumberParser - Added feature [MusicLab-API] Get Feature Mentors

09:15:25.864 [pool-4-thread-12] DEBUG net.thucydides.core.requirements.model.cucumber.CucumberParser - Added feature [MusicLab-API] Get Feature Mentors

09:15:25.864 [pool-4-thread-3] DEBUG net.thucydides.core.requirements.model.cucumber.CucumberParser - Added feature Mentor post genre

09:15:25.865 [pool-4-thread-9] DEBUG net.thucydides.core.requirements.model.cucumber.CucumberParser - Added feature [MusicLab-API] Get Feature Instrument

09:15:25.865 [pool-4-thread-7] DEBUG net.thucydides.core.requirements.model.cucumber.CucumberParser - Added feature [MusicLab-API] Get Feature Mentors

09:15:25.865 [pool-4-thread-11] DEBUG net.thucydides.core.requirements.model.cucumber.CucumberParser - Added feature [MusicLab-API] Post Feature Mentors

09:15:25.866 [pool-4-thread-12] DEBUG net.thucydides.core.requirements.model.cucumber.CucumberParser - Added feature [MusicLab-API] Get Feature Mentors

09:15:25.866 [pool-4-thread-4] DEBUG net.thucydides.core.requirements.model.cucumber.CucumberParser - Added feature [MusicLab-API] Get Feature Mentors

09:15:25.866 [pool-4-thread-11] DEBUG net.thucydides.core.requirements.model.cucumber.CucumberParser - Added feature [MusicLab-API] Put Feature Mentors

09:15:25.866 [pool-4-thread-9] DEBUG net.thucydides.core.requirements.model.cucumber.CucumberParser - Added feature [MusicLab-API] Post Feature Instrument

09:15:25.867 [pool-4-thread-7] DEBUG net.thucydides.core.requirements.model.cucumber.CucumberParser - Added feature [MusicLab-API] Post Feature Mentors

09:15:25.867 [pool-4-thread-4] DEBUG net.thucydides.core.requirements.model.cucumber.CucumberParser - Added feature [MusicLab-API] Get Feature Mentors

09:15:25.867 [pool-4-thread-9] DEBUG net.thucydides.core.requirements.model.cucumber.CucumberParser - Added feature [MusicLab-API] Post Feature Instrument

09:15:25.867 [pool-4-thread-12] DEBUG net.thucydides.core.requirements.model.cucumber.CucumberParser - Added feature [MusicLab-API] Post Feature Mentors

09:15:25.867 [pool-4-thread-11] DEBUG net.thucydides.core.requirements.model.cucumber.CucumberParser - Added feature [MusicLab-API] Put Feature Mentors

09:15:25.868 [pool-4-thread-7] DEBUG net.thucydides.core.requirements.model.cucumber.CucumberParser - Added feature [MusicLab-API] Post Feature Mentors

09:15:25.869 [pool-4-thread-11] DEBUG net.thucydides.core.requirements.model.cucumber.CucumberParser - Added feature [MusicLab-API] Put Feature Mentors

09:15:25.869 [pool-4-thread-9] DEBUG net.thucydides.core.requirements.model.cucumber.CucumberParser - Added feature [MusicLab-API] Delete Feature Instrument

09:15:25.870 [pool-4-thread-4] DEBUG net.thucydides.core.requirements.model.cucumber.CucumberParser - Added feature [MusicLab-API] Post Feature Mentors

09:15:25.870 [pool-4-thread-12] DEBUG net.thucydides.core.requirements.model.cucumber.CucumberParser - Added feature [MusicLab-API] Post Feature Mentors

09:15:25.871 [pool-4-thread-7] DEBUG net.thucydides.core.requirements.model.cucumber.CucumberParser - Added feature [MusicLab-API] Put Feature Mentors

09:15:25.871 [pool-4-thread-9] DEBUG net.thucydides.core.requirements.model.cucumber.CucumberParser - Added feature [MusicLab-API] Delete Feature Instrument

09:15:25.871 [pool-4-thread-11] DEBUG net.thucydides.core.requirements.model.cucumber.CucumberParser - Added feature [MusicLab-API] Put Feature Mentors

09:15:25.871 [pool-4-thread-12] DEBUG net.thucydides.core.requirements.model.cucumber.CucumberParser - Added feature [MusicLab-API] Put Feature Mentors

09:15:25.872 [pool-4-thread-7] DEBUG net.thucydides.core.requirements.model.cucumber.CucumberParser - Added feature [MusicLab-API] Put Feature Mentors

09:15:25.873 [pool-4-thread-12] DEBUG net.thucydides.core.requirements.model.cucumber.CucumberParser - Added feature [MusicLab-API] Put Feature Mentors

09:15:25.874 [pool-4-thread-11] DEBUG net.thucydides.core.requirements.model.cucumber.CucumberParser - Added feature [MusicLab-API] Delete Feature Mentors

09:15:25.876 [pool-4-thread-7] DEBUG net.thucydides.core.requirements.model.cucumber.CucumberParser - Added feature [MusicLab-API] Put Feature Mentors

09:15:25.877 [pool-4-thread-11] DEBUG net.thucydides.core.requirements.model.cucumber.CucumberParser - Added feature [MusicLab-API] Delete Feature Mentors

09:15:25.879 [pool-4-thread-4] DEBUG net.thucydides.core.requirements.model.cucumber.CucumberParser - Added feature [MusicLab-API] Post Feature Mentors

09:15:25.879 [pool-4-thread-12] DEBUG net.thucydides.core.requirements.model.cucumber.CucumberParser - Added feature [MusicLab-API] Put Feature Mentors

09:15:25.879 [pool-4-thread-6] DEBUG net.thucydides.core.requirements.model.cucumber.CucumberParser - Added feature [MusicLab-API] Get Feature Mentors

09:15:25.881 [pool-4-thread-7] DEBUG net.thucydides.core.requirements.model.cucumber.CucumberParser - Added feature [MusicLab-API] Put Feature Mentors

09:15:25.881 [pool-4-thread-12] DEBUG net.thucydides.core.requirements.model.cucumber.CucumberParser - Added feature [MusicLab-API] Put Feature Mentors

09:15:25.883 [pool-4-thread-6] DEBUG net.thucydides.core.requirements.model.cucumber.CucumberParser - Added feature [MusicLab-API] Get Feature Mentors

09:15:25.883 [pool-4-thread-12] DEBUG net.thucydides.core.requirements.model.cucumber.CucumberParser - Added feature [MusicLab-API] Delete Feature Mentors

09:15:25.883 [pool-4-thread-7] DEBUG net.thucydides.core.requirements.model.cucumber.CucumberParser - Added feature [MusicLab-API] Delete Feature Mentors

09:15:25.886 [pool-4-thread-1] DEBUG net.thucydides.core.requirements.model.cucumber.CucumberParser - Added feature [MusicLab-API] Get Feature Mentors

09:15:25.888 [pool-4-thread-7] DEBUG net.thucydides.core.requirements.model.cucumber.CucumberParser - Added feature [MusicLab-API] Delete Feature Mentors

09:15:25.888 [pool-4-thread-4] DEBUG net.thucydides.core.requirements.model.cucumber.CucumberParser - Added feature [MusicLab-API] Put Feature Mentors

09:15:25.889 [pool-4-thread-10] DEBUG net.thucydides.core.requirements.model.cucumber.CucumberParser - Added feature Music Lab API Automation Testing

09:15:25.892 [pool-4-thread-1] DEBUG net.thucydides.core.requirements.model.cucumber.CucumberParser - Added feature [MusicLab-API] Get Feature Mentors

09:15:25.897 [pool-4-thread-6] DEBUG net.thucydides.core.requirements.model.cucumber.CucumberParser - Added feature [MusicLab-API] Get Feature Mentors

09:15:25.898 [pool-4-thread-4] DEBUG net.thucydides.core.requirements.model.cucumber.CucumberParser - Added feature [MusicLab-API] Put Feature Mentors

09:15:25.899 [pool-4-thread-1] DEBUG net.thucydides.core.requirements.model.cucumber.CucumberParser - Added feature [MusicLab-API] Get Feature Mentors

09:15:25.900 [pool-4-thread-6] DEBUG net.thucydides.core.requirements.model.cucumber.CucumberParser - Added feature [MusicLab-API] Get Feature Mentors

09:15:25.901 [pool-4-thread-4] DEBUG net.thucydides.core.requirements.model.cucumber.CucumberParser - Added feature [MusicLab-API] Put Feature Mentors

09:15:25.903 [pool-4-thread-3] DEBUG net.thucydides.core.requirements.model.cucumber.CucumberParser - Added feature [MusicLab-API] Get Feature Instrument

09:15:25.903 [pool-4-thread-4] DEBUG net.thucydides.core.requirements.model.cucumber.CucumberParser - Added feature [MusicLab-API] Put Feature Mentors

09:15:25.904 [pool-4-thread-2] DEBUG net.thucydides.core.requirements.model.cucumber.CucumberParser - Added feature Music Lab API Automation Testing

09:15:25.904 [pool-4-thread-12] DEBUG net.thucydides.core.requirements.model.cucumber.CucumberParser - Added feature [MusicLab-API] Delete Feature Mentors

09:15:25.906 [pool-4-thread-3] DEBUG net.thucydides.core.requirements.model.cucumber.CucumberParser - Added feature [MusicLab-API] Get Feature Instrument

09:15:25.906 [pool-4-thread-4] DEBUG net.thucydides.core.requirements.model.cucumber.CucumberParser - Added feature [MusicLab-API] Delete Feature Mentors

09:15:25.907 [pool-4-thread-2] DEBUG net.thucydides.core.requirements.model.cucumber.CucumberParser - Added feature Music Lab API Automation Testing

09:15:25.907 [pool-4-thread-8] DEBUG net.thucydides.core.requirements.model.cucumber.CucumberParser - Added feature [MusicLab-API] Get Feature Mentors

09:15:25.907 [pool-4-thread-3] DEBUG net.thucydides.core.requirements.model.cucumber.CucumberParser - Added feature [MusicLab-API] Get Feature Instrument

09:15:25.908 [pool-4-thread-4] DEBUG net.thucydides.core.requirements.model.cucumber.CucumberParser - Added feature [MusicLab-API] Delete Feature Mentors

09:15:25.910 [pool-4-thread-2] DEBUG net.thucydides.core.requirements.model.cucumber.CucumberParser - Added feature Music Lab API Automation Testing

09:15:25.912 [pool-4-thread-3] DEBUG net.thucydides.core.requirements.model.cucumber.CucumberParser - Added feature [MusicLab-API] Post Feature Instrument

09:15:25.914 [pool-4-thread-1] DEBUG net.thucydides.core.requirements.model.cucumber.CucumberParser - Added feature [MusicLab-API] Get Feature Mentors

09:15:25.919 [pool-4-thread-1] DEBUG net.thucydides.core.requirements.model.cucumber.CucumberParser - Added feature [MusicLab-API] Post Feature Mentors

09:15:25.920 [pool-4-thread-8] DEBUG net.thucydides.core.requirements.model.cucumber.CucumberParser - Added feature [MusicLab-API] Get Feature Mentors

09:15:25.919 [pool-4-thread-6] DEBUG net.thucydides.core.requirements.model.cucumber.CucumberParser - Added feature [MusicLab-API] Post Feature Mentors

09:15:25.924 [pool-4-thread-10] DEBUG net.thucydides.core.requirements.model.cucumber.CucumberParser - Added feature Music Lab API Automation Testing

09:15:25.924 [pool-4-thread-8] DEBUG net.thucydides.core.requirements.model.cucumber.CucumberParser - Added feature [MusicLab-API] Get Feature Mentors

09:15:25.928 [pool-4-thread-2] DEBUG net.thucydides.core.requirements.model.cucumber.CucumberParser - Added feature Music Lab API Automation Testing

09:15:25.931 [pool-4-thread-5] DEBUG net.thucydides.core.requirements.model.cucumber.CucumberParser - Added feature MusicLab API Automation Testing Capstone Project

09:15:25.933 [pool-4-thread-10] DEBUG net.thucydides.core.requirements.model.cucumber.CucumberParser - Added feature Music Lab API Automation Testing

09:15:25.933 [pool-4-thread-6] DEBUG net.thucydides.core.requirements.model.cucumber.CucumberParser - Added feature [MusicLab-API] Post Feature Mentors

09:15:25.940 [pool-4-thread-6] DEBUG net.thucydides.core.requirements.model.cucumber.CucumberParser - Added feature [MusicLab-API] Put Feature Mentors

09:15:25.940 [pool-4-thread-1] DEBUG net.thucydides.core.requirements.model.cucumber.CucumberParser - Added feature [MusicLab-API] Post Feature Mentors

09:15:25.942 [pool-4-thread-11] DEBUG net.thucydides.core.requirements.model.cucumber.CucumberParser - Added feature [MusicLab-API] Get Feature Review

09:15:25.943 [pool-4-thread-10] DEBUG net.thucydides.core.requirements.model.cucumber.CucumberParser - Added feature Music Lab API Automation Testing

09:15:25.943 [pool-4-thread-7] DEBUG net.thucydides.core.requirements.model.cucumber.CucumberParser - Added feature [MusicLab-API] Get Feature Review

09:15:25.942 [pool-4-thread-1] DEBUG net.thucydides.core.requirements.model.cucumber.CucumberParser - Added feature [MusicLab-API] Put Feature Mentors

09:15:25.946 [pool-4-thread-12] DEBUG net.thucydides.core.requirements.model.cucumber.CucumberParser - Added feature [MusicLab-API] Get Feature Review

09:15:25.947 [pool-4-thread-1] DEBUG net.thucydides.core.requirements.model.cucumber.CucumberParser - Added feature [MusicLab-API] Put Feature Mentors

09:15:25.947 [pool-4-thread-5] DEBUG net.thucydides.core.requirements.model.cucumber.CucumberParser - Added feature Get Mentor Transaction

09:15:25.948 [pool-4-thread-12] DEBUG net.thucydides.core.requirements.model.cucumber.CucumberParser - Added feature [MusicLab-API] Post Feature Review

09:15:25.948 [pool-4-thread-9] DEBUG net.thucydides.core.requirements.model.cucumber.CucumberParser - Added feature [MusicLab-API] Get Feature Mentors

09:15:25.948 [pool-4-thread-7] DEBUG net.thucydides.core.requirements.model.cucumber.CucumberParser - Added feature [MusicLab-API] Post Feature Review

09:15:25.949 [pool-4-thread-12] DEBUG net.thucydides.core.requirements.model.cucumber.CucumberParser - Added feature [MusicLab-API] Post Feature Review

09:15:25.949 [pool-4-thread-5] DEBUG net.thucydides.core.requirements.model.cucumber.CucumberParser - Added feature Get Student Transaction

09:15:25.949 [pool-4-thread-6] DEBUG net.thucydides.core.requirements.model.cucumber.CucumberParser - Added feature [MusicLab-API] Put Feature Mentors

09:15:25.950 [pool-4-thread-8] DEBUG net.thucydides.core.requirements.model.cucumber.CucumberParser - Added feature [MusicLab-API] Post Feature Mentors

09:15:25.951 [pool-4-thread-2] DEBUG net.thucydides.core.requirements.model.cucumber.CucumberParser - Added feature MusicLab API Automation Testing Capstone Project

09:15:25.952 [pool-4-thread-3] DEBUG net.thucydides.core.requirements.model.cucumber.CucumberParser - Added feature [MusicLab-API] Post Feature Instrument

09:15:25.953 [pool-4-thread-5] DEBUG net.thucydides.core.requirements.model.cucumber.CucumberParser - Added feature Post Create Transaction

09:15:25.953 [pool-4-thread-3] DEBUG net.thucydides.core.requirements.model.cucumber.CucumberParser - Added feature [MusicLab-API] Delete Feature Instrument

09:15:25.954 [pool-4-thread-10] DEBUG net.thucydides.core.requirements.model.cucumber.CucumberParser - Added feature MusicLab API Automation Testing Capstone Project

09:15:25.955 [pool-4-thread-1] DEBUG net.thucydides.core.requirements.model.cucumber.CucumberParser - Added feature [MusicLab-API] Put Feature Mentors

09:15:25.956 [pool-4-thread-3] DEBUG net.thucydides.core.requirements.model.cucumber.CucumberParser - Added feature [MusicLab-API] Delete Feature Instrument

09:15:25.956 [pool-4-thread-11] DEBUG net.thucydides.core.requirements.model.cucumber.CucumberParser - Added feature [MusicLab-API] Post Feature Review

09:15:25.957 [pool-4-thread-1] DEBUG net.thucydides.core.requirements.model.cucumber.CucumberParser - Added feature [MusicLab-API] Put Feature Mentors

09:15:25.958 [pool-4-thread-11] DEBUG net.thucydides.core.requirements.model.cucumber.CucumberParser - Added feature [MusicLab-API] Post Feature Review

09:15:25.960 [pool-4-thread-1] DEBUG net.thucydides.core.requirements.model.cucumber.CucumberParser - Added feature [MusicLab-API] Delete Feature Mentors

09:15:25.961 [pool-4-thread-4] DEBUG net.thucydides.core.requirements.model.cucumber.CucumberParser - Added feature [MusicLab-API] Get Feature Review

09:15:25.961 [pool-4-thread-9] DEBUG net.thucydides.core.requirements.model.cucumber.CucumberParser - Added feature [MusicLab-API] Get Feature Mentors

09:15:25.966 [pool-4-thread-7] DEBUG net.thucydides.core.requirements.model.cucumber.CucumberParser - Added feature [MusicLab-API] Post Feature Review

09:15:25.968 [pool-4-thread-8] DEBUG net.thucydides.core.requirements.model.cucumber.CucumberParser - Added feature [MusicLab-API] Post Feature Mentors

09:15:25.968 [pool-4-thread-6] DEBUG net.thucydides.core.requirements.model.cucumber.CucumberParser - Added feature [MusicLab-API] Put Feature Mentors

09:15:25.969 [pool-4-thread-4] DEBUG net.thucydides.core.requirements.model.cucumber.CucumberParser - Added feature [MusicLab-API] Post Feature Review

09:15:25.971 [pool-4-thread-12] DEBUG net.thucydides.core.requirements.model.cucumber.CucumberParser - Added feature Music Lab API Automation Testing

09:15:25.972 [pool-4-thread-6] DEBUG net.thucydides.core.requirements.model.cucumber.CucumberParser - Added feature [MusicLab-API] Put Feature Mentors

09:15:25.972 [pool-4-thread-8] DEBUG net.thucydides.core.requirements.model.cucumber.CucumberParser - Added feature [MusicLab-API] Put Feature Mentors

09:15:25.973 [pool-4-thread-4] DEBUG net.thucydides.core.requirements.model.cucumber.CucumberParser - Added feature [MusicLab-API] Post Feature Review

09:15:25.973 [pool-4-thread-12] DEBUG net.thucydides.core.requirements.model.cucumber.CucumberParser - Added feature Music Lab API Automation Testing

09:15:25.973 [pool-4-thread-9] DEBUG net.thucydides.core.requirements.model.cucumber.CucumberParser - Added feature [MusicLab-API] Get Feature Mentors

09:15:25.974 [pool-4-thread-6] DEBUG net.thucydides.core.requirements.model.cucumber.CucumberParser - Added feature [MusicLab-API] Delete Feature Mentors

09:15:25.975 [pool-4-thread-8] DEBUG net.thucydides.core.requirements.model.cucumber.CucumberParser - Added feature [MusicLab-API] Put Feature Mentors

09:15:25.975 [pool-4-thread-6] DEBUG net.thucydides.core.requirements.model.cucumber.CucumberParser - Added feature [MusicLab-API] Delete Feature Mentors

09:15:25.976 [pool-4-thread-9] DEBUG net.thucydides.core.requirements.model.cucumber.CucumberParser - Added feature [MusicLab-API] Get Feature Mentors

09:15:25.974 [pool-4-thread-1] DEBUG net.thucydides.core.requirements.model.cucumber.CucumberParser - Added feature [MusicLab-API] Delete Feature Mentors

09:15:25.978 [pool-4-thread-12] DEBUG net.thucydides.core.requirements.model.cucumber.CucumberParser - Added feature Music Lab API Automation Testing

09:15:25.978 [pool-4-thread-8] DEBUG net.thucydides.core.requirements.model.cucumber.CucumberParser - Added feature [MusicLab-API] Put Feature Mentors

09:15:25.980 [pool-4-thread-8] DEBUG net.thucydides.core.requirements.model.cucumber.CucumberParser - Added feature [MusicLab-API] Put Feature Mentors

09:15:25.980 [pool-4-thread-9] DEBUG net.thucydides.core.requirements.model.cucumber.CucumberParser - Added feature [MusicLab-API] Post Feature Mentors

09:15:25.983 [pool-4-thread-9] DEBUG net.thucydides.core.requirements.model.cucumber.CucumberParser - Added feature [MusicLab-API] Post Feature Mentors

09:15:25.983 [pool-4-thread-8] DEBUG net.thucydides.core.requirements.model.cucumber.CucumberParser - Added feature [MusicLab-API] Delete Feature Mentors

09:15:25.984 [pool-4-thread-12] DEBUG net.thucydides.core.requirements.model.cucumber.CucumberParser - Added feature Music Lab API Automation Testing

09:15:25.987 [pool-4-thread-8] DEBUG net.thucydides.core.requirements.model.cucumber.CucumberParser - Added feature [MusicLab-API] Delete Feature Mentors

09:15:25.991 [pool-4-thread-11] DEBUG net.thucydides.core.requirements.model.cucumber.CucumberParser - Added feature Music Lab API Automation Testing

09:15:25.992 [pool-4-thread-9] DEBUG net.thucydides.core.requirements.model.cucumber.CucumberParser - Added feature [MusicLab-API] Put Feature Mentors

09:15:25.995 [pool-4-thread-11] DEBUG net.thucydides.core.requirements.model.cucumber.CucumberParser - Added feature Music Lab API Automation Testing

09:15:25.995 [pool-4-thread-9] DEBUG net.thucydides.core.requirements.model.cucumber.CucumberParser - Added feature [MusicLab-API] Put Feature Mentors

09:15:25.998 [pool-4-thread-11] DEBUG net.thucydides.core.requirements.model.cucumber.CucumberParser - Added feature Music Lab API Automation Testing

09:15:26.002 [pool-4-thread-3] DEBUG net.thucydides.core.requirements.model.cucumber.CucumberParser - Added feature [MusicLab-API] Get Feature Mentors

09:15:26.002 [pool-4-thread-9] DEBUG net.thucydides.core.requirements.model.cucumber.CucumberParser - Added feature [MusicLab-API] Put Feature Mentors

09:15:26.002 [pool-4-thread-4] DEBUG net.thucydides.core.requirements.model.cucumber.CucumberParser - Added feature Music Lab API Automation Testing

09:15:26.003 [pool-4-thread-6] DEBUG net.thucydides.core.requirements.model.cucumber.CucumberParser - Added feature [MusicLab-API] Get Feature Review

09:15:26.003 [pool-4-thread-10] DEBUG net.thucydides.core.requirements.model.cucumber.CucumberParser - Added feature Get Mentor Transaction

09:15:26.004 [pool-4-thread-6] DEBUG net.thucydides.core.requirements.model.cucumber.CucumberParser - Added feature [MusicLab-API] Post Feature Review

09:15:26.005 [pool-4-thread-10] DEBUG net.thucydides.core.requirements.model.cucumber.CucumberParser - Added feature Get Student Transaction

09:15:26.005 [pool-4-thread-4] DEBUG net.thucydides.core.requirements.model.cucumber.CucumberParser - Added feature Music Lab API Automation Testing

09:15:26.006 [pool-4-thread-6] DEBUG net.thucydides.core.requirements.model.cucumber.CucumberParser - Added feature [MusicLab-API] Post Feature Review

09:15:26.006 [pool-4-thread-3] DEBUG net.thucydides.core.requirements.model.cucumber.CucumberParser - Added feature [MusicLab-API] Get Feature Mentors

09:15:26.006 [pool-4-thread-12] DEBUG net.thucydides.core.requirements.model.cucumber.CucumberParser - Added feature MusicLab API Automation Testing Capstone Project

09:15:26.008 [pool-4-thread-4] DEBUG net.thucydides.core.requirements.model.cucumber.CucumberParser - Added feature Music Lab API Automation Testing

09:15:26.011 [pool-4-thread-10] DEBUG net.thucydides.core.requirements.model.cucumber.CucumberParser - Added feature Post Create Transaction

09:15:26.011 [pool-4-thread-7] DEBUG net.thucydides.core.requirements.model.cucumber.CucumberParser - Added feature Music Lab API Automation Testing

09:15:26.013 [pool-4-thread-4] DEBUG net.thucydides.core.requirements.model.cucumber.CucumberParser - Added feature Music Lab API Automation Testing

09:15:26.015 [pool-4-thread-9] DEBUG net.thucydides.core.requirements.model.cucumber.CucumberParser - Added feature [MusicLab-API] Put Feature Mentors

09:15:26.015 [pool-4-thread-11] DEBUG net.thucydides.core.requirements.model.cucumber.CucumberParser - Added feature Music Lab API Automation Testing

09:15:26.016 [pool-4-thread-3] DEBUG net.thucydides.core.requirements.model.cucumber.CucumberParser - Added feature [MusicLab-API] Get Feature Mentors

09:15:26.018 [pool-4-thread-3] DEBUG net.thucydides.core.requirements.model.cucumber.CucumberParser - Added feature [MusicLab-API] Get Feature Mentors

09:15:26.018 [pool-4-thread-9] DEBUG net.thucydides.core.requirements.model.cucumber.CucumberParser - Added feature [MusicLab-API] Delete Feature Mentors

09:15:26.018 [pool-4-thread-7] DEBUG net.thucydides.core.requirements.model.cucumber.CucumberParser - Added feature Music Lab API Automation Testing

09:15:26.019 [pool-4-thread-9] DEBUG net.thucydides.core.requirements.model.cucumber.CucumberParser - Added feature [MusicLab-API] Delete Feature Mentors

09:15:26.019 [pool-4-thread-3] DEBUG net.thucydides.core.requirements.model.cucumber.CucumberParser - Added feature [MusicLab-API] Post Feature Mentors

09:15:26.019 [pool-4-thread-12] DEBUG net.thucydides.core.requirements.model.cucumber.CucumberParser - Added feature Get Mentor Transaction

09:15:26.020 [pool-4-thread-6] DEBUG net.thucydides.core.requirements.model.cucumber.CucumberParser - Added feature Music Lab API Automation Testing

09:15:26.021 [pool-4-thread-3] DEBUG net.thucydides.core.requirements.model.cucumber.CucumberParser - Added feature [MusicLab-API] Post Feature Mentors

09:15:26.021 [pool-4-thread-7] DEBUG net.thucydides.core.requirements.model.cucumber.CucumberParser - Added feature Music Lab API Automation Testing

09:15:26.025 [pool-4-thread-12] DEBUG net.thucydides.core.requirements.model.cucumber.CucumberParser - Added feature Get Student Transaction

09:15:26.026 [pool-4-thread-6] DEBUG net.thucydides.core.requirements.model.cucumber.CucumberParser - Added feature Music Lab API Automation Testing

09:15:26.026 [pool-4-thread-3] DEBUG net.thucydides.core.requirements.model.cucumber.CucumberParser - Added feature [MusicLab-API] Put Feature Mentors

09:15:26.028 [pool-4-thread-6] DEBUG net.thucydides.core.requirements.model.cucumber.CucumberParser - Added feature Music Lab API Automation Testing

09:15:26.028 [pool-4-thread-8] DEBUG net.thucydides.core.requirements.model.cucumber.CucumberParser - Added feature [MusicLab-API] Get Feature Review

09:15:26.028 [pool-4-thread-3] DEBUG net.thucydides.core.requirements.model.cucumber.CucumberParser - Added feature [MusicLab-API] Put Feature Mentors

09:15:26.028 [pool-4-thread-7] DEBUG net.thucydides.core.requirements.model.cucumber.CucumberParser - Added feature Music Lab API Automation Testing

09:15:26.031 [pool-4-thread-1] DEBUG net.thucydides.core.requirements.model.cucumber.CucumberParser - Added feature [MusicLab-API] Get Feature Review

09:15:26.031 [pool-4-thread-12] DEBUG net.thucydides.core.requirements.model.cucumber.CucumberParser - Added feature Post Create Transaction

09:15:26.032 [pool-4-thread-6] DEBUG net.thucydides.core.requirements.model.cucumber.CucumberParser - Added feature Music Lab API Automation Testing

09:15:26.034 [pool-4-thread-1] DEBUG net.thucydides.core.requirements.model.cucumber.CucumberParser - Added feature [MusicLab-API] Post Feature Review

09:15:26.034 [pool-4-thread-8] DEBUG net.thucydides.core.requirements.model.cucumber.CucumberParser - Added feature [MusicLab-API] Post Feature Review

09:15:26.041 [pool-4-thread-8] DEBUG net.thucydides.core.requirements.model.cucumber.CucumberParser - Added feature [MusicLab-API] Post Feature Review

09:15:26.043 [pool-4-thread-1] DEBUG net.thucydides.core.requirements.model.cucumber.CucumberParser - Added feature [MusicLab-API] Post Feature Review

09:15:26.049 [pool-4-thread-11] DEBUG net.thucydides.core.requirements.model.cucumber.CucumberParser - Added feature MusicLab API Automation Testing Capstone Project

09:15:26.051 [pool-4-thread-6] DEBUG net.thucydides.core.requirements.model.cucumber.CucumberParser - Added feature MusicLab API Automation Testing Capstone Project

09:15:26.051 [pool-4-thread-4] DEBUG net.thucydides.core.requirements.model.cucumber.CucumberParser - Added feature MusicLab API Automation Testing Capstone Project

09:15:26.054 [pool-4-thread-7] DEBUG net.thucydides.core.requirements.model.cucumber.CucumberParser - Added feature MusicLab API Automation Testing Capstone Project

09:15:26.055 [pool-4-thread-9] DEBUG net.thucydides.core.requirements.model.cucumber.CucumberParser - Added feature [MusicLab-API] Get Feature Review

09:15:26.061 [pool-4-thread-9] DEBUG net.thucydides.core.requirements.model.cucumber.CucumberParser - Added feature [MusicLab-API] Post Feature Review

09:15:26.069 [pool-4-thread-8] DEBUG net.thucydides.core.requirements.model.cucumber.CucumberParser - Added feature Music Lab API Automation Testing

09:15:26.070 [pool-4-thread-1] DEBUG net.thucydides.core.requirements.model.cucumber.CucumberParser - Added feature Music Lab API Automation Testing

09:15:26.073 [pool-4-thread-9] DEBUG net.thucydides.core.requirements.model.cucumber.CucumberParser - Added feature [MusicLab-API] Post Feature Review

09:15:26.074 [pool-4-thread-1] DEBUG net.thucydides.core.requirements.model.cucumber.CucumberParser - Added feature Music Lab API Automation Testing

09:15:26.075 [pool-4-thread-7] DEBUG net.thucydides.core.requirements.model.cucumber.CucumberParser - Added feature Get Mentor Transaction

09:15:26.077 [pool-4-thread-1] DEBUG net.thucydides.core.requirements.model.cucumber.CucumberParser - Added feature Music Lab API Automation Testing

09:15:26.078 [pool-4-thread-8] DEBUG net.thucydides.core.requirements.model.cucumber.CucumberParser - Added feature Music Lab API Automation Testing

09:15:26.078 [pool-4-thread-7] DEBUG net.thucydides.core.requirements.model.cucumber.CucumberParser - Added feature Get Student Transaction

09:15:26.082 [pool-4-thread-8] DEBUG net.thucydides.core.requirements.model.cucumber.CucumberParser - Added feature Music Lab API Automation Testing

09:15:26.083 [pool-4-thread-11] DEBUG net.thucydides.core.requirements.model.cucumber.CucumberParser - Added feature Get Mentor Transaction

09:15:26.085 [pool-4-thread-1] DEBUG net.thucydides.core.requirements.model.cucumber.CucumberParser - Added feature Music Lab API Automation Testing

09:15:26.086 [pool-4-thread-7] DEBUG net.thucydides.core.requirements.model.cucumber.CucumberParser - Added feature Post Create Transaction

09:15:26.087 [pool-4-thread-8] DEBUG net.thucydides.core.requirements.model.cucumber.CucumberParser - Added feature Music Lab API Automation Testing

09:15:26.090 [pool-4-thread-11] DEBUG net.thucydides.core.requirements.model.cucumber.CucumberParser - Added feature Get Student Transaction

09:15:26.093 [pool-4-thread-2] DEBUG net.thucydides.core.requirements.model.cucumber.CucumberParser - Added feature Get Mentor Transaction

09:15:26.094 [pool-4-thread-3] DEBUG net.thucydides.core.requirements.model.cucumber.CucumberParser - Added feature [MusicLab-API] Put Feature Mentors

09:15:26.099 [pool-4-thread-6] DEBUG net.thucydides.core.requirements.model.cucumber.CucumberParser - Added feature Get Mentor Transaction

09:15:26.100 [pool-4-thread-2] DEBUG net.thucydides.core.requirements.model.cucumber.CucumberParser - Added feature Get Student Transaction

09:15:26.102 [pool-4-thread-3] DEBUG net.thucydides.core.requirements.model.cucumber.CucumberParser - Added feature [MusicLab-API] Put Feature Mentors

09:15:26.103 [pool-4-thread-4] DEBUG net.thucydides.core.requirements.model.cucumber.CucumberParser - Added feature Get Mentor Transaction

09:15:26.103 [pool-4-thread-6] DEBUG net.thucydides.core.requirements.model.cucumber.CucumberParser - Added feature Get Student Transaction

09:15:26.104 [pool-4-thread-2] DEBUG net.thucydides.core.requirements.model.cucumber.CucumberParser - Added feature Post Create Transaction

09:15:26.104 [pool-4-thread-4] DEBUG net.thucydides.core.requirements.model.cucumber.CucumberParser - Added feature Get Student Transaction

09:15:26.105 [pool-4-thread-11] DEBUG net.thucydides.core.requirements.model.cucumber.CucumberParser - Added feature Post Create Transaction

09:15:26.107 [pool-4-thread-6] DEBUG net.thucydides.core.requirements.model.cucumber.CucumberParser - Added feature Post Create Transaction

09:15:26.107 [pool-4-thread-8] DEBUG net.thucydides.core.requirements.model.cucumber.CucumberParser - Added feature MusicLab API Automation Testing Capstone Project

09:15:26.108 [pool-4-thread-3] DEBUG net.thucydides.core.requirements.model.cucumber.CucumberParser - Added feature [MusicLab-API] Delete Feature Mentors

09:15:26.109 [pool-4-thread-4] DEBUG net.thucydides.core.requirements.model.cucumber.CucumberParser - Added feature Post Create Transaction

09:15:26.110 [pool-4-thread-3] DEBUG net.thucydides.core.requirements.model.cucumber.CucumberParser - Added feature [MusicLab-API] Delete Feature Mentors

09:15:26.113 [pool-4-thread-1] DEBUG net.thucydides.core.requirements.model.cucumber.CucumberParser - Added feature MusicLab API Automation Testing Capstone Project

09:15:26.125 [pool-4-thread-8] DEBUG net.thucydides.core.requirements.model.cucumber.CucumberParser - Added feature Get Mentor Transaction

09:15:26.129 [pool-4-thread-8] DEBUG net.thucydides.core.requirements.model.cucumber.CucumberParser - Added feature Get Student Transaction

09:15:26.132 [pool-4-thread-3] DEBUG net.thucydides.core.requirements.model.cucumber.CucumberParser - Added feature [MusicLab-API] Get Feature Review

09:15:26.135 [pool-4-thread-3] DEBUG net.thucydides.core.requirements.model.cucumber.CucumberParser - Added feature [MusicLab-API] Post Feature Review

09:15:26.135 [pool-4-thread-8] DEBUG net.thucydides.core.requirements.model.cucumber.CucumberParser - Added feature Post Create Transaction

09:15:26.135 [pool-4-thread-1] DEBUG net.thucydides.core.requirements.model.cucumber.CucumberParser - Added feature Get Mentor Transaction

09:15:26.138 [pool-4-thread-9] DEBUG net.thucydides.core.requirements.model.cucumber.CucumberParser - Added feature Music Lab API Automation Testing

09:15:26.139 [pool-4-thread-3] DEBUG net.thucydides.core.requirements.model.cucumber.CucumberParser - Added feature [MusicLab-API] Post Feature Review

09:15:26.140 [pool-4-thread-1] DEBUG net.thucydides.core.requirements.model.cucumber.CucumberParser - Added feature Get Student Transaction

09:15:26.141 [pool-4-thread-9] DEBUG net.thucydides.core.requirements.model.cucumber.CucumberParser - Added feature Music Lab API Automation Testing

09:15:26.143 [pool-4-thread-9] DEBUG net.thucydides.core.requirements.model.cucumber.CucumberParser - Added feature Music Lab API Automation Testing

09:15:26.144 [pool-4-thread-1] DEBUG net.thucydides.core.requirements.model.cucumber.CucumberParser - Added feature Post Create Transaction

09:15:26.146 [pool-4-thread-9] DEBUG net.thucydides.core.requirements.model.cucumber.CucumberParser - Added feature Music Lab API Automation Testing

09:15:26.163 [pool-4-thread-3] DEBUG net.thucydides.core.requirements.model.cucumber.CucumberParser - Added feature Music Lab API Automation Testing

09:15:26.167 [pool-4-thread-9] DEBUG net.thucydides.core.requirements.model.cucumber.CucumberParser - Added feature MusicLab API Automation Testing Capstone Project

09:15:26.167 [pool-4-thread-3] DEBUG net.thucydides.core.requirements.model.cucumber.CucumberParser - Added feature Music Lab API Automation Testing

09:15:26.171 [pool-4-thread-3] DEBUG net.thucydides.core.requirements.model.cucumber.CucumberParser - Added feature Music Lab API Automation Testing

09:15:26.175 [pool-4-thread-3] DEBUG net.thucydides.core.requirements.model.cucumber.CucumberParser - Added feature Music Lab API Automation Testing

09:15:26.187 [pool-4-thread-9] DEBUG net.thucydides.core.requirements.model.cucumber.CucumberParser - Added feature Get Mentor Transaction

09:15:26.192 [pool-4-thread-9] DEBUG net.thucydides.core.requirements.model.cucumber.CucumberParser - Added feature Get Student Transaction

09:15:26.199 [pool-4-thread-3] DEBUG net.thucydides.core.requirements.model.cucumber.CucumberParser - Added feature MusicLab API Automation Testing Capstone Project

09:15:26.199 [pool-4-thread-9] DEBUG net.thucydides.core.requirements.model.cucumber.CucumberParser - Added feature Post Create Transaction

09:15:26.208 [pool-4-thread-8] DEBUG net.thucydides.core.requirements.BaseRequirementsService - Requirement found for test outcome Register mentor with existing json-[]: Optional[Requirement{name='Register mentor', type='feature' parent = 'Auth', cardNumber='null'}]

09:15:26.208 [pool-4-thread-1] DEBUG net.thucydides.core.requirements.BaseRequirementsService - Requirement found for test outcome Login mentor valid json-[]: Optional[Requirement{name='Login mentor', type='feature' parent = 'Auth', cardNumber='null'}]

09:15:26.209 [pool-4-thread-12] DEBUG net.thucydides.core.requirements.BaseRequirementsService - Requirement found for test outcome Register student with existing json-[]: Optional[Requirement{name='Register student', type='feature' parent = 'Auth', cardNumber='null'}]

09:15:26.209 [pool-4-thread-11] DEBUG net.thucydides.core.requirements.BaseRequirementsService - Requirement found for test outcome Register student valid data-[]: Optional[Requirement{name='Register student', type='feature' parent = 'Auth', cardNumber='null'}]

09:15:26.211 [pool-4-thread-2] DEBUG net.thucydides.core.requirements.BaseRequirementsService - Requirement found for test outcome Login mentor invalid json-[]: Optional[Requirement{name='Login mentor', type='feature' parent = 'Auth', cardNumber='null'}]

09:15:26.211 [pool-4-thread-5] DEBUG net.thucydides.core.requirements.BaseRequirementsService - Requirement found for test outcome Login student invalid json-[]: Optional[Requirement{name='Login mentor', type='feature' parent = 'Auth', cardNumber='null'}]

09:15:26.211 [pool-4-thread-2] DEBUG net.thucydides.core.requirements.BaseRequirementsService - Requirement found for test outcome Login mentor invalid json-[]: Optional[Requirement{name='Login mentor', type='feature' parent = 'Auth', cardNumber='null'}]

09:15:26.211 [pool-4-thread-8] DEBUG net.thucydides.core.requirements.BaseRequirementsService - Requirement found for test outcome Register mentor with existing json-[]: Optional[Requirement{name='Register mentor', type='feature' parent = 'Auth', cardNumber='null'}]

09:15:26.211 [pool-4-thread-4] DEBUG net.thucydides.core.requirements.BaseRequirementsService - Requirement found for test outcome Login student valid json-[]: Optional[Requirement{name='Login mentor', type='feature' parent = 'Auth', cardNumber='null'}]

09:15:26.212 [pool-4-thread-6] DEBUG net.thucydides.core.requirements.BaseRequirementsService - Requirement found for test outcome Login student blank json-[]: Optional[Requirement{name='Login mentor', type='feature' parent = 'Auth', cardNumber='null'}]

09:15:26.212 [pool-4-thread-9] DEBUG net.thucydides.core.requirements.BaseRequirementsService - Requirement found for test outcome Register mentor with invalid json-[]: Optional[Requirement{name='Register mentor', type='feature' parent = 'Auth', cardNumber='null'}]

09:15:26.213 [pool-4-thread-9] DEBUG net.thucydides.core.requirements.BaseRequirementsService - Requirement found for test outcome Register mentor with invalid json-[]: Optional[Requirement{name='Register mentor', type='feature' parent = 'Auth', cardNumber='null'}]

09:15:26.213 [pool-4-thread-7] DEBUG net.thucydides.core.requirements.BaseRequirementsService - Requirement found for test outcome Register mentor valid json-[]: Optional[Requirement{name='Register mentor', type='feature' parent = 'Auth', cardNumber='null'}]

09:15:26.213 [pool-4-thread-5] DEBUG net.thucydides.core.requirements.BaseRequirementsService - Requirement found for test outcome Login student invalid json-[]: Optional[Requirement{name='Login mentor', type='feature' parent = 'Auth', cardNumber='null'}]

09:15:26.213 [pool-4-thread-7] DEBUG net.thucydides.core.requirements.BaseRequirementsService - Requirement found for test outcome Register mentor valid json-[]: Optional[Requirement{name='Register mentor', type='feature' parent = 'Auth', cardNumber='null'}]

09:15:26.213 [pool-4-thread-3] DEBUG net.thucydides.core.requirements.model.cucumber.CucumberParser - Added feature Get Mentor Transaction

09:15:26.217 [pool-4-thread-4] DEBUG net.thucydides.core.requirements.BaseRequirementsService - Requirement found for test outcome Login student valid json-[]: Optional[Requirement{name='Login mentor', type='feature' parent = 'Auth', cardNumber='null'}]

09:15:26.217 [pool-4-thread-12] DEBUG net.thucydides.core.requirements.BaseRequirementsService - Requirement found for test outcome Register student with existing json-[]: Optional[Requirement{name='Register student', type='feature' parent = 'Auth', cardNumber='null'}]

09:15:26.218 [pool-4-thread-11] DEBUG net.thucydides.core.requirements.BaseRequirementsService - Requirement found for test outcome Register student valid data-[]: Optional[Requirement{name='Register student', type='feature' parent = 'Auth', cardNumber='null'}]

09:15:26.218 [pool-4-thread-10] DEBUG net.thucydides.core.requirements.BaseRequirementsService - Requirement found for test outcome Register mentor with blank json-[]: Optional[Requirement{name='Register mentor', type='feature' parent = 'Auth', cardNumber='null'}]

09:15:26.217 [pool-4-thread-6] DEBUG net.thucydides.core.requirements.BaseRequirementsService - Requirement found for test outcome Login student blank json-[]: Optional[Requirement{name='Login mentor', type='feature' parent = 'Auth', cardNumber='null'}]

09:15:26.219 [pool-4-thread-10] DEBUG net.thucydides.core.requirements.BaseRequirementsService - Requirement found for test outcome Register mentor with blank json-[]: Optional[Requirement{name='Register mentor', type='feature' parent = 'Auth', cardNumber='null'}]

09:15:26.220 [pool-4-thread-1] DEBUG net.thucydides.core.requirements.BaseRequirementsService - Requirement found for test outcome Login mentor valid json-[]: Optional[Requirement{name='Login mentor', type='feature' parent = 'Auth', cardNumber='null'}]

09:15:26.221 [pool-4-thread-3] DEBUG net.thucydides.core.requirements.model.cucumber.CucumberParser - Added feature Get Student Transaction

09:15:26.236 [pool-4-thread-3] DEBUG net.thucydides.core.requirements.model.cucumber.CucumberParser - Added feature Post Create Transaction

09:15:26.240 [pool-4-thread-3] DEBUG net.thucydides.core.requirements.BaseRequirementsService - Requirement found for test outcome Login mentor blank json-[]: Optional[Requirement{name='Login mentor', type='feature' parent = 'Auth', cardNumber='null'}]

09:15:26.240 [pool-4-thread-3] DEBUG net.thucydides.core.requirements.BaseRequirementsService - Requirement found for test outcome Login mentor blank json-[]: Optional[Requirement{name='Login mentor', type='feature' parent = 'Auth', cardNumber='null'}]

09:15:27.011 [pool-4-thread-7] DEBUG serenity.reporting - Generating report in e40e1b912862db1c10dbf8a650d7fcf995570eab80977798e7b22b13b69dd627.html

09:15:27.011 [pool-4-thread-9] DEBUG serenity.reporting - Generating report in da4d31916f6a1079e3f61f8460a50656ac671938d976e18342dcceb8f2d92511.html

09:15:27.011 [pool-4-thread-6] DEBUG serenity.reporting - Generating report in 33e1217da9f7eb292d4b88c23ec24d99579a10d630b07a281ee6446a04ce6ada.html

09:15:27.011 [pool-4-thread-11] DEBUG serenity.reporting - Generating report in 0e56f63e590059d15985ae86f6bf6aff81ff885f6345cf81c8df70be658060d2.html

09:15:27.011 [pool-4-thread-2] DEBUG serenity.reporting - Generating report in c665db1359e61abf3a6f21b96e40c0d0c3dbbf93daba4aa482ba2dd46f32d394.html

09:15:27.011 [pool-4-thread-5] DEBUG serenity.reporting - Generating report in 5b2c9688eb803c364e8bd37a59ab6276470b47b8215eb2333da3f7da34e8863b.html

09:15:27.011 [pool-4-thread-1] DEBUG serenity.reporting - Generating report in d04d66d1d9c36faa8c68af29df75d7263880890af7a4f9d37f6342c6e470c777.html

09:15:27.011 [pool-4-thread-12] DEBUG serenity.reporting - Generating report in 06eef6a0422d8ad6d2433e015fe2e30b1496732c2a020bed32177924f5d761b5.html

09:15:27.011 [pool-4-thread-8] DEBUG serenity.reporting - Generating report in 91f383c4c0ab5d32c8f14161f90252915de44baeb5fdc53b117dcd814b9a6afa.html

09:15:27.011 [pool-4-thread-10] DEBUG serenity.reporting - Generating report in cb2f6b38b6efcf8131f395eb98853bfc0c63e896383b9602034bbc42eab814ba.html

09:15:27.011 [pool-4-thread-4] DEBUG serenity.reporting - Generating report in b55032ffc1ae46152ed1c40648c09a00c75a64d057b588f6999af01805048e17.html

09:15:27.011 [pool-4-thread-3] DEBUG serenity.reporting - Generating report in c5927b0f3bc021034391e95e4b8ac5797998550ae6f75e4d9b97c3dfe6e97ff9.html

09:15:27.596 [pool-4-thread-3] DEBUG serenity.reporting - Generated report c5927b0f3bc021034391e95e4b8ac5797998550ae6f75e4d9b97c3dfe6e97ff9.html in 585 ms

09:15:27.596 [pool-4-thread-3] DEBUG net.thucydides.core.reports.ReportService - Processing test outcome Login mentor:Login mentor blank json done

09:15:27.596 [pool-4-thread-3] DEBUG net.thucydides.core.reports.ReportService - Processing test outcome Register student:Register student invalid data

09:15:27.596 [pool-4-thread-3] INFO net.thucydides.core.reports.ReportService - net.thucydides.core.reports.html.HtmlAcceptanceTestReporter@6e2a159b: Generating report for test outcome: Register student:Register student invalid data

09:15:27.597 [pool-4-thread-4] DEBUG serenity.reporting - Generated report b55032ffc1ae46152ed1c40648c09a00c75a64d057b588f6999af01805048e17.html in 586 ms

09:15:27.597 [pool-4-thread-4] DEBUG net.thucydides.core.reports.ReportService - Processing test outcome Login mentor:Login student valid json done

09:15:27.597 [pool-4-thread-10] DEBUG serenity.reporting - Generated report cb2f6b38b6efcf8131f395eb98853bfc0c63e896383b9602034bbc42eab814ba.html in 586 ms

09:15:27.597 [pool-4-thread-10] DEBUG net.thucydides.core.reports.ReportService - Processing test outcome Register mentor:Register mentor with blank json done

09:15:27.597 [pool-4-thread-4] DEBUG net.thucydides.core.reports.ReportService - Processing test outcome Get Chat Message:Get chat contents with valid path

09:15:27.597 [pool-4-thread-10] DEBUG net.thucydides.core.reports.ReportService - Processing test outcome Register student:Register student blank data

09:15:27.597 [pool-4-thread-9] DEBUG serenity.reporting - Generated report da4d31916f6a1079e3f61f8460a50656ac671938d976e18342dcceb8f2d92511.html in 586 ms

09:15:27.597 [pool-4-thread-10] INFO net.thucydides.core.reports.ReportService - net.thucydides.core.reports.html.HtmlAcceptanceTestReporter@6e2a159b: Generating report for test outcome: Register student:Register student blank data

09:15:27.597 [pool-4-thread-4] INFO net.thucydides.core.reports.ReportService - net.thucydides.core.reports.html.HtmlAcceptanceTestReporter@6e2a159b: Generating report for test outcome: Get Chat Message:Get chat contents with valid path

09:15:27.598 [pool-4-thread-6] DEBUG serenity.reporting - Generated report 33e1217da9f7eb292d4b88c23ec24d99579a10d630b07a281ee6446a04ce6ada.html in 587 ms

09:15:27.598 [pool-4-thread-6] DEBUG net.thucydides.core.reports.ReportService - Processing test outcome Login mentor:Login student blank json done

09:15:27.598 [pool-4-thread-6] DEBUG net.thucydides.core.reports.ReportService - Processing test outcome Get Chat Message:Get chat contents with invalid path

09:15:27.598 [pool-4-thread-6] INFO net.thucydides.core.reports.ReportService - net.thucydides.core.reports.html.HtmlAcceptanceTestReporter@6e2a159b: Generating report for test outcome: Get Chat Message:Get chat contents with invalid path

09:15:27.598 [pool-4-thread-5] DEBUG serenity.reporting - Generated report 5b2c9688eb803c364e8bd37a59ab6276470b47b8215eb2333da3f7da34e8863b.html in 587 ms

09:15:27.598 [pool-4-thread-5] DEBUG net.thucydides.core.reports.ReportService - Processing test outcome Login mentor:Login student invalid json done

09:15:27.598 [pool-4-thread-5] DEBUG net.thucydides.core.reports.ReportService - Processing test outcome Get Inbox List:Get all list chat with valid path

09:15:27.598 [pool-4-thread-5] INFO net.thucydides.core.reports.ReportService - net.thucydides.core.reports.html.HtmlAcceptanceTestReporter@6e2a159b: Generating report for test outcome: Get Inbox List:Get all list chat with valid path

09:15:27.597 [pool-4-thread-9] DEBUG net.thucydides.core.reports.ReportService - Processing test outcome Register mentor:Register mentor with invalid json done

09:15:27.599 [pool-4-thread-6] DEBUG net.thucydides.core.requirements.BaseRequirementsService - Requirement found for test outcome Get chat contents with invalid path-[]: Optional[Requirement{name='Get Chat Message', type='feature' parent = 'Chat', cardNumber='null'}]

09:15:27.599 [pool-4-thread-4] DEBUG net.thucydides.core.requirements.BaseRequirementsService - Requirement found for test outcome Get chat contents with valid path-[]: Optional[Requirement{name='Get Chat Message', type='feature' parent = 'Chat', cardNumber='null'}]

09:15:27.599 [pool-4-thread-3] DEBUG net.thucydides.core.requirements.BaseRequirementsService - Requirement found for test outcome Register student invalid data-[]: Optional[Requirement{name='Register student', type='feature' parent = 'Auth', cardNumber='null'}]

09:15:27.599 [pool-4-thread-3] DEBUG net.thucydides.core.requirements.BaseRequirementsService - Requirement found for test outcome Register student invalid data-[]: Optional[Requirement{name='Register student', type='feature' parent = 'Auth', cardNumber='null'}]

09:15:27.599 [pool-4-thread-4] DEBUG net.thucydides.core.requirements.BaseRequirementsService - Requirement found for test outcome Get chat contents with valid path-[]: Optional[Requirement{name='Get Chat Message', type='feature' parent = 'Chat', cardNumber='null'}]

09:15:27.599 [pool-4-thread-5] DEBUG net.thucydides.core.requirements.BaseRequirementsService - Requirement found for test outcome Get all list chat with valid path-[]: Optional[Requirement{name='Get Inbox List', type='feature' parent = 'Chat', cardNumber='null'}]

09:15:27.599 [pool-4-thread-6] DEBUG net.thucydides.core.requirements.BaseRequirementsService - Requirement found for test outcome Get chat contents with invalid path-[]: Optional[Requirement{name='Get Chat Message', type='feature' parent = 'Chat', cardNumber='null'}]

09:15:27.600 [pool-4-thread-5] DEBUG net.thucydides.core.requirements.BaseRequirementsService - Requirement found for test outcome Get all list chat with valid path-[]: Optional[Requirement{name='Get Inbox List', type='feature' parent = 'Chat', cardNumber='null'}]

09:15:27.599 [pool-4-thread-10] DEBUG net.thucydides.core.requirements.BaseRequirementsService - Requirement found for test outcome Register student blank data-[]: Optional[Requirement{name='Register student', type='feature' parent = 'Auth', cardNumber='null'}]

09:15:27.599 [pool-4-thread-9] DEBUG net.thucydides.core.reports.ReportService - Processing test outcome Get Inbox List:Get all list chat with invalid path

09:15:27.600 [pool-4-thread-9] INFO net.thucydides.core.reports.ReportService - net.thucydides.core.reports.html.HtmlAcceptanceTestReporter@6e2a159b: Generating report for test outcome: Get Inbox List:Get all list chat with invalid path

09:15:27.601 [pool-4-thread-9] DEBUG net.thucydides.core.requirements.BaseRequirementsService - Requirement found for test outcome Get all list chat with invalid path-[]: Optional[Requirement{name='Get Inbox List', type='feature' parent = 'Chat', cardNumber='null'}]

09:15:27.601 [pool-4-thread-6] DEBUG serenity.reporting - Generating report in d48b24d105a9c48e761946ca24343d091637385111978dd9738328a99af14b7b.html

09:15:27.601 [pool-4-thread-9] DEBUG net.thucydides.core.requirements.BaseRequirementsService - Requirement found for test outcome Get all list chat with invalid path-[]: Optional[Requirement{name='Get Inbox List', type='feature' parent = 'Chat', cardNumber='null'}]

09:15:27.603 [pool-4-thread-9] DEBUG serenity.reporting - Generating report in c42c103ad5bcee98d8896e47472111f73d6ea3fa01b030754bcf5c9fd78dca1d.html

09:15:27.603 [pool-4-thread-11] DEBUG serenity.reporting - Generated report 0e56f63e590059d15985ae86f6bf6aff81ff885f6345cf81c8df70be658060d2.html in 592 ms

09:15:27.603 [pool-4-thread-11] DEBUG net.thucydides.core.reports.ReportService - Processing test outcome Register student:Register student valid data done

09:15:27.603 [pool-4-thread-11] DEBUG net.thucydides.core.reports.ReportService - Processing test outcome Post Create Message:Create message with valid parameter on json request body

09:15:27.603 [pool-4-thread-11] INFO net.thucydides.core.reports.ReportService - net.thucydides.core.reports.html.HtmlAcceptanceTestReporter@6e2a159b: Generating report for test outcome: Post Create Message:Create message with valid parameter on json request body

09:15:27.603 [pool-4-thread-4] DEBUG serenity.reporting - Generating report in 9a4eb9ef5880c2cec26e1d89d773ddec541ef273efd37d904b8663407b5bbfc4.html

09:15:27.603 [pool-4-thread-3] DEBUG serenity.reporting - Generating report in 69c422380384d460f28390fdb90ff6a9bdd66ae9d7f32603028309775cc4533c.html

09:15:27.604 [pool-4-thread-11] DEBUG net.thucydides.core.requirements.BaseRequirementsService - Requirement found for test outcome Create message with valid parameter on json request body-[]: Optional[Requirement{name='Post Create Message', type='feature' parent = 'Chat', cardNumber='null'}]

09:15:27.604 [pool-4-thread-11] DEBUG net.thucydides.core.requirements.BaseRequirementsService - Requirement found for test outcome Create message with valid parameter on json request body-[]: Optional[Requirement{name='Post Create Message', type='feature' parent = 'Chat', cardNumber='null'}]

09:15:27.605 [pool-4-thread-10] DEBUG net.thucydides.core.requirements.BaseRequirementsService - Requirement found for test outcome Register student blank data-[]: Optional[Requirement{name='Register student', type='feature' parent = 'Auth', cardNumber='null'}]

09:15:27.605 [pool-4-thread-11] DEBUG serenity.reporting - Generating report in 5126e5225809f5c27f0a7cd4fcb187a18af2cf5e4595362738d96aaae4125cea.html

09:15:27.605 [pool-4-thread-10] DEBUG serenity.reporting - Generating report in 33c6485e80c20a125cbff5a705494c0266172db88053ebb4fba19a8562ad352e.html

09:15:27.606 [pool-4-thread-2] DEBUG serenity.reporting - Generated report c665db1359e61abf3a6f21b96e40c0d0c3dbbf93daba4aa482ba2dd46f32d394.html in 595 ms

09:15:27.606 [pool-4-thread-2] DEBUG net.thucydides.core.reports.ReportService - Processing test outcome Login mentor:Login mentor invalid json done

09:15:27.606 [pool-4-thread-2] DEBUG net.thucydides.core.reports.ReportService - Processing test outcome Post Create Message:Create message with invalid parameter mentor_id on json request body

09:15:27.606 [pool-4-thread-2] INFO net.thucydides.core.reports.ReportService - net.thucydides.core.reports.html.HtmlAcceptanceTestReporter@6e2a159b: Generating report for test outcome: Post Create Message:Create message with invalid parameter mentor_id on json request body

09:15:27.606 [pool-4-thread-5] DEBUG serenity.reporting - Generating report in 2da78125dd0a9343f9199a635ee7fdc84a749286f4ea75bbf9df750ee4f3553a.html

09:15:27.606 [pool-4-thread-12] DEBUG serenity.reporting - Generated report 06eef6a0422d8ad6d2433e015fe2e30b1496732c2a020bed32177924f5d761b5.html in 595 ms

09:15:27.606 [pool-4-thread-12] DEBUG net.thucydides.core.reports.ReportService - Processing test outcome Register student:Register student with existing json done

09:15:27.606 [pool-4-thread-12] DEBUG net.thucydides.core.reports.ReportService - Processing test outcome Post Create Message:Create message with invalid parameter student_id on json request body

09:15:27.606 [pool-4-thread-12] INFO net.thucydides.core.reports.ReportService - net.thucydides.core.reports.html.HtmlAcceptanceTestReporter@6e2a159b: Generating report for test outcome: Post Create Message:Create message with invalid parameter student_id on json request body

09:15:27.606 [pool-4-thread-7] DEBUG serenity.reporting - Generated report e40e1b912862db1c10dbf8a650d7fcf995570eab80977798e7b22b13b69dd627.html in 595 ms

09:15:27.606 [pool-4-thread-7] DEBUG net.thucydides.core.reports.ReportService - Processing test outcome Register mentor:Register mentor valid json done

09:15:27.606 [pool-4-thread-7] DEBUG net.thucydides.core.reports.ReportService - Processing test outcome Post Create Message:Create message with blank or empty parameter on json request body

09:15:27.606 [pool-4-thread-7] INFO net.thucydides.core.reports.ReportService - net.thucydides.core.reports.html.HtmlAcceptanceTestReporter@6e2a159b: Generating report for test outcome: Post Create Message:Create message with blank or empty parameter on json request body

09:15:27.607 [pool-4-thread-12] DEBUG net.thucydides.core.requirements.BaseRequirementsService - Requirement found for test outcome Create message with invalid parameter student_id on json request body-[]: Optional[Requirement{name='Post Create Message', type='feature' parent = 'Chat', cardNumber='null'}]

09:15:27.608 [pool-4-thread-12] DEBUG net.thucydides.core.requirements.BaseRequirementsService - Requirement found for test outcome Create message with invalid parameter student_id on json request body-[]: Optional[Requirement{name='Post Create Message', type='feature' parent = 'Chat', cardNumber='null'}]

09:15:27.608 [pool-4-thread-7] DEBUG net.thucydides.core.requirements.BaseRequirementsService - Requirement found for test outcome Create message with blank or empty parameter on json request body-[]: Optional[Requirement{name='Post Create Message', type='feature' parent = 'Chat', cardNumber='null'}]

09:15:27.608 [pool-4-thread-7] DEBUG net.thucydides.core.requirements.BaseRequirementsService - Requirement found for test outcome Create message with blank or empty parameter on json request body-[]: Optional[Requirement{name='Post Create Message', type='feature' parent = 'Chat', cardNumber='null'}]

09:15:27.610 [pool-4-thread-2] DEBUG net.thucydides.core.requirements.BaseRequirementsService - Requirement found for test outcome Create message with invalid parameter mentor_id on json request body-[]: Optional[Requirement{name='Post Create Message', type='feature' parent = 'Chat', cardNumber='null'}]

09:15:27.610 [pool-4-thread-12] DEBUG serenity.reporting - Generating report in 56a1f92fc726a9623667a2204f49162adab1ee46fddfeb1a91d0063ec4bc1378.html

09:15:27.611 [pool-4-thread-2] DEBUG net.thucydides.core.requirements.BaseRequirementsService - Requirement found for test outcome Create message with invalid parameter mentor_id on json request body-[]: Optional[Requirement{name='Post Create Message', type='feature' parent = 'Chat', cardNumber='null'}]

09:15:27.611 [pool-4-thread-7] DEBUG serenity.reporting - Generating report in 5300e9d2cbec9d10fa0a905e7b6c543232d5fc7cd0ad687357c6748f9d9a7121.html

09:15:27.611 [pool-4-thread-1] DEBUG serenity.reporting - Generated report d04d66d1d9c36faa8c68af29df75d7263880890af7a4f9d37f6342c6e470c777.html in 600 ms

09:15:27.611 [pool-4-thread-1] DEBUG net.thucydides.core.reports.ReportService - Processing test outcome Login mentor:Login mentor valid json done

09:15:27.611 [pool-4-thread-1] DEBUG net.thucydides.core.reports.ReportService - Processing test outcome Post Create Message:Create message with extra parameter on json request body

09:15:27.611 [pool-4-thread-1] INFO net.thucydides.core.reports.ReportService - net.thucydides.core.reports.html.HtmlAcceptanceTestReporter@6e2a159b: Generating report for test outcome: Post Create Message:Create message with extra parameter on json request body

09:15:27.612 [pool-4-thread-2] DEBUG serenity.reporting - Generating report in f8530d92248190cb13f80eb519a83675f2f4c55ece8aba6bbd4eb5cc5bb656a4.html

09:15:27.612 [pool-4-thread-1] DEBUG net.thucydides.core.requirements.BaseRequirementsService - Requirement found for test outcome Create message with extra parameter on json request body-[]: Optional[Requirement{name='Post Create Message', type='feature' parent = 'Chat', cardNumber='null'}]

09:15:27.613 [pool-4-thread-1] DEBUG net.thucydides.core.requirements.BaseRequirementsService - Requirement found for test outcome Create message with extra parameter on json request body-[]: Optional[Requirement{name='Post Create Message', type='feature' parent = 'Chat', cardNumber='null'}]

09:15:27.614 [pool-4-thread-1] DEBUG serenity.reporting - Generating report in a6e136ef8528fe5d6779593cba788c3baa1ecbc82e21f36b23071e87c2303bf3.html

09:15:27.615 [pool-4-thread-9] DEBUG serenity.reporting - Generated report c42c103ad5bcee98d8896e47472111f73d6ea3fa01b030754bcf5c9fd78dca1d.html in 12 ms

09:15:27.615 [pool-4-thread-9] DEBUG net.thucydides.core.reports.ReportService - Processing test outcome Get Inbox List:Get all list chat with invalid path done

09:15:27.615 [pool-4-thread-9] DEBUG net.thucydides.core.reports.ReportService - Processing test outcome Post Create Message:Create message with 1 parameter(only chat contents)

09:15:27.615 [pool-4-thread-9] INFO net.thucydides.core.reports.ReportService - net.thucydides.core.reports.html.HtmlAcceptanceTestReporter@6e2a159b: Generating report for test outcome: Post Create Message:Create message with 1 parameter(only chat contents)

09:15:27.617 [pool-4-thread-9] DEBUG net.thucydides.core.requirements.BaseRequirementsService - Requirement found for test outcome Create message with 1 parameter(only chat contents)-[]: Optional[Requirement{name='Post Create Message', type='feature' parent = 'Chat', cardNumber='null'}]

09:15:27.617 [pool-4-thread-9] DEBUG net.thucydides.core.requirements.BaseRequirementsService - Requirement found for test outcome Create message with 1 parameter(only chat contents)-[]: Optional[Requirement{name='Post Create Message', type='feature' parent = 'Chat', cardNumber='null'}]

09:15:27.618 [pool-4-thread-9] DEBUG serenity.reporting - Generating report in ebea7434473b2b0f4c4077316165a9f271221ed7a58aa9d9038dc776dfff5917.html

09:15:27.622 [pool-4-thread-11] DEBUG serenity.reporting - Generated report 5126e5225809f5c27f0a7cd4fcb187a18af2cf5e4595362738d96aaae4125cea.html in 17 ms

09:15:27.622 [pool-4-thread-11] DEBUG net.thucydides.core.reports.ReportService - Processing test outcome Post Create Message:Create message with valid parameter on json request body done

09:15:27.623 [pool-4-thread-11] DEBUG net.thucydides.core.reports.ReportService - Processing test outcome Post Create Message:Create messages longer than 500 characters

09:15:27.623 [pool-4-thread-11] INFO net.thucydides.core.reports.ReportService - net.thucydides.core.reports.html.HtmlAcceptanceTestReporter@6e2a159b: Generating report for test outcome: Post Create Message:Create messages longer than 500 characters

09:15:27.625 [pool-4-thread-11] DEBUG net.thucydides.core.requirements.BaseRequirementsService - Requirement found for test outcome Create messages longer than 500 characters-[]: Optional[Requirement{name='Post Create Message', type='feature' parent = 'Chat', cardNumber='null'}]

09:15:27.626 [pool-4-thread-11] DEBUG net.thucydides.core.requirements.BaseRequirementsService - Requirement found for test outcome Create messages longer than 500 characters-[]: Optional[Requirement{name='Post Create Message', type='feature' parent = 'Chat', cardNumber='null'}]

09:15:27.627 [pool-4-thread-11] DEBUG serenity.reporting - Generating report in 7aec783a9f60120e7d302fad9c04be7c2280c3ec1a5ffc98129cffb40025b94e.html

09:15:27.634 [pool-4-thread-8] DEBUG serenity.reporting - Generated report 91f383c4c0ab5d32c8f14161f90252915de44baeb5fdc53b117dcd814b9a6afa.html in 623 ms

09:15:27.634 [pool-4-thread-8] DEBUG net.thucydides.core.reports.ReportService - Processing test outcome Register mentor:Register mentor with existing json done

09:15:27.634 [pool-4-thread-8] DEBUG net.thucydides.core.reports.ReportService - Processing test outcome Post Create Message:Create message without any characters or request body

09:15:27.634 [pool-4-thread-8] INFO net.thucydides.core.reports.ReportService - net.thucydides.core.reports.html.HtmlAcceptanceTestReporter@6e2a159b: Generating report for test outcome: Post Create Message:Create message without any characters or request body

09:15:27.635 [pool-4-thread-8] DEBUG net.thucydides.core.requirements.BaseRequirementsService - Requirement found for test outcome Create message without any characters or request body-[]: Optional[Requirement{name='Post Create Message', type='feature' parent = 'Chat', cardNumber='null'}]

09:15:27.636 [pool-4-thread-8] DEBUG net.thucydides.core.requirements.BaseRequirementsService - Requirement found for test outcome Create message without any characters or request body-[]: Optional[Requirement{name='Post Create Message', type='feature' parent = 'Chat', cardNumber='null'}]

09:15:27.638 [pool-4-thread-8] DEBUG serenity.reporting - Generating report in 7f7e4693fa445498d4abed00616fe8c5dd8d5896cfe6f63d9e6987e11daf74b5.html

09:15:27.641 [pool-4-thread-12] DEBUG serenity.reporting - Generated report 56a1f92fc726a9623667a2204f49162adab1ee46fddfeb1a91d0063ec4bc1378.html in 31 ms

09:15:27.641 [pool-4-thread-12] DEBUG net.thucydides.core.reports.ReportService - Processing test outcome Post Create Message:Create message with invalid parameter student_id on json request body done

09:15:27.641 [pool-4-thread-12] DEBUG net.thucydides.core.reports.ReportService - Processing test outcome Post Create Message:Create message with invalid path

09:15:27.641 [pool-4-thread-12] INFO net.thucydides.core.reports.ReportService - net.thucydides.core.reports.html.HtmlAcceptanceTestReporter@6e2a159b: Generating report for test outcome: Post Create Message:Create message with invalid path

09:15:27.642 [pool-4-thread-12] DEBUG net.thucydides.core.requirements.BaseRequirementsService - Requirement found for test outcome Create message with invalid path-[]: Optional[Requirement{name='Post Create Message', type='feature' parent = 'Chat', cardNumber='null'}]

09:15:27.642 [pool-4-thread-12] DEBUG net.thucydides.core.requirements.BaseRequirementsService - Requirement found for test outcome Create message with invalid path-[]: Optional[Requirement{name='Post Create Message', type='feature' parent = 'Chat', cardNumber='null'}]

09:15:27.644 [pool-4-thread-2] DEBUG serenity.reporting - Generated report f8530d92248190cb13f80eb519a83675f2f4c55ece8aba6bbd4eb5cc5bb656a4.html in 32 ms

09:15:27.644 [pool-4-thread-2] DEBUG net.thucydides.core.reports.ReportService - Processing test outcome Post Create Message:Create message with invalid parameter mentor_id on json request body done

09:15:27.644 [pool-4-thread-2] DEBUG net.thucydides.core.reports.ReportService - Processing test outcome MusicLab API Automation Testing Capstone Project:Post to make a class with valid parameters of json file

09:15:27.644 [pool-4-thread-2] INFO net.thucydides.core.reports.ReportService - net.thucydides.core.reports.html.HtmlAcceptanceTestReporter@6e2a159b: Generating report for test outcome: MusicLab API Automation Testing Capstone Project:Post to make a class with valid parameters of json file

09:15:27.645 [pool-4-thread-2] DEBUG net.thucydides.core.requirements.BaseRequirementsService - Requirement found for test outcome Post to make a class with valid parameters of json file-[]: Optional[Requirement{name='MusicLab API Automation Testing Capstone Project', type='feature' parent = 'Class', cardNumber='null'}]

09:15:27.645 [pool-4-thread-3] DEBUG serenity.reporting - Generated report 69c422380384d460f28390fdb90ff6a9bdd66ae9d7f32603028309775cc4533c.html in 42 ms

09:15:27.645 [pool-4-thread-3] DEBUG net.thucydides.core.reports.ReportService - Processing test outcome Register student:Register student invalid data done

09:15:27.645 [pool-4-thread-3] DEBUG net.thucydides.core.reports.ReportService - Processing test outcome MusicLab API Automation Testing Capstone Project:Post to make a class with invalid parameters of json file

09:15:27.645 [pool-4-thread-3] INFO net.thucydides.core.reports.ReportService - net.thucydides.core.reports.html.HtmlAcceptanceTestReporter@6e2a159b: Generating report for test outcome: MusicLab API Automation Testing Capstone Project:Post to make a class with invalid parameters of json file

09:15:27.645 [pool-4-thread-6] DEBUG serenity.reporting - Generated report d48b24d105a9c48e761946ca24343d091637385111978dd9738328a99af14b7b.html in 44 ms

09:15:27.645 [pool-4-thread-6] DEBUG net.thucydides.core.reports.ReportService - Processing test outcome Get Chat Message:Get chat contents with invalid path done

09:15:27.645 [pool-4-thread-6] DEBUG net.thucydides.core.reports.ReportService - Processing test outcome MusicLab API Automation Testing Capstone Project:Post to make a class with null parameter

09:15:27.645 [pool-4-thread-6] INFO net.thucydides.core.reports.ReportService - net.thucydides.core.reports.html.HtmlAcceptanceTestReporter@6e2a159b: Generating report for test outcome: MusicLab API Automation Testing Capstone Project:Post to make a class with null parameter

09:15:27.645 [pool-4-thread-2] DEBUG net.thucydides.core.requirements.BaseRequirementsService - Requirement found for test outcome Post to make a class with valid parameters of json file-[]: Optional[Requirement{name='MusicLab API Automation Testing Capstone Project', type='feature' parent = 'Class', cardNumber='null'}]

09:15:27.646 [pool-4-thread-3] DEBUG net.thucydides.core.requirements.BaseRequirementsService - Requirement found for test outcome Post to make a class with invalid parameters of json file-[]: Optional[Requirement{name='MusicLab API Automation Testing Capstone Project', type='feature' parent = 'Class', cardNumber='null'}]

09:15:27.646 [pool-4-thread-9] DEBUG serenity.reporting - Generated report ebea7434473b2b0f4c4077316165a9f271221ed7a58aa9d9038dc776dfff5917.html in 28 ms

09:15:27.646 [pool-4-thread-9] DEBUG net.thucydides.core.reports.ReportService - Processing test outcome Post Create Message:Create message with 1 parameter(only chat contents) done

09:15:27.646 [pool-4-thread-9] DEBUG net.thucydides.core.reports.ReportService - Processing test outcome MusicLab API Automation Testing Capstone Project:Get all class by ID Mentor valid

09:15:27.646 [pool-4-thread-9] INFO net.thucydides.core.reports.ReportService - net.thucydides.core.reports.html.HtmlAcceptanceTestReporter@6e2a159b: Generating report for test outcome: MusicLab API Automation Testing Capstone Project:Get all class by ID Mentor valid

09:15:27.646 [pool-4-thread-6] DEBUG net.thucydides.core.requirements.BaseRequirementsService - Requirement found for test outcome Post to make a class with null parameter-[]: Optional[Requirement{name='MusicLab API Automation Testing Capstone Project', type='feature' parent = 'Class', cardNumber='null'}]

09:15:27.646 [pool-4-thread-3] DEBUG net.thucydides.core.requirements.BaseRequirementsService - Requirement found for test outcome Post to make a class with invalid parameters of json file-[]: Optional[Requirement{name='MusicLab API Automation Testing Capstone Project', type='feature' parent = 'Class', cardNumber='null'}]

09:15:27.646 [pool-4-thread-2] DEBUG serenity.reporting - Generating report in c56962bd61d28209cce7632f5fe4a04d2a8083e88ba94a37620b5f6737e41718.html

09:15:27.646 [pool-4-thread-6] DEBUG net.thucydides.core.requirements.BaseRequirementsService - Requirement found for test outcome Post to make a class with null parameter-[]: Optional[Requirement{name='MusicLab API Automation Testing Capstone Project', type='feature' parent = 'Class', cardNumber='null'}]

09:15:27.647 [pool-4-thread-9] DEBUG net.thucydides.core.requirements.BaseRequirementsService - Requirement found for test outcome Get all class by ID Mentor valid-[]: Optional[Requirement{name='MusicLab API Automation Testing Capstone Project', type='feature' parent = 'Class', cardNumber='null'}]

09:15:27.647 [pool-4-thread-9] DEBUG net.thucydides.core.requirements.BaseRequirementsService - Requirement found for test outcome Get all class by ID Mentor valid-[]: Optional[Requirement{name='MusicLab API Automation Testing Capstone Project', type='feature' parent = 'Class', cardNumber='null'}]

09:15:27.647 [pool-4-thread-3] DEBUG serenity.reporting - Generating report in 5c179eefc839757fbf38705f6b463a4abbc1353b6b4d9dbcec46e363bf27c99e.html

09:15:27.647 [pool-4-thread-6] DEBUG serenity.reporting - Generating report in 84fc17b361552b55dff364a1a81c5a0899a2aa03b51d93a6e2f480a5f22a00ab.html

09:15:27.647 [pool-4-thread-4] DEBUG serenity.reporting - Generated report 9a4eb9ef5880c2cec26e1d89d773ddec541ef273efd37d904b8663407b5bbfc4.html in 44 ms

09:15:27.647 [pool-4-thread-4] DEBUG net.thucydides.core.reports.ReportService - Processing test outcome Get Chat Message:Get chat contents with valid path done

09:15:27.647 [pool-4-thread-4] DEBUG net.thucydides.core.reports.ReportService - Processing test outcome MusicLab API Automation Testing Capstone Project:Get all class by ID Mentor invalid

09:15:27.647 [pool-4-thread-4] INFO net.thucydides.core.reports.ReportService - net.thucydides.core.reports.html.HtmlAcceptanceTestReporter@6e2a159b: Generating report for test outcome: MusicLab API Automation Testing Capstone Project:Get all class by ID Mentor invalid

09:15:27.648 [pool-4-thread-9] DEBUG serenity.reporting - Generating report in b66aaecfb571a16cd0c7f1262811bf180e2023c65669c949862dc7fa8ccdd333.html

09:15:27.648 [pool-4-thread-4] DEBUG net.thucydides.core.requirements.BaseRequirementsService - Requirement found for test outcome Get all class by ID Mentor invalid-[]: Optional[Requirement{name='MusicLab API Automation Testing Capstone Project', type='feature' parent = 'Class', cardNumber='null'}]

09:15:27.649 [pool-4-thread-4] DEBUG net.thucydides.core.requirements.BaseRequirementsService - Requirement found for test outcome Get all class by ID Mentor invalid-[]: Optional[Requirement{name='MusicLab API Automation Testing Capstone Project', type='feature' parent = 'Class', cardNumber='null'}]

09:15:27.649 [pool-4-thread-8] DEBUG serenity.reporting - Generated report 7f7e4693fa445498d4abed00616fe8c5dd8d5896cfe6f63d9e6987e11daf74b5.html in 11 ms

09:15:27.649 [pool-4-thread-8] DEBUG net.thucydides.core.reports.ReportService - Processing test outcome Post Create Message:Create message without any characters or request body done

09:15:27.649 [pool-4-thread-8] DEBUG net.thucydides.core.reports.ReportService - Processing test outcome MusicLab API Automation Testing Capstone Project:Get mentor class detail

09:15:27.649 [pool-4-thread-8] INFO net.thucydides.core.reports.ReportService - net.thucydides.core.reports.html.HtmlAcceptanceTestReporter@6e2a159b: Generating report for test outcome: MusicLab API Automation Testing Capstone Project:Get mentor class detail

09:15:27.649 [pool-4-thread-4] DEBUG serenity.reporting - Generating report in 1e65a2b2d191a22793f4e03ec6685169d65e00d1980e403a77ac8b4e3640a8a3.html

09:15:27.650 [pool-4-thread-1] DEBUG serenity.reporting - Generated report a6e136ef8528fe5d6779593cba788c3baa1ecbc82e21f36b23071e87c2303bf3.html in 36 ms

09:15:27.650 [pool-4-thread-1] DEBUG net.thucydides.core.reports.ReportService - Processing test outcome Post Create Message:Create message with extra parameter on json request body done

09:15:27.650 [pool-4-thread-1] DEBUG net.thucydides.core.reports.ReportService - Processing test outcome MusicLab API Automation Testing Capstone Project:Put or edit a class valid json all parameters

09:15:27.650 [pool-4-thread-1] INFO net.thucydides.core.reports.ReportService - net.thucydides.core.reports.html.HtmlAcceptanceTestReporter@6e2a159b: Generating report for test outcome: MusicLab API Automation Testing Capstone Project:Put or edit a class valid json all parameters

09:15:27.650 [pool-4-thread-8] DEBUG net.thucydides.core.requirements.BaseRequirementsService - Requirement found for test outcome Get mentor class detail-[]: Optional[Requirement{name='MusicLab API Automation Testing Capstone Project', type='feature' parent = 'Class', cardNumber='null'}]

09:15:27.650 [pool-4-thread-8] DEBUG net.thucydides.core.requirements.BaseRequirementsService - Requirement found for test outcome Get mentor class detail-[]: Optional[Requirement{name='MusicLab API Automation Testing Capstone Project', type='feature' parent = 'Class', cardNumber='null'}]

09:15:27.651 [pool-4-thread-5] DEBUG serenity.reporting - Generated report 2da78125dd0a9343f9199a635ee7fdc84a749286f4ea75bbf9df750ee4f3553a.html in 45 ms

09:15:27.651 [pool-4-thread-5] DEBUG net.thucydides.core.reports.ReportService - Processing test outcome Get Inbox List:Get all list chat with valid path done

09:15:27.651 [pool-4-thread-5] DEBUG net.thucydides.core.reports.ReportService - Processing test outcome MusicLab API Automation Testing Capstone Project:Put or edit a class one parameter

09:15:27.651 [pool-4-thread-1] DEBUG net.thucydides.core.requirements.BaseRequirementsService - Requirement found for test outcome Put or edit a class valid json all parameters-[]: Optional[Requirement{name='MusicLab API Automation Testing Capstone Project', type='feature' parent = 'Class', cardNumber='null'}]

09:15:27.651 [pool-4-thread-5] INFO net.thucydides.core.reports.ReportService - net.thucydides.core.reports.html.HtmlAcceptanceTestReporter@6e2a159b: Generating report for test outcome: MusicLab API Automation Testing Capstone Project:Put or edit a class one parameter

09:15:27.651 [pool-4-thread-1] DEBUG net.thucydides.core.requirements.BaseRequirementsService - Requirement found for test outcome Put or edit a class valid json all parameters-[]: Optional[Requirement{name='MusicLab API Automation Testing Capstone Project', type='feature' parent = 'Class', cardNumber='null'}]

09:15:27.651 [pool-4-thread-5] DEBUG net.thucydides.core.requirements.BaseRequirementsService - Requirement found for test outcome Put or edit a class one parameter-[]: Optional[Requirement{name='MusicLab API Automation Testing Capstone Project', type='feature' parent = 'Class', cardNumber='null'}]

09:15:27.651 [pool-4-thread-8] DEBUG serenity.reporting - Generating report in 195b789962b8493e91bc2853b2145995e4d76e81c0ab78a9dc44f77f4533fcd9.html

09:15:27.652 [pool-4-thread-5] DEBUG net.thucydides.core.requirements.BaseRequirementsService - Requirement found for test outcome Put or edit a class one parameter-[]: Optional[Requirement{name='MusicLab API Automation Testing Capstone Project', type='feature' parent = 'Class', cardNumber='null'}]

09:15:27.652 [pool-4-thread-1] DEBUG serenity.reporting - Generating report in a389734b6cc44ee108778d1c788b19256c744b15cabbdfc0ce358690ba6c3350.html

09:15:27.652 [pool-4-thread-11] DEBUG serenity.reporting - Generated report 7aec783a9f60120e7d302fad9c04be7c2280c3ec1a5ffc98129cffb40025b94e.html in 25 ms

09:15:27.652 [pool-4-thread-11] DEBUG net.thucydides.core.reports.ReportService - Processing test outcome Post Create Message:Create messages longer than 500 characters done

09:15:27.652 [pool-4-thread-11] DEBUG net.thucydides.core.reports.ReportService - Processing test outcome MusicLab API Automation Testing Capstone Project:Put or edit a class null parameter

09:15:27.652 [pool-4-thread-11] INFO net.thucydides.core.reports.ReportService - net.thucydides.core.reports.html.HtmlAcceptanceTestReporter@6e2a159b: Generating report for test outcome: MusicLab API Automation Testing Capstone Project:Put or edit a class null parameter

09:15:27.653 [pool-4-thread-11] DEBUG net.thucydides.core.requirements.BaseRequirementsService - Requirement found for test outcome Put or edit a class null parameter-[]: Optional[Requirement{name='MusicLab API Automation Testing Capstone Project', type='feature' parent = 'Class', cardNumber='null'}]

09:15:27.653 [pool-4-thread-11] DEBUG net.thucydides.core.requirements.BaseRequirementsService - Requirement found for test outcome Put or edit a class null parameter-[]: Optional[Requirement{name='MusicLab API Automation Testing Capstone Project', type='feature' parent = 'Class', cardNumber='null'}]

09:15:27.654 [pool-4-thread-5] DEBUG serenity.reporting - Generating report in 50e80ef391c2f5c903458d73ab9fc8c4c963c7935473902553ccebb33e99670e.html

09:15:27.655 [pool-4-thread-11] DEBUG serenity.reporting - Generating report in b212b4a3e12944eb395124ae76af36b415a41db2f1c50692086895d7aa01e8dc.html

09:15:27.657 [pool-4-thread-7] DEBUG serenity.reporting - Generated report 5300e9d2cbec9d10fa0a905e7b6c543232d5fc7cd0ad687357c6748f9d9a7121.html in 46 ms

09:15:27.657 [pool-4-thread-7] DEBUG net.thucydides.core.reports.ReportService - Processing test outcome Post Create Message:Create message with blank or empty parameter on json request body done

09:15:27.657 [pool-4-thread-7] DEBUG net.thucydides.core.reports.ReportService - Processing test outcome MusicLab API Automation Testing Capstone Project:Delete a class

09:15:27.657 [pool-4-thread-7] INFO net.thucydides.core.reports.ReportService - net.thucydides.core.reports.html.HtmlAcceptanceTestReporter@6e2a159b: Generating report for test outcome: MusicLab API Automation Testing Capstone Project:Delete a class

09:15:27.658 [pool-4-thread-7] DEBUG net.thucydides.core.requirements.BaseRequirementsService - Requirement found for test outcome Delete a class-[]: Optional[Requirement{name='MusicLab API Automation Testing Capstone Project', type='feature' parent = 'Class', cardNumber='null'}]

09:15:27.658 [pool-4-thread-7] DEBUG net.thucydides.core.requirements.BaseRequirementsService - Requirement found for test outcome Delete a class-[]: Optional[Requirement{name='MusicLab API Automation Testing Capstone Project', type='feature' parent = 'Class', cardNumber='null'}]

09:15:27.658 [pool-4-thread-12] DEBUG serenity.reporting - Generating report in e77f5a63b67408558e4998ec887fe0c29d36d2e8df0b33d980b457693a847200.html

09:15:27.660 [pool-4-thread-6] DEBUG serenity.reporting - Generated report 84fc17b361552b55dff364a1a81c5a0899a2aa03b51d93a6e2f480a5f22a00ab.html in 13 ms

09:15:27.660 [pool-4-thread-6] DEBUG net.thucydides.core.reports.ReportService - Processing test outcome MusicLab API Automation Testing Capstone Project:Post to make a class with null parameter done

09:15:27.660 [pool-4-thread-3] DEBUG serenity.reporting - Generated report 5c179eefc839757fbf38705f6b463a4abbc1353b6b4d9dbcec46e363bf27c99e.html in 13 ms

09:15:27.660 [pool-4-thread-7] DEBUG serenity.reporting - Generating report in ba336262f7fcaf5cfa77986f583b824485959fe4ca9cf73ccda262dfb79efc6e.html

09:15:27.660 [pool-4-thread-3] DEBUG net.thucydides.core.reports.ReportService - Processing test outcome MusicLab API Automation Testing Capstone Project:Post to make a class with invalid parameters of json file done

09:15:27.660 [pool-4-thread-6] DEBUG net.thucydides.core.reports.ReportService - Processing test outcome Delete genre:Delete valid parameter genre

09:15:27.660 [pool-4-thread-3] DEBUG net.thucydides.core.reports.ReportService - Processing test outcome Delete genre:Delete invalid parameter genre

09:15:27.661 [pool-4-thread-6] INFO net.thucydides.core.reports.ReportService - net.thucydides.core.reports.html.HtmlAcceptanceTestReporter@6e2a159b: Generating report for test outcome: Delete genre:Delete valid parameter genre

09:15:27.661 [pool-4-thread-3] INFO net.thucydides.core.reports.ReportService - net.thucydides.core.reports.html.HtmlAcceptanceTestReporter@6e2a159b: Generating report for test outcome: Delete genre:Delete invalid parameter genre

09:15:27.662 [pool-4-thread-3] DEBUG net.thucydides.core.requirements.BaseRequirementsService - Requirement found for test outcome Delete invalid parameter genre-[]: Optional[Requirement{name='Delete genre', type='feature' parent = 'Genre', cardNumber='null'}]

09:15:27.662 [pool-4-thread-3] DEBUG net.thucydides.core.requirements.BaseRequirementsService - Requirement found for test outcome Delete invalid parameter genre-[]: Optional[Requirement{name='Delete genre', type='feature' parent = 'Genre', cardNumber='null'}]

09:15:27.663 [pool-4-thread-5] DEBUG serenity.reporting - Generated report 50e80ef391c2f5c903458d73ab9fc8c4c963c7935473902553ccebb33e99670e.html in 9 ms

09:15:27.664 [pool-4-thread-8] DEBUG serenity.reporting - Generated report 195b789962b8493e91bc2853b2145995e4d76e81c0ab78a9dc44f77f4533fcd9.html in 13 ms

09:15:27.664 [pool-4-thread-5] DEBUG net.thucydides.core.reports.ReportService - Processing test outcome MusicLab API Automation Testing Capstone Project:Put or edit a class one parameter done

09:15:27.664 [pool-4-thread-8] DEBUG net.thucydides.core.reports.ReportService - Processing test outcome MusicLab API Automation Testing Capstone Project:Get mentor class detail done

09:15:27.664 [pool-4-thread-4] DEBUG serenity.reporting - Generated report 1e65a2b2d191a22793f4e03ec6685169d65e00d1980e403a77ac8b4e3640a8a3.html in 15 ms

09:15:27.664 [pool-4-thread-4] DEBUG net.thucydides.core.reports.ReportService - Processing test outcome MusicLab API Automation Testing Capstone Project:Get all class by ID Mentor invalid done

09:15:27.664 [pool-4-thread-5] DEBUG net.thucydides.core.reports.ReportService - Processing test outcome Delete genre:Delete blank parameter genre

09:15:27.664 [pool-4-thread-8] DEBUG net.thucydides.core.reports.ReportService - Processing test outcome Get all data genre:Get all genre

09:15:27.664 [pool-4-thread-4] DEBUG net.thucydides.core.reports.ReportService - Processing test outcome Get all data about genre mentor:Get mentor genre valid parameter

09:15:27.664 [pool-4-thread-8] INFO net.thucydides.core.reports.ReportService - net.thucydides.core.reports.html.HtmlAcceptanceTestReporter@6e2a159b: Generating report for test outcome: Get all data genre:Get all genre

09:15:27.664 [pool-4-thread-4] INFO net.thucydides.core.reports.ReportService - net.thucydides.core.reports.html.HtmlAcceptanceTestReporter@6e2a159b: Generating report for test outcome: Get all data about genre mentor:Get mentor genre valid parameter

09:15:27.665 [pool-4-thread-6] DEBUG net.thucydides.core.requirements.BaseRequirementsService - Requirement found for test outcome Delete valid parameter genre-[]: Optional[Requirement{name='Delete genre', type='feature' parent = 'Genre', cardNumber='null'}]

09:15:27.665 [pool-4-thread-8] DEBUG net.thucydides.core.requirements.BaseRequirementsService - Requirement found for test outcome Get all genre-[]: Optional[Requirement{name='Get all data genre', type='feature' parent = 'Genre', cardNumber='null'}]

09:15:27.665 [pool-4-thread-4] DEBUG net.thucydides.core.requirements.BaseRequirementsService - Requirement found for test outcome Get mentor genre valid parameter-[]: Optional[Requirement{name='Get all data about genre mentor', type='feature' parent = 'Genre', cardNumber='null'}]

09:15:27.666 [pool-4-thread-6] DEBUG net.thucydides.core.requirements.BaseRequirementsService - Requirement found for test outcome Delete valid parameter genre-[]: Optional[Requirement{name='Delete genre', type='feature' parent = 'Genre', cardNumber='null'}]

09:15:27.666 [pool-4-thread-8] DEBUG net.thucydides.core.requirements.BaseRequirementsService - Requirement found for test outcome Get all genre-[]: Optional[Requirement{name='Get all data genre', type='feature' parent = 'Genre', cardNumber='null'}]

09:15:27.667 [pool-4-thread-3] DEBUG serenity.reporting - Generating report in 90d8757aefcb61d92675691e2feb48519615dbeb1162ef9b51de3c6f77380500.html

09:15:27.667 [pool-4-thread-4] DEBUG net.thucydides.core.requirements.BaseRequirementsService - Requirement found for test outcome Get mentor genre valid parameter-[]: Optional[Requirement{name='Get all data about genre mentor', type='feature' parent = 'Genre', cardNumber='null'}]

09:15:27.667 [pool-4-thread-8] DEBUG serenity.reporting - Generating report in a289452992da9406c99abbd70ccff6d3117fc5e469eda26199588fdb34b03aaf.html

09:15:27.667 [pool-4-thread-6] DEBUG serenity.reporting - Generating report in 9964f3d32e11976ff76e2e96dcf058b3fb2c782fe0e0072941f49875fe41d895.html

09:15:27.664 [pool-4-thread-5] INFO net.thucydides.core.reports.ReportService - net.thucydides.core.reports.html.HtmlAcceptanceTestReporter@6e2a159b: Generating report for test outcome: Delete genre:Delete blank parameter genre

09:15:27.667 [pool-4-thread-4] DEBUG serenity.reporting - Generating report in 76f4f9eacbd1b7ac135ff1a930f58876925a063d8c6bbf15c3c46fe45d631eed.html

09:15:27.668 [pool-4-thread-5] DEBUG net.thucydides.core.requirements.BaseRequirementsService - Requirement found for test outcome Delete blank parameter genre-[]: Optional[Requirement{name='Delete genre', type='feature' parent = 'Genre', cardNumber='null'}]

09:15:27.668 [pool-4-thread-5] DEBUG net.thucydides.core.requirements.BaseRequirementsService - Requirement found for test outcome Delete blank parameter genre-[]: Optional[Requirement{name='Delete genre', type='feature' parent = 'Genre', cardNumber='null'}]

09:15:27.669 [pool-4-thread-5] DEBUG serenity.reporting - Generating report in 6414ab135738af44d4bef173f0f7c63ed975134bb15b3b15bb04890c0d8b32ed.html

09:15:27.675 [pool-4-thread-7] DEBUG serenity.reporting - Generated report ba336262f7fcaf5cfa77986f583b824485959fe4ca9cf73ccda262dfb79efc6e.html in 15 ms

09:15:27.675 [pool-4-thread-7] DEBUG net.thucydides.core.reports.ReportService - Processing test outcome MusicLab API Automation Testing Capstone Project:Delete a class done

09:15:27.675 [pool-4-thread-7] DEBUG net.thucydides.core.reports.ReportService - Processing test outcome Get all data about genre mentor:Get mentor genre invalid parameter

09:15:27.675 [pool-4-thread-7] INFO net.thucydides.core.reports.ReportService - net.thucydides.core.reports.html.HtmlAcceptanceTestReporter@6e2a159b: Generating report for test outcome: Get all data about genre mentor:Get mentor genre invalid parameter

09:15:27.676 [pool-4-thread-7] DEBUG net.thucydides.core.requirements.BaseRequirementsService - Requirement found for test outcome Get mentor genre invalid parameter-[]: Optional[Requirement{name='Get all data about genre mentor', type='feature' parent = 'Genre', cardNumber='null'}]

09:15:27.677 [pool-4-thread-7] DEBUG net.thucydides.core.requirements.BaseRequirementsService - Requirement found for test outcome Get mentor genre invalid parameter-[]: Optional[Requirement{name='Get all data about genre mentor', type='feature' parent = 'Genre', cardNumber='null'}]

09:15:27.677 [pool-4-thread-6] DEBUG serenity.reporting - Generated report 9964f3d32e11976ff76e2e96dcf058b3fb2c782fe0e0072941f49875fe41d895.html in 10 ms

09:15:27.677 [pool-4-thread-6] DEBUG net.thucydides.core.reports.ReportService - Processing test outcome Delete genre:Delete valid parameter genre done

09:15:27.677 [pool-4-thread-8] DEBUG serenity.reporting - Generated report a289452992da9406c99abbd70ccff6d3117fc5e469eda26199588fdb34b03aaf.html in 10 ms

09:15:27.677 [pool-4-thread-8] DEBUG net.thucydides.core.reports.ReportService - Processing test outcome Get all data genre:Get all genre done

09:15:27.677 [pool-4-thread-6] DEBUG net.thucydides.core.reports.ReportService - Processing test outcome Get all data about genre mentor:Get mentor genre blank parameter

09:15:27.677 [pool-4-thread-8] DEBUG net.thucydides.core.reports.ReportService - Processing test outcome Mentor post genre:Mentor post genre with valid json

09:15:27.677 [pool-4-thread-6] INFO net.thucydides.core.reports.ReportService - net.thucydides.core.reports.html.HtmlAcceptanceTestReporter@6e2a159b: Generating report for test outcome: Get all data about genre mentor:Get mentor genre blank parameter

09:15:27.677 [pool-4-thread-8] INFO net.thucydides.core.reports.ReportService - net.thucydides.core.reports.html.HtmlAcceptanceTestReporter@6e2a159b: Generating report for test outcome: Mentor post genre:Mentor post genre with valid json

09:15:27.678 [pool-4-thread-5] DEBUG serenity.reporting - Generated report 6414ab135738af44d4bef173f0f7c63ed975134bb15b3b15bb04890c0d8b32ed.html in 9 ms

09:15:27.678 [pool-4-thread-5] DEBUG net.thucydides.core.reports.ReportService - Processing test outcome Delete genre:Delete blank parameter genre done

09:15:27.678 [pool-4-thread-5] DEBUG net.thucydides.core.reports.ReportService - Processing test outcome Mentor post genre:Mentor post genre invalid json

09:15:27.678 [pool-4-thread-5] INFO net.thucydides.core.reports.ReportService - net.thucydides.core.reports.html.HtmlAcceptanceTestReporter@6e2a159b: Generating report for test outcome: Mentor post genre:Mentor post genre invalid json

09:15:27.678 [pool-4-thread-8] DEBUG net.thucydides.core.requirements.BaseRequirementsService - Requirement found for test outcome Mentor post genre with valid json-[]: Optional[Requirement{name='Mentor post genre', type='feature' parent = 'Genre', cardNumber='null'}]

09:15:27.678 [pool-4-thread-6] DEBUG net.thucydides.core.requirements.BaseRequirementsService - Requirement found for test outcome Get mentor genre blank parameter-[]: Optional[Requirement{name='Get all data about genre mentor', type='feature' parent = 'Genre', cardNumber='null'}]

09:15:27.678 [pool-4-thread-5] DEBUG net.thucydides.core.requirements.BaseRequirementsService - Requirement found for test outcome Mentor post genre invalid json-[]: Optional[Requirement{name='Mentor post genre', type='feature' parent = 'Genre', cardNumber='null'}]

09:15:27.678 [pool-4-thread-8] DEBUG net.thucydides.core.requirements.BaseRequirementsService - Requirement found for test outcome Mentor post genre with valid json-[]: Optional[Requirement{name='Mentor post genre', type='feature' parent = 'Genre', cardNumber='null'}]

09:15:27.678 [pool-4-thread-6] DEBUG net.thucydides.core.requirements.BaseRequirementsService - Requirement found for test outcome Get mentor genre blank parameter-[]: Optional[Requirement{name='Get all data about genre mentor', type='feature' parent = 'Genre', cardNumber='null'}]

09:15:27.679 [pool-4-thread-5] DEBUG net.thucydides.core.requirements.BaseRequirementsService - Requirement found for test outcome Mentor post genre invalid json-[]: Optional[Requirement{name='Mentor post genre', type='feature' parent = 'Genre', cardNumber='null'}]

09:15:27.679 [pool-4-thread-11] DEBUG serenity.reporting - Generated report b212b4a3e12944eb395124ae76af36b415a41db2f1c50692086895d7aa01e8dc.html in 24 ms

09:15:27.679 [pool-4-thread-11] DEBUG net.thucydides.core.reports.ReportService - Processing test outcome MusicLab API Automation Testing Capstone Project:Put or edit a class null parameter done

09:15:27.679 [pool-4-thread-11] DEBUG net.thucydides.core.reports.ReportService - Processing test outcome Mentor post genre:Mentor post genre blank json

09:15:27.679 [pool-4-thread-11] INFO net.thucydides.core.reports.ReportService - net.thucydides.core.reports.html.HtmlAcceptanceTestReporter@6e2a159b: Generating report for test outcome: Mentor post genre:Mentor post genre blank json

09:15:27.679 [pool-4-thread-5] DEBUG serenity.reporting - Generating report in f137b41c7ebd70eae8e5a63310e8e180cf365e9f74ee39612ec96f99a3bb179a.html

09:15:27.680 [pool-4-thread-11] DEBUG net.thucydides.core.requirements.BaseRequirementsService - Requirement found for test outcome Mentor post genre blank json-[]: Optional[Requirement{name='Mentor post genre', type='feature' parent = 'Genre', cardNumber='null'}]

09:15:27.681 [pool-4-thread-11] DEBUG net.thucydides.core.requirements.BaseRequirementsService - Requirement found for test outcome Mentor post genre blank json-[]: Optional[Requirement{name='Mentor post genre', type='feature' parent = 'Genre', cardNumber='null'}]

09:15:27.681 [pool-4-thread-2] DEBUG serenity.reporting - Generated report c56962bd61d28209cce7632f5fe4a04d2a8083e88ba94a37620b5f6737e41718.html in 35 ms

09:15:27.681 [pool-4-thread-2] DEBUG net.thucydides.core.reports.ReportService - Processing test outcome MusicLab API Automation Testing Capstone Project:Post to make a class with valid parameters of json file done

09:15:27.681 [pool-4-thread-2] DEBUG net.thucydides.core.reports.ReportService - Processing test outcome Mentor post genre:mentor post genre with no authorization

09:15:27.681 [pool-4-thread-2] INFO net.thucydides.core.reports.ReportService - net.thucydides.core.reports.html.HtmlAcceptanceTestReporter@6e2a159b: Generating report for test outcome: Mentor post genre:mentor post genre with no authorization

09:15:27.681 [pool-4-thread-4] DEBUG serenity.reporting - Generated report 76f4f9eacbd1b7ac135ff1a930f58876925a063d8c6bbf15c3c46fe45d631eed.html in 14 ms

09:15:27.681 [pool-4-thread-4] DEBUG net.thucydides.core.reports.ReportService - Processing test outcome Get all data about genre mentor:Get mentor genre valid parameter done

09:15:27.681 [pool-4-thread-4] DEBUG net.thucydides.core.reports.ReportService - Processing test outcome [MusicLab-API] Get Feature Instrument:[Positive Case] Get All List Instruments Normal Condition

09:15:27.681 [pool-4-thread-4] INFO net.thucydides.core.reports.ReportService - net.thucydides.core.reports.html.HtmlAcceptanceTestReporter@6e2a159b: Generating report for test outcome: [MusicLab-API] Get Feature Instrument:[Positive Case] Get All List Instruments Normal Condition

09:15:27.682 [pool-4-thread-2] DEBUG net.thucydides.core.requirements.BaseRequirementsService - Requirement found for test outcome mentor post genre with no authorization-[]: Optional[Requirement{name='Mentor post genre', type='feature' parent = 'Genre', cardNumber='null'}]

09:15:27.682 [pool-4-thread-4] DEBUG net.thucydides.core.requirements.BaseRequirementsService - Requirement found for test outcome [Positive Case] Get All List Instruments Normal Condition-[]: Optional[Requirement{name='[MusicLab-API] Get Feature Instrument', type='feature' parent = 'Instrument', cardNumber='null'}]

09:15:27.682 [pool-4-thread-2] DEBUG net.thucydides.core.requirements.BaseRequirementsService - Requirement found for test outcome mentor post genre with no authorization-[]: Optional[Requirement{name='Mentor post genre', type='feature' parent = 'Genre', cardNumber='null'}]

09:15:27.682 [pool-4-thread-4] DEBUG net.thucydides.core.requirements.BaseRequirementsService - Requirement found for test outcome [Positive Case] Get All List Instruments Normal Condition-[]: Optional[Requirement{name='[MusicLab-API] Get Feature Instrument', type='feature' parent = 'Instrument', cardNumber='null'}]

09:15:27.683 [pool-4-thread-2] DEBUG serenity.reporting - Generating report in f5393d1ce54e5fbc3755cbbf18b8547aa6bbcfff7e9dde06a6bf52139fa28ee9.html

09:15:27.683 [pool-4-thread-11] DEBUG serenity.reporting - Generating report in 0e1701690d782336dfff2179b7193b999091602bb9bea526791a48433a29688b.html

09:15:27.683 [pool-4-thread-4] DEBUG serenity.reporting - Generating report in f05fe855314f60f915cc5a75d76cacd4f24d274ee9dd0939638b165237c69553.html

09:15:27.688 [pool-4-thread-8] DEBUG serenity.reporting - Generating report in bed3bf1a6a1d42722f4169826a5d0db7f93708c46169d33fbfb10b4d16ce349f.html

09:15:27.692 [pool-4-thread-7] DEBUG serenity.reporting - Generating report in 6a72e5d4a6ba74c9305e79af64dc7c9e8a1d36467cb359f220008fc04d066e71.html

09:15:27.695 [pool-4-thread-6] DEBUG serenity.reporting - Generating report in 4ca8db89d6264cc5e43b5147dfc80d795d80ed80a8e4acb3b1bb37fd251f62d5.html

09:15:27.696 [pool-4-thread-5] DEBUG serenity.reporting - Generated report f137b41c7ebd70eae8e5a63310e8e180cf365e9f74ee39612ec96f99a3bb179a.html in 17 ms

09:15:27.697 [pool-4-thread-5] DEBUG net.thucydides.core.reports.ReportService - Processing test outcome Mentor post genre:Mentor post genre invalid json done

09:15:27.697 [pool-4-thread-5] DEBUG net.thucydides.core.reports.ReportService - Processing test outcome [MusicLab-API] Get Feature Instrument:[Negative Case] Get Single List Instruments Invalid ID

09:15:27.697 [pool-4-thread-5] INFO net.thucydides.core.reports.ReportService - net.thucydides.core.reports.html.HtmlAcceptanceTestReporter@6e2a159b: Generating report for test outcome: [MusicLab-API] Get Feature Instrument:[Negative Case] Get Single List Instruments Invalid ID

09:15:27.699 [pool-4-thread-3] DEBUG serenity.reporting - Generated report 90d8757aefcb61d92675691e2feb48519615dbeb1162ef9b51de3c6f77380500.html in 32 ms

09:15:27.699 [pool-4-thread-3] DEBUG net.thucydides.core.reports.ReportService - Processing test outcome Delete genre:Delete invalid parameter genre done

09:15:27.699 [pool-4-thread-3] DEBUG net.thucydides.core.reports.ReportService - Processing test outcome [MusicLab-API] Get Feature Instrument:[Positive Case] Get Single List Instruments Valid ID

09:15:27.699 [pool-4-thread-3] INFO net.thucydides.core.reports.ReportService - net.thucydides.core.reports.html.HtmlAcceptanceTestReporter@6e2a159b: Generating report for test outcome: [MusicLab-API] Get Feature Instrument:[Positive Case] Get Single List Instruments Valid ID

09:15:27.701 [pool-4-thread-12] DEBUG serenity.reporting - Generated report e77f5a63b67408558e4998ec887fe0c29d36d2e8df0b33d980b457693a847200.html in 43 ms

09:15:27.701 [pool-4-thread-12] DEBUG net.thucydides.core.reports.ReportService - Processing test outcome Post Create Message:Create message with invalid path done

09:15:27.701 [pool-4-thread-12] DEBUG net.thucydides.core.reports.ReportService - Processing test outcome [MusicLab-API] Post Feature Instrument:[Negative Case] Post Create Mentors Instruments Invalid JSON

09:15:27.701 [pool-4-thread-12] INFO net.thucydides.core.reports.ReportService - net.thucydides.core.reports.html.HtmlAcceptanceTestReporter@6e2a159b: Generating report for test outcome: [MusicLab-API] Post Feature Instrument:[Negative Case] Post Create Mentors Instruments Invalid JSON

09:15:27.701 [pool-4-thread-10] DEBUG serenity.reporting - Generated report 33c6485e80c20a125cbff5a705494c0266172db88053ebb4fba19a8562ad352e.html in 96 ms

09:15:27.701 [pool-4-thread-10] DEBUG net.thucydides.core.reports.ReportService - Processing test outcome Register student:Register student blank data done

09:15:27.701 [pool-4-thread-10] DEBUG net.thucydides.core.reports.ReportService - Processing test outcome [MusicLab-API] Post Feature Instrument:[Negative Case] Post Create Mentors Instruments No Auth

09:15:27.701 [pool-4-thread-10] INFO net.thucydides.core.reports.ReportService - net.thucydides.core.reports.html.HtmlAcceptanceTestReporter@6e2a159b: Generating report for test outcome: [MusicLab-API] Post Feature Instrument:[Negative Case] Post Create Mentors Instruments No Auth

09:15:27.702 [pool-4-thread-12] DEBUG net.thucydides.core.requirements.BaseRequirementsService - Requirement found for test outcome [Negative Case] Post Create Mentors Instruments Invalid JSON-[]: Optional[Requirement{name='[MusicLab-API] Post Feature Instrument', type='feature' parent = 'Instrument', cardNumber='null'}]

09:15:27.702 [pool-4-thread-5] DEBUG net.thucydides.core.requirements.BaseRequirementsService - Requirement found for test outcome [Negative Case] Get Single List Instruments Invalid ID-[]: Optional[Requirement{name='[MusicLab-API] Get Feature Instrument', type='feature' parent = 'Instrument', cardNumber='null'}]

09:15:27.702 [pool-4-thread-10] DEBUG net.thucydides.core.requirements.BaseRequirementsService - Requirement found for test outcome [Negative Case] Post Create Mentors Instruments No Auth-[]: Optional[Requirement{name='[MusicLab-API] Post Feature Instrument', type='feature' parent = 'Instrument', cardNumber='null'}]

09:15:27.703 [pool-4-thread-12] DEBUG net.thucydides.core.requirements.BaseRequirementsService - Requirement found for test outcome [Negative Case] Post Create Mentors Instruments Invalid JSON-[]: Optional[Requirement{name='[MusicLab-API] Post Feature Instrument', type='feature' parent = 'Instrument', cardNumber='null'}]

09:15:27.703 [pool-4-thread-10] DEBUG net.thucydides.core.requirements.BaseRequirementsService - Requirement found for test outcome [Negative Case] Post Create Mentors Instruments No Auth-[]: Optional[Requirement{name='[MusicLab-API] Post Feature Instrument', type='feature' parent = 'Instrument', cardNumber='null'}]

09:15:27.704 [pool-4-thread-12] DEBUG serenity.reporting - Generating report in b6e75fe0a34d9ed68c70fa1f223ec218bbdba8d0551423372ed6521fd35866dc.html

09:15:27.704 [pool-4-thread-3] DEBUG net.thucydides.core.requirements.BaseRequirementsService - Requirement found for test outcome [Positive Case] Get Single List Instruments Valid ID-[]: Optional[Requirement{name='[MusicLab-API] Get Feature Instrument', type='feature' parent = 'Instrument', cardNumber='null'}]

09:15:27.705 [pool-4-thread-5] DEBUG net.thucydides.core.requirements.BaseRequirementsService - Requirement found for test outcome [Negative Case] Get Single List Instruments Invalid ID-[]: Optional[Requirement{name='[MusicLab-API] Get Feature Instrument', type='feature' parent = 'Instrument', cardNumber='null'}]

09:15:27.706 [pool-4-thread-5] DEBUG serenity.reporting - Generating report in 7f3566fb4308e056ca08a47f88de717eba6a9b029e09fb9a054c6192257ace2c.html

09:15:27.708 [pool-4-thread-3] DEBUG net.thucydides.core.requirements.BaseRequirementsService - Requirement found for test outcome [Positive Case] Get Single List Instruments Valid ID-[]: Optional[Requirement{name='[MusicLab-API] Get Feature Instrument', type='feature' parent = 'Instrument', cardNumber='null'}]

09:15:27.704 [pool-4-thread-10] DEBUG serenity.reporting - Generating report in af1466510640949287c3d6ca2cc42437f53688122c2b55bf3dc874835f8ccc80.html

09:15:27.704 [pool-4-thread-2] DEBUG serenity.reporting - Generated report f5393d1ce54e5fbc3755cbbf18b8547aa6bbcfff7e9dde06a6bf52139fa28ee9.html in 21 ms

09:15:27.708 [pool-4-thread-2] DEBUG net.thucydides.core.reports.ReportService - Processing test outcome Mentor post genre:mentor post genre with no authorization done

09:15:27.708 [pool-4-thread-2] DEBUG net.thucydides.core.reports.ReportService - Processing test outcome [MusicLab-API] Post Feature Instrument:[Positive Case] Post Create Mentors Instruments Valid JSON

09:15:27.708 [pool-4-thread-2] INFO net.thucydides.core.reports.ReportService - net.thucydides.core.reports.html.HtmlAcceptanceTestReporter@6e2a159b: Generating report for test outcome: [MusicLab-API] Post Feature Instrument:[Positive Case] Post Create Mentors Instruments Valid JSON

09:15:27.709 [pool-4-thread-7] DEBUG serenity.reporting - Generated report 6a72e5d4a6ba74c9305e79af64dc7c9e8a1d36467cb359f220008fc04d066e71.html in 17 ms

09:15:27.709 [pool-4-thread-7] DEBUG net.thucydides.core.reports.ReportService - Processing test outcome Get all data about genre mentor:Get mentor genre invalid parameter done

09:15:27.709 [pool-4-thread-7] DEBUG net.thucydides.core.reports.ReportService - Processing test outcome [MusicLab-API] Delete Feature Instrument:[Negative Case] Delete Instruments Valid ID No Auth

09:15:27.709 [pool-4-thread-7] INFO net.thucydides.core.reports.ReportService - net.thucydides.core.reports.html.HtmlAcceptanceTestReporter@6e2a159b: Generating report for test outcome: [MusicLab-API] Delete Feature Instrument:[Negative Case] Delete Instruments Valid ID No Auth

09:15:27.709 [pool-4-thread-11] DEBUG serenity.reporting - Generated report 0e1701690d782336dfff2179b7193b999091602bb9bea526791a48433a29688b.html in 26 ms

09:15:27.709 [pool-4-thread-11] DEBUG net.thucydides.core.reports.ReportService - Processing test outcome Mentor post genre:Mentor post genre blank json done

09:15:27.709 [pool-4-thread-11] DEBUG net.thucydides.core.reports.ReportService - Processing test outcome [MusicLab-API] Delete Feature Instrument:[Negative Case] Delete Instruments Invalid ID

09:15:27.709 [pool-4-thread-11] INFO net.thucydides.core.reports.ReportService - net.thucydides.core.reports.html.HtmlAcceptanceTestReporter@6e2a159b: Generating report for test outcome: [MusicLab-API] Delete Feature Instrument:[Negative Case] Delete Instruments Invalid ID

09:15:27.709 [pool-4-thread-3] DEBUG serenity.reporting - Generating report in 24d536097e598d2c093f4bf9ee5bed4f084f767f5943e6b4b92daf335935246b.html

09:15:27.709 [pool-4-thread-9] DEBUG serenity.reporting - Generated report b66aaecfb571a16cd0c7f1262811bf180e2023c65669c949862dc7fa8ccdd333.html in 61 ms

09:15:27.709 [pool-4-thread-9] DEBUG net.thucydides.core.reports.ReportService - Processing test outcome MusicLab API Automation Testing Capstone Project:Get all class by ID Mentor valid done

09:15:27.709 [pool-4-thread-9] DEBUG net.thucydides.core.reports.ReportService - Processing test outcome [MusicLab-API] Delete Feature Instrument:[Negative Case] Delete Instruments Blank ID

09:15:27.709 [pool-4-thread-9] INFO net.thucydides.core.reports.ReportService - net.thucydides.core.reports.html.HtmlAcceptanceTestReporter@6e2a159b: Generating report for test outcome: [MusicLab-API] Delete Feature Instrument:[Negative Case] Delete Instruments Blank ID

09:15:27.709 [pool-4-thread-7] DEBUG net.thucydides.core.requirements.BaseRequirementsService - Requirement found for test outcome [Negative Case] Delete Instruments Valid ID No Auth-[]: Optional[Requirement{name='[MusicLab-API] Delete Feature Instrument', type='feature' parent = 'Instrument', cardNumber='null'}]

09:15:27.710 [pool-4-thread-11] DEBUG net.thucydides.core.requirements.BaseRequirementsService - Requirement found for test outcome [Negative Case] Delete Instruments Invalid ID-[]: Optional[Requirement{name='[MusicLab-API] Delete Feature Instrument', type='feature' parent = 'Instrument', cardNumber='null'}]

09:15:27.710 [pool-4-thread-7] DEBUG net.thucydides.core.requirements.BaseRequirementsService - Requirement found for test outcome [Negative Case] Delete Instruments Valid ID No Auth-[]: Optional[Requirement{name='[MusicLab-API] Delete Feature Instrument', type='feature' parent = 'Instrument', cardNumber='null'}]

09:15:27.710 [pool-4-thread-11] DEBUG net.thucydides.core.requirements.BaseRequirementsService - Requirement found for test outcome [Negative Case] Delete Instruments Invalid ID-[]: Optional[Requirement{name='[MusicLab-API] Delete Feature Instrument', type='feature' parent = 'Instrument', cardNumber='null'}]

09:15:27.710 [pool-4-thread-9] DEBUG net.thucydides.core.requirements.BaseRequirementsService - Requirement found for test outcome [Negative Case] Delete Instruments Blank ID-[]: Optional[Requirement{name='[MusicLab-API] Delete Feature Instrument', type='feature' parent = 'Instrument', cardNumber='null'}]

09:15:27.711 [pool-4-thread-9] DEBUG net.thucydides.core.requirements.BaseRequirementsService - Requirement found for test outcome [Negative Case] Delete Instruments Blank ID-[]: Optional[Requirement{name='[MusicLab-API] Delete Feature Instrument', type='feature' parent = 'Instrument', cardNumber='null'}]

09:15:27.711 [pool-4-thread-7] DEBUG serenity.reporting - Generating report in 91459aebbd3ceaffea1f2007136d4c4557ce68e3f4dd15abaf4f9057f162ec45.html

09:15:27.711 [pool-4-thread-11] DEBUG serenity.reporting - Generating report in 61e7f80c9cbda54e9d1c6fc137e4c51bd10175df352233bdeae561b7329f744e.html

09:15:27.712 [pool-4-thread-9] DEBUG serenity.reporting - Generating report in 481043b156a3e6937c3dceff56d9d91913f50189ed20a9a966eafba5c9ce14de.html

09:15:27.714 [pool-4-thread-2] DEBUG net.thucydides.core.requirements.BaseRequirementsService - Requirement found for test outcome [Positive Case] Post Create Mentors Instruments Valid JSON-[]: Optional[Requirement{name='[MusicLab-API] Post Feature Instrument', type='feature' parent = 'Instrument', cardNumber='null'}]

09:15:27.720 [pool-4-thread-2] DEBUG net.thucydides.core.requirements.BaseRequirementsService - Requirement found for test outcome [Positive Case] Post Create Mentors Instruments Valid JSON-[]: Optional[Requirement{name='[MusicLab-API] Post Feature Instrument', type='feature' parent = 'Instrument', cardNumber='null'}]

09:15:27.745 [pool-4-thread-1] DEBUG serenity.reporting - Generated report a389734b6cc44ee108778d1c788b19256c744b15cabbdfc0ce358690ba6c3350.html in 93 ms

09:15:27.745 [pool-4-thread-1] DEBUG net.thucydides.core.reports.ReportService - Processing test outcome MusicLab API Automation Testing Capstone Project:Put or edit a class valid json all parameters done

09:15:27.745 [pool-4-thread-1] DEBUG net.thucydides.core.reports.ReportService - Processing test outcome [MusicLab-API] Delete Feature Instrument:[Positive Case] Delete Instruments Valid ID

09:15:27.745 [pool-4-thread-1] INFO net.thucydides.core.reports.ReportService - net.thucydides.core.reports.html.HtmlAcceptanceTestReporter@6e2a159b: Generating report for test outcome: [MusicLab-API] Delete Feature Instrument:[Positive Case] Delete Instruments Valid ID

09:15:27.745 [pool-4-thread-6] DEBUG serenity.reporting - Generated report 4ca8db89d6264cc5e43b5147dfc80d795d80ed80a8e4acb3b1bb37fd251f62d5.html in 50 ms

09:15:27.745 [pool-4-thread-6] DEBUG net.thucydides.core.reports.ReportService - Processing test outcome Get all data about genre mentor:Get mentor genre blank parameter done

09:15:27.745 [pool-4-thread-6] DEBUG net.thucydides.core.reports.ReportService - Processing test outcome [MusicLab-API] Get Feature Mentors:[Negative Case] Get All List Mentors With Invalid Parameters

09:15:27.745 [pool-4-thread-6] INFO net.thucydides.core.reports.ReportService - net.thucydides.core.reports.html.HtmlAcceptanceTestReporter@6e2a159b: Generating report for test outcome: [MusicLab-API] Get Feature Mentors:[Negative Case] Get All List Mentors With Invalid Parameters

09:15:27.746 [pool-4-thread-6] DEBUG net.thucydides.core.requirements.BaseRequirementsService - Requirement found for test outcome [Negative Case] Get All List Mentors With Invalid Parameters-[]: Optional[Requirement{name='[MusicLab-API] Get Feature Mentors', type='feature' parent = 'Mentor', cardNumber='null'}]

09:15:27.746 [pool-4-thread-6] DEBUG net.thucydides.core.requirements.BaseRequirementsService - Requirement found for test outcome [Negative Case] Get All List Mentors With Invalid Parameters-[]: Optional[Requirement{name='[MusicLab-API] Get Feature Mentors', type='feature' parent = 'Mentor', cardNumber='null'}]

09:15:27.747 [pool-4-thread-2] DEBUG serenity.reporting - Generating report in 525c23922631a83865562efd5c32ba0866202f835947df9adac402d9a0ed1331.html

09:15:27.749 [pool-4-thread-6] DEBUG serenity.reporting - Generating report in ebbf6c9807e3083d0d74e66d5b10a4ee50c28de487e6c379397127f2cb5dbef3.html

09:15:27.750 [pool-4-thread-1] DEBUG net.thucydides.core.requirements.BaseRequirementsService - Requirement found for test outcome [Positive Case] Delete Instruments Valid ID-[]: Optional[Requirement{name='[MusicLab-API] Delete Feature Instrument', type='feature' parent = 'Instrument', cardNumber='null'}]

09:15:27.751 [pool-4-thread-8] DEBUG serenity.reporting - Generated report bed3bf1a6a1d42722f4169826a5d0db7f93708c46169d33fbfb10b4d16ce349f.html in 63 ms

09:15:27.751 [pool-4-thread-8] DEBUG net.thucydides.core.reports.ReportService - Processing test outcome Mentor post genre:Mentor post genre with valid json done

09:15:27.751 [pool-4-thread-8] DEBUG net.thucydides.core.reports.ReportService - Processing test outcome [MusicLab-API] Get Feature Mentors:[Positive Case] Get All List Mentors Normal Condition

09:15:27.751 [pool-4-thread-8] INFO net.thucydides.core.reports.ReportService - net.thucydides.core.reports.html.HtmlAcceptanceTestReporter@6e2a159b: Generating report for test outcome: [MusicLab-API] Get Feature Mentors:[Positive Case] Get All List Mentors Normal Condition

09:15:27.753 [pool-4-thread-1] DEBUG net.thucydides.core.requirements.BaseRequirementsService - Requirement found for test outcome [Positive Case] Delete Instruments Valid ID-[]: Optional[Requirement{name='[MusicLab-API] Delete Feature Instrument', type='feature' parent = 'Instrument', cardNumber='null'}]

09:15:27.756 [pool-4-thread-1] DEBUG serenity.reporting - Generating report in dc6b1941c1541cb5f1df37e5282f23c5f3d79ab1ce861ae5e131ed6fdbbc4da0.html

09:15:27.759 [pool-4-thread-8] DEBUG net.thucydides.core.requirements.BaseRequirementsService - Requirement found for test outcome [Positive Case] Get All List Mentors Normal Condition-[]: Optional[Requirement{name='[MusicLab-API] Get Feature Mentors', type='feature' parent = 'Mentor', cardNumber='null'}]

09:15:27.762 [pool-4-thread-8] DEBUG net.thucydides.core.requirements.BaseRequirementsService - Requirement found for test outcome [Positive Case] Get All List Mentors Normal Condition-[]: Optional[Requirement{name='[MusicLab-API] Get Feature Mentors', type='feature' parent = 'Mentor', cardNumber='null'}]

09:15:27.765 [pool-4-thread-8] DEBUG serenity.reporting - Generating report in ff7bd28f7be7495522a5c3f0cc59ff035bbb01f552ea41889de76ea205e9df28.html

09:15:27.774 [pool-4-thread-12] DEBUG serenity.reporting - Generated report b6e75fe0a34d9ed68c70fa1f223ec218bbdba8d0551423372ed6521fd35866dc.html in 70 ms

09:15:27.774 [pool-4-thread-12] DEBUG net.thucydides.core.reports.ReportService - Processing test outcome [MusicLab-API] Post Feature Instrument:[Negative Case] Post Create Mentors Instruments Invalid JSON done

09:15:27.774 [pool-4-thread-12] DEBUG net.thucydides.core.reports.ReportService - Processing test outcome [MusicLab-API] Get Feature Mentors:[Positive Case] Get All List Mentors With Valid Parameters

09:15:27.774 [pool-4-thread-12] INFO net.thucydides.core.reports.ReportService - net.thucydides.core.reports.html.HtmlAcceptanceTestReporter@6e2a159b: Generating report for test outcome: [MusicLab-API] Get Feature Mentors:[Positive Case] Get All List Mentors With Valid Parameters

09:15:27.774 [pool-4-thread-11] DEBUG serenity.reporting - Generated report 61e7f80c9cbda54e9d1c6fc137e4c51bd10175df352233bdeae561b7329f744e.html in 63 ms

09:15:27.774 [pool-4-thread-11] DEBUG net.thucydides.core.reports.ReportService - Processing test outcome [MusicLab-API] Delete Feature Instrument:[Negative Case] Delete Instruments Invalid ID done

09:15:27.774 [pool-4-thread-11] DEBUG net.thucydides.core.reports.ReportService - Processing test outcome [MusicLab-API] Get Feature Mentors:[Positive Case] Get All List Mentors Top Week

09:15:27.774 [pool-4-thread-11] INFO net.thucydides.core.reports.ReportService - net.thucydides.core.reports.html.HtmlAcceptanceTestReporter@6e2a159b: Generating report for test outcome: [MusicLab-API] Get Feature Mentors:[Positive Case] Get All List Mentors Top Week

09:15:27.775 [pool-4-thread-9] DEBUG serenity.reporting - Generated report 481043b156a3e6937c3dceff56d9d91913f50189ed20a9a966eafba5c9ce14de.html in 63 ms

09:15:27.777 [pool-4-thread-9] DEBUG net.thucydides.core.reports.ReportService - Processing test outcome [MusicLab-API] Delete Feature Instrument:[Negative Case] Delete Instruments Blank ID done

09:15:27.777 [pool-4-thread-9] DEBUG net.thucydides.core.reports.ReportService - Processing test outcome [MusicLab-API] Get Feature Mentors:[Negative Case] Get Single List Mentors With Invalid ID

09:15:27.777 [pool-4-thread-9] INFO net.thucydides.core.reports.ReportService - net.thucydides.core.reports.html.HtmlAcceptanceTestReporter@6e2a159b: Generating report for test outcome: [MusicLab-API] Get Feature Mentors:[Negative Case] Get Single List Mentors With Invalid ID

09:15:27.777 [pool-4-thread-3] DEBUG serenity.reporting - Generated report 24d536097e598d2c093f4bf9ee5bed4f084f767f5943e6b4b92daf335935246b.html in 68 ms

09:15:27.777 [pool-4-thread-3] DEBUG net.thucydides.core.reports.ReportService - Processing test outcome [MusicLab-API] Get Feature Instrument:[Positive Case] Get Single List Instruments Valid ID done

09:15:27.777 [pool-4-thread-3] DEBUG net.thucydides.core.reports.ReportService - Processing test outcome [MusicLab-API] Get Feature Mentors:[Negative Case] Get Single List Mentors With Blank ID

09:15:27.777 [pool-4-thread-3] INFO net.thucydides.core.reports.ReportService - net.thucydides.core.reports.html.HtmlAcceptanceTestReporter@6e2a159b: Generating report for test outcome: [MusicLab-API] Get Feature Mentors:[Negative Case] Get Single List Mentors With Blank ID

09:15:27.780 [pool-4-thread-12] DEBUG net.thucydides.core.requirements.BaseRequirementsService - Requirement found for test outcome [Positive Case] Get All List Mentors With Valid Parameters-[]: Optional[Requirement{name='[MusicLab-API] Get Feature Mentors', type='feature' parent = 'Mentor', cardNumber='null'}]

09:15:27.780 [pool-4-thread-11] DEBUG net.thucydides.core.requirements.BaseRequirementsService - Requirement found for test outcome [Positive Case] Get All List Mentors Top Week-[]: Optional[Requirement{name='[MusicLab-API] Get Feature Mentors', type='feature' parent = 'Mentor', cardNumber='null'}]

09:15:27.782 [pool-4-thread-4] DEBUG serenity.reporting - Generated report f05fe855314f60f915cc5a75d76cacd4f24d274ee9dd0939638b165237c69553.html in 99 ms

09:15:27.782 [pool-4-thread-4] DEBUG net.thucydides.core.reports.ReportService - Processing test outcome [MusicLab-API] Get Feature Instrument:[Positive Case] Get All List Instruments Normal Condition done

09:15:27.782 [pool-4-thread-4] DEBUG net.thucydides.core.reports.ReportService - Processing test outcome [MusicLab-API] Get Feature Mentors:[Positive Case] Get Single Mentor Profile

09:15:27.782 [pool-4-thread-4] INFO net.thucydides.core.reports.ReportService - net.thucydides.core.reports.html.HtmlAcceptanceTestReporter@6e2a159b: Generating report for test outcome: [MusicLab-API] Get Feature Mentors:[Positive Case] Get Single Mentor Profile

09:15:27.782 [pool-4-thread-8] DEBUG serenity.reporting - Generated report ff7bd28f7be7495522a5c3f0cc59ff035bbb01f552ea41889de76ea205e9df28.html in 17 ms

09:15:27.783 [pool-4-thread-8] DEBUG net.thucydides.core.reports.ReportService - Processing test outcome [MusicLab-API] Get Feature Mentors:[Positive Case] Get All List Mentors Normal Condition done

09:15:27.783 [pool-4-thread-8] DEBUG net.thucydides.core.reports.ReportService - Processing test outcome [MusicLab-API] Get Feature Mentors:[Positive Case] Get Single List Mentors With Valid ID

09:15:27.783 [pool-4-thread-8] INFO net.thucydides.core.reports.ReportService - net.thucydides.core.reports.html.HtmlAcceptanceTestReporter@6e2a159b: Generating report for test outcome: [MusicLab-API] Get Feature Mentors:[Positive Case] Get Single List Mentors With Valid ID

09:15:27.783 [pool-4-thread-11] DEBUG net.thucydides.core.requirements.BaseRequirementsService - Requirement found for test outcome [Positive Case] Get All List Mentors Top Week-[]: Optional[Requirement{name='[MusicLab-API] Get Feature Mentors', type='feature' parent = 'Mentor', cardNumber='null'}]

09:15:27.784 [pool-4-thread-12] DEBUG net.thucydides.core.requirements.BaseRequirementsService - Requirement found for test outcome [Positive Case] Get All List Mentors With Valid Parameters-[]: Optional[Requirement{name='[MusicLab-API] Get Feature Mentors', type='feature' parent = 'Mentor', cardNumber='null'}]

09:15:27.785 [pool-4-thread-11] DEBUG serenity.reporting - Generating report in d7f08994660a825820b0950de104c12bd17ef98edc46b6e235c279eb04a35817.html

09:15:27.785 [pool-4-thread-9] DEBUG net.thucydides.core.requirements.BaseRequirementsService - Requirement found for test outcome [Negative Case] Get Single List Mentors With Invalid ID-[]: Optional[Requirement{name='[MusicLab-API] Get Feature Mentors', type='feature' parent = 'Mentor', cardNumber='null'}]

09:15:27.785 [pool-4-thread-2] DEBUG serenity.reporting - Generated report 525c23922631a83865562efd5c32ba0866202f835947df9adac402d9a0ed1331.html in 38 ms

09:15:27.785 [pool-4-thread-2] DEBUG net.thucydides.core.reports.ReportService - Processing test outcome [MusicLab-API] Post Feature Instrument:[Positive Case] Post Create Mentors Instruments Valid JSON done

09:15:27.786 [pool-4-thread-2] DEBUG net.thucydides.core.reports.ReportService - Processing test outcome [MusicLab-API] Post Feature Mentors:[Negative Case] Post Create Mentors Credential With Invalid JSON

09:15:27.786 [pool-4-thread-2] INFO net.thucydides.core.reports.ReportService - net.thucydides.core.reports.html.HtmlAcceptanceTestReporter@6e2a159b: Generating report for test outcome: [MusicLab-API] Post Feature Mentors:[Negative Case] Post Create Mentors Credential With Invalid JSON

09:15:27.786 [pool-4-thread-5] DEBUG serenity.reporting - Generated report 7f3566fb4308e056ca08a47f88de717eba6a9b029e09fb9a054c6192257ace2c.html in 80 ms

09:15:27.786 [pool-4-thread-5] DEBUG net.thucydides.core.reports.ReportService - Processing test outcome [MusicLab-API] Get Feature Instrument:[Negative Case] Get Single List Instruments Invalid ID done

09:15:27.786 [pool-4-thread-5] DEBUG net.thucydides.core.reports.ReportService - Processing test outcome [MusicLab-API] Post Feature Mentors:[Negative Case] Post Create Mentors Credential With Valid JSON No Auth

09:15:27.786 [pool-4-thread-5] INFO net.thucydides.core.reports.ReportService - net.thucydides.core.reports.html.HtmlAcceptanceTestReporter@6e2a159b: Generating report for test outcome: [MusicLab-API] Post Feature Mentors:[Negative Case] Post Create Mentors Credential With Valid JSON No Auth

09:15:27.786 [pool-4-thread-2] DEBUG net.thucydides.core.requirements.BaseRequirementsService - Requirement found for test outcome [Negative Case] Post Create Mentors Credential With Invalid JSON-[]: Optional[Requirement{name='[MusicLab-API] Post Feature Mentors', type='feature' parent = 'Mentor', cardNumber='null'}]

09:15:27.787 [pool-4-thread-2] DEBUG net.thucydides.core.requirements.BaseRequirementsService - Requirement found for test outcome [Negative Case] Post Create Mentors Credential With Invalid JSON-[]: Optional[Requirement{name='[MusicLab-API] Post Feature Mentors', type='feature' parent = 'Mentor', cardNumber='null'}]

09:15:27.787 [pool-4-thread-5] DEBUG net.thucydides.core.requirements.BaseRequirementsService - Requirement found for test outcome [Negative Case] Post Create Mentors Credential With Valid JSON No Auth-[]: Optional[Requirement{name='[MusicLab-API] Post Feature Mentors', type='feature' parent = 'Mentor', cardNumber='null'}]

09:15:27.787 [pool-4-thread-10] DEBUG serenity.reporting - Generated report af1466510640949287c3d6ca2cc42437f53688122c2b55bf3dc874835f8ccc80.html in 83 ms

09:15:27.787 [pool-4-thread-10] DEBUG net.thucydides.core.reports.ReportService - Processing test outcome [MusicLab-API] Post Feature Instrument:[Negative Case] Post Create Mentors Instruments No Auth done

09:15:27.787 [pool-4-thread-10] DEBUG net.thucydides.core.reports.ReportService - Processing test outcome [MusicLab-API] Post Feature Mentors:[Negative Case] Post Create Mentors Credential With Oversize Image

09:15:27.787 [pool-4-thread-10] INFO net.thucydides.core.reports.ReportService - net.thucydides.core.reports.html.HtmlAcceptanceTestReporter@6e2a159b: Generating report for test outcome: [MusicLab-API] Post Feature Mentors:[Negative Case] Post Create Mentors Credential With Oversize Image

09:15:27.788 [pool-4-thread-5] DEBUG net.thucydides.core.requirements.BaseRequirementsService - Requirement found for test outcome [Negative Case] Post Create Mentors Credential With Valid JSON No Auth-[]: Optional[Requirement{name='[MusicLab-API] Post Feature Mentors', type='feature' parent = 'Mentor', cardNumber='null'}]

09:15:27.788 [pool-4-thread-9] DEBUG net.thucydides.core.requirements.BaseRequirementsService - Requirement found for test outcome [Negative Case] Get Single List Mentors With Invalid ID-[]: Optional[Requirement{name='[MusicLab-API] Get Feature Mentors', type='feature' parent = 'Mentor', cardNumber='null'}]

09:15:27.783 [pool-4-thread-3] DEBUG net.thucydides.core.requirements.BaseRequirementsService - Requirement found for test outcome [Negative Case] Get Single List Mentors With Blank ID-[]: Optional[Requirement{name='[MusicLab-API] Get Feature Mentors', type='feature' parent = 'Mentor', cardNumber='null'}]

09:15:27.788 [pool-4-thread-10] DEBUG net.thucydides.core.requirements.BaseRequirementsService - Requirement found for test outcome [Negative Case] Post Create Mentors Credential With Oversize Image-[]: Optional[Requirement{name='[MusicLab-API] Post Feature Mentors', type='feature' parent = 'Mentor', cardNumber='null'}]

09:15:27.788 [pool-4-thread-2] DEBUG serenity.reporting - Generating report in 2c6c1478c9f9e1d68f88b0d1caf185f38063b6089ee83ad21d5509db9d678eb8.html

09:15:27.788 [pool-4-thread-10] DEBUG net.thucydides.core.requirements.BaseRequirementsService - Requirement found for test outcome [Negative Case] Post Create Mentors Credential With Oversize Image-[]: Optional[Requirement{name='[MusicLab-API] Post Feature Mentors', type='feature' parent = 'Mentor', cardNumber='null'}]

09:15:27.789 [pool-4-thread-5] DEBUG serenity.reporting - Generating report in df85cc3eb9a7a5495884571eb8666798cc86b53232828ce945580671109a20dd.html

09:15:27.785 [pool-4-thread-12] DEBUG serenity.reporting - Generating report in d862ccbf9aa41f4b68f5bba5560f78dd5199506ad39e35f1b84c6edb1af75350.html

09:15:27.789 [pool-4-thread-9] DEBUG serenity.reporting - Generating report in 69360d5fd182a0f83304bb9ea48e0804575c3d906e2479ccaf15a4b8a08f1157.html

09:15:27.789 [pool-4-thread-10] DEBUG serenity.reporting - Generating report in 17883f69c94e22421c252116f3f56e30b7690036191e91f646b3b94001f70d7a.html

09:15:27.788 [pool-4-thread-4] DEBUG net.thucydides.core.requirements.BaseRequirementsService - Requirement found for test outcome [Positive Case] Get Single Mentor Profile-[]: Optional[Requirement{name='[MusicLab-API] Get Feature Mentors', type='feature' parent = 'Mentor', cardNumber='null'}]

09:15:27.799 [pool-4-thread-4] DEBUG net.thucydides.core.requirements.BaseRequirementsService - Requirement found for test outcome [Positive Case] Get Single Mentor Profile-[]: Optional[Requirement{name='[MusicLab-API] Get Feature Mentors', type='feature' parent = 'Mentor', cardNumber='null'}]

09:15:27.799 [pool-4-thread-5] DEBUG serenity.reporting - Generated report df85cc3eb9a7a5495884571eb8666798cc86b53232828ce945580671109a20dd.html in 10 ms

09:15:27.799 [pool-4-thread-5] DEBUG net.thucydides.core.reports.ReportService - Processing test outcome [MusicLab-API] Post Feature Mentors:[Negative Case] Post Create Mentors Credential With Valid JSON No Auth done

09:15:27.799 [pool-4-thread-5] DEBUG net.thucydides.core.reports.ReportService - Processing test outcome [MusicLab-API] Post Feature Mentors:[Positive Case] Post Create Mentors Credential With Valid JSON

09:15:27.799 [pool-4-thread-5] INFO net.thucydides.core.reports.ReportService - net.thucydides.core.reports.html.HtmlAcceptanceTestReporter@6e2a159b: Generating report for test outcome: [MusicLab-API] Post Feature Mentors:[Positive Case] Post Create Mentors Credential With Valid JSON

09:15:27.788 [pool-4-thread-8] DEBUG net.thucydides.core.requirements.BaseRequirementsService - Requirement found for test outcome [Positive Case] Get Single List Mentors With Valid ID-[]: Optional[Requirement{name='[MusicLab-API] Get Feature Mentors', type='feature' parent = 'Mentor', cardNumber='null'}]

09:15:27.802 [pool-4-thread-6] DEBUG serenity.reporting - Generated report ebbf6c9807e3083d0d74e66d5b10a4ee50c28de487e6c379397127f2cb5dbef3.html in 53 ms

09:15:27.802 [pool-4-thread-6] DEBUG net.thucydides.core.reports.ReportService - Processing test outcome [MusicLab-API] Get Feature Mentors:[Negative Case] Get All List Mentors With Invalid Parameters done

09:15:27.802 [pool-4-thread-6] DEBUG net.thucydides.core.reports.ReportService - Processing test outcome [MusicLab-API] Put Feature Mentors:[Negative Case] Put Update Mentors Password With Invalid JSON

09:15:27.802 [pool-4-thread-6] INFO net.thucydides.core.reports.ReportService - net.thucydides.core.reports.html.HtmlAcceptanceTestReporter@6e2a159b: Generating report for test outcome: [MusicLab-API] Put Feature Mentors:[Negative Case] Put Update Mentors Password With Invalid JSON

09:15:27.803 [pool-4-thread-8] DEBUG net.thucydides.core.requirements.BaseRequirementsService - Requirement found for test outcome [Positive Case] Get Single List Mentors With Valid ID-[]: Optional[Requirement{name='[MusicLab-API] Get Feature Mentors', type='feature' parent = 'Mentor', cardNumber='null'}]

09:15:27.803 [pool-4-thread-6] DEBUG net.thucydides.core.requirements.BaseRequirementsService - Requirement found for test outcome [Negative Case] Put Update Mentors Password With Invalid JSON-[]: Optional[Requirement{name='[MusicLab-API] Put Feature Mentors', type='feature' parent = 'Mentor', cardNumber='null'}]

09:15:27.804 [pool-4-thread-6] DEBUG net.thucydides.core.requirements.BaseRequirementsService - Requirement found for test outcome [Negative Case] Put Update Mentors Password With Invalid JSON-[]: Optional[Requirement{name='[MusicLab-API] Put Feature Mentors', type='feature' parent = 'Mentor', cardNumber='null'}]

09:15:27.804 [pool-4-thread-8] DEBUG serenity.reporting - Generating report in 179447959a3d5516a9e1af09e88baf01621954c40365a6947b03fdaa35db72e6.html

09:15:27.805 [pool-4-thread-5] DEBUG net.thucydides.core.requirements.BaseRequirementsService - Requirement found for test outcome [Positive Case] Post Create Mentors Credential With Valid JSON-[]: Optional[Requirement{name='[MusicLab-API] Post Feature Mentors', type='feature' parent = 'Mentor', cardNumber='null'}]

09:15:27.805 [pool-4-thread-6] DEBUG serenity.reporting - Generating report in 870f2ec59704d3cdfa2000e6e867abc31d753f65916a31bd3cccc8f23e27ee9f.html

09:15:27.802 [pool-4-thread-4] DEBUG serenity.reporting - Generating report in 32b13442ef78825095038ce3df040db827e90a7d3ba8e2b9439027888de28523.html

09:15:27.807 [pool-4-thread-5] DEBUG net.thucydides.core.requirements.BaseRequirementsService - Requirement found for test outcome [Positive Case] Post Create Mentors Credential With Valid JSON-[]: Optional[Requirement{name='[MusicLab-API] Post Feature Mentors', type='feature' parent = 'Mentor', cardNumber='null'}]

09:15:27.808 [pool-4-thread-5] DEBUG serenity.reporting - Generating report in fbe5ff59824882bcbad73f30ef56748587fe60cc93c5b1c2dfac5c900b2c1374.html

09:15:27.808 [pool-4-thread-10] DEBUG serenity.reporting - Generated report 17883f69c94e22421c252116f3f56e30b7690036191e91f646b3b94001f70d7a.html in 19 ms

09:15:27.808 [pool-4-thread-2] DEBUG serenity.reporting - Generated report 2c6c1478c9f9e1d68f88b0d1caf185f38063b6089ee83ad21d5509db9d678eb8.html in 20 ms

09:15:27.808 [pool-4-thread-10] DEBUG net.thucydides.core.reports.ReportService - Processing test outcome [MusicLab-API] Post Feature Mentors:[Negative Case] Post Create Mentors Credential With Oversize Image done

09:15:27.808 [pool-4-thread-2] DEBUG net.thucydides.core.reports.ReportService - Processing test outcome [MusicLab-API] Post Feature Mentors:[Negative Case] Post Create Mentors Credential With Invalid JSON done

09:15:27.808 [pool-4-thread-2] DEBUG net.thucydides.core.reports.ReportService - Processing test outcome [MusicLab-API] Put Feature Mentors:[Negative Case] Put Update Mentors Password With Valid JSON No Authorized

09:15:27.808 [pool-4-thread-2] INFO net.thucydides.core.reports.ReportService - net.thucydides.core.reports.html.HtmlAcceptanceTestReporter@6e2a159b: Generating report for test outcome: [MusicLab-API] Put Feature Mentors:[Negative Case] Put Update Mentors Password With Valid JSON No Authorized

09:15:27.808 [pool-4-thread-10] DEBUG net.thucydides.core.reports.ReportService - Processing test outcome [MusicLab-API] Put Feature Mentors:[Positive Case] Put Update Mentors Password With Valid JSON

09:15:27.809 [pool-4-thread-10] INFO net.thucydides.core.reports.ReportService - net.thucydides.core.reports.html.HtmlAcceptanceTestReporter@6e2a159b: Generating report for test outcome: [MusicLab-API] Put Feature Mentors:[Positive Case] Put Update Mentors Password With Valid JSON

09:15:27.810 [pool-4-thread-2] DEBUG net.thucydides.core.requirements.BaseRequirementsService - Requirement found for test outcome [Negative Case] Put Update Mentors Password With Valid JSON No Authorized-[]: Optional[Requirement{name='[MusicLab-API] Put Feature Mentors', type='feature' parent = 'Mentor', cardNumber='null'}]

09:15:27.810 [pool-4-thread-2] DEBUG net.thucydides.core.requirements.BaseRequirementsService - Requirement found for test outcome [Negative Case] Put Update Mentors Password With Valid JSON No Authorized-[]: Optional[Requirement{name='[MusicLab-API] Put Feature Mentors', type='feature' parent = 'Mentor', cardNumber='null'}]

09:15:27.812 [pool-4-thread-2] DEBUG serenity.reporting - Generating report in a038655e1fe8f7af9e2bb691c110785f530c89f436da50a7b5b80f30abc93949.html

09:15:27.814 [pool-4-thread-7] DEBUG serenity.reporting - Generated report 91459aebbd3ceaffea1f2007136d4c4557ce68e3f4dd15abaf4f9057f162ec45.html in 103 ms

09:15:27.814 [pool-4-thread-7] DEBUG net.thucydides.core.reports.ReportService - Processing test outcome [MusicLab-API] Delete Feature Instrument:[Negative Case] Delete Instruments Valid ID No Auth done

09:15:27.814 [pool-4-thread-7] DEBUG net.thucydides.core.reports.ReportService - Processing test outcome [MusicLab-API] Put Feature Mentors:[Negative Case] Put Update Mentors Profile With Invalid JSON

09:15:27.814 [pool-4-thread-7] INFO net.thucydides.core.reports.ReportService - net.thucydides.core.reports.html.HtmlAcceptanceTestReporter@6e2a159b: Generating report for test outcome: [MusicLab-API] Put Feature Mentors:[Negative Case] Put Update Mentors Profile With Invalid JSON

09:15:27.814 [pool-4-thread-10] DEBUG net.thucydides.core.requirements.BaseRequirementsService - Requirement found for test outcome [Positive Case] Put Update Mentors Password With Valid JSON-[]: Optional[Requirement{name='[MusicLab-API] Put Feature Mentors', type='feature' parent = 'Mentor', cardNumber='null'}]

09:15:27.817 [pool-4-thread-10] DEBUG net.thucydides.core.requirements.BaseRequirementsService - Requirement found for test outcome [Positive Case] Put Update Mentors Password With Valid JSON-[]: Optional[Requirement{name='[MusicLab-API] Put Feature Mentors', type='feature' parent = 'Mentor', cardNumber='null'}]

09:15:27.819 [pool-4-thread-10] DEBUG serenity.reporting - Generating report in 59db1511cc674cbf641bff2b3f0000ae0f9850f8ad507706ad5d4280b521e359.html

09:15:27.819 [pool-4-thread-1] DEBUG serenity.reporting - Generated report dc6b1941c1541cb5f1df37e5282f23c5f3d79ab1ce861ae5e131ed6fdbbc4da0.html in 63 ms

09:15:27.819 [pool-4-thread-1] DEBUG net.thucydides.core.reports.ReportService - Processing test outcome [MusicLab-API] Delete Feature Instrument:[Positive Case] Delete Instruments Valid ID done

09:15:27.819 [pool-4-thread-1] DEBUG net.thucydides.core.reports.ReportService - Processing test outcome [MusicLab-API] Put Feature Mentors:[Negative Case] Put Update Mentors Profile With Valid JSON No Authorized

09:15:27.819 [pool-4-thread-1] INFO net.thucydides.core.reports.ReportService - net.thucydides.core.reports.html.HtmlAcceptanceTestReporter@6e2a159b: Generating report for test outcome: [MusicLab-API] Put Feature Mentors:[Negative Case] Put Update Mentors Profile With Valid JSON No Authorized

09:15:27.820 [pool-4-thread-12] DEBUG serenity.reporting - Generated report d862ccbf9aa41f4b68f5bba5560f78dd5199506ad39e35f1b84c6edb1af75350.html in 35 ms

09:15:27.821 [pool-4-thread-12] DEBUG net.thucydides.core.reports.ReportService - Processing test outcome [MusicLab-API] Get Feature Mentors:[Positive Case] Get All List Mentors With Valid Parameters done

09:15:27.821 [pool-4-thread-12] DEBUG net.thucydides.core.reports.ReportService - Processing test outcome [MusicLab-API] Put Feature Mentors:[Negative Case] Put Update Mentors Profile With Oversize Image

09:15:27.821 [pool-4-thread-12] INFO net.thucydides.core.reports.ReportService - net.thucydides.core.reports.html.HtmlAcceptanceTestReporter@6e2a159b: Generating report for test outcome: [MusicLab-API] Put Feature Mentors:[Negative Case] Put Update Mentors Profile With Oversize Image

09:15:27.823 [pool-4-thread-11] DEBUG serenity.reporting - Generated report d7f08994660a825820b0950de104c12bd17ef98edc46b6e235c279eb04a35817.html in 38 ms

09:15:27.823 [pool-4-thread-11] DEBUG net.thucydides.core.reports.ReportService - Processing test outcome [MusicLab-API] Get Feature Mentors:[Positive Case] Get All List Mentors Top Week done

09:15:27.823 [pool-4-thread-11] DEBUG net.thucydides.core.reports.ReportService - Processing test outcome [MusicLab-API] Put Feature Mentors:[Positive Case] Put Update Mentors Profile With Valid JSON

09:15:27.823 [pool-4-thread-11] INFO net.thucydides.core.reports.ReportService - net.thucydides.core.reports.html.HtmlAcceptanceTestReporter@6e2a159b: Generating report for test outcome: [MusicLab-API] Put Feature Mentors:[Positive Case] Put Update Mentors Profile With Valid JSON

09:15:27.824 [pool-4-thread-1] DEBUG net.thucydides.core.requirements.BaseRequirementsService - Requirement found for test outcome [Negative Case] Put Update Mentors Profile With Valid JSON No Authorized-[]: Optional[Requirement{name='[MusicLab-API] Put Feature Mentors', type='feature' parent = 'Mentor', cardNumber='null'}]

09:15:27.825 [pool-4-thread-12] DEBUG net.thucydides.core.requirements.BaseRequirementsService - Requirement found for test outcome [Negative Case] Put Update Mentors Profile With Oversize Image-[]: Optional[Requirement{name='[MusicLab-API] Put Feature Mentors', type='feature' parent = 'Mentor', cardNumber='null'}]

09:15:27.827 [pool-4-thread-1] DEBUG net.thucydides.core.requirements.BaseRequirementsService - Requirement found for test outcome [Negative Case] Put Update Mentors Profile With Valid JSON No Authorized-[]: Optional[Requirement{name='[MusicLab-API] Put Feature Mentors', type='feature' parent = 'Mentor', cardNumber='null'}]

09:15:27.827 [pool-4-thread-5] DEBUG serenity.reporting - Generated report fbe5ff59824882bcbad73f30ef56748587fe60cc93c5b1c2dfac5c900b2c1374.html in 19 ms

09:15:27.828 [pool-4-thread-5] DEBUG net.thucydides.core.reports.ReportService - Processing test outcome [MusicLab-API] Post Feature Mentors:[Positive Case] Post Create Mentors Credential With Valid JSON done

09:15:27.828 [pool-4-thread-5] DEBUG net.thucydides.core.reports.ReportService - Processing test outcome [MusicLab-API] Delete Feature Mentors:[Positive Case] Delete Mentors Without Authorized

09:15:27.828 [pool-4-thread-5] INFO net.thucydides.core.reports.ReportService - net.thucydides.core.reports.html.HtmlAcceptanceTestReporter@6e2a159b: Generating report for test outcome: [MusicLab-API] Delete Feature Mentors:[Positive Case] Delete Mentors Without Authorized

09:15:27.828 [pool-4-thread-12] DEBUG net.thucydides.core.requirements.BaseRequirementsService - Requirement found for test outcome [Negative Case] Put Update Mentors Profile With Oversize Image-[]: Optional[Requirement{name='[MusicLab-API] Put Feature Mentors', type='feature' parent = 'Mentor', cardNumber='null'}]

09:15:27.829 [pool-4-thread-5] DEBUG net.thucydides.core.requirements.BaseRequirementsService - Requirement found for test outcome [Positive Case] Delete Mentors Without Authorized-[]: Optional[Requirement{name='[MusicLab-API] Delete Feature Mentors', type='feature' parent = 'Mentor', cardNumber='null'}]

09:15:27.830 [pool-4-thread-5] DEBUG net.thucydides.core.requirements.BaseRequirementsService - Requirement found for test outcome [Positive Case] Delete Mentors Without Authorized-[]: Optional[Requirement{name='[MusicLab-API] Delete Feature Mentors', type='feature' parent = 'Mentor', cardNumber='null'}]

09:15:27.831 [pool-4-thread-12] DEBUG serenity.reporting - Generating report in 4185037c8ec041ace92761f12b93af65aafc7168e3b123197cdf13926aa8d981.html

09:15:27.831 [pool-4-thread-5] DEBUG serenity.reporting - Generating report in 082b0901204529166966c59d7e9911eb5682e32123a8282832f0cacf38058ca8.html

09:15:27.831 [pool-4-thread-6] DEBUG serenity.reporting - Generated report 870f2ec59704d3cdfa2000e6e867abc31d753f65916a31bd3cccc8f23e27ee9f.html in 26 ms

09:15:27.831 [pool-4-thread-6] DEBUG net.thucydides.core.reports.ReportService - Processing test outcome [MusicLab-API] Put Feature Mentors:[Negative Case] Put Update Mentors Password With Invalid JSON done

09:15:27.831 [pool-4-thread-6] DEBUG net.thucydides.core.reports.ReportService - Processing test outcome [MusicLab-API] Delete Feature Mentors:[Positive Case] Delete Mentors With Authorized

09:15:27.831 [pool-4-thread-6] INFO net.thucydides.core.reports.ReportService - net.thucydides.core.reports.html.HtmlAcceptanceTestReporter@6e2a159b: Generating report for test outcome: [MusicLab-API] Delete Feature Mentors:[Positive Case] Delete Mentors With Authorized

09:15:27.832 [pool-4-thread-10] DEBUG serenity.reporting - Generated report 59db1511cc674cbf641bff2b3f0000ae0f9850f8ad507706ad5d4280b521e359.html in 13 ms

09:15:27.832 [pool-4-thread-10] DEBUG net.thucydides.core.reports.ReportService - Processing test outcome [MusicLab-API] Put Feature Mentors:[Positive Case] Put Update Mentors Password With Valid JSON done

09:15:27.832 [pool-4-thread-10] DEBUG net.thucydides.core.reports.ReportService - Processing test outcome [MusicLab-API] Get Feature Review:[Positive Case] Get Single List review With valid ID

09:15:27.832 [pool-4-thread-10] INFO net.thucydides.core.reports.ReportService - net.thucydides.core.reports.html.HtmlAcceptanceTestReporter@6e2a159b: Generating report for test outcome: [MusicLab-API] Get Feature Review:[Positive Case] Get Single List review With valid ID

09:15:27.833 [pool-4-thread-10] DEBUG net.thucydides.core.requirements.BaseRequirementsService - Requirement found for test outcome [Positive Case] Get Single List review With valid ID-[]: Optional[Requirement{name='[MusicLab-API] Get Feature Review', type='feature' parent = 'Review', cardNumber='null'}]

09:15:27.836 [pool-4-thread-10] DEBUG net.thucydides.core.requirements.BaseRequirementsService - Requirement found for test outcome [Positive Case] Get Single List review With valid ID-[]: Optional[Requirement{name='[MusicLab-API] Get Feature Review', type='feature' parent = 'Review', cardNumber='null'}]

09:15:27.836 [pool-4-thread-11] DEBUG net.thucydides.core.requirements.BaseRequirementsService - Requirement found for test outcome [Positive Case] Put Update Mentors Profile With Valid JSON-[]: Optional[Requirement{name='[MusicLab-API] Put Feature Mentors', type='feature' parent = 'Mentor', cardNumber='null'}]

09:15:27.837 [pool-4-thread-4] DEBUG serenity.reporting - Generated report 32b13442ef78825095038ce3df040db827e90a7d3ba8e2b9439027888de28523.html in 35 ms

09:15:27.837 [pool-4-thread-4] DEBUG net.thucydides.core.reports.ReportService - Processing test outcome [MusicLab-API] Get Feature Mentors:[Positive Case] Get Single Mentor Profile done

09:15:27.837 [pool-4-thread-4] DEBUG net.thucydides.core.reports.ReportService - Processing test outcome [MusicLab-API] Get Feature Review:[Negative Case] Get Single List review With invalid ID

09:15:27.837 [pool-4-thread-4] INFO net.thucydides.core.reports.ReportService - net.thucydides.core.reports.html.HtmlAcceptanceTestReporter@6e2a159b: Generating report for test outcome: [MusicLab-API] Get Feature Review:[Negative Case] Get Single List review With invalid ID

09:15:27.838 [pool-4-thread-6] DEBUG net.thucydides.core.requirements.BaseRequirementsService - Requirement found for test outcome [Positive Case] Delete Mentors With Authorized-[]: Optional[Requirement{name='[MusicLab-API] Delete Feature Mentors', type='feature' parent = 'Mentor', cardNumber='null'}]

09:15:27.839 [pool-4-thread-10] DEBUG serenity.reporting - Generating report in ec2bbf317f91a4f486651c27fd101791bf25b4d2e15feeb04dae2590465fc657.html

09:15:27.840 [pool-4-thread-11] DEBUG net.thucydides.core.requirements.BaseRequirementsService - Requirement found for test outcome [Positive Case] Put Update Mentors Profile With Valid JSON-[]: Optional[Requirement{name='[MusicLab-API] Put Feature Mentors', type='feature' parent = 'Mentor', cardNumber='null'}]

09:15:27.841 [pool-4-thread-11] DEBUG serenity.reporting - Generating report in 3ce76c5d965b7202c1ac1b922bf2aaffb2ba6218e75502ad3ffc4d357a9c8796.html

09:15:27.841 [pool-4-thread-2] DEBUG serenity.reporting - Generated report a038655e1fe8f7af9e2bb691c110785f530c89f436da50a7b5b80f30abc93949.html in 29 ms

09:15:27.841 [pool-4-thread-2] DEBUG net.thucydides.core.reports.ReportService - Processing test outcome [MusicLab-API] Put Feature Mentors:[Negative Case] Put Update Mentors Password With Valid JSON No Authorized done

09:15:27.841 [pool-4-thread-2] DEBUG net.thucydides.core.reports.ReportService - Processing test outcome [MusicLab-API] Post Feature Review:[Negative Case] Post Create Review With inValid JSON

09:15:27.841 [pool-4-thread-2] INFO net.thucydides.core.reports.ReportService - net.thucydides.core.reports.html.HtmlAcceptanceTestReporter@6e2a159b: Generating report for test outcome: [MusicLab-API] Post Feature Review:[Negative Case] Post Create Review With inValid JSON

09:15:27.841 [pool-4-thread-6] DEBUG net.thucydides.core.requirements.BaseRequirementsService - Requirement found for test outcome [Positive Case] Delete Mentors With Authorized-[]: Optional[Requirement{name='[MusicLab-API] Delete Feature Mentors', type='feature' parent = 'Mentor', cardNumber='null'}]

09:15:27.841 [pool-4-thread-4] DEBUG net.thucydides.core.requirements.BaseRequirementsService - Requirement found for test outcome [Negative Case] Get Single List review With invalid ID-[]: Optional[Requirement{name='[MusicLab-API] Get Feature Review', type='feature' parent = 'Review', cardNumber='null'}]

09:15:27.842 [pool-4-thread-4] DEBUG net.thucydides.core.requirements.BaseRequirementsService - Requirement found for test outcome [Negative Case] Get Single List review With invalid ID-[]: Optional[Requirement{name='[MusicLab-API] Get Feature Review', type='feature' parent = 'Review', cardNumber='null'}]

09:15:27.842 [pool-4-thread-2] DEBUG net.thucydides.core.requirements.BaseRequirementsService - Requirement found for test outcome [Negative Case] Post Create Review With inValid JSON-[]: Optional[Requirement{name='[MusicLab-API] Post Feature Review', type='feature' parent = 'Review', cardNumber='null'}]

09:15:27.843 [pool-4-thread-2] DEBUG net.thucydides.core.requirements.BaseRequirementsService - Requirement found for test outcome [Negative Case] Post Create Review With inValid JSON-[]: Optional[Requirement{name='[MusicLab-API] Post Feature Review', type='feature' parent = 'Review', cardNumber='null'}]

09:15:27.843 [pool-4-thread-6] DEBUG serenity.reporting - Generating report in cfd6cd7f98e0ee818948fb311b5e5763ef2edcb81bf69dca074fdfb5138cc748.html

09:15:27.843 [pool-4-thread-4] DEBUG serenity.reporting - Generating report in 713c436cd52992b83ee295421dd27860bce8a560f9594e347c9dc2e402ee38e9.html

09:15:27.846 [pool-4-thread-12] DEBUG serenity.reporting - Generated report 4185037c8ec041ace92761f12b93af65aafc7168e3b123197cdf13926aa8d981.html in 15 ms

09:15:27.846 [pool-4-thread-7] DEBUG net.thucydides.core.requirements.BaseRequirementsService - Requirement found for test outcome [Negative Case] Put Update Mentors Profile With Invalid JSON-[]: Optional[Requirement{name='[MusicLab-API] Put Feature Mentors', type='feature' parent = 'Mentor', cardNumber='null'}]

09:15:27.846 [pool-4-thread-12] DEBUG net.thucydides.core.reports.ReportService - Processing test outcome [MusicLab-API] Put Feature Mentors:[Negative Case] Put Update Mentors Profile With Oversize Image done

09:15:27.846 [pool-4-thread-12] DEBUG net.thucydides.core.reports.ReportService - Processing test outcome [MusicLab-API] Post Feature Review:[Negative Case] Post Create Review With empty comment

09:15:27.846 [pool-4-thread-12] INFO net.thucydides.core.reports.ReportService - net.thucydides.core.reports.html.HtmlAcceptanceTestReporter@6e2a159b: Generating report for test outcome: [MusicLab-API] Post Feature Review:[Negative Case] Post Create Review With empty comment

09:15:27.847 [pool-4-thread-12] DEBUG net.thucydides.core.requirements.BaseRequirementsService - Requirement found for test outcome [Negative Case] Post Create Review With empty comment-[]: Optional[Requirement{name='[MusicLab-API] Post Feature Review', type='feature' parent = 'Review', cardNumber='null'}]

09:15:27.847 [pool-4-thread-12] DEBUG net.thucydides.core.requirements.BaseRequirementsService - Requirement found for test outcome [Negative Case] Post Create Review With empty comment-[]: Optional[Requirement{name='[MusicLab-API] Post Feature Review', type='feature' parent = 'Review', cardNumber='null'}]

09:15:27.849 [pool-4-thread-7] DEBUG net.thucydides.core.requirements.BaseRequirementsService - Requirement found for test outcome [Negative Case] Put Update Mentors Profile With Invalid JSON-[]: Optional[Requirement{name='[MusicLab-API] Put Feature Mentors', type='feature' parent = 'Mentor', cardNumber='null'}]

09:15:27.852 [pool-4-thread-7] DEBUG serenity.reporting - Generating report in 7967d36e669a02eb8c803cf2b9f699785abee4147a1792268257f5cc3688ee19.html

09:15:27.852 [pool-4-thread-12] DEBUG serenity.reporting - Generating report in 19f77e52a44376970170a72e498192122f9dd89ce3e503aae4c8afd137faf62c.html

09:15:27.858 [pool-4-thread-3] DEBUG net.thucydides.core.requirements.BaseRequirementsService - Requirement found for test outcome [Negative Case] Get Single List Mentors With Blank ID-[]: Optional[Requirement{name='[MusicLab-API] Get Feature Mentors', type='feature' parent = 'Mentor', cardNumber='null'}]

09:15:27.860 [pool-4-thread-1] DEBUG serenity.reporting - Generating report in 3545e2bc6cae85b281a23619de6a34506ad8cae828b8477eee062ff77b4fed78.html

09:15:27.861 [pool-4-thread-11] DEBUG serenity.reporting - Generated report 3ce76c5d965b7202c1ac1b922bf2aaffb2ba6218e75502ad3ffc4d357a9c8796.html in 20 ms

09:15:27.861 [pool-4-thread-11] DEBUG net.thucydides.core.reports.ReportService - Processing test outcome [MusicLab-API] Put Feature Mentors:[Positive Case] Put Update Mentors Profile With Valid JSON done

09:15:27.861 [pool-4-thread-11] DEBUG net.thucydides.core.reports.ReportService - Processing test outcome [MusicLab-API] Post Feature Review:[Positive Case] Post Create Review With Valid JSON

09:15:27.862 [pool-4-thread-11] INFO net.thucydides.core.reports.ReportService - net.thucydides.core.reports.html.HtmlAcceptanceTestReporter@6e2a159b: Generating report for test outcome: [MusicLab-API] Post Feature Review:[Positive Case] Post Create Review With Valid JSON

09:15:27.862 [pool-4-thread-3] DEBUG serenity.reporting - Generating report in d90dff7b5dccfc972d39c727446e9654a109ee4148430cb0263b4bafa1878ad0.html

09:15:27.862 [pool-4-thread-12] DEBUG serenity.reporting - Generated report 19f77e52a44376970170a72e498192122f9dd89ce3e503aae4c8afd137faf62c.html in 10 ms

09:15:27.862 [pool-4-thread-8] DEBUG serenity.reporting - Generated report 179447959a3d5516a9e1af09e88baf01621954c40365a6947b03fdaa35db72e6.html in 58 ms

09:15:27.862 [pool-4-thread-12] DEBUG net.thucydides.core.reports.ReportService - Processing test outcome [MusicLab-API] Post Feature Review:[Negative Case] Post Create Review With empty comment done

09:15:27.862 [pool-4-thread-8] DEBUG net.thucydides.core.reports.ReportService - Processing test outcome [MusicLab-API] Get Feature Mentors:[Positive Case] Get Single List Mentors With Valid ID done

09:15:27.862 [pool-4-thread-12] DEBUG net.thucydides.core.reports.ReportService - Processing test outcome Music Lab API Automation Testing:Delete schedule with valid id

09:15:27.862 [pool-4-thread-12] INFO net.thucydides.core.reports.ReportService - net.thucydides.core.reports.html.HtmlAcceptanceTestReporter@6e2a159b: Generating report for test outcome: Music Lab API Automation Testing:Delete schedule with valid id

09:15:27.862 [pool-4-thread-8] DEBUG net.thucydides.core.reports.ReportService - Processing test outcome Music Lab API Automation Testing:Delete schedule with invalid id

09:15:27.862 [pool-4-thread-8] INFO net.thucydides.core.reports.ReportService - net.thucydides.core.reports.html.HtmlAcceptanceTestReporter@6e2a159b: Generating report for test outcome: Music Lab API Automation Testing:Delete schedule with invalid id

09:15:27.862 [pool-4-thread-5] DEBUG serenity.reporting - Generated report 082b0901204529166966c59d7e9911eb5682e32123a8282832f0cacf38058ca8.html in 31 ms

09:15:27.862 [pool-4-thread-5] DEBUG net.thucydides.core.reports.ReportService - Processing test outcome [MusicLab-API] Delete Feature Mentors:[Positive Case] Delete Mentors Without Authorized done

09:15:27.862 [pool-4-thread-5] DEBUG net.thucydides.core.reports.ReportService - Processing test outcome Music Lab API Automation Testing:Delete schedule with empty id

09:15:27.862 [pool-4-thread-5] INFO net.thucydides.core.reports.ReportService - net.thucydides.core.reports.html.HtmlAcceptanceTestReporter@6e2a159b: Generating report for test outcome: Music Lab API Automation Testing:Delete schedule with empty id

09:15:27.863 [pool-4-thread-12] DEBUG net.thucydides.core.requirements.BaseRequirementsService - Requirement found for test outcome Delete schedule with valid id-[]: Optional[Requirement{name='Music Lab API Automation Testing', type='feature' parent = 'Schedule', cardNumber='null'}]

09:15:27.863 [pool-4-thread-5] DEBUG net.thucydides.core.requirements.BaseRequirementsService - Requirement found for test outcome Delete schedule with empty id-[]: Optional[Requirement{name='Music Lab API Automation Testing', type='feature' parent = 'Schedule', cardNumber='null'}]

09:15:27.863 [pool-4-thread-8] DEBUG net.thucydides.core.requirements.BaseRequirementsService - Requirement found for test outcome Delete schedule with invalid id-[]: Optional[Requirement{name='Music Lab API Automation Testing', type='feature' parent = 'Schedule', cardNumber='null'}]

09:15:27.864 [pool-4-thread-6] DEBUG serenity.reporting - Generated report cfd6cd7f98e0ee818948fb311b5e5763ef2edcb81bf69dca074fdfb5138cc748.html in 21 ms

09:15:27.864 [pool-4-thread-6] DEBUG net.thucydides.core.reports.ReportService - Processing test outcome [MusicLab-API] Delete Feature Mentors:[Positive Case] Delete Mentors With Authorized done

09:15:27.864 [pool-4-thread-6] DEBUG net.thucydides.core.reports.ReportService - Processing test outcome Music Lab API Automation Testing:Delete schedule valid id no authorization

09:15:27.864 [pool-4-thread-6] INFO net.thucydides.core.reports.ReportService - net.thucydides.core.reports.html.HtmlAcceptanceTestReporter@6e2a159b: Generating report for test outcome: Music Lab API Automation Testing:Delete schedule valid id no authorization

09:15:27.864 [pool-4-thread-5] DEBUG net.thucydides.core.requirements.BaseRequirementsService - Requirement found for test outcome Delete schedule with empty id-[]: Optional[Requirement{name='Music Lab API Automation Testing', type='feature' parent = 'Schedule', cardNumber='null'}]

09:15:27.864 [pool-4-thread-8] DEBUG net.thucydides.core.requirements.BaseRequirementsService - Requirement found for test outcome Delete schedule with invalid id-[]: Optional[Requirement{name='Music Lab API Automation Testing', type='feature' parent = 'Schedule', cardNumber='null'}]

09:15:27.865 [pool-4-thread-6] DEBUG net.thucydides.core.requirements.BaseRequirementsService - Requirement found for test outcome Delete schedule valid id no authorization-[]: Optional[Requirement{name='Music Lab API Automation Testing', type='feature' parent = 'Schedule', cardNumber='null'}]

09:15:27.865 [pool-4-thread-6] DEBUG net.thucydides.core.requirements.BaseRequirementsService - Requirement found for test outcome Delete schedule valid id no authorization-[]: Optional[Requirement{name='Music Lab API Automation Testing', type='feature' parent = 'Schedule', cardNumber='null'}]

09:15:27.867 [pool-4-thread-6] DEBUG serenity.reporting - Generating report in 09793ef7ee31500394434735cca0d8c29bd9a36515dc5d4cc33641e81a306360.html

09:15:27.875 [pool-4-thread-12] DEBUG net.thucydides.core.requirements.BaseRequirementsService - Requirement found for test outcome Delete schedule with valid id-[]: Optional[Requirement{name='Music Lab API Automation Testing', type='feature' parent = 'Schedule', cardNumber='null'}]

09:15:27.877 [pool-4-thread-12] DEBUG serenity.reporting - Generating report in 37a4ff8177076938a301fa8e4c7a59a5781bd86e40d59302391491f24224bd87.html

09:15:27.878 [pool-4-thread-9] DEBUG serenity.reporting - Generated report 69360d5fd182a0f83304bb9ea48e0804575c3d906e2479ccaf15a4b8a08f1157.html in 89 ms

09:15:27.878 [pool-4-thread-9] DEBUG net.thucydides.core.reports.ReportService - Processing test outcome [MusicLab-API] Get Feature Mentors:[Negative Case] Get Single List Mentors With Invalid ID done

09:15:27.878 [pool-4-thread-9] DEBUG net.thucydides.core.reports.ReportService - Processing test outcome Music Lab API Automation Testing:Get mentor schedule with valid id

09:15:27.878 [pool-4-thread-9] INFO net.thucydides.core.reports.ReportService - net.thucydides.core.reports.html.HtmlAcceptanceTestReporter@6e2a159b: Generating report for test outcome: Music Lab API Automation Testing:Get mentor schedule with valid id

09:15:27.878 [pool-4-thread-2] DEBUG serenity.reporting - Generating report in 496f14d605b2f6cd6628662a6f2fc26e0d463597438ea6582f8f6c7b4785d670.html

09:15:27.880 [pool-4-thread-11] DEBUG net.thucydides.core.requirements.BaseRequirementsService - Requirement found for test outcome [Positive Case] Post Create Review With Valid JSON-[]: Optional[Requirement{name='[MusicLab-API] Post Feature Review', type='feature' parent = 'Review', cardNumber='null'}]

09:15:27.882 [pool-4-thread-11] DEBUG net.thucydides.core.requirements.BaseRequirementsService - Requirement found for test outcome [Positive Case] Post Create Review With Valid JSON-[]: Optional[Requirement{name='[MusicLab-API] Post Feature Review', type='feature' parent = 'Review', cardNumber='null'}]

09:15:27.867 [pool-4-thread-8] DEBUG serenity.reporting - Generating report in 5ce324beeeb7887e1e5e10022ac15ac11676bbf99b9d156e0a3c8999790a9f75.html

09:15:27.883 [pool-4-thread-5] DEBUG serenity.reporting - Generating report in df21dfc40a6b68a4cc90aa6b3a5a92377db452a3caff8ecba57172385483ed32.html

09:15:27.885 [pool-4-thread-11] DEBUG serenity.reporting - Generating report in 9d23a6256bd5a36096c1c8d868f6312acd69567904bba193894e5d70e569c3d6.html

09:15:27.885 [pool-4-thread-9] DEBUG net.thucydides.core.requirements.BaseRequirementsService - Requirement found for test outcome Get mentor schedule with valid id-[]: Optional[Requirement{name='Music Lab API Automation Testing', type='feature' parent = 'Schedule', cardNumber='null'}]

09:15:27.885 [pool-4-thread-7] DEBUG serenity.reporting - Generated report 7967d36e669a02eb8c803cf2b9f699785abee4147a1792268257f5cc3688ee19.html in 33 ms

09:15:27.885 [pool-4-thread-7] DEBUG net.thucydides.core.reports.ReportService - Processing test outcome [MusicLab-API] Put Feature Mentors:[Negative Case] Put Update Mentors Profile With Invalid JSON done

09:15:27.886 [pool-4-thread-7] DEBUG net.thucydides.core.reports.ReportService - Processing test outcome Music Lab API Automation Testing:Get mentor schedule with valid id no authorization

09:15:27.886 [pool-4-thread-4] DEBUG serenity.reporting - Generated report 713c436cd52992b83ee295421dd27860bce8a560f9594e347c9dc2e402ee38e9.html in 43 ms

09:15:27.886 [pool-4-thread-7] INFO net.thucydides.core.reports.ReportService - net.thucydides.core.reports.html.HtmlAcceptanceTestReporter@6e2a159b: Generating report for test outcome: Music Lab API Automation Testing:Get mentor schedule with valid id no authorization

09:15:27.886 [pool-4-thread-4] DEBUG net.thucydides.core.reports.ReportService - Processing test outcome [MusicLab-API] Get Feature Review:[Negative Case] Get Single List review With invalid ID done

09:15:27.886 [pool-4-thread-4] DEBUG net.thucydides.core.reports.ReportService - Processing test outcome Music Lab API Automation Testing:Get mentor schedule with invalid id

09:15:27.886 [pool-4-thread-4] INFO net.thucydides.core.reports.ReportService - net.thucydides.core.reports.html.HtmlAcceptanceTestReporter@6e2a159b: Generating report for test outcome: Music Lab API Automation Testing:Get mentor schedule with invalid id

09:15:27.893 [pool-4-thread-9] DEBUG net.thucydides.core.requirements.BaseRequirementsService - Requirement found for test outcome Get mentor schedule with valid id-[]: Optional[Requirement{name='Music Lab API Automation Testing', type='feature' parent = 'Schedule', cardNumber='null'}]

09:15:27.895 [pool-4-thread-7] DEBUG net.thucydides.core.requirements.BaseRequirementsService - Requirement found for test outcome Get mentor schedule with valid id no authorization-[]: Optional[Requirement{name='Music Lab API Automation Testing', type='feature' parent = 'Schedule', cardNumber='null'}]

09:15:27.900 [pool-4-thread-7] DEBUG net.thucydides.core.requirements.BaseRequirementsService - Requirement found for test outcome Get mentor schedule with valid id no authorization-[]: Optional[Requirement{name='Music Lab API Automation Testing', type='feature' parent = 'Schedule', cardNumber='null'}]

09:15:27.902 [pool-4-thread-4] DEBUG net.thucydides.core.requirements.BaseRequirementsService - Requirement found for test outcome Get mentor schedule with invalid id-[]: Optional[Requirement{name='Music Lab API Automation Testing', type='feature' parent = 'Schedule', cardNumber='null'}]

09:15:27.903 [pool-4-thread-7] DEBUG serenity.reporting - Generating report in 603ff435664b7507f048f88d98deaed6596a055032559be52025b113bda82fd2.html

09:15:27.903 [pool-4-thread-3] DEBUG serenity.reporting - Generated report d90dff7b5dccfc972d39c727446e9654a109ee4148430cb0263b4bafa1878ad0.html in 41 ms

09:15:27.903 [pool-4-thread-3] DEBUG net.thucydides.core.reports.ReportService - Processing test outcome [MusicLab-API] Get Feature Mentors:[Negative Case] Get Single List Mentors With Blank ID done

09:15:27.903 [pool-4-thread-3] DEBUG net.thucydides.core.reports.ReportService - Processing test outcome Music Lab API Automation Testing:Post add mentor schedule with valid json

09:15:27.903 [pool-4-thread-3] INFO net.thucydides.core.reports.ReportService - net.thucydides.core.reports.html.HtmlAcceptanceTestReporter@6e2a159b: Generating report for test outcome: Music Lab API Automation Testing:Post add mentor schedule with valid json

09:15:27.904 [pool-4-thread-9] DEBUG serenity.reporting - Generating report in 86a3bb214a116bd4b319b6ac8d2c831a469ee9aebd07b51900391e0ac672f0c7.html

09:15:27.904 [pool-4-thread-2] DEBUG serenity.reporting - Generated report 496f14d605b2f6cd6628662a6f2fc26e0d463597438ea6582f8f6c7b4785d670.html in 26 ms

09:15:27.904 [pool-4-thread-2] DEBUG net.thucydides.core.reports.ReportService - Processing test outcome [MusicLab-API] Post Feature Review:[Negative Case] Post Create Review With inValid JSON done

09:15:27.904 [pool-4-thread-2] DEBUG net.thucydides.core.reports.ReportService - Processing test outcome Music Lab API Automation Testing:Post add mentor schedule availability with valid json no authorization

09:15:27.904 [pool-4-thread-2] INFO net.thucydides.core.reports.ReportService - net.thucydides.core.reports.html.HtmlAcceptanceTestReporter@6e2a159b: Generating report for test outcome: Music Lab API Automation Testing:Post add mentor schedule availability with valid json no authorization

09:15:27.904 [pool-4-thread-4] DEBUG net.thucydides.core.requirements.BaseRequirementsService - Requirement found for test outcome Get mentor schedule with invalid id-[]: Optional[Requirement{name='Music Lab API Automation Testing', type='feature' parent = 'Schedule', cardNumber='null'}]

09:15:27.905 [pool-4-thread-10] DEBUG serenity.reporting - Generated report ec2bbf317f91a4f486651c27fd101791bf25b4d2e15feeb04dae2590465fc657.html in 66 ms

09:15:27.905 [pool-4-thread-10] DEBUG net.thucydides.core.reports.ReportService - Processing test outcome [MusicLab-API] Get Feature Review:[Positive Case] Get Single List review With valid ID done

09:15:27.905 [pool-4-thread-10] DEBUG net.thucydides.core.reports.ReportService - Processing test outcome Music Lab API Automation Testing:Post add mentor schedule with invalid json

09:15:27.905 [pool-4-thread-10] INFO net.thucydides.core.reports.ReportService - net.thucydides.core.reports.html.HtmlAcceptanceTestReporter@6e2a159b: Generating report for test outcome: Music Lab API Automation Testing:Post add mentor schedule with invalid json

09:15:27.905 [pool-4-thread-6] DEBUG serenity.reporting - Generated report 09793ef7ee31500394434735cca0d8c29bd9a36515dc5d4cc33641e81a306360.html in 38 ms

09:15:27.905 [pool-4-thread-6] DEBUG net.thucydides.core.reports.ReportService - Processing test outcome Music Lab API Automation Testing:Delete schedule valid id no authorization done

09:15:27.905 [pool-4-thread-6] DEBUG net.thucydides.core.reports.ReportService - Processing test outcome Music Lab API Automation Testing:Post add mentor schedule with empty json

09:15:27.905 [pool-4-thread-6] INFO net.thucydides.core.reports.ReportService - net.thucydides.core.reports.html.HtmlAcceptanceTestReporter@6e2a159b: Generating report for test outcome: Music Lab API Automation Testing:Post add mentor schedule with empty json

09:15:27.905 [pool-4-thread-4] DEBUG serenity.reporting - Generating report in 2f67aa970d4b2d2fb6668c6bed1fd700f41854ab6d9dffe3566f91c498c0ecf8.html

09:15:27.906 [pool-4-thread-12] DEBUG serenity.reporting - Generated report 37a4ff8177076938a301fa8e4c7a59a5781bd86e40d59302391491f24224bd87.html in 29 ms

09:15:27.906 [pool-4-thread-12] DEBUG net.thucydides.core.reports.ReportService - Processing test outcome Music Lab API Automation Testing:Delete schedule with valid id done

09:15:27.906 [pool-4-thread-12] DEBUG net.thucydides.core.reports.ReportService - Processing test outcome Music Lab API Automation Testing:Post add mentor schedule availability with valid json

09:15:27.906 [pool-4-thread-12] INFO net.thucydides.core.reports.ReportService - net.thucydides.core.reports.html.HtmlAcceptanceTestReporter@6e2a159b: Generating report for test outcome: Music Lab API Automation Testing:Post add mentor schedule availability with valid json

09:15:27.909 [pool-4-thread-2] DEBUG net.thucydides.core.requirements.BaseRequirementsService - Requirement found for test outcome Post add mentor schedule availability with valid json no authorization-[]: Optional[Requirement{name='Music Lab API Automation Testing', type='feature' parent = 'Schedule', cardNumber='null'}]

09:15:27.910 [pool-4-thread-6] DEBUG net.thucydides.core.requirements.BaseRequirementsService - Requirement found for test outcome Post add mentor schedule with empty json-[]: Optional[Requirement{name='Music Lab API Automation Testing', type='feature' parent = 'Schedule', cardNumber='null'}]

09:15:27.910 [pool-4-thread-10] DEBUG net.thucydides.core.requirements.BaseRequirementsService - Requirement found for test outcome Post add mentor schedule with invalid json-[]: Optional[Requirement{name='Music Lab API Automation Testing', type='feature' parent = 'Schedule', cardNumber='null'}]

09:15:27.911 [pool-4-thread-3] DEBUG net.thucydides.core.requirements.BaseRequirementsService - Requirement found for test outcome Post add mentor schedule with valid json-[]: Optional[Requirement{name='Music Lab API Automation Testing', type='feature' parent = 'Schedule', cardNumber='null'}]

09:15:27.911 [pool-4-thread-2] DEBUG net.thucydides.core.requirements.BaseRequirementsService - Requirement found for test outcome Post add mentor schedule availability with valid json no authorization-[]: Optional[Requirement{name='Music Lab API Automation Testing', type='feature' parent = 'Schedule', cardNumber='null'}]

09:15:27.912 [pool-4-thread-12] DEBUG net.thucydides.core.requirements.BaseRequirementsService - Requirement found for test outcome Post add mentor schedule availability with valid json-[]: Optional[Requirement{name='Music Lab API Automation Testing', type='feature' parent = 'Schedule', cardNumber='null'}]

09:15:27.912 [pool-4-thread-6] DEBUG net.thucydides.core.requirements.BaseRequirementsService - Requirement found for test outcome Post add mentor schedule with empty json-[]: Optional[Requirement{name='Music Lab API Automation Testing', type='feature' parent = 'Schedule', cardNumber='null'}]

09:15:27.912 [pool-4-thread-2] DEBUG serenity.reporting - Generating report in 2e7666b846382dccaffafefcfa47f552d033df0c07592a7e1c04931c6a1d46ad.html

09:15:27.912 [pool-4-thread-10] DEBUG net.thucydides.core.requirements.BaseRequirementsService - Requirement found for test outcome Post add mentor schedule with invalid json-[]: Optional[Requirement{name='Music Lab API Automation Testing', type='feature' parent = 'Schedule', cardNumber='null'}]

09:15:27.912 [pool-4-thread-5] DEBUG serenity.reporting - Generated report df21dfc40a6b68a4cc90aa6b3a5a92377db452a3caff8ecba57172385483ed32.html in 29 ms

09:15:27.912 [pool-4-thread-5] DEBUG net.thucydides.core.reports.ReportService - Processing test outcome Music Lab API Automation Testing:Delete schedule with empty id done

09:15:27.912 [pool-4-thread-5] DEBUG net.thucydides.core.reports.ReportService - Processing test outcome Music Lab API Automation Testing:Post add mentor schedule availability with valid json no authorization

09:15:27.912 [pool-4-thread-5] INFO net.thucydides.core.reports.ReportService - net.thucydides.core.reports.html.HtmlAcceptanceTestReporter@6e2a159b: Generating report for test outcome: Music Lab API Automation Testing:Post add mentor schedule availability with valid json no authorization

09:15:27.913 [pool-4-thread-6] DEBUG serenity.reporting - Generating report in 71133f93cc78134f9023209f8d6206e73bb85bea4ed033dda3c9d393dd702a62.html

09:15:27.913 [pool-4-thread-3] DEBUG net.thucydides.core.requirements.BaseRequirementsService - Requirement found for test outcome Post add mentor schedule with valid json-[]: Optional[Requirement{name='Music Lab API Automation Testing', type='feature' parent = 'Schedule', cardNumber='null'}]

09:15:27.914 [pool-4-thread-3] DEBUG serenity.reporting - Generating report in 0f58d3e0f3b2fd2ec5a8d348bf1671ce5636a16f10b3c13a06404aa4fd92e95c.html

09:15:27.915 [pool-4-thread-12] DEBUG net.thucydides.core.requirements.BaseRequirementsService - Requirement found for test outcome Post add mentor schedule availability with valid json-[]: Optional[Requirement{name='Music Lab API Automation Testing', type='feature' parent = 'Schedule', cardNumber='null'}]

09:15:27.916 [pool-4-thread-1] DEBUG serenity.reporting - Generated report 3545e2bc6cae85b281a23619de6a34506ad8cae828b8477eee062ff77b4fed78.html in 56 ms

09:15:27.916 [pool-4-thread-1] DEBUG net.thucydides.core.reports.ReportService - Processing test outcome [MusicLab-API] Put Feature Mentors:[Negative Case] Put Update Mentors Profile With Valid JSON No Authorized done

09:15:27.916 [pool-4-thread-1] DEBUG net.thucydides.core.reports.ReportService - Processing test outcome Music Lab API Automation Testing:Post add mentor schedule availability with empty json

09:15:27.916 [pool-4-thread-1] INFO net.thucydides.core.reports.ReportService - net.thucydides.core.reports.html.HtmlAcceptanceTestReporter@6e2a159b: Generating report for test outcome: Music Lab API Automation Testing:Post add mentor schedule availability with empty json

09:15:27.918 [pool-4-thread-8] DEBUG serenity.reporting - Generated report 5ce324beeeb7887e1e5e10022ac15ac11676bbf99b9d156e0a3c8999790a9f75.html in 51 ms

09:15:27.918 [pool-4-thread-8] DEBUG net.thucydides.core.reports.ReportService - Processing test outcome Music Lab API Automation Testing:Delete schedule with invalid id done

09:15:27.919 [pool-4-thread-8] DEBUG net.thucydides.core.reports.ReportService - Processing test outcome Music Lab API Automation Testing:Post add mentor schedule with invalid json

09:15:27.919 [pool-4-thread-8] INFO net.thucydides.core.reports.ReportService - net.thucydides.core.reports.html.HtmlAcceptanceTestReporter@6e2a159b: Generating report for test outcome: Music Lab API Automation Testing:Post add mentor schedule with invalid json

09:15:27.919 [pool-4-thread-4] DEBUG serenity.reporting - Generated report 2f67aa970d4b2d2fb6668c6bed1fd700f41854ab6d9dffe3566f91c498c0ecf8.html in 14 ms

09:15:27.919 [pool-4-thread-4] DEBUG net.thucydides.core.reports.ReportService - Processing test outcome Music Lab API Automation Testing:Get mentor schedule with invalid id done

09:15:27.921 [pool-4-thread-4] DEBUG net.thucydides.core.reports.ReportService - Processing test outcome MusicLab API Automation Testing Capstone Project:Get student data

09:15:27.921 [pool-4-thread-4] INFO net.thucydides.core.reports.ReportService - net.thucydides.core.reports.html.HtmlAcceptanceTestReporter@6e2a159b: Generating report for test outcome: MusicLab API Automation Testing Capstone Project:Get student data

09:15:27.921 [pool-4-thread-9] DEBUG serenity.reporting - Generated report 86a3bb214a116bd4b319b6ac8d2c831a469ee9aebd07b51900391e0ac672f0c7.html in 17 ms

09:15:27.921 [pool-4-thread-9] DEBUG net.thucydides.core.reports.ReportService - Processing test outcome Music Lab API Automation Testing:Get mentor schedule with valid id done

09:15:27.921 [pool-4-thread-9] DEBUG net.thucydides.core.reports.ReportService - Processing test outcome MusicLab API Automation Testing Capstone Project:Put or edit student profile with valid parameters

09:15:27.921 [pool-4-thread-9] INFO net.thucydides.core.reports.ReportService - net.thucydides.core.reports.html.HtmlAcceptanceTestReporter@6e2a159b: Generating report for test outcome: MusicLab API Automation Testing Capstone Project:Put or edit student profile with valid parameters

09:15:27.922 [pool-4-thread-4] DEBUG net.thucydides.core.requirements.BaseRequirementsService - Requirement found for test outcome Get student data-[]: Optional[Requirement{name='MusicLab API Automation Testing Capstone Project', type='feature' parent = 'Class', cardNumber='null'}]

09:15:27.922 [pool-4-thread-1] DEBUG net.thucydides.core.requirements.BaseRequirementsService - Requirement found for test outcome Post add mentor schedule availability with empty json-[]: Optional[Requirement{name='Music Lab API Automation Testing', type='feature' parent = 'Schedule', cardNumber='null'}]

09:15:27.923 [pool-4-thread-4] DEBUG net.thucydides.core.requirements.BaseRequirementsService - Requirement found for test outcome Get student data-[]: Optional[Requirement{name='MusicLab API Automation Testing Capstone Project', type='feature' parent = 'Class', cardNumber='null'}]

09:15:27.924 [pool-4-thread-8] DEBUG net.thucydides.core.requirements.BaseRequirementsService - Requirement found for test outcome Post add mentor schedule with invalid json-[]: Optional[Requirement{name='Music Lab API Automation Testing', type='feature' parent = 'Schedule', cardNumber='null'}]

09:15:27.925 [pool-4-thread-9] DEBUG net.thucydides.core.requirements.BaseRequirementsService - Requirement found for test outcome Put or edit student profile with valid parameters-[]: Optional[Requirement{name='MusicLab API Automation Testing Capstone Project', type='feature' parent = 'Class', cardNumber='null'}]

09:15:27.926 [pool-4-thread-9] DEBUG net.thucydides.core.requirements.BaseRequirementsService - Requirement found for test outcome Put or edit student profile with valid parameters-[]: Optional[Requirement{name='MusicLab API Automation Testing Capstone Project', type='feature' parent = 'Class', cardNumber='null'}]

09:15:27.928 [pool-4-thread-8] DEBUG net.thucydides.core.requirements.BaseRequirementsService - Requirement found for test outcome Post add mentor schedule with invalid json-[]: Optional[Requirement{name='Music Lab API Automation Testing', type='feature' parent = 'Schedule', cardNumber='null'}]

09:15:27.928 [pool-4-thread-1] DEBUG net.thucydides.core.requirements.BaseRequirementsService - Requirement found for test outcome Post add mentor schedule availability with empty json-[]: Optional[Requirement{name='Music Lab API Automation Testing', type='feature' parent = 'Schedule', cardNumber='null'}]

09:15:27.930 [pool-4-thread-11] DEBUG serenity.reporting - Generated report 9d23a6256bd5a36096c1c8d868f6312acd69567904bba193894e5d70e569c3d6.html in 45 ms

09:15:27.930 [pool-4-thread-11] DEBUG net.thucydides.core.reports.ReportService - Processing test outcome [MusicLab-API] Post Feature Review:[Positive Case] Post Create Review With Valid JSON done

09:15:27.930 [pool-4-thread-11] DEBUG net.thucydides.core.reports.ReportService - Processing test outcome MusicLab API Automation Testing Capstone Project:Put or edit student profile with invalid parameters

09:15:27.930 [pool-4-thread-11] INFO net.thucydides.core.reports.ReportService - net.thucydides.core.reports.html.HtmlAcceptanceTestReporter@6e2a159b: Generating report for test outcome: MusicLab API Automation Testing Capstone Project:Put or edit student profile with invalid parameters

09:15:27.931 [pool-4-thread-11] DEBUG net.thucydides.core.requirements.BaseRequirementsService - Requirement found for test outcome Put or edit student profile with invalid parameters-[]: Optional[Requirement{name='MusicLab API Automation Testing Capstone Project', type='feature' parent = 'Class', cardNumber='null'}]

09:15:27.932 [pool-4-thread-11] DEBUG net.thucydides.core.requirements.BaseRequirementsService - Requirement found for test outcome Put or edit student profile with invalid parameters-[]: Optional[Requirement{name='MusicLab API Automation Testing Capstone Project', type='feature' parent = 'Class', cardNumber='null'}]

09:15:27.932 [pool-4-thread-12] DEBUG serenity.reporting - Generating report in 1b609a6766be9ed967e2ff4ac95d7b5cc6b413eb8a2135dab3835fe6b4866df6.html

09:15:27.932 [pool-4-thread-9] DEBUG serenity.reporting - Generating report in 39f3ecd21a6684f8dcad9cd31960a688973f06c0523af14ad11278914d0461ff.html

09:15:27.932 [pool-4-thread-8] DEBUG serenity.reporting - Generating report in 56a456cbbd342ae728947e903485d225de9afc363531ca3e4ab4d09c39dbe319.html

09:15:27.932 [pool-4-thread-1] DEBUG serenity.reporting - Generating report in f6aba3e1adebabef1adb43ed6083315f4f22ad7158f4d5de2b54d28d3017b4e0.html

09:15:27.932 [pool-4-thread-6] DEBUG serenity.reporting - Generated report 71133f93cc78134f9023209f8d6206e73bb85bea4ed033dda3c9d393dd702a62.html in 19 ms

09:15:27.932 [pool-4-thread-6] DEBUG net.thucydides.core.reports.ReportService - Processing test outcome Music Lab API Automation Testing:Post add mentor schedule with empty json done

09:15:27.932 [pool-4-thread-10] DEBUG serenity.reporting - Generating report in 56a456cbbd342ae728947e903485d225de9afc363531ca3e4ab4d09c39dbe319.html

09:15:27.932 [pool-4-thread-6] DEBUG net.thucydides.core.reports.ReportService - Processing test outcome MusicLab API Automation Testing Capstone Project:Put or edit a class null parameter

09:15:27.932 [pool-4-thread-6] INFO net.thucydides.core.reports.ReportService - net.thucydides.core.reports.html.HtmlAcceptanceTestReporter@6e2a159b: Generating report for test outcome: MusicLab API Automation Testing Capstone Project:Put or edit a class null parameter

09:15:27.932 [pool-4-thread-4] DEBUG serenity.reporting - Generating report in ad910e45b694987c532e16a13f05ce1adbf88454baddff37a0a8609100d5cf13.html

09:15:27.932 [pool-4-thread-11] DEBUG serenity.reporting - Generating report in 35535ed87b6dadd13a5474fef8e7d335052a61cb8667623eaa5e8570b363ac2c.html

09:15:27.933 [pool-4-thread-5] DEBUG net.thucydides.core.requirements.BaseRequirementsService - Requirement found for test outcome Post add mentor schedule availability with valid json no authorization-[]: Optional[Requirement{name='Music Lab API Automation Testing', type='feature' parent = 'Schedule', cardNumber='null'}]

09:15:27.933 [pool-4-thread-6] DEBUG net.thucydides.core.requirements.BaseRequirementsService - Requirement found for test outcome Put or edit a class null parameter-[]: Optional[Requirement{name='MusicLab API Automation Testing Capstone Project', type='feature' parent = 'Class', cardNumber='null'}]

09:15:27.936 [pool-4-thread-6] DEBUG net.thucydides.core.requirements.BaseRequirementsService - Requirement found for test outcome Put or edit a class null parameter-[]: Optional[Requirement{name='MusicLab API Automation Testing Capstone Project', type='feature' parent = 'Class', cardNumber='null'}]

09:15:27.941 [pool-4-thread-11] DEBUG serenity.reporting - Generated report 35535ed87b6dadd13a5474fef8e7d335052a61cb8667623eaa5e8570b363ac2c.html in 9 ms

09:15:27.941 [pool-4-thread-12] DEBUG serenity.reporting - Generated report 1b609a6766be9ed967e2ff4ac95d7b5cc6b413eb8a2135dab3835fe6b4866df6.html in 9 ms

09:15:27.941 [pool-4-thread-11] DEBUG net.thucydides.core.reports.ReportService - Processing test outcome MusicLab API Automation Testing Capstone Project:Put or edit student profile with invalid parameters done

09:15:27.941 [pool-4-thread-12] DEBUG net.thucydides.core.reports.ReportService - Processing test outcome Music Lab API Automation Testing:Post add mentor schedule availability with valid json done

09:15:27.941 [pool-4-thread-11] DEBUG net.thucydides.core.reports.ReportService - Processing test outcome MusicLab API Automation Testing Capstone Project:Deactive student

09:15:27.941 [pool-4-thread-12] DEBUG net.thucydides.core.reports.ReportService - Processing test outcome MusicLab API Automation Testing Capstone Project:Put or edit student password with valid parameters

09:15:27.941 [pool-4-thread-11] INFO net.thucydides.core.reports.ReportService - net.thucydides.core.reports.html.HtmlAcceptanceTestReporter@6e2a159b: Generating report for test outcome: MusicLab API Automation Testing Capstone Project:Deactive student

09:15:27.941 [pool-4-thread-12] INFO net.thucydides.core.reports.ReportService - net.thucydides.core.reports.html.HtmlAcceptanceTestReporter@6e2a159b: Generating report for test outcome: MusicLab API Automation Testing Capstone Project:Put or edit student password with valid parameters

09:15:27.942 [pool-4-thread-10] DEBUG serenity.reporting - Generated report 56a456cbbd342ae728947e903485d225de9afc363531ca3e4ab4d09c39dbe319.html in 10 ms

09:15:27.942 [pool-4-thread-10] DEBUG net.thucydides.core.reports.ReportService - Processing test outcome Music Lab API Automation Testing:Post add mentor schedule with invalid json done

09:15:27.942 [pool-4-thread-10] DEBUG net.thucydides.core.reports.ReportService - Processing test outcome MusicLab API Automation Testing Capstone Project:Put or edit student password with invalid parameters

09:15:27.942 [pool-4-thread-10] INFO net.thucydides.core.reports.ReportService - net.thucydides.core.reports.html.HtmlAcceptanceTestReporter@6e2a159b: Generating report for test outcome: MusicLab API Automation Testing Capstone Project:Put or edit student password with invalid parameters

09:15:27.942 [pool-4-thread-2] DEBUG serenity.reporting - Generated report 2e7666b846382dccaffafefcfa47f552d033df0c07592a7e1c04931c6a1d46ad.html in 30 ms

09:15:27.942 [pool-4-thread-2] DEBUG net.thucydides.core.reports.ReportService - Processing test outcome Music Lab API Automation Testing:Post add mentor schedule availability with valid json no authorization done

09:15:27.942 [pool-4-thread-11] DEBUG net.thucydides.core.requirements.BaseRequirementsService - Requirement found for test outcome Deactive student-[]: Optional[Requirement{name='MusicLab API Automation Testing Capstone Project', type='feature' parent = 'Class', cardNumber='null'}]

09:15:27.942 [pool-4-thread-2] DEBUG net.thucydides.core.reports.ReportService - Processing test outcome MusicLab API Automation Testing Capstone Project:Put or edit student password null parameter

09:15:27.942 [pool-4-thread-2] INFO net.thucydides.core.reports.ReportService - net.thucydides.core.reports.html.HtmlAcceptanceTestReporter@6e2a159b: Generating report for test outcome: MusicLab API Automation Testing Capstone Project:Put or edit student password null parameter

09:15:27.942 [pool-4-thread-10] DEBUG net.thucydides.core.requirements.BaseRequirementsService - Requirement found for test outcome Put or edit student password with invalid parameters-[]: Optional[Requirement{name='MusicLab API Automation Testing Capstone Project', type='feature' parent = 'Class', cardNumber='null'}]

09:15:27.942 [pool-4-thread-12] DEBUG net.thucydides.core.requirements.BaseRequirementsService - Requirement found for test outcome Put or edit student password with valid parameters-[]: Optional[Requirement{name='MusicLab API Automation Testing Capstone Project', type='feature' parent = 'Class', cardNumber='null'}]

09:15:27.942 [pool-4-thread-11] DEBUG net.thucydides.core.requirements.BaseRequirementsService - Requirement found for test outcome Deactive student-[]: Optional[Requirement{name='MusicLab API Automation Testing Capstone Project', type='feature' parent = 'Class', cardNumber='null'}]

09:15:27.942 [pool-4-thread-12] DEBUG net.thucydides.core.requirements.BaseRequirementsService - Requirement found for test outcome Put or edit student password with valid parameters-[]: Optional[Requirement{name='MusicLab API Automation Testing Capstone Project', type='feature' parent = 'Class', cardNumber='null'}]

09:15:27.942 [pool-4-thread-10] DEBUG net.thucydides.core.requirements.BaseRequirementsService - Requirement found for test outcome Put or edit student password with invalid parameters-[]: Optional[Requirement{name='MusicLab API Automation Testing Capstone Project', type='feature' parent = 'Class', cardNumber='null'}]

09:15:27.943 [pool-4-thread-2] DEBUG net.thucydides.core.requirements.BaseRequirementsService - Requirement found for test outcome Put or edit student password null parameter-[]: Optional[Requirement{name='MusicLab API Automation Testing Capstone Project', type='feature' parent = 'Class', cardNumber='null'}]

09:15:27.943 [pool-4-thread-2] DEBUG net.thucydides.core.requirements.BaseRequirementsService - Requirement found for test outcome Put or edit student password null parameter-[]: Optional[Requirement{name='MusicLab API Automation Testing Capstone Project', type='feature' parent = 'Class', cardNumber='null'}]

09:15:27.943 [pool-4-thread-12] DEBUG serenity.reporting - Generating report in acd455dbb4eb3175183e4d98205e69da811f541e0fb2b4f23016bf47a96c88ab.html

09:15:27.943 [pool-4-thread-11] DEBUG serenity.reporting - Generating report in 50b386ba995cae698ff81373ea41a82c5b8aee3c94d37f6b8d0b5d42e451bfec.html

09:15:27.943 [pool-4-thread-10] DEBUG serenity.reporting - Generating report in 51a65fd11ab05839a5cd101bf2ba274adf21e56dcfffdbdf22ba71d65e0ccdf7.html

09:15:27.944 [pool-4-thread-2] DEBUG serenity.reporting - Generating report in 4e78174614a67de4d57679deb1a88150b7fa948098fb0e5f220dbe4cab21d0cb.html

09:15:27.944 [pool-4-thread-6] DEBUG serenity.reporting - Generating report in b212b4a3e12944eb395124ae76af36b415a41db2f1c50692086895d7aa01e8dc.html

09:15:27.945 [pool-4-thread-5] DEBUG net.thucydides.core.requirements.BaseRequirementsService - Requirement found for test outcome Post add mentor schedule availability with valid json no authorization-[]: Optional[Requirement{name='Music Lab API Automation Testing', type='feature' parent = 'Schedule', cardNumber='null'}]

09:15:27.945 [pool-4-thread-3] DEBUG serenity.reporting - Generated report 0f58d3e0f3b2fd2ec5a8d348bf1671ce5636a16f10b3c13a06404aa4fd92e95c.html in 31 ms

09:15:27.945 [pool-4-thread-1] DEBUG serenity.reporting - Generated report f6aba3e1adebabef1adb43ed6083315f4f22ad7158f4d5de2b54d28d3017b4e0.html in 13 ms

09:15:27.945 [pool-4-thread-3] DEBUG net.thucydides.core.reports.ReportService - Processing test outcome Music Lab API Automation Testing:Post add mentor schedule with valid json done

09:15:27.945 [pool-4-thread-1] DEBUG net.thucydides.core.reports.ReportService - Processing test outcome Music Lab API Automation Testing:Post add mentor schedule availability with empty json done

09:15:27.945 [pool-4-thread-3] DEBUG net.thucydides.core.reports.ReportService - Processing test outcome Get Mentor Transaction:Get mentor transaction with valid path

09:15:27.945 [pool-4-thread-1] DEBUG net.thucydides.core.reports.ReportService - Processing test outcome Get Mentor Transaction:Get mentor transaction with invalid path

09:15:27.945 [pool-4-thread-3] INFO net.thucydides.core.reports.ReportService - net.thucydides.core.reports.html.HtmlAcceptanceTestReporter@6e2a159b: Generating report for test outcome: Get Mentor Transaction:Get mentor transaction with valid path

09:15:27.945 [pool-4-thread-1] INFO net.thucydides.core.reports.ReportService - net.thucydides.core.reports.html.HtmlAcceptanceTestReporter@6e2a159b: Generating report for test outcome: Get Mentor Transaction:Get mentor transaction with invalid path

09:15:27.946 [pool-4-thread-4] DEBUG serenity.reporting - Generated report ad910e45b694987c532e16a13f05ce1adbf88454baddff37a0a8609100d5cf13.html in 14 ms

09:15:27.946 [pool-4-thread-4] DEBUG net.thucydides.core.reports.ReportService - Processing test outcome MusicLab API Automation Testing Capstone Project:Get student data done

09:15:27.946 [pool-4-thread-4] DEBUG net.thucydides.core.reports.ReportService - Processing test outcome Get Student Transaction:Get student transaction with valid path

09:15:27.946 [pool-4-thread-4] INFO net.thucydides.core.reports.ReportService - net.thucydides.core.reports.html.HtmlAcceptanceTestReporter@6e2a159b: Generating report for test outcome: Get Student Transaction:Get student transaction with valid path

09:15:27.946 [pool-4-thread-1] DEBUG net.thucydides.core.requirements.BaseRequirementsService - Requirement found for test outcome Get mentor transaction with invalid path-[]: Optional[Requirement{name='Get Mentor Transaction', type='feature' parent = 'Transaction', cardNumber='null'}]

09:15:27.946 [pool-4-thread-1] DEBUG net.thucydides.core.requirements.BaseRequirementsService - Requirement found for test outcome Get mentor transaction with invalid path-[]: Optional[Requirement{name='Get Mentor Transaction', type='feature' parent = 'Transaction', cardNumber='null'}]

09:15:27.947 [pool-4-thread-1] DEBUG serenity.reporting - Generating report in 798bb08bc675137473f3c22a690565cc5bf257d30844793dfda52d9903c19981.html

09:15:27.948 [pool-4-thread-4] DEBUG net.thucydides.core.requirements.BaseRequirementsService - Requirement found for test outcome Get student transaction with valid path-[]: Optional[Requirement{name='Get Student Transaction', type='feature' parent = 'Transaction', cardNumber='null'}]

09:15:27.948 [pool-4-thread-8] DEBUG serenity.reporting - Generated report 56a456cbbd342ae728947e903485d225de9afc363531ca3e4ab4d09c39dbe319.html in 16 ms

09:15:27.948 [pool-4-thread-8] DEBUG net.thucydides.core.reports.ReportService - Processing test outcome Music Lab API Automation Testing:Post add mentor schedule with invalid json done

09:15:27.948 [pool-4-thread-8] DEBUG net.thucydides.core.reports.ReportService - Processing test outcome Get Student Transaction:Get student transaction with invalid path

09:15:27.948 [pool-4-thread-8] INFO net.thucydides.core.reports.ReportService - net.thucydides.core.reports.html.HtmlAcceptanceTestReporter@6e2a159b: Generating report for test outcome: Get Student Transaction:Get student transaction with invalid path

09:15:27.948 [pool-4-thread-4] DEBUG net.thucydides.core.requirements.BaseRequirementsService - Requirement found for test outcome Get student transaction with valid path-[]: Optional[Requirement{name='Get Student Transaction', type='feature' parent = 'Transaction', cardNumber='null'}]

09:15:27.948 [pool-4-thread-8] DEBUG net.thucydides.core.requirements.BaseRequirementsService - Requirement found for test outcome Get student transaction with invalid path-[]: Optional[Requirement{name='Get Student Transaction', type='feature' parent = 'Transaction', cardNumber='null'}]

09:15:27.949 [pool-4-thread-8] DEBUG net.thucydides.core.requirements.BaseRequirementsService - Requirement found for test outcome Get student transaction with invalid path-[]: Optional[Requirement{name='Get Student Transaction', type='feature' parent = 'Transaction', cardNumber='null'}]

09:15:27.949 [pool-4-thread-4] DEBUG serenity.reporting - Generating report in bca522b548b0835973d97c18c4090a3f299ab80fcc2793f7f045892e98d258cf.html

09:15:27.950 [pool-4-thread-8] DEBUG serenity.reporting - Generating report in 52c42057e53adb91d88e0f55ed42327c4d43f22c66e48380dc86e970e6351505.html

09:15:27.950 [pool-4-thread-6] DEBUG serenity.reporting - Generated report b212b4a3e12944eb395124ae76af36b415a41db2f1c50692086895d7aa01e8dc.html in 6 ms

09:15:27.950 [pool-4-thread-6] DEBUG net.thucydides.core.reports.ReportService - Processing test outcome MusicLab API Automation Testing Capstone Project:Put or edit a class null parameter done

09:15:27.950 [pool-4-thread-6] DEBUG net.thucydides.core.reports.ReportService - Processing test outcome Post Create Transaction:Create transaction with valid parameter on json request body

09:15:27.950 [pool-4-thread-6] INFO net.thucydides.core.reports.ReportService - net.thucydides.core.reports.html.HtmlAcceptanceTestReporter@6e2a159b: Generating report for test outcome: Post Create Transaction:Create transaction with valid parameter on json request body

09:15:27.951 [pool-4-thread-11] DEBUG serenity.reporting - Generated report 50b386ba995cae698ff81373ea41a82c5b8aee3c94d37f6b8d0b5d42e451bfec.html in 8 ms

09:15:27.951 [pool-4-thread-11] DEBUG net.thucydides.core.reports.ReportService - Processing test outcome MusicLab API Automation Testing Capstone Project:Deactive student done

09:15:27.951 [pool-4-thread-11] DEBUG net.thucydides.core.reports.ReportService - Processing test outcome Post Create Transaction:Create transaction with invalid parameter class_id on json request body

09:15:27.951 [pool-4-thread-11] INFO net.thucydides.core.reports.ReportService - net.thucydides.core.reports.html.HtmlAcceptanceTestReporter@6e2a159b: Generating report for test outcome: Post Create Transaction:Create transaction with invalid parameter class_id on json request body

09:15:27.951 [pool-4-thread-6] DEBUG net.thucydides.core.requirements.BaseRequirementsService - Requirement found for test outcome Create transaction with valid parameter on json request body-[]: Optional[Requirement{name='Post Create Transaction', type='feature' parent = 'Transaction', cardNumber='null'}]

09:15:27.951 [pool-4-thread-11] DEBUG net.thucydides.core.requirements.BaseRequirementsService - Requirement found for test outcome Create transaction with invalid parameter class_id on json request body-[]: Optional[Requirement{name='Post Create Transaction', type='feature' parent = 'Transaction', cardNumber='null'}]

09:15:27.952 [pool-4-thread-11] DEBUG net.thucydides.core.requirements.BaseRequirementsService - Requirement found for test outcome Create transaction with invalid parameter class_id on json request body-[]: Optional[Requirement{name='Post Create Transaction', type='feature' parent = 'Transaction', cardNumber='null'}]

09:15:27.952 [pool-4-thread-6] DEBUG net.thucydides.core.requirements.BaseRequirementsService - Requirement found for test outcome Create transaction with valid parameter on json request body-[]: Optional[Requirement{name='Post Create Transaction', type='feature' parent = 'Transaction', cardNumber='null'}]

09:15:27.952 [pool-4-thread-3] DEBUG net.thucydides.core.requirements.BaseRequirementsService - Requirement found for test outcome Get mentor transaction with valid path-[]: Optional[Requirement{name='Get Mentor Transaction', type='feature' parent = 'Transaction', cardNumber='null'}]

09:15:27.953 [pool-4-thread-3] DEBUG net.thucydides.core.requirements.BaseRequirementsService - Requirement found for test outcome Get mentor transaction with valid path-[]: Optional[Requirement{name='Get Mentor Transaction', type='feature' parent = 'Transaction', cardNumber='null'}]

09:15:27.953 [pool-4-thread-11] DEBUG serenity.reporting - Generating report in 438c4e4b5a4d11ce95946f2e994cf755607c2bac8aead0a8329a2262e25bff70.html

09:15:27.953 [pool-4-thread-6] DEBUG serenity.reporting - Generating report in 6ee0c40b09a69e08bdbfba70ab40167b4119da331cdf0c2599dc2d5f3818e164.html

09:15:27.953 [pool-4-thread-5] DEBUG serenity.reporting - Generating report in 2e7666b846382dccaffafefcfa47f552d033df0c07592a7e1c04931c6a1d46ad.html

09:15:27.961 [pool-4-thread-8] DEBUG serenity.reporting - Generated report 52c42057e53adb91d88e0f55ed42327c4d43f22c66e48380dc86e970e6351505.html in 11 ms

09:15:27.961 [pool-4-thread-8] DEBUG net.thucydides.core.reports.ReportService - Processing test outcome Get Student Transaction:Get student transaction with invalid path done

09:15:27.962 [pool-4-thread-8] DEBUG net.thucydides.core.reports.ReportService - Processing test outcome Post Create Transaction:Create transaction with invalid parameter schedule_id on json request body

09:15:27.962 [pool-4-thread-8] INFO net.thucydides.core.reports.ReportService - net.thucydides.core.reports.html.HtmlAcceptanceTestReporter@6e2a159b: Generating report for test outcome: Post Create Transaction:Create transaction with invalid parameter schedule_id on json request body

09:15:27.963 [pool-4-thread-8] DEBUG net.thucydides.core.requirements.BaseRequirementsService - Requirement found for test outcome Create transaction with invalid parameter schedule_id on json request body-[]: Optional[Requirement{name='Post Create Transaction', type='feature' parent = 'Transaction', cardNumber='null'}]

09:15:27.964 [pool-4-thread-8] DEBUG net.thucydides.core.requirements.BaseRequirementsService - Requirement found for test outcome Create transaction with invalid parameter schedule_id on json request body-[]: Optional[Requirement{name='Post Create Transaction', type='feature' parent = 'Transaction', cardNumber='null'}]

09:15:27.966 [pool-4-thread-8] DEBUG serenity.reporting - Generating report in 24e168d7197caeff2950d8f38d9025d99b3db97e2697d3774a612d97a108d8ee.html

09:15:27.966 [pool-4-thread-11] DEBUG serenity.reporting - Generated report 438c4e4b5a4d11ce95946f2e994cf755607c2bac8aead0a8329a2262e25bff70.html in 13 ms

09:15:27.966 [pool-4-thread-11] DEBUG net.thucydides.core.reports.ReportService - Processing test outcome Post Create Transaction:Create transaction with invalid parameter class_id on json request body done

09:15:27.966 [pool-4-thread-11] DEBUG net.thucydides.core.reports.ReportService - Processing test outcome Post Create Transaction:Create transaction with invalid parameter start_date on json request body

09:15:27.966 [pool-4-thread-11] INFO net.thucydides.core.reports.ReportService - net.thucydides.core.reports.html.HtmlAcceptanceTestReporter@6e2a159b: Generating report for test outcome: Post Create Transaction:Create transaction with invalid parameter start_date on json request body

09:15:27.967 [pool-4-thread-3] DEBUG serenity.reporting - Generating report in 3648b533c38dedc1fa2e87379c99c482a841e2cc5e73e4ac6c359fc9c19ed6a6.html

09:15:27.968 [pool-4-thread-7] DEBUG serenity.reporting - Generated report 603ff435664b7507f048f88d98deaed6596a055032559be52025b113bda82fd2.html in 65 ms

09:15:27.969 [pool-4-thread-7] DEBUG net.thucydides.core.reports.ReportService - Processing test outcome Music Lab API Automation Testing:Get mentor schedule with valid id no authorization done

09:15:27.969 [pool-4-thread-7] DEBUG net.thucydides.core.reports.ReportService - Processing test outcome Post Create Transaction:Create transaction with blank or empty parameter on json request body

09:15:27.969 [pool-4-thread-7] INFO net.thucydides.core.reports.ReportService - net.thucydides.core.reports.html.HtmlAcceptanceTestReporter@6e2a159b: Generating report for test outcome: Post Create Transaction:Create transaction with blank or empty parameter on json request body

09:15:27.971 [pool-4-thread-7] DEBUG net.thucydides.core.requirements.BaseRequirementsService - Requirement found for test outcome Create transaction with blank or empty parameter on json request body-[]: Optional[Requirement{name='Post Create Transaction', type='feature' parent = 'Transaction', cardNumber='null'}]

09:15:27.971 [pool-4-thread-6] DEBUG serenity.reporting - Generated report 6ee0c40b09a69e08bdbfba70ab40167b4119da331cdf0c2599dc2d5f3818e164.html in 18 ms

09:15:27.971 [pool-4-thread-6] DEBUG net.thucydides.core.reports.ReportService - Processing test outcome Post Create Transaction:Create transaction with valid parameter on json request body done

09:15:27.971 [pool-4-thread-6] DEBUG net.thucydides.core.reports.ReportService - Processing test outcome Post Create Transaction:Create transaction with extra parameter on json request body

09:15:27.971 [pool-4-thread-6] INFO net.thucydides.core.reports.ReportService - net.thucydides.core.reports.html.HtmlAcceptanceTestReporter@6e2a159b: Generating report for test outcome: Post Create Transaction:Create transaction with extra parameter on json request body

09:15:27.971 [pool-4-thread-7] DEBUG net.thucydides.core.requirements.BaseRequirementsService - Requirement found for test outcome Create transaction with blank or empty parameter on json request body-[]: Optional[Requirement{name='Post Create Transaction', type='feature' parent = 'Transaction', cardNumber='null'}]

09:15:27.972 [pool-4-thread-6] DEBUG net.thucydides.core.requirements.BaseRequirementsService - Requirement found for test outcome Create transaction with extra parameter on json request body-[]: Optional[Requirement{name='Post Create Transaction', type='feature' parent = 'Transaction', cardNumber='null'}]

09:15:27.972 [pool-4-thread-6] DEBUG net.thucydides.core.requirements.BaseRequirementsService - Requirement found for test outcome Create transaction with extra parameter on json request body-[]: Optional[Requirement{name='Post Create Transaction', type='feature' parent = 'Transaction', cardNumber='null'}]

09:15:27.972 [pool-4-thread-7] DEBUG serenity.reporting - Generating report in 59c57d3d3f26ff86c88562d3cc1307e9323eab162cb1f671accc4db16f9ab992.html

09:15:27.973 [pool-4-thread-6] DEBUG serenity.reporting - Generating report in af6402a0ad42fae8086d6a98c1c6613b8174492089db55666d65061b44738514.html

09:15:27.974 [pool-4-thread-11] DEBUG net.thucydides.core.requirements.BaseRequirementsService - Requirement found for test outcome Create transaction with invalid parameter start_date on json request body-[]: Optional[Requirement{name='Post Create Transaction', type='feature' parent = 'Transaction', cardNumber='null'}]

09:15:27.975 [pool-4-thread-11] DEBUG net.thucydides.core.requirements.BaseRequirementsService - Requirement found for test outcome Create transaction with invalid parameter start_date on json request body-[]: Optional[Requirement{name='Post Create Transaction', type='feature' parent = 'Transaction', cardNumber='null'}]

09:15:27.976 [pool-4-thread-2] DEBUG serenity.reporting - Generated report 4e78174614a67de4d57679deb1a88150b7fa948098fb0e5f220dbe4cab21d0cb.html in 32 ms

09:15:27.976 [pool-4-thread-2] DEBUG net.thucydides.core.reports.ReportService - Processing test outcome MusicLab API Automation Testing Capstone Project:Put or edit student password null parameter done

09:15:27.976 [pool-4-thread-2] DEBUG net.thucydides.core.reports.ReportService - Processing test outcome Post Create Transaction:Create transaction with 1 parameter only

09:15:27.976 [pool-4-thread-2] INFO net.thucydides.core.reports.ReportService - net.thucydides.core.reports.html.HtmlAcceptanceTestReporter@6e2a159b: Generating report for test outcome: Post Create Transaction:Create transaction with 1 parameter only

09:15:27.977 [pool-4-thread-10] DEBUG serenity.reporting - Generated report 51a65fd11ab05839a5cd101bf2ba274adf21e56dcfffdbdf22ba71d65e0ccdf7.html in 34 ms

09:15:27.977 [pool-4-thread-10] DEBUG net.thucydides.core.reports.ReportService - Processing test outcome MusicLab API Automation Testing Capstone Project:Put or edit student password with invalid parameters done

09:15:27.977 [pool-4-thread-11] DEBUG serenity.reporting - Generating report in 3a5ac90ae10a5bfa3f1c3cad02785142a175258e70f8801de24a0102a7a36cfd.html

09:15:27.978 [pool-4-thread-10] DEBUG net.thucydides.core.reports.ReportService - Processing test outcome Post Create Transaction:Create transaction without request body

09:15:27.978 [pool-4-thread-10] INFO net.thucydides.core.reports.ReportService - net.thucydides.core.reports.html.HtmlAcceptanceTestReporter@6e2a159b: Generating report for test outcome: Post Create Transaction:Create transaction without request body

09:15:27.978 [pool-4-thread-2] DEBUG net.thucydides.core.requirements.BaseRequirementsService - Requirement found for test outcome Create transaction with 1 parameter only-[]: Optional[Requirement{name='Post Create Transaction', type='feature' parent = 'Transaction', cardNumber='null'}]

09:15:27.978 [pool-4-thread-1] DEBUG serenity.reporting - Generated report 798bb08bc675137473f3c22a690565cc5bf257d30844793dfda52d9903c19981.html in 31 ms

09:15:27.978 [pool-4-thread-1] DEBUG net.thucydides.core.reports.ReportService - Processing test outcome Get Mentor Transaction:Get mentor transaction with invalid path done

09:15:27.978 [pool-4-thread-1] DEBUG net.thucydides.core.reports.ReportService - Processing test outcome Post Create Transaction:Create transaction with invalid path

09:15:27.978 [pool-4-thread-1] INFO net.thucydides.core.reports.ReportService - net.thucydides.core.reports.html.HtmlAcceptanceTestReporter@6e2a159b: Generating report for test outcome: Post Create Transaction:Create transaction with invalid path

09:15:27.979 [pool-4-thread-10] DEBUG net.thucydides.core.requirements.BaseRequirementsService - Requirement found for test outcome Create transaction without request body-[]: Optional[Requirement{name='Post Create Transaction', type='feature' parent = 'Transaction', cardNumber='null'}]

09:15:27.979 [pool-4-thread-2] DEBUG net.thucydides.core.requirements.BaseRequirementsService - Requirement found for test outcome Create transaction with 1 parameter only-[]: Optional[Requirement{name='Post Create Transaction', type='feature' parent = 'Transaction', cardNumber='null'}]

09:15:27.979 [pool-4-thread-10] DEBUG net.thucydides.core.requirements.BaseRequirementsService - Requirement found for test outcome Create transaction without request body-[]: Optional[Requirement{name='Post Create Transaction', type='feature' parent = 'Transaction', cardNumber='null'}]

09:15:27.979 [pool-4-thread-1] DEBUG net.thucydides.core.requirements.BaseRequirementsService - Requirement found for test outcome Create transaction with invalid path-[]: Optional[Requirement{name='Post Create Transaction', type='feature' parent = 'Transaction', cardNumber='null'}]

09:15:27.981 [pool-4-thread-3] DEBUG serenity.reporting - Generated report 3648b533c38dedc1fa2e87379c99c482a841e2cc5e73e4ac6c359fc9c19ed6a6.html in 14 ms

09:15:27.983 [pool-4-thread-3] DEBUG net.thucydides.core.reports.ReportService - Processing test outcome Get Mentor Transaction:Get mentor transaction with valid path done

09:15:27.984 [pool-4-thread-8] DEBUG serenity.reporting - Generated report 24e168d7197caeff2950d8f38d9025d99b3db97e2697d3774a612d97a108d8ee.html in 18 ms

09:15:27.984 [pool-4-thread-7] DEBUG serenity.reporting - Generated report 59c57d3d3f26ff86c88562d3cc1307e9323eab162cb1f671accc4db16f9ab992.html in 12 ms

09:15:27.984 [pool-4-thread-7] DEBUG net.thucydides.core.reports.ReportService - Processing test outcome Post Create Transaction:Create transaction with blank or empty parameter on json request body done

09:15:27.984 [pool-4-thread-8] DEBUG net.thucydides.core.reports.ReportService - Processing test outcome Post Create Transaction:Create transaction with invalid parameter schedule_id on json request body done

09:15:27.984 [pool-4-thread-1] DEBUG net.thucydides.core.requirements.BaseRequirementsService - Requirement found for test outcome Create transaction with invalid path-[]: Optional[Requirement{name='Post Create Transaction', type='feature' parent = 'Transaction', cardNumber='null'}]

09:15:27.985 [pool-4-thread-10] DEBUG serenity.reporting - Generating report in c90adcda588db5cb6efc97317c9213f889abfdea1fd2819cad42adab2d0d72ac.html

09:15:27.985 [pool-4-thread-1] DEBUG serenity.reporting - Generating report in c97415aadc54e4e66343b20e9d16fed77a51a841a981117dcf6d4a6ff6e9a0fc.html

09:15:27.985 [pool-4-thread-2] DEBUG serenity.reporting - Generating report in 16eafe329f355dcedd3f93023b40e806f264cb6aacd05836d4f2bca66662a741.html

09:15:27.985 [pool-4-thread-12] DEBUG serenity.reporting - Generated report acd455dbb4eb3175183e4d98205e69da811f541e0fb2b4f23016bf47a96c88ab.html in 42 ms

09:15:27.986 [pool-4-thread-12] DEBUG net.thucydides.core.reports.ReportService - Processing test outcome MusicLab API Automation Testing Capstone Project:Put or edit student password with valid parameters done

09:15:27.985 [pool-4-thread-5] DEBUG serenity.reporting - Generated report 2e7666b846382dccaffafefcfa47f552d033df0c07592a7e1c04931c6a1d46ad.html in 32 ms

09:15:27.986 [pool-4-thread-5] DEBUG net.thucydides.core.reports.ReportService - Processing test outcome Music Lab API Automation Testing:Post add mentor schedule availability with valid json no authorization done

09:15:27.986 [pool-4-thread-11] DEBUG serenity.reporting - Generated report 3a5ac90ae10a5bfa3f1c3cad02785142a175258e70f8801de24a0102a7a36cfd.html in 9 ms

09:15:27.986 [pool-4-thread-11] DEBUG net.thucydides.core.reports.ReportService - Processing test outcome Post Create Transaction:Create transaction with invalid parameter start_date on json request body done

09:15:27.986 [pool-4-thread-4] DEBUG serenity.reporting - Generated report bca522b548b0835973d97c18c4090a3f299ab80fcc2793f7f045892e98d258cf.html in 37 ms

09:15:27.986 [pool-4-thread-4] DEBUG net.thucydides.core.reports.ReportService - Processing test outcome Get Student Transaction:Get student transaction with valid path done

09:15:27.989 [pool-4-thread-6] DEBUG serenity.reporting - Generated report af6402a0ad42fae8086d6a98c1c6613b8174492089db55666d65061b44738514.html in 16 ms

09:15:27.989 [pool-4-thread-9] DEBUG serenity.reporting - Generated report 39f3ecd21a6684f8dcad9cd31960a688973f06c0523af14ad11278914d0461ff.html in 57 ms

09:15:27.990 [pool-4-thread-6] DEBUG net.thucydides.core.reports.ReportService - Processing test outcome Post Create Transaction:Create transaction with extra parameter on json request body done

09:15:27.990 [pool-4-thread-9] DEBUG net.thucydides.core.reports.ReportService - Processing test outcome MusicLab API Automation Testing Capstone Project:Put or edit student profile with valid parameters done

09:15:27.996 [pool-4-thread-10] DEBUG serenity.reporting - Generated report c90adcda588db5cb6efc97317c9213f889abfdea1fd2819cad42adab2d0d72ac.html in 11 ms

09:15:27.997 [pool-4-thread-10] DEBUG net.thucydides.core.reports.ReportService - Processing test outcome Post Create Transaction:Create transaction without request body done

09:15:27.996 [pool-4-thread-2] DEBUG serenity.reporting - Generated report 16eafe329f355dcedd3f93023b40e806f264cb6aacd05836d4f2bca66662a741.html in 11 ms

09:15:27.998 [pool-4-thread-2] DEBUG net.thucydides.core.reports.ReportService - Processing test outcome Post Create Transaction:Create transaction with 1 parameter only done

09:15:27.999 [pool-4-thread-1] DEBUG serenity.reporting - Generated report c97415aadc54e4e66343b20e9d16fed77a51a841a981117dcf6d4a6ff6e9a0fc.html in 14 ms

09:15:27.999 [pool-4-thread-1] DEBUG net.thucydides.core.reports.ReportService - Processing test outcome Post Create Transaction:Create transaction with invalid path done

09:15:27.999 [pool-2-thread-1] DEBUG net.thucydides.core.reports.ReportService - Shutting down executor service

09:15:28.000 [pool-2-thread-1] DEBUG net.thucydides.core.reports.ReportService - Reports generated in: 2813 ms

09:15:28.229 [pool-2-thread-1] INFO io.cucumber.core.plugin.SerenityReporter - Cleanup test resources for URI classpath:features/Cucumber/Auth/LoginMentor.feature

09:15:28.231 [pool-2-thread-1] INFO io.cucumber.core.plugin.SerenityReporter - Cleanup test resources for URI classpath:features/Cucumber/Auth/LoginStudent.feature

09:15:28.231 [pool-2-thread-1] INFO io.cucumber.core.plugin.SerenityReporter - Cleanup test resources for URI classpath:features/Cucumber/Auth/RegisterMentor.feature

09:15:28.231 [pool-2-thread-1] INFO io.cucumber.core.plugin.SerenityReporter - Cleanup test resources for URI classpath:features/Cucumber/Auth/RegisterStudent.feature

09:15:28.232 [pool-2-thread-1] INFO io.cucumber.core.plugin.SerenityReporter - Cleanup test resources for URI classpath:features/Cucumber/Chat/GetChatMessage.feature

09:15:28.232 [pool-2-thread-1] INFO io.cucumber.core.plugin.SerenityReporter - Cleanup test resources for URI classpath:features/Cucumber/Chat/GetInboxList.feature

09:15:28.233 [pool-2-thread-1] INFO io.cucumber.core.plugin.SerenityReporter - Cleanup test resources for URI classpath:features/Cucumber/Chat/PostCreateMessage.feature

09:15:28.233 [pool-2-thread-1] INFO io.cucumber.core.plugin.SerenityReporter - Cleanup test resources for URI classpath:features/Cucumber/Class/ClassFeature.feature

09:15:28.234 [pool-2-thread-1] INFO io.cucumber.core.plugin.SerenityReporter - Cleanup test resources for URI classpath:features/Cucumber/Genre/DeleteGenre.feature

09:15:28.234 [pool-2-thread-1] INFO io.cucumber.core.plugin.SerenityReporter - Cleanup test resources for URI classpath:features/Cucumber/Genre/GetGenre.feature

09:15:28.234 [pool-2-thread-1] INFO io.cucumber.core.plugin.SerenityReporter - Cleanup test resources for URI classpath:features/Cucumber/Genre/GetMentorGenre.feature

09:15:28.235 [pool-2-thread-1] INFO io.cucumber.core.plugin.SerenityReporter - Cleanup test resources for URI classpath:features/Cucumber/Genre/PostMentorGenre.feature

09:15:28.236 [pool-2-thread-1] INFO io.cucumber.core.plugin.SerenityReporter - Cleanup test resources for URI classpath:features/Cucumber/Instrument/GetAllListInstrumentPositiveCase.feature

09:15:28.237 [pool-2-thread-1] INFO io.cucumber.core.plugin.SerenityReporter - Cleanup test resources for URI classpath:features/Cucumber/Instrument/GetSingleListInstrumentNegativeCase.feature

09:15:28.237 [pool-2-thread-1] INFO io.cucumber.core.plugin.SerenityReporter - Cleanup test resources for URI classpath:features/Cucumber/Instrument/GetSingleListInstrumentPositiveCase.feature

09:15:28.238 [pool-2-thread-1] INFO io.cucumber.core.plugin.SerenityReporter - Cleanup test resources for URI classpath:features/Cucumber/Instrument/PostCreateInstrumentNegativeCase.feature

09:15:28.239 [pool-2-thread-1] INFO io.cucumber.core.plugin.SerenityReporter - Cleanup test resources for URI classpath:features/Cucumber/Instrument/PostCreateInstrumentPositiveCase.feature

09:15:28.240 [pool-2-thread-1] INFO io.cucumber.core.plugin.SerenityReporter - Cleanup test resources for URI classpath:features/Cucumber/Instrument/Z_DeleteInstrumentNegativeCase.feature

09:15:28.241 [pool-2-thread-1] INFO io.cucumber.core.plugin.SerenityReporter - Cleanup test resources for URI classpath:features/Cucumber/Instrument/Z_DeleteInstrumentPositiveCase.feature

09:15:28.242 [pool-2-thread-1] INFO io.cucumber.core.plugin.SerenityReporter - Cleanup test resources for URI classpath:features/Cucumber/Mentor/GetAllListMentorNegativeCase.feature

09:15:28.242 [pool-2-thread-1] INFO io.cucumber.core.plugin.SerenityReporter - Cleanup test resources for URI classpath:features/Cucumber/Mentor/GetAllListMentorPositiveCase.feature

09:15:28.243 [pool-2-thread-1] INFO io.cucumber.core.plugin.SerenityReporter - Cleanup test resources for URI classpath:features/Cucumber/Mentor/GetSingleMentorNegativeCase.feature

09:15:28.243 [pool-2-thread-1] INFO io.cucumber.core.plugin.SerenityReporter - Cleanup test resources for URI classpath:features/Cucumber/Mentor/GetSingleMentorPositiveCase.feature

09:15:28.243 [pool-2-thread-1] INFO io.cucumber.core.plugin.SerenityReporter - Cleanup test resources for URI classpath:features/Cucumber/Mentor/PostCreateMentorCredentialNegativeCase.feature

09:15:28.244 [pool-2-thread-1] INFO io.cucumber.core.plugin.SerenityReporter - Cleanup test resources for URI classpath:features/Cucumber/Mentor/PostCreateMentorCredentialPositiveCase.feature

09:15:28.245 [pool-2-thread-1] INFO io.cucumber.core.plugin.SerenityReporter - Cleanup test resources for URI classpath:features/Cucumber/Mentor/PutUpdatePasswordMentorNegativeCase.feature

09:15:28.245 [pool-2-thread-1] INFO io.cucumber.core.plugin.SerenityReporter - Cleanup test resources for URI classpath:features/Cucumber/Mentor/PutUpdatePasswordMentorPositiveCase.feature

09:15:28.246 [pool-2-thread-1] INFO io.cucumber.core.plugin.SerenityReporter - Cleanup test resources for URI classpath:features/Cucumber/Mentor/PutUpdateProfileMentorNegativeCase.feature

09:15:28.247 [pool-2-thread-1] INFO io.cucumber.core.plugin.SerenityReporter - Cleanup test resources for URI classpath:features/Cucumber/Mentor/PutUpdateProfileMentorPositiveCase.feature

09:15:28.247 [pool-2-thread-1] INFO io.cucumber.core.plugin.SerenityReporter - Cleanup test resources for URI classpath:features/Cucumber/Mentor/Z_DeleteMentorNegativeCase.feature

09:15:28.248 [pool-2-thread-1] INFO io.cucumber.core.plugin.SerenityReporter - Cleanup test resources for URI classpath:features/Cucumber/Mentor/Z_DeleteMentorPositiveCase.feature

09:15:28.250 [pool-2-thread-1] INFO io.cucumber.core.plugin.SerenityReporter - Cleanup test resources for URI classpath:features/Cucumber/Review/GetReviewMentor.feature

09:15:28.251 [pool-2-thread-1] INFO io.cucumber.core.plugin.SerenityReporter - Cleanup test resources for URI classpath:features/Cucumber/Review/PostCreateReviewInvalid.feature

09:15:28.253 [pool-2-thread-1] INFO io.cucumber.core.plugin.SerenityReporter - Cleanup test resources for URI classpath:features/Cucumber/Review/PostCreateReviewValid.feature

09:15:28.254 [pool-2-thread-1] INFO io.cucumber.core.plugin.SerenityReporter - Cleanup test resources for URI classpath:features/Cucumber/Schedule/DeleteMentorSchedule.feature

09:15:28.254 [pool-2-thread-1] INFO io.cucumber.core.plugin.SerenityReporter - Cleanup test resources for URI classpath:features/Cucumber/Schedule/GetMentorSchedule.feature

09:15:28.255 [pool-2-thread-1] INFO io.cucumber.core.plugin.SerenityReporter - Cleanup test resources for URI classpath:features/Cucumber/Schedule/PostAddMentorSchedule.feature

09:15:28.257 [pool-2-thread-1] INFO io.cucumber.core.plugin.SerenityReporter - Cleanup test resources for URI classpath:features/Cucumber/Schedule/PostAddMentorsSchedulesAvailability.feature

09:15:28.258 [pool-2-thread-1] INFO io.cucumber.core.plugin.SerenityReporter - Cleanup test resources for URI classpath:features/Cucumber/Student/StudentFeature.feature

09:15:28.258 [pool-2-thread-1] INFO io.cucumber.core.plugin.SerenityReporter - Cleanup test resources for URI classpath:features/Cucumber/Transaction/GetMentorTransaction.feature

09:15:28.259 [pool-2-thread-1] INFO io.cucumber.core.plugin.SerenityReporter - Cleanup test resources for URI classpath:features/Cucumber/Transaction/GetStudentTransaction.feature

09:15:28.259 [pool-2-thread-1] INFO io.cucumber.core.plugin.SerenityReporter - Cleanup test resources for URI classpath:features/Cucumber/Transaction/PostCreateTransaction.feature


@PutMentorPassword @FeatureInstrument @BilalProject @Capstone @PutMentorPasswordPositiveCase
Scenario: [Positive Case] Put Update Mentors Password With Valid JSON &amp#27;[90m# features/Cucumber/Mentor/PutUpdatePasswordMentorPositiveCase.feature:4&amp#27;[0m
09:14:52.210 [pool-2-thread-1] INFO io.cucumber.core.plugin.SerenityReporter - Running feature from classpath:features/Cucumber/Mentor/PutUpdatePasswordMentorPositiveCase.feature
09:14:52.211 [pool-2-thread-1] INFO  - 
  _____   ___   ___   _____     ___   _____     _     ___   _____   ___   ___  
 |_   _| | __| / __| |_   _|   / __| |_   _|   /_\   | _ \ |_   _| | __| |   \ 
   | |   | _|  \__ \   | |     \__ \   | |    / _ \  |   /   | |   | _|  | |) |
   |_|   |___| |___/   |_|     |___/   |_|   /_/ \_\ |_|_\   |_|   |___| |___/ 

[Positive Case] Put Update Mentors Password With Valid JSON([musiclab-api]-put-feature-mentors;[positive-case]-put-update-mentors-password-with-valid-json)
--------------------------------------------------------------------------------
09:14:52.218 [pool-2-thread-1] DEBUG net.thucydides.core.steps.StepInterceptor - STARTING STEP: PutUpdateMentorsStepDef.putUpdateMentorsPasswordValidJson - Put Update Mentors Password with Valid JSON
09:14:52.219 [pool-2-thread-1] DEBUG net.thucydides.core.steps.StepInterceptor - STEP DONE: Put Update Mentors Password with Valid JSON
  &amp#27;[32mGiven &amp#27;[0m&amp#27;[32mPut update mentors password with valid json&amp#27;[0m                   &amp#27;[90m# MusicLab.StepDefinitions.Mentor.PutUpdateMentorsStepDef.putUpdateMentorsPasswordValidJson()&amp#27;[0m
  &amp#27;[32mWhen &amp#27;[0m&amp#27;[32mSend put update mentors Password&amp#27;[0m                               &amp#27;[90m# MusicLab.StepDefinitions.Mentor.PutUpdateMentorsStepDef.sendPutUpdateMentorsPassword()&amp#27;[0m
  &amp#27;[31mThen &amp#27;[0m&amp#27;[31mStatus code should be &amp#27;[0m&amp#27;[31m&amp#27;[1m200&amp#27;[0m&amp#27;[31m OK -Mentors_Instruments&amp#27;[0m              &amp#27;[90m# MusicLab.StepDefinitions.Instrument.GetIntrumentStepDef.statusCodeShouldBeOK(int)&amp#27;[0m
      &amp#27;[31mjava.lang.AssertionError: 1 expectation failed.
Expected status code <200> but was <400>.

	at sun.reflect.NativeConstructorAccessorImpl.newInstance0(Native Method)
	at sun.reflect.NativeConstructorAccessorImpl.newInstance(NativeConstructorAccessorImpl.java:62)
	at sun.reflect.DelegatingConstructorAccessorImpl.newInstance(DelegatingConstructorAccessorImpl.java:45)
	at java.lang.reflect.Constructor.newInstance(Constructor.java:423)
	at org.codehaus.groovy.reflection.CachedConstructor.invoke(CachedConstructor.java:72)
	at org.codehaus.groovy.reflection.CachedConstructor.doConstructorInvoke(CachedConstructor.java:59)
	at org.codehaus.groovy.runtime.callsite.ConstructorSite$ConstructorSiteNoUnwrap.callConstructor(ConstructorSite.java:84)
	at org.codehaus.groovy.runtime.callsite.AbstractCallSite.callConstructor(AbstractCallSite.java:277)
	at io.restassured.internal.ResponseSpecificationImpl$HamcrestAssertionClosure.validate(ResponseSpecificationImpl.groovy:493)
	at io.restassured.internal.ResponseSpecificationImpl$HamcrestAssertionClosure$validate$1.call(Unknown Source)
	at io.restassured.internal.ResponseSpecificationImpl.validateResponseIfRequired(ResponseSpecificationImpl.groovy:674)
	at sun.reflect.GeneratedMethodAccessor72.invoke(Unknown Source)
	at sun.reflect.DelegatingMethodAccessorImpl.invoke(DelegatingMethodAccessorImpl.java:43)
	at java.lang.reflect.Method.invoke(Method.java:498)
	at org.codehaus.groovy.runtime.callsite.PlainObjectMetaMethodSite.doInvoke(PlainObjectMetaMethodSite.java:43)
	at org.codehaus.groovy.runtime.callsite.PogoMetaMethodSite$PogoCachedMethodSiteNoUnwrapNoCoerce.invoke(PogoMetaMethodSite.java:193)
	at org.codehaus.groovy.runtime.callsite.PogoMetaMethodSite.callCurrent(PogoMetaMethodSite.java:61)
	at org.codehaus.groovy.runtime.callsite.AbstractCallSite.callCurrent(AbstractCallSite.java:185)
	at io.restassured.internal.ResponseSpecificationImpl.statusCode(ResponseSpecificationImpl.groovy:126)
	at io.restassured.specification.ResponseSpecification$statusCode$0.callCurrent(Unknown Source)
	at io.restassured.internal.ResponseSpecificationImpl.statusCode(ResponseSpecificationImpl.groovy:134)
	at io.restassured.internal.ValidatableResponseOptionsImpl.statusCode(ValidatableResponseOptionsImpl.java:89)
	at io.restassured.internal.ValidatableResponseImpl.super$2$statusCode(ValidatableResponseImpl.groovy)
	at sun.reflect.GeneratedMethodAccessor169.invoke(Unknown Source)
	at sun.reflect.DelegatingMethodAccessorImpl.invoke(DelegatingMethodAccessorImpl.java:43)
	at java.lang.reflect.Method.invoke(Method.java:498)
	at org.codehaus.groovy.reflection.CachedMethod.invoke(CachedMethod.java:107)
	at groovy.lang.MetaMethod.doMethodInvoke(MetaMethod.java:323)
	at groovy.lang.MetaClassImpl.invokeMethod(MetaClassImpl.java:1267)
	at org.codehaus.groovy.runtime.ScriptBytecodeAdapter.invokeMethodOnSuperN(ScriptBytecodeAdapter.java:144)
	at io.restassured.internal.ValidatableResponseImpl.statusCode(ValidatableResponseImpl.groovy:142)
	at io.restassured.internal.ValidatableResponseImpl.statusCode(ValidatableResponseImpl.groovy)
	at MusicLab.StepDefinitions.Instrument.GetIntrumentStepDef.statusCodeShouldBeOK(GetIntrumentStepDef.java:52)
	at âœ½.Status code should be 200 OK -Mentors_Instruments(classpath:features/Cucumber/Mentor/PutUpdatePasswordMentorPositiveCase.feature:7)
&amp#27;[0m
  &amp#27;[36mAnd &amp#27;[0m&amp#27;[36mValidate update mentors password json schema&amp#27;[0m                    &amp#27;[90m# MusicLab.StepDefinitions.Mentor.PutUpdateMentorsStepDef.validatePutUpdateMentorPasswordJsonSchema()&amp#27;[0m
]]></system-out>
  </testcase>
</testsuite>