<?xml version="1.0" encoding="UTF-8"?>
<testsuite xmlns:xsi="http://www.w3.org/2001/XMLSchema-instance" xsi:noNamespaceSchemaLocation="https://maven.apache.org/surefire/maven-failsafe-plugin/xsd/failsafe-test-report-3.0.xsd" version="3.0" name="[MusicLab-API] Put Feature Mentors #2" time="0.516" tests="1" errors="0" skipped="0" failures="1">
  <properties>
    <property name="sun.desktop" value="windows"/>
    <property name="awt.toolkit" value="sun.awt.windows.WToolkit"/>
    <property name="file.encoding.pkg" value="sun.io"/>
    <property name="java.specification.version" value="1.8"/>
    <property name="sun.cpu.isalist" value="amd64"/>
    <property name="sun.jnu.encoding" value="Cp1252"/>
    <property name="java.class.path" value="D:\Alterra\Automation\API\MusicLab-QE-APITesting\target\test-classes;D:\Alterra\Automation\API\MusicLab-QE-APITesting\target\CapstoneProject-1.0.0-SNAPSHOT.jar;C:\Users\mafaa\.m2\repository\ch\qos\logback\logback-classic\1.2.3\logback-classic-1.2.3.jar;C:\Users\mafaa\.m2\repository\ch\qos\logback\logback-core\1.2.3\logback-core-1.2.3.jar;C:\Users\mafaa\.m2\repository\org\slf4j\slf4j-api\1.7.25\slf4j-api-1.7.25.jar;C:\Users\mafaa\.m2\repository\net\serenity-bdd\serenity-core\2.4.51\serenity-core-2.4.51.jar;C:\Users\mafaa\.m2\repository\net\serenity-bdd\serenity-model\2.4.51\serenity-model-2.4.51.jar;C:\Users\mafaa\.m2\repository\org\apache\commons\commons-text\1.9\commons-text-1.9.jar;C:\Users\mafaa\.m2\repository\commons-net\commons-net\3.6\commons-net-3.6.jar;C:\Users\mafaa\.m2\repository\com\google\guava\guava\30.1-jre\guava-30.1-jre.jar;C:\Users\mafaa\.m2\repository\com\google\guava\failureaccess\1.0.1\failureaccess-1.0.1.jar;C:\Users\mafaa\.m2\repository\com\google\guava\listenablefuture\9999.0-empty-to-avoid-conflict-with-guava\listenablefuture-9999.0-empty-to-avoid-conflict-with-guava.jar;C:\Users\mafaa\.m2\repository\org\checkerframework\checker-qual\3.5.0\checker-qual-3.5.0.jar;C:\Users\mafaa\.m2\repository\com\google\errorprone\error_prone_annotations\2.3.4\error_prone_annotations-2.3.4.jar;C:\Users\mafaa\.m2\repository\com\google\j2objc\j2objc-annotations\1.3\j2objc-annotations-1.3.jar;C:\Users\mafaa\.m2\repository\com\google\inject\guice\5.0.1\guice-5.0.1.jar;C:\Users\mafaa\.m2\repository\javax\inject\javax.inject\1\javax.inject-1.jar;C:\Users\mafaa\.m2\repository\aopalliance\aopalliance\1.0\aopalliance-1.0.jar;C:\Users\mafaa\.m2\repository\org\jsoup\jsoup\1.13.1\jsoup-1.13.1.jar;C:\Users\mafaa\.m2\repository\com\thoughtworks\xstream\xstream\1.4.17\xstream-1.4.17.jar;C:\Users\mafaa\.m2\repository\io\github\x-stream\mxparser\1.2.1\mxparser-1.2.1.jar;C:\Users\mafaa\.m2\repository\xmlpull\xmlpull\1.1.3.1\xmlpull-1.1.3.1.jar;C:\Users\mafaa\.m2\repository\io\cucumber\cucumber-core\6.10.2\cucumber-core-6.10.2.jar;C:\Users\mafaa\.m2\repository\io\cucumber\cucumber-gherkin\6.10.2\cucumber-gherkin-6.10.2.jar;C:\Users\mafaa\.m2\repository\io\cucumber\cucumber-gherkin-messages\6.10.2\cucumber-gherkin-messages-6.10.2.jar;C:\Users\mafaa\.m2\repository\io\cucumber\messages\14.0.1\messages-14.0.1.jar;C:\Users\mafaa\.m2\repository\io\cucumber\tag-expressions\3.0.0\tag-expressions-3.0.0.jar;C:\Users\mafaa\.m2\repository\io\cucumber\cucumber-expressions\10.3.0\cucumber-expressions-10.3.0.jar;C:\Users\mafaa\.m2\repository\io\cucumber\cucumber-plugin\6.10.2\cucumber-plugin-6.10.2.jar;C:\Users\mafaa\.m2\repository\io\cucumber\docstring\6.10.2\docstring-6.10.2.jar;C:\Users\mafaa\.m2\repository\io\cucumber\html-formatter\12.0.0\html-formatter-12.0.0.jar;C:\Users\mafaa\.m2\repository\io\cucumber\create-meta\3.0.0\create-meta-3.0.0.jar;C:\Users\mafaa\.m2\repository\com\typesafe\config\1.3.1\config-1.3.1.jar;C:\Users\mafaa\.m2\repository\org\imgscalr\imgscalr-lib\4.2\imgscalr-lib-4.2.jar;C:\Users\mafaa\.m2\repository\org\awaitility\awaitility\4.0.3\awaitility-4.0.3.jar;C:\Users\mafaa\.m2\repository\org\freemarker\freemarker\2.3.29\freemarker-2.3.29.jar;C:\Users\mafaa\.m2\repository\net\sourceforge\jexcelapi\jxl\2.6.12\jxl-2.6.12.jar;C:\Users\mafaa\.m2\repository\org\asciidoctor\asciidoctorj\2.5.1\asciidoctorj-2.5.1.jar;C:\Users\mafaa\.m2\repository\org\asciidoctor\asciidoctorj-api\2.5.1\asciidoctorj-api-2.5.1.jar;C:\Users\mafaa\.m2\repository\org\jruby\jruby\9.2.17.0\jruby-9.2.17.0.jar;C:\Users\mafaa\.m2\repository\org\jruby\jruby-core\9.2.17.0\jruby-core-9.2.17.0.jar;C:\Users\mafaa\.m2\repository\com\github\jnr\jnr-netdb\1.2.0\jnr-netdb-1.2.0.jar;C:\Users\mafaa\.m2\repository\com\github\jnr\jnr-enxio\0.32.3\jnr-enxio-0.32.3.jar;C:\Users\mafaa\.m2\repository\com\github\jnr\jnr-unixsocket\0.38.5\jnr-unixsocket-0.38.5.jar;C:\Users\mafaa\.m2\repository\com\github\jnr\jnr-posix\3.1.4\jnr-posix-3.1.4.jar;C:\Users\mafaa\.m2\repository\com\github\jnr\jnr-constants\0.10.1\jnr-constants-0.10.1.jar;C:\Users\mafaa\.m2\repository\com\github\jnr\jffi\1.3.1\jffi-1.3.1.jar;C:\Users\mafaa\.m2\repository\com\github\jnr\jffi\1.3.1\jffi-1.3.1-native.jar;C:\Users\mafaa\.m2\repository\org\jruby\joni\joni\2.1.31\joni-2.1.31.jar;C:\Users\mafaa\.m2\repository\org\jruby\jcodings\jcodings\1.0.46\jcodings-1.0.46.jar;C:\Users\mafaa\.m2\repository\org\jruby\dirgra\0.3\dirgra-0.3.jar;C:\Users\mafaa\.m2\repository\com\headius\invokebinder\1.11\invokebinder-1.11.jar;C:\Users\mafaa\.m2\repository\com\headius\options\1.4\options-1.4.jar;C:\Users\mafaa\.m2\repository\com\jcraft\jzlib\1.1.3\jzlib-1.1.3.jar;C:\Users\mafaa\.m2\repository\com\martiansoftware\nailgun-server\0.9.1\nailgun-server-0.9.1.jar;C:\Users\mafaa\.m2\repository\com\headius\backport9\1.8\backport9-1.8.jar;C:\Users\mafaa\.m2\repository\javax\annotation\javax.annotation-api\1.3.1\javax.annotation-api-1.3.1.jar;C:\Users\mafaa\.m2\repository\org\jruby\jruby-stdlib\9.2.17.0\jruby-stdlib-9.2.17.0.jar;C:\Users\mafaa\.m2\repository\net\bytebuddy\byte-buddy\1.11.1\byte-buddy-1.11.1.jar;C:\Users\mafaa\.m2\repository\net\bytebuddy\byte-buddy-agent\1.11.1\byte-buddy-agent-1.11.1.jar;C:\Users\mafaa\.m2\repository\org\objenesis\objenesis\3.1\objenesis-3.1.jar;C:\Users\mafaa\.m2\repository\net\serenity-bdd\serenity-reports\2.4.51\serenity-reports-2.4.51.jar;C:\Users\mafaa\.m2\repository\net\serenity-bdd\serenity-stats\2.4.51\serenity-stats-2.4.51.jar;C:\Users\mafaa\.m2\repository\org\jetbrains\kotlin\kotlin-stdlib\1.5.0\kotlin-stdlib-1.5.0.jar;C:\Users\mafaa\.m2\repository\org\jetbrains\annotations\13.0\annotations-13.0.jar;C:\Users\mafaa\.m2\repository\org\jetbrains\kotlin\kotlin-stdlib-common\1.5.0\kotlin-stdlib-common-1.5.0.jar;C:\Users\mafaa\.m2\repository\net\serenity-bdd\serenity-reports-configuration\2.4.51\serenity-reports-configuration-2.4.51.jar;C:\Users\mafaa\.m2\repository\com\vladsch\flexmark\flexmark-all\0.34.30\flexmark-all-0.34.30.jar;C:\Users\mafaa\.m2\repository\com\vladsch\flexmark\flexmark\0.34.30\flexmark-0.34.30.jar;C:\Users\mafaa\.m2\repository\com\vladsch\flexmark\flexmark-ext-abbreviation\0.34.30\flexmark-ext-abbreviation-0.34.30.jar;C:\Users\mafaa\.m2\repository\com\vladsch\flexmark\flexmark-ext-admonition\0.34.30\flexmark-ext-admonition-0.34.30.jar;C:\Users\mafaa\.m2\repository\com\vladsch\flexmark\flexmark-ext-anchorlink\0.34.30\flexmark-ext-anchorlink-0.34.30.jar;C:\Users\mafaa\.m2\repository\com\vladsch\flexmark\flexmark-ext-aside\0.34.30\flexmark-ext-aside-0.34.30.jar;C:\Users\mafaa\.m2\repository\com\vladsch\flexmark\flexmark-ext-attributes\0.34.30\flexmark-ext-attributes-0.34.30.jar;C:\Users\mafaa\.m2\repository\com\vladsch\flexmark\flexmark-ext-autolink\0.34.30\flexmark-ext-autolink-0.34.30.jar;C:\Users\mafaa\.m2\repository\org\nibor\autolink\autolink\0.6.0\autolink-0.6.0.jar;C:\Users\mafaa\.m2\repository\com\vladsch\flexmark\flexmark-ext-definition\0.34.30\flexmark-ext-definition-0.34.30.jar;C:\Users\mafaa\.m2\repository\com\vladsch\flexmark\flexmark-ext-emoji\0.34.30\flexmark-ext-emoji-0.34.30.jar;C:\Users\mafaa\.m2\repository\com\vladsch\flexmark\flexmark-ext-enumerated-reference\0.34.30\flexmark-ext-enumerated-reference-0.34.30.jar;C:\Users\mafaa\.m2\repository\com\vladsch\flexmark\flexmark-ext-escaped-character\0.34.30\flexmark-ext-escaped-character-0.34.30.jar;C:\Users\mafaa\.m2\repository\com\vladsch\flexmark\flexmark-ext-footnotes\0.34.30\flexmark-ext-footnotes-0.34.30.jar;C:\Users\mafaa\.m2\repository\com\vladsch\flexmark\flexmark-ext-gfm-issues\0.34.30\flexmark-ext-gfm-issues-0.34.30.jar;C:\Users\mafaa\.m2\repository\com\vladsch\flexmark\flexmark-ext-gfm-strikethrough\0.34.30\flexmark-ext-gfm-strikethrough-0.34.30.jar;C:\Users\mafaa\.m2\repository\com\vladsch\flexmark\flexmark-ext-gfm-tables\0.34.30\flexmark-ext-gfm-tables-0.34.30.jar;C:\Users\mafaa\.m2\repository\com\vladsch\flexmark\flexmark-ext-gfm-tasklist\0.34.30\flexmark-ext-gfm-tasklist-0.34.30.jar;C:\Users\mafaa\.m2\repository\com\vladsch\flexmark\flexmark-ext-gfm-users\0.34.30\flexmark-ext-gfm-users-0.34.30.jar;C:\Users\mafaa\.m2\repository\com\vladsch\flexmark\flexmark-ext-gitlab\0.34.30\flexmark-ext-gitlab-0.34.30.jar;C:\Users\mafaa\.m2\repository\com\vladsch\flexmark\flexmark-ext-jekyll-front-matter\0.34.30\flexmark-ext-jekyll-front-matter-0.34.30.jar;C:\Users\mafaa\.m2\repository\com\vladsch\flexmark\flexmark-ext-jekyll-tag\0.34.30\flexmark-ext-jekyll-tag-0.34.30.jar;C:\Users\mafaa\.m2\repository\com\vladsch\flexmark\flexmark-ext-media-tags\0.34.30\flexmark-ext-media-tags-0.34.30.jar;C:\Users\mafaa\.m2\repository\com\vladsch\flexmark\flexmark-test-util\0.34.30\flexmark-test-util-0.34.30.jar;C:\Users\mafaa\.m2\repository\com\vladsch\flexmark\flexmark-ext-ins\0.34.30\flexmark-ext-ins-0.34.30.jar;C:\Users\mafaa\.m2\repository\com\vladsch\flexmark\flexmark-ext-xwiki-macros\0.34.30\flexmark-ext-xwiki-macros-0.34.30.jar;C:\Users\mafaa\.m2\repository\com\vladsch\flexmark\flexmark-ext-superscript\0.34.30\flexmark-ext-superscript-0.34.30.jar;C:\Users\mafaa\.m2\repository\com\vladsch\flexmark\flexmark-ext-tables\0.34.30\flexmark-ext-tables-0.34.30.jar;C:\Users\mafaa\.m2\repository\com\vladsch\flexmark\flexmark-ext-toc\0.34.30\flexmark-ext-toc-0.34.30.jar;C:\Users\mafaa\.m2\repository\com\vladsch\flexmark\flexmark-ext-typographic\0.34.30\flexmark-ext-typographic-0.34.30.jar;C:\Users\mafaa\.m2\repository\com\vladsch\flexmark\flexmark-ext-wikilink\0.34.30\flexmark-ext-wikilink-0.34.30.jar;C:\Users\mafaa\.m2\repository\com\vladsch\flexmark\flexmark-ext-yaml-front-matter\0.34.30\flexmark-ext-yaml-front-matter-0.34.30.jar;C:\Users\mafaa\.m2\repository\com\vladsch\flexmark\flexmark-ext-youtube-embedded\0.34.30\flexmark-ext-youtube-embedded-0.34.30.jar;C:\Users\mafaa\.m2\repository\com\vladsch\flexmark\flexmark-formatter\0.34.30\flexmark-formatter-0.34.30.jar;C:\Users\mafaa\.m2\repository\com\vladsch\flexmark\flexmark-html-parser\0.34.30\flexmark-html-parser-0.34.30.jar;C:\Users\mafaa\.m2\repository\com\vladsch\flexmark\flexmark-jira-converter\0.34.30\flexmark-jira-converter-0.34.30.jar;C:\Users\mafaa\.m2\repository\com\vladsch\flexmark\flexmark-pdf-converter\0.34.30\flexmark-pdf-converter-0.34.30.jar;C:\Users\mafaa\.m2\repository\com\openhtmltopdf\openhtmltopdf-core\0.0.1-RC13\openhtmltopdf-core-0.0.1-RC13.jar;C:\Users\mafaa\.m2\repository\com\openhtmltopdf\openhtmltopdf-pdfbox\0.0.1-RC13\openhtmltopdf-pdfbox-0.0.1-RC13.jar;C:\Users\mafaa\.m2\repository\org\apache\pdfbox\pdfbox\2.0.8\pdfbox-2.0.8.jar;C:\Users\mafaa\.m2\repository\org\apache\pdfbox\fontbox\2.0.8\fontbox-2.0.8.jar;C:\Users\mafaa\.m2\repository\org\apache\pdfbox\xmpbox\2.0.8\xmpbox-2.0.8.jar;C:\Users\mafaa\.m2\repository\de\rototor\pdfbox\graphics2d\0.12\graphics2d-0.12.jar;C:\Users\mafaa\.m2\repository\com\openhtmltopdf\openhtmltopdf-rtl-support\0.0.1-RC13\openhtmltopdf-rtl-support-0.0.1-RC13.jar;C:\Users\mafaa\.m2\repository\com\ibm\icu\icu4j\59.1\icu4j-59.1.jar;C:\Users\mafaa\.m2\repository\com\openhtmltopdf\openhtmltopdf-jsoup-dom-converter\0.0.1-RC13\openhtmltopdf-jsoup-dom-converter-0.0.1-RC13.jar;C:\Users\mafaa\.m2\repository\com\vladsch\flexmark\flexmark-profile-pegdown\0.34.30\flexmark-profile-pegdown-0.34.30.jar;C:\Users\mafaa\.m2\repository\com\vladsch\flexmark\flexmark-util\0.34.30\flexmark-util-0.34.30.jar;C:\Users\mafaa\.m2\repository\com\vladsch\flexmark\flexmark-youtrack-converter\0.34.30\flexmark-youtrack-converter-0.34.30.jar;C:\Users\mafaa\.m2\repository\es\nitaur\markdown\txtmark\0.16\txtmark-0.16.jar;C:\Users\mafaa\.m2\repository\net\serenity-bdd\serenity-report-resources\2.4.51\serenity-report-resources-2.4.51.jar;C:\Users\mafaa\.m2\repository\com\google\code\gson\gson\2.8.7\gson-2.8.7.jar;C:\Users\mafaa\.m2\repository\com\fasterxml\jackson\core\jackson-core\2.12.4\jackson-core-2.12.4.jar;C:\Users\mafaa\.m2\repository\com\fasterxml\jackson\core\jackson-databind\2.12.4\jackson-databind-2.12.4.jar;C:\Users\mafaa\.m2\repository\com\fasterxml\jackson\core\jackson-annotations\2.12.4\jackson-annotations-2.12.4.jar;C:\Users\mafaa\.m2\repository\commons-codec\commons-codec\1.15\commons-codec-1.15.jar;C:\Users\mafaa\.m2\repository\commons-io\commons-io\2.8.0\commons-io-2.8.0.jar;C:\Users\mafaa\.m2\repository\org\seleniumhq\selenium\selenium-server\3.141.59\selenium-server-3.141.59.jar;C:\Users\mafaa\.m2\repository\org\seleniumhq\selenium\selenium-opera-driver\3.141.59\selenium-opera-driver-3.141.59.jar;C:\Users\mafaa\.m2\repository\org\seleniumhq\selenium\selenium-remote-driver\3.141.59\selenium-remote-driver-3.141.59.jar;C:\Users\mafaa\.m2\repository\org\seleniumhq\selenium\selenium-safari-driver\3.141.59\selenium-safari-driver-3.141.59.jar;C:\Users\mafaa\.m2\repository\com\beust\jcommander\1.72\jcommander-1.72.jar;C:\Users\mafaa\.m2\repository\org\apache\commons\commons-exec\1.3\commons-exec-1.3.jar;C:\Users\mafaa\.m2\repository\net\jcip\jcip-annotations\1.0\jcip-annotations-1.0.jar;C:\Users\mafaa\.m2\repository\org\seleniumhq\selenium\jetty-repacked\9.4.12.v20180830\jetty-repacked-9.4.12.v20180830.jar;C:\Users\mafaa\.m2\repository\com\squareup\okhttp3\okhttp\3.11.0\okhttp-3.11.0.jar;C:\Users\mafaa\.m2\repository\com\squareup\okio\okio\1.14.0\okio-1.14.0.jar;C:\Users\mafaa\.m2\repository\javax\servlet\javax.servlet-api\3.1.0\javax.servlet-api-3.1.0.jar;C:\Users\mafaa\.m2\repository\org\yaml\snakeyaml\1.19\snakeyaml-1.19.jar;C:\Users\mafaa\.m2\repository\org\seleniumhq\selenium\selenium-java\3.141.59\selenium-java-3.141.59.jar;C:\Users\mafaa\.m2\repository\org\seleniumhq\selenium\selenium-api\3.141.59\selenium-api-3.141.59.jar;C:\Users\mafaa\.m2\repository\org\seleniumhq\selenium\selenium-support\3.141.59\selenium-support-3.141.59.jar;C:\Users\mafaa\.m2\repository\org\seleniumhq\selenium\selenium-chrome-driver\3.141.59\selenium-chrome-driver-3.141.59.jar;C:\Users\mafaa\.m2\repository\org\seleniumhq\selenium\selenium-firefox-driver\3.141.59\selenium-firefox-driver-3.141.59.jar;C:\Users\mafaa\.m2\repository\org\seleniumhq\selenium\selenium-edge-driver\3.141.59\selenium-edge-driver-3.141.59.jar;C:\Users\mafaa\.m2\repository\org\seleniumhq\selenium\selenium-ie-driver\3.141.59\selenium-ie-driver-3.141.59.jar;C:\Users\mafaa\.m2\repository\net\sourceforge\htmlunit\htmlunit\2.47.1\htmlunit-2.47.1.jar;C:\Users\mafaa\.m2\repository\xalan\xalan\2.7.2\xalan-2.7.2.jar;C:\Users\mafaa\.m2\repository\xalan\serializer\2.7.2\serializer-2.7.2.jar;C:\Users\mafaa\.m2\repository\net\sourceforge\htmlunit\htmlunit-core-js\2.47.0\htmlunit-core-js-2.47.0.jar;C:\Users\mafaa\.m2\repository\net\sourceforge\htmlunit\neko-htmlunit\2.47.1\neko-htmlunit-2.47.1.jar;C:\Users\mafaa\.m2\repository\xerces\xercesImpl\2.12.0\xercesImpl-2.12.0.jar;C:\Users\mafaa\.m2\repository\xml-apis\xml-apis\1.4.01\xml-apis-1.4.01.jar;C:\Users\mafaa\.m2\repository\net\sourceforge\htmlunit\htmlunit-cssparser\1.7.0\htmlunit-cssparser-1.7.0.jar;C:\Users\mafaa\.m2\repository\org\brotli\dec\0.1.2\dec-0.1.2.jar;C:\Users\mafaa\.m2\repository\com\shapesecurity\salvation2\3.0.0\salvation2-3.0.0.jar;C:\Users\mafaa\.m2\repository\org\eclipse\jetty\websocket\websocket-client\9.4.36.v20210114\websocket-client-9.4.36.v20210114.jar;C:\Users\mafaa\.m2\repository\org\eclipse\jetty\jetty-client\9.4.36.v20210114\jetty-client-9.4.36.v20210114.jar;C:\Users\mafaa\.m2\repository\org\eclipse\jetty\jetty-http\9.4.36.v20210114\jetty-http-9.4.36.v20210114.jar;C:\Users\mafaa\.m2\repository\org\eclipse\jetty\jetty-util\9.4.36.v20210114\jetty-util-9.4.36.v20210114.jar;C:\Users\mafaa\.m2\repository\org\eclipse\jetty\jetty-io\9.4.36.v20210114\jetty-io-9.4.36.v20210114.jar;C:\Users\mafaa\.m2\repository\org\eclipse\jetty\websocket\websocket-common\9.4.36.v20210114\websocket-common-9.4.36.v20210114.jar;C:\Users\mafaa\.m2\repository\org\eclipse\jetty\websocket\websocket-api\9.4.36.v20210114\websocket-api-9.4.36.v20210114.jar;C:\Users\mafaa\.m2\repository\org\projectlombok\lombok\1.18.20\lombok-1.18.20.jar;C:\Users\mafaa\.m2\repository\org\seleniumhq\selenium\htmlunit-driver\2.47.1\htmlunit-driver-2.47.1.jar;C:\Users\mafaa\.m2\repository\com\codeborne\phantomjsdriver\1.4.4\phantomjsdriver-1.4.4.jar;C:\Users\mafaa\.m2\repository\io\appium\java-client\7.5.1\java-client-7.5.1.jar;C:\Users\mafaa\.m2\repository\commons-validator\commons-validator\1.7\commons-validator-1.7.jar;C:\Users\mafaa\.m2\repository\commons-digester\commons-digester\2.1\commons-digester-2.1.jar;C:\Users\mafaa\.m2\repository\org\aspectj\aspectjweaver\1.9.6\aspectjweaver-1.9.6.jar;C:\Users\mafaa\.m2\repository\net\sf\opencsv\opencsv\2.0\opencsv-2.0.jar;C:\Users\mafaa\.m2\repository\commons-beanutils\commons-beanutils\1.9.4\commons-beanutils-1.9.4.jar;C:\Users\mafaa\.m2\repository\org\apache\commons\commons-lang3\3.11\commons-lang3-3.11.jar;C:\Users\mafaa\.m2\repository\commons-collections\commons-collections\3.2.2\commons-collections-3.2.2.jar;C:\Users\mafaa\.m2\repository\org\fluentlenium\fluentlenium-core\0.10.2\fluentlenium-core-0.10.2.jar;C:\Users\mafaa\.m2\repository\io\github\bonigarcia\webdrivermanager\4.4.1\webdrivermanager-4.4.1.jar;C:\Users\mafaa\.m2\repository\org\apache\httpcomponents\client5\httpclient5\5.0.3\httpclient5-5.0.3.jar;C:\Users\mafaa\.m2\repository\org\apache\httpcomponents\core5\httpcore5\5.0.2\httpcore5-5.0.2.jar;C:\Users\mafaa\.m2\repository\org\apache\httpcomponents\core5\httpcore5-h2\5.0.2\httpcore5-h2-5.0.2.jar;C:\Users\mafaa\.m2\repository\org\rauschig\jarchivelib\1.1.0\jarchivelib-1.1.0.jar;C:\Users\mafaa\.m2\repository\org\apache\commons\commons-compress\1.20\commons-compress-1.20.jar;C:\Users\mafaa\.m2\repository\com\jhlabs\filters\2.0.235\filters-2.0.235.jar;C:\Users\mafaa\.m2\repository\com\paulhammant\ngwebdriver\1.1.5\ngwebdriver-1.1.5.jar;C:\Users\mafaa\.m2\repository\joda-time\joda-time\2.8.2\joda-time-2.8.2.jar;C:\Users\mafaa\.m2\repository\com\google\jimfs\jimfs\1.1\jimfs-1.1.jar;C:\Users\mafaa\.m2\repository\org\mockito\mockito-core\3.3.3\mockito-core-3.3.3.jar;C:\Users\mafaa\.m2\repository\javax\xml\bind\jaxb-api\2.3.1\jaxb-api-2.3.1.jar;C:\Users\mafaa\.m2\repository\javax\activation\javax.activation-api\1.2.0\javax.activation-api-1.2.0.jar;C:\Users\mafaa\.m2\repository\com\sun\xml\bind\jaxb-core\2.3.0.1\jaxb-core-2.3.0.1.jar;C:\Users\mafaa\.m2\repository\com\sun\xml\bind\jaxb-impl\2.3.3\jaxb-impl-2.3.3.jar;C:\Users\mafaa\.m2\repository\com\sun\activation\jakarta.activation\1.2.2\jakarta.activation-1.2.2.jar;C:\Users\mafaa\.m2\repository\javax\activation\activation\1.1.1\activation-1.1.1.jar;C:\Users\mafaa\.m2\repository\net\serenity-bdd\serenity-junit\2.4.51\serenity-junit-2.4.51.jar;C:\Users\mafaa\.m2\repository\net\serenity-bdd\serenity-rest-assured\2.4.51\serenity-rest-assured-2.4.51.jar;C:\Users\mafaa\.m2\repository\org\codehaus\groovy\groovy-json\3.0.8\groovy-json-3.0.8.jar;C:\Users\mafaa\.m2\repository\org\opentest4j\opentest4j\1.2.0\opentest4j-1.2.0.jar;C:\Users\mafaa\.m2\repository\net\serenity-bdd\serenity-screenplay\2.4.51\serenity-screenplay-2.4.51.jar;C:\Users\mafaa\.m2\repository\net\serenity-bdd\serenity-screenplay-rest\2.4.51\serenity-screenplay-rest-2.4.51.jar;C:\Users\mafaa\.m2\repository\net\serenity-bdd\serenity-cucumber6\2.4.51\serenity-cucumber6-2.4.51.jar;C:\Users\mafaa\.m2\repository\net\serenity-bdd\serenity-screenplay-webdriver\2.4.51\serenity-screenplay-webdriver-2.4.51.jar;C:\Users\mafaa\.m2\repository\io\cucumber\cucumber-java\6.10.4\cucumber-java-6.10.4.jar;C:\Users\mafaa\.m2\repository\org\apiguardian\apiguardian-api\1.1.1\apiguardian-api-1.1.1.jar;C:\Users\mafaa\.m2\repository\io\cucumber\cucumber-junit\6.10.4\cucumber-junit-6.10.4.jar;C:\Users\mafaa\.m2\repository\io\cucumber\datatable-matchers\3.4.0\datatable-matchers-3.4.0.jar;C:\Users\mafaa\.m2\repository\io\cucumber\datatable\3.4.0\datatable-3.4.0.jar;C:\Users\mafaa\.m2\repository\commons-logging\commons-logging\1.2\commons-logging-1.2.jar;C:\Users\mafaa\.m2\repository\org\apache\commons\commons-csv\1.5\commons-csv-1.5.jar;C:\Users\mafaa\.m2\repository\io\rest-assured\rest-assured\4.3.2\rest-assured-4.3.2.jar;C:\Users\mafaa\.m2\repository\org\apache\httpcomponents\httpclient\4.5.3\httpclient-4.5.3.jar;C:\Users\mafaa\.m2\repository\org\apache\httpcomponents\httpcore\4.4.6\httpcore-4.4.6.jar;C:\Users\mafaa\.m2\repository\org\apache\httpcomponents\httpmime\4.5.3\httpmime-4.5.3.jar;C:\Users\mafaa\.m2\repository\org\ccil\cowan\tagsoup\tagsoup\1.2.1\tagsoup-1.2.1.jar;C:\Users\mafaa\.m2\repository\io\rest-assured\json-path\4.3.3\json-path-4.3.3.jar;C:\Users\mafaa\.m2\repository\io\rest-assured\rest-assured-common\4.3.3\rest-assured-common-4.3.3.jar;C:\Users\mafaa\.m2\repository\io\rest-assured\xml-path\4.3.3\xml-path-4.3.3.jar;C:\Users\mafaa\.m2\repository\jakarta\xml\bind\jakarta.xml.bind-api\2.3.3\jakarta.xml.bind-api-2.3.3.jar;C:\Users\mafaa\.m2\repository\jakarta\activation\jakarta.activation-api\1.2.2\jakarta.activation-api-1.2.2.jar;C:\Users\mafaa\.m2\repository\org\codehaus\groovy\groovy\3.0.6\groovy-3.0.6.jar;C:\Users\mafaa\.m2\repository\org\codehaus\groovy\groovy-xml\3.0.6\groovy-xml-3.0.6.jar;C:\Users\mafaa\.m2\repository\junit\junit\4.13.1\junit-4.13.1.jar;C:\Users\mafaa\.m2\repository\org\hamcrest\hamcrest-core\1.3\hamcrest-core-1.3.jar;C:\Users\mafaa\.m2\repository\org\assertj\assertj-core\3.6.2\assertj-core-3.6.2.jar;C:\Users\mafaa\.m2\repository\org\hamcrest\hamcrest\2.2\hamcrest-2.2.jar;C:\Users\mafaa\.m2\repository\io\rest-assured\json-schema-validator\5.2.0\json-schema-validator-5.2.0.jar;C:\Users\mafaa\.m2\repository\com\github\java-json-tools\json-schema-validator\2.2.14\json-schema-validator-2.2.14.jar;C:\Users\mafaa\.m2\repository\com\github\java-json-tools\jackson-coreutils-equivalence\1.0\jackson-coreutils-equivalence-1.0.jar;C:\Users\mafaa\.m2\repository\com\github\java-json-tools\jackson-coreutils\2.0\jackson-coreutils-2.0.jar;C:\Users\mafaa\.m2\repository\com\github\java-json-tools\msg-simple\1.2\msg-simple-1.2.jar;C:\Users\mafaa\.m2\repository\com\github\java-json-tools\btf\1.3\btf-1.3.jar;C:\Users\mafaa\.m2\repository\com\github\java-json-tools\json-schema-core\1.2.14\json-schema-core-1.2.14.jar;C:\Users\mafaa\.m2\repository\com\github\java-json-tools\uri-template\0.10\uri-template-0.10.jar;C:\Users\mafaa\.m2\repository\org\mozilla\rhino\1.7.7.2\rhino-1.7.7.2.jar;C:\Users\mafaa\.m2\repository\com\sun\mail\mailapi\1.6.2\mailapi-1.6.2.jar;C:\Users\mafaa\.m2\repository\com\googlecode\libphonenumber\libphonenumber\8.11.1\libphonenumber-8.11.1.jar;C:\Users\mafaa\.m2\repository\com\google\code\findbugs\jsr305\3.0.2\jsr305-3.0.2.jar;C:\Users\mafaa\.m2\repository\net\sf\jopt-simple\jopt-simple\5.0.4\jopt-simple-5.0.4.jar;"/>
    <property name="java.vm.vendor" value="Oracle Corporation"/>
    <property name="sun.arch.data.model" value="64"/>
    <property name="user.variant" value=""/>
    <property name="java.vendor.url" value="http://java.oracle.com/"/>
    <property name="user.timezone" value="Asia/Bangkok"/>
    <property name="java.vm.specification.version" value="1.8"/>
    <property name="os.name" value="Windows 11"/>
    <property name="user.country" value="ID"/>
    <property name="sun.java.launcher" value="SUN_STANDARD"/>
    <property name="sun.boot.library.path" value="C:\Program Files\Java\jdk1.8.0_351\jre\bin"/>
    <property name="sun.java.command" value="C:\Users\mafaa\AppData\Local\Temp\surefire2158630399171943146\surefirebooter994983798724499584.jar C:\Users\mafaa\AppData\Local\Temp\surefire2158630399171943146 2023-04-04T09-48-07_426-jvmRun1 surefire943995439572591626tmp surefire_03626723814888002741tmp"/>
    <property name="surefire.test.class.path" value="D:\Alterra\Automation\API\MusicLab-QE-APITesting\target\test-classes;D:\Alterra\Automation\API\MusicLab-QE-APITesting\target\CapstoneProject-1.0.0-SNAPSHOT.jar;C:\Users\mafaa\.m2\repository\ch\qos\logback\logback-classic\1.2.3\logback-classic-1.2.3.jar;C:\Users\mafaa\.m2\repository\ch\qos\logback\logback-core\1.2.3\logback-core-1.2.3.jar;C:\Users\mafaa\.m2\repository\org\slf4j\slf4j-api\1.7.25\slf4j-api-1.7.25.jar;C:\Users\mafaa\.m2\repository\net\serenity-bdd\serenity-core\2.4.51\serenity-core-2.4.51.jar;C:\Users\mafaa\.m2\repository\net\serenity-bdd\serenity-model\2.4.51\serenity-model-2.4.51.jar;C:\Users\mafaa\.m2\repository\org\apache\commons\commons-text\1.9\commons-text-1.9.jar;C:\Users\mafaa\.m2\repository\commons-net\commons-net\3.6\commons-net-3.6.jar;C:\Users\mafaa\.m2\repository\com\google\guava\guava\30.1-jre\guava-30.1-jre.jar;C:\Users\mafaa\.m2\repository\com\google\guava\failureaccess\1.0.1\failureaccess-1.0.1.jar;C:\Users\mafaa\.m2\repository\com\google\guava\listenablefuture\9999.0-empty-to-avoid-conflict-with-guava\listenablefuture-9999.0-empty-to-avoid-conflict-with-guava.jar;C:\Users\mafaa\.m2\repository\org\checkerframework\checker-qual\3.5.0\checker-qual-3.5.0.jar;C:\Users\mafaa\.m2\repository\com\google\errorprone\error_prone_annotations\2.3.4\error_prone_annotations-2.3.4.jar;C:\Users\mafaa\.m2\repository\com\google\j2objc\j2objc-annotations\1.3\j2objc-annotations-1.3.jar;C:\Users\mafaa\.m2\repository\com\google\inject\guice\5.0.1\guice-5.0.1.jar;C:\Users\mafaa\.m2\repository\javax\inject\javax.inject\1\javax.inject-1.jar;C:\Users\mafaa\.m2\repository\aopalliance\aopalliance\1.0\aopalliance-1.0.jar;C:\Users\mafaa\.m2\repository\org\jsoup\jsoup\1.13.1\jsoup-1.13.1.jar;C:\Users\mafaa\.m2\repository\com\thoughtworks\xstream\xstream\1.4.17\xstream-1.4.17.jar;C:\Users\mafaa\.m2\repository\io\github\x-stream\mxparser\1.2.1\mxparser-1.2.1.jar;C:\Users\mafaa\.m2\repository\xmlpull\xmlpull\1.1.3.1\xmlpull-1.1.3.1.jar;C:\Users\mafaa\.m2\repository\io\cucumber\cucumber-core\6.10.2\cucumber-core-6.10.2.jar;C:\Users\mafaa\.m2\repository\io\cucumber\cucumber-gherkin\6.10.2\cucumber-gherkin-6.10.2.jar;C:\Users\mafaa\.m2\repository\io\cucumber\cucumber-gherkin-messages\6.10.2\cucumber-gherkin-messages-6.10.2.jar;C:\Users\mafaa\.m2\repository\io\cucumber\messages\14.0.1\messages-14.0.1.jar;C:\Users\mafaa\.m2\repository\io\cucumber\tag-expressions\3.0.0\tag-expressions-3.0.0.jar;C:\Users\mafaa\.m2\repository\io\cucumber\cucumber-expressions\10.3.0\cucumber-expressions-10.3.0.jar;C:\Users\mafaa\.m2\repository\io\cucumber\cucumber-plugin\6.10.2\cucumber-plugin-6.10.2.jar;C:\Users\mafaa\.m2\repository\io\cucumber\docstring\6.10.2\docstring-6.10.2.jar;C:\Users\mafaa\.m2\repository\io\cucumber\html-formatter\12.0.0\html-formatter-12.0.0.jar;C:\Users\mafaa\.m2\repository\io\cucumber\create-meta\3.0.0\create-meta-3.0.0.jar;C:\Users\mafaa\.m2\repository\com\typesafe\config\1.3.1\config-1.3.1.jar;C:\Users\mafaa\.m2\repository\org\imgscalr\imgscalr-lib\4.2\imgscalr-lib-4.2.jar;C:\Users\mafaa\.m2\repository\org\awaitility\awaitility\4.0.3\awaitility-4.0.3.jar;C:\Users\mafaa\.m2\repository\org\freemarker\freemarker\2.3.29\freemarker-2.3.29.jar;C:\Users\mafaa\.m2\repository\net\sourceforge\jexcelapi\jxl\2.6.12\jxl-2.6.12.jar;C:\Users\mafaa\.m2\repository\org\asciidoctor\asciidoctorj\2.5.1\asciidoctorj-2.5.1.jar;C:\Users\mafaa\.m2\repository\org\asciidoctor\asciidoctorj-api\2.5.1\asciidoctorj-api-2.5.1.jar;C:\Users\mafaa\.m2\repository\org\jruby\jruby\9.2.17.0\jruby-9.2.17.0.jar;C:\Users\mafaa\.m2\repository\org\jruby\jruby-core\9.2.17.0\jruby-core-9.2.17.0.jar;C:\Users\mafaa\.m2\repository\com\github\jnr\jnr-netdb\1.2.0\jnr-netdb-1.2.0.jar;C:\Users\mafaa\.m2\repository\com\github\jnr\jnr-enxio\0.32.3\jnr-enxio-0.32.3.jar;C:\Users\mafaa\.m2\repository\com\github\jnr\jnr-unixsocket\0.38.5\jnr-unixsocket-0.38.5.jar;C:\Users\mafaa\.m2\repository\com\github\jnr\jnr-posix\3.1.4\jnr-posix-3.1.4.jar;C:\Users\mafaa\.m2\repository\com\github\jnr\jnr-constants\0.10.1\jnr-constants-0.10.1.jar;C:\Users\mafaa\.m2\repository\com\github\jnr\jffi\1.3.1\jffi-1.3.1.jar;C:\Users\mafaa\.m2\repository\com\github\jnr\jffi\1.3.1\jffi-1.3.1-native.jar;C:\Users\mafaa\.m2\repository\org\jruby\joni\joni\2.1.31\joni-2.1.31.jar;C:\Users\mafaa\.m2\repository\org\jruby\jcodings\jcodings\1.0.46\jcodings-1.0.46.jar;C:\Users\mafaa\.m2\repository\org\jruby\dirgra\0.3\dirgra-0.3.jar;C:\Users\mafaa\.m2\repository\com\headius\invokebinder\1.11\invokebinder-1.11.jar;C:\Users\mafaa\.m2\repository\com\headius\options\1.4\options-1.4.jar;C:\Users\mafaa\.m2\repository\com\jcraft\jzlib\1.1.3\jzlib-1.1.3.jar;C:\Users\mafaa\.m2\repository\com\martiansoftware\nailgun-server\0.9.1\nailgun-server-0.9.1.jar;C:\Users\mafaa\.m2\repository\com\headius\backport9\1.8\backport9-1.8.jar;C:\Users\mafaa\.m2\repository\javax\annotation\javax.annotation-api\1.3.1\javax.annotation-api-1.3.1.jar;C:\Users\mafaa\.m2\repository\org\jruby\jruby-stdlib\9.2.17.0\jruby-stdlib-9.2.17.0.jar;C:\Users\mafaa\.m2\repository\net\bytebuddy\byte-buddy\1.11.1\byte-buddy-1.11.1.jar;C:\Users\mafaa\.m2\repository\net\bytebuddy\byte-buddy-agent\1.11.1\byte-buddy-agent-1.11.1.jar;C:\Users\mafaa\.m2\repository\org\objenesis\objenesis\3.1\objenesis-3.1.jar;C:\Users\mafaa\.m2\repository\net\serenity-bdd\serenity-reports\2.4.51\serenity-reports-2.4.51.jar;C:\Users\mafaa\.m2\repository\net\serenity-bdd\serenity-stats\2.4.51\serenity-stats-2.4.51.jar;C:\Users\mafaa\.m2\repository\org\jetbrains\kotlin\kotlin-stdlib\1.5.0\kotlin-stdlib-1.5.0.jar;C:\Users\mafaa\.m2\repository\org\jetbrains\annotations\13.0\annotations-13.0.jar;C:\Users\mafaa\.m2\repository\org\jetbrains\kotlin\kotlin-stdlib-common\1.5.0\kotlin-stdlib-common-1.5.0.jar;C:\Users\mafaa\.m2\repository\net\serenity-bdd\serenity-reports-configuration\2.4.51\serenity-reports-configuration-2.4.51.jar;C:\Users\mafaa\.m2\repository\com\vladsch\flexmark\flexmark-all\0.34.30\flexmark-all-0.34.30.jar;C:\Users\mafaa\.m2\repository\com\vladsch\flexmark\flexmark\0.34.30\flexmark-0.34.30.jar;C:\Users\mafaa\.m2\repository\com\vladsch\flexmark\flexmark-ext-abbreviation\0.34.30\flexmark-ext-abbreviation-0.34.30.jar;C:\Users\mafaa\.m2\repository\com\vladsch\flexmark\flexmark-ext-admonition\0.34.30\flexmark-ext-admonition-0.34.30.jar;C:\Users\mafaa\.m2\repository\com\vladsch\flexmark\flexmark-ext-anchorlink\0.34.30\flexmark-ext-anchorlink-0.34.30.jar;C:\Users\mafaa\.m2\repository\com\vladsch\flexmark\flexmark-ext-aside\0.34.30\flexmark-ext-aside-0.34.30.jar;C:\Users\mafaa\.m2\repository\com\vladsch\flexmark\flexmark-ext-attributes\0.34.30\flexmark-ext-attributes-0.34.30.jar;C:\Users\mafaa\.m2\repository\com\vladsch\flexmark\flexmark-ext-autolink\0.34.30\flexmark-ext-autolink-0.34.30.jar;C:\Users\mafaa\.m2\repository\org\nibor\autolink\autolink\0.6.0\autolink-0.6.0.jar;C:\Users\mafaa\.m2\repository\com\vladsch\flexmark\flexmark-ext-definition\0.34.30\flexmark-ext-definition-0.34.30.jar;C:\Users\mafaa\.m2\repository\com\vladsch\flexmark\flexmark-ext-emoji\0.34.30\flexmark-ext-emoji-0.34.30.jar;C:\Users\mafaa\.m2\repository\com\vladsch\flexmark\flexmark-ext-enumerated-reference\0.34.30\flexmark-ext-enumerated-reference-0.34.30.jar;C:\Users\mafaa\.m2\repository\com\vladsch\flexmark\flexmark-ext-escaped-character\0.34.30\flexmark-ext-escaped-character-0.34.30.jar;C:\Users\mafaa\.m2\repository\com\vladsch\flexmark\flexmark-ext-footnotes\0.34.30\flexmark-ext-footnotes-0.34.30.jar;C:\Users\mafaa\.m2\repository\com\vladsch\flexmark\flexmark-ext-gfm-issues\0.34.30\flexmark-ext-gfm-issues-0.34.30.jar;C:\Users\mafaa\.m2\repository\com\vladsch\flexmark\flexmark-ext-gfm-strikethrough\0.34.30\flexmark-ext-gfm-strikethrough-0.34.30.jar;C:\Users\mafaa\.m2\repository\com\vladsch\flexmark\flexmark-ext-gfm-tables\0.34.30\flexmark-ext-gfm-tables-0.34.30.jar;C:\Users\mafaa\.m2\repository\com\vladsch\flexmark\flexmark-ext-gfm-tasklist\0.34.30\flexmark-ext-gfm-tasklist-0.34.30.jar;C:\Users\mafaa\.m2\repository\com\vladsch\flexmark\flexmark-ext-gfm-users\0.34.30\flexmark-ext-gfm-users-0.34.30.jar;C:\Users\mafaa\.m2\repository\com\vladsch\flexmark\flexmark-ext-gitlab\0.34.30\flexmark-ext-gitlab-0.34.30.jar;C:\Users\mafaa\.m2\repository\com\vladsch\flexmark\flexmark-ext-jekyll-front-matter\0.34.30\flexmark-ext-jekyll-front-matter-0.34.30.jar;C:\Users\mafaa\.m2\repository\com\vladsch\flexmark\flexmark-ext-jekyll-tag\0.34.30\flexmark-ext-jekyll-tag-0.34.30.jar;C:\Users\mafaa\.m2\repository\com\vladsch\flexmark\flexmark-ext-media-tags\0.34.30\flexmark-ext-media-tags-0.34.30.jar;C:\Users\mafaa\.m2\repository\com\vladsch\flexmark\flexmark-test-util\0.34.30\flexmark-test-util-0.34.30.jar;C:\Users\mafaa\.m2\repository\com\vladsch\flexmark\flexmark-ext-ins\0.34.30\flexmark-ext-ins-0.34.30.jar;C:\Users\mafaa\.m2\repository\com\vladsch\flexmark\flexmark-ext-xwiki-macros\0.34.30\flexmark-ext-xwiki-macros-0.34.30.jar;C:\Users\mafaa\.m2\repository\com\vladsch\flexmark\flexmark-ext-superscript\0.34.30\flexmark-ext-superscript-0.34.30.jar;C:\Users\mafaa\.m2\repository\com\vladsch\flexmark\flexmark-ext-tables\0.34.30\flexmark-ext-tables-0.34.30.jar;C:\Users\mafaa\.m2\repository\com\vladsch\flexmark\flexmark-ext-toc\0.34.30\flexmark-ext-toc-0.34.30.jar;C:\Users\mafaa\.m2\repository\com\vladsch\flexmark\flexmark-ext-typographic\0.34.30\flexmark-ext-typographic-0.34.30.jar;C:\Users\mafaa\.m2\repository\com\vladsch\flexmark\flexmark-ext-wikilink\0.34.30\flexmark-ext-wikilink-0.34.30.jar;C:\Users\mafaa\.m2\repository\com\vladsch\flexmark\flexmark-ext-yaml-front-matter\0.34.30\flexmark-ext-yaml-front-matter-0.34.30.jar;C:\Users\mafaa\.m2\repository\com\vladsch\flexmark\flexmark-ext-youtube-embedded\0.34.30\flexmark-ext-youtube-embedded-0.34.30.jar;C:\Users\mafaa\.m2\repository\com\vladsch\flexmark\flexmark-formatter\0.34.30\flexmark-formatter-0.34.30.jar;C:\Users\mafaa\.m2\repository\com\vladsch\flexmark\flexmark-html-parser\0.34.30\flexmark-html-parser-0.34.30.jar;C:\Users\mafaa\.m2\repository\com\vladsch\flexmark\flexmark-jira-converter\0.34.30\flexmark-jira-converter-0.34.30.jar;C:\Users\mafaa\.m2\repository\com\vladsch\flexmark\flexmark-pdf-converter\0.34.30\flexmark-pdf-converter-0.34.30.jar;C:\Users\mafaa\.m2\repository\com\openhtmltopdf\openhtmltopdf-core\0.0.1-RC13\openhtmltopdf-core-0.0.1-RC13.jar;C:\Users\mafaa\.m2\repository\com\openhtmltopdf\openhtmltopdf-pdfbox\0.0.1-RC13\openhtmltopdf-pdfbox-0.0.1-RC13.jar;C:\Users\mafaa\.m2\repository\org\apache\pdfbox\pdfbox\2.0.8\pdfbox-2.0.8.jar;C:\Users\mafaa\.m2\repository\org\apache\pdfbox\fontbox\2.0.8\fontbox-2.0.8.jar;C:\Users\mafaa\.m2\repository\org\apache\pdfbox\xmpbox\2.0.8\xmpbox-2.0.8.jar;C:\Users\mafaa\.m2\repository\de\rototor\pdfbox\graphics2d\0.12\graphics2d-0.12.jar;C:\Users\mafaa\.m2\repository\com\openhtmltopdf\openhtmltopdf-rtl-support\0.0.1-RC13\openhtmltopdf-rtl-support-0.0.1-RC13.jar;C:\Users\mafaa\.m2\repository\com\ibm\icu\icu4j\59.1\icu4j-59.1.jar;C:\Users\mafaa\.m2\repository\com\openhtmltopdf\openhtmltopdf-jsoup-dom-converter\0.0.1-RC13\openhtmltopdf-jsoup-dom-converter-0.0.1-RC13.jar;C:\Users\mafaa\.m2\repository\com\vladsch\flexmark\flexmark-profile-pegdown\0.34.30\flexmark-profile-pegdown-0.34.30.jar;C:\Users\mafaa\.m2\repository\com\vladsch\flexmark\flexmark-util\0.34.30\flexmark-util-0.34.30.jar;C:\Users\mafaa\.m2\repository\com\vladsch\flexmark\flexmark-youtrack-converter\0.34.30\flexmark-youtrack-converter-0.34.30.jar;C:\Users\mafaa\.m2\repository\es\nitaur\markdown\txtmark\0.16\txtmark-0.16.jar;C:\Users\mafaa\.m2\repository\net\serenity-bdd\serenity-report-resources\2.4.51\serenity-report-resources-2.4.51.jar;C:\Users\mafaa\.m2\repository\com\google\code\gson\gson\2.8.7\gson-2.8.7.jar;C:\Users\mafaa\.m2\repository\com\fasterxml\jackson\core\jackson-core\2.12.4\jackson-core-2.12.4.jar;C:\Users\mafaa\.m2\repository\com\fasterxml\jackson\core\jackson-databind\2.12.4\jackson-databind-2.12.4.jar;C:\Users\mafaa\.m2\repository\com\fasterxml\jackson\core\jackson-annotations\2.12.4\jackson-annotations-2.12.4.jar;C:\Users\mafaa\.m2\repository\commons-codec\commons-codec\1.15\commons-codec-1.15.jar;C:\Users\mafaa\.m2\repository\commons-io\commons-io\2.8.0\commons-io-2.8.0.jar;C:\Users\mafaa\.m2\repository\org\seleniumhq\selenium\selenium-server\3.141.59\selenium-server-3.141.59.jar;C:\Users\mafaa\.m2\repository\org\seleniumhq\selenium\selenium-opera-driver\3.141.59\selenium-opera-driver-3.141.59.jar;C:\Users\mafaa\.m2\repository\org\seleniumhq\selenium\selenium-remote-driver\3.141.59\selenium-remote-driver-3.141.59.jar;C:\Users\mafaa\.m2\repository\org\seleniumhq\selenium\selenium-safari-driver\3.141.59\selenium-safari-driver-3.141.59.jar;C:\Users\mafaa\.m2\repository\com\beust\jcommander\1.72\jcommander-1.72.jar;C:\Users\mafaa\.m2\repository\org\apache\commons\commons-exec\1.3\commons-exec-1.3.jar;C:\Users\mafaa\.m2\repository\net\jcip\jcip-annotations\1.0\jcip-annotations-1.0.jar;C:\Users\mafaa\.m2\repository\org\seleniumhq\selenium\jetty-repacked\9.4.12.v20180830\jetty-repacked-9.4.12.v20180830.jar;C:\Users\mafaa\.m2\repository\com\squareup\okhttp3\okhttp\3.11.0\okhttp-3.11.0.jar;C:\Users\mafaa\.m2\repository\com\squareup\okio\okio\1.14.0\okio-1.14.0.jar;C:\Users\mafaa\.m2\repository\javax\servlet\javax.servlet-api\3.1.0\javax.servlet-api-3.1.0.jar;C:\Users\mafaa\.m2\repository\org\yaml\snakeyaml\1.19\snakeyaml-1.19.jar;C:\Users\mafaa\.m2\repository\org\seleniumhq\selenium\selenium-java\3.141.59\selenium-java-3.141.59.jar;C:\Users\mafaa\.m2\repository\org\seleniumhq\selenium\selenium-api\3.141.59\selenium-api-3.141.59.jar;C:\Users\mafaa\.m2\repository\org\seleniumhq\selenium\selenium-support\3.141.59\selenium-support-3.141.59.jar;C:\Users\mafaa\.m2\repository\org\seleniumhq\selenium\selenium-chrome-driver\3.141.59\selenium-chrome-driver-3.141.59.jar;C:\Users\mafaa\.m2\repository\org\seleniumhq\selenium\selenium-firefox-driver\3.141.59\selenium-firefox-driver-3.141.59.jar;C:\Users\mafaa\.m2\repository\org\seleniumhq\selenium\selenium-edge-driver\3.141.59\selenium-edge-driver-3.141.59.jar;C:\Users\mafaa\.m2\repository\org\seleniumhq\selenium\selenium-ie-driver\3.141.59\selenium-ie-driver-3.141.59.jar;C:\Users\mafaa\.m2\repository\net\sourceforge\htmlunit\htmlunit\2.47.1\htmlunit-2.47.1.jar;C:\Users\mafaa\.m2\repository\xalan\xalan\2.7.2\xalan-2.7.2.jar;C:\Users\mafaa\.m2\repository\xalan\serializer\2.7.2\serializer-2.7.2.jar;C:\Users\mafaa\.m2\repository\net\sourceforge\htmlunit\htmlunit-core-js\2.47.0\htmlunit-core-js-2.47.0.jar;C:\Users\mafaa\.m2\repository\net\sourceforge\htmlunit\neko-htmlunit\2.47.1\neko-htmlunit-2.47.1.jar;C:\Users\mafaa\.m2\repository\xerces\xercesImpl\2.12.0\xercesImpl-2.12.0.jar;C:\Users\mafaa\.m2\repository\xml-apis\xml-apis\1.4.01\xml-apis-1.4.01.jar;C:\Users\mafaa\.m2\repository\net\sourceforge\htmlunit\htmlunit-cssparser\1.7.0\htmlunit-cssparser-1.7.0.jar;C:\Users\mafaa\.m2\repository\org\brotli\dec\0.1.2\dec-0.1.2.jar;C:\Users\mafaa\.m2\repository\com\shapesecurity\salvation2\3.0.0\salvation2-3.0.0.jar;C:\Users\mafaa\.m2\repository\org\eclipse\jetty\websocket\websocket-client\9.4.36.v20210114\websocket-client-9.4.36.v20210114.jar;C:\Users\mafaa\.m2\repository\org\eclipse\jetty\jetty-client\9.4.36.v20210114\jetty-client-9.4.36.v20210114.jar;C:\Users\mafaa\.m2\repository\org\eclipse\jetty\jetty-http\9.4.36.v20210114\jetty-http-9.4.36.v20210114.jar;C:\Users\mafaa\.m2\repository\org\eclipse\jetty\jetty-util\9.4.36.v20210114\jetty-util-9.4.36.v20210114.jar;C:\Users\mafaa\.m2\repository\org\eclipse\jetty\jetty-io\9.4.36.v20210114\jetty-io-9.4.36.v20210114.jar;C:\Users\mafaa\.m2\repository\org\eclipse\jetty\websocket\websocket-common\9.4.36.v20210114\websocket-common-9.4.36.v20210114.jar;C:\Users\mafaa\.m2\repository\org\eclipse\jetty\websocket\websocket-api\9.4.36.v20210114\websocket-api-9.4.36.v20210114.jar;C:\Users\mafaa\.m2\repository\org\projectlombok\lombok\1.18.20\lombok-1.18.20.jar;C:\Users\mafaa\.m2\repository\org\seleniumhq\selenium\htmlunit-driver\2.47.1\htmlunit-driver-2.47.1.jar;C:\Users\mafaa\.m2\repository\com\codeborne\phantomjsdriver\1.4.4\phantomjsdriver-1.4.4.jar;C:\Users\mafaa\.m2\repository\io\appium\java-client\7.5.1\java-client-7.5.1.jar;C:\Users\mafaa\.m2\repository\commons-validator\commons-validator\1.7\commons-validator-1.7.jar;C:\Users\mafaa\.m2\repository\commons-digester\commons-digester\2.1\commons-digester-2.1.jar;C:\Users\mafaa\.m2\repository\org\aspectj\aspectjweaver\1.9.6\aspectjweaver-1.9.6.jar;C:\Users\mafaa\.m2\repository\net\sf\opencsv\opencsv\2.0\opencsv-2.0.jar;C:\Users\mafaa\.m2\repository\commons-beanutils\commons-beanutils\1.9.4\commons-beanutils-1.9.4.jar;C:\Users\mafaa\.m2\repository\org\apache\commons\commons-lang3\3.11\commons-lang3-3.11.jar;C:\Users\mafaa\.m2\repository\commons-collections\commons-collections\3.2.2\commons-collections-3.2.2.jar;C:\Users\mafaa\.m2\repository\org\fluentlenium\fluentlenium-core\0.10.2\fluentlenium-core-0.10.2.jar;C:\Users\mafaa\.m2\repository\io\github\bonigarcia\webdrivermanager\4.4.1\webdrivermanager-4.4.1.jar;C:\Users\mafaa\.m2\repository\org\apache\httpcomponents\client5\httpclient5\5.0.3\httpclient5-5.0.3.jar;C:\Users\mafaa\.m2\repository\org\apache\httpcomponents\core5\httpcore5\5.0.2\httpcore5-5.0.2.jar;C:\Users\mafaa\.m2\repository\org\apache\httpcomponents\core5\httpcore5-h2\5.0.2\httpcore5-h2-5.0.2.jar;C:\Users\mafaa\.m2\repository\org\rauschig\jarchivelib\1.1.0\jarchivelib-1.1.0.jar;C:\Users\mafaa\.m2\repository\org\apache\commons\commons-compress\1.20\commons-compress-1.20.jar;C:\Users\mafaa\.m2\repository\com\jhlabs\filters\2.0.235\filters-2.0.235.jar;C:\Users\mafaa\.m2\repository\com\paulhammant\ngwebdriver\1.1.5\ngwebdriver-1.1.5.jar;C:\Users\mafaa\.m2\repository\joda-time\joda-time\2.8.2\joda-time-2.8.2.jar;C:\Users\mafaa\.m2\repository\com\google\jimfs\jimfs\1.1\jimfs-1.1.jar;C:\Users\mafaa\.m2\repository\org\mockito\mockito-core\3.3.3\mockito-core-3.3.3.jar;C:\Users\mafaa\.m2\repository\javax\xml\bind\jaxb-api\2.3.1\jaxb-api-2.3.1.jar;C:\Users\mafaa\.m2\repository\javax\activation\javax.activation-api\1.2.0\javax.activation-api-1.2.0.jar;C:\Users\mafaa\.m2\repository\com\sun\xml\bind\jaxb-core\2.3.0.1\jaxb-core-2.3.0.1.jar;C:\Users\mafaa\.m2\repository\com\sun\xml\bind\jaxb-impl\2.3.3\jaxb-impl-2.3.3.jar;C:\Users\mafaa\.m2\repository\com\sun\activation\jakarta.activation\1.2.2\jakarta.activation-1.2.2.jar;C:\Users\mafaa\.m2\repository\javax\activation\activation\1.1.1\activation-1.1.1.jar;C:\Users\mafaa\.m2\repository\net\serenity-bdd\serenity-junit\2.4.51\serenity-junit-2.4.51.jar;C:\Users\mafaa\.m2\repository\net\serenity-bdd\serenity-rest-assured\2.4.51\serenity-rest-assured-2.4.51.jar;C:\Users\mafaa\.m2\repository\org\codehaus\groovy\groovy-json\3.0.8\groovy-json-3.0.8.jar;C:\Users\mafaa\.m2\repository\org\opentest4j\opentest4j\1.2.0\opentest4j-1.2.0.jar;C:\Users\mafaa\.m2\repository\net\serenity-bdd\serenity-screenplay\2.4.51\serenity-screenplay-2.4.51.jar;C:\Users\mafaa\.m2\repository\net\serenity-bdd\serenity-screenplay-rest\2.4.51\serenity-screenplay-rest-2.4.51.jar;C:\Users\mafaa\.m2\repository\net\serenity-bdd\serenity-cucumber6\2.4.51\serenity-cucumber6-2.4.51.jar;C:\Users\mafaa\.m2\repository\net\serenity-bdd\serenity-screenplay-webdriver\2.4.51\serenity-screenplay-webdriver-2.4.51.jar;C:\Users\mafaa\.m2\repository\io\cucumber\cucumber-java\6.10.4\cucumber-java-6.10.4.jar;C:\Users\mafaa\.m2\repository\org\apiguardian\apiguardian-api\1.1.1\apiguardian-api-1.1.1.jar;C:\Users\mafaa\.m2\repository\io\cucumber\cucumber-junit\6.10.4\cucumber-junit-6.10.4.jar;C:\Users\mafaa\.m2\repository\io\cucumber\datatable-matchers\3.4.0\datatable-matchers-3.4.0.jar;C:\Users\mafaa\.m2\repository\io\cucumber\datatable\3.4.0\datatable-3.4.0.jar;C:\Users\mafaa\.m2\repository\commons-logging\commons-logging\1.2\commons-logging-1.2.jar;C:\Users\mafaa\.m2\repository\org\apache\commons\commons-csv\1.5\commons-csv-1.5.jar;C:\Users\mafaa\.m2\repository\io\rest-assured\rest-assured\4.3.2\rest-assured-4.3.2.jar;C:\Users\mafaa\.m2\repository\org\apache\httpcomponents\httpclient\4.5.3\httpclient-4.5.3.jar;C:\Users\mafaa\.m2\repository\org\apache\httpcomponents\httpcore\4.4.6\httpcore-4.4.6.jar;C:\Users\mafaa\.m2\repository\org\apache\httpcomponents\httpmime\4.5.3\httpmime-4.5.3.jar;C:\Users\mafaa\.m2\repository\org\ccil\cowan\tagsoup\tagsoup\1.2.1\tagsoup-1.2.1.jar;C:\Users\mafaa\.m2\repository\io\rest-assured\json-path\4.3.3\json-path-4.3.3.jar;C:\Users\mafaa\.m2\repository\io\rest-assured\rest-assured-common\4.3.3\rest-assured-common-4.3.3.jar;C:\Users\mafaa\.m2\repository\io\rest-assured\xml-path\4.3.3\xml-path-4.3.3.jar;C:\Users\mafaa\.m2\repository\jakarta\xml\bind\jakarta.xml.bind-api\2.3.3\jakarta.xml.bind-api-2.3.3.jar;C:\Users\mafaa\.m2\repository\jakarta\activation\jakarta.activation-api\1.2.2\jakarta.activation-api-1.2.2.jar;C:\Users\mafaa\.m2\repository\org\codehaus\groovy\groovy\3.0.6\groovy-3.0.6.jar;C:\Users\mafaa\.m2\repository\org\codehaus\groovy\groovy-xml\3.0.6\groovy-xml-3.0.6.jar;C:\Users\mafaa\.m2\repository\junit\junit\4.13.1\junit-4.13.1.jar;C:\Users\mafaa\.m2\repository\org\hamcrest\hamcrest-core\1.3\hamcrest-core-1.3.jar;C:\Users\mafaa\.m2\repository\org\assertj\assertj-core\3.6.2\assertj-core-3.6.2.jar;C:\Users\mafaa\.m2\repository\org\hamcrest\hamcrest\2.2\hamcrest-2.2.jar;C:\Users\mafaa\.m2\repository\io\rest-assured\json-schema-validator\5.2.0\json-schema-validator-5.2.0.jar;C:\Users\mafaa\.m2\repository\com\github\java-json-tools\json-schema-validator\2.2.14\json-schema-validator-2.2.14.jar;C:\Users\mafaa\.m2\repository\com\github\java-json-tools\jackson-coreutils-equivalence\1.0\jackson-coreutils-equivalence-1.0.jar;C:\Users\mafaa\.m2\repository\com\github\java-json-tools\jackson-coreutils\2.0\jackson-coreutils-2.0.jar;C:\Users\mafaa\.m2\repository\com\github\java-json-tools\msg-simple\1.2\msg-simple-1.2.jar;C:\Users\mafaa\.m2\repository\com\github\java-json-tools\btf\1.3\btf-1.3.jar;C:\Users\mafaa\.m2\repository\com\github\java-json-tools\json-schema-core\1.2.14\json-schema-core-1.2.14.jar;C:\Users\mafaa\.m2\repository\com\github\java-json-tools\uri-template\0.10\uri-template-0.10.jar;C:\Users\mafaa\.m2\repository\org\mozilla\rhino\1.7.7.2\rhino-1.7.7.2.jar;C:\Users\mafaa\.m2\repository\com\sun\mail\mailapi\1.6.2\mailapi-1.6.2.jar;C:\Users\mafaa\.m2\repository\com\googlecode\libphonenumber\libphonenumber\8.11.1\libphonenumber-8.11.1.jar;C:\Users\mafaa\.m2\repository\com\google\code\findbugs\jsr305\3.0.2\jsr305-3.0.2.jar;C:\Users\mafaa\.m2\repository\net\sf\jopt-simple\jopt-simple\5.0.4\jopt-simple-5.0.4.jar;"/>
    <property name="sun.cpu.endian" value="little"/>
    <property name="user.home" value="C:\Users\mafaa"/>
    <property name="user.language" value="en"/>
    <property name="java.specification.vendor" value="Oracle Corporation"/>
    <property name="java.home" value="C:\Program Files\Java\jdk1.8.0_351\jre"/>
    <property name="basedir" value="D:\Alterra\Automation\API\MusicLab-QE-APITesting"/>
    <property name="file.separator" value="\"/>
    <property name="line.separator" value="&#10;"/>
    <property name="java.vm.specification.vendor" value="Oracle Corporation"/>
    <property name="java.specification.name" value="Java Platform API Specification"/>
    <property name="java.awt.graphicsenv" value="sun.awt.Win32GraphicsEnvironment"/>
    <property name="surefire.real.class.path" value="C:\Users\mafaa\AppData\Local\Temp\surefire2158630399171943146\surefirebooter994983798724499584.jar"/>
    <property name="sun.boot.class.path" value="C:\Program Files\Java\jdk1.8.0_351\jre\lib\resources.jar;C:\Program Files\Java\jdk1.8.0_351\jre\lib\rt.jar;C:\Program Files\Java\jdk1.8.0_351\jre\lib\jsse.jar;C:\Program Files\Java\jdk1.8.0_351\jre\lib\jce.jar;C:\Program Files\Java\jdk1.8.0_351\jre\lib\charsets.jar;C:\Program Files\Java\jdk1.8.0_351\jre\lib\jfr.jar;C:\Program Files\Java\jdk1.8.0_351\jre\classes"/>
    <property name="user.script" value=""/>
    <property name="sun.management.compiler" value="HotSpot 64-Bit Tiered Compilers"/>
    <property name="java.runtime.version" value="1.8.0_351-b10"/>
    <property name="user.name" value="mafaa"/>
    <property name="path.separator" value=";"/>
    <property name="os.version" value="10.0"/>
    <property name="java.endorsed.dirs" value="C:\Program Files\Java\jdk1.8.0_351\jre\lib\endorsed"/>
    <property name="java.runtime.name" value="Java(TM) SE Runtime Environment"/>
    <property name="file.encoding" value="Cp1252"/>
    <property name="webdriver.base.url" value=""/>
    <property name="java.vm.name" value="Java HotSpot(TM) 64-Bit Server VM"/>
    <property name="localRepository" value="C:\Users\mafaa\.m2\repository"/>
    <property name="java.vendor.url.bug" value="http://bugreport.sun.com/bugreport/"/>
    <property name="java.io.tmpdir" value="C:\Users\mafaa\AppData\Local\Temp\"/>
    <property name="java.version" value="1.8.0_351"/>
    <property name="user.dir" value="D:\Alterra\Automation\API\MusicLab-QE-APITesting"/>
    <property name="os.arch" value="amd64"/>
    <property name="java.vm.specification.name" value="Java Virtual Machine Specification"/>
    <property name="java.awt.printerjob" value="sun.awt.windows.WPrinterJob"/>
    <property name="sun.os.patch.level" value=""/>
    <property name="java.library.path" value="C:\Program Files\Java\jdk1.8.0_351\jre\bin;C:\Windows\Sun\Java\bin;C:\Windows\system32;C:\Windows;C:\Python311\Scripts\;C:\Python311\;C:\Program Files\Common Files\Oracle\Java\javapath;C:\Program Files (x86)\Common Files\Oracle\Java\javapath;C:\Windows\system32;C:\Windows;C:\Windows\System32\Wbem;C:\Windows\System32\WindowsPowerShell\v1.0\;C:\Windows\System32\OpenSSH\;C:\Program Files (x86)\NVIDIA Corporation\PhysX\Common;C:\Program Files\NVIDIA Corporation\NVIDIA NvDLISR;C:\Program Files\dotnet\;C:\Program Files\apache-maven-3.8.7\bin;C:\Program Files\Java\jdk1.8.0_351\bin;C:\Program Files\nodejs\;C:\ProgramData\chocolatey\bin;C:\Program Files\Git\cmd;C:\Users\mafaa\AppData\Local\Microsoft\WindowsApps;;C:\Program Files\JetBrains\IntelliJ IDEA Community Edition 2022.3.1\bin;;C:\Users\mafaa\AppData\Local\Programs\Microsoft VS Code\bin;C:\Users\mafaa\AppData\Local\Programs\oh-my-posh\bin;C:\Users\mafaa\AppData\Roaming\npm;."/>
    <property name="java.vm.info" value="mixed mode"/>
    <property name="java.vendor" value="Oracle Corporation"/>
    <property name="java.vm.version" value="25.351-b10"/>
    <property name="java.specification.maintenance.version" value="4"/>
    <property name="java.ext.dirs" value="C:\Program Files\Java\jdk1.8.0_351\jre\lib\ext;C:\Windows\Sun\Java\lib\ext"/>
    <property name="sun.io.unicode.encoding" value="UnicodeLittle"/>
    <property name="java.class.version" value="52.0"/>
  </properties>
  <testcase name="[Positive Case] Put Update Mentors Password With Valid JSON" classname="[MusicLab-API] Put Feature Mentors #2" time="0.516">
    <failure message="1 expectation failed.&#10;Expected status code &lt;200&gt; but was &lt;404&gt;.&#10;" type="java.lang.AssertionError"><![CDATA[java.lang.AssertionError: 
1 expectation failed.
Expected status code <200> but was <404>.

]]></failure>
    <system-out><![CDATA[

&amp#27;[31mFailed scenarios:&amp#27;[0m


classpath:features/Cucumber/Auth/RegisterMentor.feature:12 # Register mentor with existing json


classpath:features/Cucumber/Auth/RegisterStudent.feature:5 # Register student valid data


classpath:features/Cucumber/Auth/RegisterStudent.feature:12 # Register student with existing json


classpath:features/Cucumber/Chat/PostCreateMessage.feature:51 # Create message with 1 parameter(only chat contents)


classpath:features/Cucumber/Class/ClassFeature.feature:24 # Get all class by ID Mentor valid


classpath:features/Cucumber/Class/ClassFeature.feature:66 # Delete a class


classpath:features/Cucumber/Genre/PostMentorGenre.feature:26 # mentor post genre with no authorization


classpath:features/Cucumber/Instrument/DeleteInstrumentNegativeCase.feature:9 # [Negative Case] Delete Instruments Invalid ID


classpath:features/Cucumber/Instrument/DeleteInstrumentNegativeCase.feature:14 # [Negative Case] Delete Instruments Blank ID


classpath:features/Cucumber/Instrument/PostCreateInstrumentNegativeCase.feature:4 # [Negative Case] Post Create Mentors Instruments Invalid JSON


classpath:features/Cucumber/Instrument/PostCreateInstrumentNegativeCase.feature:10 # [Negative Case] Post Create Mentors Instruments No Auth


classpath:features/Cucumber/Instrument/PostCreateInstrumentPositiveCase.feature:4 # [Positive Case] Post Create Mentors Instruments Valid JSON


classpath:features/Cucumber/Mentor/DeleteMentorPositiveCase.feature:4 # [Positive Case] Delete Mentors With Authorized


classpath:features/Cucumber/Mentor/GetAllListMentorNegativeCase.feature:10 # [Negative Case] Get All List Mentors With Invalid Parameters


classpath:features/Cucumber/Mentor/GetAllListMentorNegativeCase.feature:15 # [Negative Case] Get All List Mentors With Invalid Parameters


classpath:features/Cucumber/Mentor/GetSingleMentorNegativeCase.feature:10 # [Negative Case] Get Single List Mentors With Invalid ID


classpath:features/Cucumber/Mentor/GetSingleMentorNegativeCase.feature:11 # [Negative Case] Get Single List Mentors With Invalid ID


classpath:features/Cucumber/Mentor/GetSingleMentorNegativeCase.feature:12 # [Negative Case] Get Single List Mentors With Invalid ID


classpath:features/Cucumber/Mentor/GetSingleMentorNegativeCase.feature:14 # [Negative Case] Get Single List Mentors With Blank ID


classpath:features/Cucumber/Mentor/GetSingleMentorPositiveCase.feature:4 # [Positive Case] Get Single Mentor Profile


classpath:features/Cucumber/Mentor/GetSingleMentorPositiveCase.feature:9 # [Positive Case] Get Single List Mentors With Valid ID


classpath:features/Cucumber/Mentor/PutUpdatePasswordMentorPositiveCase.feature:4 # [Positive Case] Put Update Mentors Password With Valid JSON


classpath:features/Cucumber/Mentor/PutUpdateProfileMentorNegativeCase.feature:4 # [Negative Case] Put Update Mentors Profile With Invalid JSON


classpath:features/Cucumber/Mentor/PutUpdateProfileMentorNegativeCase.feature:9 # [Negative Case] Put Update Mentors Profile With Valid JSON No Authorized


classpath:features/Cucumber/Mentor/PutUpdateProfileMentorPositiveCase.feature:4 # [Positive Case] Put Update Mentors Profile With Valid JSON


classpath:features/Cucumber/Review/PostCreateReviewinMentorValidData.feature:4 # [Positive Case] Post Create Review With Valid JSON


classpath:features/Cucumber/Review/PostCreateReviewinMentorwithInvalid.feature:4 # [Negative Case] Post Create Review With inValid JSON


classpath:features/Cucumber/Review/PostCreateReviewinMentorwithInvalid.feature:9 # [Negative Case] Post Create Review With empty comment


classpath:features/Cucumber/Schedule/DeleteMentorSchedule.feature:11 # Delete schedule with valid id


classpath:features/Cucumber/Schedule/DeleteMentorSchedule.feature:12 # Delete schedule with valid id


classpath:features/Cucumber/Schedule/DeleteMentorSchedule.feature:23 # Delete schedule with invalid id


classpath:features/Cucumber/Schedule/DeleteMentorSchedule.feature:24 # Delete schedule with invalid id


classpath:features/Cucumber/Schedule/DeleteMentorSchedule.feature:27 # Delete schedule with empty id


classpath:features/Cucumber/Schedule/DeleteMentorSchedule.feature:44 # Delete schedule valid id no authorization


classpath:features/Cucumber/Schedule/DeleteMentorSchedule.feature:45 # Delete schedule valid id no authorization


classpath:features/Cucumber/Schedule/PostAddMentorSchedule.feature:18 # Post add mentor schedule with invalid json


classpath:features/Cucumber/Schedule/PostAddMentorSchedule.feature:24 # Post add mentor schedule with empty json


classpath:features/Cucumber/Schedule/PostAddMentorsSchedulesAvailability.feature:3 # Post add mentor schedule availability with valid json


classpath:features/Cucumber/Schedule/PostAddMentorsSchedulesAvailability.feature:11 # Post add mentor schedule availability with valid json no authorization


classpath:features/Cucumber/Student/StudentFeature.feature:31 # Deactive student


classpath:features/Cucumber/Student/StudentFeature.feature:37 # Put or edit student password with valid parameters




138
 Scenarios (
&amp#27;[31m41 failed&amp#27;[0m
, 
&amp#27;[32m97 passed&amp#27;[0m
)


554
 Steps (
&amp#27;[31m41 failed&amp#27;[0m
, 
&amp#27;[36m43 skipped&amp#27;[0m
, 
&amp#27;[32m470 passed&amp#27;[0m
)


1m
16.434s






java.lang.AssertionError: 1 expectation failed.
Expected status code <500> but was <400>.



	at sun.reflect.NativeConstructorAccessorImpl.newInstance0(Native Method)


	at sun.reflect.NativeConstructorAccessorImpl.newInstance(NativeConstructorAccessorImpl.java:62)


	at sun.reflect.DelegatingConstructorAccessorImpl.newInstance(DelegatingConstructorAccessorImpl.java:45)


	at java.lang.reflect.Constructor.newInstance(Constructor.java:423)


	at org.codehaus.groovy.reflection.CachedConstructor.invoke(CachedConstructor.java:72)


	at org.codehaus.groovy.reflection.CachedConstructor.doConstructorInvoke(CachedConstructor.java:59)


	at org.codehaus.groovy.runtime.callsite.ConstructorSite$ConstructorSiteNoUnwrap.callConstructor(ConstructorSite.java:84)


	at org.codehaus.groovy.runtime.callsite.CallSiteArray.defaultCallConstructor(CallSiteArray.java:59)


	at org.codehaus.groovy.runtime.callsite.AbstractCallSite.callConstructor(AbstractCallSite.java:263)


	at org.codehaus.groovy.runtime.callsite.AbstractCallSite.callConstructor(AbstractCallSite.java:277)


	at io.restassured.internal.ResponseSpecificationImpl$HamcrestAssertionClosure.validate(ResponseSpecificationImpl.groovy:493)


	at io.restassured.internal.ResponseSpecificationImpl$HamcrestAssertionClosure$validate$1.call(Unknown Source)


	at io.restassured.internal.ResponseSpecificationImpl.validateResponseIfRequired(ResponseSpecificationImpl.groovy:674)


	at sun.reflect.GeneratedMethodAccessor72.invoke(Unknown Source)


	at sun.reflect.DelegatingMethodAccessorImpl.invoke(DelegatingMethodAccessorImpl.java:43)


	at java.lang.reflect.Method.invoke(Method.java:498)


	at org.codehaus.groovy.runtime.callsite.PlainObjectMetaMethodSite.doInvoke(PlainObjectMetaMethodSite.java:43)


	at org.codehaus.groovy.runtime.callsite.PogoMetaMethodSite$PogoCachedMethodSiteNoUnwrapNoCoerce.invoke(PogoMetaMethodSite.java:193)


	at org.codehaus.groovy.runtime.callsite.PogoMetaMethodSite.callCurrent(PogoMetaMethodSite.java:61)


	at org.codehaus.groovy.runtime.callsite.AbstractCallSite.callCurrent(AbstractCallSite.java:185)


	at io.restassured.internal.ResponseSpecificationImpl.statusCode(ResponseSpecificationImpl.groovy:126)


	at io.restassured.specification.ResponseSpecification$statusCode$0.callCurrent(Unknown Source)


	at io.restassured.internal.ResponseSpecificationImpl.statusCode(ResponseSpecificationImpl.groovy:134)


	at io.restassured.internal.ValidatableResponseOptionsImpl.statusCode(ValidatableResponseOptionsImpl.java:89)


	at io.restassured.internal.ValidatableResponseImpl.super$2$statusCode(ValidatableResponseImpl.groovy)


	at sun.reflect.NativeMethodAccessorImpl.invoke0(Native Method)


	at sun.reflect.NativeMethodAccessorImpl.invoke(NativeMethodAccessorImpl.java:62)


	at sun.reflect.DelegatingMethodAccessorImpl.invoke(DelegatingMethodAccessorImpl.java:43)


	at java.lang.reflect.Method.invoke(Method.java:498)


	at org.codehaus.groovy.reflection.CachedMethod.invoke(CachedMethod.java:107)


	at groovy.lang.MetaMethod.doMethodInvoke(MetaMethod.java:323)


	at groovy.lang.MetaClassImpl.invokeMethod(MetaClassImpl.java:1267)


	at org.codehaus.groovy.runtime.ScriptBytecodeAdapter.invokeMethodOnSuperN(ScriptBytecodeAdapter.java:144)


	at io.restassured.internal.ValidatableResponseImpl.statusCode(ValidatableResponseImpl.groovy:142)


	at io.restassured.internal.ValidatableResponseImpl.statusCode(ValidatableResponseImpl.groovy)


	at MusicLab.StepDefinitions.Auth.RegisterMentorSteps.statusCodeShouldInternalServerError(RegisterMentorSteps.java:46)


	at ?.Status code should 500 Internal Server Error(classpath:features/Cucumber/Auth/RegisterMentor.feature:15)




java.lang.AssertionError: 1 expectation failed.
Expected status code <201> but was <400>.



	at sun.reflect.NativeConstructorAccessorImpl.newInstance0(Native Method)


	at sun.reflect.NativeConstructorAccessorImpl.newInstance(NativeConstructorAccessorImpl.java:62)


	at sun.reflect.DelegatingConstructorAccessorImpl.newInstance(DelegatingConstructorAccessorImpl.java:45)


	at java.lang.reflect.Constructor.newInstance(Constructor.java:423)


	at org.codehaus.groovy.reflection.CachedConstructor.invoke(CachedConstructor.java:72)


	at org.codehaus.groovy.reflection.CachedConstructor.doConstructorInvoke(CachedConstructor.java:59)


	at org.codehaus.groovy.runtime.callsite.ConstructorSite$ConstructorSiteNoUnwrap.callConstructor(ConstructorSite.java:84)


	at org.codehaus.groovy.runtime.callsite.AbstractCallSite.callConstructor(AbstractCallSite.java:277)


	at io.restassured.internal.ResponseSpecificationImpl$HamcrestAssertionClosure.validate(ResponseSpecificationImpl.groovy:493)


	at io.restassured.internal.ResponseSpecificationImpl$HamcrestAssertionClosure$validate$1.call(Unknown Source)


	at io.restassured.internal.ResponseSpecificationImpl.validateResponseIfRequired(ResponseSpecificationImpl.groovy:674)


	at sun.reflect.GeneratedMethodAccessor72.invoke(Unknown Source)


	at sun.reflect.DelegatingMethodAccessorImpl.invoke(DelegatingMethodAccessorImpl.java:43)


	at java.lang.reflect.Method.invoke(Method.java:498)


	at org.codehaus.groovy.runtime.callsite.PlainObjectMetaMethodSite.doInvoke(PlainObjectMetaMethodSite.java:43)


	at org.codehaus.groovy.runtime.callsite.PogoMetaMethodSite$PogoCachedMethodSiteNoUnwrapNoCoerce.invoke(PogoMetaMethodSite.java:193)


	at org.codehaus.groovy.runtime.callsite.PogoMetaMethodSite.callCurrent(PogoMetaMethodSite.java:61)


	at org.codehaus.groovy.runtime.callsite.AbstractCallSite.callCurrent(AbstractCallSite.java:185)


	at io.restassured.internal.ResponseSpecificationImpl.statusCode(ResponseSpecificationImpl.groovy:126)


	at io.restassured.specification.ResponseSpecification$statusCode$0.callCurrent(Unknown Source)


	at io.restassured.internal.ResponseSpecificationImpl.statusCode(ResponseSpecificationImpl.groovy:134)


	at io.restassured.internal.ValidatableResponseOptionsImpl.statusCode(ValidatableResponseOptionsImpl.java:89)


	at io.restassured.internal.ValidatableResponseImpl.super$2$statusCode(ValidatableResponseImpl.groovy)


	at sun.reflect.NativeMethodAccessorImpl.invoke0(Native Method)


	at sun.reflect.NativeMethodAccessorImpl.invoke(NativeMethodAccessorImpl.java:62)


	at sun.reflect.DelegatingMethodAccessorImpl.invoke(DelegatingMethodAccessorImpl.java:43)


	at java.lang.reflect.Method.invoke(Method.java:498)


	at org.codehaus.groovy.reflection.CachedMethod.invoke(CachedMethod.java:107)


	at groovy.lang.MetaMethod.doMethodInvoke(MetaMethod.java:323)


	at groovy.lang.MetaClassImpl.invokeMethod(MetaClassImpl.java:1267)


	at org.codehaus.groovy.runtime.ScriptBytecodeAdapter.invokeMethodOnSuperN(ScriptBytecodeAdapter.java:144)


	at io.restassured.internal.ValidatableResponseImpl.statusCode(ValidatableResponseImpl.groovy:142)


	at io.restassured.internal.ValidatableResponseImpl.statusCode(ValidatableResponseImpl.groovy)


	at MusicLab.StepDefinitions.Auth.RegisterMentorSteps.statusCodeShouldCreated(RegisterMentorSteps.java:34)


	at ?.Status code should 201 Created(classpath:features/Cucumber/Auth/RegisterStudent.feature:8)




java.lang.AssertionError: 1 expectation failed.
Expected status code <500> but was <400>.



	at sun.reflect.NativeConstructorAccessorImpl.newInstance0(Native Method)


	at sun.reflect.NativeConstructorAccessorImpl.newInstance(NativeConstructorAccessorImpl.java:62)


	at sun.reflect.DelegatingConstructorAccessorImpl.newInstance(DelegatingConstructorAccessorImpl.java:45)


	at java.lang.reflect.Constructor.newInstance(Constructor.java:423)


	at org.codehaus.groovy.reflection.CachedConstructor.invoke(CachedConstructor.java:72)


	at org.codehaus.groovy.reflection.CachedConstructor.doConstructorInvoke(CachedConstructor.java:59)


	at org.codehaus.groovy.runtime.callsite.ConstructorSite$ConstructorSiteNoUnwrap.callConstructor(ConstructorSite.java:84)


	at org.codehaus.groovy.runtime.callsite.AbstractCallSite.callConstructor(AbstractCallSite.java:277)


	at io.restassured.internal.ResponseSpecificationImpl$HamcrestAssertionClosure.validate(ResponseSpecificationImpl.groovy:493)


	at io.restassured.internal.ResponseSpecificationImpl$HamcrestAssertionClosure$validate$1.call(Unknown Source)


	at io.restassured.internal.ResponseSpecificationImpl.validateResponseIfRequired(ResponseSpecificationImpl.groovy:674)


	at sun.reflect.GeneratedMethodAccessor72.invoke(Unknown Source)


	at sun.reflect.DelegatingMethodAccessorImpl.invoke(DelegatingMethodAccessorImpl.java:43)


	at java.lang.reflect.Method.invoke(Method.java:498)


	at org.codehaus.groovy.runtime.callsite.PlainObjectMetaMethodSite.doInvoke(PlainObjectMetaMethodSite.java:43)


	at org.codehaus.groovy.runtime.callsite.PogoMetaMethodSite$PogoCachedMethodSiteNoUnwrapNoCoerce.invoke(PogoMetaMethodSite.java:193)


	at org.codehaus.groovy.runtime.callsite.PogoMetaMethodSite.callCurrent(PogoMetaMethodSite.java:61)


	at org.codehaus.groovy.runtime.callsite.AbstractCallSite.callCurrent(AbstractCallSite.java:185)


	at io.restassured.internal.ResponseSpecificationImpl.statusCode(ResponseSpecificationImpl.groovy:126)


	at io.restassured.specification.ResponseSpecification$statusCode$0.callCurrent(Unknown Source)


	at io.restassured.internal.ResponseSpecificationImpl.statusCode(ResponseSpecificationImpl.groovy:134)


	at io.restassured.internal.ValidatableResponseOptionsImpl.statusCode(ValidatableResponseOptionsImpl.java:89)


	at io.restassured.internal.ValidatableResponseImpl.super$2$statusCode(ValidatableResponseImpl.groovy)


	at sun.reflect.NativeMethodAccessorImpl.invoke0(Native Method)


	at sun.reflect.NativeMethodAccessorImpl.invoke(NativeMethodAccessorImpl.java:62)


	at sun.reflect.DelegatingMethodAccessorImpl.invoke(DelegatingMethodAccessorImpl.java:43)


	at java.lang.reflect.Method.invoke(Method.java:498)


	at org.codehaus.groovy.reflection.CachedMethod.invoke(CachedMethod.java:107)


	at groovy.lang.MetaMethod.doMethodInvoke(MetaMethod.java:323)


	at groovy.lang.MetaClassImpl.invokeMethod(MetaClassImpl.java:1267)


	at org.codehaus.groovy.runtime.ScriptBytecodeAdapter.invokeMethodOnSuperN(ScriptBytecodeAdapter.java:144)


	at io.restassured.internal.ValidatableResponseImpl.statusCode(ValidatableResponseImpl.groovy:142)


	at io.restassured.internal.ValidatableResponseImpl.statusCode(ValidatableResponseImpl.groovy)


	at MusicLab.StepDefinitions.Auth.RegisterMentorSteps.statusCodeShouldInternalServerError(RegisterMentorSteps.java:46)


	at ?.Status code should 500 Internal Server Error(classpath:features/Cucumber/Auth/RegisterStudent.feature:15)




java.lang.AssertionError: 1 expectation failed.
JSON path message doesn't match.
Expected: validate: Key: 'Core.StudentID' Error:Field validation for 'StudentID' failed on the 'required' tag\nKey: 'Core.MentorID' Error:Field validation for 'MentorID' failed on the 'required' tag
  Actual: validate: Key: 'Core.StudentID' Error:Field validation for 'StudentID' failed on the 'required' tag\nKey: 'Core.MentorID' Error:Field validation for 'MentorID' failed on the 'required' tag



	at sun.reflect.NativeConstructorAccessorImpl.newInstance0(Native Method)


	at sun.reflect.NativeConstructorAccessorImpl.newInstance(NativeConstructorAccessorImpl.java:62)


	at sun.reflect.DelegatingConstructorAccessorImpl.newInstance(DelegatingConstructorAccessorImpl.java:45)


	at java.lang.reflect.Constructor.newInstance(Constructor.java:423)


	at org.codehaus.groovy.reflection.CachedConstructor.invoke(CachedConstructor.java:72)


	at org.codehaus.groovy.reflection.CachedConstructor.doConstructorInvoke(CachedConstructor.java:59)


	at org.codehaus.groovy.runtime.callsite.ConstructorSite$ConstructorSiteNoUnwrap.callConstructor(ConstructorSite.java:84)


	at org.codehaus.groovy.runtime.callsite.AbstractCallSite.callConstructor(AbstractCallSite.java:277)


	at io.restassured.internal.ResponseSpecificationImpl$HamcrestAssertionClosure.validate(ResponseSpecificationImpl.groovy:493)


	at io.restassured.internal.ResponseSpecificationImpl$HamcrestAssertionClosure$validate$1.call(Unknown Source)


	at io.restassured.internal.ResponseSpecificationImpl.validateResponseIfRequired(ResponseSpecificationImpl.groovy:674)


	at sun.reflect.GeneratedMethodAccessor72.invoke(Unknown Source)


	at sun.reflect.DelegatingMethodAccessorImpl.invoke(DelegatingMethodAccessorImpl.java:43)


	at java.lang.reflect.Method.invoke(Method.java:498)


	at org.codehaus.groovy.runtime.callsite.PlainObjectMetaMethodSite.doInvoke(PlainObjectMetaMethodSite.java:43)


	at org.codehaus.groovy.runtime.callsite.PogoMetaMethodSite$PogoCachedMethodSiteNoUnwrapNoCoerce.invoke(PogoMetaMethodSite.java:193)


	at org.codehaus.groovy.runtime.callsite.PogoMetaMethodSite.callCurrent(PogoMetaMethodSite.java:61)


	at org.codehaus.groovy.runtime.callsite.AbstractCallSite.callCurrent(AbstractCallSite.java:185)


	at io.restassured.internal.ResponseSpecificationImpl.body(ResponseSpecificationImpl.groovy:261)


	at io.restassured.specification.ResponseSpecification$body$1.callCurrent(Unknown Source)


	at io.restassured.internal.ResponseSpecificationImpl.body(ResponseSpecificationImpl.groovy:108)


	at io.restassured.internal.ValidatableResponseOptionsImpl.body(ValidatableResponseOptionsImpl.java:244)


	at io.restassured.internal.ValidatableResponseImpl.super$2$body(ValidatableResponseImpl.groovy)


	at sun.reflect.GeneratedMethodAccessor171.invoke(Unknown Source)


	at sun.reflect.DelegatingMethodAccessorImpl.invoke(DelegatingMethodAccessorImpl.java:43)


	at java.lang.reflect.Method.invoke(Method.java:498)


	at org.codehaus.groovy.reflection.CachedMethod.invoke(CachedMethod.java:107)


	at groovy.lang.MetaMethod.doMethodInvoke(MetaMethod.java:323)


	at groovy.lang.MetaClassImpl.invokeMethod(MetaClassImpl.java:1267)


	at org.codehaus.groovy.runtime.ScriptBytecodeAdapter.invokeMethodOnSuperN(ScriptBytecodeAdapter.java:144)


	at io.restassured.internal.ValidatableResponseImpl.body(ValidatableResponseImpl.groovy:298)


	at io.restassured.internal.ValidatableResponseImpl.body(ValidatableResponseImpl.groovy)


	at MusicLab.StepDefinitions.Chat.CreateMessageStepdef.responBodyMessageShouldBe(CreateMessageStepdef.java:38)


	at ?.Respon body message should be "validate: Key: 'Core.StudentID' Error:Field validation for 'StudentID' failed on the 'required' tag\nKey: 'Core.MentorID' Error:Field validation for 'MentorID' failed on the 'required' tag"(classpath:features/Cucumber/Chat/PostCreateMessage.feature:55)




java.lang.IllegalArgumentException: Invalid number of path parameters. Expected 2, was 0. Undefined path parameters are: mentor_id, id.


	at sun.reflect.NativeConstructorAccessorImpl.newInstance0(Native Method)


	at sun.reflect.NativeConstructorAccessorImpl.newInstance(NativeConstructorAccessorImpl.java:62)


	at sun.reflect.DelegatingConstructorAccessorImpl.newInstance(DelegatingConstructorAccessorImpl.java:45)


	at java.lang.reflect.Constructor.newInstance(Constructor.java:423)


	at org.codehaus.groovy.reflection.CachedConstructor.invoke(CachedConstructor.java:72)


	at org.codehaus.groovy.reflection.CachedConstructor.doConstructorInvoke(CachedConstructor.java:59)


	at org.codehaus.groovy.runtime.callsite.ConstructorSite$ConstructorSiteNoUnwrap.callConstructor(ConstructorSite.java:84)


	at org.codehaus.groovy.runtime.callsite.CallSiteArray.defaultCallConstructor(CallSiteArray.java:59)


	at org.codehaus.groovy.runtime.callsite.AbstractCallSite.callConstructor(AbstractCallSite.java:263)


	at org.codehaus.groovy.runtime.callsite.AbstractCallSite.callConstructor(AbstractCallSite.java:277)


	at io.restassured.internal.RequestSpecificationImpl.assertCorrectNumberOfPathParams(RequestSpecificationImpl.groovy:1248)


	at sun.reflect.GeneratedMethodAccessor123.invoke(Unknown Source)


	at sun.reflect.DelegatingMethodAccessorImpl.invoke(DelegatingMethodAccessorImpl.java:43)


	at java.lang.reflect.Method.invoke(Method.java:498)


	at org.codehaus.groovy.reflection.CachedMethod.invoke(CachedMethod.java:107)


	at groovy.lang.MetaMethod.doMethodInvoke(MetaMethod.java:323)


	at groovy.lang.MetaClassImpl.invokeMethod(MetaClassImpl.java:1267)


	at groovy.lang.MetaClassImpl.invokeMethod(MetaClassImpl.java:1034)


	at groovy.lang.MetaClassImpl.invokeMethod(MetaClassImpl.java:818)


	at groovy.lang.GroovyObject.invokeMethod(GroovyObject.java:39)


	at org.codehaus.groovy.runtime.callsite.PogoInterceptableSite.call(PogoInterceptableSite.java:45)


	at org.codehaus.groovy.runtime.callsite.PogoInterceptableSite.callCurrent(PogoInterceptableSite.java:55)


	at org.codehaus.groovy.runtime.callsite.AbstractCallSite.callCurrent(AbstractCallSite.java:176)


	at io.restassured.internal.RequestSpecificationImpl.sendRequest(RequestSpecificationImpl.groovy:1135)


	at sun.reflect.GeneratedMethodAccessor120.invoke(Unknown Source)


	at sun.reflect.DelegatingMethodAccessorImpl.invoke(DelegatingMethodAccessorImpl.java:43)


	at java.lang.reflect.Method.invoke(Method.java:498)


	at org.codehaus.groovy.reflection.CachedMethod.invoke(CachedMethod.java:107)


	at groovy.lang.MetaMethod.doMethodInvoke(MetaMethod.java:323)


	at groovy.lang.MetaClassImpl.invokeMethod(MetaClassImpl.java:1267)


	at groovy.lang.MetaClassImpl.invokeMethod(MetaClassImpl.java:1034)


	at groovy.lang.MetaClassImpl.invokeMethod(MetaClassImpl.java:818)


	at groovy.lang.GroovyObject.invokeMethod(GroovyObject.java:39)


	at org.codehaus.groovy.runtime.callsite.PogoInterceptableSite.call(PogoInterceptableSite.java:45)


	at org.codehaus.groovy.runtime.callsite.AbstractCallSite.call(AbstractCallSite.java:166)


	at io.restassured.internal.filter.SendRequestFilter.filter(SendRequestFilter.groovy:30)


	at io.restassured.filter.Filter$filter$0.call(Unknown Source)


	at org.codehaus.groovy.runtime.callsite.CallSiteArray.defaultCall(CallSiteArray.java:47)


	at io.restassured.filter.Filter$filter.call(Unknown Source)


	at io.restassured.internal.filter.FilterContextImpl.next(FilterContextImpl.groovy:72)


	at io.restassured.filter.time.TimingFilter.filter(TimingFilter.java:56)


	at io.restassured.filter.Filter$filter.call(Unknown Source)


	at org.codehaus.groovy.runtime.callsite.CallSiteArray.defaultCall(CallSiteArray.java:47)


	at io.restassured.filter.Filter$filter.call(Unknown Source)


	at io.restassured.internal.filter.FilterContextImpl.next(FilterContextImpl.groovy:72)


	at io.restassured.filter.log.RequestLoggingFilter.filter(RequestLoggingFilter.java:140)


	at net.serenitybdd.rest.filters.FieldsRecordingFilter.filter(FieldsRecordingFilter.java:40)


	at io.restassured.filter.Filter$filter.call(Unknown Source)


	at io.restassured.internal.filter.FilterContextImpl.next(FilterContextImpl.groovy:72)


	at io.restassured.filter.log.RequestLoggingFilter.filter(RequestLoggingFilter.java:140)


	at net.serenitybdd.rest.filters.FieldsRecordingFilter.filter(FieldsRecordingFilter.java:40)


	at io.restassured.filter.Filter$filter.call(Unknown Source)


	at io.restassured.internal.filter.FilterContextImpl.next(FilterContextImpl.groovy:72)


	at io.restassured.filter.log.RequestLoggingFilter.filter(RequestLoggingFilter.java:140)


	at net.serenitybdd.rest.filters.FieldsRecordingFilter.filter(FieldsRecordingFilter.java:40)


	at io.restassured.filter.Filter$filter.call(Unknown Source)


	at io.restassured.internal.filter.FilterContextImpl.next(FilterContextImpl.groovy:72)


	at io.restassured.filter.log.RequestLoggingFilter.filter(RequestLoggingFilter.java:140)


	at net.serenitybdd.rest.filters.FieldsRecordingFilter.filter(FieldsRecordingFilter.java:40)


	at io.restassured.filter.Filter$filter.call(Unknown Source)


	at io.restassured.internal.filter.FilterContextImpl.next(FilterContextImpl.groovy:72)


	at io.restassured.filter.log.RequestLoggingFilter.filter(RequestLoggingFilter.java:140)


	at net.serenitybdd.rest.filters.FieldsRecordingFilter.filter(FieldsRecordingFilter.java:40)


	at io.restassured.filter.Filter$filter.call(Unknown Source)


	at io.restassured.internal.filter.FilterContextImpl.next(FilterContextImpl.groovy:72)


	at io.restassured.filter.log.RequestLoggingFilter.filter(RequestLoggingFilter.java:140)


	at net.serenitybdd.rest.filters.FieldsRecordingFilter.filter(FieldsRecordingFilter.java:40)


	at io.restassured.filter.Filter$filter.call(Unknown Source)


	at org.codehaus.groovy.runtime.callsite.CallSiteArray.defaultCall(CallSiteArray.java:47)


	at io.restassured.filter.Filter$filter$0.call(Unknown Source)


	at io.restassured.internal.filter.FilterContextImpl.next(FilterContextImpl.groovy:72)


	at io.restassured.filter.FilterContext$next.call(Unknown Source)


	at io.restassured.internal.RequestSpecificationImpl.applyPathParamsAndSendRequest(RequestSpecificationImpl.groovy:1655)


	at sun.reflect.GeneratedMethodAccessor114.invoke(Unknown Source)


	at sun.reflect.DelegatingMethodAccessorImpl.invoke(DelegatingMethodAccessorImpl.java:43)


	at java.lang.reflect.Method.invoke(Method.java:498)


	at org.codehaus.groovy.reflection.CachedMethod.invoke(CachedMethod.java:107)


	at groovy.lang.MetaMethod.doMethodInvoke(MetaMethod.java:323)


	at groovy.lang.MetaClassImpl.invokeMethod(MetaClassImpl.java:1267)


	at groovy.lang.MetaClassImpl.invokeMethod(MetaClassImpl.java:1034)


	at groovy.lang.MetaClassImpl.invokeMethod(MetaClassImpl.java:818)


	at groovy.lang.GroovyObject.invokeMethod(GroovyObject.java:39)


	at org.codehaus.groovy.runtime.callsite.PogoInterceptableSite.call(PogoInterceptableSite.java:45)


	at org.codehaus.groovy.runtime.callsite.PogoInterceptableSite.callCurrent(PogoInterceptableSite.java:55)


	at org.codehaus.groovy.runtime.callsite.AbstractCallSite.callCurrent(AbstractCallSite.java:203)


	at io.restassured.internal.RequestSpecificationImpl.applyPathParamsAndSendRequest(RequestSpecificationImpl.groovy:1661)


	at sun.reflect.GeneratedMethodAccessor113.invoke(Unknown Source)


	at sun.reflect.DelegatingMethodAccessorImpl.invoke(DelegatingMethodAccessorImpl.java:43)


	at java.lang.reflect.Method.invoke(Method.java:498)


	at org.codehaus.groovy.reflection.CachedMethod.invoke(CachedMethod.java:107)


	at groovy.lang.MetaMethod.doMethodInvoke(MetaMethod.java:323)


	at groovy.lang.MetaClassImpl.invokeMethod(MetaClassImpl.java:1267)


	at groovy.lang.MetaClassImpl.invokeMethod(MetaClassImpl.java:1034)


	at groovy.lang.MetaClassImpl.invokeMethod(MetaClassImpl.java:818)


	at groovy.lang.GroovyObject.invokeMethod(GroovyObject.java:39)


	at org.codehaus.groovy.runtime.callsite.PogoInterceptableSite.call(PogoInterceptableSite.java:45)


	at org.codehaus.groovy.runtime.callsite.PogoInterceptableSite.callCurrent(PogoInterceptableSite.java:55)


	at org.codehaus.groovy.runtime.callsite.AbstractCallSite.callCurrent(AbstractCallSite.java:203)


	at io.restassured.internal.RequestSpecificationImpl.get(RequestSpecificationImpl.groovy:171)


	at net.serenitybdd.rest.decorators.request.RequestSpecificationDecorated.executeCall(RequestSpecificationDecorated.java:311)


	at net.serenitybdd.rest.decorators.request.RequestSpecificationDecorated.execute(RequestSpecificationDecorated.java:268)


	at net.serenitybdd.rest.decorators.request.RequestSpecificationDecorated.get(RequestSpecificationDecorated.java:67)


	at net.serenitybdd.rest.decorators.request.RequestSpecificationDecorated.get(RequestSpecificationDecorated.java:38)


	at MusicLab.StepDefinitions.Class.ClassStepdef.sendRequestGetListAllClass(ClassStepdef.java:64)


	at ?.Send request get list all class(classpath:features/Cucumber/Class/ClassFeature.feature:26)




java.lang.AssertionError: 1 expectation failed.
Expected status code <200> but was <404>.



	at sun.reflect.NativeConstructorAccessorImpl.newInstance0(Native Method)


	at sun.reflect.NativeConstructorAccessorImpl.newInstance(NativeConstructorAccessorImpl.java:62)


	at sun.reflect.DelegatingConstructorAccessorImpl.newInstance(DelegatingConstructorAccessorImpl.java:45)


	at java.lang.reflect.Constructor.newInstance(Constructor.java:423)


	at org.codehaus.groovy.reflection.CachedConstructor.invoke(CachedConstructor.java:72)


	at org.codehaus.groovy.reflection.CachedConstructor.doConstructorInvoke(CachedConstructor.java:59)


	at org.codehaus.groovy.runtime.callsite.ConstructorSite$ConstructorSiteNoUnwrap.callConstructor(ConstructorSite.java:84)


	at org.codehaus.groovy.runtime.callsite.AbstractCallSite.callConstructor(AbstractCallSite.java:277)


	at io.restassured.internal.ResponseSpecificationImpl$HamcrestAssertionClosure.validate(ResponseSpecificationImpl.groovy:493)


	at io.restassured.internal.ResponseSpecificationImpl$HamcrestAssertionClosure$validate$1.call(Unknown Source)


	at io.restassured.internal.ResponseSpecificationImpl.validateResponseIfRequired(ResponseSpecificationImpl.groovy:674)


	at sun.reflect.GeneratedMethodAccessor72.invoke(Unknown Source)


	at sun.reflect.DelegatingMethodAccessorImpl.invoke(DelegatingMethodAccessorImpl.java:43)


	at java.lang.reflect.Method.invoke(Method.java:498)


	at org.codehaus.groovy.runtime.callsite.PlainObjectMetaMethodSite.doInvoke(PlainObjectMetaMethodSite.java:43)


	at org.codehaus.groovy.runtime.callsite.PogoMetaMethodSite$PogoCachedMethodSiteNoUnwrapNoCoerce.invoke(PogoMetaMethodSite.java:193)


	at org.codehaus.groovy.runtime.callsite.PogoMetaMethodSite.callCurrent(PogoMetaMethodSite.java:61)


	at org.codehaus.groovy.runtime.callsite.AbstractCallSite.callCurrent(AbstractCallSite.java:185)


	at io.restassured.internal.ResponseSpecificationImpl.statusCode(ResponseSpecificationImpl.groovy:126)


	at io.restassured.specification.ResponseSpecification$statusCode$0.callCurrent(Unknown Source)


	at io.restassured.internal.ResponseSpecificationImpl.statusCode(ResponseSpecificationImpl.groovy:134)


	at io.restassured.internal.ValidatableResponseOptionsImpl.statusCode(ValidatableResponseOptionsImpl.java:89)


	at io.restassured.internal.ValidatableResponseImpl.super$2$statusCode(ValidatableResponseImpl.groovy)


	at sun.reflect.GeneratedMethodAccessor168.invoke(Unknown Source)


	at sun.reflect.DelegatingMethodAccessorImpl.invoke(DelegatingMethodAccessorImpl.java:43)


	at java.lang.reflect.Method.invoke(Method.java:498)


	at org.codehaus.groovy.reflection.CachedMethod.invoke(CachedMethod.java:107)


	at groovy.lang.MetaMethod.doMethodInvoke(MetaMethod.java:323)


	at groovy.lang.MetaClassImpl.invokeMethod(MetaClassImpl.java:1267)


	at org.codehaus.groovy.runtime.ScriptBytecodeAdapter.invokeMethodOnSuperN(ScriptBytecodeAdapter.java:144)


	at io.restassured.internal.ValidatableResponseImpl.statusCode(ValidatableResponseImpl.groovy:142)


	at io.restassured.internal.ValidatableResponseImpl.statusCode(ValidatableResponseImpl.groovy)


	at MusicLab.StepDefinitions.Instrument.GetIntrumentStepDef.statusCodeShouldBeOK(GetIntrumentStepDef.java:52)


	at ?.Status code should be 200 OK(classpath:features/Cucumber/Class/ClassFeature.feature:69)




java.lang.NullPointerException


	at net.serenitybdd.rest.SerenityRest.then(SerenityRest.java:62)


	at MusicLab.StepDefinitions.Genre.PostGenreSteps.statusCodeShouldUnauthorized(PostGenreSteps.java:52)


	at ?.Status code should 401 Unauthorized(classpath:features/Cucumber/Genre/PostMentorGenre.feature:29)




java.lang.AssertionError: 1 expectation failed.
Expected status code <404> but was <400>.



	at sun.reflect.NativeConstructorAccessorImpl.newInstance0(Native Method)


	at sun.reflect.NativeConstructorAccessorImpl.newInstance(NativeConstructorAccessorImpl.java:62)


	at sun.reflect.DelegatingConstructorAccessorImpl.newInstance(DelegatingConstructorAccessorImpl.java:45)


	at java.lang.reflect.Constructor.newInstance(Constructor.java:423)


	at org.codehaus.groovy.reflection.CachedConstructor.invoke(CachedConstructor.java:72)


	at org.codehaus.groovy.reflection.CachedConstructor.doConstructorInvoke(CachedConstructor.java:59)


	at org.codehaus.groovy.runtime.callsite.ConstructorSite$ConstructorSiteNoUnwrap.callConstructor(ConstructorSite.java:84)


	at org.codehaus.groovy.runtime.callsite.AbstractCallSite.callConstructor(AbstractCallSite.java:277)


	at io.restassured.internal.ResponseSpecificationImpl$HamcrestAssertionClosure.validate(ResponseSpecificationImpl.groovy:493)


	at io.restassured.internal.ResponseSpecificationImpl$HamcrestAssertionClosure$validate$1.call(Unknown Source)


	at io.restassured.internal.ResponseSpecificationImpl.validateResponseIfRequired(ResponseSpecificationImpl.groovy:674)


	at sun.reflect.GeneratedMethodAccessor72.invoke(Unknown Source)


	at sun.reflect.DelegatingMethodAccessorImpl.invoke(DelegatingMethodAccessorImpl.java:43)


	at java.lang.reflect.Method.invoke(Method.java:498)


	at org.codehaus.groovy.runtime.callsite.PlainObjectMetaMethodSite.doInvoke(PlainObjectMetaMethodSite.java:43)


	at org.codehaus.groovy.runtime.callsite.PogoMetaMethodSite$PogoCachedMethodSiteNoUnwrapNoCoerce.invoke(PogoMetaMethodSite.java:193)


	at org.codehaus.groovy.runtime.callsite.PogoMetaMethodSite.callCurrent(PogoMetaMethodSite.java:61)


	at org.codehaus.groovy.runtime.callsite.AbstractCallSite.callCurrent(AbstractCallSite.java:185)


	at io.restassured.internal.ResponseSpecificationImpl.statusCode(ResponseSpecificationImpl.groovy:126)


	at io.restassured.specification.ResponseSpecification$statusCode$0.callCurrent(Unknown Source)


	at io.restassured.internal.ResponseSpecificationImpl.statusCode(ResponseSpecificationImpl.groovy:134)


	at io.restassured.internal.ValidatableResponseOptionsImpl.statusCode(ValidatableResponseOptionsImpl.java:89)


	at io.restassured.internal.ValidatableResponseImpl.super$2$statusCode(ValidatableResponseImpl.groovy)


	at sun.reflect.GeneratedMethodAccessor168.invoke(Unknown Source)


	at sun.reflect.DelegatingMethodAccessorImpl.invoke(DelegatingMethodAccessorImpl.java:43)


	at java.lang.reflect.Method.invoke(Method.java:498)


	at org.codehaus.groovy.reflection.CachedMethod.invoke(CachedMethod.java:107)


	at groovy.lang.MetaMethod.doMethodInvoke(MetaMethod.java:323)


	at groovy.lang.MetaClassImpl.invokeMethod(MetaClassImpl.java:1267)


	at org.codehaus.groovy.runtime.ScriptBytecodeAdapter.invokeMethodOnSuperN(ScriptBytecodeAdapter.java:144)


	at io.restassured.internal.ValidatableResponseImpl.statusCode(ValidatableResponseImpl.groovy:142)


	at io.restassured.internal.ValidatableResponseImpl.statusCode(ValidatableResponseImpl.groovy)


	at MusicLab.StepDefinitions.Instrument.DeleteInstrumentStepDef.statusCodeShouldBeNotFound(DeleteInstrumentStepDef.java:54)


	at ?.Status code should be 404 Not Found(classpath:features/Cucumber/Instrument/DeleteInstrumentNegativeCase.feature:12)




io.cucumber.core.exception.CucumberException: Step [Delete instrument with blank ID {}] is defined with 0 parameters at 'MusicLab.StepDefinitions.Instrument.DeleteInstrumentStepDef.deleteInstrumentWithBlankId()'.
However, the gherkin step has 1 arguments:
 * blank
Step text: Delete instrument with blank ID blank


	at io.cucumber.core.runner.PickleStepDefinitionMatch.arityMismatch(PickleStepDefinitionMatch.java:83)


	at io.cucumber.core.runner.PickleStepDefinitionMatch.runStep(PickleStepDefinitionMatch.java:42)


	at io.cucumber.core.runner.ExecutionMode$1.execute(ExecutionMode.java:10)


	at io.cucumber.core.runner.TestStep.executeStep(TestStep.java:92)


	at io.cucumber.core.runner.TestStep.run(TestStep.java:64)


	at io.cucumber.core.runner.PickleStepTestStep.run(PickleStepTestStep.java:51)


	at io.cucumber.core.runner.TestCase.run(TestCase.java:104)


	at io.cucumber.core.runner.Runner.runPickle(Runner.java:73)


	at io.cucumber.junit.PickleRunners$NoStepDescriptions.run(PickleRunners.java:151)


	at io.cucumber.junit.FeatureRunner.runChild(FeatureRunner.java:135)


	at io.cucumber.junit.FeatureRunner.runChild(FeatureRunner.java:27)


	at org.junit.runners.ParentRunner$4.run(ParentRunner.java:331)


	at org.junit.runners.ParentRunner$1.schedule(ParentRunner.java:79)


	at org.junit.runners.ParentRunner.runChildren(ParentRunner.java:329)


	at org.junit.runners.ParentRunner.access$100(ParentRunner.java:66)


	at org.junit.runners.ParentRunner$2.evaluate(ParentRunner.java:293)


	at org.junit.runners.ParentRunner$3.evaluate(ParentRunner.java:306)


	at org.junit.runners.ParentRunner.run(ParentRunner.java:413)


	at io.cucumber.junit.CucumberSerenityRunner.runChild(CucumberSerenityRunner.java:258)


	at io.cucumber.junit.CucumberSerenityRunner.runChild(CucumberSerenityRunner.java:57)


	at org.junit.runners.ParentRunner$4.run(ParentRunner.java:331)


	at org.apache.maven.surefire.junitcore.pc.Scheduler$1.run(Scheduler.java:405)


	at org.apache.maven.surefire.junitcore.pc.InvokerStrategy.schedule(InvokerStrategy.java:54)


	at org.apache.maven.surefire.junitcore.pc.Scheduler.schedule(Scheduler.java:362)


	at org.junit.runners.ParentRunner.runChildren(ParentRunner.java:329)


	at org.junit.runners.ParentRunner.access$100(ParentRunner.java:66)


	at org.junit.runners.ParentRunner$2.evaluate(ParentRunner.java:293)


	at io.cucumber.junit.CucumberSerenityRunner$RunCucumber.evaluate(CucumberSerenityRunner.java:286)


	at org.junit.runners.ParentRunner$3.evaluate(ParentRunner.java:306)


	at org.junit.runners.ParentRunner.run(ParentRunner.java:413)


	at org.junit.runners.Suite.runChild(Suite.java:128)


	at org.junit.runners.Suite.runChild(Suite.java:27)


	at org.junit.runners.ParentRunner$4.run(ParentRunner.java:331)


	at org.apache.maven.surefire.junitcore.pc.Scheduler$1.run(Scheduler.java:405)


	at java.util.concurrent.Executors$RunnableAdapter.call(Executors.java:511)


	at java.util.concurrent.FutureTask.run(FutureTask.java:266)


	at java.util.concurrent.ThreadPoolExecutor.runWorker(ThreadPoolExecutor.java:1149)


	at java.util.concurrent.ThreadPoolExecutor$Worker.run(ThreadPoolExecutor.java:624)


	at java.lang.Thread.run(Thread.java:750)




java.lang.RuntimeException: Some exception during recording fields


	at net.serenitybdd.rest.filters.FieldsRecordingFilter.filter(FieldsRecordingFilter.java:52)


	at io.restassured.filter.Filter$filter.call(Unknown Source)


	at io.restassured.internal.filter.FilterContextImpl.next(FilterContextImpl.groovy:72)


	at io.restassured.filter.log.RequestLoggingFilter.filter(RequestLoggingFilter.java:140)


	at net.serenitybdd.rest.filters.FieldsRecordingFilter.filter(FieldsRecordingFilter.java:40)


	at io.restassured.filter.Filter$filter.call(Unknown Source)


	at io.restassured.internal.filter.FilterContextImpl.next(FilterContextImpl.groovy:72)


	at io.restassured.filter.log.RequestLoggingFilter.filter(RequestLoggingFilter.java:140)


	at net.serenitybdd.rest.filters.FieldsRecordingFilter.filter(FieldsRecordingFilter.java:40)


	at io.restassured.filter.Filter$filter.call(Unknown Source)


	at io.restassured.internal.filter.FilterContextImpl.next(FilterContextImpl.groovy:72)


	at io.restassured.filter.log.RequestLoggingFilter.filter(RequestLoggingFilter.java:140)


	at net.serenitybdd.rest.filters.FieldsRecordingFilter.filter(FieldsRecordingFilter.java:40)


	at io.restassured.filter.Filter$filter.call(Unknown Source)


	at io.restassured.internal.filter.FilterContextImpl.next(FilterContextImpl.groovy:72)


	at io.restassured.filter.log.RequestLoggingFilter.filter(RequestLoggingFilter.java:140)


	at net.serenitybdd.rest.filters.FieldsRecordingFilter.filter(FieldsRecordingFilter.java:40)


	at io.restassured.filter.Filter$filter.call(Unknown Source)


	at io.restassured.internal.filter.FilterContextImpl.next(FilterContextImpl.groovy:72)


	at io.restassured.filter.log.RequestLoggingFilter.filter(RequestLoggingFilter.java:140)


	at net.serenitybdd.rest.filters.FieldsRecordingFilter.filter(FieldsRecordingFilter.java:40)


	at io.restassured.filter.Filter$filter.call(Unknown Source)


	at org.codehaus.groovy.runtime.callsite.CallSiteArray.defaultCall(CallSiteArray.java:47)


	at io.restassured.filter.Filter$filter$0.call(Unknown Source)


	at io.restassured.internal.filter.FilterContextImpl.next(FilterContextImpl.groovy:72)


	at io.restassured.filter.FilterContext$next.call(Unknown Source)


	at io.restassured.internal.RequestSpecificationImpl.applyPathParamsAndSendRequest(RequestSpecificationImpl.groovy:1655)


	at sun.reflect.GeneratedMethodAccessor114.invoke(Unknown Source)


	at sun.reflect.DelegatingMethodAccessorImpl.invoke(DelegatingMethodAccessorImpl.java:43)


	at java.lang.reflect.Method.invoke(Method.java:498)


	at org.codehaus.groovy.reflection.CachedMethod.invoke(CachedMethod.java:107)


	at groovy.lang.MetaMethod.doMethodInvoke(MetaMethod.java:323)


	at groovy.lang.MetaClassImpl.invokeMethod(MetaClassImpl.java:1267)


	at groovy.lang.MetaClassImpl.invokeMethod(MetaClassImpl.java:1034)


	at groovy.lang.MetaClassImpl.invokeMethod(MetaClassImpl.java:818)


	at groovy.lang.GroovyObject.invokeMethod(GroovyObject.java:39)


	at org.codehaus.groovy.runtime.callsite.PogoInterceptableSite.call(PogoInterceptableSite.java:45)


	at org.codehaus.groovy.runtime.callsite.PogoInterceptableSite.callCurrent(PogoInterceptableSite.java:55)


	at org.codehaus.groovy.runtime.callsite.AbstractCallSite.callCurrent(AbstractCallSite.java:203)


	at io.restassured.internal.RequestSpecificationImpl.applyPathParamsAndSendRequest(RequestSpecificationImpl.groovy:1661)


	at sun.reflect.GeneratedMethodAccessor113.invoke(Unknown Source)


	at sun.reflect.DelegatingMethodAccessorImpl.invoke(DelegatingMethodAccessorImpl.java:43)


	at java.lang.reflect.Method.invoke(Method.java:498)


	at org.codehaus.groovy.reflection.CachedMethod.invoke(CachedMethod.java:107)


	at groovy.lang.MetaMethod.doMethodInvoke(MetaMethod.java:323)


	at groovy.lang.MetaClassImpl.invokeMethod(MetaClassImpl.java:1267)


	at groovy.lang.MetaClassImpl.invokeMethod(MetaClassImpl.java:1034)


	at groovy.lang.MetaClassImpl.invokeMethod(MetaClassImpl.java:818)


	at groovy.lang.GroovyObject.invokeMethod(GroovyObject.java:39)


	at org.codehaus.groovy.runtime.callsite.PogoInterceptableSite.call(PogoInterceptableSite.java:45)


	at org.codehaus.groovy.runtime.callsite.PogoInterceptableSite.callCurrent(PogoInterceptableSite.java:55)


	at org.codehaus.groovy.runtime.callsite.AbstractCallSite.callCurrent(AbstractCallSite.java:203)


	at io.restassured.internal.RequestSpecificationImpl.post(RequestSpecificationImpl.groovy:175)


	at net.serenitybdd.rest.decorators.request.RequestSpecificationDecorated.executeCall(RequestSpecificationDecorated.java:309)


	at net.serenitybdd.rest.decorators.request.RequestSpecificationDecorated.execute(RequestSpecificationDecorated.java:268)


	at net.serenitybdd.rest.decorators.request.RequestSpecificationDecorated.post(RequestSpecificationDecorated.java:120)


	at net.serenitybdd.rest.decorators.request.RequestSpecificationDecorated.post(RequestSpecificationDecorated.java:38)


	at MusicLab.StepDefinitions.Instrument.PostCreateInstrumentStepDef.sendPostCreateInstrument(PostCreateInstrumentStepDef.java:44)


	at ?.Send post create mentor instrument(classpath:features/Cucumber/Instrument/PostCreateInstrumentNegativeCase.feature:6)


Caused by: java.io.FileNotFoundException: D:\Alterra\Automation\API\MusicLab-QE-APITesting\src\test\resources\features\JSON\ReqBody\InstrumentInvalidPostCreateInstrumenJsonReqBody.json (The system cannot find the file specified)


	at java.io.FileInputStream.open0(Native Method)


	at java.io.FileInputStream.open(FileInputStream.java:195)


	at java.io.FileInputStream.<init>(FileInputStream.java:138)


	at org.codehaus.groovy.runtime.ResourceGroovyMethods.newReader(ResourceGroovyMethods.java:1797)


	at org.codehaus.groovy.runtime.ResourceGroovyMethods.getText(ResourceGroovyMethods.java:579)


	at org.codehaus.groovy.runtime.dgm$1042.invoke(Unknown Source)


	at org.codehaus.groovy.runtime.callsite.PojoMetaMethodSite$PojoMetaMethodSiteNoUnwrapNoCoerce.invoke(PojoMetaMethodSite.java:247)


	at org.codehaus.groovy.runtime.callsite.PojoMetaMethodSite.call(PojoMetaMethodSite.java:56)


	at org.codehaus.groovy.runtime.callsite.AbstractCallSite.call(AbstractCallSite.java:139)


	at io.restassured.internal.support.FileReader.readToString(FileReader.groovy:23)


	at io.restassured.internal.http.EncoderRegistry.toString(EncoderRegistry.java:461)


	at io.restassured.internal.http.EncoderRegistry.encodeJSON(EncoderRegistry.java:287)


	at sun.reflect.GeneratedMethodAccessor185.invoke(Unknown Source)


	at sun.reflect.DelegatingMethodAccessorImpl.invoke(DelegatingMethodAccessorImpl.java:43)


	at java.lang.reflect.Method.invoke(Method.java:498)


	at org.codehaus.groovy.reflection.CachedMethod.invoke(CachedMethod.java:107)


	at groovy.lang.MetaMethod.doMethodInvoke(MetaMethod.java:323)


	at groovy.lang.MetaClassImpl.invokeMethod(MetaClassImpl.java:1267)


	at groovy.lang.MetaClassImpl.invokeMethodClosure(MetaClassImpl.java:1047)


	at groovy.lang.MetaClassImpl.invokeMethod(MetaClassImpl.java:1141)


	at groovy.lang.MetaClassImpl.invokeMethod(MetaClassImpl.java:1034)


	at groovy.lang.Closure.call(Closure.java:412)


	at io.restassured.internal.http.HTTPBuilder$RequestConfigDelegate.setBody(HTTPBuilder.java:1114)


	at io.restassured.internal.http.HTTPBuilder$RequestConfigDelegate.setPropertiesFromMap(HTTPBuilder.java:1026)


	at io.restassured.internal.http.HTTPBuilder.post(HTTPBuilder.java:345)


	at io.restassured.internal.http.HTTPBuilder$post$2.call(Unknown Source)


	at io.restassured.internal.RequestSpecificationImpl.sendRequest(RequestSpecificationImpl.groovy:1181)


	at sun.reflect.GeneratedMethodAccessor120.invoke(Unknown Source)


	at sun.reflect.DelegatingMethodAccessorImpl.invoke(DelegatingMethodAccessorImpl.java:43)


	at java.lang.reflect.Method.invoke(Method.java:498)


	at org.codehaus.groovy.reflection.CachedMethod.invoke(CachedMethod.java:107)


	at groovy.lang.MetaMethod.doMethodInvoke(MetaMethod.java:323)


	at groovy.lang.MetaClassImpl.invokeMethod(MetaClassImpl.java:1267)


	at groovy.lang.MetaClassImpl.invokeMethod(MetaClassImpl.java:1034)


	at groovy.lang.MetaClassImpl.invokeMethod(MetaClassImpl.java:818)


	at groovy.lang.GroovyObject.invokeMethod(GroovyObject.java:39)


	at org.codehaus.groovy.runtime.callsite.PogoInterceptableSite.call(PogoInterceptableSite.java:45)


	at org.codehaus.groovy.runtime.callsite.AbstractCallSite.call(AbstractCallSite.java:166)


	at io.restassured.internal.filter.SendRequestFilter.filter(SendRequestFilter.groovy:30)


	at io.restassured.filter.Filter$filter$0.call(Unknown Source)


	at org.codehaus.groovy.runtime.callsite.CallSiteArray.defaultCall(CallSiteArray.java:47)


	at io.restassured.filter.Filter$filter.call(Unknown Source)


	at io.restassured.internal.filter.FilterContextImpl.next(FilterContextImpl.groovy:72)


	at io.restassured.filter.time.TimingFilter.filter(TimingFilter.java:56)


	at io.restassured.filter.Filter$filter.call(Unknown Source)


	at org.codehaus.groovy.runtime.callsite.CallSiteArray.defaultCall(CallSiteArray.java:47)


	at io.restassured.filter.Filter$filter.call(Unknown Source)


	at io.restassured.internal.filter.FilterContextImpl.next(FilterContextImpl.groovy:72)


	at io.restassured.filter.log.RequestLoggingFilter.filter(RequestLoggingFilter.java:140)


	at net.serenitybdd.rest.filters.FieldsRecordingFilter.filter(FieldsRecordingFilter.java:40)


	at io.restassured.filter.Filter$filter.call(Unknown Source)


	at io.restassured.internal.filter.FilterContextImpl.next(FilterContextImpl.groovy:72)


	at io.restassured.filter.log.RequestLoggingFilter.filter(RequestLoggingFilter.java:140)


	at net.serenitybdd.rest.filters.FieldsRecordingFilter.filter(FieldsRecordingFilter.java:40)


	at io.restassured.filter.Filter$filter.call(Unknown Source)


	at io.restassured.internal.filter.FilterContextImpl.next(FilterContextImpl.groovy:72)


	at io.restassured.filter.log.RequestLoggingFilter.filter(RequestLoggingFilter.java:140)


	at net.serenitybdd.rest.filters.FieldsRecordingFilter.filter(FieldsRecordingFilter.java:40)


	at io.restassured.filter.Filter$filter.call(Unknown Source)


	at io.restassured.internal.filter.FilterContextImpl.next(FilterContextImpl.groovy:72)


	at io.restassured.filter.log.RequestLoggingFilter.filter(RequestLoggingFilter.java:140)


	at net.serenitybdd.rest.filters.FieldsRecordingFilter.filter(FieldsRecordingFilter.java:40)


	at io.restassured.filter.Filter$filter.call(Unknown Source)


	at io.restassured.internal.filter.FilterContextImpl.next(FilterContextImpl.groovy:72)


	at io.restassured.filter.log.RequestLoggingFilter.filter(RequestLoggingFilter.java:140)


	at net.serenitybdd.rest.filters.FieldsRecordingFilter.filter(FieldsRecordingFilter.java:40)


	at io.restassured.filter.Filter$filter.call(Unknown Source)


	at io.restassured.internal.filter.FilterContextImpl.next(FilterContextImpl.groovy:72)


	at io.restassured.filter.log.RequestLoggingFilter.filter(RequestLoggingFilter.java:140)


	at net.serenitybdd.rest.filters.FieldsRecordingFilter.filter(FieldsRecordingFilter.java:40)


	at io.restassured.filter.Filter$filter.call(Unknown Source)


	at org.codehaus.groovy.runtime.callsite.CallSiteArray.defaultCall(CallSiteArray.java:47)


	at io.restassured.filter.Filter$filter$0.call(Unknown Source)


	at io.restassured.internal.filter.FilterContextImpl.next(FilterContextImpl.groovy:72)


	at io.restassured.filter.FilterContext$next.call(Unknown Source)


	at io.restassured.internal.RequestSpecificationImpl.applyPathParamsAndSendRequest(RequestSpecificationImpl.groovy:1655)


	at sun.reflect.GeneratedMethodAccessor114.invoke(Unknown Source)


	at sun.reflect.DelegatingMethodAccessorImpl.invoke(DelegatingMethodAccessorImpl.java:43)


	at java.lang.reflect.Method.invoke(Method.java:498)


	at org.codehaus.groovy.reflection.CachedMethod.invoke(CachedMethod.java:107)


	at groovy.lang.MetaMethod.doMethodInvoke(MetaMethod.java:323)


	at groovy.lang.MetaClassImpl.invokeMethod(MetaClassImpl.java:1267)


	at groovy.lang.MetaClassImpl.invokeMethod(MetaClassImpl.java:1034)


	at groovy.lang.MetaClassImpl.invokeMethod(MetaClassImpl.java:818)


	at groovy.lang.GroovyObject.invokeMethod(GroovyObject.java:39)


	at org.codehaus.groovy.runtime.callsite.PogoInterceptableSite.call(PogoInterceptableSite.java:45)


	at org.codehaus.groovy.runtime.callsite.PogoInterceptableSite.callCurrent(PogoInterceptableSite.java:55)


	at org.codehaus.groovy.runtime.callsite.AbstractCallSite.callCurrent(AbstractCallSite.java:203)


	at io.restassured.internal.RequestSpecificationImpl.applyPathParamsAndSendRequest(RequestSpecificationImpl.groovy:1661)


	at sun.reflect.GeneratedMethodAccessor113.invoke(Unknown Source)


	at sun.reflect.DelegatingMethodAccessorImpl.invoke(DelegatingMethodAccessorImpl.java:43)


	at java.lang.reflect.Method.invoke(Method.java:498)


	at org.codehaus.groovy.reflection.CachedMethod.invoke(CachedMethod.java:107)


	at groovy.lang.MetaMethod.doMethodInvoke(MetaMethod.java:323)


	at groovy.lang.MetaClassImpl.invokeMethod(MetaClassImpl.java:1267)


	at groovy.lang.MetaClassImpl.invokeMethod(MetaClassImpl.java:1034)


	at groovy.lang.MetaClassImpl.invokeMethod(MetaClassImpl.java:818)


	at groovy.lang.GroovyObject.invokeMethod(GroovyObject.java:39)


	at org.codehaus.groovy.runtime.callsite.PogoInterceptableSite.call(PogoInterceptableSite.java:45)


	at org.codehaus.groovy.runtime.callsite.PogoInterceptableSite.callCurrent(PogoInterceptableSite.java:55)


	at org.codehaus.groovy.runtime.callsite.AbstractCallSite.callCurrent(AbstractCallSite.java:203)


	at io.restassured.internal.RequestSpecificationImpl.post(RequestSpecificationImpl.groovy:175)


	at net.serenitybdd.rest.decorators.request.RequestSpecificationDecorated.executeCall(RequestSpecificationDecorated.java:309)


	at net.serenitybdd.rest.decorators.request.RequestSpecificationDecorated.execute(RequestSpecificationDecorated.java:268)


	at net.serenitybdd.rest.decorators.request.RequestSpecificationDecorated.post(RequestSpecificationDecorated.java:120)


	at net.serenitybdd.rest.decorators.request.RequestSpecificationDecorated.post(RequestSpecificationDecorated.java:38)


	at MusicLab.StepDefinitions.Instrument.PostCreateInstrumentStepDef.sendPostCreateInstrument(PostCreateInstrumentStepDef.java:44)


	at sun.reflect.NativeMethodAccessorImpl.invoke0(Native Method)


	at sun.reflect.NativeMethodAccessorImpl.invoke(NativeMethodAccessorImpl.java:62)


	at sun.reflect.DelegatingMethodAccessorImpl.invoke(DelegatingMethodAccessorImpl.java:43)


	at java.lang.reflect.Method.invoke(Method.java:498)


	at io.cucumber.java.Invoker.doInvoke(Invoker.java:66)


	at io.cucumber.java.Invoker.invoke(Invoker.java:24)


	at io.cucumber.java.AbstractGlueDefinition.invokeMethod(AbstractGlueDefinition.java:47)


	at io.cucumber.java.JavaStepDefinition.execute(JavaStepDefinition.java:29)


	at io.cucumber.core.runner.CoreStepDefinition.execute(CoreStepDefinition.java:66)


	at io.cucumber.core.runner.PickleStepDefinitionMatch.runStep(PickleStepDefinitionMatch.java:63)


	at io.cucumber.core.runner.ExecutionMode$1.execute(ExecutionMode.java:10)


	at io.cucumber.core.runner.TestStep.executeStep(TestStep.java:92)


	at io.cucumber.core.runner.TestStep.run(TestStep.java:64)


	at io.cucumber.core.runner.PickleStepTestStep.run(PickleStepTestStep.java:51)


	at io.cucumber.core.runner.TestCase.run(TestCase.java:104)


	at io.cucumber.core.runner.Runner.runPickle(Runner.java:73)


	at io.cucumber.junit.PickleRunners$NoStepDescriptions.run(PickleRunners.java:151)


	at io.cucumber.junit.FeatureRunner.runChild(FeatureRunner.java:135)


	at io.cucumber.junit.FeatureRunner.runChild(FeatureRunner.java:27)


	at org.junit.runners.ParentRunner$4.run(ParentRunner.java:331)


	at org.junit.runners.ParentRunner$1.schedule(ParentRunner.java:79)


	at org.junit.runners.ParentRunner.runChildren(ParentRunner.java:329)


	at org.junit.runners.ParentRunner.access$100(ParentRunner.java:66)


	at org.junit.runners.ParentRunner$2.evaluate(ParentRunner.java:293)


	at org.junit.runners.ParentRunner$3.evaluate(ParentRunner.java:306)


	at org.junit.runners.ParentRunner.run(ParentRunner.java:413)


	at io.cucumber.junit.CucumberSerenityRunner.runChild(CucumberSerenityRunner.java:258)


	at io.cucumber.junit.CucumberSerenityRunner.runChild(CucumberSerenityRunner.java:57)


	at org.junit.runners.ParentRunner$4.run(ParentRunner.java:331)


	at org.apache.maven.surefire.junitcore.pc.Scheduler$1.run(Scheduler.java:405)


	at org.apache.maven.surefire.junitcore.pc.InvokerStrategy.schedule(InvokerStrategy.java:54)


	at org.apache.maven.surefire.junitcore.pc.Scheduler.schedule(Scheduler.java:362)


	at org.junit.runners.ParentRunner.runChildren(ParentRunner.java:329)


	at org.junit.runners.ParentRunner.access$100(ParentRunner.java:66)


	at org.junit.runners.ParentRunner$2.evaluate(ParentRunner.java:293)


	at io.cucumber.junit.CucumberSerenityRunner$RunCucumber.evaluate(CucumberSerenityRunner.java:286)


	at org.junit.runners.ParentRunner$3.evaluate(ParentRunner.java:306)


	at org.junit.runners.ParentRunner.run(ParentRunner.java:413)


	at org.junit.runners.Suite.runChild(Suite.java:128)


	at org.junit.runners.Suite.runChild(Suite.java:27)


	at org.junit.runners.ParentRunner$4.run(ParentRunner.java:331)


	at org.apache.maven.surefire.junitcore.pc.Scheduler$1.run(Scheduler.java:405)


	at java.util.concurrent.Executors$RunnableAdapter.call(Executors.java:511)


	at java.util.concurrent.FutureTask.run(FutureTask.java:266)


	at java.util.concurrent.ThreadPoolExecutor.runWorker(ThreadPoolExecutor.java:1149)


	at java.util.concurrent.ThreadPoolExecutor$Worker.run(ThreadPoolExecutor.java:624)


	at java.lang.Thread.run(Thread.java:750)




java.lang.RuntimeException: Some exception during recording fields


	at net.serenitybdd.rest.filters.FieldsRecordingFilter.filter(FieldsRecordingFilter.java:52)


	at io.restassured.filter.Filter$filter.call(Unknown Source)


	at io.restassured.internal.filter.FilterContextImpl.next(FilterContextImpl.groovy:72)


	at io.restassured.filter.log.RequestLoggingFilter.filter(RequestLoggingFilter.java:140)


	at net.serenitybdd.rest.filters.FieldsRecordingFilter.filter(FieldsRecordingFilter.java:40)


	at io.restassured.filter.Filter$filter.call(Unknown Source)


	at io.restassured.internal.filter.FilterContextImpl.next(FilterContextImpl.groovy:72)


	at io.restassured.filter.log.RequestLoggingFilter.filter(RequestLoggingFilter.java:140)


	at net.serenitybdd.rest.filters.FieldsRecordingFilter.filter(FieldsRecordingFilter.java:40)


	at io.restassured.filter.Filter$filter.call(Unknown Source)


	at io.restassured.internal.filter.FilterContextImpl.next(FilterContextImpl.groovy:72)


	at io.restassured.filter.log.RequestLoggingFilter.filter(RequestLoggingFilter.java:140)


	at net.serenitybdd.rest.filters.FieldsRecordingFilter.filter(FieldsRecordingFilter.java:40)


	at io.restassured.filter.Filter$filter.call(Unknown Source)


	at io.restassured.internal.filter.FilterContextImpl.next(FilterContextImpl.groovy:72)


	at io.restassured.filter.log.RequestLoggingFilter.filter(RequestLoggingFilter.java:140)


	at net.serenitybdd.rest.filters.FieldsRecordingFilter.filter(FieldsRecordingFilter.java:40)


	at io.restassured.filter.Filter$filter.call(Unknown Source)


	at io.restassured.internal.filter.FilterContextImpl.next(FilterContextImpl.groovy:72)


	at io.restassured.filter.log.RequestLoggingFilter.filter(RequestLoggingFilter.java:140)


	at net.serenitybdd.rest.filters.FieldsRecordingFilter.filter(FieldsRecordingFilter.java:40)


	at io.restassured.filter.Filter$filter.call(Unknown Source)


	at org.codehaus.groovy.runtime.callsite.CallSiteArray.defaultCall(CallSiteArray.java:47)


	at io.restassured.filter.Filter$filter$0.call(Unknown Source)


	at io.restassured.internal.filter.FilterContextImpl.next(FilterContextImpl.groovy:72)


	at io.restassured.filter.FilterContext$next.call(Unknown Source)


	at io.restassured.internal.RequestSpecificationImpl.applyPathParamsAndSendRequest(RequestSpecificationImpl.groovy:1655)


	at sun.reflect.GeneratedMethodAccessor114.invoke(Unknown Source)


	at sun.reflect.DelegatingMethodAccessorImpl.invoke(DelegatingMethodAccessorImpl.java:43)


	at java.lang.reflect.Method.invoke(Method.java:498)


	at org.codehaus.groovy.reflection.CachedMethod.invoke(CachedMethod.java:107)


	at groovy.lang.MetaMethod.doMethodInvoke(MetaMethod.java:323)


	at groovy.lang.MetaClassImpl.invokeMethod(MetaClassImpl.java:1267)


	at groovy.lang.MetaClassImpl.invokeMethod(MetaClassImpl.java:1034)


	at groovy.lang.MetaClassImpl.invokeMethod(MetaClassImpl.java:818)


	at groovy.lang.GroovyObject.invokeMethod(GroovyObject.java:39)


	at org.codehaus.groovy.runtime.callsite.PogoInterceptableSite.call(PogoInterceptableSite.java:45)


	at org.codehaus.groovy.runtime.callsite.PogoInterceptableSite.callCurrent(PogoInterceptableSite.java:55)


	at org.codehaus.groovy.runtime.callsite.AbstractCallSite.callCurrent(AbstractCallSite.java:203)


	at io.restassured.internal.RequestSpecificationImpl.applyPathParamsAndSendRequest(RequestSpecificationImpl.groovy:1661)


	at sun.reflect.GeneratedMethodAccessor113.invoke(Unknown Source)


	at sun.reflect.DelegatingMethodAccessorImpl.invoke(DelegatingMethodAccessorImpl.java:43)


	at java.lang.reflect.Method.invoke(Method.java:498)


	at org.codehaus.groovy.reflection.CachedMethod.invoke(CachedMethod.java:107)


	at groovy.lang.MetaMethod.doMethodInvoke(MetaMethod.java:323)


	at groovy.lang.MetaClassImpl.invokeMethod(MetaClassImpl.java:1267)


	at groovy.lang.MetaClassImpl.invokeMethod(MetaClassImpl.java:1034)


	at groovy.lang.MetaClassImpl.invokeMethod(MetaClassImpl.java:818)


	at groovy.lang.GroovyObject.invokeMethod(GroovyObject.java:39)


	at org.codehaus.groovy.runtime.callsite.PogoInterceptableSite.call(PogoInterceptableSite.java:45)


	at org.codehaus.groovy.runtime.callsite.PogoInterceptableSite.callCurrent(PogoInterceptableSite.java:55)


	at org.codehaus.groovy.runtime.callsite.AbstractCallSite.callCurrent(AbstractCallSite.java:203)


	at io.restassured.internal.RequestSpecificationImpl.post(RequestSpecificationImpl.groovy:175)


	at net.serenitybdd.rest.decorators.request.RequestSpecificationDecorated.executeCall(RequestSpecificationDecorated.java:309)


	at net.serenitybdd.rest.decorators.request.RequestSpecificationDecorated.execute(RequestSpecificationDecorated.java:268)


	at net.serenitybdd.rest.decorators.request.RequestSpecificationDecorated.post(RequestSpecificationDecorated.java:120)


	at net.serenitybdd.rest.decorators.request.RequestSpecificationDecorated.post(RequestSpecificationDecorated.java:38)


	at MusicLab.StepDefinitions.Instrument.PostCreateInstrumentStepDef.sendPostCreateInstrument(PostCreateInstrumentStepDef.java:44)


	at ?.Send post create mentor instrument(classpath:features/Cucumber/Instrument/PostCreateInstrumentNegativeCase.feature:12)


Caused by: java.io.FileNotFoundException: D:\Alterra\Automation\API\MusicLab-QE-APITesting\src\test\resources\features\JSON\ReqBody\InstrumentValidPostCreateInstrumenJsonReqBody.json (The system cannot find the file specified)


	at java.io.FileInputStream.open0(Native Method)


	at java.io.FileInputStream.open(FileInputStream.java:195)


	at java.io.FileInputStream.<init>(FileInputStream.java:138)


	at org.codehaus.groovy.runtime.ResourceGroovyMethods.newReader(ResourceGroovyMethods.java:1797)


	at org.codehaus.groovy.runtime.ResourceGroovyMethods.getText(ResourceGroovyMethods.java:579)


	at org.codehaus.groovy.runtime.dgm$1042.invoke(Unknown Source)


	at org.codehaus.groovy.runtime.callsite.PojoMetaMethodSite$PojoMetaMethodSiteNoUnwrapNoCoerce.invoke(PojoMetaMethodSite.java:247)


	at org.codehaus.groovy.runtime.callsite.PojoMetaMethodSite.call(PojoMetaMethodSite.java:56)


	at org.codehaus.groovy.runtime.callsite.AbstractCallSite.call(AbstractCallSite.java:139)


	at io.restassured.internal.support.FileReader.readToString(FileReader.groovy:23)


	at io.restassured.internal.http.EncoderRegistry.toString(EncoderRegistry.java:461)


	at io.restassured.internal.http.EncoderRegistry.encodeJSON(EncoderRegistry.java:287)


	at sun.reflect.GeneratedMethodAccessor185.invoke(Unknown Source)


	at sun.reflect.DelegatingMethodAccessorImpl.invoke(DelegatingMethodAccessorImpl.java:43)


	at java.lang.reflect.Method.invoke(Method.java:498)


	at org.codehaus.groovy.reflection.CachedMethod.invoke(CachedMethod.java:107)


	at groovy.lang.MetaMethod.doMethodInvoke(MetaMethod.java:323)


	at groovy.lang.MetaClassImpl.invokeMethod(MetaClassImpl.java:1267)


	at groovy.lang.MetaClassImpl.invokeMethodClosure(MetaClassImpl.java:1047)


	at groovy.lang.MetaClassImpl.invokeMethod(MetaClassImpl.java:1141)


	at groovy.lang.MetaClassImpl.invokeMethod(MetaClassImpl.java:1034)


	at groovy.lang.Closure.call(Closure.java:412)


	at io.restassured.internal.http.HTTPBuilder$RequestConfigDelegate.setBody(HTTPBuilder.java:1114)


	at io.restassured.internal.http.HTTPBuilder$RequestConfigDelegate.setPropertiesFromMap(HTTPBuilder.java:1026)


	at io.restassured.internal.http.HTTPBuilder.post(HTTPBuilder.java:345)


	at io.restassured.internal.http.HTTPBuilder$post$2.call(Unknown Source)


	at io.restassured.internal.RequestSpecificationImpl.sendRequest(RequestSpecificationImpl.groovy:1181)


	at sun.reflect.GeneratedMethodAccessor120.invoke(Unknown Source)


	at sun.reflect.DelegatingMethodAccessorImpl.invoke(DelegatingMethodAccessorImpl.java:43)


	at java.lang.reflect.Method.invoke(Method.java:498)


	at org.codehaus.groovy.reflection.CachedMethod.invoke(CachedMethod.java:107)


	at groovy.lang.MetaMethod.doMethodInvoke(MetaMethod.java:323)


	at groovy.lang.MetaClassImpl.invokeMethod(MetaClassImpl.java:1267)


	at groovy.lang.MetaClassImpl.invokeMethod(MetaClassImpl.java:1034)


	at groovy.lang.MetaClassImpl.invokeMethod(MetaClassImpl.java:818)


	at groovy.lang.GroovyObject.invokeMethod(GroovyObject.java:39)


	at org.codehaus.groovy.runtime.callsite.PogoInterceptableSite.call(PogoInterceptableSite.java:45)


	at org.codehaus.groovy.runtime.callsite.AbstractCallSite.call(AbstractCallSite.java:166)


	at io.restassured.internal.filter.SendRequestFilter.filter(SendRequestFilter.groovy:30)


	at io.restassured.filter.Filter$filter$0.call(Unknown Source)


	at org.codehaus.groovy.runtime.callsite.CallSiteArray.defaultCall(CallSiteArray.java:47)


	at io.restassured.filter.Filter$filter.call(Unknown Source)


	at io.restassured.internal.filter.FilterContextImpl.next(FilterContextImpl.groovy:72)


	at io.restassured.filter.time.TimingFilter.filter(TimingFilter.java:56)


	at io.restassured.filter.Filter$filter.call(Unknown Source)


	at org.codehaus.groovy.runtime.callsite.CallSiteArray.defaultCall(CallSiteArray.java:47)


	at io.restassured.filter.Filter$filter.call(Unknown Source)


	at io.restassured.internal.filter.FilterContextImpl.next(FilterContextImpl.groovy:72)


	at io.restassured.filter.log.RequestLoggingFilter.filter(RequestLoggingFilter.java:140)


	at net.serenitybdd.rest.filters.FieldsRecordingFilter.filter(FieldsRecordingFilter.java:40)


	at io.restassured.filter.Filter$filter.call(Unknown Source)


	at io.restassured.internal.filter.FilterContextImpl.next(FilterContextImpl.groovy:72)


	at io.restassured.filter.log.RequestLoggingFilter.filter(RequestLoggingFilter.java:140)


	at net.serenitybdd.rest.filters.FieldsRecordingFilter.filter(FieldsRecordingFilter.java:40)


	at io.restassured.filter.Filter$filter.call(Unknown Source)


	at io.restassured.internal.filter.FilterContextImpl.next(FilterContextImpl.groovy:72)


	at io.restassured.filter.log.RequestLoggingFilter.filter(RequestLoggingFilter.java:140)


	at net.serenitybdd.rest.filters.FieldsRecordingFilter.filter(FieldsRecordingFilter.java:40)


	at io.restassured.filter.Filter$filter.call(Unknown Source)


	at io.restassured.internal.filter.FilterContextImpl.next(FilterContextImpl.groovy:72)


	at io.restassured.filter.log.RequestLoggingFilter.filter(RequestLoggingFilter.java:140)


	at net.serenitybdd.rest.filters.FieldsRecordingFilter.filter(FieldsRecordingFilter.java:40)


	at io.restassured.filter.Filter$filter.call(Unknown Source)


	at io.restassured.internal.filter.FilterContextImpl.next(FilterContextImpl.groovy:72)


	at io.restassured.filter.log.RequestLoggingFilter.filter(RequestLoggingFilter.java:140)


	at net.serenitybdd.rest.filters.FieldsRecordingFilter.filter(FieldsRecordingFilter.java:40)


	at io.restassured.filter.Filter$filter.call(Unknown Source)


	at io.restassured.internal.filter.FilterContextImpl.next(FilterContextImpl.groovy:72)


	at io.restassured.filter.log.RequestLoggingFilter.filter(RequestLoggingFilter.java:140)


	at net.serenitybdd.rest.filters.FieldsRecordingFilter.filter(FieldsRecordingFilter.java:40)


	at io.restassured.filter.Filter$filter.call(Unknown Source)


	at org.codehaus.groovy.runtime.callsite.CallSiteArray.defaultCall(CallSiteArray.java:47)


	at io.restassured.filter.Filter$filter$0.call(Unknown Source)


	at io.restassured.internal.filter.FilterContextImpl.next(FilterContextImpl.groovy:72)


	at io.restassured.filter.FilterContext$next.call(Unknown Source)


	at io.restassured.internal.RequestSpecificationImpl.applyPathParamsAndSendRequest(RequestSpecificationImpl.groovy:1655)


	at sun.reflect.GeneratedMethodAccessor114.invoke(Unknown Source)


	at sun.reflect.DelegatingMethodAccessorImpl.invoke(DelegatingMethodAccessorImpl.java:43)


	at java.lang.reflect.Method.invoke(Method.java:498)


	at org.codehaus.groovy.reflection.CachedMethod.invoke(CachedMethod.java:107)


	at groovy.lang.MetaMethod.doMethodInvoke(MetaMethod.java:323)


	at groovy.lang.MetaClassImpl.invokeMethod(MetaClassImpl.java:1267)


	at groovy.lang.MetaClassImpl.invokeMethod(MetaClassImpl.java:1034)


	at groovy.lang.MetaClassImpl.invokeMethod(MetaClassImpl.java:818)


	at groovy.lang.GroovyObject.invokeMethod(GroovyObject.java:39)


	at org.codehaus.groovy.runtime.callsite.PogoInterceptableSite.call(PogoInterceptableSite.java:45)


	at org.codehaus.groovy.runtime.callsite.PogoInterceptableSite.callCurrent(PogoInterceptableSite.java:55)


	at org.codehaus.groovy.runtime.callsite.AbstractCallSite.callCurrent(AbstractCallSite.java:203)


	at io.restassured.internal.RequestSpecificationImpl.applyPathParamsAndSendRequest(RequestSpecificationImpl.groovy:1661)


	at sun.reflect.GeneratedMethodAccessor113.invoke(Unknown Source)


	at sun.reflect.DelegatingMethodAccessorImpl.invoke(DelegatingMethodAccessorImpl.java:43)


	at java.lang.reflect.Method.invoke(Method.java:498)


	at org.codehaus.groovy.reflection.CachedMethod.invoke(CachedMethod.java:107)


	at groovy.lang.MetaMethod.doMethodInvoke(MetaMethod.java:323)


	at groovy.lang.MetaClassImpl.invokeMethod(MetaClassImpl.java:1267)


	at groovy.lang.MetaClassImpl.invokeMethod(MetaClassImpl.java:1034)


	at groovy.lang.MetaClassImpl.invokeMethod(MetaClassImpl.java:818)


	at groovy.lang.GroovyObject.invokeMethod(GroovyObject.java:39)


	at org.codehaus.groovy.runtime.callsite.PogoInterceptableSite.call(PogoInterceptableSite.java:45)


	at org.codehaus.groovy.runtime.callsite.PogoInterceptableSite.callCurrent(PogoInterceptableSite.java:55)


	at org.codehaus.groovy.runtime.callsite.AbstractCallSite.callCurrent(AbstractCallSite.java:203)


	at io.restassured.internal.RequestSpecificationImpl.post(RequestSpecificationImpl.groovy:175)


	at net.serenitybdd.rest.decorators.request.RequestSpecificationDecorated.executeCall(RequestSpecificationDecorated.java:309)


	at net.serenitybdd.rest.decorators.request.RequestSpecificationDecorated.execute(RequestSpecificationDecorated.java:268)


	at net.serenitybdd.rest.decorators.request.RequestSpecificationDecorated.post(RequestSpecificationDecorated.java:120)


	at net.serenitybdd.rest.decorators.request.RequestSpecificationDecorated.post(RequestSpecificationDecorated.java:38)


	at MusicLab.StepDefinitions.Instrument.PostCreateInstrumentStepDef.sendPostCreateInstrument(PostCreateInstrumentStepDef.java:44)


	at sun.reflect.NativeMethodAccessorImpl.invoke0(Native Method)


	at sun.reflect.NativeMethodAccessorImpl.invoke(NativeMethodAccessorImpl.java:62)


	at sun.reflect.DelegatingMethodAccessorImpl.invoke(DelegatingMethodAccessorImpl.java:43)


	at java.lang.reflect.Method.invoke(Method.java:498)


	at io.cucumber.java.Invoker.doInvoke(Invoker.java:66)


	at io.cucumber.java.Invoker.invoke(Invoker.java:24)


	at io.cucumber.java.AbstractGlueDefinition.invokeMethod(AbstractGlueDefinition.java:47)


	at io.cucumber.java.JavaStepDefinition.execute(JavaStepDefinition.java:29)


	at io.cucumber.core.runner.CoreStepDefinition.execute(CoreStepDefinition.java:66)


	at io.cucumber.core.runner.PickleStepDefinitionMatch.runStep(PickleStepDefinitionMatch.java:63)


	at io.cucumber.core.runner.ExecutionMode$1.execute(ExecutionMode.java:10)


	at io.cucumber.core.runner.TestStep.executeStep(TestStep.java:92)


	at io.cucumber.core.runner.TestStep.run(TestStep.java:64)


	at io.cucumber.core.runner.PickleStepTestStep.run(PickleStepTestStep.java:51)


	at io.cucumber.core.runner.TestCase.run(TestCase.java:104)


	at io.cucumber.core.runner.Runner.runPickle(Runner.java:73)


	at io.cucumber.junit.PickleRunners$NoStepDescriptions.run(PickleRunners.java:151)


	at io.cucumber.junit.FeatureRunner.runChild(FeatureRunner.java:135)


	at io.cucumber.junit.FeatureRunner.runChild(FeatureRunner.java:27)


	at org.junit.runners.ParentRunner$4.run(ParentRunner.java:331)


	at org.junit.runners.ParentRunner$1.schedule(ParentRunner.java:79)


	at org.junit.runners.ParentRunner.runChildren(ParentRunner.java:329)


	at org.junit.runners.ParentRunner.access$100(ParentRunner.java:66)


	at org.junit.runners.ParentRunner$2.evaluate(ParentRunner.java:293)


	at org.junit.runners.ParentRunner$3.evaluate(ParentRunner.java:306)


	at org.junit.runners.ParentRunner.run(ParentRunner.java:413)


	at io.cucumber.junit.CucumberSerenityRunner.runChild(CucumberSerenityRunner.java:258)


	at io.cucumber.junit.CucumberSerenityRunner.runChild(CucumberSerenityRunner.java:57)


	at org.junit.runners.ParentRunner$4.run(ParentRunner.java:331)


	at org.apache.maven.surefire.junitcore.pc.Scheduler$1.run(Scheduler.java:405)


	at org.apache.maven.surefire.junitcore.pc.InvokerStrategy.schedule(InvokerStrategy.java:54)


	at org.apache.maven.surefire.junitcore.pc.Scheduler.schedule(Scheduler.java:362)


	at org.junit.runners.ParentRunner.runChildren(ParentRunner.java:329)


	at org.junit.runners.ParentRunner.access$100(ParentRunner.java:66)


	at org.junit.runners.ParentRunner$2.evaluate(ParentRunner.java:293)


	at io.cucumber.junit.CucumberSerenityRunner$RunCucumber.evaluate(CucumberSerenityRunner.java:286)


	at org.junit.runners.ParentRunner$3.evaluate(ParentRunner.java:306)


	at org.junit.runners.ParentRunner.run(ParentRunner.java:413)


	at org.junit.runners.Suite.runChild(Suite.java:128)


	at org.junit.runners.Suite.runChild(Suite.java:27)


	at org.junit.runners.ParentRunner$4.run(ParentRunner.java:331)


	at org.apache.maven.surefire.junitcore.pc.Scheduler$1.run(Scheduler.java:405)


	at java.util.concurrent.Executors$RunnableAdapter.call(Executors.java:511)


	at java.util.concurrent.FutureTask.run(FutureTask.java:266)


	at java.util.concurrent.ThreadPoolExecutor.runWorker(ThreadPoolExecutor.java:1149)


	at java.util.concurrent.ThreadPoolExecutor$Worker.run(ThreadPoolExecutor.java:624)


	at java.lang.Thread.run(Thread.java:750)




java.lang.RuntimeException: Some exception during recording fields


	at net.serenitybdd.rest.filters.FieldsRecordingFilter.filter(FieldsRecordingFilter.java:52)


	at io.restassured.filter.Filter$filter.call(Unknown Source)


	at io.restassured.internal.filter.FilterContextImpl.next(FilterContextImpl.groovy:72)


	at io.restassured.filter.log.RequestLoggingFilter.filter(RequestLoggingFilter.java:140)


	at net.serenitybdd.rest.filters.FieldsRecordingFilter.filter(FieldsRecordingFilter.java:40)


	at io.restassured.filter.Filter$filter.call(Unknown Source)


	at io.restassured.internal.filter.FilterContextImpl.next(FilterContextImpl.groovy:72)


	at io.restassured.filter.log.RequestLoggingFilter.filter(RequestLoggingFilter.java:140)


	at net.serenitybdd.rest.filters.FieldsRecordingFilter.filter(FieldsRecordingFilter.java:40)


	at io.restassured.filter.Filter$filter.call(Unknown Source)


	at io.restassured.internal.filter.FilterContextImpl.next(FilterContextImpl.groovy:72)


	at io.restassured.filter.log.RequestLoggingFilter.filter(RequestLoggingFilter.java:140)


	at net.serenitybdd.rest.filters.FieldsRecordingFilter.filter(FieldsRecordingFilter.java:40)


	at io.restassured.filter.Filter$filter.call(Unknown Source)


	at io.restassured.internal.filter.FilterContextImpl.next(FilterContextImpl.groovy:72)


	at io.restassured.filter.log.RequestLoggingFilter.filter(RequestLoggingFilter.java:140)


	at net.serenitybdd.rest.filters.FieldsRecordingFilter.filter(FieldsRecordingFilter.java:40)


	at io.restassured.filter.Filter$filter.call(Unknown Source)


	at io.restassured.internal.filter.FilterContextImpl.next(FilterContextImpl.groovy:72)


	at io.restassured.filter.log.RequestLoggingFilter.filter(RequestLoggingFilter.java:140)


	at net.serenitybdd.rest.filters.FieldsRecordingFilter.filter(FieldsRecordingFilter.java:40)


	at io.restassured.filter.Filter$filter.call(Unknown Source)


	at org.codehaus.groovy.runtime.callsite.CallSiteArray.defaultCall(CallSiteArray.java:47)


	at io.restassured.filter.Filter$filter$0.call(Unknown Source)


	at io.restassured.internal.filter.FilterContextImpl.next(FilterContextImpl.groovy:72)


	at io.restassured.filter.FilterContext$next.call(Unknown Source)


	at io.restassured.internal.RequestSpecificationImpl.applyPathParamsAndSendRequest(RequestSpecificationImpl.groovy:1655)


	at sun.reflect.GeneratedMethodAccessor114.invoke(Unknown Source)


	at sun.reflect.DelegatingMethodAccessorImpl.invoke(DelegatingMethodAccessorImpl.java:43)


	at java.lang.reflect.Method.invoke(Method.java:498)


	at org.codehaus.groovy.reflection.CachedMethod.invoke(CachedMethod.java:107)


	at groovy.lang.MetaMethod.doMethodInvoke(MetaMethod.java:323)


	at groovy.lang.MetaClassImpl.invokeMethod(MetaClassImpl.java:1267)


	at groovy.lang.MetaClassImpl.invokeMethod(MetaClassImpl.java:1034)


	at groovy.lang.MetaClassImpl.invokeMethod(MetaClassImpl.java:818)


	at groovy.lang.GroovyObject.invokeMethod(GroovyObject.java:39)


	at org.codehaus.groovy.runtime.callsite.PogoInterceptableSite.call(PogoInterceptableSite.java:45)


	at org.codehaus.groovy.runtime.callsite.PogoInterceptableSite.callCurrent(PogoInterceptableSite.java:55)


	at org.codehaus.groovy.runtime.callsite.AbstractCallSite.callCurrent(AbstractCallSite.java:203)


	at io.restassured.internal.RequestSpecificationImpl.applyPathParamsAndSendRequest(RequestSpecificationImpl.groovy:1661)


	at sun.reflect.GeneratedMethodAccessor113.invoke(Unknown Source)


	at sun.reflect.DelegatingMethodAccessorImpl.invoke(DelegatingMethodAccessorImpl.java:43)


	at java.lang.reflect.Method.invoke(Method.java:498)


	at org.codehaus.groovy.reflection.CachedMethod.invoke(CachedMethod.java:107)


	at groovy.lang.MetaMethod.doMethodInvoke(MetaMethod.java:323)


	at groovy.lang.MetaClassImpl.invokeMethod(MetaClassImpl.java:1267)


	at groovy.lang.MetaClassImpl.invokeMethod(MetaClassImpl.java:1034)


	at groovy.lang.MetaClassImpl.invokeMethod(MetaClassImpl.java:818)


	at groovy.lang.GroovyObject.invokeMethod(GroovyObject.java:39)


	at org.codehaus.groovy.runtime.callsite.PogoInterceptableSite.call(PogoInterceptableSite.java:45)


	at org.codehaus.groovy.runtime.callsite.PogoInterceptableSite.callCurrent(PogoInterceptableSite.java:55)


	at org.codehaus.groovy.runtime.callsite.AbstractCallSite.callCurrent(AbstractCallSite.java:203)


	at io.restassured.internal.RequestSpecificationImpl.post(RequestSpecificationImpl.groovy:175)


	at net.serenitybdd.rest.decorators.request.RequestSpecificationDecorated.executeCall(RequestSpecificationDecorated.java:309)


	at net.serenitybdd.rest.decorators.request.RequestSpecificationDecorated.execute(RequestSpecificationDecorated.java:268)


	at net.serenitybdd.rest.decorators.request.RequestSpecificationDecorated.post(RequestSpecificationDecorated.java:120)


	at net.serenitybdd.rest.decorators.request.RequestSpecificationDecorated.post(RequestSpecificationDecorated.java:38)


	at MusicLab.StepDefinitions.Instrument.PostCreateInstrumentStepDef.sendPostCreateInstrument(PostCreateInstrumentStepDef.java:44)


	at ?.Send post create mentor instrument(classpath:features/Cucumber/Instrument/PostCreateInstrumentPositiveCase.feature:6)


Caused by: java.io.FileNotFoundException: D:\Alterra\Automation\API\MusicLab-QE-APITesting\src\test\resources\features\JSON\ReqBody\InstrumentValidPostCreateInstrumenJsonReqBody.json (The system cannot find the file specified)


	at java.io.FileInputStream.open0(Native Method)


	at java.io.FileInputStream.open(FileInputStream.java:195)


	at java.io.FileInputStream.<init>(FileInputStream.java:138)


	at org.codehaus.groovy.runtime.ResourceGroovyMethods.newReader(ResourceGroovyMethods.java:1797)


	at org.codehaus.groovy.runtime.ResourceGroovyMethods.getText(ResourceGroovyMethods.java:579)


	at org.codehaus.groovy.runtime.dgm$1042.invoke(Unknown Source)


	at org.codehaus.groovy.runtime.callsite.PojoMetaMethodSite$PojoMetaMethodSiteNoUnwrapNoCoerce.invoke(PojoMetaMethodSite.java:247)


	at org.codehaus.groovy.runtime.callsite.PojoMetaMethodSite.call(PojoMetaMethodSite.java:56)


	at org.codehaus.groovy.runtime.callsite.AbstractCallSite.call(AbstractCallSite.java:139)


	at io.restassured.internal.support.FileReader.readToString(FileReader.groovy:23)


	at io.restassured.internal.http.EncoderRegistry.toString(EncoderRegistry.java:461)


	at io.restassured.internal.http.EncoderRegistry.encodeJSON(EncoderRegistry.java:287)


	at sun.reflect.GeneratedMethodAccessor185.invoke(Unknown Source)


	at sun.reflect.DelegatingMethodAccessorImpl.invoke(DelegatingMethodAccessorImpl.java:43)


	at java.lang.reflect.Method.invoke(Method.java:498)


	at org.codehaus.groovy.reflection.CachedMethod.invoke(CachedMethod.java:107)


	at groovy.lang.MetaMethod.doMethodInvoke(MetaMethod.java:323)


	at groovy.lang.MetaClassImpl.invokeMethod(MetaClassImpl.java:1267)


	at groovy.lang.MetaClassImpl.invokeMethodClosure(MetaClassImpl.java:1047)


	at groovy.lang.MetaClassImpl.invokeMethod(MetaClassImpl.java:1141)


	at groovy.lang.MetaClassImpl.invokeMethod(MetaClassImpl.java:1034)


	at groovy.lang.Closure.call(Closure.java:412)


	at io.restassured.internal.http.HTTPBuilder$RequestConfigDelegate.setBody(HTTPBuilder.java:1114)


	at io.restassured.internal.http.HTTPBuilder$RequestConfigDelegate.setPropertiesFromMap(HTTPBuilder.java:1026)


	at io.restassured.internal.http.HTTPBuilder.post(HTTPBuilder.java:345)


	at io.restassured.internal.http.HTTPBuilder$post$2.call(Unknown Source)


	at io.restassured.internal.RequestSpecificationImpl.sendRequest(RequestSpecificationImpl.groovy:1181)


	at sun.reflect.GeneratedMethodAccessor120.invoke(Unknown Source)


	at sun.reflect.DelegatingMethodAccessorImpl.invoke(DelegatingMethodAccessorImpl.java:43)


	at java.lang.reflect.Method.invoke(Method.java:498)


	at org.codehaus.groovy.reflection.CachedMethod.invoke(CachedMethod.java:107)


	at groovy.lang.MetaMethod.doMethodInvoke(MetaMethod.java:323)


	at groovy.lang.MetaClassImpl.invokeMethod(MetaClassImpl.java:1267)


	at groovy.lang.MetaClassImpl.invokeMethod(MetaClassImpl.java:1034)


	at groovy.lang.MetaClassImpl.invokeMethod(MetaClassImpl.java:818)


	at groovy.lang.GroovyObject.invokeMethod(GroovyObject.java:39)


	at org.codehaus.groovy.runtime.callsite.PogoInterceptableSite.call(PogoInterceptableSite.java:45)


	at org.codehaus.groovy.runtime.callsite.AbstractCallSite.call(AbstractCallSite.java:166)


	at io.restassured.internal.filter.SendRequestFilter.filter(SendRequestFilter.groovy:30)


	at io.restassured.filter.Filter$filter$0.call(Unknown Source)


	at org.codehaus.groovy.runtime.callsite.CallSiteArray.defaultCall(CallSiteArray.java:47)


	at io.restassured.filter.Filter$filter.call(Unknown Source)


	at io.restassured.internal.filter.FilterContextImpl.next(FilterContextImpl.groovy:72)


	at io.restassured.filter.time.TimingFilter.filter(TimingFilter.java:56)


	at io.restassured.filter.Filter$filter.call(Unknown Source)


	at org.codehaus.groovy.runtime.callsite.CallSiteArray.defaultCall(CallSiteArray.java:47)


	at io.restassured.filter.Filter$filter.call(Unknown Source)


	at io.restassured.internal.filter.FilterContextImpl.next(FilterContextImpl.groovy:72)


	at io.restassured.filter.log.RequestLoggingFilter.filter(RequestLoggingFilter.java:140)


	at net.serenitybdd.rest.filters.FieldsRecordingFilter.filter(FieldsRecordingFilter.java:40)


	at io.restassured.filter.Filter$filter.call(Unknown Source)


	at io.restassured.internal.filter.FilterContextImpl.next(FilterContextImpl.groovy:72)


	at io.restassured.filter.log.RequestLoggingFilter.filter(RequestLoggingFilter.java:140)


	at net.serenitybdd.rest.filters.FieldsRecordingFilter.filter(FieldsRecordingFilter.java:40)


	at io.restassured.filter.Filter$filter.call(Unknown Source)


	at io.restassured.internal.filter.FilterContextImpl.next(FilterContextImpl.groovy:72)


	at io.restassured.filter.log.RequestLoggingFilter.filter(RequestLoggingFilter.java:140)


	at net.serenitybdd.rest.filters.FieldsRecordingFilter.filter(FieldsRecordingFilter.java:40)


	at io.restassured.filter.Filter$filter.call(Unknown Source)


	at io.restassured.internal.filter.FilterContextImpl.next(FilterContextImpl.groovy:72)


	at io.restassured.filter.log.RequestLoggingFilter.filter(RequestLoggingFilter.java:140)


	at net.serenitybdd.rest.filters.FieldsRecordingFilter.filter(FieldsRecordingFilter.java:40)


	at io.restassured.filter.Filter$filter.call(Unknown Source)


	at io.restassured.internal.filter.FilterContextImpl.next(FilterContextImpl.groovy:72)


	at io.restassured.filter.log.RequestLoggingFilter.filter(RequestLoggingFilter.java:140)


	at net.serenitybdd.rest.filters.FieldsRecordingFilter.filter(FieldsRecordingFilter.java:40)


	at io.restassured.filter.Filter$filter.call(Unknown Source)


	at io.restassured.internal.filter.FilterContextImpl.next(FilterContextImpl.groovy:72)


	at io.restassured.filter.log.RequestLoggingFilter.filter(RequestLoggingFilter.java:140)


	at net.serenitybdd.rest.filters.FieldsRecordingFilter.filter(FieldsRecordingFilter.java:40)


	at io.restassured.filter.Filter$filter.call(Unknown Source)


	at org.codehaus.groovy.runtime.callsite.CallSiteArray.defaultCall(CallSiteArray.java:47)


	at io.restassured.filter.Filter$filter$0.call(Unknown Source)


	at io.restassured.internal.filter.FilterContextImpl.next(FilterContextImpl.groovy:72)


	at io.restassured.filter.FilterContext$next.call(Unknown Source)


	at io.restassured.internal.RequestSpecificationImpl.applyPathParamsAndSendRequest(RequestSpecificationImpl.groovy:1655)


	at sun.reflect.GeneratedMethodAccessor114.invoke(Unknown Source)


	at sun.reflect.DelegatingMethodAccessorImpl.invoke(DelegatingMethodAccessorImpl.java:43)


	at java.lang.reflect.Method.invoke(Method.java:498)


	at org.codehaus.groovy.reflection.CachedMethod.invoke(CachedMethod.java:107)


	at groovy.lang.MetaMethod.doMethodInvoke(MetaMethod.java:323)


	at groovy.lang.MetaClassImpl.invokeMethod(MetaClassImpl.java:1267)


	at groovy.lang.MetaClassImpl.invokeMethod(MetaClassImpl.java:1034)


	at groovy.lang.MetaClassImpl.invokeMethod(MetaClassImpl.java:818)


	at groovy.lang.GroovyObject.invokeMethod(GroovyObject.java:39)


	at org.codehaus.groovy.runtime.callsite.PogoInterceptableSite.call(PogoInterceptableSite.java:45)


	at org.codehaus.groovy.runtime.callsite.PogoInterceptableSite.callCurrent(PogoInterceptableSite.java:55)


	at org.codehaus.groovy.runtime.callsite.AbstractCallSite.callCurrent(AbstractCallSite.java:203)


	at io.restassured.internal.RequestSpecificationImpl.applyPathParamsAndSendRequest(RequestSpecificationImpl.groovy:1661)


	at sun.reflect.GeneratedMethodAccessor113.invoke(Unknown Source)


	at sun.reflect.DelegatingMethodAccessorImpl.invoke(DelegatingMethodAccessorImpl.java:43)


	at java.lang.reflect.Method.invoke(Method.java:498)


	at org.codehaus.groovy.reflection.CachedMethod.invoke(CachedMethod.java:107)


	at groovy.lang.MetaMethod.doMethodInvoke(MetaMethod.java:323)


	at groovy.lang.MetaClassImpl.invokeMethod(MetaClassImpl.java:1267)


	at groovy.lang.MetaClassImpl.invokeMethod(MetaClassImpl.java:1034)


	at groovy.lang.MetaClassImpl.invokeMethod(MetaClassImpl.java:818)


	at groovy.lang.GroovyObject.invokeMethod(GroovyObject.java:39)


	at org.codehaus.groovy.runtime.callsite.PogoInterceptableSite.call(PogoInterceptableSite.java:45)


	at org.codehaus.groovy.runtime.callsite.PogoInterceptableSite.callCurrent(PogoInterceptableSite.java:55)


	at org.codehaus.groovy.runtime.callsite.AbstractCallSite.callCurrent(AbstractCallSite.java:203)


	at io.restassured.internal.RequestSpecificationImpl.post(RequestSpecificationImpl.groovy:175)


	at net.serenitybdd.rest.decorators.request.RequestSpecificationDecorated.executeCall(RequestSpecificationDecorated.java:309)


	at net.serenitybdd.rest.decorators.request.RequestSpecificationDecorated.execute(RequestSpecificationDecorated.java:268)


	at net.serenitybdd.rest.decorators.request.RequestSpecificationDecorated.post(RequestSpecificationDecorated.java:120)


	at net.serenitybdd.rest.decorators.request.RequestSpecificationDecorated.post(RequestSpecificationDecorated.java:38)


	at MusicLab.StepDefinitions.Instrument.PostCreateInstrumentStepDef.sendPostCreateInstrument(PostCreateInstrumentStepDef.java:44)


	at sun.reflect.NativeMethodAccessorImpl.invoke0(Native Method)


	at sun.reflect.NativeMethodAccessorImpl.invoke(NativeMethodAccessorImpl.java:62)


	at sun.reflect.DelegatingMethodAccessorImpl.invoke(DelegatingMethodAccessorImpl.java:43)


	at java.lang.reflect.Method.invoke(Method.java:498)


	at io.cucumber.java.Invoker.doInvoke(Invoker.java:66)


	at io.cucumber.java.Invoker.invoke(Invoker.java:24)


	at io.cucumber.java.AbstractGlueDefinition.invokeMethod(AbstractGlueDefinition.java:47)


	at io.cucumber.java.JavaStepDefinition.execute(JavaStepDefinition.java:29)


	at io.cucumber.core.runner.CoreStepDefinition.execute(CoreStepDefinition.java:66)


	at io.cucumber.core.runner.PickleStepDefinitionMatch.runStep(PickleStepDefinitionMatch.java:63)


	at io.cucumber.core.runner.ExecutionMode$1.execute(ExecutionMode.java:10)


	at io.cucumber.core.runner.TestStep.executeStep(TestStep.java:92)


	at io.cucumber.core.runner.TestStep.run(TestStep.java:64)


	at io.cucumber.core.runner.PickleStepTestStep.run(PickleStepTestStep.java:51)


	at io.cucumber.core.runner.TestCase.run(TestCase.java:104)


	at io.cucumber.core.runner.Runner.runPickle(Runner.java:73)


	at io.cucumber.junit.PickleRunners$NoStepDescriptions.run(PickleRunners.java:151)


	at io.cucumber.junit.FeatureRunner.runChild(FeatureRunner.java:135)


	at io.cucumber.junit.FeatureRunner.runChild(FeatureRunner.java:27)


	at org.junit.runners.ParentRunner$4.run(ParentRunner.java:331)


	at org.junit.runners.ParentRunner$1.schedule(ParentRunner.java:79)


	at org.junit.runners.ParentRunner.runChildren(ParentRunner.java:329)


	at org.junit.runners.ParentRunner.access$100(ParentRunner.java:66)


	at org.junit.runners.ParentRunner$2.evaluate(ParentRunner.java:293)


	at org.junit.runners.ParentRunner$3.evaluate(ParentRunner.java:306)


	at org.junit.runners.ParentRunner.run(ParentRunner.java:413)


	at io.cucumber.junit.CucumberSerenityRunner.runChild(CucumberSerenityRunner.java:258)


	at io.cucumber.junit.CucumberSerenityRunner.runChild(CucumberSerenityRunner.java:57)


	at org.junit.runners.ParentRunner$4.run(ParentRunner.java:331)


	at org.apache.maven.surefire.junitcore.pc.Scheduler$1.run(Scheduler.java:405)


	at org.apache.maven.surefire.junitcore.pc.InvokerStrategy.schedule(InvokerStrategy.java:54)


	at org.apache.maven.surefire.junitcore.pc.Scheduler.schedule(Scheduler.java:362)


	at org.junit.runners.ParentRunner.runChildren(ParentRunner.java:329)


	at org.junit.runners.ParentRunner.access$100(ParentRunner.java:66)


	at org.junit.runners.ParentRunner$2.evaluate(ParentRunner.java:293)


	at io.cucumber.junit.CucumberSerenityRunner$RunCucumber.evaluate(CucumberSerenityRunner.java:286)


	at org.junit.runners.ParentRunner$3.evaluate(ParentRunner.java:306)


	at org.junit.runners.ParentRunner.run(ParentRunner.java:413)


	at org.junit.runners.Suite.runChild(Suite.java:128)


	at org.junit.runners.Suite.runChild(Suite.java:27)


	at org.junit.runners.ParentRunner$4.run(ParentRunner.java:331)


	at org.apache.maven.surefire.junitcore.pc.Scheduler$1.run(Scheduler.java:405)


	at java.util.concurrent.Executors$RunnableAdapter.call(Executors.java:511)


	at java.util.concurrent.FutureTask.run(FutureTask.java:266)


	at java.util.concurrent.ThreadPoolExecutor.runWorker(ThreadPoolExecutor.java:1149)


	at java.util.concurrent.ThreadPoolExecutor$Worker.run(ThreadPoolExecutor.java:624)


	at java.lang.Thread.run(Thread.java:750)




java.lang.AssertionError: 1 expectation failed.
Expected status code <200> but was <500>.



	at sun.reflect.NativeConstructorAccessorImpl.newInstance0(Native Method)


	at sun.reflect.NativeConstructorAccessorImpl.newInstance(NativeConstructorAccessorImpl.java:62)


	at sun.reflect.DelegatingConstructorAccessorImpl.newInstance(DelegatingConstructorAccessorImpl.java:45)


	at java.lang.reflect.Constructor.newInstance(Constructor.java:423)


	at org.codehaus.groovy.reflection.CachedConstructor.invoke(CachedConstructor.java:72)


	at org.codehaus.groovy.reflection.CachedConstructor.doConstructorInvoke(CachedConstructor.java:59)


	at org.codehaus.groovy.runtime.callsite.ConstructorSite$ConstructorSiteNoUnwrap.callConstructor(ConstructorSite.java:84)


	at org.codehaus.groovy.runtime.callsite.AbstractCallSite.callConstructor(AbstractCallSite.java:277)


	at io.restassured.internal.ResponseSpecificationImpl$HamcrestAssertionClosure.validate(ResponseSpecificationImpl.groovy:493)


	at io.restassured.internal.ResponseSpecificationImpl$HamcrestAssertionClosure$validate$1.call(Unknown Source)


	at io.restassured.internal.ResponseSpecificationImpl.validateResponseIfRequired(ResponseSpecificationImpl.groovy:674)


	at sun.reflect.GeneratedMethodAccessor72.invoke(Unknown Source)


	at sun.reflect.DelegatingMethodAccessorImpl.invoke(DelegatingMethodAccessorImpl.java:43)


	at java.lang.reflect.Method.invoke(Method.java:498)


	at org.codehaus.groovy.runtime.callsite.PlainObjectMetaMethodSite.doInvoke(PlainObjectMetaMethodSite.java:43)


	at org.codehaus.groovy.runtime.callsite.PogoMetaMethodSite$PogoCachedMethodSiteNoUnwrapNoCoerce.invoke(PogoMetaMethodSite.java:193)


	at org.codehaus.groovy.runtime.callsite.PogoMetaMethodSite.callCurrent(PogoMetaMethodSite.java:61)


	at org.codehaus.groovy.runtime.callsite.AbstractCallSite.callCurrent(AbstractCallSite.java:185)


	at io.restassured.internal.ResponseSpecificationImpl.statusCode(ResponseSpecificationImpl.groovy:126)


	at io.restassured.specification.ResponseSpecification$statusCode$0.callCurrent(Unknown Source)


	at io.restassured.internal.ResponseSpecificationImpl.statusCode(ResponseSpecificationImpl.groovy:134)


	at io.restassured.internal.ValidatableResponseOptionsImpl.statusCode(ValidatableResponseOptionsImpl.java:89)


	at io.restassured.internal.ValidatableResponseImpl.super$2$statusCode(ValidatableResponseImpl.groovy)


	at sun.reflect.GeneratedMethodAccessor168.invoke(Unknown Source)


	at sun.reflect.DelegatingMethodAccessorImpl.invoke(DelegatingMethodAccessorImpl.java:43)


	at java.lang.reflect.Method.invoke(Method.java:498)


	at org.codehaus.groovy.reflection.CachedMethod.invoke(CachedMethod.java:107)


	at groovy.lang.MetaMethod.doMethodInvoke(MetaMethod.java:323)


	at groovy.lang.MetaClassImpl.invokeMethod(MetaClassImpl.java:1267)


	at org.codehaus.groovy.runtime.ScriptBytecodeAdapter.invokeMethodOnSuperN(ScriptBytecodeAdapter.java:144)


	at io.restassured.internal.ValidatableResponseImpl.statusCode(ValidatableResponseImpl.groovy:142)


	at io.restassured.internal.ValidatableResponseImpl.statusCode(ValidatableResponseImpl.groovy)


	at MusicLab.StepDefinitions.Instrument.GetIntrumentStepDef.statusCodeShouldBeOK(GetIntrumentStepDef.java:52)


	at ?.Status code should be 200 OK(classpath:features/Cucumber/Mentor/DeleteMentorPositiveCase.feature:7)




java.lang.AssertionError: 1 expectation failed.
Expected status code <400> but was <200>.



	at sun.reflect.NativeConstructorAccessorImpl.newInstance0(Native Method)


	at sun.reflect.NativeConstructorAccessorImpl.newInstance(NativeConstructorAccessorImpl.java:62)


	at sun.reflect.DelegatingConstructorAccessorImpl.newInstance(DelegatingConstructorAccessorImpl.java:45)


	at java.lang.reflect.Constructor.newInstance(Constructor.java:423)


	at org.codehaus.groovy.reflection.CachedConstructor.invoke(CachedConstructor.java:72)


	at org.codehaus.groovy.reflection.CachedConstructor.doConstructorInvoke(CachedConstructor.java:59)


	at org.codehaus.groovy.runtime.callsite.ConstructorSite$ConstructorSiteNoUnwrap.callConstructor(ConstructorSite.java:84)


	at org.codehaus.groovy.runtime.callsite.AbstractCallSite.callConstructor(AbstractCallSite.java:277)


	at io.restassured.internal.ResponseSpecificationImpl$HamcrestAssertionClosure.validate(ResponseSpecificationImpl.groovy:493)


	at io.restassured.internal.ResponseSpecificationImpl$HamcrestAssertionClosure$validate$1.call(Unknown Source)


	at io.restassured.internal.ResponseSpecificationImpl.validateResponseIfRequired(ResponseSpecificationImpl.groovy:674)


	at sun.reflect.GeneratedMethodAccessor72.invoke(Unknown Source)


	at sun.reflect.DelegatingMethodAccessorImpl.invoke(DelegatingMethodAccessorImpl.java:43)


	at java.lang.reflect.Method.invoke(Method.java:498)


	at org.codehaus.groovy.runtime.callsite.PlainObjectMetaMethodSite.doInvoke(PlainObjectMetaMethodSite.java:43)


	at org.codehaus.groovy.runtime.callsite.PogoMetaMethodSite$PogoCachedMethodSiteNoUnwrapNoCoerce.invoke(PogoMetaMethodSite.java:193)


	at org.codehaus.groovy.runtime.callsite.PogoMetaMethodSite.callCurrent(PogoMetaMethodSite.java:61)


	at org.codehaus.groovy.runtime.callsite.AbstractCallSite.callCurrent(AbstractCallSite.java:185)


	at io.restassured.internal.ResponseSpecificationImpl.statusCode(ResponseSpecificationImpl.groovy:126)


	at io.restassured.specification.ResponseSpecification$statusCode$0.callCurrent(Unknown Source)


	at io.restassured.internal.ResponseSpecificationImpl.statusCode(ResponseSpecificationImpl.groovy:134)


	at io.restassured.internal.ValidatableResponseOptionsImpl.statusCode(ValidatableResponseOptionsImpl.java:89)


	at io.restassured.internal.ValidatableResponseImpl.super$2$statusCode(ValidatableResponseImpl.groovy)


	at sun.reflect.GeneratedMethodAccessor168.invoke(Unknown Source)


	at sun.reflect.DelegatingMethodAccessorImpl.invoke(DelegatingMethodAccessorImpl.java:43)


	at java.lang.reflect.Method.invoke(Method.java:498)


	at org.codehaus.groovy.reflection.CachedMethod.invoke(CachedMethod.java:107)


	at groovy.lang.MetaMethod.doMethodInvoke(MetaMethod.java:323)


	at groovy.lang.MetaClassImpl.invokeMethod(MetaClassImpl.java:1267)


	at org.codehaus.groovy.runtime.ScriptBytecodeAdapter.invokeMethodOnSuperN(ScriptBytecodeAdapter.java:144)


	at io.restassured.internal.ValidatableResponseImpl.statusCode(ValidatableResponseImpl.groovy:142)


	at io.restassured.internal.ValidatableResponseImpl.statusCode(ValidatableResponseImpl.groovy)


	at MusicLab.StepDefinitions.Instrument.GetIntrumentStepDef.statusCodeShouldBeBadRequest(GetIntrumentStepDef.java:57)


	at ?.Status code should be 400 Bad Request(classpath:features/Cucumber/Mentor/GetAllListMentorNegativeCase.feature:7)




java.lang.AssertionError: 1 expectation failed.
Expected status code <400> but was <200>.



	at sun.reflect.NativeConstructorAccessorImpl.newInstance0(Native Method)


	at sun.reflect.NativeConstructorAccessorImpl.newInstance(NativeConstructorAccessorImpl.java:62)


	at sun.reflect.DelegatingConstructorAccessorImpl.newInstance(DelegatingConstructorAccessorImpl.java:45)


	at java.lang.reflect.Constructor.newInstance(Constructor.java:423)


	at org.codehaus.groovy.reflection.CachedConstructor.invoke(CachedConstructor.java:72)


	at org.codehaus.groovy.reflection.CachedConstructor.doConstructorInvoke(CachedConstructor.java:59)


	at org.codehaus.groovy.runtime.callsite.ConstructorSite$ConstructorSiteNoUnwrap.callConstructor(ConstructorSite.java:84)


	at org.codehaus.groovy.runtime.callsite.AbstractCallSite.callConstructor(AbstractCallSite.java:277)


	at io.restassured.internal.ResponseSpecificationImpl$HamcrestAssertionClosure.validate(ResponseSpecificationImpl.groovy:493)


	at io.restassured.internal.ResponseSpecificationImpl$HamcrestAssertionClosure$validate$1.call(Unknown Source)


	at io.restassured.internal.ResponseSpecificationImpl.validateResponseIfRequired(ResponseSpecificationImpl.groovy:674)


	at sun.reflect.GeneratedMethodAccessor72.invoke(Unknown Source)


	at sun.reflect.DelegatingMethodAccessorImpl.invoke(DelegatingMethodAccessorImpl.java:43)


	at java.lang.reflect.Method.invoke(Method.java:498)


	at org.codehaus.groovy.runtime.callsite.PlainObjectMetaMethodSite.doInvoke(PlainObjectMetaMethodSite.java:43)


	at org.codehaus.groovy.runtime.callsite.PogoMetaMethodSite$PogoCachedMethodSiteNoUnwrapNoCoerce.invoke(PogoMetaMethodSite.java:193)


	at org.codehaus.groovy.runtime.callsite.PogoMetaMethodSite.callCurrent(PogoMetaMethodSite.java:61)


	at org.codehaus.groovy.runtime.callsite.AbstractCallSite.callCurrent(AbstractCallSite.java:185)


	at io.restassured.internal.ResponseSpecificationImpl.statusCode(ResponseSpecificationImpl.groovy:126)


	at io.restassured.specification.ResponseSpecification$statusCode$0.callCurrent(Unknown Source)


	at io.restassured.internal.ResponseSpecificationImpl.statusCode(ResponseSpecificationImpl.groovy:134)


	at io.restassured.internal.ValidatableResponseOptionsImpl.statusCode(ValidatableResponseOptionsImpl.java:89)


	at io.restassured.internal.ValidatableResponseImpl.super$2$statusCode(ValidatableResponseImpl.groovy)


	at sun.reflect.GeneratedMethodAccessor168.invoke(Unknown Source)


	at sun.reflect.DelegatingMethodAccessorImpl.invoke(DelegatingMethodAccessorImpl.java:43)


	at java.lang.reflect.Method.invoke(Method.java:498)


	at org.codehaus.groovy.reflection.CachedMethod.invoke(CachedMethod.java:107)


	at groovy.lang.MetaMethod.doMethodInvoke(MetaMethod.java:323)


	at groovy.lang.MetaClassImpl.invokeMethod(MetaClassImpl.java:1267)


	at org.codehaus.groovy.runtime.ScriptBytecodeAdapter.invokeMethodOnSuperN(ScriptBytecodeAdapter.java:144)


	at io.restassured.internal.ValidatableResponseImpl.statusCode(ValidatableResponseImpl.groovy:142)


	at io.restassured.internal.ValidatableResponseImpl.statusCode(ValidatableResponseImpl.groovy)


	at MusicLab.StepDefinitions.Instrument.GetIntrumentStepDef.statusCodeShouldBeBadRequest(GetIntrumentStepDef.java:57)


	at ?.Status code should be 400 Bad Request(classpath:features/Cucumber/Mentor/GetAllListMentorNegativeCase.feature:7)




java.lang.IllegalArgumentException: Path parameters were not correctly defined. Redundant path parameters are: mentor_id=$^%$^$%^. Undefined path parameters are: string.


	at sun.reflect.NativeConstructorAccessorImpl.newInstance0(Native Method)


	at sun.reflect.NativeConstructorAccessorImpl.newInstance(NativeConstructorAccessorImpl.java:62)


	at sun.reflect.DelegatingConstructorAccessorImpl.newInstance(DelegatingConstructorAccessorImpl.java:45)


	at java.lang.reflect.Constructor.newInstance(Constructor.java:423)


	at org.codehaus.groovy.reflection.CachedConstructor.invoke(CachedConstructor.java:72)


	at org.codehaus.groovy.reflection.CachedConstructor.doConstructorInvoke(CachedConstructor.java:59)


	at org.codehaus.groovy.runtime.callsite.ConstructorSite$ConstructorSiteNoUnwrap.callConstructor(ConstructorSite.java:84)


	at org.codehaus.groovy.runtime.callsite.AbstractCallSite.callConstructor(AbstractCallSite.java:277)


	at io.restassured.internal.RequestSpecificationImpl.assertCorrectNumberOfPathParams(RequestSpecificationImpl.groovy:1248)


	at sun.reflect.GeneratedMethodAccessor123.invoke(Unknown Source)


	at sun.reflect.DelegatingMethodAccessorImpl.invoke(DelegatingMethodAccessorImpl.java:43)


	at java.lang.reflect.Method.invoke(Method.java:498)


	at org.codehaus.groovy.reflection.CachedMethod.invoke(CachedMethod.java:107)


	at groovy.lang.MetaMethod.doMethodInvoke(MetaMethod.java:323)


	at groovy.lang.MetaClassImpl.invokeMethod(MetaClassImpl.java:1267)


	at groovy.lang.MetaClassImpl.invokeMethod(MetaClassImpl.java:1034)


	at groovy.lang.MetaClassImpl.invokeMethod(MetaClassImpl.java:818)


	at groovy.lang.GroovyObject.invokeMethod(GroovyObject.java:39)


	at org.codehaus.groovy.runtime.callsite.PogoInterceptableSite.call(PogoInterceptableSite.java:45)


	at org.codehaus.groovy.runtime.callsite.PogoInterceptableSite.callCurrent(PogoInterceptableSite.java:55)


	at org.codehaus.groovy.runtime.callsite.AbstractCallSite.callCurrent(AbstractCallSite.java:176)


	at io.restassured.internal.RequestSpecificationImpl.sendRequest(RequestSpecificationImpl.groovy:1135)


	at sun.reflect.GeneratedMethodAccessor120.invoke(Unknown Source)


	at sun.reflect.DelegatingMethodAccessorImpl.invoke(DelegatingMethodAccessorImpl.java:43)


	at java.lang.reflect.Method.invoke(Method.java:498)


	at org.codehaus.groovy.reflection.CachedMethod.invoke(CachedMethod.java:107)


	at groovy.lang.MetaMethod.doMethodInvoke(MetaMethod.java:323)


	at groovy.lang.MetaClassImpl.invokeMethod(MetaClassImpl.java:1267)


	at groovy.lang.MetaClassImpl.invokeMethod(MetaClassImpl.java:1034)


	at groovy.lang.MetaClassImpl.invokeMethod(MetaClassImpl.java:818)


	at groovy.lang.GroovyObject.invokeMethod(GroovyObject.java:39)


	at org.codehaus.groovy.runtime.callsite.PogoInterceptableSite.call(PogoInterceptableSite.java:45)


	at org.codehaus.groovy.runtime.callsite.AbstractCallSite.call(AbstractCallSite.java:166)


	at io.restassured.internal.filter.SendRequestFilter.filter(SendRequestFilter.groovy:30)


	at io.restassured.filter.Filter$filter$0.call(Unknown Source)


	at org.codehaus.groovy.runtime.callsite.CallSiteArray.defaultCall(CallSiteArray.java:47)


	at io.restassured.filter.Filter$filter.call(Unknown Source)


	at io.restassured.internal.filter.FilterContextImpl.next(FilterContextImpl.groovy:72)


	at io.restassured.filter.time.TimingFilter.filter(TimingFilter.java:56)


	at io.restassured.filter.Filter$filter.call(Unknown Source)


	at org.codehaus.groovy.runtime.callsite.CallSiteArray.defaultCall(CallSiteArray.java:47)


	at io.restassured.filter.Filter$filter.call(Unknown Source)


	at io.restassured.internal.filter.FilterContextImpl.next(FilterContextImpl.groovy:72)


	at io.restassured.filter.log.RequestLoggingFilter.filter(RequestLoggingFilter.java:140)


	at net.serenitybdd.rest.filters.FieldsRecordingFilter.filter(FieldsRecordingFilter.java:40)


	at io.restassured.filter.Filter$filter.call(Unknown Source)


	at io.restassured.internal.filter.FilterContextImpl.next(FilterContextImpl.groovy:72)


	at io.restassured.filter.log.RequestLoggingFilter.filter(RequestLoggingFilter.java:140)


	at net.serenitybdd.rest.filters.FieldsRecordingFilter.filter(FieldsRecordingFilter.java:40)


	at io.restassured.filter.Filter$filter.call(Unknown Source)


	at io.restassured.internal.filter.FilterContextImpl.next(FilterContextImpl.groovy:72)


	at io.restassured.filter.log.RequestLoggingFilter.filter(RequestLoggingFilter.java:140)


	at net.serenitybdd.rest.filters.FieldsRecordingFilter.filter(FieldsRecordingFilter.java:40)


	at io.restassured.filter.Filter$filter.call(Unknown Source)


	at io.restassured.internal.filter.FilterContextImpl.next(FilterContextImpl.groovy:72)


	at io.restassured.filter.log.RequestLoggingFilter.filter(RequestLoggingFilter.java:140)


	at net.serenitybdd.rest.filters.FieldsRecordingFilter.filter(FieldsRecordingFilter.java:40)


	at io.restassured.filter.Filter$filter.call(Unknown Source)


	at io.restassured.internal.filter.FilterContextImpl.next(FilterContextImpl.groovy:72)


	at io.restassured.filter.log.RequestLoggingFilter.filter(RequestLoggingFilter.java:140)


	at net.serenitybdd.rest.filters.FieldsRecordingFilter.filter(FieldsRecordingFilter.java:40)


	at io.restassured.filter.Filter$filter.call(Unknown Source)


	at io.restassured.internal.filter.FilterContextImpl.next(FilterContextImpl.groovy:72)


	at io.restassured.filter.log.RequestLoggingFilter.filter(RequestLoggingFilter.java:140)


	at net.serenitybdd.rest.filters.FieldsRecordingFilter.filter(FieldsRecordingFilter.java:40)


	at io.restassured.filter.Filter$filter.call(Unknown Source)


	at org.codehaus.groovy.runtime.callsite.CallSiteArray.defaultCall(CallSiteArray.java:47)


	at io.restassured.filter.Filter$filter$0.call(Unknown Source)


	at io.restassured.internal.filter.FilterContextImpl.next(FilterContextImpl.groovy:72)


	at io.restassured.filter.FilterContext$next.call(Unknown Source)


	at io.restassured.internal.RequestSpecificationImpl.applyPathParamsAndSendRequest(RequestSpecificationImpl.groovy:1655)


	at sun.reflect.GeneratedMethodAccessor114.invoke(Unknown Source)


	at sun.reflect.DelegatingMethodAccessorImpl.invoke(DelegatingMethodAccessorImpl.java:43)


	at java.lang.reflect.Method.invoke(Method.java:498)


	at org.codehaus.groovy.reflection.CachedMethod.invoke(CachedMethod.java:107)


	at groovy.lang.MetaMethod.doMethodInvoke(MetaMethod.java:323)


	at groovy.lang.MetaClassImpl.invokeMethod(MetaClassImpl.java:1267)


	at groovy.lang.MetaClassImpl.invokeMethod(MetaClassImpl.java:1034)


	at groovy.lang.MetaClassImpl.invokeMethod(MetaClassImpl.java:818)


	at groovy.lang.GroovyObject.invokeMethod(GroovyObject.java:39)


	at org.codehaus.groovy.runtime.callsite.PogoInterceptableSite.call(PogoInterceptableSite.java:45)


	at org.codehaus.groovy.runtime.callsite.PogoInterceptableSite.callCurrent(PogoInterceptableSite.java:55)


	at org.codehaus.groovy.runtime.callsite.AbstractCallSite.callCurrent(AbstractCallSite.java:203)


	at io.restassured.internal.RequestSpecificationImpl.applyPathParamsAndSendRequest(RequestSpecificationImpl.groovy:1661)


	at sun.reflect.GeneratedMethodAccessor113.invoke(Unknown Source)


	at sun.reflect.DelegatingMethodAccessorImpl.invoke(DelegatingMethodAccessorImpl.java:43)


	at java.lang.reflect.Method.invoke(Method.java:498)


	at org.codehaus.groovy.reflection.CachedMethod.invoke(CachedMethod.java:107)


	at groovy.lang.MetaMethod.doMethodInvoke(MetaMethod.java:323)


	at groovy.lang.MetaClassImpl.invokeMethod(MetaClassImpl.java:1267)


	at groovy.lang.MetaClassImpl.invokeMethod(MetaClassImpl.java:1034)


	at groovy.lang.MetaClassImpl.invokeMethod(MetaClassImpl.java:818)


	at groovy.lang.GroovyObject.invokeMethod(GroovyObject.java:39)


	at org.codehaus.groovy.runtime.callsite.PogoInterceptableSite.call(PogoInterceptableSite.java:45)


	at org.codehaus.groovy.runtime.callsite.PogoInterceptableSite.callCurrent(PogoInterceptableSite.java:55)


	at org.codehaus.groovy.runtime.callsite.AbstractCallSite.callCurrent(AbstractCallSite.java:203)


	at io.restassured.internal.RequestSpecificationImpl.get(RequestSpecificationImpl.groovy:171)


	at net.serenitybdd.rest.decorators.request.RequestSpecificationDecorated.executeCall(RequestSpecificationDecorated.java:311)


	at net.serenitybdd.rest.decorators.request.RequestSpecificationDecorated.execute(RequestSpecificationDecorated.java:268)


	at net.serenitybdd.rest.decorators.request.RequestSpecificationDecorated.get(RequestSpecificationDecorated.java:67)


	at net.serenitybdd.rest.decorators.request.RequestSpecificationDecorated.get(RequestSpecificationDecorated.java:38)


	at MusicLab.StepDefinitions.Mentor.GetSingleListMentorsStepDef.sendRequestGetSingleListMentorsWithInvalidId(GetSingleListMentorsStepDef.java:51)


	at ?.Send request get single mentors with invalid id(classpath:features/Cucumber/Mentor/GetSingleMentorNegativeCase.feature:6)




java.lang.IllegalArgumentException: Path parameters were not correctly defined. Redundant path parameters are: mentor_id=chuakzzz. Undefined path parameters are: string.


	at sun.reflect.NativeConstructorAccessorImpl.newInstance0(Native Method)


	at sun.reflect.NativeConstructorAccessorImpl.newInstance(NativeConstructorAccessorImpl.java:62)


	at sun.reflect.DelegatingConstructorAccessorImpl.newInstance(DelegatingConstructorAccessorImpl.java:45)


	at java.lang.reflect.Constructor.newInstance(Constructor.java:423)


	at org.codehaus.groovy.reflection.CachedConstructor.invoke(CachedConstructor.java:72)


	at org.codehaus.groovy.reflection.CachedConstructor.doConstructorInvoke(CachedConstructor.java:59)


	at org.codehaus.groovy.runtime.callsite.ConstructorSite$ConstructorSiteNoUnwrap.callConstructor(ConstructorSite.java:84)


	at org.codehaus.groovy.runtime.callsite.AbstractCallSite.callConstructor(AbstractCallSite.java:277)


	at io.restassured.internal.RequestSpecificationImpl.assertCorrectNumberOfPathParams(RequestSpecificationImpl.groovy:1248)


	at sun.reflect.GeneratedMethodAccessor123.invoke(Unknown Source)


	at sun.reflect.DelegatingMethodAccessorImpl.invoke(DelegatingMethodAccessorImpl.java:43)


	at java.lang.reflect.Method.invoke(Method.java:498)


	at org.codehaus.groovy.reflection.CachedMethod.invoke(CachedMethod.java:107)


	at groovy.lang.MetaMethod.doMethodInvoke(MetaMethod.java:323)


	at groovy.lang.MetaClassImpl.invokeMethod(MetaClassImpl.java:1267)


	at groovy.lang.MetaClassImpl.invokeMethod(MetaClassImpl.java:1034)


	at groovy.lang.MetaClassImpl.invokeMethod(MetaClassImpl.java:818)


	at groovy.lang.GroovyObject.invokeMethod(GroovyObject.java:39)


	at org.codehaus.groovy.runtime.callsite.PogoInterceptableSite.call(PogoInterceptableSite.java:45)


	at org.codehaus.groovy.runtime.callsite.PogoInterceptableSite.callCurrent(PogoInterceptableSite.java:55)


	at org.codehaus.groovy.runtime.callsite.AbstractCallSite.callCurrent(AbstractCallSite.java:176)


	at io.restassured.internal.RequestSpecificationImpl.sendRequest(RequestSpecificationImpl.groovy:1135)


	at sun.reflect.GeneratedMethodAccessor120.invoke(Unknown Source)


	at sun.reflect.DelegatingMethodAccessorImpl.invoke(DelegatingMethodAccessorImpl.java:43)


	at java.lang.reflect.Method.invoke(Method.java:498)


	at org.codehaus.groovy.reflection.CachedMethod.invoke(CachedMethod.java:107)


	at groovy.lang.MetaMethod.doMethodInvoke(MetaMethod.java:323)


	at groovy.lang.MetaClassImpl.invokeMethod(MetaClassImpl.java:1267)


	at groovy.lang.MetaClassImpl.invokeMethod(MetaClassImpl.java:1034)


	at groovy.lang.MetaClassImpl.invokeMethod(MetaClassImpl.java:818)


	at groovy.lang.GroovyObject.invokeMethod(GroovyObject.java:39)


	at org.codehaus.groovy.runtime.callsite.PogoInterceptableSite.call(PogoInterceptableSite.java:45)


	at org.codehaus.groovy.runtime.callsite.AbstractCallSite.call(AbstractCallSite.java:166)


	at io.restassured.internal.filter.SendRequestFilter.filter(SendRequestFilter.groovy:30)


	at io.restassured.filter.Filter$filter$0.call(Unknown Source)


	at org.codehaus.groovy.runtime.callsite.CallSiteArray.defaultCall(CallSiteArray.java:47)


	at io.restassured.filter.Filter$filter.call(Unknown Source)


	at io.restassured.internal.filter.FilterContextImpl.next(FilterContextImpl.groovy:72)


	at io.restassured.filter.time.TimingFilter.filter(TimingFilter.java:56)


	at io.restassured.filter.Filter$filter.call(Unknown Source)


	at org.codehaus.groovy.runtime.callsite.CallSiteArray.defaultCall(CallSiteArray.java:47)


	at io.restassured.filter.Filter$filter.call(Unknown Source)


	at io.restassured.internal.filter.FilterContextImpl.next(FilterContextImpl.groovy:72)


	at io.restassured.filter.log.RequestLoggingFilter.filter(RequestLoggingFilter.java:140)


	at net.serenitybdd.rest.filters.FieldsRecordingFilter.filter(FieldsRecordingFilter.java:40)


	at io.restassured.filter.Filter$filter.call(Unknown Source)


	at io.restassured.internal.filter.FilterContextImpl.next(FilterContextImpl.groovy:72)


	at io.restassured.filter.log.RequestLoggingFilter.filter(RequestLoggingFilter.java:140)


	at net.serenitybdd.rest.filters.FieldsRecordingFilter.filter(FieldsRecordingFilter.java:40)


	at io.restassured.filter.Filter$filter.call(Unknown Source)


	at io.restassured.internal.filter.FilterContextImpl.next(FilterContextImpl.groovy:72)


	at io.restassured.filter.log.RequestLoggingFilter.filter(RequestLoggingFilter.java:140)


	at net.serenitybdd.rest.filters.FieldsRecordingFilter.filter(FieldsRecordingFilter.java:40)


	at io.restassured.filter.Filter$filter.call(Unknown Source)


	at io.restassured.internal.filter.FilterContextImpl.next(FilterContextImpl.groovy:72)


	at io.restassured.filter.log.RequestLoggingFilter.filter(RequestLoggingFilter.java:140)


	at net.serenitybdd.rest.filters.FieldsRecordingFilter.filter(FieldsRecordingFilter.java:40)


	at io.restassured.filter.Filter$filter.call(Unknown Source)


	at io.restassured.internal.filter.FilterContextImpl.next(FilterContextImpl.groovy:72)


	at io.restassured.filter.log.RequestLoggingFilter.filter(RequestLoggingFilter.java:140)


	at net.serenitybdd.rest.filters.FieldsRecordingFilter.filter(FieldsRecordingFilter.java:40)


	at io.restassured.filter.Filter$filter.call(Unknown Source)


	at io.restassured.internal.filter.FilterContextImpl.next(FilterContextImpl.groovy:72)


	at io.restassured.filter.log.RequestLoggingFilter.filter(RequestLoggingFilter.java:140)


	at net.serenitybdd.rest.filters.FieldsRecordingFilter.filter(FieldsRecordingFilter.java:40)


	at io.restassured.filter.Filter$filter.call(Unknown Source)


	at org.codehaus.groovy.runtime.callsite.CallSiteArray.defaultCall(CallSiteArray.java:47)


	at io.restassured.filter.Filter$filter$0.call(Unknown Source)


	at io.restassured.internal.filter.FilterContextImpl.next(FilterContextImpl.groovy:72)


	at io.restassured.filter.FilterContext$next.call(Unknown Source)


	at io.restassured.internal.RequestSpecificationImpl.applyPathParamsAndSendRequest(RequestSpecificationImpl.groovy:1655)


	at sun.reflect.GeneratedMethodAccessor114.invoke(Unknown Source)


	at sun.reflect.DelegatingMethodAccessorImpl.invoke(DelegatingMethodAccessorImpl.java:43)


	at java.lang.reflect.Method.invoke(Method.java:498)


	at org.codehaus.groovy.reflection.CachedMethod.invoke(CachedMethod.java:107)


	at groovy.lang.MetaMethod.doMethodInvoke(MetaMethod.java:323)


	at groovy.lang.MetaClassImpl.invokeMethod(MetaClassImpl.java:1267)


	at groovy.lang.MetaClassImpl.invokeMethod(MetaClassImpl.java:1034)


	at groovy.lang.MetaClassImpl.invokeMethod(MetaClassImpl.java:818)


	at groovy.lang.GroovyObject.invokeMethod(GroovyObject.java:39)


	at org.codehaus.groovy.runtime.callsite.PogoInterceptableSite.call(PogoInterceptableSite.java:45)


	at org.codehaus.groovy.runtime.callsite.PogoInterceptableSite.callCurrent(PogoInterceptableSite.java:55)


	at org.codehaus.groovy.runtime.callsite.AbstractCallSite.callCurrent(AbstractCallSite.java:203)


	at io.restassured.internal.RequestSpecificationImpl.applyPathParamsAndSendRequest(RequestSpecificationImpl.groovy:1661)


	at sun.reflect.GeneratedMethodAccessor113.invoke(Unknown Source)


	at sun.reflect.DelegatingMethodAccessorImpl.invoke(DelegatingMethodAccessorImpl.java:43)


	at java.lang.reflect.Method.invoke(Method.java:498)


	at org.codehaus.groovy.reflection.CachedMethod.invoke(CachedMethod.java:107)


	at groovy.lang.MetaMethod.doMethodInvoke(MetaMethod.java:323)


	at groovy.lang.MetaClassImpl.invokeMethod(MetaClassImpl.java:1267)


	at groovy.lang.MetaClassImpl.invokeMethod(MetaClassImpl.java:1034)


	at groovy.lang.MetaClassImpl.invokeMethod(MetaClassImpl.java:818)


	at groovy.lang.GroovyObject.invokeMethod(GroovyObject.java:39)


	at org.codehaus.groovy.runtime.callsite.PogoInterceptableSite.call(PogoInterceptableSite.java:45)


	at org.codehaus.groovy.runtime.callsite.PogoInterceptableSite.callCurrent(PogoInterceptableSite.java:55)


	at org.codehaus.groovy.runtime.callsite.AbstractCallSite.callCurrent(AbstractCallSite.java:203)


	at io.restassured.internal.RequestSpecificationImpl.get(RequestSpecificationImpl.groovy:171)


	at net.serenitybdd.rest.decorators.request.RequestSpecificationDecorated.executeCall(RequestSpecificationDecorated.java:311)


	at net.serenitybdd.rest.decorators.request.RequestSpecificationDecorated.execute(RequestSpecificationDecorated.java:268)


	at net.serenitybdd.rest.decorators.request.RequestSpecificationDecorated.get(RequestSpecificationDecorated.java:67)


	at net.serenitybdd.rest.decorators.request.RequestSpecificationDecorated.get(RequestSpecificationDecorated.java:38)


	at MusicLab.StepDefinitions.Mentor.GetSingleListMentorsStepDef.sendRequestGetSingleListMentorsWithInvalidId(GetSingleListMentorsStepDef.java:51)


	at ?.Send request get single mentors with invalid id(classpath:features/Cucumber/Mentor/GetSingleMentorNegativeCase.feature:6)




java.lang.IllegalArgumentException: Path parameters were not correctly defined. Redundant path parameters are: mentor_id=10000000000000000. Undefined path parameters are: string.


	at sun.reflect.NativeConstructorAccessorImpl.newInstance0(Native Method)


	at sun.reflect.NativeConstructorAccessorImpl.newInstance(NativeConstructorAccessorImpl.java:62)


	at sun.reflect.DelegatingConstructorAccessorImpl.newInstance(DelegatingConstructorAccessorImpl.java:45)


	at java.lang.reflect.Constructor.newInstance(Constructor.java:423)


	at org.codehaus.groovy.reflection.CachedConstructor.invoke(CachedConstructor.java:72)


	at org.codehaus.groovy.reflection.CachedConstructor.doConstructorInvoke(CachedConstructor.java:59)


	at org.codehaus.groovy.runtime.callsite.ConstructorSite$ConstructorSiteNoUnwrap.callConstructor(ConstructorSite.java:84)


	at org.codehaus.groovy.runtime.callsite.AbstractCallSite.callConstructor(AbstractCallSite.java:277)


	at io.restassured.internal.RequestSpecificationImpl.assertCorrectNumberOfPathParams(RequestSpecificationImpl.groovy:1248)


	at sun.reflect.GeneratedMethodAccessor123.invoke(Unknown Source)


	at sun.reflect.DelegatingMethodAccessorImpl.invoke(DelegatingMethodAccessorImpl.java:43)


	at java.lang.reflect.Method.invoke(Method.java:498)


	at org.codehaus.groovy.reflection.CachedMethod.invoke(CachedMethod.java:107)


	at groovy.lang.MetaMethod.doMethodInvoke(MetaMethod.java:323)


	at groovy.lang.MetaClassImpl.invokeMethod(MetaClassImpl.java:1267)


	at groovy.lang.MetaClassImpl.invokeMethod(MetaClassImpl.java:1034)


	at groovy.lang.MetaClassImpl.invokeMethod(MetaClassImpl.java:818)


	at groovy.lang.GroovyObject.invokeMethod(GroovyObject.java:39)


	at org.codehaus.groovy.runtime.callsite.PogoInterceptableSite.call(PogoInterceptableSite.java:45)


	at org.codehaus.groovy.runtime.callsite.PogoInterceptableSite.callCurrent(PogoInterceptableSite.java:55)


	at org.codehaus.groovy.runtime.callsite.AbstractCallSite.callCurrent(AbstractCallSite.java:176)


	at io.restassured.internal.RequestSpecificationImpl.sendRequest(RequestSpecificationImpl.groovy:1135)


	at sun.reflect.GeneratedMethodAccessor120.invoke(Unknown Source)


	at sun.reflect.DelegatingMethodAccessorImpl.invoke(DelegatingMethodAccessorImpl.java:43)


	at java.lang.reflect.Method.invoke(Method.java:498)


	at org.codehaus.groovy.reflection.CachedMethod.invoke(CachedMethod.java:107)


	at groovy.lang.MetaMethod.doMethodInvoke(MetaMethod.java:323)


	at groovy.lang.MetaClassImpl.invokeMethod(MetaClassImpl.java:1267)


	at groovy.lang.MetaClassImpl.invokeMethod(MetaClassImpl.java:1034)


	at groovy.lang.MetaClassImpl.invokeMethod(MetaClassImpl.java:818)


	at groovy.lang.GroovyObject.invokeMethod(GroovyObject.java:39)


	at org.codehaus.groovy.runtime.callsite.PogoInterceptableSite.call(PogoInterceptableSite.java:45)


	at org.codehaus.groovy.runtime.callsite.AbstractCallSite.call(AbstractCallSite.java:166)


	at io.restassured.internal.filter.SendRequestFilter.filter(SendRequestFilter.groovy:30)


	at io.restassured.filter.Filter$filter$0.call(Unknown Source)


	at org.codehaus.groovy.runtime.callsite.CallSiteArray.defaultCall(CallSiteArray.java:47)


	at io.restassured.filter.Filter$filter.call(Unknown Source)


	at io.restassured.internal.filter.FilterContextImpl.next(FilterContextImpl.groovy:72)


	at io.restassured.filter.time.TimingFilter.filter(TimingFilter.java:56)


	at io.restassured.filter.Filter$filter.call(Unknown Source)


	at org.codehaus.groovy.runtime.callsite.CallSiteArray.defaultCall(CallSiteArray.java:47)


	at io.restassured.filter.Filter$filter.call(Unknown Source)


	at io.restassured.internal.filter.FilterContextImpl.next(FilterContextImpl.groovy:72)


	at io.restassured.filter.log.RequestLoggingFilter.filter(RequestLoggingFilter.java:140)


	at net.serenitybdd.rest.filters.FieldsRecordingFilter.filter(FieldsRecordingFilter.java:40)


	at io.restassured.filter.Filter$filter.call(Unknown Source)


	at io.restassured.internal.filter.FilterContextImpl.next(FilterContextImpl.groovy:72)


	at io.restassured.filter.log.RequestLoggingFilter.filter(RequestLoggingFilter.java:140)


	at net.serenitybdd.rest.filters.FieldsRecordingFilter.filter(FieldsRecordingFilter.java:40)


	at io.restassured.filter.Filter$filter.call(Unknown Source)


	at io.restassured.internal.filter.FilterContextImpl.next(FilterContextImpl.groovy:72)


	at io.restassured.filter.log.RequestLoggingFilter.filter(RequestLoggingFilter.java:140)


	at net.serenitybdd.rest.filters.FieldsRecordingFilter.filter(FieldsRecordingFilter.java:40)


	at io.restassured.filter.Filter$filter.call(Unknown Source)


	at io.restassured.internal.filter.FilterContextImpl.next(FilterContextImpl.groovy:72)


	at io.restassured.filter.log.RequestLoggingFilter.filter(RequestLoggingFilter.java:140)


	at net.serenitybdd.rest.filters.FieldsRecordingFilter.filter(FieldsRecordingFilter.java:40)


	at io.restassured.filter.Filter$filter.call(Unknown Source)


	at io.restassured.internal.filter.FilterContextImpl.next(FilterContextImpl.groovy:72)


	at io.restassured.filter.log.RequestLoggingFilter.filter(RequestLoggingFilter.java:140)


	at net.serenitybdd.rest.filters.FieldsRecordingFilter.filter(FieldsRecordingFilter.java:40)


	at io.restassured.filter.Filter$filter.call(Unknown Source)


	at io.restassured.internal.filter.FilterContextImpl.next(FilterContextImpl.groovy:72)


	at io.restassured.filter.log.RequestLoggingFilter.filter(RequestLoggingFilter.java:140)


	at net.serenitybdd.rest.filters.FieldsRecordingFilter.filter(FieldsRecordingFilter.java:40)


	at io.restassured.filter.Filter$filter.call(Unknown Source)


	at org.codehaus.groovy.runtime.callsite.CallSiteArray.defaultCall(CallSiteArray.java:47)


	at io.restassured.filter.Filter$filter$0.call(Unknown Source)


	at io.restassured.internal.filter.FilterContextImpl.next(FilterContextImpl.groovy:72)


	at io.restassured.filter.FilterContext$next.call(Unknown Source)


	at io.restassured.internal.RequestSpecificationImpl.applyPathParamsAndSendRequest(RequestSpecificationImpl.groovy:1655)


	at sun.reflect.GeneratedMethodAccessor114.invoke(Unknown Source)


	at sun.reflect.DelegatingMethodAccessorImpl.invoke(DelegatingMethodAccessorImpl.java:43)


	at java.lang.reflect.Method.invoke(Method.java:498)


	at org.codehaus.groovy.reflection.CachedMethod.invoke(CachedMethod.java:107)


	at groovy.lang.MetaMethod.doMethodInvoke(MetaMethod.java:323)


	at groovy.lang.MetaClassImpl.invokeMethod(MetaClassImpl.java:1267)


	at groovy.lang.MetaClassImpl.invokeMethod(MetaClassImpl.java:1034)


	at groovy.lang.MetaClassImpl.invokeMethod(MetaClassImpl.java:818)


	at groovy.lang.GroovyObject.invokeMethod(GroovyObject.java:39)


	at org.codehaus.groovy.runtime.callsite.PogoInterceptableSite.call(PogoInterceptableSite.java:45)


	at org.codehaus.groovy.runtime.callsite.PogoInterceptableSite.callCurrent(PogoInterceptableSite.java:55)


	at org.codehaus.groovy.runtime.callsite.AbstractCallSite.callCurrent(AbstractCallSite.java:203)


	at io.restassured.internal.RequestSpecificationImpl.applyPathParamsAndSendRequest(RequestSpecificationImpl.groovy:1661)


	at sun.reflect.GeneratedMethodAccessor113.invoke(Unknown Source)


	at sun.reflect.DelegatingMethodAccessorImpl.invoke(DelegatingMethodAccessorImpl.java:43)


	at java.lang.reflect.Method.invoke(Method.java:498)


	at org.codehaus.groovy.reflection.CachedMethod.invoke(CachedMethod.java:107)


	at groovy.lang.MetaMethod.doMethodInvoke(MetaMethod.java:323)


	at groovy.lang.MetaClassImpl.invokeMethod(MetaClassImpl.java:1267)


	at groovy.lang.MetaClassImpl.invokeMethod(MetaClassImpl.java:1034)


	at groovy.lang.MetaClassImpl.invokeMethod(MetaClassImpl.java:818)


	at groovy.lang.GroovyObject.invokeMethod(GroovyObject.java:39)


	at org.codehaus.groovy.runtime.callsite.PogoInterceptableSite.call(PogoInterceptableSite.java:45)


	at org.codehaus.groovy.runtime.callsite.PogoInterceptableSite.callCurrent(PogoInterceptableSite.java:55)


	at org.codehaus.groovy.runtime.callsite.AbstractCallSite.callCurrent(AbstractCallSite.java:203)


	at io.restassured.internal.RequestSpecificationImpl.get(RequestSpecificationImpl.groovy:171)


	at net.serenitybdd.rest.decorators.request.RequestSpecificationDecorated.executeCall(RequestSpecificationDecorated.java:311)


	at net.serenitybdd.rest.decorators.request.RequestSpecificationDecorated.execute(RequestSpecificationDecorated.java:268)


	at net.serenitybdd.rest.decorators.request.RequestSpecificationDecorated.get(RequestSpecificationDecorated.java:67)


	at net.serenitybdd.rest.decorators.request.RequestSpecificationDecorated.get(RequestSpecificationDecorated.java:38)


	at MusicLab.StepDefinitions.Mentor.GetSingleListMentorsStepDef.sendRequestGetSingleListMentorsWithInvalidId(GetSingleListMentorsStepDef.java:51)


	at ?.Send request get single mentors with invalid id(classpath:features/Cucumber/Mentor/GetSingleMentorNegativeCase.feature:6)




io.cucumber.core.exception.CucumberException: Step [Get single mentors with blank ID {}] is defined with 0 parameters at 'MusicLab.StepDefinitions.Mentor.GetSingleListMentorsStepDef.getSingleMentorsWithblankId()'.
However, the gherkin step has 1 arguments:
 * blank
Step text: Get single mentors with blank ID blank


	at io.cucumber.core.runner.PickleStepDefinitionMatch.arityMismatch(PickleStepDefinitionMatch.java:83)


	at io.cucumber.core.runner.PickleStepDefinitionMatch.runStep(PickleStepDefinitionMatch.java:42)


	at io.cucumber.core.runner.ExecutionMode$1.execute(ExecutionMode.java:10)


	at io.cucumber.core.runner.TestStep.executeStep(TestStep.java:92)


	at io.cucumber.core.runner.TestStep.run(TestStep.java:64)


	at io.cucumber.core.runner.PickleStepTestStep.run(PickleStepTestStep.java:51)


	at io.cucumber.core.runner.TestCase.run(TestCase.java:104)


	at io.cucumber.core.runner.Runner.runPickle(Runner.java:73)


	at io.cucumber.junit.PickleRunners$NoStepDescriptions.run(PickleRunners.java:151)


	at io.cucumber.junit.FeatureRunner.runChild(FeatureRunner.java:135)


	at io.cucumber.junit.FeatureRunner.runChild(FeatureRunner.java:27)


	at org.junit.runners.ParentRunner$4.run(ParentRunner.java:331)


	at org.junit.runners.ParentRunner$1.schedule(ParentRunner.java:79)


	at org.junit.runners.ParentRunner.runChildren(ParentRunner.java:329)


	at org.junit.runners.ParentRunner.access$100(ParentRunner.java:66)


	at org.junit.runners.ParentRunner$2.evaluate(ParentRunner.java:293)


	at org.junit.runners.ParentRunner$3.evaluate(ParentRunner.java:306)


	at org.junit.runners.ParentRunner.run(ParentRunner.java:413)


	at io.cucumber.junit.CucumberSerenityRunner.runChild(CucumberSerenityRunner.java:258)


	at io.cucumber.junit.CucumberSerenityRunner.runChild(CucumberSerenityRunner.java:57)


	at org.junit.runners.ParentRunner$4.run(ParentRunner.java:331)


	at org.apache.maven.surefire.junitcore.pc.Scheduler$1.run(Scheduler.java:405)


	at org.apache.maven.surefire.junitcore.pc.InvokerStrategy.schedule(InvokerStrategy.java:54)


	at org.apache.maven.surefire.junitcore.pc.Scheduler.schedule(Scheduler.java:362)


	at org.junit.runners.ParentRunner.runChildren(ParentRunner.java:329)


	at org.junit.runners.ParentRunner.access$100(ParentRunner.java:66)


	at org.junit.runners.ParentRunner$2.evaluate(ParentRunner.java:293)


	at io.cucumber.junit.CucumberSerenityRunner$RunCucumber.evaluate(CucumberSerenityRunner.java:286)


	at org.junit.runners.ParentRunner$3.evaluate(ParentRunner.java:306)


	at org.junit.runners.ParentRunner.run(ParentRunner.java:413)


	at org.junit.runners.Suite.runChild(Suite.java:128)


	at org.junit.runners.Suite.runChild(Suite.java:27)


	at org.junit.runners.ParentRunner$4.run(ParentRunner.java:331)


	at org.apache.maven.surefire.junitcore.pc.Scheduler$1.run(Scheduler.java:405)


	at java.util.concurrent.Executors$RunnableAdapter.call(Executors.java:511)


	at java.util.concurrent.FutureTask.run(FutureTask.java:266)


	at java.util.concurrent.ThreadPoolExecutor.runWorker(ThreadPoolExecutor.java:1149)


	at java.util.concurrent.ThreadPoolExecutor$Worker.run(ThreadPoolExecutor.java:624)


	at java.lang.Thread.run(Thread.java:750)




java.lang.AssertionError: 1 expectation failed.
Expected status code <200> but was <401>.



	at sun.reflect.NativeConstructorAccessorImpl.newInstance0(Native Method)


	at sun.reflect.NativeConstructorAccessorImpl.newInstance(NativeConstructorAccessorImpl.java:62)


	at sun.reflect.DelegatingConstructorAccessorImpl.newInstance(DelegatingConstructorAccessorImpl.java:45)


	at java.lang.reflect.Constructor.newInstance(Constructor.java:423)


	at org.codehaus.groovy.reflection.CachedConstructor.invoke(CachedConstructor.java:72)


	at org.codehaus.groovy.reflection.CachedConstructor.doConstructorInvoke(CachedConstructor.java:59)


	at org.codehaus.groovy.runtime.callsite.ConstructorSite$ConstructorSiteNoUnwrap.callConstructor(ConstructorSite.java:84)


	at org.codehaus.groovy.runtime.callsite.AbstractCallSite.callConstructor(AbstractCallSite.java:277)


	at io.restassured.internal.ResponseSpecificationImpl$HamcrestAssertionClosure.validate(ResponseSpecificationImpl.groovy:493)


	at io.restassured.internal.ResponseSpecificationImpl$HamcrestAssertionClosure$validate$1.call(Unknown Source)


	at io.restassured.internal.ResponseSpecificationImpl.validateResponseIfRequired(ResponseSpecificationImpl.groovy:674)


	at sun.reflect.GeneratedMethodAccessor72.invoke(Unknown Source)


	at sun.reflect.DelegatingMethodAccessorImpl.invoke(DelegatingMethodAccessorImpl.java:43)


	at java.lang.reflect.Method.invoke(Method.java:498)


	at org.codehaus.groovy.runtime.callsite.PlainObjectMetaMethodSite.doInvoke(PlainObjectMetaMethodSite.java:43)


	at org.codehaus.groovy.runtime.callsite.PogoMetaMethodSite$PogoCachedMethodSiteNoUnwrapNoCoerce.invoke(PogoMetaMethodSite.java:193)


	at org.codehaus.groovy.runtime.callsite.PogoMetaMethodSite.callCurrent(PogoMetaMethodSite.java:61)


	at org.codehaus.groovy.runtime.callsite.AbstractCallSite.callCurrent(AbstractCallSite.java:185)


	at io.restassured.internal.ResponseSpecificationImpl.statusCode(ResponseSpecificationImpl.groovy:126)


	at io.restassured.specification.ResponseSpecification$statusCode$0.callCurrent(Unknown Source)


	at io.restassured.internal.ResponseSpecificationImpl.statusCode(ResponseSpecificationImpl.groovy:134)


	at io.restassured.internal.ValidatableResponseOptionsImpl.statusCode(ValidatableResponseOptionsImpl.java:89)


	at io.restassured.internal.ValidatableResponseImpl.super$2$statusCode(ValidatableResponseImpl.groovy)


	at sun.reflect.GeneratedMethodAccessor168.invoke(Unknown Source)


	at sun.reflect.DelegatingMethodAccessorImpl.invoke(DelegatingMethodAccessorImpl.java:43)


	at java.lang.reflect.Method.invoke(Method.java:498)


	at org.codehaus.groovy.reflection.CachedMethod.invoke(CachedMethod.java:107)


	at groovy.lang.MetaMethod.doMethodInvoke(MetaMethod.java:323)


	at groovy.lang.MetaClassImpl.invokeMethod(MetaClassImpl.java:1267)


	at org.codehaus.groovy.runtime.ScriptBytecodeAdapter.invokeMethodOnSuperN(ScriptBytecodeAdapter.java:144)


	at io.restassured.internal.ValidatableResponseImpl.statusCode(ValidatableResponseImpl.groovy:142)


	at io.restassured.internal.ValidatableResponseImpl.statusCode(ValidatableResponseImpl.groovy)


	at MusicLab.StepDefinitions.Instrument.GetIntrumentStepDef.statusCodeShouldBeOK(GetIntrumentStepDef.java:52)


	at ?.Status code should be 200 OK(classpath:features/Cucumber/Mentor/GetSingleMentorPositiveCase.feature:7)




java.lang.AssertionError: 1 expectation failed.
Expected status code <200> but was <404>.



	at sun.reflect.NativeConstructorAccessorImpl.newInstance0(Native Method)


	at sun.reflect.NativeConstructorAccessorImpl.newInstance(NativeConstructorAccessorImpl.java:62)


	at sun.reflect.DelegatingConstructorAccessorImpl.newInstance(DelegatingConstructorAccessorImpl.java:45)


	at java.lang.reflect.Constructor.newInstance(Constructor.java:423)


	at org.codehaus.groovy.reflection.CachedConstructor.invoke(CachedConstructor.java:72)


	at org.codehaus.groovy.reflection.CachedConstructor.doConstructorInvoke(CachedConstructor.java:59)


	at org.codehaus.groovy.runtime.callsite.ConstructorSite$ConstructorSiteNoUnwrap.callConstructor(ConstructorSite.java:84)


	at org.codehaus.groovy.runtime.callsite.AbstractCallSite.callConstructor(AbstractCallSite.java:277)


	at io.restassured.internal.ResponseSpecificationImpl$HamcrestAssertionClosure.validate(ResponseSpecificationImpl.groovy:493)


	at io.restassured.internal.ResponseSpecificationImpl$HamcrestAssertionClosure$validate$1.call(Unknown Source)


	at io.restassured.internal.ResponseSpecificationImpl.validateResponseIfRequired(ResponseSpecificationImpl.groovy:674)


	at sun.reflect.GeneratedMethodAccessor72.invoke(Unknown Source)


	at sun.reflect.DelegatingMethodAccessorImpl.invoke(DelegatingMethodAccessorImpl.java:43)


	at java.lang.reflect.Method.invoke(Method.java:498)


	at org.codehaus.groovy.runtime.callsite.PlainObjectMetaMethodSite.doInvoke(PlainObjectMetaMethodSite.java:43)


	at org.codehaus.groovy.runtime.callsite.PogoMetaMethodSite$PogoCachedMethodSiteNoUnwrapNoCoerce.invoke(PogoMetaMethodSite.java:193)


	at org.codehaus.groovy.runtime.callsite.PogoMetaMethodSite.callCurrent(PogoMetaMethodSite.java:61)


	at org.codehaus.groovy.runtime.callsite.AbstractCallSite.callCurrent(AbstractCallSite.java:185)


	at io.restassured.internal.ResponseSpecificationImpl.statusCode(ResponseSpecificationImpl.groovy:126)


	at io.restassured.specification.ResponseSpecification$statusCode$0.callCurrent(Unknown Source)


	at io.restassured.internal.ResponseSpecificationImpl.statusCode(ResponseSpecificationImpl.groovy:134)


	at io.restassured.internal.ValidatableResponseOptionsImpl.statusCode(ValidatableResponseOptionsImpl.java:89)


	at io.restassured.internal.ValidatableResponseImpl.super$2$statusCode(ValidatableResponseImpl.groovy)


	at sun.reflect.GeneratedMethodAccessor168.invoke(Unknown Source)


	at sun.reflect.DelegatingMethodAccessorImpl.invoke(DelegatingMethodAccessorImpl.java:43)


	at java.lang.reflect.Method.invoke(Method.java:498)


	at org.codehaus.groovy.reflection.CachedMethod.invoke(CachedMethod.java:107)


	at groovy.lang.MetaMethod.doMethodInvoke(MetaMethod.java:323)


	at groovy.lang.MetaClassImpl.invokeMethod(MetaClassImpl.java:1267)


	at org.codehaus.groovy.runtime.ScriptBytecodeAdapter.invokeMethodOnSuperN(ScriptBytecodeAdapter.java:144)


	at io.restassured.internal.ValidatableResponseImpl.statusCode(ValidatableResponseImpl.groovy:142)


	at io.restassured.internal.ValidatableResponseImpl.statusCode(ValidatableResponseImpl.groovy)


	at MusicLab.StepDefinitions.Instrument.GetIntrumentStepDef.statusCodeShouldBeOK(GetIntrumentStepDef.java:52)


	at ?.Status code should be 200 OK(classpath:features/Cucumber/Mentor/GetSingleMentorPositiveCase.feature:12)




java.lang.AssertionError: 1 expectation failed.
Expected status code <200> but was <404>.



	at sun.reflect.NativeConstructorAccessorImpl.newInstance0(Native Method)


	at sun.reflect.NativeConstructorAccessorImpl.newInstance(NativeConstructorAccessorImpl.java:62)


	at sun.reflect.DelegatingConstructorAccessorImpl.newInstance(DelegatingConstructorAccessorImpl.java:45)


	at java.lang.reflect.Constructor.newInstance(Constructor.java:423)


	at org.codehaus.groovy.reflection.CachedConstructor.invoke(CachedConstructor.java:72)


	at org.codehaus.groovy.reflection.CachedConstructor.doConstructorInvoke(CachedConstructor.java:59)


	at org.codehaus.groovy.runtime.callsite.ConstructorSite$ConstructorSiteNoUnwrap.callConstructor(ConstructorSite.java:84)


	at org.codehaus.groovy.runtime.callsite.AbstractCallSite.callConstructor(AbstractCallSite.java:277)


	at io.restassured.internal.ResponseSpecificationImpl$HamcrestAssertionClosure.validate(ResponseSpecificationImpl.groovy:493)


	at io.restassured.internal.ResponseSpecificationImpl$HamcrestAssertionClosure$validate$1.call(Unknown Source)


	at io.restassured.internal.ResponseSpecificationImpl.validateResponseIfRequired(ResponseSpecificationImpl.groovy:674)


	at sun.reflect.GeneratedMethodAccessor72.invoke(Unknown Source)


	at sun.reflect.DelegatingMethodAccessorImpl.invoke(DelegatingMethodAccessorImpl.java:43)


	at java.lang.reflect.Method.invoke(Method.java:498)


	at org.codehaus.groovy.runtime.callsite.PlainObjectMetaMethodSite.doInvoke(PlainObjectMetaMethodSite.java:43)


	at org.codehaus.groovy.runtime.callsite.PogoMetaMethodSite$PogoCachedMethodSiteNoUnwrapNoCoerce.invoke(PogoMetaMethodSite.java:193)


	at org.codehaus.groovy.runtime.callsite.PogoMetaMethodSite.callCurrent(PogoMetaMethodSite.java:61)


	at org.codehaus.groovy.runtime.callsite.AbstractCallSite.callCurrent(AbstractCallSite.java:185)


	at io.restassured.internal.ResponseSpecificationImpl.statusCode(ResponseSpecificationImpl.groovy:126)


	at io.restassured.specification.ResponseSpecification$statusCode$0.callCurrent(Unknown Source)


	at io.restassured.internal.ResponseSpecificationImpl.statusCode(ResponseSpecificationImpl.groovy:134)


	at io.restassured.internal.ValidatableResponseOptionsImpl.statusCode(ValidatableResponseOptionsImpl.java:89)


	at io.restassured.internal.ValidatableResponseImpl.super$2$statusCode(ValidatableResponseImpl.groovy)


	at sun.reflect.GeneratedMethodAccessor168.invoke(Unknown Source)


	at sun.reflect.DelegatingMethodAccessorImpl.invoke(DelegatingMethodAccessorImpl.java:43)


	at java.lang.reflect.Method.invoke(Method.java:498)


	at org.codehaus.groovy.reflection.CachedMethod.invoke(CachedMethod.java:107)


	at groovy.lang.MetaMethod.doMethodInvoke(MetaMethod.java:323)


	at groovy.lang.MetaClassImpl.invokeMethod(MetaClassImpl.java:1267)


	at org.codehaus.groovy.runtime.ScriptBytecodeAdapter.invokeMethodOnSuperN(ScriptBytecodeAdapter.java:144)


	at io.restassured.internal.ValidatableResponseImpl.statusCode(ValidatableResponseImpl.groovy:142)


	at io.restassured.internal.ValidatableResponseImpl.statusCode(ValidatableResponseImpl.groovy)


	at MusicLab.StepDefinitions.Instrument.GetIntrumentStepDef.statusCodeShouldBeOK(GetIntrumentStepDef.java:52)


	at ?.Status code should be 200 OK(classpath:features/Cucumber/Mentor/PutUpdatePasswordMentorPositiveCase.feature:7)




java.lang.IllegalArgumentException: Invalid number of path parameters. Expected 1, was 0. Undefined path parameters are: mentors.


	at sun.reflect.NativeConstructorAccessorImpl.newInstance0(Native Method)


	at sun.reflect.NativeConstructorAccessorImpl.newInstance(NativeConstructorAccessorImpl.java:62)


	at sun.reflect.DelegatingConstructorAccessorImpl.newInstance(DelegatingConstructorAccessorImpl.java:45)


	at java.lang.reflect.Constructor.newInstance(Constructor.java:423)


	at org.codehaus.groovy.reflection.CachedConstructor.invoke(CachedConstructor.java:72)


	at org.codehaus.groovy.reflection.CachedConstructor.doConstructorInvoke(CachedConstructor.java:59)


	at org.codehaus.groovy.runtime.callsite.ConstructorSite$ConstructorSiteNoUnwrap.callConstructor(ConstructorSite.java:84)


	at org.codehaus.groovy.runtime.callsite.AbstractCallSite.callConstructor(AbstractCallSite.java:277)


	at io.restassured.internal.RequestSpecificationImpl.assertCorrectNumberOfPathParams(RequestSpecificationImpl.groovy:1248)


	at sun.reflect.GeneratedMethodAccessor123.invoke(Unknown Source)


	at sun.reflect.DelegatingMethodAccessorImpl.invoke(DelegatingMethodAccessorImpl.java:43)


	at java.lang.reflect.Method.invoke(Method.java:498)


	at org.codehaus.groovy.reflection.CachedMethod.invoke(CachedMethod.java:107)


	at groovy.lang.MetaMethod.doMethodInvoke(MetaMethod.java:323)


	at groovy.lang.MetaClassImpl.invokeMethod(MetaClassImpl.java:1267)


	at groovy.lang.MetaClassImpl.invokeMethod(MetaClassImpl.java:1034)


	at groovy.lang.MetaClassImpl.invokeMethod(MetaClassImpl.java:818)


	at groovy.lang.GroovyObject.invokeMethod(GroovyObject.java:39)


	at org.codehaus.groovy.runtime.callsite.PogoInterceptableSite.call(PogoInterceptableSite.java:45)


	at org.codehaus.groovy.runtime.callsite.PogoInterceptableSite.callCurrent(PogoInterceptableSite.java:55)


	at org.codehaus.groovy.runtime.callsite.AbstractCallSite.callCurrent(AbstractCallSite.java:176)


	at io.restassured.internal.RequestSpecificationImpl.sendRequest(RequestSpecificationImpl.groovy:1135)


	at sun.reflect.GeneratedMethodAccessor120.invoke(Unknown Source)


	at sun.reflect.DelegatingMethodAccessorImpl.invoke(DelegatingMethodAccessorImpl.java:43)


	at java.lang.reflect.Method.invoke(Method.java:498)


	at org.codehaus.groovy.reflection.CachedMethod.invoke(CachedMethod.java:107)


	at groovy.lang.MetaMethod.doMethodInvoke(MetaMethod.java:323)


	at groovy.lang.MetaClassImpl.invokeMethod(MetaClassImpl.java:1267)


	at groovy.lang.MetaClassImpl.invokeMethod(MetaClassImpl.java:1034)


	at groovy.lang.MetaClassImpl.invokeMethod(MetaClassImpl.java:818)


	at groovy.lang.GroovyObject.invokeMethod(GroovyObject.java:39)


	at org.codehaus.groovy.runtime.callsite.PogoInterceptableSite.call(PogoInterceptableSite.java:45)


	at org.codehaus.groovy.runtime.callsite.AbstractCallSite.call(AbstractCallSite.java:166)


	at io.restassured.internal.filter.SendRequestFilter.filter(SendRequestFilter.groovy:30)


	at io.restassured.filter.Filter$filter$0.call(Unknown Source)


	at org.codehaus.groovy.runtime.callsite.CallSiteArray.defaultCall(CallSiteArray.java:47)


	at io.restassured.filter.Filter$filter.call(Unknown Source)


	at io.restassured.internal.filter.FilterContextImpl.next(FilterContextImpl.groovy:72)


	at io.restassured.filter.time.TimingFilter.filter(TimingFilter.java:56)


	at io.restassured.filter.Filter$filter.call(Unknown Source)


	at org.codehaus.groovy.runtime.callsite.CallSiteArray.defaultCall(CallSiteArray.java:47)


	at io.restassured.filter.Filter$filter.call(Unknown Source)


	at io.restassured.internal.filter.FilterContextImpl.next(FilterContextImpl.groovy:72)


	at io.restassured.filter.log.RequestLoggingFilter.filter(RequestLoggingFilter.java:140)


	at net.serenitybdd.rest.filters.FieldsRecordingFilter.filter(FieldsRecordingFilter.java:40)


	at io.restassured.filter.Filter$filter.call(Unknown Source)


	at io.restassured.internal.filter.FilterContextImpl.next(FilterContextImpl.groovy:72)


	at io.restassured.filter.log.RequestLoggingFilter.filter(RequestLoggingFilter.java:140)


	at net.serenitybdd.rest.filters.FieldsRecordingFilter.filter(FieldsRecordingFilter.java:40)


	at io.restassured.filter.Filter$filter.call(Unknown Source)


	at io.restassured.internal.filter.FilterContextImpl.next(FilterContextImpl.groovy:72)


	at io.restassured.filter.log.RequestLoggingFilter.filter(RequestLoggingFilter.java:140)


	at net.serenitybdd.rest.filters.FieldsRecordingFilter.filter(FieldsRecordingFilter.java:40)


	at io.restassured.filter.Filter$filter.call(Unknown Source)


	at io.restassured.internal.filter.FilterContextImpl.next(FilterContextImpl.groovy:72)


	at io.restassured.filter.log.RequestLoggingFilter.filter(RequestLoggingFilter.java:140)


	at net.serenitybdd.rest.filters.FieldsRecordingFilter.filter(FieldsRecordingFilter.java:40)


	at io.restassured.filter.Filter$filter.call(Unknown Source)


	at io.restassured.internal.filter.FilterContextImpl.next(FilterContextImpl.groovy:72)


	at io.restassured.filter.log.RequestLoggingFilter.filter(RequestLoggingFilter.java:140)


	at net.serenitybdd.rest.filters.FieldsRecordingFilter.filter(FieldsRecordingFilter.java:40)


	at io.restassured.filter.Filter$filter.call(Unknown Source)


	at io.restassured.internal.filter.FilterContextImpl.next(FilterContextImpl.groovy:72)


	at io.restassured.filter.log.RequestLoggingFilter.filter(RequestLoggingFilter.java:140)


	at net.serenitybdd.rest.filters.FieldsRecordingFilter.filter(FieldsRecordingFilter.java:40)


	at io.restassured.filter.Filter$filter.call(Unknown Source)


	at org.codehaus.groovy.runtime.callsite.CallSiteArray.defaultCall(CallSiteArray.java:47)


	at io.restassured.filter.Filter$filter$0.call(Unknown Source)


	at io.restassured.internal.filter.FilterContextImpl.next(FilterContextImpl.groovy:72)


	at io.restassured.filter.FilterContext$next.call(Unknown Source)


	at io.restassured.internal.RequestSpecificationImpl.applyPathParamsAndSendRequest(RequestSpecificationImpl.groovy:1655)


	at sun.reflect.GeneratedMethodAccessor114.invoke(Unknown Source)


	at sun.reflect.DelegatingMethodAccessorImpl.invoke(DelegatingMethodAccessorImpl.java:43)


	at java.lang.reflect.Method.invoke(Method.java:498)


	at org.codehaus.groovy.reflection.CachedMethod.invoke(CachedMethod.java:107)


	at groovy.lang.MetaMethod.doMethodInvoke(MetaMethod.java:323)


	at groovy.lang.MetaClassImpl.invokeMethod(MetaClassImpl.java:1267)


	at groovy.lang.MetaClassImpl.invokeMethod(MetaClassImpl.java:1034)


	at groovy.lang.MetaClassImpl.invokeMethod(MetaClassImpl.java:818)


	at groovy.lang.GroovyObject.invokeMethod(GroovyObject.java:39)


	at org.codehaus.groovy.runtime.callsite.PogoInterceptableSite.call(PogoInterceptableSite.java:45)


	at org.codehaus.groovy.runtime.callsite.PogoInterceptableSite.callCurrent(PogoInterceptableSite.java:55)


	at org.codehaus.groovy.runtime.callsite.AbstractCallSite.callCurrent(AbstractCallSite.java:203)


	at io.restassured.internal.RequestSpecificationImpl.applyPathParamsAndSendRequest(RequestSpecificationImpl.groovy:1661)


	at sun.reflect.GeneratedMethodAccessor113.invoke(Unknown Source)


	at sun.reflect.DelegatingMethodAccessorImpl.invoke(DelegatingMethodAccessorImpl.java:43)


	at java.lang.reflect.Method.invoke(Method.java:498)


	at org.codehaus.groovy.reflection.CachedMethod.invoke(CachedMethod.java:107)


	at groovy.lang.MetaMethod.doMethodInvoke(MetaMethod.java:323)


	at groovy.lang.MetaClassImpl.invokeMethod(MetaClassImpl.java:1267)


	at groovy.lang.MetaClassImpl.invokeMethod(MetaClassImpl.java:1034)


	at groovy.lang.MetaClassImpl.invokeMethod(MetaClassImpl.java:818)


	at groovy.lang.GroovyObject.invokeMethod(GroovyObject.java:39)


	at org.codehaus.groovy.runtime.callsite.PogoInterceptableSite.call(PogoInterceptableSite.java:45)


	at org.codehaus.groovy.runtime.callsite.PogoInterceptableSite.callCurrent(PogoInterceptableSite.java:55)


	at org.codehaus.groovy.runtime.callsite.AbstractCallSite.callCurrent(AbstractCallSite.java:203)


	at io.restassured.internal.RequestSpecificationImpl.put(RequestSpecificationImpl.groovy:179)


	at net.serenitybdd.rest.decorators.request.RequestSpecificationDecorated.executeCall(RequestSpecificationDecorated.java:315)


	at net.serenitybdd.rest.decorators.request.RequestSpecificationDecorated.execute(RequestSpecificationDecorated.java:268)


	at net.serenitybdd.rest.decorators.request.RequestSpecificationDecorated.put(RequestSpecificationDecorated.java:151)


	at net.serenitybdd.rest.decorators.request.RequestSpecificationDecorated.put(RequestSpecificationDecorated.java:38)


	at MusicLab.StepDefinitions.Mentor.PutUpdateMentorsStepDef.sendPutUpdateMentorsProfile(PutUpdateMentorsStepDef.java:67)


	at ?.Send put update mentors Profile(classpath:features/Cucumber/Mentor/PutUpdateProfileMentorNegativeCase.feature:6)




java.lang.IllegalArgumentException: Invalid number of path parameters. Expected 1, was 0. Undefined path parameters are: mentors.


	at sun.reflect.NativeConstructorAccessorImpl.newInstance0(Native Method)


	at sun.reflect.NativeConstructorAccessorImpl.newInstance(NativeConstructorAccessorImpl.java:62)


	at sun.reflect.DelegatingConstructorAccessorImpl.newInstance(DelegatingConstructorAccessorImpl.java:45)


	at java.lang.reflect.Constructor.newInstance(Constructor.java:423)


	at org.codehaus.groovy.reflection.CachedConstructor.invoke(CachedConstructor.java:72)


	at org.codehaus.groovy.reflection.CachedConstructor.doConstructorInvoke(CachedConstructor.java:59)


	at org.codehaus.groovy.runtime.callsite.ConstructorSite$ConstructorSiteNoUnwrap.callConstructor(ConstructorSite.java:84)


	at org.codehaus.groovy.runtime.callsite.AbstractCallSite.callConstructor(AbstractCallSite.java:277)


	at io.restassured.internal.RequestSpecificationImpl.assertCorrectNumberOfPathParams(RequestSpecificationImpl.groovy:1248)


	at sun.reflect.GeneratedMethodAccessor123.invoke(Unknown Source)


	at sun.reflect.DelegatingMethodAccessorImpl.invoke(DelegatingMethodAccessorImpl.java:43)


	at java.lang.reflect.Method.invoke(Method.java:498)


	at org.codehaus.groovy.reflection.CachedMethod.invoke(CachedMethod.java:107)


	at groovy.lang.MetaMethod.doMethodInvoke(MetaMethod.java:323)


	at groovy.lang.MetaClassImpl.invokeMethod(MetaClassImpl.java:1267)


	at groovy.lang.MetaClassImpl.invokeMethod(MetaClassImpl.java:1034)


	at groovy.lang.MetaClassImpl.invokeMethod(MetaClassImpl.java:818)


	at groovy.lang.GroovyObject.invokeMethod(GroovyObject.java:39)


	at org.codehaus.groovy.runtime.callsite.PogoInterceptableSite.call(PogoInterceptableSite.java:45)


	at org.codehaus.groovy.runtime.callsite.PogoInterceptableSite.callCurrent(PogoInterceptableSite.java:55)


	at org.codehaus.groovy.runtime.callsite.AbstractCallSite.callCurrent(AbstractCallSite.java:176)


	at io.restassured.internal.RequestSpecificationImpl.sendRequest(RequestSpecificationImpl.groovy:1135)


	at sun.reflect.GeneratedMethodAccessor120.invoke(Unknown Source)


	at sun.reflect.DelegatingMethodAccessorImpl.invoke(DelegatingMethodAccessorImpl.java:43)


	at java.lang.reflect.Method.invoke(Method.java:498)


	at org.codehaus.groovy.reflection.CachedMethod.invoke(CachedMethod.java:107)


	at groovy.lang.MetaMethod.doMethodInvoke(MetaMethod.java:323)


	at groovy.lang.MetaClassImpl.invokeMethod(MetaClassImpl.java:1267)


	at groovy.lang.MetaClassImpl.invokeMethod(MetaClassImpl.java:1034)


	at groovy.lang.MetaClassImpl.invokeMethod(MetaClassImpl.java:818)


	at groovy.lang.GroovyObject.invokeMethod(GroovyObject.java:39)


	at org.codehaus.groovy.runtime.callsite.PogoInterceptableSite.call(PogoInterceptableSite.java:45)


	at org.codehaus.groovy.runtime.callsite.AbstractCallSite.call(AbstractCallSite.java:166)


	at io.restassured.internal.filter.SendRequestFilter.filter(SendRequestFilter.groovy:30)


	at io.restassured.filter.Filter$filter$0.call(Unknown Source)


	at org.codehaus.groovy.runtime.callsite.CallSiteArray.defaultCall(CallSiteArray.java:47)


	at io.restassured.filter.Filter$filter.call(Unknown Source)


	at io.restassured.internal.filter.FilterContextImpl.next(FilterContextImpl.groovy:72)


	at io.restassured.filter.time.TimingFilter.filter(TimingFilter.java:56)


	at io.restassured.filter.Filter$filter.call(Unknown Source)


	at org.codehaus.groovy.runtime.callsite.CallSiteArray.defaultCall(CallSiteArray.java:47)


	at io.restassured.filter.Filter$filter.call(Unknown Source)


	at io.restassured.internal.filter.FilterContextImpl.next(FilterContextImpl.groovy:72)


	at io.restassured.filter.log.RequestLoggingFilter.filter(RequestLoggingFilter.java:140)


	at net.serenitybdd.rest.filters.FieldsRecordingFilter.filter(FieldsRecordingFilter.java:40)


	at io.restassured.filter.Filter$filter.call(Unknown Source)


	at io.restassured.internal.filter.FilterContextImpl.next(FilterContextImpl.groovy:72)


	at io.restassured.filter.log.RequestLoggingFilter.filter(RequestLoggingFilter.java:140)


	at net.serenitybdd.rest.filters.FieldsRecordingFilter.filter(FieldsRecordingFilter.java:40)


	at io.restassured.filter.Filter$filter.call(Unknown Source)


	at io.restassured.internal.filter.FilterContextImpl.next(FilterContextImpl.groovy:72)


	at io.restassured.filter.log.RequestLoggingFilter.filter(RequestLoggingFilter.java:140)


	at net.serenitybdd.rest.filters.FieldsRecordingFilter.filter(FieldsRecordingFilter.java:40)


	at io.restassured.filter.Filter$filter.call(Unknown Source)


	at io.restassured.internal.filter.FilterContextImpl.next(FilterContextImpl.groovy:72)


	at io.restassured.filter.log.RequestLoggingFilter.filter(RequestLoggingFilter.java:140)


	at net.serenitybdd.rest.filters.FieldsRecordingFilter.filter(FieldsRecordingFilter.java:40)


	at io.restassured.filter.Filter$filter.call(Unknown Source)


	at io.restassured.internal.filter.FilterContextImpl.next(FilterContextImpl.groovy:72)


	at io.restassured.filter.log.RequestLoggingFilter.filter(RequestLoggingFilter.java:140)


	at net.serenitybdd.rest.filters.FieldsRecordingFilter.filter(FieldsRecordingFilter.java:40)


	at io.restassured.filter.Filter$filter.call(Unknown Source)


	at io.restassured.internal.filter.FilterContextImpl.next(FilterContextImpl.groovy:72)


	at io.restassured.filter.log.RequestLoggingFilter.filter(RequestLoggingFilter.java:140)


	at net.serenitybdd.rest.filters.FieldsRecordingFilter.filter(FieldsRecordingFilter.java:40)


	at io.restassured.filter.Filter$filter.call(Unknown Source)


	at org.codehaus.groovy.runtime.callsite.CallSiteArray.defaultCall(CallSiteArray.java:47)


	at io.restassured.filter.Filter$filter$0.call(Unknown Source)


	at io.restassured.internal.filter.FilterContextImpl.next(FilterContextImpl.groovy:72)


	at io.restassured.filter.FilterContext$next.call(Unknown Source)


	at io.restassured.internal.RequestSpecificationImpl.applyPathParamsAndSendRequest(RequestSpecificationImpl.groovy:1655)


	at sun.reflect.GeneratedMethodAccessor114.invoke(Unknown Source)


	at sun.reflect.DelegatingMethodAccessorImpl.invoke(DelegatingMethodAccessorImpl.java:43)


	at java.lang.reflect.Method.invoke(Method.java:498)


	at org.codehaus.groovy.reflection.CachedMethod.invoke(CachedMethod.java:107)


	at groovy.lang.MetaMethod.doMethodInvoke(MetaMethod.java:323)


	at groovy.lang.MetaClassImpl.invokeMethod(MetaClassImpl.java:1267)


	at groovy.lang.MetaClassImpl.invokeMethod(MetaClassImpl.java:1034)


	at groovy.lang.MetaClassImpl.invokeMethod(MetaClassImpl.java:818)


	at groovy.lang.GroovyObject.invokeMethod(GroovyObject.java:39)


	at org.codehaus.groovy.runtime.callsite.PogoInterceptableSite.call(PogoInterceptableSite.java:45)


	at org.codehaus.groovy.runtime.callsite.PogoInterceptableSite.callCurrent(PogoInterceptableSite.java:55)


	at org.codehaus.groovy.runtime.callsite.AbstractCallSite.callCurrent(AbstractCallSite.java:203)


	at io.restassured.internal.RequestSpecificationImpl.applyPathParamsAndSendRequest(RequestSpecificationImpl.groovy:1661)


	at sun.reflect.GeneratedMethodAccessor113.invoke(Unknown Source)


	at sun.reflect.DelegatingMethodAccessorImpl.invoke(DelegatingMethodAccessorImpl.java:43)


	at java.lang.reflect.Method.invoke(Method.java:498)


	at org.codehaus.groovy.reflection.CachedMethod.invoke(CachedMethod.java:107)


	at groovy.lang.MetaMethod.doMethodInvoke(MetaMethod.java:323)


	at groovy.lang.MetaClassImpl.invokeMethod(MetaClassImpl.java:1267)


	at groovy.lang.MetaClassImpl.invokeMethod(MetaClassImpl.java:1034)


	at groovy.lang.MetaClassImpl.invokeMethod(MetaClassImpl.java:818)


	at groovy.lang.GroovyObject.invokeMethod(GroovyObject.java:39)


	at org.codehaus.groovy.runtime.callsite.PogoInterceptableSite.call(PogoInterceptableSite.java:45)


	at org.codehaus.groovy.runtime.callsite.PogoInterceptableSite.callCurrent(PogoInterceptableSite.java:55)


	at org.codehaus.groovy.runtime.callsite.AbstractCallSite.callCurrent(AbstractCallSite.java:203)


	at io.restassured.internal.RequestSpecificationImpl.put(RequestSpecificationImpl.groovy:179)


	at net.serenitybdd.rest.decorators.request.RequestSpecificationDecorated.executeCall(RequestSpecificationDecorated.java:315)


	at net.serenitybdd.rest.decorators.request.RequestSpecificationDecorated.execute(RequestSpecificationDecorated.java:268)


	at net.serenitybdd.rest.decorators.request.RequestSpecificationDecorated.put(RequestSpecificationDecorated.java:151)


	at net.serenitybdd.rest.decorators.request.RequestSpecificationDecorated.put(RequestSpecificationDecorated.java:38)


	at MusicLab.StepDefinitions.Mentor.PutUpdateMentorsStepDef.sendPutUpdateMentorsProfile(PutUpdateMentorsStepDef.java:67)


	at ?.Send put update mentors Profile(classpath:features/Cucumber/Mentor/PutUpdateProfileMentorNegativeCase.feature:11)




java.lang.AssertionError: 1 expectation failed.
Expected status code <200> but was <500>.



	at sun.reflect.NativeConstructorAccessorImpl.newInstance0(Native Method)


	at sun.reflect.NativeConstructorAccessorImpl.newInstance(NativeConstructorAccessorImpl.java:62)


	at sun.reflect.DelegatingConstructorAccessorImpl.newInstance(DelegatingConstructorAccessorImpl.java:45)


	at java.lang.reflect.Constructor.newInstance(Constructor.java:423)


	at org.codehaus.groovy.reflection.CachedConstructor.invoke(CachedConstructor.java:72)


	at org.codehaus.groovy.reflection.CachedConstructor.doConstructorInvoke(CachedConstructor.java:59)


	at org.codehaus.groovy.runtime.callsite.ConstructorSite$ConstructorSiteNoUnwrap.callConstructor(ConstructorSite.java:84)


	at org.codehaus.groovy.runtime.callsite.AbstractCallSite.callConstructor(AbstractCallSite.java:277)


	at io.restassured.internal.ResponseSpecificationImpl$HamcrestAssertionClosure.validate(ResponseSpecificationImpl.groovy:493)


	at io.restassured.internal.ResponseSpecificationImpl$HamcrestAssertionClosure$validate$1.call(Unknown Source)


	at io.restassured.internal.ResponseSpecificationImpl.validateResponseIfRequired(ResponseSpecificationImpl.groovy:674)


	at sun.reflect.GeneratedMethodAccessor72.invoke(Unknown Source)


	at sun.reflect.DelegatingMethodAccessorImpl.invoke(DelegatingMethodAccessorImpl.java:43)


	at java.lang.reflect.Method.invoke(Method.java:498)


	at org.codehaus.groovy.runtime.callsite.PlainObjectMetaMethodSite.doInvoke(PlainObjectMetaMethodSite.java:43)


	at org.codehaus.groovy.runtime.callsite.PogoMetaMethodSite$PogoCachedMethodSiteNoUnwrapNoCoerce.invoke(PogoMetaMethodSite.java:193)


	at org.codehaus.groovy.runtime.callsite.PogoMetaMethodSite.callCurrent(PogoMetaMethodSite.java:61)


	at org.codehaus.groovy.runtime.callsite.AbstractCallSite.callCurrent(AbstractCallSite.java:185)


	at io.restassured.internal.ResponseSpecificationImpl.statusCode(ResponseSpecificationImpl.groovy:126)


	at io.restassured.specification.ResponseSpecification$statusCode$0.callCurrent(Unknown Source)


	at io.restassured.internal.ResponseSpecificationImpl.statusCode(ResponseSpecificationImpl.groovy:134)


	at io.restassured.internal.ValidatableResponseOptionsImpl.statusCode(ValidatableResponseOptionsImpl.java:89)


	at io.restassured.internal.ValidatableResponseImpl.super$2$statusCode(ValidatableResponseImpl.groovy)


	at sun.reflect.GeneratedMethodAccessor168.invoke(Unknown Source)


	at sun.reflect.DelegatingMethodAccessorImpl.invoke(DelegatingMethodAccessorImpl.java:43)


	at java.lang.reflect.Method.invoke(Method.java:498)


	at org.codehaus.groovy.reflection.CachedMethod.invoke(CachedMethod.java:107)


	at groovy.lang.MetaMethod.doMethodInvoke(MetaMethod.java:323)


	at groovy.lang.MetaClassImpl.invokeMethod(MetaClassImpl.java:1267)


	at org.codehaus.groovy.runtime.ScriptBytecodeAdapter.invokeMethodOnSuperN(ScriptBytecodeAdapter.java:144)


	at io.restassured.internal.ValidatableResponseImpl.statusCode(ValidatableResponseImpl.groovy:142)


	at io.restassured.internal.ValidatableResponseImpl.statusCode(ValidatableResponseImpl.groovy)


	at MusicLab.StepDefinitions.Instrument.GetIntrumentStepDef.statusCodeShouldBeOK(GetIntrumentStepDef.java:52)


	at ?.Status code should be 200 OK(classpath:features/Cucumber/Mentor/PutUpdateProfileMentorPositiveCase.feature:7)




java.lang.RuntimeException: Some exception during recording fields


	at net.serenitybdd.rest.filters.FieldsRecordingFilter.filter(FieldsRecordingFilter.java:52)


	at io.restassured.filter.Filter$filter.call(Unknown Source)


	at io.restassured.internal.filter.FilterContextImpl.next(FilterContextImpl.groovy:72)


	at io.restassured.filter.log.RequestLoggingFilter.filter(RequestLoggingFilter.java:140)


	at net.serenitybdd.rest.filters.FieldsRecordingFilter.filter(FieldsRecordingFilter.java:40)


	at io.restassured.filter.Filter$filter.call(Unknown Source)


	at io.restassured.internal.filter.FilterContextImpl.next(FilterContextImpl.groovy:72)


	at io.restassured.filter.log.RequestLoggingFilter.filter(RequestLoggingFilter.java:140)


	at net.serenitybdd.rest.filters.FieldsRecordingFilter.filter(FieldsRecordingFilter.java:40)


	at io.restassured.filter.Filter$filter.call(Unknown Source)


	at io.restassured.internal.filter.FilterContextImpl.next(FilterContextImpl.groovy:72)


	at io.restassured.filter.log.RequestLoggingFilter.filter(RequestLoggingFilter.java:140)


	at net.serenitybdd.rest.filters.FieldsRecordingFilter.filter(FieldsRecordingFilter.java:40)


	at io.restassured.filter.Filter$filter.call(Unknown Source)


	at io.restassured.internal.filter.FilterContextImpl.next(FilterContextImpl.groovy:72)


	at io.restassured.filter.log.RequestLoggingFilter.filter(RequestLoggingFilter.java:140)


	at net.serenitybdd.rest.filters.FieldsRecordingFilter.filter(FieldsRecordingFilter.java:40)


	at io.restassured.filter.Filter$filter.call(Unknown Source)


	at io.restassured.internal.filter.FilterContextImpl.next(FilterContextImpl.groovy:72)


	at io.restassured.filter.log.RequestLoggingFilter.filter(RequestLoggingFilter.java:140)


	at net.serenitybdd.rest.filters.FieldsRecordingFilter.filter(FieldsRecordingFilter.java:40)


	at io.restassured.filter.Filter$filter.call(Unknown Source)


	at org.codehaus.groovy.runtime.callsite.CallSiteArray.defaultCall(CallSiteArray.java:47)


	at io.restassured.filter.Filter$filter$0.call(Unknown Source)


	at io.restassured.internal.filter.FilterContextImpl.next(FilterContextImpl.groovy:72)


	at io.restassured.filter.FilterContext$next.call(Unknown Source)


	at io.restassured.internal.RequestSpecificationImpl.applyPathParamsAndSendRequest(RequestSpecificationImpl.groovy:1655)


	at sun.reflect.GeneratedMethodAccessor114.invoke(Unknown Source)


	at sun.reflect.DelegatingMethodAccessorImpl.invoke(DelegatingMethodAccessorImpl.java:43)


	at java.lang.reflect.Method.invoke(Method.java:498)


	at org.codehaus.groovy.reflection.CachedMethod.invoke(CachedMethod.java:107)


	at groovy.lang.MetaMethod.doMethodInvoke(MetaMethod.java:323)


	at groovy.lang.MetaClassImpl.invokeMethod(MetaClassImpl.java:1267)


	at groovy.lang.MetaClassImpl.invokeMethod(MetaClassImpl.java:1034)


	at groovy.lang.MetaClassImpl.invokeMethod(MetaClassImpl.java:818)


	at groovy.lang.GroovyObject.invokeMethod(GroovyObject.java:39)


	at org.codehaus.groovy.runtime.callsite.PogoInterceptableSite.call(PogoInterceptableSite.java:45)


	at org.codehaus.groovy.runtime.callsite.PogoInterceptableSite.callCurrent(PogoInterceptableSite.java:55)


	at org.codehaus.groovy.runtime.callsite.AbstractCallSite.callCurrent(AbstractCallSite.java:203)


	at io.restassured.internal.RequestSpecificationImpl.applyPathParamsAndSendRequest(RequestSpecificationImpl.groovy:1661)


	at sun.reflect.GeneratedMethodAccessor113.invoke(Unknown Source)


	at sun.reflect.DelegatingMethodAccessorImpl.invoke(DelegatingMethodAccessorImpl.java:43)


	at java.lang.reflect.Method.invoke(Method.java:498)


	at org.codehaus.groovy.reflection.CachedMethod.invoke(CachedMethod.java:107)


	at groovy.lang.MetaMethod.doMethodInvoke(MetaMethod.java:323)


	at groovy.lang.MetaClassImpl.invokeMethod(MetaClassImpl.java:1267)


	at groovy.lang.MetaClassImpl.invokeMethod(MetaClassImpl.java:1034)


	at groovy.lang.MetaClassImpl.invokeMethod(MetaClassImpl.java:818)


	at groovy.lang.GroovyObject.invokeMethod(GroovyObject.java:39)


	at org.codehaus.groovy.runtime.callsite.PogoInterceptableSite.call(PogoInterceptableSite.java:45)


	at org.codehaus.groovy.runtime.callsite.PogoInterceptableSite.callCurrent(PogoInterceptableSite.java:55)


	at org.codehaus.groovy.runtime.callsite.AbstractCallSite.callCurrent(AbstractCallSite.java:203)


	at io.restassured.internal.RequestSpecificationImpl.post(RequestSpecificationImpl.groovy:175)


	at net.serenitybdd.rest.decorators.request.RequestSpecificationDecorated.executeCall(RequestSpecificationDecorated.java:309)


	at net.serenitybdd.rest.decorators.request.RequestSpecificationDecorated.execute(RequestSpecificationDecorated.java:268)


	at net.serenitybdd.rest.decorators.request.RequestSpecificationDecorated.post(RequestSpecificationDecorated.java:120)


	at net.serenitybdd.rest.decorators.request.RequestSpecificationDecorated.post(RequestSpecificationDecorated.java:38)


	at MusicLab.StepDefinitions.Review.PostCreateReviewInMentorValidDataStepdefs.sendPostCreateReview(PostCreateReviewInMentorValidDataStepdefs.java:28)


	at ?.Send post create Review(classpath:features/Cucumber/Review/PostCreateReviewinMentorValidData.feature:6)


Caused by: java.io.FileNotFoundException: D:\Alterra\Automation\API\MusicLab-QE-APITesting\src\test\resources\features\JSON\ReqBody\ReviewPostCreateReviewinMentorValidData.json.json (The system cannot find the file specified)


	at java.io.FileInputStream.open0(Native Method)


	at java.io.FileInputStream.open(FileInputStream.java:195)


	at java.io.FileInputStream.<init>(FileInputStream.java:138)


	at org.codehaus.groovy.runtime.ResourceGroovyMethods.newReader(ResourceGroovyMethods.java:1797)


	at org.codehaus.groovy.runtime.ResourceGroovyMethods.getText(ResourceGroovyMethods.java:579)


	at org.codehaus.groovy.runtime.dgm$1042.invoke(Unknown Source)


	at org.codehaus.groovy.runtime.callsite.PojoMetaMethodSite$PojoMetaMethodSiteNoUnwrapNoCoerce.invoke(PojoMetaMethodSite.java:247)


	at org.codehaus.groovy.runtime.callsite.PojoMetaMethodSite.call(PojoMetaMethodSite.java:56)


	at org.codehaus.groovy.runtime.callsite.AbstractCallSite.call(AbstractCallSite.java:139)


	at io.restassured.internal.support.FileReader.readToString(FileReader.groovy:23)


	at io.restassured.internal.http.EncoderRegistry.toString(EncoderRegistry.java:461)


	at io.restassured.internal.http.EncoderRegistry.encodeJSON(EncoderRegistry.java:287)


	at sun.reflect.GeneratedMethodAccessor185.invoke(Unknown Source)


	at sun.reflect.DelegatingMethodAccessorImpl.invoke(DelegatingMethodAccessorImpl.java:43)


	at java.lang.reflect.Method.invoke(Method.java:498)


	at org.codehaus.groovy.reflection.CachedMethod.invoke(CachedMethod.java:107)


	at groovy.lang.MetaMethod.doMethodInvoke(MetaMethod.java:323)


	at groovy.lang.MetaClassImpl.invokeMethod(MetaClassImpl.java:1267)


	at groovy.lang.MetaClassImpl.invokeMethodClosure(MetaClassImpl.java:1047)


	at groovy.lang.MetaClassImpl.invokeMethod(MetaClassImpl.java:1141)


	at groovy.lang.MetaClassImpl.invokeMethod(MetaClassImpl.java:1034)


	at groovy.lang.Closure.call(Closure.java:412)


	at io.restassured.internal.http.HTTPBuilder$RequestConfigDelegate.setBody(HTTPBuilder.java:1114)


	at io.restassured.internal.http.HTTPBuilder$RequestConfigDelegate.setPropertiesFromMap(HTTPBuilder.java:1026)


	at io.restassured.internal.http.HTTPBuilder.post(HTTPBuilder.java:345)


	at io.restassured.internal.http.HTTPBuilder$post$2.call(Unknown Source)


	at io.restassured.internal.RequestSpecificationImpl.sendRequest(RequestSpecificationImpl.groovy:1181)


	at sun.reflect.GeneratedMethodAccessor120.invoke(Unknown Source)


	at sun.reflect.DelegatingMethodAccessorImpl.invoke(DelegatingMethodAccessorImpl.java:43)


	at java.lang.reflect.Method.invoke(Method.java:498)


	at org.codehaus.groovy.reflection.CachedMethod.invoke(CachedMethod.java:107)


	at groovy.lang.MetaMethod.doMethodInvoke(MetaMethod.java:323)


	at groovy.lang.MetaClassImpl.invokeMethod(MetaClassImpl.java:1267)


	at groovy.lang.MetaClassImpl.invokeMethod(MetaClassImpl.java:1034)


	at groovy.lang.MetaClassImpl.invokeMethod(MetaClassImpl.java:818)


	at groovy.lang.GroovyObject.invokeMethod(GroovyObject.java:39)


	at org.codehaus.groovy.runtime.callsite.PogoInterceptableSite.call(PogoInterceptableSite.java:45)


	at org.codehaus.groovy.runtime.callsite.AbstractCallSite.call(AbstractCallSite.java:166)


	at io.restassured.internal.filter.SendRequestFilter.filter(SendRequestFilter.groovy:30)


	at io.restassured.filter.Filter$filter$0.call(Unknown Source)


	at org.codehaus.groovy.runtime.callsite.CallSiteArray.defaultCall(CallSiteArray.java:47)


	at io.restassured.filter.Filter$filter.call(Unknown Source)


	at io.restassured.internal.filter.FilterContextImpl.next(FilterContextImpl.groovy:72)


	at io.restassured.filter.time.TimingFilter.filter(TimingFilter.java:56)


	at io.restassured.filter.Filter$filter.call(Unknown Source)


	at org.codehaus.groovy.runtime.callsite.CallSiteArray.defaultCall(CallSiteArray.java:47)


	at io.restassured.filter.Filter$filter.call(Unknown Source)


	at io.restassured.internal.filter.FilterContextImpl.next(FilterContextImpl.groovy:72)


	at io.restassured.filter.log.RequestLoggingFilter.filter(RequestLoggingFilter.java:140)


	at net.serenitybdd.rest.filters.FieldsRecordingFilter.filter(FieldsRecordingFilter.java:40)


	at io.restassured.filter.Filter$filter.call(Unknown Source)


	at io.restassured.internal.filter.FilterContextImpl.next(FilterContextImpl.groovy:72)


	at io.restassured.filter.log.RequestLoggingFilter.filter(RequestLoggingFilter.java:140)


	at net.serenitybdd.rest.filters.FieldsRecordingFilter.filter(FieldsRecordingFilter.java:40)


	at io.restassured.filter.Filter$filter.call(Unknown Source)


	at io.restassured.internal.filter.FilterContextImpl.next(FilterContextImpl.groovy:72)


	at io.restassured.filter.log.RequestLoggingFilter.filter(RequestLoggingFilter.java:140)


	at net.serenitybdd.rest.filters.FieldsRecordingFilter.filter(FieldsRecordingFilter.java:40)


	at io.restassured.filter.Filter$filter.call(Unknown Source)


	at io.restassured.internal.filter.FilterContextImpl.next(FilterContextImpl.groovy:72)


	at io.restassured.filter.log.RequestLoggingFilter.filter(RequestLoggingFilter.java:140)


	at net.serenitybdd.rest.filters.FieldsRecordingFilter.filter(FieldsRecordingFilter.java:40)


	at io.restassured.filter.Filter$filter.call(Unknown Source)


	at io.restassured.internal.filter.FilterContextImpl.next(FilterContextImpl.groovy:72)


	at io.restassured.filter.log.RequestLoggingFilter.filter(RequestLoggingFilter.java:140)


	at net.serenitybdd.rest.filters.FieldsRecordingFilter.filter(FieldsRecordingFilter.java:40)


	at io.restassured.filter.Filter$filter.call(Unknown Source)


	at io.restassured.internal.filter.FilterContextImpl.next(FilterContextImpl.groovy:72)


	at io.restassured.filter.log.RequestLoggingFilter.filter(RequestLoggingFilter.java:140)


	at net.serenitybdd.rest.filters.FieldsRecordingFilter.filter(FieldsRecordingFilter.java:40)


	at io.restassured.filter.Filter$filter.call(Unknown Source)


	at org.codehaus.groovy.runtime.callsite.CallSiteArray.defaultCall(CallSiteArray.java:47)


	at io.restassured.filter.Filter$filter$0.call(Unknown Source)


	at io.restassured.internal.filter.FilterContextImpl.next(FilterContextImpl.groovy:72)


	at io.restassured.filter.FilterContext$next.call(Unknown Source)


	at io.restassured.internal.RequestSpecificationImpl.applyPathParamsAndSendRequest(RequestSpecificationImpl.groovy:1655)


	at sun.reflect.GeneratedMethodAccessor114.invoke(Unknown Source)


	at sun.reflect.DelegatingMethodAccessorImpl.invoke(DelegatingMethodAccessorImpl.java:43)


	at java.lang.reflect.Method.invoke(Method.java:498)


	at org.codehaus.groovy.reflection.CachedMethod.invoke(CachedMethod.java:107)


	at groovy.lang.MetaMethod.doMethodInvoke(MetaMethod.java:323)


	at groovy.lang.MetaClassImpl.invokeMethod(MetaClassImpl.java:1267)


	at groovy.lang.MetaClassImpl.invokeMethod(MetaClassImpl.java:1034)


	at groovy.lang.MetaClassImpl.invokeMethod(MetaClassImpl.java:818)


	at groovy.lang.GroovyObject.invokeMethod(GroovyObject.java:39)


	at org.codehaus.groovy.runtime.callsite.PogoInterceptableSite.call(PogoInterceptableSite.java:45)


	at org.codehaus.groovy.runtime.callsite.PogoInterceptableSite.callCurrent(PogoInterceptableSite.java:55)


	at org.codehaus.groovy.runtime.callsite.AbstractCallSite.callCurrent(AbstractCallSite.java:203)


	at io.restassured.internal.RequestSpecificationImpl.applyPathParamsAndSendRequest(RequestSpecificationImpl.groovy:1661)


	at sun.reflect.GeneratedMethodAccessor113.invoke(Unknown Source)


	at sun.reflect.DelegatingMethodAccessorImpl.invoke(DelegatingMethodAccessorImpl.java:43)


	at java.lang.reflect.Method.invoke(Method.java:498)


	at org.codehaus.groovy.reflection.CachedMethod.invoke(CachedMethod.java:107)


	at groovy.lang.MetaMethod.doMethodInvoke(MetaMethod.java:323)


	at groovy.lang.MetaClassImpl.invokeMethod(MetaClassImpl.java:1267)


	at groovy.lang.MetaClassImpl.invokeMethod(MetaClassImpl.java:1034)


	at groovy.lang.MetaClassImpl.invokeMethod(MetaClassImpl.java:818)


	at groovy.lang.GroovyObject.invokeMethod(GroovyObject.java:39)


	at org.codehaus.groovy.runtime.callsite.PogoInterceptableSite.call(PogoInterceptableSite.java:45)


	at org.codehaus.groovy.runtime.callsite.PogoInterceptableSite.callCurrent(PogoInterceptableSite.java:55)


	at org.codehaus.groovy.runtime.callsite.AbstractCallSite.callCurrent(AbstractCallSite.java:203)


	at io.restassured.internal.RequestSpecificationImpl.post(RequestSpecificationImpl.groovy:175)


	at net.serenitybdd.rest.decorators.request.RequestSpecificationDecorated.executeCall(RequestSpecificationDecorated.java:309)


	at net.serenitybdd.rest.decorators.request.RequestSpecificationDecorated.execute(RequestSpecificationDecorated.java:268)


	at net.serenitybdd.rest.decorators.request.RequestSpecificationDecorated.post(RequestSpecificationDecorated.java:120)


	at net.serenitybdd.rest.decorators.request.RequestSpecificationDecorated.post(RequestSpecificationDecorated.java:38)


	at MusicLab.StepDefinitions.Review.PostCreateReviewInMentorValidDataStepdefs.sendPostCreateReview(PostCreateReviewInMentorValidDataStepdefs.java:28)


	at sun.reflect.NativeMethodAccessorImpl.invoke0(Native Method)


	at sun.reflect.NativeMethodAccessorImpl.invoke(NativeMethodAccessorImpl.java:62)


	at sun.reflect.DelegatingMethodAccessorImpl.invoke(DelegatingMethodAccessorImpl.java:43)


	at java.lang.reflect.Method.invoke(Method.java:498)


	at io.cucumber.java.Invoker.doInvoke(Invoker.java:66)


	at io.cucumber.java.Invoker.invoke(Invoker.java:24)


	at io.cucumber.java.AbstractGlueDefinition.invokeMethod(AbstractGlueDefinition.java:47)


	at io.cucumber.java.JavaStepDefinition.execute(JavaStepDefinition.java:29)


	at io.cucumber.core.runner.CoreStepDefinition.execute(CoreStepDefinition.java:66)


	at io.cucumber.core.runner.PickleStepDefinitionMatch.runStep(PickleStepDefinitionMatch.java:63)


	at io.cucumber.core.runner.ExecutionMode$1.execute(ExecutionMode.java:10)


	at io.cucumber.core.runner.TestStep.executeStep(TestStep.java:92)


	at io.cucumber.core.runner.TestStep.run(TestStep.java:64)


	at io.cucumber.core.runner.PickleStepTestStep.run(PickleStepTestStep.java:51)


	at io.cucumber.core.runner.TestCase.run(TestCase.java:104)


	at io.cucumber.core.runner.Runner.runPickle(Runner.java:73)


	at io.cucumber.junit.PickleRunners$NoStepDescriptions.run(PickleRunners.java:151)


	at io.cucumber.junit.FeatureRunner.runChild(FeatureRunner.java:135)


	at io.cucumber.junit.FeatureRunner.runChild(FeatureRunner.java:27)


	at org.junit.runners.ParentRunner$4.run(ParentRunner.java:331)


	at org.junit.runners.ParentRunner$1.schedule(ParentRunner.java:79)


	at org.junit.runners.ParentRunner.runChildren(ParentRunner.java:329)


	at org.junit.runners.ParentRunner.access$100(ParentRunner.java:66)


	at org.junit.runners.ParentRunner$2.evaluate(ParentRunner.java:293)


	at org.junit.runners.ParentRunner$3.evaluate(ParentRunner.java:306)


	at org.junit.runners.ParentRunner.run(ParentRunner.java:413)


	at io.cucumber.junit.CucumberSerenityRunner.runChild(CucumberSerenityRunner.java:258)


	at io.cucumber.junit.CucumberSerenityRunner.runChild(CucumberSerenityRunner.java:57)


	at org.junit.runners.ParentRunner$4.run(ParentRunner.java:331)


	at org.apache.maven.surefire.junitcore.pc.Scheduler$1.run(Scheduler.java:405)


	at org.apache.maven.surefire.junitcore.pc.InvokerStrategy.schedule(InvokerStrategy.java:54)


	at org.apache.maven.surefire.junitcore.pc.Scheduler.schedule(Scheduler.java:362)


	at org.junit.runners.ParentRunner.runChildren(ParentRunner.java:329)


	at org.junit.runners.ParentRunner.access$100(ParentRunner.java:66)


	at org.junit.runners.ParentRunner$2.evaluate(ParentRunner.java:293)


	at io.cucumber.junit.CucumberSerenityRunner$RunCucumber.evaluate(CucumberSerenityRunner.java:286)


	at org.junit.runners.ParentRunner$3.evaluate(ParentRunner.java:306)


	at org.junit.runners.ParentRunner.run(ParentRunner.java:413)


	at org.junit.runners.Suite.runChild(Suite.java:128)


	at org.junit.runners.Suite.runChild(Suite.java:27)


	at org.junit.runners.ParentRunner$4.run(ParentRunner.java:331)


	at org.apache.maven.surefire.junitcore.pc.Scheduler$1.run(Scheduler.java:405)


	at java.util.concurrent.Executors$RunnableAdapter.call(Executors.java:511)


	at java.util.concurrent.FutureTask.run(FutureTask.java:266)


	at java.util.concurrent.ThreadPoolExecutor.runWorker(ThreadPoolExecutor.java:1149)


	at java.util.concurrent.ThreadPoolExecutor$Worker.run(ThreadPoolExecutor.java:624)


	at java.lang.Thread.run(Thread.java:750)




java.lang.RuntimeException: Some exception during recording fields


	at net.serenitybdd.rest.filters.FieldsRecordingFilter.filter(FieldsRecordingFilter.java:52)


	at io.restassured.filter.Filter$filter.call(Unknown Source)


	at io.restassured.internal.filter.FilterContextImpl.next(FilterContextImpl.groovy:72)


	at io.restassured.filter.log.RequestLoggingFilter.filter(RequestLoggingFilter.java:140)


	at net.serenitybdd.rest.filters.FieldsRecordingFilter.filter(FieldsRecordingFilter.java:40)


	at io.restassured.filter.Filter$filter.call(Unknown Source)


	at io.restassured.internal.filter.FilterContextImpl.next(FilterContextImpl.groovy:72)


	at io.restassured.filter.log.RequestLoggingFilter.filter(RequestLoggingFilter.java:140)


	at net.serenitybdd.rest.filters.FieldsRecordingFilter.filter(FieldsRecordingFilter.java:40)


	at io.restassured.filter.Filter$filter.call(Unknown Source)


	at io.restassured.internal.filter.FilterContextImpl.next(FilterContextImpl.groovy:72)


	at io.restassured.filter.log.RequestLoggingFilter.filter(RequestLoggingFilter.java:140)


	at net.serenitybdd.rest.filters.FieldsRecordingFilter.filter(FieldsRecordingFilter.java:40)


	at io.restassured.filter.Filter$filter.call(Unknown Source)


	at io.restassured.internal.filter.FilterContextImpl.next(FilterContextImpl.groovy:72)


	at io.restassured.filter.log.RequestLoggingFilter.filter(RequestLoggingFilter.java:140)


	at net.serenitybdd.rest.filters.FieldsRecordingFilter.filter(FieldsRecordingFilter.java:40)


	at io.restassured.filter.Filter$filter.call(Unknown Source)


	at io.restassured.internal.filter.FilterContextImpl.next(FilterContextImpl.groovy:72)


	at io.restassured.filter.log.RequestLoggingFilter.filter(RequestLoggingFilter.java:140)


	at net.serenitybdd.rest.filters.FieldsRecordingFilter.filter(FieldsRecordingFilter.java:40)


	at io.restassured.filter.Filter$filter.call(Unknown Source)


	at org.codehaus.groovy.runtime.callsite.CallSiteArray.defaultCall(CallSiteArray.java:47)


	at io.restassured.filter.Filter$filter$0.call(Unknown Source)


	at io.restassured.internal.filter.FilterContextImpl.next(FilterContextImpl.groovy:72)


	at io.restassured.filter.FilterContext$next.call(Unknown Source)


	at io.restassured.internal.RequestSpecificationImpl.applyPathParamsAndSendRequest(RequestSpecificationImpl.groovy:1655)


	at sun.reflect.GeneratedMethodAccessor114.invoke(Unknown Source)


	at sun.reflect.DelegatingMethodAccessorImpl.invoke(DelegatingMethodAccessorImpl.java:43)


	at java.lang.reflect.Method.invoke(Method.java:498)


	at org.codehaus.groovy.reflection.CachedMethod.invoke(CachedMethod.java:107)


	at groovy.lang.MetaMethod.doMethodInvoke(MetaMethod.java:323)


	at groovy.lang.MetaClassImpl.invokeMethod(MetaClassImpl.java:1267)


	at groovy.lang.MetaClassImpl.invokeMethod(MetaClassImpl.java:1034)


	at groovy.lang.MetaClassImpl.invokeMethod(MetaClassImpl.java:818)


	at groovy.lang.GroovyObject.invokeMethod(GroovyObject.java:39)


	at org.codehaus.groovy.runtime.callsite.PogoInterceptableSite.call(PogoInterceptableSite.java:45)


	at org.codehaus.groovy.runtime.callsite.PogoInterceptableSite.callCurrent(PogoInterceptableSite.java:55)


	at org.codehaus.groovy.runtime.callsite.AbstractCallSite.callCurrent(AbstractCallSite.java:203)


	at io.restassured.internal.RequestSpecificationImpl.applyPathParamsAndSendRequest(RequestSpecificationImpl.groovy:1661)


	at sun.reflect.GeneratedMethodAccessor113.invoke(Unknown Source)


	at sun.reflect.DelegatingMethodAccessorImpl.invoke(DelegatingMethodAccessorImpl.java:43)


	at java.lang.reflect.Method.invoke(Method.java:498)


	at org.codehaus.groovy.reflection.CachedMethod.invoke(CachedMethod.java:107)


	at groovy.lang.MetaMethod.doMethodInvoke(MetaMethod.java:323)


	at groovy.lang.MetaClassImpl.invokeMethod(MetaClassImpl.java:1267)


	at groovy.lang.MetaClassImpl.invokeMethod(MetaClassImpl.java:1034)


	at groovy.lang.MetaClassImpl.invokeMethod(MetaClassImpl.java:818)


	at groovy.lang.GroovyObject.invokeMethod(GroovyObject.java:39)


	at org.codehaus.groovy.runtime.callsite.PogoInterceptableSite.call(PogoInterceptableSite.java:45)


	at org.codehaus.groovy.runtime.callsite.PogoInterceptableSite.callCurrent(PogoInterceptableSite.java:55)


	at org.codehaus.groovy.runtime.callsite.AbstractCallSite.callCurrent(AbstractCallSite.java:203)


	at io.restassured.internal.RequestSpecificationImpl.post(RequestSpecificationImpl.groovy:175)


	at net.serenitybdd.rest.decorators.request.RequestSpecificationDecorated.executeCall(RequestSpecificationDecorated.java:309)


	at net.serenitybdd.rest.decorators.request.RequestSpecificationDecorated.execute(RequestSpecificationDecorated.java:268)


	at net.serenitybdd.rest.decorators.request.RequestSpecificationDecorated.post(RequestSpecificationDecorated.java:120)


	at net.serenitybdd.rest.decorators.request.RequestSpecificationDecorated.post(RequestSpecificationDecorated.java:38)


	at MusicLab.StepDefinitions.Review.PostCreateReviewInMentorValidDataStepdefs.sendPostCreateReview(PostCreateReviewInMentorValidDataStepdefs.java:28)


	at ?.Send post create Review(classpath:features/Cucumber/Review/PostCreateReviewinMentorwithInvalid.feature:6)


Caused by: java.io.FileNotFoundException: D:\Alterra\Automation\API\MusicLab-QE-APITesting\src\test\resources\features\JSON\ReqBody\ReviewPostCreateReviewinMentorWithInvalid.json.json (The system cannot find the file specified)


	at java.io.FileInputStream.open0(Native Method)


	at java.io.FileInputStream.open(FileInputStream.java:195)


	at java.io.FileInputStream.<init>(FileInputStream.java:138)


	at org.codehaus.groovy.runtime.ResourceGroovyMethods.newReader(ResourceGroovyMethods.java:1797)


	at org.codehaus.groovy.runtime.ResourceGroovyMethods.getText(ResourceGroovyMethods.java:579)


	at org.codehaus.groovy.runtime.dgm$1042.invoke(Unknown Source)


	at org.codehaus.groovy.runtime.callsite.PojoMetaMethodSite$PojoMetaMethodSiteNoUnwrapNoCoerce.invoke(PojoMetaMethodSite.java:247)


	at org.codehaus.groovy.runtime.callsite.PojoMetaMethodSite.call(PojoMetaMethodSite.java:56)


	at org.codehaus.groovy.runtime.callsite.AbstractCallSite.call(AbstractCallSite.java:139)


	at io.restassured.internal.support.FileReader.readToString(FileReader.groovy:23)


	at io.restassured.internal.http.EncoderRegistry.toString(EncoderRegistry.java:461)


	at io.restassured.internal.http.EncoderRegistry.encodeJSON(EncoderRegistry.java:287)


	at sun.reflect.GeneratedMethodAccessor185.invoke(Unknown Source)


	at sun.reflect.DelegatingMethodAccessorImpl.invoke(DelegatingMethodAccessorImpl.java:43)


	at java.lang.reflect.Method.invoke(Method.java:498)


	at org.codehaus.groovy.reflection.CachedMethod.invoke(CachedMethod.java:107)


	at groovy.lang.MetaMethod.doMethodInvoke(MetaMethod.java:323)


	at groovy.lang.MetaClassImpl.invokeMethod(MetaClassImpl.java:1267)


	at groovy.lang.MetaClassImpl.invokeMethodClosure(MetaClassImpl.java:1047)


	at groovy.lang.MetaClassImpl.invokeMethod(MetaClassImpl.java:1141)


	at groovy.lang.MetaClassImpl.invokeMethod(MetaClassImpl.java:1034)


	at groovy.lang.Closure.call(Closure.java:412)


	at io.restassured.internal.http.HTTPBuilder$RequestConfigDelegate.setBody(HTTPBuilder.java:1114)


	at io.restassured.internal.http.HTTPBuilder$RequestConfigDelegate.setPropertiesFromMap(HTTPBuilder.java:1026)


	at io.restassured.internal.http.HTTPBuilder.post(HTTPBuilder.java:345)


	at io.restassured.internal.http.HTTPBuilder$post$2.call(Unknown Source)


	at io.restassured.internal.RequestSpecificationImpl.sendRequest(RequestSpecificationImpl.groovy:1181)


	at sun.reflect.GeneratedMethodAccessor120.invoke(Unknown Source)


	at sun.reflect.DelegatingMethodAccessorImpl.invoke(DelegatingMethodAccessorImpl.java:43)


	at java.lang.reflect.Method.invoke(Method.java:498)


	at org.codehaus.groovy.reflection.CachedMethod.invoke(CachedMethod.java:107)


	at groovy.lang.MetaMethod.doMethodInvoke(MetaMethod.java:323)


	at groovy.lang.MetaClassImpl.invokeMethod(MetaClassImpl.java:1267)


	at groovy.lang.MetaClassImpl.invokeMethod(MetaClassImpl.java:1034)


	at groovy.lang.MetaClassImpl.invokeMethod(MetaClassImpl.java:818)


	at groovy.lang.GroovyObject.invokeMethod(GroovyObject.java:39)


	at org.codehaus.groovy.runtime.callsite.PogoInterceptableSite.call(PogoInterceptableSite.java:45)


	at org.codehaus.groovy.runtime.callsite.AbstractCallSite.call(AbstractCallSite.java:166)


	at io.restassured.internal.filter.SendRequestFilter.filter(SendRequestFilter.groovy:30)


	at io.restassured.filter.Filter$filter$0.call(Unknown Source)


	at org.codehaus.groovy.runtime.callsite.CallSiteArray.defaultCall(CallSiteArray.java:47)


	at io.restassured.filter.Filter$filter.call(Unknown Source)


	at io.restassured.internal.filter.FilterContextImpl.next(FilterContextImpl.groovy:72)


	at io.restassured.filter.time.TimingFilter.filter(TimingFilter.java:56)


	at io.restassured.filter.Filter$filter.call(Unknown Source)


	at org.codehaus.groovy.runtime.callsite.CallSiteArray.defaultCall(CallSiteArray.java:47)


	at io.restassured.filter.Filter$filter.call(Unknown Source)


	at io.restassured.internal.filter.FilterContextImpl.next(FilterContextImpl.groovy:72)


	at io.restassured.filter.log.RequestLoggingFilter.filter(RequestLoggingFilter.java:140)


	at net.serenitybdd.rest.filters.FieldsRecordingFilter.filter(FieldsRecordingFilter.java:40)


	at io.restassured.filter.Filter$filter.call(Unknown Source)


	at io.restassured.internal.filter.FilterContextImpl.next(FilterContextImpl.groovy:72)


	at io.restassured.filter.log.RequestLoggingFilter.filter(RequestLoggingFilter.java:140)


	at net.serenitybdd.rest.filters.FieldsRecordingFilter.filter(FieldsRecordingFilter.java:40)


	at io.restassured.filter.Filter$filter.call(Unknown Source)


	at io.restassured.internal.filter.FilterContextImpl.next(FilterContextImpl.groovy:72)


	at io.restassured.filter.log.RequestLoggingFilter.filter(RequestLoggingFilter.java:140)


	at net.serenitybdd.rest.filters.FieldsRecordingFilter.filter(FieldsRecordingFilter.java:40)


	at io.restassured.filter.Filter$filter.call(Unknown Source)


	at io.restassured.internal.filter.FilterContextImpl.next(FilterContextImpl.groovy:72)


	at io.restassured.filter.log.RequestLoggingFilter.filter(RequestLoggingFilter.java:140)


	at net.serenitybdd.rest.filters.FieldsRecordingFilter.filter(FieldsRecordingFilter.java:40)


	at io.restassured.filter.Filter$filter.call(Unknown Source)


	at io.restassured.internal.filter.FilterContextImpl.next(FilterContextImpl.groovy:72)


	at io.restassured.filter.log.RequestLoggingFilter.filter(RequestLoggingFilter.java:140)


	at net.serenitybdd.rest.filters.FieldsRecordingFilter.filter(FieldsRecordingFilter.java:40)


	at io.restassured.filter.Filter$filter.call(Unknown Source)


	at io.restassured.internal.filter.FilterContextImpl.next(FilterContextImpl.groovy:72)


	at io.restassured.filter.log.RequestLoggingFilter.filter(RequestLoggingFilter.java:140)


	at net.serenitybdd.rest.filters.FieldsRecordingFilter.filter(FieldsRecordingFilter.java:40)


	at io.restassured.filter.Filter$filter.call(Unknown Source)


	at org.codehaus.groovy.runtime.callsite.CallSiteArray.defaultCall(CallSiteArray.java:47)


	at io.restassured.filter.Filter$filter$0.call(Unknown Source)


	at io.restassured.internal.filter.FilterContextImpl.next(FilterContextImpl.groovy:72)


	at io.restassured.filter.FilterContext$next.call(Unknown Source)


	at io.restassured.internal.RequestSpecificationImpl.applyPathParamsAndSendRequest(RequestSpecificationImpl.groovy:1655)


	at sun.reflect.GeneratedMethodAccessor114.invoke(Unknown Source)


	at sun.reflect.DelegatingMethodAccessorImpl.invoke(DelegatingMethodAccessorImpl.java:43)


	at java.lang.reflect.Method.invoke(Method.java:498)


	at org.codehaus.groovy.reflection.CachedMethod.invoke(CachedMethod.java:107)


	at groovy.lang.MetaMethod.doMethodInvoke(MetaMethod.java:323)


	at groovy.lang.MetaClassImpl.invokeMethod(MetaClassImpl.java:1267)


	at groovy.lang.MetaClassImpl.invokeMethod(MetaClassImpl.java:1034)


	at groovy.lang.MetaClassImpl.invokeMethod(MetaClassImpl.java:818)


	at groovy.lang.GroovyObject.invokeMethod(GroovyObject.java:39)


	at org.codehaus.groovy.runtime.callsite.PogoInterceptableSite.call(PogoInterceptableSite.java:45)


	at org.codehaus.groovy.runtime.callsite.PogoInterceptableSite.callCurrent(PogoInterceptableSite.java:55)


	at org.codehaus.groovy.runtime.callsite.AbstractCallSite.callCurrent(AbstractCallSite.java:203)


	at io.restassured.internal.RequestSpecificationImpl.applyPathParamsAndSendRequest(RequestSpecificationImpl.groovy:1661)


	at sun.reflect.GeneratedMethodAccessor113.invoke(Unknown Source)


	at sun.reflect.DelegatingMethodAccessorImpl.invoke(DelegatingMethodAccessorImpl.java:43)


	at java.lang.reflect.Method.invoke(Method.java:498)


	at org.codehaus.groovy.reflection.CachedMethod.invoke(CachedMethod.java:107)


	at groovy.lang.MetaMethod.doMethodInvoke(MetaMethod.java:323)


	at groovy.lang.MetaClassImpl.invokeMethod(MetaClassImpl.java:1267)


	at groovy.lang.MetaClassImpl.invokeMethod(MetaClassImpl.java:1034)


	at groovy.lang.MetaClassImpl.invokeMethod(MetaClassImpl.java:818)


	at groovy.lang.GroovyObject.invokeMethod(GroovyObject.java:39)


	at org.codehaus.groovy.runtime.callsite.PogoInterceptableSite.call(PogoInterceptableSite.java:45)


	at org.codehaus.groovy.runtime.callsite.PogoInterceptableSite.callCurrent(PogoInterceptableSite.java:55)


	at org.codehaus.groovy.runtime.callsite.AbstractCallSite.callCurrent(AbstractCallSite.java:203)


	at io.restassured.internal.RequestSpecificationImpl.post(RequestSpecificationImpl.groovy:175)


	at net.serenitybdd.rest.decorators.request.RequestSpecificationDecorated.executeCall(RequestSpecificationDecorated.java:309)


	at net.serenitybdd.rest.decorators.request.RequestSpecificationDecorated.execute(RequestSpecificationDecorated.java:268)


	at net.serenitybdd.rest.decorators.request.RequestSpecificationDecorated.post(RequestSpecificationDecorated.java:120)


	at net.serenitybdd.rest.decorators.request.RequestSpecificationDecorated.post(RequestSpecificationDecorated.java:38)


	at MusicLab.StepDefinitions.Review.PostCreateReviewInMentorValidDataStepdefs.sendPostCreateReview(PostCreateReviewInMentorValidDataStepdefs.java:28)


	at sun.reflect.NativeMethodAccessorImpl.invoke0(Native Method)


	at sun.reflect.NativeMethodAccessorImpl.invoke(NativeMethodAccessorImpl.java:62)


	at sun.reflect.DelegatingMethodAccessorImpl.invoke(DelegatingMethodAccessorImpl.java:43)


	at java.lang.reflect.Method.invoke(Method.java:498)


	at io.cucumber.java.Invoker.doInvoke(Invoker.java:66)


	at io.cucumber.java.Invoker.invoke(Invoker.java:24)


	at io.cucumber.java.AbstractGlueDefinition.invokeMethod(AbstractGlueDefinition.java:47)


	at io.cucumber.java.JavaStepDefinition.execute(JavaStepDefinition.java:29)


	at io.cucumber.core.runner.CoreStepDefinition.execute(CoreStepDefinition.java:66)


	at io.cucumber.core.runner.PickleStepDefinitionMatch.runStep(PickleStepDefinitionMatch.java:63)


	at io.cucumber.core.runner.ExecutionMode$1.execute(ExecutionMode.java:10)


	at io.cucumber.core.runner.TestStep.executeStep(TestStep.java:92)


	at io.cucumber.core.runner.TestStep.run(TestStep.java:64)


	at io.cucumber.core.runner.PickleStepTestStep.run(PickleStepTestStep.java:51)


	at io.cucumber.core.runner.TestCase.run(TestCase.java:104)


	at io.cucumber.core.runner.Runner.runPickle(Runner.java:73)


	at io.cucumber.junit.PickleRunners$NoStepDescriptions.run(PickleRunners.java:151)


	at io.cucumber.junit.FeatureRunner.runChild(FeatureRunner.java:135)


	at io.cucumber.junit.FeatureRunner.runChild(FeatureRunner.java:27)


	at org.junit.runners.ParentRunner$4.run(ParentRunner.java:331)


	at org.junit.runners.ParentRunner$1.schedule(ParentRunner.java:79)


	at org.junit.runners.ParentRunner.runChildren(ParentRunner.java:329)


	at org.junit.runners.ParentRunner.access$100(ParentRunner.java:66)


	at org.junit.runners.ParentRunner$2.evaluate(ParentRunner.java:293)


	at org.junit.runners.ParentRunner$3.evaluate(ParentRunner.java:306)


	at org.junit.runners.ParentRunner.run(ParentRunner.java:413)


	at io.cucumber.junit.CucumberSerenityRunner.runChild(CucumberSerenityRunner.java:258)


	at io.cucumber.junit.CucumberSerenityRunner.runChild(CucumberSerenityRunner.java:57)


	at org.junit.runners.ParentRunner$4.run(ParentRunner.java:331)


	at org.apache.maven.surefire.junitcore.pc.Scheduler$1.run(Scheduler.java:405)


	at org.apache.maven.surefire.junitcore.pc.InvokerStrategy.schedule(InvokerStrategy.java:54)


	at org.apache.maven.surefire.junitcore.pc.Scheduler.schedule(Scheduler.java:362)


	at org.junit.runners.ParentRunner.runChildren(ParentRunner.java:329)


	at org.junit.runners.ParentRunner.access$100(ParentRunner.java:66)


	at org.junit.runners.ParentRunner$2.evaluate(ParentRunner.java:293)


	at io.cucumber.junit.CucumberSerenityRunner$RunCucumber.evaluate(CucumberSerenityRunner.java:286)


	at org.junit.runners.ParentRunner$3.evaluate(ParentRunner.java:306)


	at org.junit.runners.ParentRunner.run(ParentRunner.java:413)


	at org.junit.runners.Suite.runChild(Suite.java:128)


	at org.junit.runners.Suite.runChild(Suite.java:27)


	at org.junit.runners.ParentRunner$4.run(ParentRunner.java:331)


	at org.apache.maven.surefire.junitcore.pc.Scheduler$1.run(Scheduler.java:405)


	at java.util.concurrent.Executors$RunnableAdapter.call(Executors.java:511)


	at java.util.concurrent.FutureTask.run(FutureTask.java:266)


	at java.util.concurrent.ThreadPoolExecutor.runWorker(ThreadPoolExecutor.java:1149)


	at java.util.concurrent.ThreadPoolExecutor$Worker.run(ThreadPoolExecutor.java:624)


	at java.lang.Thread.run(Thread.java:750)




java.lang.RuntimeException: Some exception during recording fields


	at net.serenitybdd.rest.filters.FieldsRecordingFilter.filter(FieldsRecordingFilter.java:52)


	at io.restassured.filter.Filter$filter.call(Unknown Source)


	at io.restassured.internal.filter.FilterContextImpl.next(FilterContextImpl.groovy:72)


	at io.restassured.filter.log.RequestLoggingFilter.filter(RequestLoggingFilter.java:140)


	at net.serenitybdd.rest.filters.FieldsRecordingFilter.filter(FieldsRecordingFilter.java:40)


	at io.restassured.filter.Filter$filter.call(Unknown Source)


	at io.restassured.internal.filter.FilterContextImpl.next(FilterContextImpl.groovy:72)


	at io.restassured.filter.log.RequestLoggingFilter.filter(RequestLoggingFilter.java:140)


	at net.serenitybdd.rest.filters.FieldsRecordingFilter.filter(FieldsRecordingFilter.java:40)


	at io.restassured.filter.Filter$filter.call(Unknown Source)


	at io.restassured.internal.filter.FilterContextImpl.next(FilterContextImpl.groovy:72)


	at io.restassured.filter.log.RequestLoggingFilter.filter(RequestLoggingFilter.java:140)


	at net.serenitybdd.rest.filters.FieldsRecordingFilter.filter(FieldsRecordingFilter.java:40)


	at io.restassured.filter.Filter$filter.call(Unknown Source)


	at io.restassured.internal.filter.FilterContextImpl.next(FilterContextImpl.groovy:72)


	at io.restassured.filter.log.RequestLoggingFilter.filter(RequestLoggingFilter.java:140)


	at net.serenitybdd.rest.filters.FieldsRecordingFilter.filter(FieldsRecordingFilter.java:40)


	at io.restassured.filter.Filter$filter.call(Unknown Source)


	at io.restassured.internal.filter.FilterContextImpl.next(FilterContextImpl.groovy:72)


	at io.restassured.filter.log.RequestLoggingFilter.filter(RequestLoggingFilter.java:140)


	at net.serenitybdd.rest.filters.FieldsRecordingFilter.filter(FieldsRecordingFilter.java:40)


	at io.restassured.filter.Filter$filter.call(Unknown Source)


	at org.codehaus.groovy.runtime.callsite.CallSiteArray.defaultCall(CallSiteArray.java:47)


	at io.restassured.filter.Filter$filter$0.call(Unknown Source)


	at io.restassured.internal.filter.FilterContextImpl.next(FilterContextImpl.groovy:72)


	at io.restassured.filter.FilterContext$next.call(Unknown Source)


	at io.restassured.internal.RequestSpecificationImpl.applyPathParamsAndSendRequest(RequestSpecificationImpl.groovy:1655)


	at sun.reflect.GeneratedMethodAccessor114.invoke(Unknown Source)


	at sun.reflect.DelegatingMethodAccessorImpl.invoke(DelegatingMethodAccessorImpl.java:43)


	at java.lang.reflect.Method.invoke(Method.java:498)


	at org.codehaus.groovy.reflection.CachedMethod.invoke(CachedMethod.java:107)


	at groovy.lang.MetaMethod.doMethodInvoke(MetaMethod.java:323)


	at groovy.lang.MetaClassImpl.invokeMethod(MetaClassImpl.java:1267)


	at groovy.lang.MetaClassImpl.invokeMethod(MetaClassImpl.java:1034)


	at groovy.lang.MetaClassImpl.invokeMethod(MetaClassImpl.java:818)


	at groovy.lang.GroovyObject.invokeMethod(GroovyObject.java:39)


	at org.codehaus.groovy.runtime.callsite.PogoInterceptableSite.call(PogoInterceptableSite.java:45)


	at org.codehaus.groovy.runtime.callsite.PogoInterceptableSite.callCurrent(PogoInterceptableSite.java:55)


	at org.codehaus.groovy.runtime.callsite.AbstractCallSite.callCurrent(AbstractCallSite.java:203)


	at io.restassured.internal.RequestSpecificationImpl.applyPathParamsAndSendRequest(RequestSpecificationImpl.groovy:1661)


	at sun.reflect.GeneratedMethodAccessor113.invoke(Unknown Source)


	at sun.reflect.DelegatingMethodAccessorImpl.invoke(DelegatingMethodAccessorImpl.java:43)


	at java.lang.reflect.Method.invoke(Method.java:498)


	at org.codehaus.groovy.reflection.CachedMethod.invoke(CachedMethod.java:107)


	at groovy.lang.MetaMethod.doMethodInvoke(MetaMethod.java:323)


	at groovy.lang.MetaClassImpl.invokeMethod(MetaClassImpl.java:1267)


	at groovy.lang.MetaClassImpl.invokeMethod(MetaClassImpl.java:1034)


	at groovy.lang.MetaClassImpl.invokeMethod(MetaClassImpl.java:818)


	at groovy.lang.GroovyObject.invokeMethod(GroovyObject.java:39)


	at org.codehaus.groovy.runtime.callsite.PogoInterceptableSite.call(PogoInterceptableSite.java:45)


	at org.codehaus.groovy.runtime.callsite.PogoInterceptableSite.callCurrent(PogoInterceptableSite.java:55)


	at org.codehaus.groovy.runtime.callsite.AbstractCallSite.callCurrent(AbstractCallSite.java:203)


	at io.restassured.internal.RequestSpecificationImpl.post(RequestSpecificationImpl.groovy:175)


	at net.serenitybdd.rest.decorators.request.RequestSpecificationDecorated.executeCall(RequestSpecificationDecorated.java:309)


	at net.serenitybdd.rest.decorators.request.RequestSpecificationDecorated.execute(RequestSpecificationDecorated.java:268)


	at net.serenitybdd.rest.decorators.request.RequestSpecificationDecorated.post(RequestSpecificationDecorated.java:120)


	at net.serenitybdd.rest.decorators.request.RequestSpecificationDecorated.post(RequestSpecificationDecorated.java:38)


	at MusicLab.StepDefinitions.Review.PostCreateReviewInMentorValidDataStepdefs.sendPostCreateReview(PostCreateReviewInMentorValidDataStepdefs.java:28)


	at ?.Send post create Review(classpath:features/Cucumber/Review/PostCreateReviewinMentorwithInvalid.feature:11)


Caused by: java.io.FileNotFoundException: D:\Alterra\Automation\API\MusicLab-QE-APITesting\src\test\resources\features\JSON\ReqBody\ReviewPostCreateReviewinMentorWithempty.json (The system cannot find the file specified)


	at java.io.FileInputStream.open0(Native Method)


	at java.io.FileInputStream.open(FileInputStream.java:195)


	at java.io.FileInputStream.<init>(FileInputStream.java:138)


	at org.codehaus.groovy.runtime.ResourceGroovyMethods.newReader(ResourceGroovyMethods.java:1797)


	at org.codehaus.groovy.runtime.ResourceGroovyMethods.getText(ResourceGroovyMethods.java:579)


	at org.codehaus.groovy.runtime.dgm$1042.invoke(Unknown Source)


	at org.codehaus.groovy.runtime.callsite.PojoMetaMethodSite$PojoMetaMethodSiteNoUnwrapNoCoerce.invoke(PojoMetaMethodSite.java:247)


	at org.codehaus.groovy.runtime.callsite.PojoMetaMethodSite.call(PojoMetaMethodSite.java:56)


	at org.codehaus.groovy.runtime.callsite.AbstractCallSite.call(AbstractCallSite.java:139)


	at io.restassured.internal.support.FileReader.readToString(FileReader.groovy:23)


	at io.restassured.internal.http.EncoderRegistry.toString(EncoderRegistry.java:461)


	at io.restassured.internal.http.EncoderRegistry.encodeJSON(EncoderRegistry.java:287)


	at sun.reflect.GeneratedMethodAccessor185.invoke(Unknown Source)


	at sun.reflect.DelegatingMethodAccessorImpl.invoke(DelegatingMethodAccessorImpl.java:43)


	at java.lang.reflect.Method.invoke(Method.java:498)


	at org.codehaus.groovy.reflection.CachedMethod.invoke(CachedMethod.java:107)


	at groovy.lang.MetaMethod.doMethodInvoke(MetaMethod.java:323)


	at groovy.lang.MetaClassImpl.invokeMethod(MetaClassImpl.java:1267)


	at groovy.lang.MetaClassImpl.invokeMethodClosure(MetaClassImpl.java:1047)


	at groovy.lang.MetaClassImpl.invokeMethod(MetaClassImpl.java:1141)


	at groovy.lang.MetaClassImpl.invokeMethod(MetaClassImpl.java:1034)


	at groovy.lang.Closure.call(Closure.java:412)


	at io.restassured.internal.http.HTTPBuilder$RequestConfigDelegate.setBody(HTTPBuilder.java:1114)


	at io.restassured.internal.http.HTTPBuilder$RequestConfigDelegate.setPropertiesFromMap(HTTPBuilder.java:1026)


	at io.restassured.internal.http.HTTPBuilder.post(HTTPBuilder.java:345)


	at io.restassured.internal.http.HTTPBuilder$post$2.call(Unknown Source)


	at io.restassured.internal.RequestSpecificationImpl.sendRequest(RequestSpecificationImpl.groovy:1181)


	at sun.reflect.GeneratedMethodAccessor120.invoke(Unknown Source)


	at sun.reflect.DelegatingMethodAccessorImpl.invoke(DelegatingMethodAccessorImpl.java:43)


	at java.lang.reflect.Method.invoke(Method.java:498)


	at org.codehaus.groovy.reflection.CachedMethod.invoke(CachedMethod.java:107)


	at groovy.lang.MetaMethod.doMethodInvoke(MetaMethod.java:323)


	at groovy.lang.MetaClassImpl.invokeMethod(MetaClassImpl.java:1267)


	at groovy.lang.MetaClassImpl.invokeMethod(MetaClassImpl.java:1034)


	at groovy.lang.MetaClassImpl.invokeMethod(MetaClassImpl.java:818)


	at groovy.lang.GroovyObject.invokeMethod(GroovyObject.java:39)


	at org.codehaus.groovy.runtime.callsite.PogoInterceptableSite.call(PogoInterceptableSite.java:45)


	at org.codehaus.groovy.runtime.callsite.AbstractCallSite.call(AbstractCallSite.java:166)


	at io.restassured.internal.filter.SendRequestFilter.filter(SendRequestFilter.groovy:30)


	at io.restassured.filter.Filter$filter$0.call(Unknown Source)


	at org.codehaus.groovy.runtime.callsite.CallSiteArray.defaultCall(CallSiteArray.java:47)


	at io.restassured.filter.Filter$filter.call(Unknown Source)


	at io.restassured.internal.filter.FilterContextImpl.next(FilterContextImpl.groovy:72)


	at io.restassured.filter.time.TimingFilter.filter(TimingFilter.java:56)


	at io.restassured.filter.Filter$filter.call(Unknown Source)


	at org.codehaus.groovy.runtime.callsite.CallSiteArray.defaultCall(CallSiteArray.java:47)


	at io.restassured.filter.Filter$filter.call(Unknown Source)


	at io.restassured.internal.filter.FilterContextImpl.next(FilterContextImpl.groovy:72)


	at io.restassured.filter.log.RequestLoggingFilter.filter(RequestLoggingFilter.java:140)


	at net.serenitybdd.rest.filters.FieldsRecordingFilter.filter(FieldsRecordingFilter.java:40)


	at io.restassured.filter.Filter$filter.call(Unknown Source)


	at io.restassured.internal.filter.FilterContextImpl.next(FilterContextImpl.groovy:72)


	at io.restassured.filter.log.RequestLoggingFilter.filter(RequestLoggingFilter.java:140)


	at net.serenitybdd.rest.filters.FieldsRecordingFilter.filter(FieldsRecordingFilter.java:40)


	at io.restassured.filter.Filter$filter.call(Unknown Source)


	at io.restassured.internal.filter.FilterContextImpl.next(FilterContextImpl.groovy:72)


	at io.restassured.filter.log.RequestLoggingFilter.filter(RequestLoggingFilter.java:140)


	at net.serenitybdd.rest.filters.FieldsRecordingFilter.filter(FieldsRecordingFilter.java:40)


	at io.restassured.filter.Filter$filter.call(Unknown Source)


	at io.restassured.internal.filter.FilterContextImpl.next(FilterContextImpl.groovy:72)


	at io.restassured.filter.log.RequestLoggingFilter.filter(RequestLoggingFilter.java:140)


	at net.serenitybdd.rest.filters.FieldsRecordingFilter.filter(FieldsRecordingFilter.java:40)


	at io.restassured.filter.Filter$filter.call(Unknown Source)


	at io.restassured.internal.filter.FilterContextImpl.next(FilterContextImpl.groovy:72)


	at io.restassured.filter.log.RequestLoggingFilter.filter(RequestLoggingFilter.java:140)


	at net.serenitybdd.rest.filters.FieldsRecordingFilter.filter(FieldsRecordingFilter.java:40)


	at io.restassured.filter.Filter$filter.call(Unknown Source)


	at io.restassured.internal.filter.FilterContextImpl.next(FilterContextImpl.groovy:72)


	at io.restassured.filter.log.RequestLoggingFilter.filter(RequestLoggingFilter.java:140)


	at net.serenitybdd.rest.filters.FieldsRecordingFilter.filter(FieldsRecordingFilter.java:40)


	at io.restassured.filter.Filter$filter.call(Unknown Source)


	at org.codehaus.groovy.runtime.callsite.CallSiteArray.defaultCall(CallSiteArray.java:47)


	at io.restassured.filter.Filter$filter$0.call(Unknown Source)


	at io.restassured.internal.filter.FilterContextImpl.next(FilterContextImpl.groovy:72)


	at io.restassured.filter.FilterContext$next.call(Unknown Source)


	at io.restassured.internal.RequestSpecificationImpl.applyPathParamsAndSendRequest(RequestSpecificationImpl.groovy:1655)


	at sun.reflect.GeneratedMethodAccessor114.invoke(Unknown Source)


	at sun.reflect.DelegatingMethodAccessorImpl.invoke(DelegatingMethodAccessorImpl.java:43)


	at java.lang.reflect.Method.invoke(Method.java:498)


	at org.codehaus.groovy.reflection.CachedMethod.invoke(CachedMethod.java:107)


	at groovy.lang.MetaMethod.doMethodInvoke(MetaMethod.java:323)


	at groovy.lang.MetaClassImpl.invokeMethod(MetaClassImpl.java:1267)


	at groovy.lang.MetaClassImpl.invokeMethod(MetaClassImpl.java:1034)


	at groovy.lang.MetaClassImpl.invokeMethod(MetaClassImpl.java:818)


	at groovy.lang.GroovyObject.invokeMethod(GroovyObject.java:39)


	at org.codehaus.groovy.runtime.callsite.PogoInterceptableSite.call(PogoInterceptableSite.java:45)


	at org.codehaus.groovy.runtime.callsite.PogoInterceptableSite.callCurrent(PogoInterceptableSite.java:55)


	at org.codehaus.groovy.runtime.callsite.AbstractCallSite.callCurrent(AbstractCallSite.java:203)


	at io.restassured.internal.RequestSpecificationImpl.applyPathParamsAndSendRequest(RequestSpecificationImpl.groovy:1661)


	at sun.reflect.GeneratedMethodAccessor113.invoke(Unknown Source)


	at sun.reflect.DelegatingMethodAccessorImpl.invoke(DelegatingMethodAccessorImpl.java:43)


	at java.lang.reflect.Method.invoke(Method.java:498)


	at org.codehaus.groovy.reflection.CachedMethod.invoke(CachedMethod.java:107)


	at groovy.lang.MetaMethod.doMethodInvoke(MetaMethod.java:323)


	at groovy.lang.MetaClassImpl.invokeMethod(MetaClassImpl.java:1267)


	at groovy.lang.MetaClassImpl.invokeMethod(MetaClassImpl.java:1034)


	at groovy.lang.MetaClassImpl.invokeMethod(MetaClassImpl.java:818)


	at groovy.lang.GroovyObject.invokeMethod(GroovyObject.java:39)


	at org.codehaus.groovy.runtime.callsite.PogoInterceptableSite.call(PogoInterceptableSite.java:45)


	at org.codehaus.groovy.runtime.callsite.PogoInterceptableSite.callCurrent(PogoInterceptableSite.java:55)


	at org.codehaus.groovy.runtime.callsite.AbstractCallSite.callCurrent(AbstractCallSite.java:203)


	at io.restassured.internal.RequestSpecificationImpl.post(RequestSpecificationImpl.groovy:175)


	at net.serenitybdd.rest.decorators.request.RequestSpecificationDecorated.executeCall(RequestSpecificationDecorated.java:309)


	at net.serenitybdd.rest.decorators.request.RequestSpecificationDecorated.execute(RequestSpecificationDecorated.java:268)


	at net.serenitybdd.rest.decorators.request.RequestSpecificationDecorated.post(RequestSpecificationDecorated.java:120)


	at net.serenitybdd.rest.decorators.request.RequestSpecificationDecorated.post(RequestSpecificationDecorated.java:38)


	at MusicLab.StepDefinitions.Review.PostCreateReviewInMentorValidDataStepdefs.sendPostCreateReview(PostCreateReviewInMentorValidDataStepdefs.java:28)


	at sun.reflect.NativeMethodAccessorImpl.invoke0(Native Method)


	at sun.reflect.NativeMethodAccessorImpl.invoke(NativeMethodAccessorImpl.java:62)


	at sun.reflect.DelegatingMethodAccessorImpl.invoke(DelegatingMethodAccessorImpl.java:43)


	at java.lang.reflect.Method.invoke(Method.java:498)


	at io.cucumber.java.Invoker.doInvoke(Invoker.java:66)


	at io.cucumber.java.Invoker.invoke(Invoker.java:24)


	at io.cucumber.java.AbstractGlueDefinition.invokeMethod(AbstractGlueDefinition.java:47)


	at io.cucumber.java.JavaStepDefinition.execute(JavaStepDefinition.java:29)


	at io.cucumber.core.runner.CoreStepDefinition.execute(CoreStepDefinition.java:66)


	at io.cucumber.core.runner.PickleStepDefinitionMatch.runStep(PickleStepDefinitionMatch.java:63)


	at io.cucumber.core.runner.ExecutionMode$1.execute(ExecutionMode.java:10)


	at io.cucumber.core.runner.TestStep.executeStep(TestStep.java:92)


	at io.cucumber.core.runner.TestStep.run(TestStep.java:64)


	at io.cucumber.core.runner.PickleStepTestStep.run(PickleStepTestStep.java:51)


	at io.cucumber.core.runner.TestCase.run(TestCase.java:104)


	at io.cucumber.core.runner.Runner.runPickle(Runner.java:73)


	at io.cucumber.junit.PickleRunners$NoStepDescriptions.run(PickleRunners.java:151)


	at io.cucumber.junit.FeatureRunner.runChild(FeatureRunner.java:135)


	at io.cucumber.junit.FeatureRunner.runChild(FeatureRunner.java:27)


	at org.junit.runners.ParentRunner$4.run(ParentRunner.java:331)


	at org.junit.runners.ParentRunner$1.schedule(ParentRunner.java:79)


	at org.junit.runners.ParentRunner.runChildren(ParentRunner.java:329)


	at org.junit.runners.ParentRunner.access$100(ParentRunner.java:66)


	at org.junit.runners.ParentRunner$2.evaluate(ParentRunner.java:293)


	at org.junit.runners.ParentRunner$3.evaluate(ParentRunner.java:306)


	at org.junit.runners.ParentRunner.run(ParentRunner.java:413)


	at io.cucumber.junit.CucumberSerenityRunner.runChild(CucumberSerenityRunner.java:258)


	at io.cucumber.junit.CucumberSerenityRunner.runChild(CucumberSerenityRunner.java:57)


	at org.junit.runners.ParentRunner$4.run(ParentRunner.java:331)


	at org.apache.maven.surefire.junitcore.pc.Scheduler$1.run(Scheduler.java:405)


	at org.apache.maven.surefire.junitcore.pc.InvokerStrategy.schedule(InvokerStrategy.java:54)


	at org.apache.maven.surefire.junitcore.pc.Scheduler.schedule(Scheduler.java:362)


	at org.junit.runners.ParentRunner.runChildren(ParentRunner.java:329)


	at org.junit.runners.ParentRunner.access$100(ParentRunner.java:66)


	at org.junit.runners.ParentRunner$2.evaluate(ParentRunner.java:293)


	at io.cucumber.junit.CucumberSerenityRunner$RunCucumber.evaluate(CucumberSerenityRunner.java:286)


	at org.junit.runners.ParentRunner$3.evaluate(ParentRunner.java:306)


	at org.junit.runners.ParentRunner.run(ParentRunner.java:413)


	at org.junit.runners.Suite.runChild(Suite.java:128)


	at org.junit.runners.Suite.runChild(Suite.java:27)


	at org.junit.runners.ParentRunner$4.run(ParentRunner.java:331)


	at org.apache.maven.surefire.junitcore.pc.Scheduler$1.run(Scheduler.java:405)


	at java.util.concurrent.Executors$RunnableAdapter.call(Executors.java:511)


	at java.util.concurrent.FutureTask.run(FutureTask.java:266)


	at java.util.concurrent.ThreadPoolExecutor.runWorker(ThreadPoolExecutor.java:1149)


	at java.util.concurrent.ThreadPoolExecutor$Worker.run(ThreadPoolExecutor.java:624)


	at java.lang.Thread.run(Thread.java:750)




java.lang.AssertionError: 1 expectation failed.
Expected status code <200> but was <404>.



	at sun.reflect.NativeConstructorAccessorImpl.newInstance0(Native Method)


	at sun.reflect.NativeConstructorAccessorImpl.newInstance(NativeConstructorAccessorImpl.java:62)


	at sun.reflect.DelegatingConstructorAccessorImpl.newInstance(DelegatingConstructorAccessorImpl.java:45)


	at java.lang.reflect.Constructor.newInstance(Constructor.java:423)


	at org.codehaus.groovy.reflection.CachedConstructor.invoke(CachedConstructor.java:72)


	at org.codehaus.groovy.reflection.CachedConstructor.doConstructorInvoke(CachedConstructor.java:59)


	at org.codehaus.groovy.runtime.callsite.ConstructorSite$ConstructorSiteNoUnwrap.callConstructor(ConstructorSite.java:84)


	at org.codehaus.groovy.runtime.callsite.AbstractCallSite.callConstructor(AbstractCallSite.java:277)


	at io.restassured.internal.ResponseSpecificationImpl$HamcrestAssertionClosure.validate(ResponseSpecificationImpl.groovy:493)


	at io.restassured.internal.ResponseSpecificationImpl$HamcrestAssertionClosure$validate$1.call(Unknown Source)


	at io.restassured.internal.ResponseSpecificationImpl.validateResponseIfRequired(ResponseSpecificationImpl.groovy:674)


	at sun.reflect.GeneratedMethodAccessor72.invoke(Unknown Source)


	at sun.reflect.DelegatingMethodAccessorImpl.invoke(DelegatingMethodAccessorImpl.java:43)


	at java.lang.reflect.Method.invoke(Method.java:498)


	at org.codehaus.groovy.runtime.callsite.PlainObjectMetaMethodSite.doInvoke(PlainObjectMetaMethodSite.java:43)


	at org.codehaus.groovy.runtime.callsite.PogoMetaMethodSite$PogoCachedMethodSiteNoUnwrapNoCoerce.invoke(PogoMetaMethodSite.java:193)


	at org.codehaus.groovy.runtime.callsite.PogoMetaMethodSite.callCurrent(PogoMetaMethodSite.java:61)


	at org.codehaus.groovy.runtime.callsite.AbstractCallSite.callCurrent(AbstractCallSite.java:185)


	at io.restassured.internal.ResponseSpecificationImpl.statusCode(ResponseSpecificationImpl.groovy:126)


	at io.restassured.specification.ResponseSpecification$statusCode$0.callCurrent(Unknown Source)


	at io.restassured.internal.ResponseSpecificationImpl.statusCode(ResponseSpecificationImpl.groovy:134)


	at io.restassured.internal.ValidatableResponseOptionsImpl.statusCode(ValidatableResponseOptionsImpl.java:89)


	at io.restassured.internal.ValidatableResponseImpl.super$2$statusCode(ValidatableResponseImpl.groovy)


	at sun.reflect.GeneratedMethodAccessor168.invoke(Unknown Source)


	at sun.reflect.DelegatingMethodAccessorImpl.invoke(DelegatingMethodAccessorImpl.java:43)


	at java.lang.reflect.Method.invoke(Method.java:498)


	at org.codehaus.groovy.reflection.CachedMethod.invoke(CachedMethod.java:107)


	at groovy.lang.MetaMethod.doMethodInvoke(MetaMethod.java:323)


	at groovy.lang.MetaClassImpl.invokeMethod(MetaClassImpl.java:1267)


	at org.codehaus.groovy.runtime.ScriptBytecodeAdapter.invokeMethodOnSuperN(ScriptBytecodeAdapter.java:144)


	at io.restassured.internal.ValidatableResponseImpl.statusCode(ValidatableResponseImpl.groovy:142)


	at io.restassured.internal.ValidatableResponseImpl.statusCode(ValidatableResponseImpl.groovy)


	at MusicLab.StepDefinitions.Schedule.GetMentorScheduleStepDef.shouldReturnStatusCodeOK(GetMentorScheduleStepDef.java:43)


	at ?.Should return status code 200 OK(classpath:features/Cucumber/Schedule/DeleteMentorSchedule.feature:6)




java.lang.AssertionError: 1 expectation failed.
Expected status code <200> but was <404>.



	at sun.reflect.NativeConstructorAccessorImpl.newInstance0(Native Method)


	at sun.reflect.NativeConstructorAccessorImpl.newInstance(NativeConstructorAccessorImpl.java:62)


	at sun.reflect.DelegatingConstructorAccessorImpl.newInstance(DelegatingConstructorAccessorImpl.java:45)


	at java.lang.reflect.Constructor.newInstance(Constructor.java:423)


	at org.codehaus.groovy.reflection.CachedConstructor.invoke(CachedConstructor.java:72)


	at org.codehaus.groovy.reflection.CachedConstructor.doConstructorInvoke(CachedConstructor.java:59)


	at org.codehaus.groovy.runtime.callsite.ConstructorSite$ConstructorSiteNoUnwrap.callConstructor(ConstructorSite.java:84)


	at org.codehaus.groovy.runtime.callsite.AbstractCallSite.callConstructor(AbstractCallSite.java:277)


	at io.restassured.internal.ResponseSpecificationImpl$HamcrestAssertionClosure.validate(ResponseSpecificationImpl.groovy:493)


	at io.restassured.internal.ResponseSpecificationImpl$HamcrestAssertionClosure$validate$1.call(Unknown Source)


	at io.restassured.internal.ResponseSpecificationImpl.validateResponseIfRequired(ResponseSpecificationImpl.groovy:674)


	at sun.reflect.GeneratedMethodAccessor72.invoke(Unknown Source)


	at sun.reflect.DelegatingMethodAccessorImpl.invoke(DelegatingMethodAccessorImpl.java:43)


	at java.lang.reflect.Method.invoke(Method.java:498)


	at org.codehaus.groovy.runtime.callsite.PlainObjectMetaMethodSite.doInvoke(PlainObjectMetaMethodSite.java:43)


	at org.codehaus.groovy.runtime.callsite.PogoMetaMethodSite$PogoCachedMethodSiteNoUnwrapNoCoerce.invoke(PogoMetaMethodSite.java:193)


	at org.codehaus.groovy.runtime.callsite.PogoMetaMethodSite.callCurrent(PogoMetaMethodSite.java:61)


	at org.codehaus.groovy.runtime.callsite.AbstractCallSite.callCurrent(AbstractCallSite.java:185)


	at io.restassured.internal.ResponseSpecificationImpl.statusCode(ResponseSpecificationImpl.groovy:126)


	at io.restassured.specification.ResponseSpecification$statusCode$0.callCurrent(Unknown Source)


	at io.restassured.internal.ResponseSpecificationImpl.statusCode(ResponseSpecificationImpl.groovy:134)


	at io.restassured.internal.ValidatableResponseOptionsImpl.statusCode(ValidatableResponseOptionsImpl.java:89)


	at io.restassured.internal.ValidatableResponseImpl.super$2$statusCode(ValidatableResponseImpl.groovy)


	at sun.reflect.GeneratedMethodAccessor168.invoke(Unknown Source)


	at sun.reflect.DelegatingMethodAccessorImpl.invoke(DelegatingMethodAccessorImpl.java:43)


	at java.lang.reflect.Method.invoke(Method.java:498)


	at org.codehaus.groovy.reflection.CachedMethod.invoke(CachedMethod.java:107)


	at groovy.lang.MetaMethod.doMethodInvoke(MetaMethod.java:323)


	at groovy.lang.MetaClassImpl.invokeMethod(MetaClassImpl.java:1267)


	at org.codehaus.groovy.runtime.ScriptBytecodeAdapter.invokeMethodOnSuperN(ScriptBytecodeAdapter.java:144)


	at io.restassured.internal.ValidatableResponseImpl.statusCode(ValidatableResponseImpl.groovy:142)


	at io.restassured.internal.ValidatableResponseImpl.statusCode(ValidatableResponseImpl.groovy)


	at MusicLab.StepDefinitions.Schedule.GetMentorScheduleStepDef.shouldReturnStatusCodeOK(GetMentorScheduleStepDef.java:43)


	at ?.Should return status code 200 OK(classpath:features/Cucumber/Schedule/DeleteMentorSchedule.feature:6)




java.lang.AssertionError: 1 expectation failed.
JSON path message doesn't match.
Expected: message: id param must number
  Actual: id param must number



	at sun.reflect.NativeConstructorAccessorImpl.newInstance0(Native Method)


	at sun.reflect.NativeConstructorAccessorImpl.newInstance(NativeConstructorAccessorImpl.java:62)


	at sun.reflect.DelegatingConstructorAccessorImpl.newInstance(DelegatingConstructorAccessorImpl.java:45)


	at java.lang.reflect.Constructor.newInstance(Constructor.java:423)


	at org.codehaus.groovy.reflection.CachedConstructor.invoke(CachedConstructor.java:72)


	at org.codehaus.groovy.reflection.CachedConstructor.doConstructorInvoke(CachedConstructor.java:59)


	at org.codehaus.groovy.runtime.callsite.ConstructorSite$ConstructorSiteNoUnwrap.callConstructor(ConstructorSite.java:84)


	at org.codehaus.groovy.runtime.callsite.AbstractCallSite.callConstructor(AbstractCallSite.java:277)


	at io.restassured.internal.ResponseSpecificationImpl$HamcrestAssertionClosure.validate(ResponseSpecificationImpl.groovy:493)


	at io.restassured.internal.ResponseSpecificationImpl$HamcrestAssertionClosure$validate$1.call(Unknown Source)


	at io.restassured.internal.ResponseSpecificationImpl.validateResponseIfRequired(ResponseSpecificationImpl.groovy:674)


	at sun.reflect.GeneratedMethodAccessor72.invoke(Unknown Source)


	at sun.reflect.DelegatingMethodAccessorImpl.invoke(DelegatingMethodAccessorImpl.java:43)


	at java.lang.reflect.Method.invoke(Method.java:498)


	at org.codehaus.groovy.runtime.callsite.PlainObjectMetaMethodSite.doInvoke(PlainObjectMetaMethodSite.java:43)


	at org.codehaus.groovy.runtime.callsite.PogoMetaMethodSite$PogoCachedMethodSiteNoUnwrapNoCoerce.invoke(PogoMetaMethodSite.java:193)


	at org.codehaus.groovy.runtime.callsite.PogoMetaMethodSite.callCurrent(PogoMetaMethodSite.java:61)


	at org.codehaus.groovy.runtime.callsite.AbstractCallSite.callCurrent(AbstractCallSite.java:185)


	at io.restassured.internal.ResponseSpecificationImpl.body(ResponseSpecificationImpl.groovy:261)


	at io.restassured.specification.ResponseSpecification$body$1.callCurrent(Unknown Source)


	at io.restassured.internal.ResponseSpecificationImpl.body(ResponseSpecificationImpl.groovy:108)


	at io.restassured.internal.ValidatableResponseOptionsImpl.body(ValidatableResponseOptionsImpl.java:244)


	at io.restassured.internal.ValidatableResponseImpl.super$2$body(ValidatableResponseImpl.groovy)


	at sun.reflect.GeneratedMethodAccessor171.invoke(Unknown Source)


	at sun.reflect.DelegatingMethodAccessorImpl.invoke(DelegatingMethodAccessorImpl.java:43)


	at java.lang.reflect.Method.invoke(Method.java:498)


	at org.codehaus.groovy.reflection.CachedMethod.invoke(CachedMethod.java:107)


	at groovy.lang.MetaMethod.doMethodInvoke(MetaMethod.java:323)


	at groovy.lang.MetaClassImpl.invokeMethod(MetaClassImpl.java:1267)


	at org.codehaus.groovy.runtime.ScriptBytecodeAdapter.invokeMethodOnSuperN(ScriptBytecodeAdapter.java:144)


	at io.restassured.internal.ValidatableResponseImpl.body(ValidatableResponseImpl.groovy:298)


	at io.restassured.internal.ValidatableResponseImpl.body(ValidatableResponseImpl.groovy)


	at MusicLab.StepDefinitions.Schedule.PostMentorScheduleStepDef.responseBodyShouldContainMessage(PostMentorScheduleStepDef.java:65)


	at ?.Response body should contain message "message: id param must number"(classpath:features/Cucumber/Schedule/DeleteMentorSchedule.feature:19)




java.lang.AssertionError: 1 expectation failed.
JSON path message doesn't match.
Expected: message: id param must number
  Actual: id param must number



	at sun.reflect.GeneratedConstructorAccessor116.newInstance(Unknown Source)


	at sun.reflect.DelegatingConstructorAccessorImpl.newInstance(DelegatingConstructorAccessorImpl.java:45)


	at java.lang.reflect.Constructor.newInstance(Constructor.java:423)


	at org.codehaus.groovy.reflection.CachedConstructor.invoke(CachedConstructor.java:72)


	at org.codehaus.groovy.reflection.CachedConstructor.doConstructorInvoke(CachedConstructor.java:59)


	at org.codehaus.groovy.runtime.callsite.ConstructorSite$ConstructorSiteNoUnwrap.callConstructor(ConstructorSite.java:84)


	at org.codehaus.groovy.runtime.callsite.AbstractCallSite.callConstructor(AbstractCallSite.java:277)


	at io.restassured.internal.ResponseSpecificationImpl$HamcrestAssertionClosure.validate(ResponseSpecificationImpl.groovy:493)


	at io.restassured.internal.ResponseSpecificationImpl$HamcrestAssertionClosure$validate$1.call(Unknown Source)


	at io.restassured.internal.ResponseSpecificationImpl.validateResponseIfRequired(ResponseSpecificationImpl.groovy:674)


	at sun.reflect.GeneratedMethodAccessor72.invoke(Unknown Source)


	at sun.reflect.DelegatingMethodAccessorImpl.invoke(DelegatingMethodAccessorImpl.java:43)


	at java.lang.reflect.Method.invoke(Method.java:498)


	at org.codehaus.groovy.runtime.callsite.PlainObjectMetaMethodSite.doInvoke(PlainObjectMetaMethodSite.java:43)


	at org.codehaus.groovy.runtime.callsite.PogoMetaMethodSite$PogoCachedMethodSiteNoUnwrapNoCoerce.invoke(PogoMetaMethodSite.java:193)


	at org.codehaus.groovy.runtime.callsite.PogoMetaMethodSite.callCurrent(PogoMetaMethodSite.java:61)


	at org.codehaus.groovy.runtime.callsite.AbstractCallSite.callCurrent(AbstractCallSite.java:185)


	at io.restassured.internal.ResponseSpecificationImpl.body(ResponseSpecificationImpl.groovy:261)


	at io.restassured.specification.ResponseSpecification$body$1.callCurrent(Unknown Source)


	at io.restassured.internal.ResponseSpecificationImpl.body(ResponseSpecificationImpl.groovy:108)


	at io.restassured.internal.ValidatableResponseOptionsImpl.body(ValidatableResponseOptionsImpl.java:244)


	at io.restassured.internal.ValidatableResponseImpl.super$2$body(ValidatableResponseImpl.groovy)


	at sun.reflect.GeneratedMethodAccessor171.invoke(Unknown Source)


	at sun.reflect.DelegatingMethodAccessorImpl.invoke(DelegatingMethodAccessorImpl.java:43)


	at java.lang.reflect.Method.invoke(Method.java:498)


	at org.codehaus.groovy.reflection.CachedMethod.invoke(CachedMethod.java:107)


	at groovy.lang.MetaMethod.doMethodInvoke(MetaMethod.java:323)


	at groovy.lang.MetaClassImpl.invokeMethod(MetaClassImpl.java:1267)


	at org.codehaus.groovy.runtime.ScriptBytecodeAdapter.invokeMethodOnSuperN(ScriptBytecodeAdapter.java:144)


	at io.restassured.internal.ValidatableResponseImpl.body(ValidatableResponseImpl.groovy:298)


	at io.restassured.internal.ValidatableResponseImpl.body(ValidatableResponseImpl.groovy)


	at MusicLab.StepDefinitions.Schedule.PostMentorScheduleStepDef.responseBodyShouldContainMessage(PostMentorScheduleStepDef.java:65)


	at ?.Response body should contain message "message: id param must number"(classpath:features/Cucumber/Schedule/DeleteMentorSchedule.feature:19)




java.lang.AssertionError: 1 expectation failed.
Expected status code <400> but was <404>.



	at sun.reflect.GeneratedConstructorAccessor116.newInstance(Unknown Source)


	at sun.reflect.DelegatingConstructorAccessorImpl.newInstance(DelegatingConstructorAccessorImpl.java:45)


	at java.lang.reflect.Constructor.newInstance(Constructor.java:423)


	at org.codehaus.groovy.reflection.CachedConstructor.invoke(CachedConstructor.java:72)


	at org.codehaus.groovy.reflection.CachedConstructor.doConstructorInvoke(CachedConstructor.java:59)


	at org.codehaus.groovy.runtime.callsite.ConstructorSite$ConstructorSiteNoUnwrap.callConstructor(ConstructorSite.java:84)


	at org.codehaus.groovy.runtime.callsite.AbstractCallSite.callConstructor(AbstractCallSite.java:277)


	at io.restassured.internal.ResponseSpecificationImpl$HamcrestAssertionClosure.validate(ResponseSpecificationImpl.groovy:493)


	at io.restassured.internal.ResponseSpecificationImpl$HamcrestAssertionClosure$validate$1.call(Unknown Source)


	at io.restassured.internal.ResponseSpecificationImpl.validateResponseIfRequired(ResponseSpecificationImpl.groovy:674)


	at sun.reflect.GeneratedMethodAccessor72.invoke(Unknown Source)


	at sun.reflect.DelegatingMethodAccessorImpl.invoke(DelegatingMethodAccessorImpl.java:43)


	at java.lang.reflect.Method.invoke(Method.java:498)


	at org.codehaus.groovy.runtime.callsite.PlainObjectMetaMethodSite.doInvoke(PlainObjectMetaMethodSite.java:43)


	at org.codehaus.groovy.runtime.callsite.PogoMetaMethodSite$PogoCachedMethodSiteNoUnwrapNoCoerce.invoke(PogoMetaMethodSite.java:193)


	at org.codehaus.groovy.runtime.callsite.PogoMetaMethodSite.callCurrent(PogoMetaMethodSite.java:61)


	at org.codehaus.groovy.runtime.callsite.AbstractCallSite.callCurrent(AbstractCallSite.java:185)


	at io.restassured.internal.ResponseSpecificationImpl.statusCode(ResponseSpecificationImpl.groovy:126)


	at io.restassured.specification.ResponseSpecification$statusCode$0.callCurrent(Unknown Source)


	at io.restassured.internal.ResponseSpecificationImpl.statusCode(ResponseSpecificationImpl.groovy:134)


	at io.restassured.internal.ValidatableResponseOptionsImpl.statusCode(ValidatableResponseOptionsImpl.java:89)


	at io.restassured.internal.ValidatableResponseImpl.super$2$statusCode(ValidatableResponseImpl.groovy)


	at sun.reflect.GeneratedMethodAccessor168.invoke(Unknown Source)


	at sun.reflect.DelegatingMethodAccessorImpl.invoke(DelegatingMethodAccessorImpl.java:43)


	at java.lang.reflect.Method.invoke(Method.java:498)


	at org.codehaus.groovy.reflection.CachedMethod.invoke(CachedMethod.java:107)


	at groovy.lang.MetaMethod.doMethodInvoke(MetaMethod.java:323)


	at groovy.lang.MetaClassImpl.invokeMethod(MetaClassImpl.java:1267)


	at org.codehaus.groovy.runtime.ScriptBytecodeAdapter.invokeMethodOnSuperN(ScriptBytecodeAdapter.java:144)


	at io.restassured.internal.ValidatableResponseImpl.statusCode(ValidatableResponseImpl.groovy:142)


	at io.restassured.internal.ValidatableResponseImpl.statusCode(ValidatableResponseImpl.groovy)


	at MusicLab.StepDefinitions.Schedule.GetMentorScheduleStepDef.shouldReturnStatusCodeBadRequest(GetMentorScheduleStepDef.java:63)


	at ?.Should return status code 400 Bad Request(classpath:features/Cucumber/Schedule/DeleteMentorSchedule.feature:30)




java.lang.AssertionError: 1 expectation failed.
JSON path message doesn't match.
Expected: message: missing or malformed jwt
  Actual: missing or malformed jwt



	at sun.reflect.GeneratedConstructorAccessor116.newInstance(Unknown Source)


	at sun.reflect.DelegatingConstructorAccessorImpl.newInstance(DelegatingConstructorAccessorImpl.java:45)


	at java.lang.reflect.Constructor.newInstance(Constructor.java:423)


	at org.codehaus.groovy.reflection.CachedConstructor.invoke(CachedConstructor.java:72)


	at org.codehaus.groovy.reflection.CachedConstructor.doConstructorInvoke(CachedConstructor.java:59)


	at org.codehaus.groovy.runtime.callsite.ConstructorSite$ConstructorSiteNoUnwrap.callConstructor(ConstructorSite.java:84)


	at org.codehaus.groovy.runtime.callsite.AbstractCallSite.callConstructor(AbstractCallSite.java:277)


	at io.restassured.internal.ResponseSpecificationImpl$HamcrestAssertionClosure.validate(ResponseSpecificationImpl.groovy:493)


	at io.restassured.internal.ResponseSpecificationImpl$HamcrestAssertionClosure$validate$1.call(Unknown Source)


	at io.restassured.internal.ResponseSpecificationImpl.validateResponseIfRequired(ResponseSpecificationImpl.groovy:674)


	at sun.reflect.GeneratedMethodAccessor72.invoke(Unknown Source)


	at sun.reflect.DelegatingMethodAccessorImpl.invoke(DelegatingMethodAccessorImpl.java:43)


	at java.lang.reflect.Method.invoke(Method.java:498)


	at org.codehaus.groovy.runtime.callsite.PlainObjectMetaMethodSite.doInvoke(PlainObjectMetaMethodSite.java:43)


	at org.codehaus.groovy.runtime.callsite.PogoMetaMethodSite$PogoCachedMethodSiteNoUnwrapNoCoerce.invoke(PogoMetaMethodSite.java:193)


	at org.codehaus.groovy.runtime.callsite.PogoMetaMethodSite.callCurrent(PogoMetaMethodSite.java:61)


	at org.codehaus.groovy.runtime.callsite.AbstractCallSite.callCurrent(AbstractCallSite.java:185)


	at io.restassured.internal.ResponseSpecificationImpl.body(ResponseSpecificationImpl.groovy:261)


	at io.restassured.specification.ResponseSpecification$body$1.callCurrent(Unknown Source)


	at io.restassured.internal.ResponseSpecificationImpl.body(ResponseSpecificationImpl.groovy:108)


	at io.restassured.internal.ValidatableResponseOptionsImpl.body(ValidatableResponseOptionsImpl.java:244)


	at io.restassured.internal.ValidatableResponseImpl.super$2$body(ValidatableResponseImpl.groovy)


	at sun.reflect.GeneratedMethodAccessor171.invoke(Unknown Source)


	at sun.reflect.DelegatingMethodAccessorImpl.invoke(DelegatingMethodAccessorImpl.java:43)


	at java.lang.reflect.Method.invoke(Method.java:498)


	at org.codehaus.groovy.reflection.CachedMethod.invoke(CachedMethod.java:107)


	at groovy.lang.MetaMethod.doMethodInvoke(MetaMethod.java:323)


	at groovy.lang.MetaClassImpl.invokeMethod(MetaClassImpl.java:1267)


	at org.codehaus.groovy.runtime.ScriptBytecodeAdapter.invokeMethodOnSuperN(ScriptBytecodeAdapter.java:144)


	at io.restassured.internal.ValidatableResponseImpl.body(ValidatableResponseImpl.groovy:298)


	at io.restassured.internal.ValidatableResponseImpl.body(ValidatableResponseImpl.groovy)


	at MusicLab.StepDefinitions.Schedule.PostMentorScheduleStepDef.responseBodyShouldContainMessage(PostMentorScheduleStepDef.java:65)


	at ?.Response body should contain message "message: missing or malformed jwt"(classpath:features/Cucumber/Schedule/DeleteMentorSchedule.feature:40)




java.lang.AssertionError: 1 expectation failed.
JSON path message doesn't match.
Expected: message: missing or malformed jwt
  Actual: missing or malformed jwt



	at sun.reflect.GeneratedConstructorAccessor116.newInstance(Unknown Source)


	at sun.reflect.DelegatingConstructorAccessorImpl.newInstance(DelegatingConstructorAccessorImpl.java:45)


	at java.lang.reflect.Constructor.newInstance(Constructor.java:423)


	at org.codehaus.groovy.reflection.CachedConstructor.invoke(CachedConstructor.java:72)


	at org.codehaus.groovy.reflection.CachedConstructor.doConstructorInvoke(CachedConstructor.java:59)


	at org.codehaus.groovy.runtime.callsite.ConstructorSite$ConstructorSiteNoUnwrap.callConstructor(ConstructorSite.java:84)


	at org.codehaus.groovy.runtime.callsite.AbstractCallSite.callConstructor(AbstractCallSite.java:277)


	at io.restassured.internal.ResponseSpecificationImpl$HamcrestAssertionClosure.validate(ResponseSpecificationImpl.groovy:493)


	at io.restassured.internal.ResponseSpecificationImpl$HamcrestAssertionClosure$validate$1.call(Unknown Source)


	at io.restassured.internal.ResponseSpecificationImpl.validateResponseIfRequired(ResponseSpecificationImpl.groovy:674)


	at sun.reflect.GeneratedMethodAccessor72.invoke(Unknown Source)


	at sun.reflect.DelegatingMethodAccessorImpl.invoke(DelegatingMethodAccessorImpl.java:43)


	at java.lang.reflect.Method.invoke(Method.java:498)


	at org.codehaus.groovy.runtime.callsite.PlainObjectMetaMethodSite.doInvoke(PlainObjectMetaMethodSite.java:43)


	at org.codehaus.groovy.runtime.callsite.PogoMetaMethodSite$PogoCachedMethodSiteNoUnwrapNoCoerce.invoke(PogoMetaMethodSite.java:193)


	at org.codehaus.groovy.runtime.callsite.PogoMetaMethodSite.callCurrent(PogoMetaMethodSite.java:61)


	at org.codehaus.groovy.runtime.callsite.AbstractCallSite.callCurrent(AbstractCallSite.java:185)


	at io.restassured.internal.ResponseSpecificationImpl.body(ResponseSpecificationImpl.groovy:261)


	at io.restassured.specification.ResponseSpecification$body$1.callCurrent(Unknown Source)


	at io.restassured.internal.ResponseSpecificationImpl.body(ResponseSpecificationImpl.groovy:108)


	at io.restassured.internal.ValidatableResponseOptionsImpl.body(ValidatableResponseOptionsImpl.java:244)


	at io.restassured.internal.ValidatableResponseImpl.super$2$body(ValidatableResponseImpl.groovy)


	at sun.reflect.GeneratedMethodAccessor171.invoke(Unknown Source)


	at sun.reflect.DelegatingMethodAccessorImpl.invoke(DelegatingMethodAccessorImpl.java:43)


	at java.lang.reflect.Method.invoke(Method.java:498)


	at org.codehaus.groovy.reflection.CachedMethod.invoke(CachedMethod.java:107)


	at groovy.lang.MetaMethod.doMethodInvoke(MetaMethod.java:323)


	at groovy.lang.MetaClassImpl.invokeMethod(MetaClassImpl.java:1267)


	at org.codehaus.groovy.runtime.ScriptBytecodeAdapter.invokeMethodOnSuperN(ScriptBytecodeAdapter.java:144)


	at io.restassured.internal.ValidatableResponseImpl.body(ValidatableResponseImpl.groovy:298)


	at io.restassured.internal.ValidatableResponseImpl.body(ValidatableResponseImpl.groovy)


	at MusicLab.StepDefinitions.Schedule.PostMentorScheduleStepDef.responseBodyShouldContainMessage(PostMentorScheduleStepDef.java:65)


	at ?.Response body should contain message "message: missing or malformed jwt"(classpath:features/Cucumber/Schedule/DeleteMentorSchedule.feature:40)




java.lang.AssertionError: 1 expectation failed.
Expected status code <400> but was <500>.



	at sun.reflect.GeneratedConstructorAccessor116.newInstance(Unknown Source)


	at sun.reflect.DelegatingConstructorAccessorImpl.newInstance(DelegatingConstructorAccessorImpl.java:45)


	at java.lang.reflect.Constructor.newInstance(Constructor.java:423)


	at org.codehaus.groovy.reflection.CachedConstructor.invoke(CachedConstructor.java:72)


	at org.codehaus.groovy.reflection.CachedConstructor.doConstructorInvoke(CachedConstructor.java:59)


	at org.codehaus.groovy.runtime.callsite.ConstructorSite$ConstructorSiteNoUnwrap.callConstructor(ConstructorSite.java:84)


	at org.codehaus.groovy.runtime.callsite.AbstractCallSite.callConstructor(AbstractCallSite.java:277)


	at io.restassured.internal.ResponseSpecificationImpl$HamcrestAssertionClosure.validate(ResponseSpecificationImpl.groovy:493)


	at io.restassured.internal.ResponseSpecificationImpl$HamcrestAssertionClosure$validate$1.call(Unknown Source)


	at io.restassured.internal.ResponseSpecificationImpl.validateResponseIfRequired(ResponseSpecificationImpl.groovy:674)


	at sun.reflect.GeneratedMethodAccessor72.invoke(Unknown Source)


	at sun.reflect.DelegatingMethodAccessorImpl.invoke(DelegatingMethodAccessorImpl.java:43)


	at java.lang.reflect.Method.invoke(Method.java:498)


	at org.codehaus.groovy.runtime.callsite.PlainObjectMetaMethodSite.doInvoke(PlainObjectMetaMethodSite.java:43)


	at org.codehaus.groovy.runtime.callsite.PogoMetaMethodSite$PogoCachedMethodSiteNoUnwrapNoCoerce.invoke(PogoMetaMethodSite.java:193)


	at org.codehaus.groovy.runtime.callsite.PogoMetaMethodSite.callCurrent(PogoMetaMethodSite.java:61)


	at org.codehaus.groovy.runtime.callsite.AbstractCallSite.callCurrent(AbstractCallSite.java:185)


	at io.restassured.internal.ResponseSpecificationImpl.statusCode(ResponseSpecificationImpl.groovy:126)


	at io.restassured.specification.ResponseSpecification$statusCode$0.callCurrent(Unknown Source)


	at io.restassured.internal.ResponseSpecificationImpl.statusCode(ResponseSpecificationImpl.groovy:134)


	at io.restassured.internal.ValidatableResponseOptionsImpl.statusCode(ValidatableResponseOptionsImpl.java:89)


	at io.restassured.internal.ValidatableResponseImpl.super$2$statusCode(ValidatableResponseImpl.groovy)


	at sun.reflect.GeneratedMethodAccessor168.invoke(Unknown Source)


	at sun.reflect.DelegatingMethodAccessorImpl.invoke(DelegatingMethodAccessorImpl.java:43)


	at java.lang.reflect.Method.invoke(Method.java:498)


	at org.codehaus.groovy.reflection.CachedMethod.invoke(CachedMethod.java:107)


	at groovy.lang.MetaMethod.doMethodInvoke(MetaMethod.java:323)


	at groovy.lang.MetaClassImpl.invokeMethod(MetaClassImpl.java:1267)


	at org.codehaus.groovy.runtime.ScriptBytecodeAdapter.invokeMethodOnSuperN(ScriptBytecodeAdapter.java:144)


	at io.restassured.internal.ValidatableResponseImpl.statusCode(ValidatableResponseImpl.groovy:142)


	at io.restassured.internal.ValidatableResponseImpl.statusCode(ValidatableResponseImpl.groovy)


	at MusicLab.StepDefinitions.Schedule.GetMentorScheduleStepDef.shouldReturnStatusCodeBadRequest(GetMentorScheduleStepDef.java:63)


	at ?.Should return status code 400 Bad Request(classpath:features/Cucumber/Schedule/PostAddMentorSchedule.feature:21)




java.lang.RuntimeException: Some exception during recording fields


	at net.serenitybdd.rest.filters.FieldsRecordingFilter.filter(FieldsRecordingFilter.java:52)


	at io.restassured.filter.Filter$filter.call(Unknown Source)


	at io.restassured.internal.filter.FilterContextImpl.next(FilterContextImpl.groovy:72)


	at io.restassured.filter.log.RequestLoggingFilter.filter(RequestLoggingFilter.java:140)


	at net.serenitybdd.rest.filters.FieldsRecordingFilter.filter(FieldsRecordingFilter.java:40)


	at io.restassured.filter.Filter$filter.call(Unknown Source)


	at io.restassured.internal.filter.FilterContextImpl.next(FilterContextImpl.groovy:72)


	at io.restassured.filter.log.RequestLoggingFilter.filter(RequestLoggingFilter.java:140)


	at net.serenitybdd.rest.filters.FieldsRecordingFilter.filter(FieldsRecordingFilter.java:40)


	at io.restassured.filter.Filter$filter.call(Unknown Source)


	at io.restassured.internal.filter.FilterContextImpl.next(FilterContextImpl.groovy:72)


	at io.restassured.filter.log.RequestLoggingFilter.filter(RequestLoggingFilter.java:140)


	at net.serenitybdd.rest.filters.FieldsRecordingFilter.filter(FieldsRecordingFilter.java:40)


	at io.restassured.filter.Filter$filter.call(Unknown Source)


	at io.restassured.internal.filter.FilterContextImpl.next(FilterContextImpl.groovy:72)


	at io.restassured.filter.log.RequestLoggingFilter.filter(RequestLoggingFilter.java:140)


	at net.serenitybdd.rest.filters.FieldsRecordingFilter.filter(FieldsRecordingFilter.java:40)


	at io.restassured.filter.Filter$filter.call(Unknown Source)


	at io.restassured.internal.filter.FilterContextImpl.next(FilterContextImpl.groovy:72)


	at io.restassured.filter.log.RequestLoggingFilter.filter(RequestLoggingFilter.java:140)


	at net.serenitybdd.rest.filters.FieldsRecordingFilter.filter(FieldsRecordingFilter.java:40)


	at io.restassured.filter.Filter$filter.call(Unknown Source)


	at org.codehaus.groovy.runtime.callsite.CallSiteArray.defaultCall(CallSiteArray.java:47)


	at io.restassured.filter.Filter$filter$0.call(Unknown Source)


	at io.restassured.internal.filter.FilterContextImpl.next(FilterContextImpl.groovy:72)


	at io.restassured.filter.FilterContext$next.call(Unknown Source)


	at io.restassured.internal.RequestSpecificationImpl.applyPathParamsAndSendRequest(RequestSpecificationImpl.groovy:1655)


	at sun.reflect.GeneratedMethodAccessor114.invoke(Unknown Source)


	at sun.reflect.DelegatingMethodAccessorImpl.invoke(DelegatingMethodAccessorImpl.java:43)


	at java.lang.reflect.Method.invoke(Method.java:498)


	at org.codehaus.groovy.reflection.CachedMethod.invoke(CachedMethod.java:107)


	at groovy.lang.MetaMethod.doMethodInvoke(MetaMethod.java:323)


	at groovy.lang.MetaClassImpl.invokeMethod(MetaClassImpl.java:1267)


	at groovy.lang.MetaClassImpl.invokeMethod(MetaClassImpl.java:1034)


	at groovy.lang.MetaClassImpl.invokeMethod(MetaClassImpl.java:818)


	at groovy.lang.GroovyObject.invokeMethod(GroovyObject.java:39)


	at org.codehaus.groovy.runtime.callsite.PogoInterceptableSite.call(PogoInterceptableSite.java:45)


	at org.codehaus.groovy.runtime.callsite.PogoInterceptableSite.callCurrent(PogoInterceptableSite.java:55)


	at org.codehaus.groovy.runtime.callsite.AbstractCallSite.callCurrent(AbstractCallSite.java:203)


	at io.restassured.internal.RequestSpecificationImpl.applyPathParamsAndSendRequest(RequestSpecificationImpl.groovy:1661)


	at sun.reflect.GeneratedMethodAccessor113.invoke(Unknown Source)


	at sun.reflect.DelegatingMethodAccessorImpl.invoke(DelegatingMethodAccessorImpl.java:43)


	at java.lang.reflect.Method.invoke(Method.java:498)


	at org.codehaus.groovy.reflection.CachedMethod.invoke(CachedMethod.java:107)


	at groovy.lang.MetaMethod.doMethodInvoke(MetaMethod.java:323)


	at groovy.lang.MetaClassImpl.invokeMethod(MetaClassImpl.java:1267)


	at groovy.lang.MetaClassImpl.invokeMethod(MetaClassImpl.java:1034)


	at groovy.lang.MetaClassImpl.invokeMethod(MetaClassImpl.java:818)


	at groovy.lang.GroovyObject.invokeMethod(GroovyObject.java:39)


	at org.codehaus.groovy.runtime.callsite.PogoInterceptableSite.call(PogoInterceptableSite.java:45)


	at org.codehaus.groovy.runtime.callsite.PogoInterceptableSite.callCurrent(PogoInterceptableSite.java:55)


	at org.codehaus.groovy.runtime.callsite.AbstractCallSite.callCurrent(AbstractCallSite.java:203)


	at io.restassured.internal.RequestSpecificationImpl.post(RequestSpecificationImpl.groovy:175)


	at net.serenitybdd.rest.decorators.request.RequestSpecificationDecorated.executeCall(RequestSpecificationDecorated.java:309)


	at net.serenitybdd.rest.decorators.request.RequestSpecificationDecorated.execute(RequestSpecificationDecorated.java:268)


	at net.serenitybdd.rest.decorators.request.RequestSpecificationDecorated.post(RequestSpecificationDecorated.java:120)


	at net.serenitybdd.rest.decorators.request.RequestSpecificationDecorated.post(RequestSpecificationDecorated.java:38)


	at MusicLab.StepDefinitions.Schedule.PostMentorScheduleStepDef.sendRequestPostAddMentorScheduleEmptyJson(PostMentorScheduleStepDef.java:103)


	at ?.Send request post add mentor schedule empty json(classpath:features/Cucumber/Schedule/PostAddMentorSchedule.feature:26)


Caused by: java.io.FileNotFoundException: D:\Alterra\Automation\API\MusicLab-QE-APITesting\src\test\resources\features\JSON\ReqBody\Schedule\PostAddMentorScheduleWithEmptyJsonJsonReqBody.json (The system cannot find the file specified)


	at java.io.FileInputStream.open0(Native Method)


	at java.io.FileInputStream.open(FileInputStream.java:195)


	at java.io.FileInputStream.<init>(FileInputStream.java:138)


	at org.codehaus.groovy.runtime.ResourceGroovyMethods.newReader(ResourceGroovyMethods.java:1797)


	at org.codehaus.groovy.runtime.ResourceGroovyMethods.getText(ResourceGroovyMethods.java:579)


	at org.codehaus.groovy.runtime.dgm$1042.invoke(Unknown Source)


	at org.codehaus.groovy.runtime.callsite.PojoMetaMethodSite$PojoMetaMethodSiteNoUnwrapNoCoerce.invoke(PojoMetaMethodSite.java:247)


	at org.codehaus.groovy.runtime.callsite.PojoMetaMethodSite.call(PojoMetaMethodSite.java:56)


	at org.codehaus.groovy.runtime.callsite.AbstractCallSite.call(AbstractCallSite.java:139)


	at io.restassured.internal.support.FileReader.readToString(FileReader.groovy:23)


	at io.restassured.internal.http.EncoderRegistry.toString(EncoderRegistry.java:461)


	at io.restassured.internal.http.EncoderRegistry.encodeJSON(EncoderRegistry.java:287)


	at sun.reflect.GeneratedMethodAccessor185.invoke(Unknown Source)


	at sun.reflect.DelegatingMethodAccessorImpl.invoke(DelegatingMethodAccessorImpl.java:43)


	at java.lang.reflect.Method.invoke(Method.java:498)


	at org.codehaus.groovy.reflection.CachedMethod.invoke(CachedMethod.java:107)


	at groovy.lang.MetaMethod.doMethodInvoke(MetaMethod.java:323)


	at groovy.lang.MetaClassImpl.invokeMethod(MetaClassImpl.java:1267)


	at groovy.lang.MetaClassImpl.invokeMethodClosure(MetaClassImpl.java:1047)


	at groovy.lang.MetaClassImpl.invokeMethod(MetaClassImpl.java:1141)


	at groovy.lang.MetaClassImpl.invokeMethod(MetaClassImpl.java:1034)


	at groovy.lang.Closure.call(Closure.java:412)


	at io.restassured.internal.http.HTTPBuilder$RequestConfigDelegate.setBody(HTTPBuilder.java:1114)


	at io.restassured.internal.http.HTTPBuilder$RequestConfigDelegate.setPropertiesFromMap(HTTPBuilder.java:1026)


	at io.restassured.internal.http.HTTPBuilder.post(HTTPBuilder.java:345)


	at io.restassured.internal.http.HTTPBuilder$post$2.call(Unknown Source)


	at io.restassured.internal.RequestSpecificationImpl.sendRequest(RequestSpecificationImpl.groovy:1181)


	at sun.reflect.GeneratedMethodAccessor120.invoke(Unknown Source)


	at sun.reflect.DelegatingMethodAccessorImpl.invoke(DelegatingMethodAccessorImpl.java:43)


	at java.lang.reflect.Method.invoke(Method.java:498)


	at org.codehaus.groovy.reflection.CachedMethod.invoke(CachedMethod.java:107)


	at groovy.lang.MetaMethod.doMethodInvoke(MetaMethod.java:323)


	at groovy.lang.MetaClassImpl.invokeMethod(MetaClassImpl.java:1267)


	at groovy.lang.MetaClassImpl.invokeMethod(MetaClassImpl.java:1034)


	at groovy.lang.MetaClassImpl.invokeMethod(MetaClassImpl.java:818)


	at groovy.lang.GroovyObject.invokeMethod(GroovyObject.java:39)


	at org.codehaus.groovy.runtime.callsite.PogoInterceptableSite.call(PogoInterceptableSite.java:45)


	at org.codehaus.groovy.runtime.callsite.AbstractCallSite.call(AbstractCallSite.java:166)


	at io.restassured.internal.filter.SendRequestFilter.filter(SendRequestFilter.groovy:30)


	at io.restassured.filter.Filter$filter$0.call(Unknown Source)


	at org.codehaus.groovy.runtime.callsite.CallSiteArray.defaultCall(CallSiteArray.java:47)


	at io.restassured.filter.Filter$filter.call(Unknown Source)


	at io.restassured.internal.filter.FilterContextImpl.next(FilterContextImpl.groovy:72)


	at io.restassured.filter.time.TimingFilter.filter(TimingFilter.java:56)


	at io.restassured.filter.Filter$filter.call(Unknown Source)


	at org.codehaus.groovy.runtime.callsite.CallSiteArray.defaultCall(CallSiteArray.java:47)


	at io.restassured.filter.Filter$filter.call(Unknown Source)


	at io.restassured.internal.filter.FilterContextImpl.next(FilterContextImpl.groovy:72)


	at io.restassured.filter.log.RequestLoggingFilter.filter(RequestLoggingFilter.java:140)


	at net.serenitybdd.rest.filters.FieldsRecordingFilter.filter(FieldsRecordingFilter.java:40)


	at io.restassured.filter.Filter$filter.call(Unknown Source)


	at io.restassured.internal.filter.FilterContextImpl.next(FilterContextImpl.groovy:72)


	at io.restassured.filter.log.RequestLoggingFilter.filter(RequestLoggingFilter.java:140)


	at net.serenitybdd.rest.filters.FieldsRecordingFilter.filter(FieldsRecordingFilter.java:40)


	at io.restassured.filter.Filter$filter.call(Unknown Source)


	at io.restassured.internal.filter.FilterContextImpl.next(FilterContextImpl.groovy:72)


	at io.restassured.filter.log.RequestLoggingFilter.filter(RequestLoggingFilter.java:140)


	at net.serenitybdd.rest.filters.FieldsRecordingFilter.filter(FieldsRecordingFilter.java:40)


	at io.restassured.filter.Filter$filter.call(Unknown Source)


	at io.restassured.internal.filter.FilterContextImpl.next(FilterContextImpl.groovy:72)


	at io.restassured.filter.log.RequestLoggingFilter.filter(RequestLoggingFilter.java:140)


	at net.serenitybdd.rest.filters.FieldsRecordingFilter.filter(FieldsRecordingFilter.java:40)


	at io.restassured.filter.Filter$filter.call(Unknown Source)


	at io.restassured.internal.filter.FilterContextImpl.next(FilterContextImpl.groovy:72)


	at io.restassured.filter.log.RequestLoggingFilter.filter(RequestLoggingFilter.java:140)


	at net.serenitybdd.rest.filters.FieldsRecordingFilter.filter(FieldsRecordingFilter.java:40)


	at io.restassured.filter.Filter$filter.call(Unknown Source)


	at io.restassured.internal.filter.FilterContextImpl.next(FilterContextImpl.groovy:72)


	at io.restassured.filter.log.RequestLoggingFilter.filter(RequestLoggingFilter.java:140)


	at net.serenitybdd.rest.filters.FieldsRecordingFilter.filter(FieldsRecordingFilter.java:40)


	at io.restassured.filter.Filter$filter.call(Unknown Source)


	at org.codehaus.groovy.runtime.callsite.CallSiteArray.defaultCall(CallSiteArray.java:47)


	at io.restassured.filter.Filter$filter$0.call(Unknown Source)


	at io.restassured.internal.filter.FilterContextImpl.next(FilterContextImpl.groovy:72)


	at io.restassured.filter.FilterContext$next.call(Unknown Source)


	at io.restassured.internal.RequestSpecificationImpl.applyPathParamsAndSendRequest(RequestSpecificationImpl.groovy:1655)


	at sun.reflect.GeneratedMethodAccessor114.invoke(Unknown Source)


	at sun.reflect.DelegatingMethodAccessorImpl.invoke(DelegatingMethodAccessorImpl.java:43)


	at java.lang.reflect.Method.invoke(Method.java:498)


	at org.codehaus.groovy.reflection.CachedMethod.invoke(CachedMethod.java:107)


	at groovy.lang.MetaMethod.doMethodInvoke(MetaMethod.java:323)


	at groovy.lang.MetaClassImpl.invokeMethod(MetaClassImpl.java:1267)


	at groovy.lang.MetaClassImpl.invokeMethod(MetaClassImpl.java:1034)


	at groovy.lang.MetaClassImpl.invokeMethod(MetaClassImpl.java:818)


	at groovy.lang.GroovyObject.invokeMethod(GroovyObject.java:39)


	at org.codehaus.groovy.runtime.callsite.PogoInterceptableSite.call(PogoInterceptableSite.java:45)


	at org.codehaus.groovy.runtime.callsite.PogoInterceptableSite.callCurrent(PogoInterceptableSite.java:55)


	at org.codehaus.groovy.runtime.callsite.AbstractCallSite.callCurrent(AbstractCallSite.java:203)


	at io.restassured.internal.RequestSpecificationImpl.applyPathParamsAndSendRequest(RequestSpecificationImpl.groovy:1661)


	at sun.reflect.GeneratedMethodAccessor113.invoke(Unknown Source)


	at sun.reflect.DelegatingMethodAccessorImpl.invoke(DelegatingMethodAccessorImpl.java:43)


	at java.lang.reflect.Method.invoke(Method.java:498)


	at org.codehaus.groovy.reflection.CachedMethod.invoke(CachedMethod.java:107)


	at groovy.lang.MetaMethod.doMethodInvoke(MetaMethod.java:323)


	at groovy.lang.MetaClassImpl.invokeMethod(MetaClassImpl.java:1267)


	at groovy.lang.MetaClassImpl.invokeMethod(MetaClassImpl.java:1034)


	at groovy.lang.MetaClassImpl.invokeMethod(MetaClassImpl.java:818)


	at groovy.lang.GroovyObject.invokeMethod(GroovyObject.java:39)


	at org.codehaus.groovy.runtime.callsite.PogoInterceptableSite.call(PogoInterceptableSite.java:45)


	at org.codehaus.groovy.runtime.callsite.PogoInterceptableSite.callCurrent(PogoInterceptableSite.java:55)


	at org.codehaus.groovy.runtime.callsite.AbstractCallSite.callCurrent(AbstractCallSite.java:203)


	at io.restassured.internal.RequestSpecificationImpl.post(RequestSpecificationImpl.groovy:175)


	at net.serenitybdd.rest.decorators.request.RequestSpecificationDecorated.executeCall(RequestSpecificationDecorated.java:309)


	at net.serenitybdd.rest.decorators.request.RequestSpecificationDecorated.execute(RequestSpecificationDecorated.java:268)


	at net.serenitybdd.rest.decorators.request.RequestSpecificationDecorated.post(RequestSpecificationDecorated.java:120)


	at net.serenitybdd.rest.decorators.request.RequestSpecificationDecorated.post(RequestSpecificationDecorated.java:38)


	at MusicLab.StepDefinitions.Schedule.PostMentorScheduleStepDef.sendRequestPostAddMentorScheduleEmptyJson(PostMentorScheduleStepDef.java:103)


	at sun.reflect.NativeMethodAccessorImpl.invoke0(Native Method)


	at sun.reflect.NativeMethodAccessorImpl.invoke(NativeMethodAccessorImpl.java:62)


	at sun.reflect.DelegatingMethodAccessorImpl.invoke(DelegatingMethodAccessorImpl.java:43)


	at java.lang.reflect.Method.invoke(Method.java:498)


	at io.cucumber.java.Invoker.doInvoke(Invoker.java:66)


	at io.cucumber.java.Invoker.invoke(Invoker.java:24)


	at io.cucumber.java.AbstractGlueDefinition.invokeMethod(AbstractGlueDefinition.java:47)


	at io.cucumber.java.JavaStepDefinition.execute(JavaStepDefinition.java:29)


	at io.cucumber.core.runner.CoreStepDefinition.execute(CoreStepDefinition.java:66)


	at io.cucumber.core.runner.PickleStepDefinitionMatch.runStep(PickleStepDefinitionMatch.java:63)


	at io.cucumber.core.runner.ExecutionMode$1.execute(ExecutionMode.java:10)


	at io.cucumber.core.runner.TestStep.executeStep(TestStep.java:92)


	at io.cucumber.core.runner.TestStep.run(TestStep.java:64)


	at io.cucumber.core.runner.PickleStepTestStep.run(PickleStepTestStep.java:51)


	at io.cucumber.core.runner.TestCase.run(TestCase.java:104)


	at io.cucumber.core.runner.Runner.runPickle(Runner.java:73)


	at io.cucumber.junit.PickleRunners$NoStepDescriptions.run(PickleRunners.java:151)


	at io.cucumber.junit.FeatureRunner.runChild(FeatureRunner.java:135)


	at io.cucumber.junit.FeatureRunner.runChild(FeatureRunner.java:27)


	at org.junit.runners.ParentRunner$4.run(ParentRunner.java:331)


	at org.junit.runners.ParentRunner$1.schedule(ParentRunner.java:79)


	at org.junit.runners.ParentRunner.runChildren(ParentRunner.java:329)


	at org.junit.runners.ParentRunner.access$100(ParentRunner.java:66)


	at org.junit.runners.ParentRunner$2.evaluate(ParentRunner.java:293)


	at org.junit.runners.ParentRunner$3.evaluate(ParentRunner.java:306)


	at org.junit.runners.ParentRunner.run(ParentRunner.java:413)


	at io.cucumber.junit.CucumberSerenityRunner.runChild(CucumberSerenityRunner.java:258)


	at io.cucumber.junit.CucumberSerenityRunner.runChild(CucumberSerenityRunner.java:57)


	at org.junit.runners.ParentRunner$4.run(ParentRunner.java:331)


	at org.apache.maven.surefire.junitcore.pc.Scheduler$1.run(Scheduler.java:405)


	at org.apache.maven.surefire.junitcore.pc.InvokerStrategy.schedule(InvokerStrategy.java:54)


	at org.apache.maven.surefire.junitcore.pc.Scheduler.schedule(Scheduler.java:362)


	at org.junit.runners.ParentRunner.runChildren(ParentRunner.java:329)


	at org.junit.runners.ParentRunner.access$100(ParentRunner.java:66)


	at org.junit.runners.ParentRunner$2.evaluate(ParentRunner.java:293)


	at io.cucumber.junit.CucumberSerenityRunner$RunCucumber.evaluate(CucumberSerenityRunner.java:286)


	at org.junit.runners.ParentRunner$3.evaluate(ParentRunner.java:306)


	at org.junit.runners.ParentRunner.run(ParentRunner.java:413)


	at org.junit.runners.Suite.runChild(Suite.java:128)


	at org.junit.runners.Suite.runChild(Suite.java:27)


	at org.junit.runners.ParentRunner$4.run(ParentRunner.java:331)


	at org.apache.maven.surefire.junitcore.pc.Scheduler$1.run(Scheduler.java:405)


	at java.util.concurrent.Executors$RunnableAdapter.call(Executors.java:511)


	at java.util.concurrent.FutureTask.run(FutureTask.java:266)


	at java.util.concurrent.ThreadPoolExecutor.runWorker(ThreadPoolExecutor.java:1149)


	at java.util.concurrent.ThreadPoolExecutor$Worker.run(ThreadPoolExecutor.java:624)


	at java.lang.Thread.run(Thread.java:750)




java.lang.AssertionError: 1 expectation failed.
Expected status code <201> but was <500>.



	at sun.reflect.GeneratedConstructorAccessor116.newInstance(Unknown Source)


	at sun.reflect.DelegatingConstructorAccessorImpl.newInstance(DelegatingConstructorAccessorImpl.java:45)


	at java.lang.reflect.Constructor.newInstance(Constructor.java:423)


	at org.codehaus.groovy.reflection.CachedConstructor.invoke(CachedConstructor.java:72)


	at org.codehaus.groovy.reflection.CachedConstructor.doConstructorInvoke(CachedConstructor.java:59)


	at org.codehaus.groovy.runtime.callsite.ConstructorSite$ConstructorSiteNoUnwrap.callConstructor(ConstructorSite.java:84)


	at org.codehaus.groovy.runtime.callsite.AbstractCallSite.callConstructor(AbstractCallSite.java:277)


	at io.restassured.internal.ResponseSpecificationImpl$HamcrestAssertionClosure.validate(ResponseSpecificationImpl.groovy:493)


	at io.restassured.internal.ResponseSpecificationImpl$HamcrestAssertionClosure$validate$1.call(Unknown Source)


	at io.restassured.internal.ResponseSpecificationImpl.validateResponseIfRequired(ResponseSpecificationImpl.groovy:674)


	at sun.reflect.GeneratedMethodAccessor72.invoke(Unknown Source)


	at sun.reflect.DelegatingMethodAccessorImpl.invoke(DelegatingMethodAccessorImpl.java:43)


	at java.lang.reflect.Method.invoke(Method.java:498)


	at org.codehaus.groovy.runtime.callsite.PlainObjectMetaMethodSite.doInvoke(PlainObjectMetaMethodSite.java:43)


	at org.codehaus.groovy.runtime.callsite.PogoMetaMethodSite$PogoCachedMethodSiteNoUnwrapNoCoerce.invoke(PogoMetaMethodSite.java:193)


	at org.codehaus.groovy.runtime.callsite.PogoMetaMethodSite.callCurrent(PogoMetaMethodSite.java:61)


	at org.codehaus.groovy.runtime.callsite.AbstractCallSite.callCurrent(AbstractCallSite.java:185)


	at io.restassured.internal.ResponseSpecificationImpl.statusCode(ResponseSpecificationImpl.groovy:126)


	at io.restassured.specification.ResponseSpecification$statusCode$0.callCurrent(Unknown Source)


	at io.restassured.internal.ResponseSpecificationImpl.statusCode(ResponseSpecificationImpl.groovy:134)


	at io.restassured.internal.ValidatableResponseOptionsImpl.statusCode(ValidatableResponseOptionsImpl.java:89)


	at io.restassured.internal.ValidatableResponseImpl.super$2$statusCode(ValidatableResponseImpl.groovy)


	at sun.reflect.GeneratedMethodAccessor168.invoke(Unknown Source)


	at sun.reflect.DelegatingMethodAccessorImpl.invoke(DelegatingMethodAccessorImpl.java:43)


	at java.lang.reflect.Method.invoke(Method.java:498)


	at org.codehaus.groovy.reflection.CachedMethod.invoke(CachedMethod.java:107)


	at groovy.lang.MetaMethod.doMethodInvoke(MetaMethod.java:323)


	at groovy.lang.MetaClassImpl.invokeMethod(MetaClassImpl.java:1267)


	at org.codehaus.groovy.runtime.ScriptBytecodeAdapter.invokeMethodOnSuperN(ScriptBytecodeAdapter.java:144)


	at io.restassured.internal.ValidatableResponseImpl.statusCode(ValidatableResponseImpl.groovy:142)


	at io.restassured.internal.ValidatableResponseImpl.statusCode(ValidatableResponseImpl.groovy)


	at MusicLab.StepDefinitions.Schedule.PostMentorScheduleStepDef.shouldReturnStatusCodeCreated(PostMentorScheduleStepDef.java:58)


	at ?.Should return status code 201 Created(classpath:features/Cucumber/Schedule/PostAddMentorsSchedulesAvailability.feature:6)




java.lang.AssertionError: 1 expectation failed.
JSON path message doesn't match.
Expected: message: missing or malformed jwt
  Actual: missing or malformed jwt



	at sun.reflect.GeneratedConstructorAccessor116.newInstance(Unknown Source)


	at sun.reflect.DelegatingConstructorAccessorImpl.newInstance(DelegatingConstructorAccessorImpl.java:45)


	at java.lang.reflect.Constructor.newInstance(Constructor.java:423)


	at org.codehaus.groovy.reflection.CachedConstructor.invoke(CachedConstructor.java:72)


	at org.codehaus.groovy.reflection.CachedConstructor.doConstructorInvoke(CachedConstructor.java:59)


	at org.codehaus.groovy.runtime.callsite.ConstructorSite$ConstructorSiteNoUnwrap.callConstructor(ConstructorSite.java:84)


	at org.codehaus.groovy.runtime.callsite.AbstractCallSite.callConstructor(AbstractCallSite.java:277)


	at io.restassured.internal.ResponseSpecificationImpl$HamcrestAssertionClosure.validate(ResponseSpecificationImpl.groovy:493)


	at io.restassured.internal.ResponseSpecificationImpl$HamcrestAssertionClosure$validate$1.call(Unknown Source)


	at io.restassured.internal.ResponseSpecificationImpl.validateResponseIfRequired(ResponseSpecificationImpl.groovy:674)


	at sun.reflect.GeneratedMethodAccessor72.invoke(Unknown Source)


	at sun.reflect.DelegatingMethodAccessorImpl.invoke(DelegatingMethodAccessorImpl.java:43)


	at java.lang.reflect.Method.invoke(Method.java:498)


	at org.codehaus.groovy.runtime.callsite.PlainObjectMetaMethodSite.doInvoke(PlainObjectMetaMethodSite.java:43)


	at org.codehaus.groovy.runtime.callsite.PogoMetaMethodSite$PogoCachedMethodSiteNoUnwrapNoCoerce.invoke(PogoMetaMethodSite.java:193)


	at org.codehaus.groovy.runtime.callsite.PogoMetaMethodSite.callCurrent(PogoMetaMethodSite.java:61)


	at org.codehaus.groovy.runtime.callsite.AbstractCallSite.callCurrent(AbstractCallSite.java:185)


	at io.restassured.internal.ResponseSpecificationImpl.body(ResponseSpecificationImpl.groovy:261)


	at io.restassured.specification.ResponseSpecification$body$1.callCurrent(Unknown Source)


	at io.restassured.internal.ResponseSpecificationImpl.body(ResponseSpecificationImpl.groovy:108)


	at io.restassured.internal.ValidatableResponseOptionsImpl.body(ValidatableResponseOptionsImpl.java:244)


	at io.restassured.internal.ValidatableResponseImpl.super$2$body(ValidatableResponseImpl.groovy)


	at sun.reflect.GeneratedMethodAccessor171.invoke(Unknown Source)


	at sun.reflect.DelegatingMethodAccessorImpl.invoke(DelegatingMethodAccessorImpl.java:43)


	at java.lang.reflect.Method.invoke(Method.java:498)


	at org.codehaus.groovy.reflection.CachedMethod.invoke(CachedMethod.java:107)


	at groovy.lang.MetaMethod.doMethodInvoke(MetaMethod.java:323)


	at groovy.lang.MetaClassImpl.invokeMethod(MetaClassImpl.java:1267)


	at org.codehaus.groovy.runtime.ScriptBytecodeAdapter.invokeMethodOnSuperN(ScriptBytecodeAdapter.java:144)


	at io.restassured.internal.ValidatableResponseImpl.body(ValidatableResponseImpl.groovy:298)


	at io.restassured.internal.ValidatableResponseImpl.body(ValidatableResponseImpl.groovy)


	at MusicLab.StepDefinitions.Schedule.PostAddMentorScheduleAvailabilityStepdef.responseBodyShouldContainMessageSuccess(PostAddMentorScheduleAvailabilityStepdef.java:36)


	at ?.Response body should contain "message: missing or malformed jwt"(classpath:features/Cucumber/Schedule/PostAddMentorsSchedulesAvailability.feature:15)




java.lang.AssertionError: 1 expectation failed.
Expected status code <200> but was <500>.



	at sun.reflect.GeneratedConstructorAccessor116.newInstance(Unknown Source)


	at sun.reflect.DelegatingConstructorAccessorImpl.newInstance(DelegatingConstructorAccessorImpl.java:45)


	at java.lang.reflect.Constructor.newInstance(Constructor.java:423)


	at org.codehaus.groovy.reflection.CachedConstructor.invoke(CachedConstructor.java:72)


	at org.codehaus.groovy.reflection.CachedConstructor.doConstructorInvoke(CachedConstructor.java:59)


	at org.codehaus.groovy.runtime.callsite.ConstructorSite$ConstructorSiteNoUnwrap.callConstructor(ConstructorSite.java:84)


	at org.codehaus.groovy.runtime.callsite.AbstractCallSite.callConstructor(AbstractCallSite.java:277)


	at io.restassured.internal.ResponseSpecificationImpl$HamcrestAssertionClosure.validate(ResponseSpecificationImpl.groovy:493)


	at io.restassured.internal.ResponseSpecificationImpl$HamcrestAssertionClosure$validate$1.call(Unknown Source)


	at io.restassured.internal.ResponseSpecificationImpl.validateResponseIfRequired(ResponseSpecificationImpl.groovy:674)


	at sun.reflect.GeneratedMethodAccessor72.invoke(Unknown Source)


	at sun.reflect.DelegatingMethodAccessorImpl.invoke(DelegatingMethodAccessorImpl.java:43)


	at java.lang.reflect.Method.invoke(Method.java:498)


	at org.codehaus.groovy.runtime.callsite.PlainObjectMetaMethodSite.doInvoke(PlainObjectMetaMethodSite.java:43)


	at org.codehaus.groovy.runtime.callsite.PogoMetaMethodSite$PogoCachedMethodSiteNoUnwrapNoCoerce.invoke(PogoMetaMethodSite.java:193)


	at org.codehaus.groovy.runtime.callsite.PogoMetaMethodSite.callCurrent(PogoMetaMethodSite.java:61)


	at org.codehaus.groovy.runtime.callsite.AbstractCallSite.callCurrent(AbstractCallSite.java:185)


	at io.restassured.internal.ResponseSpecificationImpl.statusCode(ResponseSpecificationImpl.groovy:126)


	at io.restassured.specification.ResponseSpecification$statusCode$0.callCurrent(Unknown Source)


	at io.restassured.internal.ResponseSpecificationImpl.statusCode(ResponseSpecificationImpl.groovy:134)


	at io.restassured.internal.ValidatableResponseOptionsImpl.statusCode(ValidatableResponseOptionsImpl.java:89)


	at io.restassured.internal.ValidatableResponseImpl.super$2$statusCode(ValidatableResponseImpl.groovy)


	at sun.reflect.GeneratedMethodAccessor168.invoke(Unknown Source)


	at sun.reflect.DelegatingMethodAccessorImpl.invoke(DelegatingMethodAccessorImpl.java:43)


	at java.lang.reflect.Method.invoke(Method.java:498)


	at org.codehaus.groovy.reflection.CachedMethod.invoke(CachedMethod.java:107)


	at groovy.lang.MetaMethod.doMethodInvoke(MetaMethod.java:323)


	at groovy.lang.MetaClassImpl.invokeMethod(MetaClassImpl.java:1267)


	at org.codehaus.groovy.runtime.ScriptBytecodeAdapter.invokeMethodOnSuperN(ScriptBytecodeAdapter.java:144)


	at io.restassured.internal.ValidatableResponseImpl.statusCode(ValidatableResponseImpl.groovy:142)


	at io.restassured.internal.ValidatableResponseImpl.statusCode(ValidatableResponseImpl.groovy)


	at MusicLab.StepDefinitions.Instrument.GetIntrumentStepDef.statusCodeShouldBeOK(GetIntrumentStepDef.java:52)


	at ?.Status code should be 200 OK(classpath:features/Cucumber/Student/StudentFeature.feature:34)




java.lang.AssertionError: 1 expectation failed.
Expected status code <200> but was <400>.



	at sun.reflect.GeneratedConstructorAccessor116.newInstance(Unknown Source)


	at sun.reflect.DelegatingConstructorAccessorImpl.newInstance(DelegatingConstructorAccessorImpl.java:45)


	at java.lang.reflect.Constructor.newInstance(Constructor.java:423)


	at org.codehaus.groovy.reflection.CachedConstructor.invoke(CachedConstructor.java:72)


	at org.codehaus.groovy.reflection.CachedConstructor.doConstructorInvoke(CachedConstructor.java:59)


	at org.codehaus.groovy.runtime.callsite.ConstructorSite$ConstructorSiteNoUnwrap.callConstructor(ConstructorSite.java:84)


	at org.codehaus.groovy.runtime.callsite.AbstractCallSite.callConstructor(AbstractCallSite.java:277)


	at io.restassured.internal.ResponseSpecificationImpl$HamcrestAssertionClosure.validate(ResponseSpecificationImpl.groovy:493)


	at io.restassured.internal.ResponseSpecificationImpl$HamcrestAssertionClosure$validate$1.call(Unknown Source)


	at io.restassured.internal.ResponseSpecificationImpl.validateResponseIfRequired(ResponseSpecificationImpl.groovy:674)


	at sun.reflect.GeneratedMethodAccessor72.invoke(Unknown Source)


	at sun.reflect.DelegatingMethodAccessorImpl.invoke(DelegatingMethodAccessorImpl.java:43)


	at java.lang.reflect.Method.invoke(Method.java:498)


	at org.codehaus.groovy.runtime.callsite.PlainObjectMetaMethodSite.doInvoke(PlainObjectMetaMethodSite.java:43)


	at org.codehaus.groovy.runtime.callsite.PogoMetaMethodSite$PogoCachedMethodSiteNoUnwrapNoCoerce.invoke(PogoMetaMethodSite.java:193)


	at org.codehaus.groovy.runtime.callsite.PogoMetaMethodSite.callCurrent(PogoMetaMethodSite.java:61)


	at org.codehaus.groovy.runtime.callsite.AbstractCallSite.callCurrent(AbstractCallSite.java:185)


	at io.restassured.internal.ResponseSpecificationImpl.statusCode(ResponseSpecificationImpl.groovy:126)


	at io.restassured.specification.ResponseSpecification$statusCode$0.callCurrent(Unknown Source)


	at io.restassured.internal.ResponseSpecificationImpl.statusCode(ResponseSpecificationImpl.groovy:134)


	at io.restassured.internal.ValidatableResponseOptionsImpl.statusCode(ValidatableResponseOptionsImpl.java:89)


	at io.restassured.internal.ValidatableResponseImpl.super$2$statusCode(ValidatableResponseImpl.groovy)


	at sun.reflect.GeneratedMethodAccessor168.invoke(Unknown Source)


	at sun.reflect.DelegatingMethodAccessorImpl.invoke(DelegatingMethodAccessorImpl.java:43)


	at java.lang.reflect.Method.invoke(Method.java:498)


	at org.codehaus.groovy.reflection.CachedMethod.invoke(CachedMethod.java:107)


	at groovy.lang.MetaMethod.doMethodInvoke(MetaMethod.java:323)


	at groovy.lang.MetaClassImpl.invokeMethod(MetaClassImpl.java:1267)


	at org.codehaus.groovy.runtime.ScriptBytecodeAdapter.invokeMethodOnSuperN(ScriptBytecodeAdapter.java:144)


	at io.restassured.internal.ValidatableResponseImpl.statusCode(ValidatableResponseImpl.groovy:142)


	at io.restassured.internal.ValidatableResponseImpl.statusCode(ValidatableResponseImpl.groovy)


	at MusicLab.StepDefinitions.Instrument.GetIntrumentStepDef.statusCodeShouldBeOK(GetIntrumentStepDef.java:52)


	at ?.Status code should be 200 OK(classpath:features/Cucumber/Student/StudentFeature.feature:40)






09:49:25.879 [pool-2-thread-1] DEBUG net.thucydides.core.reports.ReportService - Reporting formats: [JSON, HTML]

09:49:25.954 [pool-2-thread-1] DEBUG net.thucydides.core.reports.ReportService - Reporting formats: [JSON, HTML]

09:49:25.967 [pool-2-thread-1] DEBUG net.thucydides.core.reports.ReportService - Generating reports for 118 test outcomes using: net.thucydides.core.reports.json.JSONTestOutcomeReporter@f0e0fa4

09:49:25.968 [pool-3-thread-1] DEBUG net.thucydides.core.reports.ReportService - Processing test outcome Login mentor:Login mentor valid json

09:49:25.968 [pool-3-thread-4] DEBUG net.thucydides.core.reports.ReportService - Processing test outcome Login mentor:Login student valid json

09:49:25.968 [pool-3-thread-5] DEBUG net.thucydides.core.reports.ReportService - Processing test outcome Login mentor:Login student invalid json

09:49:25.968 [pool-3-thread-3] DEBUG net.thucydides.core.reports.ReportService - Processing test outcome Login mentor:Login mentor blank json

09:49:25.968 [pool-3-thread-10] DEBUG net.thucydides.core.reports.ReportService - Processing test outcome Register mentor:Register mentor with blank json

09:49:25.968 [pool-3-thread-3] INFO net.thucydides.core.reports.ReportService - net.thucydides.core.reports.json.JSONTestOutcomeReporter@f0e0fa4: Generating report for test outcome: Login mentor:Login mentor blank json

09:49:25.968 [pool-3-thread-2] DEBUG net.thucydides.core.reports.ReportService - Processing test outcome Login mentor:Login mentor invalid json

09:49:25.968 [pool-3-thread-4] INFO net.thucydides.core.reports.ReportService - net.thucydides.core.reports.json.JSONTestOutcomeReporter@f0e0fa4: Generating report for test outcome: Login mentor:Login student valid json

09:49:25.968 [pool-3-thread-1] INFO net.thucydides.core.reports.ReportService - net.thucydides.core.reports.json.JSONTestOutcomeReporter@f0e0fa4: Generating report for test outcome: Login mentor:Login mentor valid json

09:49:25.968 [pool-3-thread-6] DEBUG net.thucydides.core.reports.ReportService - Processing test outcome Login mentor:Login student blank json

09:49:25.968 [pool-3-thread-7] DEBUG net.thucydides.core.reports.ReportService - Processing test outcome Register mentor:Register mentor valid json

09:49:25.968 [pool-3-thread-8] DEBUG net.thucydides.core.reports.ReportService - Processing test outcome Register mentor:Register mentor with existing json

09:49:25.968 [pool-3-thread-7] INFO net.thucydides.core.reports.ReportService - net.thucydides.core.reports.json.JSONTestOutcomeReporter@f0e0fa4: Generating report for test outcome: Register mentor:Register mentor valid json

09:49:25.968 [pool-3-thread-8] INFO net.thucydides.core.reports.ReportService - net.thucydides.core.reports.json.JSONTestOutcomeReporter@f0e0fa4: Generating report for test outcome: Register mentor:Register mentor with existing json

09:49:25.968 [pool-3-thread-9] DEBUG net.thucydides.core.reports.ReportService - Processing test outcome Register mentor:Register mentor with invalid json

09:49:25.968 [pool-3-thread-5] INFO net.thucydides.core.reports.ReportService - net.thucydides.core.reports.json.JSONTestOutcomeReporter@f0e0fa4: Generating report for test outcome: Login mentor:Login student invalid json

09:49:25.968 [pool-3-thread-9] INFO net.thucydides.core.reports.ReportService - net.thucydides.core.reports.json.JSONTestOutcomeReporter@f0e0fa4: Generating report for test outcome: Register mentor:Register mentor with invalid json

09:49:25.968 [pool-3-thread-10] INFO net.thucydides.core.reports.ReportService - net.thucydides.core.reports.json.JSONTestOutcomeReporter@f0e0fa4: Generating report for test outcome: Register mentor:Register mentor with blank json

09:49:25.968 [pool-3-thread-11] DEBUG net.thucydides.core.reports.ReportService - Processing test outcome Register student:Register student valid data

09:49:25.968 [pool-3-thread-2] INFO net.thucydides.core.reports.ReportService - net.thucydides.core.reports.json.JSONTestOutcomeReporter@f0e0fa4: Generating report for test outcome: Login mentor:Login mentor invalid json

09:49:25.968 [pool-3-thread-12] DEBUG net.thucydides.core.reports.ReportService - Processing test outcome Register student:Register student with existing json

09:49:25.968 [pool-3-thread-6] INFO net.thucydides.core.reports.ReportService - net.thucydides.core.reports.json.JSONTestOutcomeReporter@f0e0fa4: Generating report for test outcome: Login mentor:Login student blank json

09:49:25.968 [pool-3-thread-12] INFO net.thucydides.core.reports.ReportService - net.thucydides.core.reports.json.JSONTestOutcomeReporter@f0e0fa4: Generating report for test outcome: Register student:Register student with existing json

09:49:25.968 [pool-3-thread-11] INFO net.thucydides.core.reports.ReportService - net.thucydides.core.reports.json.JSONTestOutcomeReporter@f0e0fa4: Generating report for test outcome: Register student:Register student valid data

09:49:25.976 [pool-3-thread-9] DEBUG net.thucydides.core.reports.json.JSONTestOutcomeReporter - Generating JSON report for Register mentor with invalid json to file D:\Alterra\Automation\API\MusicLab-QE-APITesting\target\site\serenity\da4d31916f6a1079e3f61f8460a50656ac671938d976e18342dcceb8f2d92511.json (using temp file D:\Alterra\Automation\API\MusicLab-QE-APITesting\target\site\serenity\da4d31916f6a1079e3f61f8460a50656ac671938d976e18342dcceb8f2d92511.json26e2f878-f81d-42d0-9d5f-445a71f5f562)

09:49:25.976 [pool-3-thread-8] DEBUG net.thucydides.core.reports.json.JSONTestOutcomeReporter - Generating JSON report for Register mentor with existing json to file D:\Alterra\Automation\API\MusicLab-QE-APITesting\target\site\serenity\91f383c4c0ab5d32c8f14161f90252915de44baeb5fdc53b117dcd814b9a6afa.json (using temp file D:\Alterra\Automation\API\MusicLab-QE-APITesting\target\site\serenity\91f383c4c0ab5d32c8f14161f90252915de44baeb5fdc53b117dcd814b9a6afa.json9651836b-64cf-4ea0-9706-4a9cb1c44bc3)

09:49:25.976 [pool-3-thread-2] DEBUG net.thucydides.core.reports.json.JSONTestOutcomeReporter - Generating JSON report for Login mentor invalid json to file D:\Alterra\Automation\API\MusicLab-QE-APITesting\target\site\serenity\c665db1359e61abf3a6f21b96e40c0d0c3dbbf93daba4aa482ba2dd46f32d394.json (using temp file D:\Alterra\Automation\API\MusicLab-QE-APITesting\target\site\serenity\c665db1359e61abf3a6f21b96e40c0d0c3dbbf93daba4aa482ba2dd46f32d394.json68b2de02-92dc-4363-b78b-d37f2e0a6b83)

09:49:25.976 [pool-3-thread-12] DEBUG net.thucydides.core.reports.json.JSONTestOutcomeReporter - Generating JSON report for Register student with existing json to file D:\Alterra\Automation\API\MusicLab-QE-APITesting\target\site\serenity\06eef6a0422d8ad6d2433e015fe2e30b1496732c2a020bed32177924f5d761b5.json (using temp file D:\Alterra\Automation\API\MusicLab-QE-APITesting\target\site\serenity\06eef6a0422d8ad6d2433e015fe2e30b1496732c2a020bed32177924f5d761b5.jsone543d67f-52c6-4250-85b7-4b7ea4902c60)

09:49:25.976 [pool-3-thread-7] DEBUG net.thucydides.core.reports.json.JSONTestOutcomeReporter - Generating JSON report for Register mentor valid json to file D:\Alterra\Automation\API\MusicLab-QE-APITesting\target\site\serenity\e40e1b912862db1c10dbf8a650d7fcf995570eab80977798e7b22b13b69dd627.json (using temp file D:\Alterra\Automation\API\MusicLab-QE-APITesting\target\site\serenity\e40e1b912862db1c10dbf8a650d7fcf995570eab80977798e7b22b13b69dd627.json8ce35adc-fc91-45ae-934c-30aaa9fd6720)

09:49:25.976 [pool-3-thread-3] DEBUG net.thucydides.core.reports.json.JSONTestOutcomeReporter - Generating JSON report for Login mentor blank json to file D:\Alterra\Automation\API\MusicLab-QE-APITesting\target\site\serenity\c5927b0f3bc021034391e95e4b8ac5797998550ae6f75e4d9b97c3dfe6e97ff9.json (using temp file D:\Alterra\Automation\API\MusicLab-QE-APITesting\target\site\serenity\c5927b0f3bc021034391e95e4b8ac5797998550ae6f75e4d9b97c3dfe6e97ff9.json84b933d0-939a-4664-a7e6-f888c94cd2de)

09:49:25.976 [pool-3-thread-10] DEBUG net.thucydides.core.reports.json.JSONTestOutcomeReporter - Generating JSON report for Register mentor with blank json to file D:\Alterra\Automation\API\MusicLab-QE-APITesting\target\site\serenity\cb2f6b38b6efcf8131f395eb98853bfc0c63e896383b9602034bbc42eab814ba.json (using temp file D:\Alterra\Automation\API\MusicLab-QE-APITesting\target\site\serenity\cb2f6b38b6efcf8131f395eb98853bfc0c63e896383b9602034bbc42eab814ba.json4cad4c1e-7f92-42ad-9915-3d49ee6991cf)

09:49:25.976 [pool-3-thread-11] DEBUG net.thucydides.core.reports.json.JSONTestOutcomeReporter - Generating JSON report for Register student valid data to file D:\Alterra\Automation\API\MusicLab-QE-APITesting\target\site\serenity\0e56f63e590059d15985ae86f6bf6aff81ff885f6345cf81c8df70be658060d2.json (using temp file D:\Alterra\Automation\API\MusicLab-QE-APITesting\target\site\serenity\0e56f63e590059d15985ae86f6bf6aff81ff885f6345cf81c8df70be658060d2.json34b70ead-2820-490e-9918-fcc1d71e21c8)

09:49:25.976 [pool-3-thread-6] DEBUG net.thucydides.core.reports.json.JSONTestOutcomeReporter - Generating JSON report for Login student blank json to file D:\Alterra\Automation\API\MusicLab-QE-APITesting\target\site\serenity\33e1217da9f7eb292d4b88c23ec24d99579a10d630b07a281ee6446a04ce6ada.json (using temp file D:\Alterra\Automation\API\MusicLab-QE-APITesting\target\site\serenity\33e1217da9f7eb292d4b88c23ec24d99579a10d630b07a281ee6446a04ce6ada.json800e2efa-6b4c-41ab-8b04-2b73059ed62a)

09:49:25.976 [pool-3-thread-5] DEBUG net.thucydides.core.reports.json.JSONTestOutcomeReporter - Generating JSON report for Login student invalid json to file D:\Alterra\Automation\API\MusicLab-QE-APITesting\target\site\serenity\5b2c9688eb803c364e8bd37a59ab6276470b47b8215eb2333da3f7da34e8863b.json (using temp file D:\Alterra\Automation\API\MusicLab-QE-APITesting\target\site\serenity\5b2c9688eb803c364e8bd37a59ab6276470b47b8215eb2333da3f7da34e8863b.jsoned419c24-5195-4e69-bc80-e32ccef9f70d)

09:49:25.976 [pool-3-thread-1] DEBUG net.thucydides.core.reports.json.JSONTestOutcomeReporter - Generating JSON report for Login mentor valid json to file D:\Alterra\Automation\API\MusicLab-QE-APITesting\target\site\serenity\d04d66d1d9c36faa8c68af29df75d7263880890af7a4f9d37f6342c6e470c777.json (using temp file D:\Alterra\Automation\API\MusicLab-QE-APITesting\target\site\serenity\d04d66d1d9c36faa8c68af29df75d7263880890af7a4f9d37f6342c6e470c777.json98d783fe-96a8-41c6-ae19-16c7170d2023)

09:49:25.976 [pool-3-thread-4] DEBUG net.thucydides.core.reports.json.JSONTestOutcomeReporter - Generating JSON report for Login student valid json to file D:\Alterra\Automation\API\MusicLab-QE-APITesting\target\site\serenity\b55032ffc1ae46152ed1c40648c09a00c75a64d057b588f6999af01805048e17.json (using temp file D:\Alterra\Automation\API\MusicLab-QE-APITesting\target\site\serenity\b55032ffc1ae46152ed1c40648c09a00c75a64d057b588f6999af01805048e17.json96c11f73-f458-4483-be6c-7b99199b1d07)

09:49:26.014 [pool-3-thread-10] DEBUG net.thucydides.core.reports.ReportService - Processing test outcome Register mentor:Register mentor with blank json done

09:49:26.014 [pool-3-thread-5] DEBUG net.thucydides.core.reports.ReportService - Processing test outcome Login mentor:Login student invalid json done

09:49:26.014 [pool-3-thread-7] DEBUG net.thucydides.core.reports.ReportService - Processing test outcome Register mentor:Register mentor valid json done

09:49:26.014 [pool-3-thread-3] DEBUG net.thucydides.core.reports.ReportService - Processing test outcome Login mentor:Login mentor blank json done

09:49:26.014 [pool-3-thread-7] DEBUG net.thucydides.core.reports.ReportService - Processing test outcome Register student:Register student blank data

09:49:26.014 [pool-3-thread-10] DEBUG net.thucydides.core.reports.ReportService - Processing test outcome Register student:Register student invalid data

09:49:26.014 [pool-3-thread-5] DEBUG net.thucydides.core.reports.ReportService - Processing test outcome Get Chat Message:Get chat contents with invalid path

09:49:26.014 [pool-3-thread-7] INFO net.thucydides.core.reports.ReportService - net.thucydides.core.reports.json.JSONTestOutcomeReporter@f0e0fa4: Generating report for test outcome: Register student:Register student blank data

09:49:26.014 [pool-3-thread-3] DEBUG net.thucydides.core.reports.ReportService - Processing test outcome Get Chat Message:Get chat contents with valid path

09:49:26.014 [pool-3-thread-3] INFO net.thucydides.core.reports.ReportService - net.thucydides.core.reports.json.JSONTestOutcomeReporter@f0e0fa4: Generating report for test outcome: Get Chat Message:Get chat contents with valid path

09:49:26.014 [pool-3-thread-11] DEBUG net.thucydides.core.reports.ReportService - Processing test outcome Register student:Register student valid data done

09:49:26.014 [pool-3-thread-12] DEBUG net.thucydides.core.reports.ReportService - Processing test outcome Register student:Register student with existing json done

09:49:26.014 [pool-3-thread-11] DEBUG net.thucydides.core.reports.ReportService - Processing test outcome Get Inbox List:Get all list chat with valid path

09:49:26.014 [pool-3-thread-12] DEBUG net.thucydides.core.reports.ReportService - Processing test outcome Get Inbox List:Get all list chat with invalid path

09:49:26.014 [pool-3-thread-11] INFO net.thucydides.core.reports.ReportService - net.thucydides.core.reports.json.JSONTestOutcomeReporter@f0e0fa4: Generating report for test outcome: Get Inbox List:Get all list chat with valid path

09:49:26.014 [pool-3-thread-10] INFO net.thucydides.core.reports.ReportService - net.thucydides.core.reports.json.JSONTestOutcomeReporter@f0e0fa4: Generating report for test outcome: Register student:Register student invalid data

09:49:26.014 [pool-3-thread-4] DEBUG net.thucydides.core.reports.ReportService - Processing test outcome Login mentor:Login student valid json done

09:49:26.014 [pool-3-thread-5] INFO net.thucydides.core.reports.ReportService - net.thucydides.core.reports.json.JSONTestOutcomeReporter@f0e0fa4: Generating report for test outcome: Get Chat Message:Get chat contents with invalid path

09:49:26.015 [pool-3-thread-4] DEBUG net.thucydides.core.reports.ReportService - Processing test outcome Post Create Message:Create message with valid parameter on json request body

09:49:26.015 [pool-3-thread-4] INFO net.thucydides.core.reports.ReportService - net.thucydides.core.reports.json.JSONTestOutcomeReporter@f0e0fa4: Generating report for test outcome: Post Create Message:Create message with valid parameter on json request body

09:49:26.015 [pool-3-thread-3] DEBUG net.thucydides.core.reports.json.JSONTestOutcomeReporter - Generating JSON report for Get chat contents with valid path to file D:\Alterra\Automation\API\MusicLab-QE-APITesting\target\site\serenity\9a4eb9ef5880c2cec26e1d89d773ddec541ef273efd37d904b8663407b5bbfc4.json (using temp file D:\Alterra\Automation\API\MusicLab-QE-APITesting\target\site\serenity\9a4eb9ef5880c2cec26e1d89d773ddec541ef273efd37d904b8663407b5bbfc4.json6121bdde-6b61-462c-ba50-65bb169cf789)

09:49:26.014 [pool-3-thread-12] INFO net.thucydides.core.reports.ReportService - net.thucydides.core.reports.json.JSONTestOutcomeReporter@f0e0fa4: Generating report for test outcome: Get Inbox List:Get all list chat with invalid path

09:49:26.014 [pool-3-thread-6] DEBUG net.thucydides.core.reports.ReportService - Processing test outcome Login mentor:Login student blank json done

09:49:26.015 [pool-3-thread-7] DEBUG net.thucydides.core.reports.json.JSONTestOutcomeReporter - Generating JSON report for Register student blank data to file D:\Alterra\Automation\API\MusicLab-QE-APITesting\target\site\serenity\33c6485e80c20a125cbff5a705494c0266172db88053ebb4fba19a8562ad352e.json (using temp file D:\Alterra\Automation\API\MusicLab-QE-APITesting\target\site\serenity\33c6485e80c20a125cbff5a705494c0266172db88053ebb4fba19a8562ad352e.json7e8622fa-6e81-4094-bc5a-3d1f9743c4ee)

09:49:26.015 [pool-3-thread-6] DEBUG net.thucydides.core.reports.ReportService - Processing test outcome Post Create Message:Create message with invalid parameter mentor_id on json request body

09:49:26.015 [pool-3-thread-6] INFO net.thucydides.core.reports.ReportService - net.thucydides.core.reports.json.JSONTestOutcomeReporter@f0e0fa4: Generating report for test outcome: Post Create Message:Create message with invalid parameter mentor_id on json request body

09:49:26.015 [pool-3-thread-11] DEBUG net.thucydides.core.reports.json.JSONTestOutcomeReporter - Generating JSON report for Get all list chat with valid path to file D:\Alterra\Automation\API\MusicLab-QE-APITesting\target\site\serenity\2da78125dd0a9343f9199a635ee7fdc84a749286f4ea75bbf9df750ee4f3553a.json (using temp file D:\Alterra\Automation\API\MusicLab-QE-APITesting\target\site\serenity\2da78125dd0a9343f9199a635ee7fdc84a749286f4ea75bbf9df750ee4f3553a.json629c694b-3c4b-4799-be1b-9c061e9ddec4)

09:49:26.015 [pool-3-thread-2] DEBUG net.thucydides.core.reports.ReportService - Processing test outcome Login mentor:Login mentor invalid json done

09:49:26.015 [pool-3-thread-2] DEBUG net.thucydides.core.reports.ReportService - Processing test outcome Post Create Message:Create message with invalid parameter student_id on json request body

09:49:26.015 [pool-3-thread-2] INFO net.thucydides.core.reports.ReportService - net.thucydides.core.reports.json.JSONTestOutcomeReporter@f0e0fa4: Generating report for test outcome: Post Create Message:Create message with invalid parameter student_id on json request body

09:49:26.015 [pool-3-thread-10] DEBUG net.thucydides.core.reports.json.JSONTestOutcomeReporter - Generating JSON report for Register student invalid data to file D:\Alterra\Automation\API\MusicLab-QE-APITesting\target\site\serenity\69c422380384d460f28390fdb90ff6a9bdd66ae9d7f32603028309775cc4533c.json (using temp file D:\Alterra\Automation\API\MusicLab-QE-APITesting\target\site\serenity\69c422380384d460f28390fdb90ff6a9bdd66ae9d7f32603028309775cc4533c.jsona9103c7f-2eb2-4f5d-9da1-7463ccd80a40)

09:49:26.015 [pool-3-thread-5] DEBUG net.thucydides.core.reports.json.JSONTestOutcomeReporter - Generating JSON report for Get chat contents with invalid path to file D:\Alterra\Automation\API\MusicLab-QE-APITesting\target\site\serenity\d48b24d105a9c48e761946ca24343d091637385111978dd9738328a99af14b7b.json (using temp file D:\Alterra\Automation\API\MusicLab-QE-APITesting\target\site\serenity\d48b24d105a9c48e761946ca24343d091637385111978dd9738328a99af14b7b.json5d0616f2-75fd-4eb3-8a17-a5d11a2e2deb)

09:49:26.015 [pool-3-thread-12] DEBUG net.thucydides.core.reports.json.JSONTestOutcomeReporter - Generating JSON report for Get all list chat with invalid path to file D:\Alterra\Automation\API\MusicLab-QE-APITesting\target\site\serenity\c42c103ad5bcee98d8896e47472111f73d6ea3fa01b030754bcf5c9fd78dca1d.json (using temp file D:\Alterra\Automation\API\MusicLab-QE-APITesting\target\site\serenity\c42c103ad5bcee98d8896e47472111f73d6ea3fa01b030754bcf5c9fd78dca1d.json51d44c47-828f-43d1-9c00-8af3f659a778)

09:49:26.015 [pool-3-thread-4] DEBUG net.thucydides.core.reports.json.JSONTestOutcomeReporter - Generating JSON report for Create message with valid parameter on json request body to file D:\Alterra\Automation\API\MusicLab-QE-APITesting\target\site\serenity\5126e5225809f5c27f0a7cd4fcb187a18af2cf5e4595362738d96aaae4125cea.json (using temp file D:\Alterra\Automation\API\MusicLab-QE-APITesting\target\site\serenity\5126e5225809f5c27f0a7cd4fcb187a18af2cf5e4595362738d96aaae4125cea.json8bda63db-1aeb-4244-9345-441ed340ab7b)

09:49:26.015 [pool-3-thread-6] DEBUG net.thucydides.core.reports.json.JSONTestOutcomeReporter - Generating JSON report for Create message with invalid parameter mentor_id on json request body to file D:\Alterra\Automation\API\MusicLab-QE-APITesting\target\site\serenity\f8530d92248190cb13f80eb519a83675f2f4c55ece8aba6bbd4eb5cc5bb656a4.json (using temp file D:\Alterra\Automation\API\MusicLab-QE-APITesting\target\site\serenity\f8530d92248190cb13f80eb519a83675f2f4c55ece8aba6bbd4eb5cc5bb656a4.jsonf52280d0-69a5-427d-ad22-0629b632242c)

09:49:26.016 [pool-3-thread-2] DEBUG net.thucydides.core.reports.json.JSONTestOutcomeReporter - Generating JSON report for Create message with invalid parameter student_id on json request body to file D:\Alterra\Automation\API\MusicLab-QE-APITesting\target\site\serenity\56a1f92fc726a9623667a2204f49162adab1ee46fddfeb1a91d0063ec4bc1378.json (using temp file D:\Alterra\Automation\API\MusicLab-QE-APITesting\target\site\serenity\56a1f92fc726a9623667a2204f49162adab1ee46fddfeb1a91d0063ec4bc1378.jsonec942698-8db3-48f3-91f1-896dcd87cfd4)

09:49:26.018 [pool-3-thread-10] DEBUG net.thucydides.core.reports.ReportService - Processing test outcome Register student:Register student invalid data done

09:49:26.018 [pool-3-thread-9] DEBUG net.thucydides.core.reports.ReportService - Processing test outcome Register mentor:Register mentor with invalid json done

09:49:26.019 [pool-3-thread-9] DEBUG net.thucydides.core.reports.ReportService - Processing test outcome Post Create Message:Create message with blank or empty parameter on json request body

09:49:26.019 [pool-3-thread-9] INFO net.thucydides.core.reports.ReportService - net.thucydides.core.reports.json.JSONTestOutcomeReporter@f0e0fa4: Generating report for test outcome: Post Create Message:Create message with blank or empty parameter on json request body

09:49:26.019 [pool-3-thread-10] DEBUG net.thucydides.core.reports.ReportService - Processing test outcome Post Create Message:Create message with extra parameter on json request body

09:49:26.019 [pool-3-thread-10] INFO net.thucydides.core.reports.ReportService - net.thucydides.core.reports.json.JSONTestOutcomeReporter@f0e0fa4: Generating report for test outcome: Post Create Message:Create message with extra parameter on json request body

09:49:26.019 [pool-3-thread-1] DEBUG net.thucydides.core.reports.ReportService - Processing test outcome Login mentor:Login mentor valid json done

09:49:26.019 [pool-3-thread-1] DEBUG net.thucydides.core.reports.ReportService - Processing test outcome Post Create Message:Create message with 1 parameter(only chat contents)

09:49:26.019 [pool-3-thread-1] INFO net.thucydides.core.reports.ReportService - net.thucydides.core.reports.json.JSONTestOutcomeReporter@f0e0fa4: Generating report for test outcome: Post Create Message:Create message with 1 parameter(only chat contents)

09:49:26.019 [pool-3-thread-10] DEBUG net.thucydides.core.reports.json.JSONTestOutcomeReporter - Generating JSON report for Create message with extra parameter on json request body to file D:\Alterra\Automation\API\MusicLab-QE-APITesting\target\site\serenity\a6e136ef8528fe5d6779593cba788c3baa1ecbc82e21f36b23071e87c2303bf3.json (using temp file D:\Alterra\Automation\API\MusicLab-QE-APITesting\target\site\serenity\a6e136ef8528fe5d6779593cba788c3baa1ecbc82e21f36b23071e87c2303bf3.json579318df-6631-4306-bec9-5f1b30b00b45)

09:49:26.019 [pool-3-thread-9] DEBUG net.thucydides.core.reports.json.JSONTestOutcomeReporter - Generating JSON report for Create message with blank or empty parameter on json request body to file D:\Alterra\Automation\API\MusicLab-QE-APITesting\target\site\serenity\5300e9d2cbec9d10fa0a905e7b6c543232d5fc7cd0ad687357c6748f9d9a7121.json (using temp file D:\Alterra\Automation\API\MusicLab-QE-APITesting\target\site\serenity\5300e9d2cbec9d10fa0a905e7b6c543232d5fc7cd0ad687357c6748f9d9a7121.jsonb8597234-46e3-4573-a17c-9fb1abcbad49)

09:49:26.021 [pool-3-thread-1] DEBUG net.thucydides.core.reports.json.JSONTestOutcomeReporter - Generating JSON report for Create message with 1 parameter(only chat contents) to file D:\Alterra\Automation\API\MusicLab-QE-APITesting\target\site\serenity\ebea7434473b2b0f4c4077316165a9f271221ed7a58aa9d9038dc776dfff5917.json (using temp file D:\Alterra\Automation\API\MusicLab-QE-APITesting\target\site\serenity\ebea7434473b2b0f4c4077316165a9f271221ed7a58aa9d9038dc776dfff5917.json40855971-ebe1-4c37-8f8d-5854f07f90c1)

09:49:26.022 [pool-3-thread-12] DEBUG net.thucydides.core.reports.ReportService - Processing test outcome Get Inbox List:Get all list chat with invalid path done

09:49:26.022 [pool-3-thread-12] DEBUG net.thucydides.core.reports.ReportService - Processing test outcome Post Create Message:Create messages longer than 500 characters

09:49:26.022 [pool-3-thread-12] INFO net.thucydides.core.reports.ReportService - net.thucydides.core.reports.json.JSONTestOutcomeReporter@f0e0fa4: Generating report for test outcome: Post Create Message:Create messages longer than 500 characters

09:49:26.022 [pool-3-thread-2] DEBUG net.thucydides.core.reports.ReportService - Processing test outcome Post Create Message:Create message with invalid parameter student_id on json request body done

09:49:26.022 [pool-3-thread-2] DEBUG net.thucydides.core.reports.ReportService - Processing test outcome Post Create Message:Create message without any characters or request body

09:49:26.022 [pool-3-thread-2] INFO net.thucydides.core.reports.ReportService - net.thucydides.core.reports.json.JSONTestOutcomeReporter@f0e0fa4: Generating report for test outcome: Post Create Message:Create message without any characters or request body

09:49:26.023 [pool-3-thread-6] DEBUG net.thucydides.core.reports.ReportService - Processing test outcome Post Create Message:Create message with invalid parameter mentor_id on json request body done

09:49:26.023 [pool-3-thread-6] DEBUG net.thucydides.core.reports.ReportService - Processing test outcome Post Create Message:Create message with invalid path

09:49:26.023 [pool-3-thread-6] INFO net.thucydides.core.reports.ReportService - net.thucydides.core.reports.json.JSONTestOutcomeReporter@f0e0fa4: Generating report for test outcome: Post Create Message:Create message with invalid path

09:49:26.023 [pool-3-thread-12] DEBUG net.thucydides.core.reports.json.JSONTestOutcomeReporter - Generating JSON report for Create messages longer than 500 characters to file D:\Alterra\Automation\API\MusicLab-QE-APITesting\target\site\serenity\7aec783a9f60120e7d302fad9c04be7c2280c3ec1a5ffc98129cffb40025b94e.json (using temp file D:\Alterra\Automation\API\MusicLab-QE-APITesting\target\site\serenity\7aec783a9f60120e7d302fad9c04be7c2280c3ec1a5ffc98129cffb40025b94e.jsonca3ce78c-1480-4c66-a984-77812e0651de)

09:49:26.023 [pool-3-thread-2] DEBUG net.thucydides.core.reports.json.JSONTestOutcomeReporter - Generating JSON report for Create message without any characters or request body to file D:\Alterra\Automation\API\MusicLab-QE-APITesting\target\site\serenity\7f7e4693fa445498d4abed00616fe8c5dd8d5896cfe6f63d9e6987e11daf74b5.json (using temp file D:\Alterra\Automation\API\MusicLab-QE-APITesting\target\site\serenity\7f7e4693fa445498d4abed00616fe8c5dd8d5896cfe6f63d9e6987e11daf74b5.json6f2eaeab-bb91-4953-97b9-b36df3695cbb)

09:49:26.023 [pool-3-thread-6] DEBUG net.thucydides.core.reports.json.JSONTestOutcomeReporter - Generating JSON report for Create message with invalid path to file D:\Alterra\Automation\API\MusicLab-QE-APITesting\target\site\serenity\e77f5a63b67408558e4998ec887fe0c29d36d2e8df0b33d980b457693a847200.json (using temp file D:\Alterra\Automation\API\MusicLab-QE-APITesting\target\site\serenity\e77f5a63b67408558e4998ec887fe0c29d36d2e8df0b33d980b457693a847200.json99dbe91f-aa77-4564-a968-aa3bd8e1302b)

09:49:26.023 [pool-3-thread-7] DEBUG net.thucydides.core.reports.ReportService - Processing test outcome Register student:Register student blank data done

09:49:26.023 [pool-3-thread-7] DEBUG net.thucydides.core.reports.ReportService - Processing test outcome MusicLab API Automation Testing Capstone Project:Post to make a class with valid parameters of json file

09:49:26.023 [pool-3-thread-7] INFO net.thucydides.core.reports.ReportService - net.thucydides.core.reports.json.JSONTestOutcomeReporter@f0e0fa4: Generating report for test outcome: MusicLab API Automation Testing Capstone Project:Post to make a class with valid parameters of json file

09:49:26.024 [pool-3-thread-10] DEBUG net.thucydides.core.reports.ReportService - Processing test outcome Post Create Message:Create message with extra parameter on json request body done

09:49:26.024 [pool-3-thread-10] DEBUG net.thucydides.core.reports.ReportService - Processing test outcome MusicLab API Automation Testing Capstone Project:Post to make a class with invalid parameters of json file

09:49:26.024 [pool-3-thread-10] INFO net.thucydides.core.reports.ReportService - net.thucydides.core.reports.json.JSONTestOutcomeReporter@f0e0fa4: Generating report for test outcome: MusicLab API Automation Testing Capstone Project:Post to make a class with invalid parameters of json file

09:49:26.024 [pool-3-thread-3] DEBUG net.thucydides.core.reports.ReportService - Processing test outcome Get Chat Message:Get chat contents with valid path done

09:49:26.024 [pool-3-thread-3] DEBUG net.thucydides.core.reports.ReportService - Processing test outcome MusicLab API Automation Testing Capstone Project:Post to make a class with null parameter

09:49:26.024 [pool-3-thread-3] INFO net.thucydides.core.reports.ReportService - net.thucydides.core.reports.json.JSONTestOutcomeReporter@f0e0fa4: Generating report for test outcome: MusicLab API Automation Testing Capstone Project:Post to make a class with null parameter

09:49:26.024 [pool-3-thread-4] DEBUG net.thucydides.core.reports.ReportService - Processing test outcome Post Create Message:Create message with valid parameter on json request body done

09:49:26.024 [pool-3-thread-10] DEBUG net.thucydides.core.reports.json.JSONTestOutcomeReporter - Generating JSON report for Post to make a class with invalid parameters of json file to file D:\Alterra\Automation\API\MusicLab-QE-APITesting\target\site\serenity\5c179eefc839757fbf38705f6b463a4abbc1353b6b4d9dbcec46e363bf27c99e.json (using temp file D:\Alterra\Automation\API\MusicLab-QE-APITesting\target\site\serenity\5c179eefc839757fbf38705f6b463a4abbc1353b6b4d9dbcec46e363bf27c99e.json48b2e5bb-37d3-4097-893c-ae3adb1c04fc)

09:49:26.024 [pool-3-thread-4] DEBUG net.thucydides.core.reports.ReportService - Processing test outcome MusicLab API Automation Testing Capstone Project:Get all class by ID Mentor valid

09:49:26.024 [pool-3-thread-4] INFO net.thucydides.core.reports.ReportService - net.thucydides.core.reports.json.JSONTestOutcomeReporter@f0e0fa4: Generating report for test outcome: MusicLab API Automation Testing Capstone Project:Get all class by ID Mentor valid

09:49:26.024 [pool-3-thread-3] DEBUG net.thucydides.core.reports.json.JSONTestOutcomeReporter - Generating JSON report for Post to make a class with null parameter to file D:\Alterra\Automation\API\MusicLab-QE-APITesting\target\site\serenity\84fc17b361552b55dff364a1a81c5a0899a2aa03b51d93a6e2f480a5f22a00ab.json (using temp file D:\Alterra\Automation\API\MusicLab-QE-APITesting\target\site\serenity\84fc17b361552b55dff364a1a81c5a0899a2aa03b51d93a6e2f480a5f22a00ab.json5fc8b558-d572-4d1b-8e64-2e0338cd5ecb)

09:49:26.025 [pool-3-thread-4] DEBUG net.thucydides.core.reports.json.JSONTestOutcomeReporter - Generating JSON report for Get all class by ID Mentor valid to file D:\Alterra\Automation\API\MusicLab-QE-APITesting\target\site\serenity\b66aaecfb571a16cd0c7f1262811bf180e2023c65669c949862dc7fa8ccdd333.json (using temp file D:\Alterra\Automation\API\MusicLab-QE-APITesting\target\site\serenity\b66aaecfb571a16cd0c7f1262811bf180e2023c65669c949862dc7fa8ccdd333.json07f93424-1b7c-41ed-8be5-4ba4438778fe)

09:49:26.025 [pool-3-thread-8] DEBUG net.thucydides.core.reports.ReportService - Processing test outcome Register mentor:Register mentor with existing json done

09:49:26.025 [pool-3-thread-8] DEBUG net.thucydides.core.reports.ReportService - Processing test outcome MusicLab API Automation Testing Capstone Project:Get all class by ID Mentor invalid

09:49:26.026 [pool-3-thread-8] INFO net.thucydides.core.reports.ReportService - net.thucydides.core.reports.json.JSONTestOutcomeReporter@f0e0fa4: Generating report for test outcome: MusicLab API Automation Testing Capstone Project:Get all class by ID Mentor invalid

09:49:26.026 [pool-3-thread-7] DEBUG net.thucydides.core.reports.json.JSONTestOutcomeReporter - Generating JSON report for Post to make a class with valid parameters of json file to file D:\Alterra\Automation\API\MusicLab-QE-APITesting\target\site\serenity\c56962bd61d28209cce7632f5fe4a04d2a8083e88ba94a37620b5f6737e41718.json (using temp file D:\Alterra\Automation\API\MusicLab-QE-APITesting\target\site\serenity\c56962bd61d28209cce7632f5fe4a04d2a8083e88ba94a37620b5f6737e41718.json891664f5-ab7c-4e6b-8d0b-25cf46b5e273)

09:49:26.026 [pool-3-thread-11] DEBUG net.thucydides.core.reports.ReportService - Processing test outcome Get Inbox List:Get all list chat with valid path done

09:49:26.026 [pool-3-thread-6] DEBUG net.thucydides.core.reports.ReportService - Processing test outcome Post Create Message:Create message with invalid path done

09:49:26.027 [pool-3-thread-6] DEBUG net.thucydides.core.reports.ReportService - Processing test outcome MusicLab API Automation Testing Capstone Project:Get mentor class detail

09:49:26.027 [pool-3-thread-6] INFO net.thucydides.core.reports.ReportService - net.thucydides.core.reports.json.JSONTestOutcomeReporter@f0e0fa4: Generating report for test outcome: MusicLab API Automation Testing Capstone Project:Get mentor class detail

09:49:26.027 [pool-3-thread-11] DEBUG net.thucydides.core.reports.ReportService - Processing test outcome MusicLab API Automation Testing Capstone Project:Put or edit a class valid json all parameters

09:49:26.027 [pool-3-thread-11] INFO net.thucydides.core.reports.ReportService - net.thucydides.core.reports.json.JSONTestOutcomeReporter@f0e0fa4: Generating report for test outcome: MusicLab API Automation Testing Capstone Project:Put or edit a class valid json all parameters

09:49:26.027 [pool-3-thread-5] DEBUG net.thucydides.core.reports.ReportService - Processing test outcome Get Chat Message:Get chat contents with invalid path done

09:49:26.027 [pool-3-thread-5] DEBUG net.thucydides.core.reports.ReportService - Processing test outcome MusicLab API Automation Testing Capstone Project:Put or edit a class one parameter

09:49:26.027 [pool-3-thread-5] INFO net.thucydides.core.reports.ReportService - net.thucydides.core.reports.json.JSONTestOutcomeReporter@f0e0fa4: Generating report for test outcome: MusicLab API Automation Testing Capstone Project:Put or edit a class one parameter

09:49:26.027 [pool-3-thread-2] DEBUG net.thucydides.core.reports.ReportService - Processing test outcome Post Create Message:Create message without any characters or request body done

09:49:26.027 [pool-3-thread-2] DEBUG net.thucydides.core.reports.ReportService - Processing test outcome MusicLab API Automation Testing Capstone Project:Put or edit a class null parameter

09:49:26.027 [pool-3-thread-2] INFO net.thucydides.core.reports.ReportService - net.thucydides.core.reports.json.JSONTestOutcomeReporter@f0e0fa4: Generating report for test outcome: MusicLab API Automation Testing Capstone Project:Put or edit a class null parameter

09:49:26.027 [pool-3-thread-5] DEBUG net.thucydides.core.reports.json.JSONTestOutcomeReporter - Generating JSON report for Put or edit a class one parameter to file D:\Alterra\Automation\API\MusicLab-QE-APITesting\target\site\serenity\50e80ef391c2f5c903458d73ab9fc8c4c963c7935473902553ccebb33e99670e.json (using temp file D:\Alterra\Automation\API\MusicLab-QE-APITesting\target\site\serenity\50e80ef391c2f5c903458d73ab9fc8c4c963c7935473902553ccebb33e99670e.json6bfe7a96-62f0-468b-8e81-e32d1177a2df)

09:49:26.027 [pool-3-thread-6] DEBUG net.thucydides.core.reports.json.JSONTestOutcomeReporter - Generating JSON report for Get mentor class detail to file D:\Alterra\Automation\API\MusicLab-QE-APITesting\target\site\serenity\195b789962b8493e91bc2853b2145995e4d76e81c0ab78a9dc44f77f4533fcd9.json (using temp file D:\Alterra\Automation\API\MusicLab-QE-APITesting\target\site\serenity\195b789962b8493e91bc2853b2145995e4d76e81c0ab78a9dc44f77f4533fcd9.jsona5d6a64a-3ab0-48f3-a1d0-640bd71303b1)

09:49:26.028 [pool-3-thread-11] DEBUG net.thucydides.core.reports.json.JSONTestOutcomeReporter - Generating JSON report for Put or edit a class valid json all parameters to file D:\Alterra\Automation\API\MusicLab-QE-APITesting\target\site\serenity\a389734b6cc44ee108778d1c788b19256c744b15cabbdfc0ce358690ba6c3350.json (using temp file D:\Alterra\Automation\API\MusicLab-QE-APITesting\target\site\serenity\a389734b6cc44ee108778d1c788b19256c744b15cabbdfc0ce358690ba6c3350.jsonc75e5fdc-b58b-4e6a-b811-d5aa86dfb266)

09:49:26.028 [pool-3-thread-2] DEBUG net.thucydides.core.reports.json.JSONTestOutcomeReporter - Generating JSON report for Put or edit a class null parameter to file D:\Alterra\Automation\API\MusicLab-QE-APITesting\target\site\serenity\b212b4a3e12944eb395124ae76af36b415a41db2f1c50692086895d7aa01e8dc.json (using temp file D:\Alterra\Automation\API\MusicLab-QE-APITesting\target\site\serenity\b212b4a3e12944eb395124ae76af36b415a41db2f1c50692086895d7aa01e8dc.jsonf45bc5fc-9ab7-4ea8-add1-92e13e3daa11)

09:49:26.028 [pool-3-thread-12] DEBUG net.thucydides.core.reports.ReportService - Processing test outcome Post Create Message:Create messages longer than 500 characters done

09:49:26.028 [pool-3-thread-12] DEBUG net.thucydides.core.reports.ReportService - Processing test outcome MusicLab API Automation Testing Capstone Project:Delete a class

09:49:26.028 [pool-3-thread-12] INFO net.thucydides.core.reports.ReportService - net.thucydides.core.reports.json.JSONTestOutcomeReporter@f0e0fa4: Generating report for test outcome: MusicLab API Automation Testing Capstone Project:Delete a class

09:49:26.028 [pool-3-thread-8] DEBUG net.thucydides.core.reports.json.JSONTestOutcomeReporter - Generating JSON report for Get all class by ID Mentor invalid to file D:\Alterra\Automation\API\MusicLab-QE-APITesting\target\site\serenity\1e65a2b2d191a22793f4e03ec6685169d65e00d1980e403a77ac8b4e3640a8a3.json (using temp file D:\Alterra\Automation\API\MusicLab-QE-APITesting\target\site\serenity\1e65a2b2d191a22793f4e03ec6685169d65e00d1980e403a77ac8b4e3640a8a3.json8fa756c6-68df-45ce-bda2-c874a2afbd02)

09:49:26.029 [pool-3-thread-12] DEBUG net.thucydides.core.reports.json.JSONTestOutcomeReporter - Generating JSON report for Delete a class to file D:\Alterra\Automation\API\MusicLab-QE-APITesting\target\site\serenity\ba336262f7fcaf5cfa77986f583b824485959fe4ca9cf73ccda262dfb79efc6e.json (using temp file D:\Alterra\Automation\API\MusicLab-QE-APITesting\target\site\serenity\ba336262f7fcaf5cfa77986f583b824485959fe4ca9cf73ccda262dfb79efc6e.json6de1237b-5d53-41cf-a18e-ddead777418e)

09:49:26.030 [pool-3-thread-5] DEBUG net.thucydides.core.reports.ReportService - Processing test outcome MusicLab API Automation Testing Capstone Project:Put or edit a class one parameter done

09:49:26.030 [pool-3-thread-5] DEBUG net.thucydides.core.reports.ReportService - Processing test outcome Delete genre:Delete valid parameter genre

09:49:26.030 [pool-3-thread-5] INFO net.thucydides.core.reports.ReportService - net.thucydides.core.reports.json.JSONTestOutcomeReporter@f0e0fa4: Generating report for test outcome: Delete genre:Delete valid parameter genre

09:49:26.033 [pool-3-thread-7] DEBUG net.thucydides.core.reports.ReportService - Processing test outcome MusicLab API Automation Testing Capstone Project:Post to make a class with valid parameters of json file done

09:49:26.033 [pool-3-thread-2] DEBUG net.thucydides.core.reports.ReportService - Processing test outcome MusicLab API Automation Testing Capstone Project:Put or edit a class null parameter done

09:49:26.033 [pool-3-thread-1] DEBUG net.thucydides.core.reports.ReportService - Processing test outcome Post Create Message:Create message with 1 parameter(only chat contents) done

09:49:26.033 [pool-3-thread-6] DEBUG net.thucydides.core.reports.ReportService - Processing test outcome MusicLab API Automation Testing Capstone Project:Get mentor class detail done

09:49:26.033 [pool-3-thread-2] DEBUG net.thucydides.core.reports.ReportService - Processing test outcome Delete genre:Delete invalid parameter genre

09:49:26.033 [pool-3-thread-1] DEBUG net.thucydides.core.reports.ReportService - Processing test outcome Delete genre:Delete blank parameter genre

09:49:26.033 [pool-3-thread-6] DEBUG net.thucydides.core.reports.ReportService - Processing test outcome Get all data genre:Get all genre

09:49:26.033 [pool-3-thread-1] INFO net.thucydides.core.reports.ReportService - net.thucydides.core.reports.json.JSONTestOutcomeReporter@f0e0fa4: Generating report for test outcome: Delete genre:Delete blank parameter genre

09:49:26.033 [pool-3-thread-6] INFO net.thucydides.core.reports.ReportService - net.thucydides.core.reports.json.JSONTestOutcomeReporter@f0e0fa4: Generating report for test outcome: Get all data genre:Get all genre

09:49:26.033 [pool-3-thread-2] INFO net.thucydides.core.reports.ReportService - net.thucydides.core.reports.json.JSONTestOutcomeReporter@f0e0fa4: Generating report for test outcome: Delete genre:Delete invalid parameter genre

09:49:26.033 [pool-3-thread-7] DEBUG net.thucydides.core.reports.ReportService - Processing test outcome Get all data about genre mentor:Get mentor genre valid parameter

09:49:26.034 [pool-3-thread-7] INFO net.thucydides.core.reports.ReportService - net.thucydides.core.reports.json.JSONTestOutcomeReporter@f0e0fa4: Generating report for test outcome: Get all data about genre mentor:Get mentor genre valid parameter

09:49:26.034 [pool-3-thread-3] DEBUG net.thucydides.core.reports.ReportService - Processing test outcome MusicLab API Automation Testing Capstone Project:Post to make a class with null parameter done

09:49:26.034 [pool-3-thread-5] DEBUG net.thucydides.core.reports.json.JSONTestOutcomeReporter - Generating JSON report for Delete valid parameter genre to file D:\Alterra\Automation\API\MusicLab-QE-APITesting\target\site\serenity\9964f3d32e11976ff76e2e96dcf058b3fb2c782fe0e0072941f49875fe41d895.json (using temp file D:\Alterra\Automation\API\MusicLab-QE-APITesting\target\site\serenity\9964f3d32e11976ff76e2e96dcf058b3fb2c782fe0e0072941f49875fe41d895.json5d78cb97-cefb-4397-9251-098a791db41f)

09:49:26.034 [pool-3-thread-11] DEBUG net.thucydides.core.reports.ReportService - Processing test outcome MusicLab API Automation Testing Capstone Project:Put or edit a class valid json all parameters done

09:49:26.034 [pool-3-thread-11] DEBUG net.thucydides.core.reports.ReportService - Processing test outcome Get all data about genre mentor:Get mentor genre blank parameter

09:49:26.034 [pool-3-thread-11] INFO net.thucydides.core.reports.ReportService - net.thucydides.core.reports.json.JSONTestOutcomeReporter@f0e0fa4: Generating report for test outcome: Get all data about genre mentor:Get mentor genre blank parameter

09:49:26.034 [pool-3-thread-2] DEBUG net.thucydides.core.reports.json.JSONTestOutcomeReporter - Generating JSON report for Delete invalid parameter genre to file D:\Alterra\Automation\API\MusicLab-QE-APITesting\target\site\serenity\90d8757aefcb61d92675691e2feb48519615dbeb1162ef9b51de3c6f77380500.json (using temp file D:\Alterra\Automation\API\MusicLab-QE-APITesting\target\site\serenity\90d8757aefcb61d92675691e2feb48519615dbeb1162ef9b51de3c6f77380500.json413a7c12-bb99-4e01-997e-55f140dbe968)

09:49:26.034 [pool-3-thread-1] DEBUG net.thucydides.core.reports.json.JSONTestOutcomeReporter - Generating JSON report for Delete blank parameter genre to file D:\Alterra\Automation\API\MusicLab-QE-APITesting\target\site\serenity\6414ab135738af44d4bef173f0f7c63ed975134bb15b3b15bb04890c0d8b32ed.json (using temp file D:\Alterra\Automation\API\MusicLab-QE-APITesting\target\site\serenity\6414ab135738af44d4bef173f0f7c63ed975134bb15b3b15bb04890c0d8b32ed.json49700b68-3535-4030-a953-6b8709d16234)

09:49:26.034 [pool-3-thread-3] DEBUG net.thucydides.core.reports.ReportService - Processing test outcome Get all data about genre mentor:Get mentor genre invalid parameter

09:49:26.034 [pool-3-thread-3] INFO net.thucydides.core.reports.ReportService - net.thucydides.core.reports.json.JSONTestOutcomeReporter@f0e0fa4: Generating report for test outcome: Get all data about genre mentor:Get mentor genre invalid parameter

09:49:26.034 [pool-3-thread-6] DEBUG net.thucydides.core.reports.json.JSONTestOutcomeReporter - Generating JSON report for Get all genre to file D:\Alterra\Automation\API\MusicLab-QE-APITesting\target\site\serenity\a289452992da9406c99abbd70ccff6d3117fc5e469eda26199588fdb34b03aaf.json (using temp file D:\Alterra\Automation\API\MusicLab-QE-APITesting\target\site\serenity\a289452992da9406c99abbd70ccff6d3117fc5e469eda26199588fdb34b03aaf.jsondea072c7-f79c-4e66-84e9-525fe97724fb)

09:49:26.034 [pool-3-thread-7] DEBUG net.thucydides.core.reports.json.JSONTestOutcomeReporter - Generating JSON report for Get mentor genre valid parameter to file D:\Alterra\Automation\API\MusicLab-QE-APITesting\target\site\serenity\76f4f9eacbd1b7ac135ff1a930f58876925a063d8c6bbf15c3c46fe45d631eed.json (using temp file D:\Alterra\Automation\API\MusicLab-QE-APITesting\target\site\serenity\76f4f9eacbd1b7ac135ff1a930f58876925a063d8c6bbf15c3c46fe45d631eed.json86f03cc3-f7d5-4559-b934-7ff7eda91814)

09:49:26.034 [pool-3-thread-11] DEBUG net.thucydides.core.reports.json.JSONTestOutcomeReporter - Generating JSON report for Get mentor genre blank parameter to file D:\Alterra\Automation\API\MusicLab-QE-APITesting\target\site\serenity\4ca8db89d6264cc5e43b5147dfc80d795d80ed80a8e4acb3b1bb37fd251f62d5.json (using temp file D:\Alterra\Automation\API\MusicLab-QE-APITesting\target\site\serenity\4ca8db89d6264cc5e43b5147dfc80d795d80ed80a8e4acb3b1bb37fd251f62d5.json758b0cda-985f-4d03-8031-7d479d1a9475)

09:49:26.036 [pool-3-thread-3] DEBUG net.thucydides.core.reports.json.JSONTestOutcomeReporter - Generating JSON report for Get mentor genre invalid parameter to file D:\Alterra\Automation\API\MusicLab-QE-APITesting\target\site\serenity\6a72e5d4a6ba74c9305e79af64dc7c9e8a1d36467cb359f220008fc04d066e71.json (using temp file D:\Alterra\Automation\API\MusicLab-QE-APITesting\target\site\serenity\6a72e5d4a6ba74c9305e79af64dc7c9e8a1d36467cb359f220008fc04d066e71.jsonda41e588-f1ef-4114-9e68-c7fec0f21081)

09:49:26.037 [pool-3-thread-5] DEBUG net.thucydides.core.reports.ReportService - Processing test outcome Delete genre:Delete valid parameter genre done

09:49:26.037 [pool-3-thread-5] DEBUG net.thucydides.core.reports.ReportService - Processing test outcome Mentor post genre:Mentor post genre with valid json

09:49:26.037 [pool-3-thread-5] INFO net.thucydides.core.reports.ReportService - net.thucydides.core.reports.json.JSONTestOutcomeReporter@f0e0fa4: Generating report for test outcome: Mentor post genre:Mentor post genre with valid json

09:49:26.038 [pool-3-thread-8] DEBUG net.thucydides.core.reports.ReportService - Processing test outcome MusicLab API Automation Testing Capstone Project:Get all class by ID Mentor invalid done

09:49:26.038 [pool-3-thread-8] DEBUG net.thucydides.core.reports.ReportService - Processing test outcome Mentor post genre:Mentor post genre invalid json

09:49:26.038 [pool-3-thread-8] INFO net.thucydides.core.reports.ReportService - net.thucydides.core.reports.json.JSONTestOutcomeReporter@f0e0fa4: Generating report for test outcome: Mentor post genre:Mentor post genre invalid json

09:49:26.038 [pool-3-thread-10] DEBUG net.thucydides.core.reports.ReportService - Processing test outcome MusicLab API Automation Testing Capstone Project:Post to make a class with invalid parameters of json file done

09:49:26.038 [pool-3-thread-10] DEBUG net.thucydides.core.reports.ReportService - Processing test outcome Mentor post genre:Mentor post genre blank json

09:49:26.038 [pool-3-thread-10] INFO net.thucydides.core.reports.ReportService - net.thucydides.core.reports.json.JSONTestOutcomeReporter@f0e0fa4: Generating report for test outcome: Mentor post genre:Mentor post genre blank json

09:49:26.038 [pool-3-thread-5] DEBUG net.thucydides.core.reports.json.JSONTestOutcomeReporter - Generating JSON report for Mentor post genre with valid json to file D:\Alterra\Automation\API\MusicLab-QE-APITesting\target\site\serenity\bed3bf1a6a1d42722f4169826a5d0db7f93708c46169d33fbfb10b4d16ce349f.json (using temp file D:\Alterra\Automation\API\MusicLab-QE-APITesting\target\site\serenity\bed3bf1a6a1d42722f4169826a5d0db7f93708c46169d33fbfb10b4d16ce349f.jsona6c335bf-ceb7-4e46-beae-ab67bf4d6d05)

09:49:26.038 [pool-3-thread-9] DEBUG net.thucydides.core.reports.ReportService - Processing test outcome Post Create Message:Create message with blank or empty parameter on json request body done

09:49:26.038 [pool-3-thread-9] DEBUG net.thucydides.core.reports.ReportService - Processing test outcome Mentor post genre:mentor post genre with no authorization

09:49:26.038 [pool-3-thread-9] INFO net.thucydides.core.reports.ReportService - net.thucydides.core.reports.json.JSONTestOutcomeReporter@f0e0fa4: Generating report for test outcome: Mentor post genre:mentor post genre with no authorization

09:49:26.038 [pool-3-thread-2] DEBUG net.thucydides.core.reports.ReportService - Processing test outcome Delete genre:Delete invalid parameter genre done

09:49:26.038 [pool-3-thread-2] DEBUG net.thucydides.core.reports.ReportService - Processing test outcome [MusicLab-API] Delete Feature Instrument:[Negative Case] Delete Instruments Valid ID No Auth

09:49:26.038 [pool-3-thread-2] INFO net.thucydides.core.reports.ReportService - net.thucydides.core.reports.json.JSONTestOutcomeReporter@f0e0fa4: Generating report for test outcome: [MusicLab-API] Delete Feature Instrument:[Negative Case] Delete Instruments Valid ID No Auth

09:49:26.038 [pool-3-thread-1] DEBUG net.thucydides.core.reports.ReportService - Processing test outcome Delete genre:Delete blank parameter genre done

09:49:26.038 [pool-3-thread-8] DEBUG net.thucydides.core.reports.json.JSONTestOutcomeReporter - Generating JSON report for Mentor post genre invalid json to file D:\Alterra\Automation\API\MusicLab-QE-APITesting\target\site\serenity\f137b41c7ebd70eae8e5a63310e8e180cf365e9f74ee39612ec96f99a3bb179a.json (using temp file D:\Alterra\Automation\API\MusicLab-QE-APITesting\target\site\serenity\f137b41c7ebd70eae8e5a63310e8e180cf365e9f74ee39612ec96f99a3bb179a.jsonca669c44-6424-49ed-bd3f-d0f13c0f6582)

09:49:26.038 [pool-3-thread-1] DEBUG net.thucydides.core.reports.ReportService - Processing test outcome [MusicLab-API] Delete Feature Instrument:[Negative Case] Delete Instruments Invalid ID

09:49:26.038 [pool-3-thread-1] INFO net.thucydides.core.reports.ReportService - net.thucydides.core.reports.json.JSONTestOutcomeReporter@f0e0fa4: Generating report for test outcome: [MusicLab-API] Delete Feature Instrument:[Negative Case] Delete Instruments Invalid ID

09:49:26.039 [pool-3-thread-12] DEBUG net.thucydides.core.reports.ReportService - Processing test outcome MusicLab API Automation Testing Capstone Project:Delete a class done

09:49:26.039 [pool-3-thread-12] DEBUG net.thucydides.core.reports.ReportService - Processing test outcome [MusicLab-API] Delete Feature Instrument:[Negative Case] Delete Instruments Blank ID

09:49:26.039 [pool-3-thread-12] INFO net.thucydides.core.reports.ReportService - net.thucydides.core.reports.json.JSONTestOutcomeReporter@f0e0fa4: Generating report for test outcome: [MusicLab-API] Delete Feature Instrument:[Negative Case] Delete Instruments Blank ID

09:49:26.039 [pool-3-thread-6] DEBUG net.thucydides.core.reports.ReportService - Processing test outcome Get all data genre:Get all genre done

09:49:26.039 [pool-3-thread-6] DEBUG net.thucydides.core.reports.ReportService - Processing test outcome [MusicLab-API] Delete Feature Instrument:[Positive Case] Delete Instruments Valid ID

09:49:26.039 [pool-3-thread-6] INFO net.thucydides.core.reports.ReportService - net.thucydides.core.reports.json.JSONTestOutcomeReporter@f0e0fa4: Generating report for test outcome: [MusicLab-API] Delete Feature Instrument:[Positive Case] Delete Instruments Valid ID

09:49:26.039 [pool-3-thread-10] DEBUG net.thucydides.core.reports.json.JSONTestOutcomeReporter - Generating JSON report for Mentor post genre blank json to file D:\Alterra\Automation\API\MusicLab-QE-APITesting\target\site\serenity\0e1701690d782336dfff2179b7193b999091602bb9bea526791a48433a29688b.json (using temp file D:\Alterra\Automation\API\MusicLab-QE-APITesting\target\site\serenity\0e1701690d782336dfff2179b7193b999091602bb9bea526791a48433a29688b.json46f519ae-2a4a-49bd-9d81-77c5c24d097e)

09:49:26.040 [pool-3-thread-9] DEBUG net.thucydides.core.reports.json.JSONTestOutcomeReporter - Generating JSON report for mentor post genre with no authorization to file D:\Alterra\Automation\API\MusicLab-QE-APITesting\target\site\serenity\f5393d1ce54e5fbc3755cbbf18b8547aa6bbcfff7e9dde06a6bf52139fa28ee9.json (using temp file D:\Alterra\Automation\API\MusicLab-QE-APITesting\target\site\serenity\f5393d1ce54e5fbc3755cbbf18b8547aa6bbcfff7e9dde06a6bf52139fa28ee9.jsonf16ff1c2-bcd4-45f3-9fcb-e2b39533fa4e)

09:49:26.040 [pool-3-thread-6] DEBUG net.thucydides.core.reports.json.JSONTestOutcomeReporter - Generating JSON report for [Positive Case] Delete Instruments Valid ID to file D:\Alterra\Automation\API\MusicLab-QE-APITesting\target\site\serenity\dc6b1941c1541cb5f1df37e5282f23c5f3d79ab1ce861ae5e131ed6fdbbc4da0.json (using temp file D:\Alterra\Automation\API\MusicLab-QE-APITesting\target\site\serenity\dc6b1941c1541cb5f1df37e5282f23c5f3d79ab1ce861ae5e131ed6fdbbc4da0.json9bea9c40-b4cd-4731-a64c-3a54d818ccf4)

09:49:26.041 [pool-3-thread-2] DEBUG net.thucydides.core.reports.json.JSONTestOutcomeReporter - Generating JSON report for [Negative Case] Delete Instruments Valid ID No Auth to file D:\Alterra\Automation\API\MusicLab-QE-APITesting\target\site\serenity\91459aebbd3ceaffea1f2007136d4c4557ce68e3f4dd15abaf4f9057f162ec45.json (using temp file D:\Alterra\Automation\API\MusicLab-QE-APITesting\target\site\serenity\91459aebbd3ceaffea1f2007136d4c4557ce68e3f4dd15abaf4f9057f162ec45.json20d07ce1-4bd8-4d46-bd36-81f9918b468f)

09:49:26.040 [pool-3-thread-12] DEBUG net.thucydides.core.reports.json.JSONTestOutcomeReporter - Generating JSON report for [Negative Case] Delete Instruments Blank ID to file D:\Alterra\Automation\API\MusicLab-QE-APITesting\target\site\serenity\481043b156a3e6937c3dceff56d9d91913f50189ed20a9a966eafba5c9ce14de.json (using temp file D:\Alterra\Automation\API\MusicLab-QE-APITesting\target\site\serenity\481043b156a3e6937c3dceff56d9d91913f50189ed20a9a966eafba5c9ce14de.json6b17e365-d21d-4049-ba37-2e8af1792b24)

09:49:26.041 [pool-3-thread-1] DEBUG net.thucydides.core.reports.json.JSONTestOutcomeReporter - Generating JSON report for [Negative Case] Delete Instruments Invalid ID to file D:\Alterra\Automation\API\MusicLab-QE-APITesting\target\site\serenity\61e7f80c9cbda54e9d1c6fc137e4c51bd10175df352233bdeae561b7329f744e.json (using temp file D:\Alterra\Automation\API\MusicLab-QE-APITesting\target\site\serenity\61e7f80c9cbda54e9d1c6fc137e4c51bd10175df352233bdeae561b7329f744e.jsonb0327463-4e68-43ff-8947-cce1f6f8606f)

09:49:26.041 [pool-3-thread-7] DEBUG net.thucydides.core.reports.ReportService - Processing test outcome Get all data about genre mentor:Get mentor genre valid parameter done

09:49:26.041 [pool-3-thread-7] DEBUG net.thucydides.core.reports.ReportService - Processing test outcome [MusicLab-API] Get Feature Instrument:[Positive Case] Get All List Instruments Normal Condition

09:49:26.041 [pool-3-thread-7] INFO net.thucydides.core.reports.ReportService - net.thucydides.core.reports.json.JSONTestOutcomeReporter@f0e0fa4: Generating report for test outcome: [MusicLab-API] Get Feature Instrument:[Positive Case] Get All List Instruments Normal Condition

09:49:26.041 [pool-3-thread-11] DEBUG net.thucydides.core.reports.ReportService - Processing test outcome Get all data about genre mentor:Get mentor genre blank parameter done

09:49:26.041 [pool-3-thread-3] DEBUG net.thucydides.core.reports.ReportService - Processing test outcome Get all data about genre mentor:Get mentor genre invalid parameter done

09:49:26.042 [pool-3-thread-11] DEBUG net.thucydides.core.reports.ReportService - Processing test outcome [MusicLab-API] Get Feature Instrument:[Negative Case] Get Single List Instruments Invalid ID

09:49:26.042 [pool-3-thread-3] DEBUG net.thucydides.core.reports.ReportService - Processing test outcome [MusicLab-API] Get Feature Instrument:[Positive Case] Get Single List Instruments Valid ID

09:49:26.042 [pool-3-thread-11] INFO net.thucydides.core.reports.ReportService - net.thucydides.core.reports.json.JSONTestOutcomeReporter@f0e0fa4: Generating report for test outcome: [MusicLab-API] Get Feature Instrument:[Negative Case] Get Single List Instruments Invalid ID

09:49:26.042 [pool-3-thread-4] DEBUG net.thucydides.core.reports.ReportService - Processing test outcome MusicLab API Automation Testing Capstone Project:Get all class by ID Mentor valid done

09:49:26.042 [pool-3-thread-5] DEBUG net.thucydides.core.reports.ReportService - Processing test outcome Mentor post genre:Mentor post genre with valid json done

09:49:26.042 [pool-3-thread-3] INFO net.thucydides.core.reports.ReportService - net.thucydides.core.reports.json.JSONTestOutcomeReporter@f0e0fa4: Generating report for test outcome: [MusicLab-API] Get Feature Instrument:[Positive Case] Get Single List Instruments Valid ID

09:49:26.042 [pool-3-thread-5] DEBUG net.thucydides.core.reports.ReportService - Processing test outcome [MusicLab-API] Post Feature Instrument:[Negative Case] Post Create Mentors Instruments No Auth

09:49:26.042 [pool-3-thread-5] INFO net.thucydides.core.reports.ReportService - net.thucydides.core.reports.json.JSONTestOutcomeReporter@f0e0fa4: Generating report for test outcome: [MusicLab-API] Post Feature Instrument:[Negative Case] Post Create Mentors Instruments No Auth

09:49:26.042 [pool-3-thread-4] DEBUG net.thucydides.core.reports.ReportService - Processing test outcome [MusicLab-API] Post Feature Instrument:[Negative Case] Post Create Mentors Instruments Invalid JSON

09:49:26.043 [pool-3-thread-4] INFO net.thucydides.core.reports.ReportService - net.thucydides.core.reports.json.JSONTestOutcomeReporter@f0e0fa4: Generating report for test outcome: [MusicLab-API] Post Feature Instrument:[Negative Case] Post Create Mentors Instruments Invalid JSON

09:49:26.044 [pool-3-thread-11] DEBUG net.thucydides.core.reports.json.JSONTestOutcomeReporter - Generating JSON report for [Negative Case] Get Single List Instruments Invalid ID to file D:\Alterra\Automation\API\MusicLab-QE-APITesting\target\site\serenity\7f3566fb4308e056ca08a47f88de717eba6a9b029e09fb9a054c6192257ace2c.json (using temp file D:\Alterra\Automation\API\MusicLab-QE-APITesting\target\site\serenity\7f3566fb4308e056ca08a47f88de717eba6a9b029e09fb9a054c6192257ace2c.json710a002a-fae4-43cb-8faf-dc4c5b81af0d)

09:49:26.044 [pool-3-thread-5] DEBUG net.thucydides.core.reports.json.JSONTestOutcomeReporter - Generating JSON report for [Negative Case] Post Create Mentors Instruments No Auth to file D:\Alterra\Automation\API\MusicLab-QE-APITesting\target\site\serenity\af1466510640949287c3d6ca2cc42437f53688122c2b55bf3dc874835f8ccc80.json (using temp file D:\Alterra\Automation\API\MusicLab-QE-APITesting\target\site\serenity\af1466510640949287c3d6ca2cc42437f53688122c2b55bf3dc874835f8ccc80.jsona0fa8df2-1b1e-497a-917d-bcbf194cb369)

09:49:26.044 [pool-3-thread-3] DEBUG net.thucydides.core.reports.json.JSONTestOutcomeReporter - Generating JSON report for [Positive Case] Get Single List Instruments Valid ID to file D:\Alterra\Automation\API\MusicLab-QE-APITesting\target\site\serenity\24d536097e598d2c093f4bf9ee5bed4f084f767f5943e6b4b92daf335935246b.json (using temp file D:\Alterra\Automation\API\MusicLab-QE-APITesting\target\site\serenity\24d536097e598d2c093f4bf9ee5bed4f084f767f5943e6b4b92daf335935246b.json7080994c-da31-4a83-85ac-a36da1115dbb)

09:49:26.044 [pool-3-thread-7] DEBUG net.thucydides.core.reports.json.JSONTestOutcomeReporter - Generating JSON report for [Positive Case] Get All List Instruments Normal Condition to file D:\Alterra\Automation\API\MusicLab-QE-APITesting\target\site\serenity\f05fe855314f60f915cc5a75d76cacd4f24d274ee9dd0939638b165237c69553.json (using temp file D:\Alterra\Automation\API\MusicLab-QE-APITesting\target\site\serenity\f05fe855314f60f915cc5a75d76cacd4f24d274ee9dd0939638b165237c69553.json3da929ae-1e91-4f80-bacd-fbc5cbc9b039)

09:49:26.045 [pool-3-thread-2] DEBUG net.thucydides.core.reports.ReportService - Processing test outcome [MusicLab-API] Delete Feature Instrument:[Negative Case] Delete Instruments Valid ID No Auth done

09:49:26.045 [pool-3-thread-2] DEBUG net.thucydides.core.reports.ReportService - Processing test outcome [MusicLab-API] Post Feature Instrument:[Positive Case] Post Create Mentors Instruments Valid JSON

09:49:26.045 [pool-3-thread-2] INFO net.thucydides.core.reports.ReportService - net.thucydides.core.reports.json.JSONTestOutcomeReporter@f0e0fa4: Generating report for test outcome: [MusicLab-API] Post Feature Instrument:[Positive Case] Post Create Mentors Instruments Valid JSON

09:49:26.045 [pool-3-thread-4] DEBUG net.thucydides.core.reports.json.JSONTestOutcomeReporter - Generating JSON report for [Negative Case] Post Create Mentors Instruments Invalid JSON to file D:\Alterra\Automation\API\MusicLab-QE-APITesting\target\site\serenity\b6e75fe0a34d9ed68c70fa1f223ec218bbdba8d0551423372ed6521fd35866dc.json (using temp file D:\Alterra\Automation\API\MusicLab-QE-APITesting\target\site\serenity\b6e75fe0a34d9ed68c70fa1f223ec218bbdba8d0551423372ed6521fd35866dc.json4bfb09f7-7dcd-4204-8e5e-9a2e6372c2bf)

09:49:26.046 [pool-3-thread-10] DEBUG net.thucydides.core.reports.ReportService - Processing test outcome Mentor post genre:Mentor post genre blank json done

09:49:26.046 [pool-3-thread-10] DEBUG net.thucydides.core.reports.ReportService - Processing test outcome [MusicLab-API] Delete Feature Mentors:[Positive Case] Delete Mentors Without Authorized

09:49:26.046 [pool-3-thread-10] INFO net.thucydides.core.reports.ReportService - net.thucydides.core.reports.json.JSONTestOutcomeReporter@f0e0fa4: Generating report for test outcome: [MusicLab-API] Delete Feature Mentors:[Positive Case] Delete Mentors Without Authorized

09:49:26.047 [pool-3-thread-8] DEBUG net.thucydides.core.reports.ReportService - Processing test outcome Mentor post genre:Mentor post genre invalid json done

09:49:26.047 [pool-3-thread-8] DEBUG net.thucydides.core.reports.ReportService - Processing test outcome [MusicLab-API] Delete Feature Mentors:[Positive Case] Delete Mentors With Authorized

09:49:26.047 [pool-3-thread-8] INFO net.thucydides.core.reports.ReportService - net.thucydides.core.reports.json.JSONTestOutcomeReporter@f0e0fa4: Generating report for test outcome: [MusicLab-API] Delete Feature Mentors:[Positive Case] Delete Mentors With Authorized

09:49:26.048 [pool-3-thread-10] DEBUG net.thucydides.core.reports.json.JSONTestOutcomeReporter - Generating JSON report for [Positive Case] Delete Mentors Without Authorized to file D:\Alterra\Automation\API\MusicLab-QE-APITesting\target\site\serenity\082b0901204529166966c59d7e9911eb5682e32123a8282832f0cacf38058ca8.json (using temp file D:\Alterra\Automation\API\MusicLab-QE-APITesting\target\site\serenity\082b0901204529166966c59d7e9911eb5682e32123a8282832f0cacf38058ca8.json69ad02f6-ccc1-4ccc-b88f-9dea74df77e9)

09:49:26.048 [pool-3-thread-8] DEBUG net.thucydides.core.reports.json.JSONTestOutcomeReporter - Generating JSON report for [Positive Case] Delete Mentors With Authorized to file D:\Alterra\Automation\API\MusicLab-QE-APITesting\target\site\serenity\cfd6cd7f98e0ee818948fb311b5e5763ef2edcb81bf69dca074fdfb5138cc748.json (using temp file D:\Alterra\Automation\API\MusicLab-QE-APITesting\target\site\serenity\cfd6cd7f98e0ee818948fb311b5e5763ef2edcb81bf69dca074fdfb5138cc748.json842e8065-b81b-4afb-8006-4a00003db3c7)

09:49:26.048 [pool-3-thread-12] DEBUG net.thucydides.core.reports.ReportService - Processing test outcome [MusicLab-API] Delete Feature Instrument:[Negative Case] Delete Instruments Blank ID done

09:49:26.048 [pool-3-thread-9] DEBUG net.thucydides.core.reports.ReportService - Processing test outcome Mentor post genre:mentor post genre with no authorization done

09:49:26.048 [pool-3-thread-12] DEBUG net.thucydides.core.reports.ReportService - Processing test outcome [MusicLab-API] Get Feature Mentors:[Negative Case] Get All List Mentors With Invalid Parameters

09:49:26.048 [pool-3-thread-9] DEBUG net.thucydides.core.reports.ReportService - Processing test outcome [MusicLab-API] Get Feature Mentors:[Positive Case] Get All List Mentors Normal Condition

09:49:26.048 [pool-3-thread-12] INFO net.thucydides.core.reports.ReportService - net.thucydides.core.reports.json.JSONTestOutcomeReporter@f0e0fa4: Generating report for test outcome: [MusicLab-API] Get Feature Mentors:[Negative Case] Get All List Mentors With Invalid Parameters

09:49:26.048 [pool-3-thread-9] INFO net.thucydides.core.reports.ReportService - net.thucydides.core.reports.json.JSONTestOutcomeReporter@f0e0fa4: Generating report for test outcome: [MusicLab-API] Get Feature Mentors:[Positive Case] Get All List Mentors Normal Condition

09:49:26.048 [pool-3-thread-2] DEBUG net.thucydides.core.reports.json.JSONTestOutcomeReporter - Generating JSON report for [Positive Case] Post Create Mentors Instruments Valid JSON to file D:\Alterra\Automation\API\MusicLab-QE-APITesting\target\site\serenity\525c23922631a83865562efd5c32ba0866202f835947df9adac402d9a0ed1331.json (using temp file D:\Alterra\Automation\API\MusicLab-QE-APITesting\target\site\serenity\525c23922631a83865562efd5c32ba0866202f835947df9adac402d9a0ed1331.jsonc1618171-7418-4992-a184-4794823f596e)

09:49:26.048 [pool-3-thread-7] DEBUG net.thucydides.core.reports.ReportService - Processing test outcome [MusicLab-API] Get Feature Instrument:[Positive Case] Get All List Instruments Normal Condition done

09:49:26.048 [pool-3-thread-7] DEBUG net.thucydides.core.reports.ReportService - Processing test outcome [MusicLab-API] Get Feature Mentors:[Positive Case] Get All List Mentors With Valid Parameters

09:49:26.048 [pool-3-thread-7] INFO net.thucydides.core.reports.ReportService - net.thucydides.core.reports.json.JSONTestOutcomeReporter@f0e0fa4: Generating report for test outcome: [MusicLab-API] Get Feature Mentors:[Positive Case] Get All List Mentors With Valid Parameters

09:49:26.048 [pool-3-thread-3] DEBUG net.thucydides.core.reports.ReportService - Processing test outcome [MusicLab-API] Get Feature Instrument:[Positive Case] Get Single List Instruments Valid ID done

09:49:26.048 [pool-3-thread-3] DEBUG net.thucydides.core.reports.ReportService - Processing test outcome [MusicLab-API] Get Feature Mentors:[Positive Case] Get All List Mentors Top Week

09:49:26.048 [pool-3-thread-3] INFO net.thucydides.core.reports.ReportService - net.thucydides.core.reports.json.JSONTestOutcomeReporter@f0e0fa4: Generating report for test outcome: [MusicLab-API] Get Feature Mentors:[Positive Case] Get All List Mentors Top Week

09:49:26.048 [pool-3-thread-12] DEBUG net.thucydides.core.reports.json.JSONTestOutcomeReporter - Generating JSON report for [Negative Case] Get All List Mentors With Invalid Parameters to file D:\Alterra\Automation\API\MusicLab-QE-APITesting\target\site\serenity\ebbf6c9807e3083d0d74e66d5b10a4ee50c28de487e6c379397127f2cb5dbef3.json (using temp file D:\Alterra\Automation\API\MusicLab-QE-APITesting\target\site\serenity\ebbf6c9807e3083d0d74e66d5b10a4ee50c28de487e6c379397127f2cb5dbef3.json639b0013-a25b-4471-921c-b8ebb3c89b09)

09:49:26.048 [pool-3-thread-7] DEBUG net.thucydides.core.reports.json.JSONTestOutcomeReporter - Generating JSON report for [Positive Case] Get All List Mentors With Valid Parameters to file D:\Alterra\Automation\API\MusicLab-QE-APITesting\target\site\serenity\d862ccbf9aa41f4b68f5bba5560f78dd5199506ad39e35f1b84c6edb1af75350.json (using temp file D:\Alterra\Automation\API\MusicLab-QE-APITesting\target\site\serenity\d862ccbf9aa41f4b68f5bba5560f78dd5199506ad39e35f1b84c6edb1af75350.json846103cc-8090-4dd9-a2de-b70c2c5ce0c9)

09:49:26.049 [pool-3-thread-6] DEBUG net.thucydides.core.reports.ReportService - Processing test outcome [MusicLab-API] Delete Feature Instrument:[Positive Case] Delete Instruments Valid ID done

09:49:26.049 [pool-3-thread-9] DEBUG net.thucydides.core.reports.json.JSONTestOutcomeReporter - Generating JSON report for [Positive Case] Get All List Mentors Normal Condition to file D:\Alterra\Automation\API\MusicLab-QE-APITesting\target\site\serenity\ff7bd28f7be7495522a5c3f0cc59ff035bbb01f552ea41889de76ea205e9df28.json (using temp file D:\Alterra\Automation\API\MusicLab-QE-APITesting\target\site\serenity\ff7bd28f7be7495522a5c3f0cc59ff035bbb01f552ea41889de76ea205e9df28.jsona620406b-671e-479e-8d07-da56171edf1d)

09:49:26.049 [pool-3-thread-3] DEBUG net.thucydides.core.reports.json.JSONTestOutcomeReporter - Generating JSON report for [Positive Case] Get All List Mentors Top Week to file D:\Alterra\Automation\API\MusicLab-QE-APITesting\target\site\serenity\d7f08994660a825820b0950de104c12bd17ef98edc46b6e235c279eb04a35817.json (using temp file D:\Alterra\Automation\API\MusicLab-QE-APITesting\target\site\serenity\d7f08994660a825820b0950de104c12bd17ef98edc46b6e235c279eb04a35817.jsonf8e1be76-2c7c-4a1c-ad98-0a6a0474de6f)

09:49:26.049 [pool-3-thread-11] DEBUG net.thucydides.core.reports.ReportService - Processing test outcome [MusicLab-API] Get Feature Instrument:[Negative Case] Get Single List Instruments Invalid ID done

09:49:26.049 [pool-3-thread-11] DEBUG net.thucydides.core.reports.ReportService - Processing test outcome [MusicLab-API] Get Feature Mentors:[Negative Case] Get Single List Mentors With Invalid ID

09:49:26.049 [pool-3-thread-11] INFO net.thucydides.core.reports.ReportService - net.thucydides.core.reports.json.JSONTestOutcomeReporter@f0e0fa4: Generating report for test outcome: [MusicLab-API] Get Feature Mentors:[Negative Case] Get Single List Mentors With Invalid ID

09:49:26.049 [pool-3-thread-6] DEBUG net.thucydides.core.reports.ReportService - Processing test outcome [MusicLab-API] Get Feature Mentors:[Negative Case] Get Single List Mentors With Blank ID

09:49:26.049 [pool-3-thread-6] INFO net.thucydides.core.reports.ReportService - net.thucydides.core.reports.json.JSONTestOutcomeReporter@f0e0fa4: Generating report for test outcome: [MusicLab-API] Get Feature Mentors:[Negative Case] Get Single List Mentors With Blank ID

09:49:26.050 [pool-3-thread-11] DEBUG net.thucydides.core.reports.json.JSONTestOutcomeReporter - Generating JSON report for [Negative Case] Get Single List Mentors With Invalid ID to file D:\Alterra\Automation\API\MusicLab-QE-APITesting\target\site\serenity\69360d5fd182a0f83304bb9ea48e0804575c3d906e2479ccaf15a4b8a08f1157.json (using temp file D:\Alterra\Automation\API\MusicLab-QE-APITesting\target\site\serenity\69360d5fd182a0f83304bb9ea48e0804575c3d906e2479ccaf15a4b8a08f1157.json3ac34921-ba9a-4e34-929e-bb835ebb7518)

09:49:26.051 [pool-3-thread-6] DEBUG net.thucydides.core.reports.json.JSONTestOutcomeReporter - Generating JSON report for [Negative Case] Get Single List Mentors With Blank ID to file D:\Alterra\Automation\API\MusicLab-QE-APITesting\target\site\serenity\d90dff7b5dccfc972d39c727446e9654a109ee4148430cb0263b4bafa1878ad0.json (using temp file D:\Alterra\Automation\API\MusicLab-QE-APITesting\target\site\serenity\d90dff7b5dccfc972d39c727446e9654a109ee4148430cb0263b4bafa1878ad0.jsonf1868fbb-8ffc-4e51-873a-dab9be537640)

09:49:26.054 [pool-3-thread-5] DEBUG net.thucydides.core.reports.ReportService - Processing test outcome [MusicLab-API] Post Feature Instrument:[Negative Case] Post Create Mentors Instruments No Auth done

09:49:26.054 [pool-3-thread-5] DEBUG net.thucydides.core.reports.ReportService - Processing test outcome [MusicLab-API] Get Feature Mentors:[Positive Case] Get Single Mentor Profile

09:49:26.054 [pool-3-thread-5] INFO net.thucydides.core.reports.ReportService - net.thucydides.core.reports.json.JSONTestOutcomeReporter@f0e0fa4: Generating report for test outcome: [MusicLab-API] Get Feature Mentors:[Positive Case] Get Single Mentor Profile

09:49:26.055 [pool-3-thread-6] DEBUG net.thucydides.core.reports.ReportService - Processing test outcome [MusicLab-API] Get Feature Mentors:[Negative Case] Get Single List Mentors With Blank ID done

09:49:26.055 [pool-3-thread-6] DEBUG net.thucydides.core.reports.ReportService - Processing test outcome [MusicLab-API] Get Feature Mentors:[Positive Case] Get Single List Mentors With Valid ID

09:49:26.055 [pool-3-thread-6] INFO net.thucydides.core.reports.ReportService - net.thucydides.core.reports.json.JSONTestOutcomeReporter@f0e0fa4: Generating report for test outcome: [MusicLab-API] Get Feature Mentors:[Positive Case] Get Single List Mentors With Valid ID

09:49:26.055 [pool-3-thread-6] DEBUG net.thucydides.core.reports.json.JSONTestOutcomeReporter - Generating JSON report for [Positive Case] Get Single List Mentors With Valid ID to file D:\Alterra\Automation\API\MusicLab-QE-APITesting\target\site\serenity\179447959a3d5516a9e1af09e88baf01621954c40365a6947b03fdaa35db72e6.json (using temp file D:\Alterra\Automation\API\MusicLab-QE-APITesting\target\site\serenity\179447959a3d5516a9e1af09e88baf01621954c40365a6947b03fdaa35db72e6.json14fbb653-2fca-40b7-a14d-0909d4a5a2ea)

09:49:26.056 [pool-3-thread-4] DEBUG net.thucydides.core.reports.ReportService - Processing test outcome [MusicLab-API] Post Feature Instrument:[Negative Case] Post Create Mentors Instruments Invalid JSON done

09:49:26.056 [pool-3-thread-4] DEBUG net.thucydides.core.reports.ReportService - Processing test outcome [MusicLab-API] Post Feature Mentors:[Negative Case] Post Create Mentors Credential With Invalid JSON

09:49:26.056 [pool-3-thread-4] INFO net.thucydides.core.reports.ReportService - net.thucydides.core.reports.json.JSONTestOutcomeReporter@f0e0fa4: Generating report for test outcome: [MusicLab-API] Post Feature Mentors:[Negative Case] Post Create Mentors Credential With Invalid JSON

09:49:26.056 [pool-3-thread-12] DEBUG net.thucydides.core.reports.ReportService - Processing test outcome [MusicLab-API] Get Feature Mentors:[Negative Case] Get All List Mentors With Invalid Parameters done

09:49:26.056 [pool-3-thread-1] DEBUG net.thucydides.core.reports.ReportService - Processing test outcome [MusicLab-API] Delete Feature Instrument:[Negative Case] Delete Instruments Invalid ID done

09:49:26.056 [pool-3-thread-12] DEBUG net.thucydides.core.reports.ReportService - Processing test outcome [MusicLab-API] Post Feature Mentors:[Negative Case] Post Create Mentors Credential With Valid JSON No Auth

09:49:26.056 [pool-3-thread-1] DEBUG net.thucydides.core.reports.ReportService - Processing test outcome [MusicLab-API] Post Feature Mentors:[Negative Case] Post Create Mentors Credential With Oversize Image

09:49:26.056 [pool-3-thread-1] INFO net.thucydides.core.reports.ReportService - net.thucydides.core.reports.json.JSONTestOutcomeReporter@f0e0fa4: Generating report for test outcome: [MusicLab-API] Post Feature Mentors:[Negative Case] Post Create Mentors Credential With Oversize Image

09:49:26.056 [pool-3-thread-12] INFO net.thucydides.core.reports.ReportService - net.thucydides.core.reports.json.JSONTestOutcomeReporter@f0e0fa4: Generating report for test outcome: [MusicLab-API] Post Feature Mentors:[Negative Case] Post Create Mentors Credential With Valid JSON No Auth

09:49:26.056 [pool-3-thread-8] DEBUG net.thucydides.core.reports.ReportService - Processing test outcome [MusicLab-API] Delete Feature Mentors:[Positive Case] Delete Mentors With Authorized done

09:49:26.056 [pool-3-thread-3] DEBUG net.thucydides.core.reports.ReportService - Processing test outcome [MusicLab-API] Get Feature Mentors:[Positive Case] Get All List Mentors Top Week done

09:49:26.056 [pool-3-thread-3] DEBUG net.thucydides.core.reports.ReportService - Processing test outcome [MusicLab-API] Put Feature Mentors:[Negative Case] Put Update Mentors Password With Invalid JSON

09:49:26.056 [pool-3-thread-3] INFO net.thucydides.core.reports.ReportService - net.thucydides.core.reports.json.JSONTestOutcomeReporter@f0e0fa4: Generating report for test outcome: [MusicLab-API] Put Feature Mentors:[Negative Case] Put Update Mentors Password With Invalid JSON

09:49:26.057 [pool-3-thread-7] DEBUG net.thucydides.core.reports.ReportService - Processing test outcome [MusicLab-API] Get Feature Mentors:[Positive Case] Get All List Mentors With Valid Parameters done

09:49:26.057 [pool-3-thread-7] DEBUG net.thucydides.core.reports.ReportService - Processing test outcome [MusicLab-API] Put Feature Mentors:[Negative Case] Put Update Mentors Password With Valid JSON No Authorized

09:49:26.057 [pool-3-thread-10] DEBUG net.thucydides.core.reports.ReportService - Processing test outcome [MusicLab-API] Delete Feature Mentors:[Positive Case] Delete Mentors Without Authorized done

09:49:26.057 [pool-3-thread-12] DEBUG net.thucydides.core.reports.json.JSONTestOutcomeReporter - Generating JSON report for [Negative Case] Post Create Mentors Credential With Valid JSON No Auth to file D:\Alterra\Automation\API\MusicLab-QE-APITesting\target\site\serenity\df85cc3eb9a7a5495884571eb8666798cc86b53232828ce945580671109a20dd.json (using temp file D:\Alterra\Automation\API\MusicLab-QE-APITesting\target\site\serenity\df85cc3eb9a7a5495884571eb8666798cc86b53232828ce945580671109a20dd.jsond6a7afc5-56c0-4185-b9bb-7bc3f97f36a2)

09:49:26.057 [pool-3-thread-10] DEBUG net.thucydides.core.reports.ReportService - Processing test outcome [MusicLab-API] Put Feature Mentors:[Positive Case] Put Update Mentors Password With Valid JSON

09:49:26.056 [pool-3-thread-8] DEBUG net.thucydides.core.reports.ReportService - Processing test outcome [MusicLab-API] Post Feature Mentors:[Positive Case] Post Create Mentors Credential With Valid JSON

09:49:26.057 [pool-3-thread-8] INFO net.thucydides.core.reports.ReportService - net.thucydides.core.reports.json.JSONTestOutcomeReporter@f0e0fa4: Generating report for test outcome: [MusicLab-API] Post Feature Mentors:[Positive Case] Post Create Mentors Credential With Valid JSON

09:49:26.057 [pool-3-thread-4] DEBUG net.thucydides.core.reports.json.JSONTestOutcomeReporter - Generating JSON report for [Negative Case] Post Create Mentors Credential With Invalid JSON to file D:\Alterra\Automation\API\MusicLab-QE-APITesting\target\site\serenity\2c6c1478c9f9e1d68f88b0d1caf185f38063b6089ee83ad21d5509db9d678eb8.json (using temp file D:\Alterra\Automation\API\MusicLab-QE-APITesting\target\site\serenity\2c6c1478c9f9e1d68f88b0d1caf185f38063b6089ee83ad21d5509db9d678eb8.json3a72dd17-5825-46bf-84fe-3c2f726a6c98)

09:49:26.057 [pool-3-thread-3] DEBUG net.thucydides.core.reports.json.JSONTestOutcomeReporter - Generating JSON report for [Negative Case] Put Update Mentors Password With Invalid JSON to file D:\Alterra\Automation\API\MusicLab-QE-APITesting\target\site\serenity\870f2ec59704d3cdfa2000e6e867abc31d753f65916a31bd3cccc8f23e27ee9f.json (using temp file D:\Alterra\Automation\API\MusicLab-QE-APITesting\target\site\serenity\870f2ec59704d3cdfa2000e6e867abc31d753f65916a31bd3cccc8f23e27ee9f.jsonaabe4503-5f80-4d9d-9efc-46282ee6f94d)

09:49:26.057 [pool-3-thread-7] INFO net.thucydides.core.reports.ReportService - net.thucydides.core.reports.json.JSONTestOutcomeReporter@f0e0fa4: Generating report for test outcome: [MusicLab-API] Put Feature Mentors:[Negative Case] Put Update Mentors Password With Valid JSON No Authorized

09:49:26.057 [pool-3-thread-10] INFO net.thucydides.core.reports.ReportService - net.thucydides.core.reports.json.JSONTestOutcomeReporter@f0e0fa4: Generating report for test outcome: [MusicLab-API] Put Feature Mentors:[Positive Case] Put Update Mentors Password With Valid JSON

09:49:26.057 [pool-3-thread-7] DEBUG net.thucydides.core.reports.json.JSONTestOutcomeReporter - Generating JSON report for [Negative Case] Put Update Mentors Password With Valid JSON No Authorized to file D:\Alterra\Automation\API\MusicLab-QE-APITesting\target\site\serenity\a038655e1fe8f7af9e2bb691c110785f530c89f436da50a7b5b80f30abc93949.json (using temp file D:\Alterra\Automation\API\MusicLab-QE-APITesting\target\site\serenity\a038655e1fe8f7af9e2bb691c110785f530c89f436da50a7b5b80f30abc93949.jsoneb48d830-af4c-49e0-a1c2-ef4e9b2c16b7)

09:49:26.058 [pool-3-thread-10] DEBUG net.thucydides.core.reports.json.JSONTestOutcomeReporter - Generating JSON report for [Positive Case] Put Update Mentors Password With Valid JSON to file D:\Alterra\Automation\API\MusicLab-QE-APITesting\target\site\serenity\59db1511cc674cbf641bff2b3f0000ae0f9850f8ad507706ad5d4280b521e359.json (using temp file D:\Alterra\Automation\API\MusicLab-QE-APITesting\target\site\serenity\59db1511cc674cbf641bff2b3f0000ae0f9850f8ad507706ad5d4280b521e359.json8eb06fcc-28fe-4d78-aa43-9860d0a852f2)

09:49:26.058 [pool-3-thread-8] DEBUG net.thucydides.core.reports.json.JSONTestOutcomeReporter - Generating JSON report for [Positive Case] Post Create Mentors Credential With Valid JSON to file D:\Alterra\Automation\API\MusicLab-QE-APITesting\target\site\serenity\fbe5ff59824882bcbad73f30ef56748587fe60cc93c5b1c2dfac5c900b2c1374.json (using temp file D:\Alterra\Automation\API\MusicLab-QE-APITesting\target\site\serenity\fbe5ff59824882bcbad73f30ef56748587fe60cc93c5b1c2dfac5c900b2c1374.jsondcc12009-54f7-429c-b601-89e8142ac6bb)

09:49:26.058 [pool-3-thread-12] DEBUG net.thucydides.core.reports.ReportService - Processing test outcome [MusicLab-API] Post Feature Mentors:[Negative Case] Post Create Mentors Credential With Valid JSON No Auth done

09:49:26.059 [pool-3-thread-12] DEBUG net.thucydides.core.reports.ReportService - Processing test outcome [MusicLab-API] Put Feature Mentors:[Negative Case] Put Update Mentors Profile With Invalid JSON

09:49:26.059 [pool-3-thread-12] INFO net.thucydides.core.reports.ReportService - net.thucydides.core.reports.json.JSONTestOutcomeReporter@f0e0fa4: Generating report for test outcome: [MusicLab-API] Put Feature Mentors:[Negative Case] Put Update Mentors Profile With Invalid JSON

09:49:26.059 [pool-3-thread-12] DEBUG net.thucydides.core.reports.json.JSONTestOutcomeReporter - Generating JSON report for [Negative Case] Put Update Mentors Profile With Invalid JSON to file D:\Alterra\Automation\API\MusicLab-QE-APITesting\target\site\serenity\7967d36e669a02eb8c803cf2b9f699785abee4147a1792268257f5cc3688ee19.json (using temp file D:\Alterra\Automation\API\MusicLab-QE-APITesting\target\site\serenity\7967d36e669a02eb8c803cf2b9f699785abee4147a1792268257f5cc3688ee19.json4e2f2b3f-1fb5-4cdf-87fe-a14ce860d7b1)

09:49:26.060 [pool-3-thread-7] DEBUG net.thucydides.core.reports.ReportService - Processing test outcome [MusicLab-API] Put Feature Mentors:[Negative Case] Put Update Mentors Password With Valid JSON No Authorized done

09:49:26.060 [pool-3-thread-7] DEBUG net.thucydides.core.reports.ReportService - Processing test outcome [MusicLab-API] Put Feature Mentors:[Negative Case] Put Update Mentors Profile With Valid JSON No Authorized

09:49:26.060 [pool-3-thread-7] INFO net.thucydides.core.reports.ReportService - net.thucydides.core.reports.json.JSONTestOutcomeReporter@f0e0fa4: Generating report for test outcome: [MusicLab-API] Put Feature Mentors:[Negative Case] Put Update Mentors Profile With Valid JSON No Authorized

09:49:26.060 [pool-3-thread-4] DEBUG net.thucydides.core.reports.ReportService - Processing test outcome [MusicLab-API] Post Feature Mentors:[Negative Case] Post Create Mentors Credential With Invalid JSON done

09:49:26.060 [pool-3-thread-4] DEBUG net.thucydides.core.reports.ReportService - Processing test outcome [MusicLab-API] Put Feature Mentors:[Negative Case] Put Update Mentors Profile With Oversize Image

09:49:26.060 [pool-3-thread-7] DEBUG net.thucydides.core.reports.json.JSONTestOutcomeReporter - Generating JSON report for [Negative Case] Put Update Mentors Profile With Valid JSON No Authorized to file D:\Alterra\Automation\API\MusicLab-QE-APITesting\target\site\serenity\3545e2bc6cae85b281a23619de6a34506ad8cae828b8477eee062ff77b4fed78.json (using temp file D:\Alterra\Automation\API\MusicLab-QE-APITesting\target\site\serenity\3545e2bc6cae85b281a23619de6a34506ad8cae828b8477eee062ff77b4fed78.json6ea966a6-9671-4464-8b40-16706c5f25f0)

09:49:26.060 [pool-3-thread-4] INFO net.thucydides.core.reports.ReportService - net.thucydides.core.reports.json.JSONTestOutcomeReporter@f0e0fa4: Generating report for test outcome: [MusicLab-API] Put Feature Mentors:[Negative Case] Put Update Mentors Profile With Oversize Image

09:49:26.061 [pool-3-thread-10] DEBUG net.thucydides.core.reports.ReportService - Processing test outcome [MusicLab-API] Put Feature Mentors:[Positive Case] Put Update Mentors Password With Valid JSON done

09:49:26.061 [pool-3-thread-10] DEBUG net.thucydides.core.reports.ReportService - Processing test outcome [MusicLab-API] Put Feature Mentors:[Positive Case] Put Update Mentors Profile With Valid JSON

09:49:26.061 [pool-3-thread-10] INFO net.thucydides.core.reports.ReportService - net.thucydides.core.reports.json.JSONTestOutcomeReporter@f0e0fa4: Generating report for test outcome: [MusicLab-API] Put Feature Mentors:[Positive Case] Put Update Mentors Profile With Valid JSON

09:49:26.062 [pool-3-thread-10] DEBUG net.thucydides.core.reports.json.JSONTestOutcomeReporter - Generating JSON report for [Positive Case] Put Update Mentors Profile With Valid JSON to file D:\Alterra\Automation\API\MusicLab-QE-APITesting\target\site\serenity\3ce76c5d965b7202c1ac1b922bf2aaffb2ba6218e75502ad3ffc4d357a9c8796.json (using temp file D:\Alterra\Automation\API\MusicLab-QE-APITesting\target\site\serenity\3ce76c5d965b7202c1ac1b922bf2aaffb2ba6218e75502ad3ffc4d357a9c8796.jsona4d74455-0b88-4c81-a8b3-829c2ec54265)

09:49:26.062 [pool-3-thread-3] DEBUG net.thucydides.core.reports.ReportService - Processing test outcome [MusicLab-API] Put Feature Mentors:[Negative Case] Put Update Mentors Password With Invalid JSON done

09:49:26.062 [pool-3-thread-8] DEBUG net.thucydides.core.reports.ReportService - Processing test outcome [MusicLab-API] Post Feature Mentors:[Positive Case] Post Create Mentors Credential With Valid JSON done

09:49:26.062 [pool-3-thread-3] DEBUG net.thucydides.core.reports.ReportService - Processing test outcome [MusicLab-API] Post Feature Review:[Positive Case] Post Create Review With Valid JSON

09:49:26.062 [pool-3-thread-8] DEBUG net.thucydides.core.reports.ReportService - Processing test outcome [MusicLab-API] Post Feature Review:[Negative Case] Post Create Review With inValid JSON

09:49:26.062 [pool-3-thread-3] INFO net.thucydides.core.reports.ReportService - net.thucydides.core.reports.json.JSONTestOutcomeReporter@f0e0fa4: Generating report for test outcome: [MusicLab-API] Post Feature Review:[Positive Case] Post Create Review With Valid JSON

09:49:26.062 [pool-3-thread-8] INFO net.thucydides.core.reports.ReportService - net.thucydides.core.reports.json.JSONTestOutcomeReporter@f0e0fa4: Generating report for test outcome: [MusicLab-API] Post Feature Review:[Negative Case] Post Create Review With inValid JSON

09:49:26.065 [pool-3-thread-4] DEBUG net.thucydides.core.reports.json.JSONTestOutcomeReporter - Generating JSON report for [Negative Case] Put Update Mentors Profile With Oversize Image to file D:\Alterra\Automation\API\MusicLab-QE-APITesting\target\site\serenity\4185037c8ec041ace92761f12b93af65aafc7168e3b123197cdf13926aa8d981.json (using temp file D:\Alterra\Automation\API\MusicLab-QE-APITesting\target\site\serenity\4185037c8ec041ace92761f12b93af65aafc7168e3b123197cdf13926aa8d981.json44436760-19ac-49da-b301-0179b2322234)

09:49:26.065 [pool-3-thread-3] DEBUG net.thucydides.core.reports.json.JSONTestOutcomeReporter - Generating JSON report for [Positive Case] Post Create Review With Valid JSON to file D:\Alterra\Automation\API\MusicLab-QE-APITesting\target\site\serenity\9d23a6256bd5a36096c1c8d868f6312acd69567904bba193894e5d70e569c3d6.json (using temp file D:\Alterra\Automation\API\MusicLab-QE-APITesting\target\site\serenity\9d23a6256bd5a36096c1c8d868f6312acd69567904bba193894e5d70e569c3d6.jsonfd63533a-6159-42d0-95c8-3323e5ef5efe)

09:49:26.067 [pool-3-thread-5] DEBUG net.thucydides.core.reports.json.JSONTestOutcomeReporter - Generating JSON report for [Positive Case] Get Single Mentor Profile to file D:\Alterra\Automation\API\MusicLab-QE-APITesting\target\site\serenity\32b13442ef78825095038ce3df040db827e90a7d3ba8e2b9439027888de28523.json (using temp file D:\Alterra\Automation\API\MusicLab-QE-APITesting\target\site\serenity\32b13442ef78825095038ce3df040db827e90a7d3ba8e2b9439027888de28523.jsondc5a0f28-9094-4dd8-91bb-35620ed22abc)

09:49:26.068 [pool-3-thread-10] DEBUG net.thucydides.core.reports.ReportService - Processing test outcome [MusicLab-API] Put Feature Mentors:[Positive Case] Put Update Mentors Profile With Valid JSON done

09:49:26.068 [pool-3-thread-7] DEBUG net.thucydides.core.reports.ReportService - Processing test outcome [MusicLab-API] Put Feature Mentors:[Negative Case] Put Update Mentors Profile With Valid JSON No Authorized done

09:49:26.068 [pool-3-thread-1] DEBUG net.thucydides.core.reports.json.JSONTestOutcomeReporter - Generating JSON report for [Negative Case] Post Create Mentors Credential With Oversize Image to file D:\Alterra\Automation\API\MusicLab-QE-APITesting\target\site\serenity\17883f69c94e22421c252116f3f56e30b7690036191e91f646b3b94001f70d7a.json (using temp file D:\Alterra\Automation\API\MusicLab-QE-APITesting\target\site\serenity\17883f69c94e22421c252116f3f56e30b7690036191e91f646b3b94001f70d7a.json62299b23-104e-4c5c-8e98-b85aa5008634)

09:49:26.068 [pool-3-thread-7] DEBUG net.thucydides.core.reports.ReportService - Processing test outcome [MusicLab-API] Post Feature Review:[Negative Case] Post Create Review With empty comment

09:49:26.068 [pool-3-thread-10] DEBUG net.thucydides.core.reports.ReportService - Processing test outcome Music Lab API Automation Testing:Delete schedule with valid id

09:49:26.068 [pool-3-thread-7] INFO net.thucydides.core.reports.ReportService - net.thucydides.core.reports.json.JSONTestOutcomeReporter@f0e0fa4: Generating report for test outcome: [MusicLab-API] Post Feature Review:[Negative Case] Post Create Review With empty comment

09:49:26.068 [pool-3-thread-10] INFO net.thucydides.core.reports.ReportService - net.thucydides.core.reports.json.JSONTestOutcomeReporter@f0e0fa4: Generating report for test outcome: Music Lab API Automation Testing:Delete schedule with valid id

09:49:26.068 [pool-3-thread-10] DEBUG net.thucydides.core.reports.json.JSONTestOutcomeReporter - Generating JSON report for Delete schedule with valid id to file D:\Alterra\Automation\API\MusicLab-QE-APITesting\target\site\serenity\37a4ff8177076938a301fa8e4c7a59a5781bd86e40d59302391491f24224bd87.json (using temp file D:\Alterra\Automation\API\MusicLab-QE-APITesting\target\site\serenity\37a4ff8177076938a301fa8e4c7a59a5781bd86e40d59302391491f24224bd87.json3b34f934-495f-442d-a457-bb61fdd25e57)

09:49:26.069 [pool-3-thread-7] DEBUG net.thucydides.core.reports.json.JSONTestOutcomeReporter - Generating JSON report for [Negative Case] Post Create Review With empty comment to file D:\Alterra\Automation\API\MusicLab-QE-APITesting\target\site\serenity\19f77e52a44376970170a72e498192122f9dd89ce3e503aae4c8afd137faf62c.json (using temp file D:\Alterra\Automation\API\MusicLab-QE-APITesting\target\site\serenity\19f77e52a44376970170a72e498192122f9dd89ce3e503aae4c8afd137faf62c.jsona332499f-55ef-4656-82aa-08dc44df709a)

09:49:26.070 [pool-3-thread-6] DEBUG net.thucydides.core.reports.ReportService - Processing test outcome [MusicLab-API] Get Feature Mentors:[Positive Case] Get Single List Mentors With Valid ID done

09:49:26.070 [pool-3-thread-8] DEBUG net.thucydides.core.reports.json.JSONTestOutcomeReporter - Generating JSON report for [Negative Case] Post Create Review With inValid JSON to file D:\Alterra\Automation\API\MusicLab-QE-APITesting\target\site\serenity\496f14d605b2f6cd6628662a6f2fc26e0d463597438ea6582f8f6c7b4785d670.json (using temp file D:\Alterra\Automation\API\MusicLab-QE-APITesting\target\site\serenity\496f14d605b2f6cd6628662a6f2fc26e0d463597438ea6582f8f6c7b4785d670.jsonc07589cb-99ee-496e-bd6c-685c641f86f5)

09:49:26.070 [pool-3-thread-6] DEBUG net.thucydides.core.reports.ReportService - Processing test outcome Music Lab API Automation Testing:Delete schedule with invalid id

09:49:26.070 [pool-3-thread-6] INFO net.thucydides.core.reports.ReportService - net.thucydides.core.reports.json.JSONTestOutcomeReporter@f0e0fa4: Generating report for test outcome: Music Lab API Automation Testing:Delete schedule with invalid id

09:49:26.071 [pool-3-thread-12] DEBUG net.thucydides.core.reports.ReportService - Processing test outcome [MusicLab-API] Put Feature Mentors:[Negative Case] Put Update Mentors Profile With Invalid JSON done

09:49:26.071 [pool-3-thread-12] DEBUG net.thucydides.core.reports.ReportService - Processing test outcome Music Lab API Automation Testing:Delete schedule with empty id

09:49:26.071 [pool-3-thread-12] INFO net.thucydides.core.reports.ReportService - net.thucydides.core.reports.json.JSONTestOutcomeReporter@f0e0fa4: Generating report for test outcome: Music Lab API Automation Testing:Delete schedule with empty id

09:49:26.075 [pool-3-thread-5] DEBUG net.thucydides.core.reports.ReportService - Processing test outcome [MusicLab-API] Get Feature Mentors:[Positive Case] Get Single Mentor Profile done

09:49:26.075 [pool-3-thread-5] DEBUG net.thucydides.core.reports.ReportService - Processing test outcome Music Lab API Automation Testing:Delete schedule valid id no authorization

09:49:26.075 [pool-3-thread-5] INFO net.thucydides.core.reports.ReportService - net.thucydides.core.reports.json.JSONTestOutcomeReporter@f0e0fa4: Generating report for test outcome: Music Lab API Automation Testing:Delete schedule valid id no authorization

09:49:26.076 [pool-3-thread-9] DEBUG net.thucydides.core.reports.ReportService - Processing test outcome [MusicLab-API] Get Feature Mentors:[Positive Case] Get All List Mentors Normal Condition done

09:49:26.076 [pool-3-thread-9] DEBUG net.thucydides.core.reports.ReportService - Processing test outcome Music Lab API Automation Testing:Get mentor schedule with valid id

09:49:26.076 [pool-3-thread-9] INFO net.thucydides.core.reports.ReportService - net.thucydides.core.reports.json.JSONTestOutcomeReporter@f0e0fa4: Generating report for test outcome: Music Lab API Automation Testing:Get mentor schedule with valid id

09:49:26.077 [pool-3-thread-11] DEBUG net.thucydides.core.reports.ReportService - Processing test outcome [MusicLab-API] Get Feature Mentors:[Negative Case] Get Single List Mentors With Invalid ID done

09:49:26.077 [pool-3-thread-3] DEBUG net.thucydides.core.reports.ReportService - Processing test outcome [MusicLab-API] Post Feature Review:[Positive Case] Post Create Review With Valid JSON done

09:49:26.077 [pool-3-thread-3] DEBUG net.thucydides.core.reports.ReportService - Processing test outcome Music Lab API Automation Testing:Get mentor schedule with valid id no authorization

09:49:26.077 [pool-3-thread-11] DEBUG net.thucydides.core.reports.ReportService - Processing test outcome Music Lab API Automation Testing:Get mentor schedule with invalid id

09:49:26.077 [pool-3-thread-11] INFO net.thucydides.core.reports.ReportService - net.thucydides.core.reports.json.JSONTestOutcomeReporter@f0e0fa4: Generating report for test outcome: Music Lab API Automation Testing:Get mentor schedule with invalid id

09:49:26.077 [pool-3-thread-3] INFO net.thucydides.core.reports.ReportService - net.thucydides.core.reports.json.JSONTestOutcomeReporter@f0e0fa4: Generating report for test outcome: Music Lab API Automation Testing:Get mentor schedule with valid id no authorization

09:49:26.078 [pool-3-thread-8] DEBUG net.thucydides.core.reports.ReportService - Processing test outcome [MusicLab-API] Post Feature Review:[Negative Case] Post Create Review With inValid JSON done

09:49:26.078 [pool-3-thread-3] DEBUG net.thucydides.core.reports.json.JSONTestOutcomeReporter - Generating JSON report for Get mentor schedule with valid id no authorization to file D:\Alterra\Automation\API\MusicLab-QE-APITesting\target\site\serenity\603ff435664b7507f048f88d98deaed6596a055032559be52025b113bda82fd2.json (using temp file D:\Alterra\Automation\API\MusicLab-QE-APITesting\target\site\serenity\603ff435664b7507f048f88d98deaed6596a055032559be52025b113bda82fd2.json13d52aeb-892a-46b8-a964-7b49532fac1f)

09:49:26.078 [pool-3-thread-12] DEBUG net.thucydides.core.reports.json.JSONTestOutcomeReporter - Generating JSON report for Delete schedule with empty id to file D:\Alterra\Automation\API\MusicLab-QE-APITesting\target\site\serenity\df21dfc40a6b68a4cc90aa6b3a5a92377db452a3caff8ecba57172385483ed32.json (using temp file D:\Alterra\Automation\API\MusicLab-QE-APITesting\target\site\serenity\df21dfc40a6b68a4cc90aa6b3a5a92377db452a3caff8ecba57172385483ed32.json3b04a76b-d6d9-4829-9d18-692450b81925)

09:49:26.078 [pool-3-thread-8] DEBUG net.thucydides.core.reports.ReportService - Processing test outcome Music Lab API Automation Testing:Post add mentor schedule with valid json

09:49:26.078 [pool-3-thread-9] DEBUG net.thucydides.core.reports.json.JSONTestOutcomeReporter - Generating JSON report for Get mentor schedule with valid id to file D:\Alterra\Automation\API\MusicLab-QE-APITesting\target\site\serenity\86a3bb214a116bd4b319b6ac8d2c831a469ee9aebd07b51900391e0ac672f0c7.json (using temp file D:\Alterra\Automation\API\MusicLab-QE-APITesting\target\site\serenity\86a3bb214a116bd4b319b6ac8d2c831a469ee9aebd07b51900391e0ac672f0c7.jsonb23ad53a-e6ed-4127-b377-e5a6e56d6110)

09:49:26.078 [pool-3-thread-2] DEBUG net.thucydides.core.reports.ReportService - Processing test outcome [MusicLab-API] Post Feature Instrument:[Positive Case] Post Create Mentors Instruments Valid JSON done

09:49:26.078 [pool-3-thread-8] INFO net.thucydides.core.reports.ReportService - net.thucydides.core.reports.json.JSONTestOutcomeReporter@f0e0fa4: Generating report for test outcome: Music Lab API Automation Testing:Post add mentor schedule with valid json

09:49:26.078 [pool-3-thread-11] DEBUG net.thucydides.core.reports.json.JSONTestOutcomeReporter - Generating JSON report for Get mentor schedule with invalid id to file D:\Alterra\Automation\API\MusicLab-QE-APITesting\target\site\serenity\2f67aa970d4b2d2fb6668c6bed1fd700f41854ab6d9dffe3566f91c498c0ecf8.json (using temp file D:\Alterra\Automation\API\MusicLab-QE-APITesting\target\site\serenity\2f67aa970d4b2d2fb6668c6bed1fd700f41854ab6d9dffe3566f91c498c0ecf8.jsonf5582670-8efa-434c-b8d0-25ebd9b0e6fb)

09:49:26.078 [pool-3-thread-2] DEBUG net.thucydides.core.reports.ReportService - Processing test outcome Music Lab API Automation Testing:Post add mentor schedule availability with valid json no authorization

09:49:26.078 [pool-3-thread-2] INFO net.thucydides.core.reports.ReportService - net.thucydides.core.reports.json.JSONTestOutcomeReporter@f0e0fa4: Generating report for test outcome: Music Lab API Automation Testing:Post add mentor schedule availability with valid json no authorization

09:49:26.078 [pool-3-thread-6] DEBUG net.thucydides.core.reports.json.JSONTestOutcomeReporter - Generating JSON report for Delete schedule with invalid id to file D:\Alterra\Automation\API\MusicLab-QE-APITesting\target\site\serenity\5ce324beeeb7887e1e5e10022ac15ac11676bbf99b9d156e0a3c8999790a9f75.json (using temp file D:\Alterra\Automation\API\MusicLab-QE-APITesting\target\site\serenity\5ce324beeeb7887e1e5e10022ac15ac11676bbf99b9d156e0a3c8999790a9f75.json14071f7f-c609-4244-b3f6-3312ebfd6331)

09:49:26.078 [pool-3-thread-8] DEBUG net.thucydides.core.reports.json.JSONTestOutcomeReporter - Generating JSON report for Post add mentor schedule with valid json to file D:\Alterra\Automation\API\MusicLab-QE-APITesting\target\site\serenity\0f58d3e0f3b2fd2ec5a8d348bf1671ce5636a16f10b3c13a06404aa4fd92e95c.json (using temp file D:\Alterra\Automation\API\MusicLab-QE-APITesting\target\site\serenity\0f58d3e0f3b2fd2ec5a8d348bf1671ce5636a16f10b3c13a06404aa4fd92e95c.json9f5eff72-b458-4367-9e61-54775832497d)

09:49:26.079 [pool-3-thread-4] DEBUG net.thucydides.core.reports.ReportService - Processing test outcome [MusicLab-API] Put Feature Mentors:[Negative Case] Put Update Mentors Profile With Oversize Image done

09:49:26.079 [pool-3-thread-4] DEBUG net.thucydides.core.reports.ReportService - Processing test outcome Music Lab API Automation Testing:Post add mentor schedule with invalid json

09:49:26.079 [pool-3-thread-4] INFO net.thucydides.core.reports.ReportService - net.thucydides.core.reports.json.JSONTestOutcomeReporter@f0e0fa4: Generating report for test outcome: Music Lab API Automation Testing:Post add mentor schedule with invalid json

09:49:26.079 [pool-3-thread-2] DEBUG net.thucydides.core.reports.json.JSONTestOutcomeReporter - Generating JSON report for Post add mentor schedule availability with valid json no authorization to file D:\Alterra\Automation\API\MusicLab-QE-APITesting\target\site\serenity\2e7666b846382dccaffafefcfa47f552d033df0c07592a7e1c04931c6a1d46ad.json (using temp file D:\Alterra\Automation\API\MusicLab-QE-APITesting\target\site\serenity\2e7666b846382dccaffafefcfa47f552d033df0c07592a7e1c04931c6a1d46ad.json4df4440c-3dfe-454d-8da8-07a2882e6e0a)

09:49:26.079 [pool-3-thread-1] DEBUG net.thucydides.core.reports.ReportService - Processing test outcome [MusicLab-API] Post Feature Mentors:[Negative Case] Post Create Mentors Credential With Oversize Image done

09:49:26.079 [pool-3-thread-1] DEBUG net.thucydides.core.reports.ReportService - Processing test outcome Music Lab API Automation Testing:Post add mentor schedule with empty json

09:49:26.079 [pool-3-thread-1] INFO net.thucydides.core.reports.ReportService - net.thucydides.core.reports.json.JSONTestOutcomeReporter@f0e0fa4: Generating report for test outcome: Music Lab API Automation Testing:Post add mentor schedule with empty json

09:49:26.080 [pool-3-thread-4] DEBUG net.thucydides.core.reports.json.JSONTestOutcomeReporter - Generating JSON report for Post add mentor schedule with invalid json to file D:\Alterra\Automation\API\MusicLab-QE-APITesting\target\site\serenity\56a456cbbd342ae728947e903485d225de9afc363531ca3e4ab4d09c39dbe319.json (using temp file D:\Alterra\Automation\API\MusicLab-QE-APITesting\target\site\serenity\56a456cbbd342ae728947e903485d225de9afc363531ca3e4ab4d09c39dbe319.json7a7788ed-2158-44b1-8bfd-44936d48a05f)

09:49:26.080 [pool-3-thread-1] DEBUG net.thucydides.core.reports.json.JSONTestOutcomeReporter - Generating JSON report for Post add mentor schedule with empty json to file D:\Alterra\Automation\API\MusicLab-QE-APITesting\target\site\serenity\71133f93cc78134f9023209f8d6206e73bb85bea4ed033dda3c9d393dd702a62.json (using temp file D:\Alterra\Automation\API\MusicLab-QE-APITesting\target\site\serenity\71133f93cc78134f9023209f8d6206e73bb85bea4ed033dda3c9d393dd702a62.json4f2f925a-37fb-4b75-b576-eef64aef0981)

09:49:26.080 [pool-3-thread-5] DEBUG net.thucydides.core.reports.json.JSONTestOutcomeReporter - Generating JSON report for Delete schedule valid id no authorization to file D:\Alterra\Automation\API\MusicLab-QE-APITesting\target\site\serenity\09793ef7ee31500394434735cca0d8c29bd9a36515dc5d4cc33641e81a306360.json (using temp file D:\Alterra\Automation\API\MusicLab-QE-APITesting\target\site\serenity\09793ef7ee31500394434735cca0d8c29bd9a36515dc5d4cc33641e81a306360.json2ca4044a-6f2a-4947-a573-5a243c3621cb)

09:49:26.080 [pool-3-thread-7] DEBUG net.thucydides.core.reports.ReportService - Processing test outcome [MusicLab-API] Post Feature Review:[Negative Case] Post Create Review With empty comment done

09:49:26.080 [pool-3-thread-7] DEBUG net.thucydides.core.reports.ReportService - Processing test outcome Music Lab API Automation Testing:Post add mentor schedule availability with valid json

09:49:26.080 [pool-3-thread-7] INFO net.thucydides.core.reports.ReportService - net.thucydides.core.reports.json.JSONTestOutcomeReporter@f0e0fa4: Generating report for test outcome: Music Lab API Automation Testing:Post add mentor schedule availability with valid json

09:49:26.081 [pool-3-thread-7] DEBUG net.thucydides.core.reports.json.JSONTestOutcomeReporter - Generating JSON report for Post add mentor schedule availability with valid json to file D:\Alterra\Automation\API\MusicLab-QE-APITesting\target\site\serenity\1b609a6766be9ed967e2ff4ac95d7b5cc6b413eb8a2135dab3835fe6b4866df6.json (using temp file D:\Alterra\Automation\API\MusicLab-QE-APITesting\target\site\serenity\1b609a6766be9ed967e2ff4ac95d7b5cc6b413eb8a2135dab3835fe6b4866df6.jsond25b5015-a41a-4c45-a290-d4a181620215)

09:49:26.081 [pool-3-thread-11] DEBUG net.thucydides.core.reports.ReportService - Processing test outcome Music Lab API Automation Testing:Get mentor schedule with invalid id done

09:49:26.081 [pool-3-thread-11] DEBUG net.thucydides.core.reports.ReportService - Processing test outcome Music Lab API Automation Testing:Post add mentor schedule availability with valid json no authorization

09:49:26.081 [pool-3-thread-9] DEBUG net.thucydides.core.reports.ReportService - Processing test outcome Music Lab API Automation Testing:Get mentor schedule with valid id done

09:49:26.081 [pool-3-thread-11] INFO net.thucydides.core.reports.ReportService - net.thucydides.core.reports.json.JSONTestOutcomeReporter@f0e0fa4: Generating report for test outcome: Music Lab API Automation Testing:Post add mentor schedule availability with valid json no authorization

09:49:26.081 [pool-3-thread-9] DEBUG net.thucydides.core.reports.ReportService - Processing test outcome Music Lab API Automation Testing:Post add mentor schedule availability with empty json

09:49:26.081 [pool-3-thread-9] INFO net.thucydides.core.reports.ReportService - net.thucydides.core.reports.json.JSONTestOutcomeReporter@f0e0fa4: Generating report for test outcome: Music Lab API Automation Testing:Post add mentor schedule availability with empty json

09:49:26.081 [pool-3-thread-2] DEBUG net.thucydides.core.reports.ReportService - Processing test outcome Music Lab API Automation Testing:Post add mentor schedule availability with valid json no authorization done

09:49:26.081 [pool-3-thread-2] DEBUG net.thucydides.core.reports.ReportService - Processing test outcome Music Lab API Automation Testing:Post add mentor schedule with invalid json

09:49:26.081 [pool-3-thread-2] INFO net.thucydides.core.reports.ReportService - net.thucydides.core.reports.json.JSONTestOutcomeReporter@f0e0fa4: Generating report for test outcome: Music Lab API Automation Testing:Post add mentor schedule with invalid json

09:49:26.082 [pool-3-thread-11] DEBUG net.thucydides.core.reports.json.JSONTestOutcomeReporter - Generating JSON report for Post add mentor schedule availability with valid json no authorization to file D:\Alterra\Automation\API\MusicLab-QE-APITesting\target\site\serenity\2e7666b846382dccaffafefcfa47f552d033df0c07592a7e1c04931c6a1d46ad.json (using temp file D:\Alterra\Automation\API\MusicLab-QE-APITesting\target\site\serenity\2e7666b846382dccaffafefcfa47f552d033df0c07592a7e1c04931c6a1d46ad.json3347187c-c44d-40e9-89d5-b78bb36e9f91)

09:49:26.082 [pool-3-thread-9] DEBUG net.thucydides.core.reports.json.JSONTestOutcomeReporter - Generating JSON report for Post add mentor schedule availability with empty json to file D:\Alterra\Automation\API\MusicLab-QE-APITesting\target\site\serenity\f6aba3e1adebabef1adb43ed6083315f4f22ad7158f4d5de2b54d28d3017b4e0.json (using temp file D:\Alterra\Automation\API\MusicLab-QE-APITesting\target\site\serenity\f6aba3e1adebabef1adb43ed6083315f4f22ad7158f4d5de2b54d28d3017b4e0.jsond66d6b48-3ea1-4a3c-8f0d-cb34b8ffffb6)

09:49:26.082 [pool-3-thread-4] DEBUG net.thucydides.core.reports.ReportService - Processing test outcome Music Lab API Automation Testing:Post add mentor schedule with invalid json done

09:49:26.082 [pool-3-thread-4] DEBUG net.thucydides.core.reports.ReportService - Processing test outcome MusicLab API Automation Testing Capstone Project:Get student data

09:49:26.082 [pool-3-thread-4] INFO net.thucydides.core.reports.ReportService - net.thucydides.core.reports.json.JSONTestOutcomeReporter@f0e0fa4: Generating report for test outcome: MusicLab API Automation Testing Capstone Project:Get student data

09:49:26.082 [pool-3-thread-2] DEBUG net.thucydides.core.reports.json.JSONTestOutcomeReporter - Generating JSON report for Post add mentor schedule with invalid json to file D:\Alterra\Automation\API\MusicLab-QE-APITesting\target\site\serenity\56a456cbbd342ae728947e903485d225de9afc363531ca3e4ab4d09c39dbe319.json (using temp file D:\Alterra\Automation\API\MusicLab-QE-APITesting\target\site\serenity\56a456cbbd342ae728947e903485d225de9afc363531ca3e4ab4d09c39dbe319.json578e9973-a218-4065-8842-5aa34cb86d73)

09:49:26.083 [pool-3-thread-4] DEBUG net.thucydides.core.reports.json.JSONTestOutcomeReporter - Generating JSON report for Get student data to file D:\Alterra\Automation\API\MusicLab-QE-APITesting\target\site\serenity\ad910e45b694987c532e16a13f05ce1adbf88454baddff37a0a8609100d5cf13.json (using temp file D:\Alterra\Automation\API\MusicLab-QE-APITesting\target\site\serenity\ad910e45b694987c532e16a13f05ce1adbf88454baddff37a0a8609100d5cf13.json69e15873-91a6-419d-ac70-011584d4b4d1)

09:49:26.083 [pool-3-thread-7] DEBUG net.thucydides.core.reports.ReportService - Processing test outcome Music Lab API Automation Testing:Post add mentor schedule availability with valid json done

09:49:26.083 [pool-3-thread-7] DEBUG net.thucydides.core.reports.ReportService - Processing test outcome MusicLab API Automation Testing Capstone Project:Put or edit student profile with valid parameters

09:49:26.083 [pool-3-thread-7] INFO net.thucydides.core.reports.ReportService - net.thucydides.core.reports.json.JSONTestOutcomeReporter@f0e0fa4: Generating report for test outcome: MusicLab API Automation Testing Capstone Project:Put or edit student profile with valid parameters

09:49:26.083 [pool-3-thread-9] DEBUG net.thucydides.core.reports.ReportService - Processing test outcome Music Lab API Automation Testing:Post add mentor schedule availability with empty json done

09:49:26.083 [pool-3-thread-9] DEBUG net.thucydides.core.reports.ReportService - Processing test outcome MusicLab API Automation Testing Capstone Project:Put or edit student profile with invalid parameters

09:49:26.083 [pool-3-thread-9] INFO net.thucydides.core.reports.ReportService - net.thucydides.core.reports.json.JSONTestOutcomeReporter@f0e0fa4: Generating report for test outcome: MusicLab API Automation Testing Capstone Project:Put or edit student profile with invalid parameters

09:49:26.084 [pool-3-thread-10] DEBUG net.thucydides.core.reports.ReportService - Processing test outcome Music Lab API Automation Testing:Delete schedule with valid id done

09:49:26.084 [pool-3-thread-10] DEBUG net.thucydides.core.reports.ReportService - Processing test outcome MusicLab API Automation Testing Capstone Project:Put or edit a class null parameter

09:49:26.084 [pool-3-thread-7] DEBUG net.thucydides.core.reports.json.JSONTestOutcomeReporter - Generating JSON report for Put or edit student profile with valid parameters to file D:\Alterra\Automation\API\MusicLab-QE-APITesting\target\site\serenity\39f3ecd21a6684f8dcad9cd31960a688973f06c0523af14ad11278914d0461ff.json (using temp file D:\Alterra\Automation\API\MusicLab-QE-APITesting\target\site\serenity\39f3ecd21a6684f8dcad9cd31960a688973f06c0523af14ad11278914d0461ff.jsond7f66a48-e2ac-4793-97a4-82b23173b2b5)

09:49:26.084 [pool-3-thread-10] INFO net.thucydides.core.reports.ReportService - net.thucydides.core.reports.json.JSONTestOutcomeReporter@f0e0fa4: Generating report for test outcome: MusicLab API Automation Testing Capstone Project:Put or edit a class null parameter

09:49:26.085 [pool-3-thread-10] DEBUG net.thucydides.core.reports.json.JSONTestOutcomeReporter - Generating JSON report for Put or edit a class null parameter to file D:\Alterra\Automation\API\MusicLab-QE-APITesting\target\site\serenity\b212b4a3e12944eb395124ae76af36b415a41db2f1c50692086895d7aa01e8dc.json (using temp file D:\Alterra\Automation\API\MusicLab-QE-APITesting\target\site\serenity\b212b4a3e12944eb395124ae76af36b415a41db2f1c50692086895d7aa01e8dc.json03a326ad-292b-4372-98d4-a7a8eaedceb3)

09:49:26.086 [pool-3-thread-5] DEBUG net.thucydides.core.reports.ReportService - Processing test outcome Music Lab API Automation Testing:Delete schedule valid id no authorization done

09:49:26.085 [pool-3-thread-9] DEBUG net.thucydides.core.reports.json.JSONTestOutcomeReporter - Generating JSON report for Put or edit student profile with invalid parameters to file D:\Alterra\Automation\API\MusicLab-QE-APITesting\target\site\serenity\35535ed87b6dadd13a5474fef8e7d335052a61cb8667623eaa5e8570b363ac2c.json (using temp file D:\Alterra\Automation\API\MusicLab-QE-APITesting\target\site\serenity\35535ed87b6dadd13a5474fef8e7d335052a61cb8667623eaa5e8570b363ac2c.json81fe009f-eb05-4ce5-9144-6d30b752c9d5)

09:49:26.086 [pool-3-thread-5] DEBUG net.thucydides.core.reports.ReportService - Processing test outcome MusicLab API Automation Testing Capstone Project:Deactive student

09:49:26.086 [pool-3-thread-5] INFO net.thucydides.core.reports.ReportService - net.thucydides.core.reports.json.JSONTestOutcomeReporter@f0e0fa4: Generating report for test outcome: MusicLab API Automation Testing Capstone Project:Deactive student

09:49:26.086 [pool-3-thread-11] DEBUG net.thucydides.core.reports.ReportService - Processing test outcome Music Lab API Automation Testing:Post add mentor schedule availability with valid json no authorization done

09:49:26.086 [pool-3-thread-11] DEBUG net.thucydides.core.reports.ReportService - Processing test outcome MusicLab API Automation Testing Capstone Project:Put or edit student password with valid parameters

09:49:26.086 [pool-3-thread-2] DEBUG net.thucydides.core.reports.ReportService - Processing test outcome Music Lab API Automation Testing:Post add mentor schedule with invalid json done

09:49:26.086 [pool-3-thread-11] INFO net.thucydides.core.reports.ReportService - net.thucydides.core.reports.json.JSONTestOutcomeReporter@f0e0fa4: Generating report for test outcome: MusicLab API Automation Testing Capstone Project:Put or edit student password with valid parameters

09:49:26.086 [pool-3-thread-2] DEBUG net.thucydides.core.reports.ReportService - Processing test outcome MusicLab API Automation Testing Capstone Project:Put or edit student password with invalid parameters

09:49:26.087 [pool-3-thread-2] INFO net.thucydides.core.reports.ReportService - net.thucydides.core.reports.json.JSONTestOutcomeReporter@f0e0fa4: Generating report for test outcome: MusicLab API Automation Testing Capstone Project:Put or edit student password with invalid parameters

09:49:26.088 [pool-3-thread-5] DEBUG net.thucydides.core.reports.json.JSONTestOutcomeReporter - Generating JSON report for Deactive student to file D:\Alterra\Automation\API\MusicLab-QE-APITesting\target\site\serenity\50b386ba995cae698ff81373ea41a82c5b8aee3c94d37f6b8d0b5d42e451bfec.json (using temp file D:\Alterra\Automation\API\MusicLab-QE-APITesting\target\site\serenity\50b386ba995cae698ff81373ea41a82c5b8aee3c94d37f6b8d0b5d42e451bfec.json14abce65-6e17-4cb7-af40-dbfd0e37f2e1)

09:49:26.088 [pool-3-thread-12] DEBUG net.thucydides.core.reports.ReportService - Processing test outcome Music Lab API Automation Testing:Delete schedule with empty id done

09:49:26.088 [pool-3-thread-12] DEBUG net.thucydides.core.reports.ReportService - Processing test outcome MusicLab API Automation Testing Capstone Project:Put or edit student password null parameter

09:49:26.088 [pool-3-thread-12] INFO net.thucydides.core.reports.ReportService - net.thucydides.core.reports.json.JSONTestOutcomeReporter@f0e0fa4: Generating report for test outcome: MusicLab API Automation Testing Capstone Project:Put or edit student password null parameter

09:49:26.088 [pool-3-thread-11] DEBUG net.thucydides.core.reports.json.JSONTestOutcomeReporter - Generating JSON report for Put or edit student password with valid parameters to file D:\Alterra\Automation\API\MusicLab-QE-APITesting\target\site\serenity\acd455dbb4eb3175183e4d98205e69da811f541e0fb2b4f23016bf47a96c88ab.json (using temp file D:\Alterra\Automation\API\MusicLab-QE-APITesting\target\site\serenity\acd455dbb4eb3175183e4d98205e69da811f541e0fb2b4f23016bf47a96c88ab.json06d4ec8f-04ed-46e9-bcc8-09299306bfc9)

09:49:26.088 [pool-3-thread-2] DEBUG net.thucydides.core.reports.json.JSONTestOutcomeReporter - Generating JSON report for Put or edit student password with invalid parameters to file D:\Alterra\Automation\API\MusicLab-QE-APITesting\target\site\serenity\51a65fd11ab05839a5cd101bf2ba274adf21e56dcfffdbdf22ba71d65e0ccdf7.json (using temp file D:\Alterra\Automation\API\MusicLab-QE-APITesting\target\site\serenity\51a65fd11ab05839a5cd101bf2ba274adf21e56dcfffdbdf22ba71d65e0ccdf7.json87523fe8-e7ec-4e9b-b522-3e48f5e0e7c1)

09:49:26.089 [pool-3-thread-4] DEBUG net.thucydides.core.reports.ReportService - Processing test outcome MusicLab API Automation Testing Capstone Project:Get student data done

09:49:26.089 [pool-3-thread-4] DEBUG net.thucydides.core.reports.ReportService - Processing test outcome Get Mentor Transaction:Get mentor transaction with valid path

09:49:26.089 [pool-3-thread-4] INFO net.thucydides.core.reports.ReportService - net.thucydides.core.reports.json.JSONTestOutcomeReporter@f0e0fa4: Generating report for test outcome: Get Mentor Transaction:Get mentor transaction with valid path

09:49:26.090 [pool-3-thread-10] DEBUG net.thucydides.core.reports.ReportService - Processing test outcome MusicLab API Automation Testing Capstone Project:Put or edit a class null parameter done

09:49:26.090 [pool-3-thread-10] DEBUG net.thucydides.core.reports.ReportService - Processing test outcome Get Mentor Transaction:Get mentor transaction with invalid path

09:49:26.090 [pool-3-thread-10] INFO net.thucydides.core.reports.ReportService - net.thucydides.core.reports.json.JSONTestOutcomeReporter@f0e0fa4: Generating report for test outcome: Get Mentor Transaction:Get mentor transaction with invalid path

09:49:26.090 [pool-3-thread-9] DEBUG net.thucydides.core.reports.ReportService - Processing test outcome MusicLab API Automation Testing Capstone Project:Put or edit student profile with invalid parameters done

09:49:26.090 [pool-3-thread-4] DEBUG net.thucydides.core.reports.json.JSONTestOutcomeReporter - Generating JSON report for Get mentor transaction with valid path to file D:\Alterra\Automation\API\MusicLab-QE-APITesting\target\site\serenity\3648b533c38dedc1fa2e87379c99c482a841e2cc5e73e4ac6c359fc9c19ed6a6.json (using temp file D:\Alterra\Automation\API\MusicLab-QE-APITesting\target\site\serenity\3648b533c38dedc1fa2e87379c99c482a841e2cc5e73e4ac6c359fc9c19ed6a6.json48692120-3578-4555-95f9-d72b46675f25)

09:49:26.090 [pool-3-thread-9] DEBUG net.thucydides.core.reports.ReportService - Processing test outcome Get Student Transaction:Get student transaction with valid path

09:49:26.090 [pool-3-thread-9] INFO net.thucydides.core.reports.ReportService - net.thucydides.core.reports.json.JSONTestOutcomeReporter@f0e0fa4: Generating report for test outcome: Get Student Transaction:Get student transaction with valid path

09:49:26.091 [pool-3-thread-1] DEBUG net.thucydides.core.reports.ReportService - Processing test outcome Music Lab API Automation Testing:Post add mentor schedule with empty json done

09:49:26.091 [pool-3-thread-12] DEBUG net.thucydides.core.reports.json.JSONTestOutcomeReporter - Generating JSON report for Put or edit student password null parameter to file D:\Alterra\Automation\API\MusicLab-QE-APITesting\target\site\serenity\4e78174614a67de4d57679deb1a88150b7fa948098fb0e5f220dbe4cab21d0cb.json (using temp file D:\Alterra\Automation\API\MusicLab-QE-APITesting\target\site\serenity\4e78174614a67de4d57679deb1a88150b7fa948098fb0e5f220dbe4cab21d0cb.json1c66043f-7334-4b30-8635-79f62248b965)

09:49:26.091 [pool-3-thread-1] DEBUG net.thucydides.core.reports.ReportService - Processing test outcome Get Student Transaction:Get student transaction with invalid path

09:49:26.091 [pool-3-thread-1] INFO net.thucydides.core.reports.ReportService - net.thucydides.core.reports.json.JSONTestOutcomeReporter@f0e0fa4: Generating report for test outcome: Get Student Transaction:Get student transaction with invalid path

09:49:26.091 [pool-3-thread-10] DEBUG net.thucydides.core.reports.json.JSONTestOutcomeReporter - Generating JSON report for Get mentor transaction with invalid path to file D:\Alterra\Automation\API\MusicLab-QE-APITesting\target\site\serenity\798bb08bc675137473f3c22a690565cc5bf257d30844793dfda52d9903c19981.json (using temp file D:\Alterra\Automation\API\MusicLab-QE-APITesting\target\site\serenity\798bb08bc675137473f3c22a690565cc5bf257d30844793dfda52d9903c19981.jsonaf4b4688-3480-45e8-8a1f-0e1bb8dde67c)

09:49:26.091 [pool-3-thread-9] DEBUG net.thucydides.core.reports.json.JSONTestOutcomeReporter - Generating JSON report for Get student transaction with valid path to file D:\Alterra\Automation\API\MusicLab-QE-APITesting\target\site\serenity\bca522b548b0835973d97c18c4090a3f299ab80fcc2793f7f045892e98d258cf.json (using temp file D:\Alterra\Automation\API\MusicLab-QE-APITesting\target\site\serenity\bca522b548b0835973d97c18c4090a3f299ab80fcc2793f7f045892e98d258cf.jsonb7d92bc5-5336-4569-94b8-dfcea67a7883)

09:49:26.091 [pool-3-thread-11] DEBUG net.thucydides.core.reports.ReportService - Processing test outcome MusicLab API Automation Testing Capstone Project:Put or edit student password with valid parameters done

09:49:26.091 [pool-3-thread-11] DEBUG net.thucydides.core.reports.ReportService - Processing test outcome Post Create Transaction:Create transaction with valid parameter on json request body

09:49:26.091 [pool-3-thread-11] INFO net.thucydides.core.reports.ReportService - net.thucydides.core.reports.json.JSONTestOutcomeReporter@f0e0fa4: Generating report for test outcome: Post Create Transaction:Create transaction with valid parameter on json request body

09:49:26.091 [pool-3-thread-7] DEBUG net.thucydides.core.reports.ReportService - Processing test outcome MusicLab API Automation Testing Capstone Project:Put or edit student profile with valid parameters done

09:49:26.091 [pool-3-thread-7] DEBUG net.thucydides.core.reports.ReportService - Processing test outcome Post Create Transaction:Create transaction with invalid parameter class_id on json request body

09:49:26.091 [pool-3-thread-7] INFO net.thucydides.core.reports.ReportService - net.thucydides.core.reports.json.JSONTestOutcomeReporter@f0e0fa4: Generating report for test outcome: Post Create Transaction:Create transaction with invalid parameter class_id on json request body

09:49:26.092 [pool-3-thread-1] DEBUG net.thucydides.core.reports.json.JSONTestOutcomeReporter - Generating JSON report for Get student transaction with invalid path to file D:\Alterra\Automation\API\MusicLab-QE-APITesting\target\site\serenity\52c42057e53adb91d88e0f55ed42327c4d43f22c66e48380dc86e970e6351505.json (using temp file D:\Alterra\Automation\API\MusicLab-QE-APITesting\target\site\serenity\52c42057e53adb91d88e0f55ed42327c4d43f22c66e48380dc86e970e6351505.jsonea42cd29-a5c7-48c0-8ff2-704d23cc503b)

09:49:26.092 [pool-3-thread-11] DEBUG net.thucydides.core.reports.json.JSONTestOutcomeReporter - Generating JSON report for Create transaction with valid parameter on json request body to file D:\Alterra\Automation\API\MusicLab-QE-APITesting\target\site\serenity\6ee0c40b09a69e08bdbfba70ab40167b4119da331cdf0c2599dc2d5f3818e164.json (using temp file D:\Alterra\Automation\API\MusicLab-QE-APITesting\target\site\serenity\6ee0c40b09a69e08bdbfba70ab40167b4119da331cdf0c2599dc2d5f3818e164.jsonc6c629f0-7fa8-426b-9682-fceb5ab2379a)

09:49:26.092 [pool-3-thread-5] DEBUG net.thucydides.core.reports.ReportService - Processing test outcome MusicLab API Automation Testing Capstone Project:Deactive student done

09:49:26.093 [pool-3-thread-5] DEBUG net.thucydides.core.reports.ReportService - Processing test outcome Post Create Transaction:Create transaction with invalid parameter schedule_id on json request body

09:49:26.093 [pool-3-thread-5] INFO net.thucydides.core.reports.ReportService - net.thucydides.core.reports.json.JSONTestOutcomeReporter@f0e0fa4: Generating report for test outcome: Post Create Transaction:Create transaction with invalid parameter schedule_id on json request body

09:49:26.093 [pool-3-thread-2] DEBUG net.thucydides.core.reports.ReportService - Processing test outcome MusicLab API Automation Testing Capstone Project:Put or edit student password with invalid parameters done

09:49:26.093 [pool-3-thread-2] DEBUG net.thucydides.core.reports.ReportService - Processing test outcome Post Create Transaction:Create transaction with invalid parameter start_date on json request body

09:49:26.093 [pool-3-thread-2] INFO net.thucydides.core.reports.ReportService - net.thucydides.core.reports.json.JSONTestOutcomeReporter@f0e0fa4: Generating report for test outcome: Post Create Transaction:Create transaction with invalid parameter start_date on json request body

09:49:26.093 [pool-3-thread-2] DEBUG net.thucydides.core.reports.json.JSONTestOutcomeReporter - Generating JSON report for Create transaction with invalid parameter start_date on json request body to file D:\Alterra\Automation\API\MusicLab-QE-APITesting\target\site\serenity\3a5ac90ae10a5bfa3f1c3cad02785142a175258e70f8801de24a0102a7a36cfd.json (using temp file D:\Alterra\Automation\API\MusicLab-QE-APITesting\target\site\serenity\3a5ac90ae10a5bfa3f1c3cad02785142a175258e70f8801de24a0102a7a36cfd.json148f81bd-a292-452d-a3db-56d636d86f45)

09:49:26.093 [pool-3-thread-8] DEBUG net.thucydides.core.reports.ReportService - Processing test outcome Music Lab API Automation Testing:Post add mentor schedule with valid json done

09:49:26.093 [pool-3-thread-8] DEBUG net.thucydides.core.reports.ReportService - Processing test outcome Post Create Transaction:Create transaction with blank or empty parameter on json request body

09:49:26.093 [pool-3-thread-8] INFO net.thucydides.core.reports.ReportService - net.thucydides.core.reports.json.JSONTestOutcomeReporter@f0e0fa4: Generating report for test outcome: Post Create Transaction:Create transaction with blank or empty parameter on json request body

09:49:26.094 [pool-3-thread-10] DEBUG net.thucydides.core.reports.ReportService - Processing test outcome Get Mentor Transaction:Get mentor transaction with invalid path done

09:49:26.094 [pool-3-thread-10] DEBUG net.thucydides.core.reports.ReportService - Processing test outcome Post Create Transaction:Create transaction with extra parameter on json request body

09:49:26.094 [pool-3-thread-10] INFO net.thucydides.core.reports.ReportService - net.thucydides.core.reports.json.JSONTestOutcomeReporter@f0e0fa4: Generating report for test outcome: Post Create Transaction:Create transaction with extra parameter on json request body

09:49:26.094 [pool-3-thread-7] DEBUG net.thucydides.core.reports.json.JSONTestOutcomeReporter - Generating JSON report for Create transaction with invalid parameter class_id on json request body to file D:\Alterra\Automation\API\MusicLab-QE-APITesting\target\site\serenity\438c4e4b5a4d11ce95946f2e994cf755607c2bac8aead0a8329a2262e25bff70.json (using temp file D:\Alterra\Automation\API\MusicLab-QE-APITesting\target\site\serenity\438c4e4b5a4d11ce95946f2e994cf755607c2bac8aead0a8329a2262e25bff70.jsonb7dde68d-3b4f-4063-bfd8-8ffe6f63ef91)

09:49:26.095 [pool-3-thread-5] DEBUG net.thucydides.core.reports.json.JSONTestOutcomeReporter - Generating JSON report for Create transaction with invalid parameter schedule_id on json request body to file D:\Alterra\Automation\API\MusicLab-QE-APITesting\target\site\serenity\24e168d7197caeff2950d8f38d9025d99b3db97e2697d3774a612d97a108d8ee.json (using temp file D:\Alterra\Automation\API\MusicLab-QE-APITesting\target\site\serenity\24e168d7197caeff2950d8f38d9025d99b3db97e2697d3774a612d97a108d8ee.json75937078-c73a-4ece-a2e2-67f2c8f0a77b)

09:49:26.095 [pool-3-thread-4] DEBUG net.thucydides.core.reports.ReportService - Processing test outcome Get Mentor Transaction:Get mentor transaction with valid path done

09:49:26.095 [pool-3-thread-4] DEBUG net.thucydides.core.reports.ReportService - Processing test outcome Post Create Transaction:Create transaction with 1 parameter only

09:49:26.095 [pool-3-thread-10] DEBUG net.thucydides.core.reports.json.JSONTestOutcomeReporter - Generating JSON report for Create transaction with extra parameter on json request body to file D:\Alterra\Automation\API\MusicLab-QE-APITesting\target\site\serenity\af6402a0ad42fae8086d6a98c1c6613b8174492089db55666d65061b44738514.json (using temp file D:\Alterra\Automation\API\MusicLab-QE-APITesting\target\site\serenity\af6402a0ad42fae8086d6a98c1c6613b8174492089db55666d65061b44738514.json4376dce2-a64f-4faf-8909-09380b55c55f)

09:49:26.095 [pool-3-thread-4] INFO net.thucydides.core.reports.ReportService - net.thucydides.core.reports.json.JSONTestOutcomeReporter@f0e0fa4: Generating report for test outcome: Post Create Transaction:Create transaction with 1 parameter only

09:49:26.095 [pool-3-thread-8] DEBUG net.thucydides.core.reports.json.JSONTestOutcomeReporter - Generating JSON report for Create transaction with blank or empty parameter on json request body to file D:\Alterra\Automation\API\MusicLab-QE-APITesting\target\site\serenity\59c57d3d3f26ff86c88562d3cc1307e9323eab162cb1f671accc4db16f9ab992.json (using temp file D:\Alterra\Automation\API\MusicLab-QE-APITesting\target\site\serenity\59c57d3d3f26ff86c88562d3cc1307e9323eab162cb1f671accc4db16f9ab992.json55fb84d2-60d1-4e62-9c3f-92fedf83ec74)

09:49:26.095 [pool-3-thread-6] DEBUG net.thucydides.core.reports.ReportService - Processing test outcome Music Lab API Automation Testing:Delete schedule with invalid id done

09:49:26.095 [pool-3-thread-6] DEBUG net.thucydides.core.reports.ReportService - Processing test outcome Post Create Transaction:Create transaction without request body

09:49:26.095 [pool-3-thread-6] INFO net.thucydides.core.reports.ReportService - net.thucydides.core.reports.json.JSONTestOutcomeReporter@f0e0fa4: Generating report for test outcome: Post Create Transaction:Create transaction without request body

09:49:26.095 [pool-3-thread-3] DEBUG net.thucydides.core.reports.ReportService - Processing test outcome Music Lab API Automation Testing:Get mentor schedule with valid id no authorization done

09:49:26.095 [pool-3-thread-11] DEBUG net.thucydides.core.reports.ReportService - Processing test outcome Post Create Transaction:Create transaction with valid parameter on json request body done

09:49:26.096 [pool-3-thread-3] DEBUG net.thucydides.core.reports.ReportService - Processing test outcome Post Create Transaction:Create transaction with invalid path

09:49:26.096 [pool-3-thread-3] INFO net.thucydides.core.reports.ReportService - net.thucydides.core.reports.json.JSONTestOutcomeReporter@f0e0fa4: Generating report for test outcome: Post Create Transaction:Create transaction with invalid path

09:49:26.096 [pool-3-thread-4] DEBUG net.thucydides.core.reports.json.JSONTestOutcomeReporter - Generating JSON report for Create transaction with 1 parameter only to file D:\Alterra\Automation\API\MusicLab-QE-APITesting\target\site\serenity\16eafe329f355dcedd3f93023b40e806f264cb6aacd05836d4f2bca66662a741.json (using temp file D:\Alterra\Automation\API\MusicLab-QE-APITesting\target\site\serenity\16eafe329f355dcedd3f93023b40e806f264cb6aacd05836d4f2bca66662a741.json6302ced3-3513-44c6-b2bc-2661ce58ea62)

09:49:26.096 [pool-3-thread-6] DEBUG net.thucydides.core.reports.json.JSONTestOutcomeReporter - Generating JSON report for Create transaction without request body to file D:\Alterra\Automation\API\MusicLab-QE-APITesting\target\site\serenity\c90adcda588db5cb6efc97317c9213f889abfdea1fd2819cad42adab2d0d72ac.json (using temp file D:\Alterra\Automation\API\MusicLab-QE-APITesting\target\site\serenity\c90adcda588db5cb6efc97317c9213f889abfdea1fd2819cad42adab2d0d72ac.json76022a47-5db4-4f44-bda1-4f496fb11441)

09:49:26.097 [pool-3-thread-12] DEBUG net.thucydides.core.reports.ReportService - Processing test outcome MusicLab API Automation Testing Capstone Project:Put or edit student password null parameter done

09:49:26.098 [pool-3-thread-1] DEBUG net.thucydides.core.reports.ReportService - Processing test outcome Get Student Transaction:Get student transaction with invalid path done

09:49:26.099 [pool-3-thread-2] DEBUG net.thucydides.core.reports.ReportService - Processing test outcome Post Create Transaction:Create transaction with invalid parameter start_date on json request body done

09:49:26.099 [pool-3-thread-3] DEBUG net.thucydides.core.reports.json.JSONTestOutcomeReporter - Generating JSON report for Create transaction with invalid path to file D:\Alterra\Automation\API\MusicLab-QE-APITesting\target\site\serenity\c97415aadc54e4e66343b20e9d16fed77a51a841a981117dcf6d4a6ff6e9a0fc.json (using temp file D:\Alterra\Automation\API\MusicLab-QE-APITesting\target\site\serenity\c97415aadc54e4e66343b20e9d16fed77a51a841a981117dcf6d4a6ff6e9a0fc.json59df76fb-35fb-4815-8151-805581465bac)

09:49:26.100 [pool-3-thread-8] DEBUG net.thucydides.core.reports.ReportService - Processing test outcome Post Create Transaction:Create transaction with blank or empty parameter on json request body done

09:49:26.100 [pool-3-thread-9] DEBUG net.thucydides.core.reports.ReportService - Processing test outcome Get Student Transaction:Get student transaction with valid path done

09:49:26.100 [pool-3-thread-10] DEBUG net.thucydides.core.reports.ReportService - Processing test outcome Post Create Transaction:Create transaction with extra parameter on json request body done

09:49:26.100 [pool-3-thread-7] DEBUG net.thucydides.core.reports.ReportService - Processing test outcome Post Create Transaction:Create transaction with invalid parameter class_id on json request body done

09:49:26.100 [pool-3-thread-6] DEBUG net.thucydides.core.reports.ReportService - Processing test outcome Post Create Transaction:Create transaction without request body done

09:49:26.100 [pool-3-thread-5] DEBUG net.thucydides.core.reports.ReportService - Processing test outcome Post Create Transaction:Create transaction with invalid parameter schedule_id on json request body done

09:49:26.100 [pool-3-thread-4] DEBUG net.thucydides.core.reports.ReportService - Processing test outcome Post Create Transaction:Create transaction with 1 parameter only done

09:49:26.103 [pool-3-thread-3] DEBUG net.thucydides.core.reports.ReportService - Processing test outcome Post Create Transaction:Create transaction with invalid path done

09:49:26.103 [pool-2-thread-1] DEBUG net.thucydides.core.reports.ReportService - Shutting down executor service

09:49:26.103 [pool-2-thread-1] DEBUG net.thucydides.core.reports.ReportService - Reports generated in: 136 ms

09:49:26.103 [pool-2-thread-1] DEBUG net.thucydides.core.reports.ReportService - Generating reports for 118 test outcomes using: net.thucydides.core.reports.html.HtmlAcceptanceTestReporter@72691aba

09:49:26.104 [pool-4-thread-2] DEBUG net.thucydides.core.reports.ReportService - Processing test outcome Login mentor:Login mentor invalid json

09:49:26.104 [pool-4-thread-2] INFO net.thucydides.core.reports.ReportService - net.thucydides.core.reports.html.HtmlAcceptanceTestReporter@72691aba: Generating report for test outcome: Login mentor:Login mentor invalid json

09:49:26.104 [pool-4-thread-3] DEBUG net.thucydides.core.reports.ReportService - Processing test outcome Login mentor:Login mentor blank json

09:49:26.104 [pool-4-thread-7] DEBUG net.thucydides.core.reports.ReportService - Processing test outcome Register mentor:Register mentor valid json

09:49:26.104 [pool-4-thread-7] INFO net.thucydides.core.reports.ReportService - net.thucydides.core.reports.html.HtmlAcceptanceTestReporter@72691aba: Generating report for test outcome: Register mentor:Register mentor valid json

09:49:26.104 [pool-4-thread-1] DEBUG net.thucydides.core.reports.ReportService - Processing test outcome Login mentor:Login mentor valid json

09:49:26.104 [pool-4-thread-6] DEBUG net.thucydides.core.reports.ReportService - Processing test outcome Login mentor:Login student blank json

09:49:26.104 [pool-4-thread-1] INFO net.thucydides.core.reports.ReportService - net.thucydides.core.reports.html.HtmlAcceptanceTestReporter@72691aba: Generating report for test outcome: Login mentor:Login mentor valid json

09:49:26.104 [pool-4-thread-4] DEBUG net.thucydides.core.reports.ReportService - Processing test outcome Login mentor:Login student valid json

09:49:26.105 [pool-4-thread-4] INFO net.thucydides.core.reports.ReportService - net.thucydides.core.reports.html.HtmlAcceptanceTestReporter@72691aba: Generating report for test outcome: Login mentor:Login student valid json

09:49:26.104 [pool-4-thread-8] DEBUG net.thucydides.core.reports.ReportService - Processing test outcome Register mentor:Register mentor with existing json

09:49:26.105 [pool-4-thread-6] INFO net.thucydides.core.reports.ReportService - net.thucydides.core.reports.html.HtmlAcceptanceTestReporter@72691aba: Generating report for test outcome: Login mentor:Login student blank json

09:49:26.105 [pool-4-thread-9] DEBUG net.thucydides.core.reports.ReportService - Processing test outcome Register mentor:Register mentor with invalid json

09:49:26.105 [pool-4-thread-9] INFO net.thucydides.core.reports.ReportService - net.thucydides.core.reports.html.HtmlAcceptanceTestReporter@72691aba: Generating report for test outcome: Register mentor:Register mentor with invalid json

09:49:26.105 [pool-4-thread-8] INFO net.thucydides.core.reports.ReportService - net.thucydides.core.reports.html.HtmlAcceptanceTestReporter@72691aba: Generating report for test outcome: Register mentor:Register mentor with existing json

09:49:26.104 [pool-4-thread-3] INFO net.thucydides.core.reports.ReportService - net.thucydides.core.reports.html.HtmlAcceptanceTestReporter@72691aba: Generating report for test outcome: Login mentor:Login mentor blank json

09:49:26.104 [pool-4-thread-5] DEBUG net.thucydides.core.reports.ReportService - Processing test outcome Login mentor:Login student invalid json

09:49:26.105 [pool-4-thread-5] INFO net.thucydides.core.reports.ReportService - net.thucydides.core.reports.html.HtmlAcceptanceTestReporter@72691aba: Generating report for test outcome: Login mentor:Login student invalid json

09:49:26.105 [pool-4-thread-10] DEBUG net.thucydides.core.reports.ReportService - Processing test outcome Register mentor:Register mentor with blank json

09:49:26.105 [pool-4-thread-10] INFO net.thucydides.core.reports.ReportService - net.thucydides.core.reports.html.HtmlAcceptanceTestReporter@72691aba: Generating report for test outcome: Register mentor:Register mentor with blank json

09:49:26.105 [pool-4-thread-11] DEBUG net.thucydides.core.reports.ReportService - Processing test outcome Register student:Register student valid data

09:49:26.105 [pool-4-thread-11] INFO net.thucydides.core.reports.ReportService - net.thucydides.core.reports.html.HtmlAcceptanceTestReporter@72691aba: Generating report for test outcome: Register student:Register student valid data

09:49:26.105 [pool-4-thread-12] DEBUG net.thucydides.core.reports.ReportService - Processing test outcome Register student:Register student with existing json

09:49:26.105 [pool-4-thread-12] INFO net.thucydides.core.reports.ReportService - net.thucydides.core.reports.html.HtmlAcceptanceTestReporter@72691aba: Generating report for test outcome: Register student:Register student with existing json

09:49:26.310 [pool-4-thread-5] DEBUG net.thucydides.core.requirements.model.cucumber.CucumberParser - Added feature Login mentor

09:49:26.314 [pool-4-thread-5] DEBUG net.thucydides.core.requirements.model.cucumber.CucumberParser - Added feature Login mentor

09:49:26.331 [pool-4-thread-5] DEBUG net.thucydides.core.requirements.model.cucumber.CucumberParser - Added feature Register mentor

09:49:26.340 [pool-4-thread-5] DEBUG net.thucydides.core.requirements.model.cucumber.CucumberParser - Added feature Register student

09:49:26.345 [pool-4-thread-6] DEBUG net.thucydides.core.requirements.model.cucumber.CucumberParser - Added feature Login mentor

09:49:26.348 [pool-4-thread-6] DEBUG net.thucydides.core.requirements.model.cucumber.CucumberParser - Added feature Login mentor

09:49:26.353 [pool-4-thread-6] DEBUG net.thucydides.core.requirements.model.cucumber.CucumberParser - Added feature Register mentor

09:49:26.371 [pool-4-thread-6] DEBUG net.thucydides.core.requirements.model.cucumber.CucumberParser - Added feature Register student

09:49:26.371 [pool-4-thread-7] DEBUG net.thucydides.core.requirements.model.cucumber.CucumberParser - Added feature Login mentor

09:49:26.374 [pool-4-thread-2] DEBUG net.thucydides.core.requirements.model.cucumber.CucumberParser - Added feature Login mentor

09:49:26.376 [pool-4-thread-5] DEBUG net.thucydides.core.requirements.model.cucumber.CucumberParser - Added feature Get Chat Message

09:49:26.376 [pool-4-thread-1] DEBUG net.thucydides.core.requirements.model.cucumber.CucumberParser - Added feature Login mentor

09:49:26.377 [pool-4-thread-7] DEBUG net.thucydides.core.requirements.model.cucumber.CucumberParser - Added feature Login mentor

09:49:26.377 [pool-4-thread-2] DEBUG net.thucydides.core.requirements.model.cucumber.CucumberParser - Added feature Login mentor

09:49:26.378 [pool-4-thread-1] DEBUG net.thucydides.core.requirements.model.cucumber.CucumberParser - Added feature Login mentor

09:49:26.380 [pool-4-thread-5] DEBUG net.thucydides.core.requirements.model.cucumber.CucumberParser - Added feature Get Inbox List

09:49:26.382 [pool-4-thread-1] DEBUG net.thucydides.core.requirements.model.cucumber.CucumberParser - Added feature Register mentor

09:49:26.384 [pool-4-thread-2] DEBUG net.thucydides.core.requirements.model.cucumber.CucumberParser - Added feature Register mentor

09:49:26.384 [pool-4-thread-1] DEBUG net.thucydides.core.requirements.model.cucumber.CucumberParser - Added feature Register student

09:49:26.384 [pool-4-thread-7] DEBUG net.thucydides.core.requirements.model.cucumber.CucumberParser - Added feature Register mentor

09:49:26.390 [pool-4-thread-5] DEBUG net.thucydides.core.requirements.model.cucumber.CucumberParser - Added feature Post Create Message

09:49:26.392 [pool-4-thread-2] DEBUG net.thucydides.core.requirements.model.cucumber.CucumberParser - Added feature Register student

09:49:26.395 [pool-4-thread-8] DEBUG net.thucydides.core.requirements.model.cucumber.CucumberParser - Added feature Login mentor

09:49:26.396 [pool-4-thread-7] DEBUG net.thucydides.core.requirements.model.cucumber.CucumberParser - Added feature Register student

09:49:26.396 [pool-4-thread-6] DEBUG net.thucydides.core.requirements.model.cucumber.CucumberParser - Added feature Get Chat Message

09:49:26.398 [pool-4-thread-9] DEBUG net.thucydides.core.requirements.model.cucumber.CucumberParser - Added feature Login mentor

09:49:26.401 [pool-4-thread-12] DEBUG net.thucydides.core.requirements.model.cucumber.CucumberParser - Added feature Login mentor

09:49:26.404 [pool-4-thread-12] DEBUG net.thucydides.core.requirements.model.cucumber.CucumberParser - Added feature Login mentor

09:49:26.406 [pool-4-thread-4] DEBUG net.thucydides.core.requirements.model.cucumber.CucumberParser - Added feature Login mentor

09:49:26.406 [pool-4-thread-8] DEBUG net.thucydides.core.requirements.model.cucumber.CucumberParser - Added feature Login mentor

09:49:26.406 [pool-4-thread-3] DEBUG net.thucydides.core.requirements.model.cucumber.CucumberParser - Added feature Login mentor

09:49:26.411 [pool-4-thread-9] DEBUG net.thucydides.core.requirements.model.cucumber.CucumberParser - Added feature Login mentor

09:49:26.413 [pool-4-thread-1] DEBUG net.thucydides.core.requirements.model.cucumber.CucumberParser - Added feature Get Chat Message

09:49:26.413 [pool-4-thread-8] DEBUG net.thucydides.core.requirements.model.cucumber.CucumberParser - Added feature Register mentor

09:49:26.414 [pool-4-thread-3] DEBUG net.thucydides.core.requirements.model.cucumber.CucumberParser - Added feature Login mentor

09:49:26.415 [pool-4-thread-8] DEBUG net.thucydides.core.requirements.model.cucumber.CucumberParser - Added feature Register student

09:49:26.415 [pool-4-thread-9] DEBUG net.thucydides.core.requirements.model.cucumber.CucumberParser - Added feature Register mentor

09:49:26.415 [pool-4-thread-2] DEBUG net.thucydides.core.requirements.model.cucumber.CucumberParser - Added feature Get Chat Message

09:49:26.417 [pool-4-thread-1] DEBUG net.thucydides.core.requirements.model.cucumber.CucumberParser - Added feature Get Inbox List

09:49:26.418 [pool-4-thread-2] DEBUG net.thucydides.core.requirements.model.cucumber.CucumberParser - Added feature Get Inbox List

09:49:26.418 [pool-4-thread-4] DEBUG net.thucydides.core.requirements.model.cucumber.CucumberParser - Added feature Login mentor

09:49:26.419 [pool-4-thread-7] DEBUG net.thucydides.core.requirements.model.cucumber.CucumberParser - Added feature Get Chat Message

09:49:26.420 [pool-4-thread-6] DEBUG net.thucydides.core.requirements.model.cucumber.CucumberParser - Added feature Get Inbox List

09:49:26.420 [pool-4-thread-9] DEBUG net.thucydides.core.requirements.model.cucumber.CucumberParser - Added feature Register student

09:49:26.421 [pool-4-thread-7] DEBUG net.thucydides.core.requirements.model.cucumber.CucumberParser - Added feature Get Inbox List

09:49:26.423 [pool-4-thread-12] DEBUG net.thucydides.core.requirements.model.cucumber.CucumberParser - Added feature Register mentor

09:49:26.424 [pool-4-thread-4] DEBUG net.thucydides.core.requirements.model.cucumber.CucumberParser - Added feature Register mentor

09:49:26.425 [pool-4-thread-11] DEBUG net.thucydides.core.requirements.model.cucumber.CucumberParser - Added feature Login mentor

09:49:26.426 [pool-4-thread-1] DEBUG net.thucydides.core.requirements.model.cucumber.CucumberParser - Added feature Post Create Message

09:49:26.426 [pool-4-thread-7] DEBUG net.thucydides.core.requirements.model.cucumber.CucumberParser - Added feature Post Create Message

09:49:26.428 [pool-4-thread-4] DEBUG net.thucydides.core.requirements.model.cucumber.CucumberParser - Added feature Register student

09:49:26.430 [pool-4-thread-12] DEBUG net.thucydides.core.requirements.model.cucumber.CucumberParser - Added feature Register student

09:49:26.430 [pool-4-thread-8] DEBUG net.thucydides.core.requirements.model.cucumber.CucumberParser - Added feature Get Chat Message

09:49:26.435 [pool-4-thread-11] DEBUG net.thucydides.core.requirements.model.cucumber.CucumberParser - Added feature Login mentor

09:49:26.446 [pool-4-thread-2] DEBUG net.thucydides.core.requirements.model.cucumber.CucumberParser - Added feature Post Create Message

09:49:26.449 [pool-4-thread-8] DEBUG net.thucydides.core.requirements.model.cucumber.CucumberParser - Added feature Get Inbox List

09:49:26.450 [pool-4-thread-11] DEBUG net.thucydides.core.requirements.model.cucumber.CucumberParser - Added feature Register mentor

09:49:26.451 [pool-4-thread-3] DEBUG net.thucydides.core.requirements.model.cucumber.CucumberParser - Added feature Register mentor

09:49:26.453 [pool-4-thread-10] DEBUG net.thucydides.core.requirements.model.cucumber.CucumberParser - Added feature Login mentor

09:49:26.453 [pool-4-thread-11] DEBUG net.thucydides.core.requirements.model.cucumber.CucumberParser - Added feature Register student

09:49:26.454 [pool-4-thread-7] DEBUG net.thucydides.core.requirements.model.cucumber.CucumberParser - Added feature MusicLab API Automation Testing Capstone Project

09:49:26.454 [pool-4-thread-1] DEBUG net.thucydides.core.requirements.model.cucumber.CucumberParser - Added feature MusicLab API Automation Testing Capstone Project

09:49:26.454 [pool-4-thread-3] DEBUG net.thucydides.core.requirements.model.cucumber.CucumberParser - Added feature Register student

09:49:26.456 [pool-4-thread-10] DEBUG net.thucydides.core.requirements.model.cucumber.CucumberParser - Added feature Login mentor

09:49:26.458 [pool-4-thread-10] DEBUG net.thucydides.core.requirements.model.cucumber.CucumberParser - Added feature Register mentor

09:49:26.460 [pool-4-thread-2] DEBUG net.thucydides.core.requirements.model.cucumber.CucumberParser - Added feature MusicLab API Automation Testing Capstone Project

09:49:26.461 [pool-4-thread-10] DEBUG net.thucydides.core.requirements.model.cucumber.CucumberParser - Added feature Register student

09:49:26.462 [pool-4-thread-11] DEBUG net.thucydides.core.requirements.model.cucumber.CucumberParser - Added feature Get Chat Message

09:49:26.465 [pool-4-thread-1] DEBUG net.thucydides.core.requirements.model.cucumber.CucumberParser - Added feature Delete genre

09:49:26.467 [pool-4-thread-1] DEBUG net.thucydides.core.requirements.model.cucumber.CucumberParser - Added feature Get all data genre

09:49:26.467 [pool-4-thread-3] DEBUG net.thucydides.core.requirements.model.cucumber.CucumberParser - Added feature Get Chat Message

09:49:26.472 [pool-4-thread-2] DEBUG net.thucydides.core.requirements.model.cucumber.CucumberParser - Added feature Delete genre

09:49:26.472 [pool-4-thread-1] DEBUG net.thucydides.core.requirements.model.cucumber.CucumberParser - Added feature Get all data about genre mentor

09:49:26.473 [pool-4-thread-12] DEBUG net.thucydides.core.requirements.model.cucumber.CucumberParser - Added feature Get Chat Message

09:49:26.474 [pool-4-thread-3] DEBUG net.thucydides.core.requirements.model.cucumber.CucumberParser - Added feature Get Inbox List

09:49:26.475 [pool-4-thread-2] DEBUG net.thucydides.core.requirements.model.cucumber.CucumberParser - Added feature Get all data genre

09:49:26.475 [pool-4-thread-12] DEBUG net.thucydides.core.requirements.model.cucumber.CucumberParser - Added feature Get Inbox List

09:49:26.475 [pool-4-thread-1] DEBUG net.thucydides.core.requirements.model.cucumber.CucumberParser - Added feature Mentor post genre

09:49:26.475 [pool-4-thread-9] DEBUG net.thucydides.core.requirements.model.cucumber.CucumberParser - Added feature Get Chat Message

09:49:26.476 [pool-4-thread-11] DEBUG net.thucydides.core.requirements.model.cucumber.CucumberParser - Added feature Get Inbox List

09:49:26.487 [pool-4-thread-9] DEBUG net.thucydides.core.requirements.model.cucumber.CucumberParser - Added feature Get Inbox List

09:49:26.488 [pool-4-thread-6] DEBUG net.thucydides.core.requirements.model.cucumber.CucumberParser - Added feature Post Create Message

09:49:26.489 [pool-4-thread-3] DEBUG net.thucydides.core.requirements.model.cucumber.CucumberParser - Added feature Post Create Message

09:49:26.489 [pool-4-thread-2] DEBUG net.thucydides.core.requirements.model.cucumber.CucumberParser - Added feature Get all data about genre mentor

09:49:26.490 [pool-4-thread-8] DEBUG net.thucydides.core.requirements.model.cucumber.CucumberParser - Added feature Post Create Message

09:49:26.492 [pool-4-thread-5] DEBUG net.thucydides.core.requirements.model.cucumber.CucumberParser - Added feature MusicLab API Automation Testing Capstone Project

09:49:26.487 [pool-4-thread-12] DEBUG net.thucydides.core.requirements.model.cucumber.CucumberParser - Added feature Post Create Message

09:49:26.496 [pool-4-thread-7] DEBUG net.thucydides.core.requirements.model.cucumber.CucumberParser - Added feature Delete genre

09:49:26.500 [pool-4-thread-9] DEBUG net.thucydides.core.requirements.model.cucumber.CucumberParser - Added feature Post Create Message

09:49:26.499 [pool-4-thread-2] DEBUG net.thucydides.core.requirements.model.cucumber.CucumberParser - Added feature Mentor post genre

09:49:26.502 [pool-4-thread-7] DEBUG net.thucydides.core.requirements.model.cucumber.CucumberParser - Added feature Get all data genre

09:49:26.505 [pool-4-thread-7] DEBUG net.thucydides.core.requirements.model.cucumber.CucumberParser - Added feature Get all data about genre mentor

09:49:26.506 [pool-4-thread-5] DEBUG net.thucydides.core.requirements.model.cucumber.CucumberParser - Added feature Delete genre

09:49:26.507 [pool-4-thread-8] DEBUG net.thucydides.core.requirements.model.cucumber.CucumberParser - Added feature MusicLab API Automation Testing Capstone Project

09:49:26.507 [pool-4-thread-5] DEBUG net.thucydides.core.requirements.model.cucumber.CucumberParser - Added feature Get all data genre

09:49:26.507 [pool-4-thread-12] DEBUG net.thucydides.core.requirements.model.cucumber.CucumberParser - Added feature MusicLab API Automation Testing Capstone Project

09:49:26.508 [pool-4-thread-4] DEBUG net.thucydides.core.requirements.model.cucumber.CucumberParser - Added feature Get Chat Message

09:49:26.508 [pool-4-thread-7] DEBUG net.thucydides.core.requirements.model.cucumber.CucumberParser - Added feature Mentor post genre

09:49:26.509 [pool-4-thread-5] DEBUG net.thucydides.core.requirements.model.cucumber.CucumberParser - Added feature Get all data about genre mentor

09:49:26.509 [pool-4-thread-4] DEBUG net.thucydides.core.requirements.model.cucumber.CucumberParser - Added feature Get Inbox List

09:49:26.511 [pool-4-thread-5] DEBUG net.thucydides.core.requirements.model.cucumber.CucumberParser - Added feature Mentor post genre

09:49:26.514 [pool-4-thread-4] DEBUG net.thucydides.core.requirements.model.cucumber.CucumberParser - Added feature Post Create Message

09:49:26.516 [pool-4-thread-9] DEBUG net.thucydides.core.requirements.model.cucumber.CucumberParser - Added feature MusicLab API Automation Testing Capstone Project

09:49:26.518 [pool-4-thread-8] DEBUG net.thucydides.core.requirements.model.cucumber.CucumberParser - Added feature Delete genre

09:49:26.519 [pool-4-thread-6] DEBUG net.thucydides.core.requirements.model.cucumber.CucumberParser - Added feature MusicLab API Automation Testing Capstone Project

09:49:26.521 [pool-4-thread-8] DEBUG net.thucydides.core.requirements.model.cucumber.CucumberParser - Added feature Get all data genre

09:49:26.527 [pool-4-thread-8] DEBUG net.thucydides.core.requirements.model.cucumber.CucumberParser - Added feature Get all data about genre mentor

09:49:26.531 [pool-4-thread-4] DEBUG net.thucydides.core.requirements.model.cucumber.CucumberParser - Added feature MusicLab API Automation Testing Capstone Project

09:49:26.531 [pool-4-thread-6] DEBUG net.thucydides.core.requirements.model.cucumber.CucumberParser - Added feature Delete genre

09:49:26.531 [pool-4-thread-8] DEBUG net.thucydides.core.requirements.model.cucumber.CucumberParser - Added feature Mentor post genre

09:49:26.532 [pool-4-thread-12] DEBUG net.thucydides.core.requirements.model.cucumber.CucumberParser - Added feature Delete genre

09:49:26.533 [pool-4-thread-11] DEBUG net.thucydides.core.requirements.model.cucumber.CucumberParser - Added feature Post Create Message

09:49:26.535 [pool-4-thread-9] DEBUG net.thucydides.core.requirements.model.cucumber.CucumberParser - Added feature Delete genre

09:49:26.537 [pool-4-thread-2] DEBUG net.thucydides.core.requirements.model.cucumber.CucumberParser - Added feature [MusicLab-API] Delete Feature Instrument

09:49:26.539 [pool-4-thread-12] DEBUG net.thucydides.core.requirements.model.cucumber.CucumberParser - Added feature Get all data genre

09:49:26.540 [pool-4-thread-6] DEBUG net.thucydides.core.requirements.model.cucumber.CucumberParser - Added feature Get all data genre

09:49:26.540 [pool-4-thread-9] DEBUG net.thucydides.core.requirements.model.cucumber.CucumberParser - Added feature Get all data genre

09:49:26.540 [pool-4-thread-2] DEBUG net.thucydides.core.requirements.model.cucumber.CucumberParser - Added feature [MusicLab-API] Delete Feature Instrument

09:49:26.542 [pool-4-thread-12] DEBUG net.thucydides.core.requirements.model.cucumber.CucumberParser - Added feature Get all data about genre mentor

09:49:26.543 [pool-4-thread-10] DEBUG net.thucydides.core.requirements.model.cucumber.CucumberParser - Added feature Get Chat Message

09:49:26.544 [pool-4-thread-9] DEBUG net.thucydides.core.requirements.model.cucumber.CucumberParser - Added feature Get all data about genre mentor

09:49:26.545 [pool-4-thread-12] DEBUG net.thucydides.core.requirements.model.cucumber.CucumberParser - Added feature Mentor post genre

09:49:26.546 [pool-4-thread-2] DEBUG net.thucydides.core.requirements.model.cucumber.CucumberParser - Added feature [MusicLab-API] Get Feature Instrument

09:49:26.546 [pool-4-thread-9] DEBUG net.thucydides.core.requirements.model.cucumber.CucumberParser - Added feature Mentor post genre

09:49:26.547 [pool-4-thread-10] DEBUG net.thucydides.core.requirements.model.cucumber.CucumberParser - Added feature Get Inbox List

09:49:26.551 [pool-4-thread-2] DEBUG net.thucydides.core.requirements.model.cucumber.CucumberParser - Added feature [MusicLab-API] Get Feature Instrument

09:49:26.554 [pool-4-thread-6] DEBUG net.thucydides.core.requirements.model.cucumber.CucumberParser - Added feature Get all data about genre mentor

09:49:26.555 [pool-4-thread-2] DEBUG net.thucydides.core.requirements.model.cucumber.CucumberParser - Added feature [MusicLab-API] Get Feature Instrument

09:49:26.555 [pool-4-thread-10] DEBUG net.thucydides.core.requirements.model.cucumber.CucumberParser - Added feature Post Create Message

09:49:26.557 [pool-4-thread-6] DEBUG net.thucydides.core.requirements.model.cucumber.CucumberParser - Added feature Mentor post genre

09:49:26.557 [pool-4-thread-4] DEBUG net.thucydides.core.requirements.model.cucumber.CucumberParser - Added feature Delete genre

09:49:26.557 [pool-4-thread-2] DEBUG net.thucydides.core.requirements.model.cucumber.CucumberParser - Added feature [MusicLab-API] Post Feature Instrument

09:49:26.560 [pool-4-thread-4] DEBUG net.thucydides.core.requirements.model.cucumber.CucumberParser - Added feature Get all data genre

09:49:26.560 [pool-4-thread-2] DEBUG net.thucydides.core.requirements.model.cucumber.CucumberParser - Added feature [MusicLab-API] Post Feature Instrument

09:49:26.562 [pool-4-thread-8] DEBUG net.thucydides.core.requirements.model.cucumber.CucumberParser - Added feature [MusicLab-API] Delete Feature Instrument

09:49:26.565 [pool-4-thread-4] DEBUG net.thucydides.core.requirements.model.cucumber.CucumberParser - Added feature Get all data about genre mentor

09:49:26.567 [pool-4-thread-8] DEBUG net.thucydides.core.requirements.model.cucumber.CucumberParser - Added feature [MusicLab-API] Delete Feature Instrument

09:49:26.570 [pool-4-thread-8] DEBUG net.thucydides.core.requirements.model.cucumber.CucumberParser - Added feature [MusicLab-API] Get Feature Instrument

09:49:26.574 [pool-4-thread-5] DEBUG net.thucydides.core.requirements.model.cucumber.CucumberParser - Added feature [MusicLab-API] Delete Feature Instrument

09:49:26.575 [pool-4-thread-8] DEBUG net.thucydides.core.requirements.model.cucumber.CucumberParser - Added feature [MusicLab-API] Get Feature Instrument

09:49:26.578 [pool-4-thread-8] DEBUG net.thucydides.core.requirements.model.cucumber.CucumberParser - Added feature [MusicLab-API] Get Feature Instrument

09:49:26.578 [pool-4-thread-5] DEBUG net.thucydides.core.requirements.model.cucumber.CucumberParser - Added feature [MusicLab-API] Delete Feature Instrument

09:49:26.578 [pool-4-thread-11] DEBUG net.thucydides.core.requirements.model.cucumber.CucumberParser - Added feature MusicLab API Automation Testing Capstone Project

09:49:26.586 [pool-4-thread-5] DEBUG net.thucydides.core.requirements.model.cucumber.CucumberParser - Added feature [MusicLab-API] Get Feature Instrument

09:49:26.588 [pool-4-thread-2] DEBUG net.thucydides.core.requirements.model.cucumber.CucumberParser - Added feature [MusicLab-API] Delete Feature Mentors

09:49:26.588 [pool-4-thread-5] DEBUG net.thucydides.core.requirements.model.cucumber.CucumberParser - Added feature [MusicLab-API] Get Feature Instrument

09:49:26.593 [pool-4-thread-5] DEBUG net.thucydides.core.requirements.model.cucumber.CucumberParser - Added feature [MusicLab-API] Get Feature Instrument

09:49:26.601 [pool-4-thread-12] DEBUG net.thucydides.core.requirements.model.cucumber.CucumberParser - Added feature [MusicLab-API] Delete Feature Instrument

09:49:26.605 [pool-4-thread-12] DEBUG net.thucydides.core.requirements.model.cucumber.CucumberParser - Added feature [MusicLab-API] Delete Feature Instrument

09:49:26.605 [pool-4-thread-3] DEBUG net.thucydides.core.requirements.model.cucumber.CucumberParser - Added feature MusicLab API Automation Testing Capstone Project

09:49:26.607 [pool-4-thread-2] DEBUG net.thucydides.core.requirements.model.cucumber.CucumberParser - Added feature [MusicLab-API] Delete Feature Mentors

09:49:26.607 [pool-4-thread-11] DEBUG net.thucydides.core.requirements.model.cucumber.CucumberParser - Added feature Delete genre

09:49:26.607 [pool-4-thread-8] DEBUG net.thucydides.core.requirements.model.cucumber.CucumberParser - Added feature [MusicLab-API] Post Feature Instrument

09:49:26.608 [pool-4-thread-12] DEBUG net.thucydides.core.requirements.model.cucumber.CucumberParser - Added feature [MusicLab-API] Get Feature Instrument

09:49:26.608 [pool-4-thread-5] DEBUG net.thucydides.core.requirements.model.cucumber.CucumberParser - Added feature [MusicLab-API] Post Feature Instrument

09:49:26.609 [pool-4-thread-8] DEBUG net.thucydides.core.requirements.model.cucumber.CucumberParser - Added feature [MusicLab-API] Post Feature Instrument

09:49:26.610 [pool-4-thread-12] DEBUG net.thucydides.core.requirements.model.cucumber.CucumberParser - Added feature [MusicLab-API] Get Feature Instrument

09:49:26.611 [pool-4-thread-10] DEBUG net.thucydides.core.requirements.model.cucumber.CucumberParser - Added feature MusicLab API Automation Testing Capstone Project

09:49:26.611 [pool-4-thread-4] DEBUG net.thucydides.core.requirements.model.cucumber.CucumberParser - Added feature Mentor post genre

09:49:26.612 [pool-4-thread-12] DEBUG net.thucydides.core.requirements.model.cucumber.CucumberParser - Added feature [MusicLab-API] Get Feature Instrument

09:49:26.614 [pool-4-thread-12] DEBUG net.thucydides.core.requirements.model.cucumber.CucumberParser - Added feature [MusicLab-API] Post Feature Instrument

09:49:26.615 [pool-4-thread-5] DEBUG net.thucydides.core.requirements.model.cucumber.CucumberParser - Added feature [MusicLab-API] Post Feature Instrument

09:49:26.616 [pool-4-thread-12] DEBUG net.thucydides.core.requirements.model.cucumber.CucumberParser - Added feature [MusicLab-API] Post Feature Instrument

09:49:26.616 [pool-4-thread-2] DEBUG net.thucydides.core.requirements.model.cucumber.CucumberParser - Added feature [MusicLab-API] Get Feature Mentors

09:49:26.621 [pool-4-thread-2] DEBUG net.thucydides.core.requirements.model.cucumber.CucumberParser - Added feature [MusicLab-API] Get Feature Mentors

09:49:26.630 [pool-4-thread-11] DEBUG net.thucydides.core.requirements.model.cucumber.CucumberParser - Added feature Get all data genre

09:49:26.633 [pool-4-thread-11] DEBUG net.thucydides.core.requirements.model.cucumber.CucumberParser - Added feature Get all data about genre mentor

09:49:26.633 [pool-4-thread-3] DEBUG net.thucydides.core.requirements.model.cucumber.CucumberParser - Added feature Delete genre

09:49:26.634 [pool-4-thread-8] DEBUG net.thucydides.core.requirements.model.cucumber.CucumberParser - Added feature [MusicLab-API] Delete Feature Mentors

09:49:26.630 [pool-4-thread-2] DEBUG net.thucydides.core.requirements.model.cucumber.CucumberParser - Added feature [MusicLab-API] Get Feature Mentors

09:49:26.639 [pool-4-thread-12] DEBUG net.thucydides.core.requirements.model.cucumber.CucumberParser - Added feature [MusicLab-API] Delete Feature Mentors

09:49:26.639 [pool-4-thread-1] DEBUG net.thucydides.core.requirements.model.cucumber.CucumberParser - Added feature [MusicLab-API] Delete Feature Instrument

09:49:26.641 [pool-4-thread-5] DEBUG net.thucydides.core.requirements.model.cucumber.CucumberParser - Added feature [MusicLab-API] Delete Feature Mentors

09:49:26.641 [pool-4-thread-7] DEBUG net.thucydides.core.requirements.model.cucumber.CucumberParser - Added feature [MusicLab-API] Delete Feature Instrument

09:49:26.641 [pool-4-thread-11] DEBUG net.thucydides.core.requirements.model.cucumber.CucumberParser - Added feature Mentor post genre

09:49:26.642 [pool-4-thread-8] DEBUG net.thucydides.core.requirements.model.cucumber.CucumberParser - Added feature [MusicLab-API] Delete Feature Mentors

09:49:26.642 [pool-4-thread-1] DEBUG net.thucydides.core.requirements.model.cucumber.CucumberParser - Added feature [MusicLab-API] Delete Feature Instrument

09:49:26.642 [pool-4-thread-4] DEBUG net.thucydides.core.requirements.model.cucumber.CucumberParser - Added feature [MusicLab-API] Delete Feature Instrument

09:49:26.644 [pool-4-thread-12] DEBUG net.thucydides.core.requirements.model.cucumber.CucumberParser - Added feature [MusicLab-API] Delete Feature Mentors

09:49:26.644 [pool-4-thread-8] DEBUG net.thucydides.core.requirements.model.cucumber.CucumberParser - Added feature [MusicLab-API] Get Feature Mentors

09:49:26.644 [pool-4-thread-7] DEBUG net.thucydides.core.requirements.model.cucumber.CucumberParser - Added feature [MusicLab-API] Delete Feature Instrument

09:49:26.644 [pool-4-thread-3] DEBUG net.thucydides.core.requirements.model.cucumber.CucumberParser - Added feature Get all data genre

09:49:26.644 [pool-4-thread-4] DEBUG net.thucydides.core.requirements.model.cucumber.CucumberParser - Added feature [MusicLab-API] Delete Feature Instrument

09:49:26.645 [pool-4-thread-12] DEBUG net.thucydides.core.requirements.model.cucumber.CucumberParser - Added feature [MusicLab-API] Get Feature Mentors

09:49:26.646 [pool-4-thread-4] DEBUG net.thucydides.core.requirements.model.cucumber.CucumberParser - Added feature [MusicLab-API] Get Feature Instrument

09:49:26.646 [pool-4-thread-3] DEBUG net.thucydides.core.requirements.model.cucumber.CucumberParser - Added feature Get all data about genre mentor

09:49:26.646 [pool-4-thread-1] DEBUG net.thucydides.core.requirements.model.cucumber.CucumberParser - Added feature [MusicLab-API] Get Feature Instrument

09:49:26.647 [pool-4-thread-4] DEBUG net.thucydides.core.requirements.model.cucumber.CucumberParser - Added feature [MusicLab-API] Get Feature Instrument

09:49:26.648 [pool-4-thread-5] DEBUG net.thucydides.core.requirements.model.cucumber.CucumberParser - Added feature [MusicLab-API] Delete Feature Mentors

09:49:26.648 [pool-4-thread-4] DEBUG net.thucydides.core.requirements.model.cucumber.CucumberParser - Added feature [MusicLab-API] Get Feature Instrument

09:49:26.648 [pool-4-thread-10] DEBUG net.thucydides.core.requirements.model.cucumber.CucumberParser - Added feature Delete genre

09:49:26.649 [pool-4-thread-3] DEBUG net.thucydides.core.requirements.model.cucumber.CucumberParser - Added feature Mentor post genre

09:49:26.649 [pool-4-thread-11] DEBUG net.thucydides.core.requirements.model.cucumber.CucumberParser - Added feature [MusicLab-API] Delete Feature Instrument

09:49:26.650 [pool-4-thread-10] DEBUG net.thucydides.core.requirements.model.cucumber.CucumberParser - Added feature Get all data genre

09:49:26.650 [pool-4-thread-6] DEBUG net.thucydides.core.requirements.model.cucumber.CucumberParser - Added feature [MusicLab-API] Delete Feature Instrument

09:49:26.650 [pool-4-thread-4] DEBUG net.thucydides.core.requirements.model.cucumber.CucumberParser - Added feature [MusicLab-API] Post Feature Instrument

09:49:26.650 [pool-4-thread-11] DEBUG net.thucydides.core.requirements.model.cucumber.CucumberParser - Added feature [MusicLab-API] Delete Feature Instrument

09:49:26.651 [pool-4-thread-5] DEBUG net.thucydides.core.requirements.model.cucumber.CucumberParser - Added feature [MusicLab-API] Get Feature Mentors

09:49:26.651 [pool-4-thread-12] DEBUG net.thucydides.core.requirements.model.cucumber.CucumberParser - Added feature [MusicLab-API] Get Feature Mentors

09:49:26.652 [pool-4-thread-7] DEBUG net.thucydides.core.requirements.model.cucumber.CucumberParser - Added feature [MusicLab-API] Get Feature Instrument

09:49:26.655 [pool-4-thread-1] DEBUG net.thucydides.core.requirements.model.cucumber.CucumberParser - Added feature [MusicLab-API] Get Feature Instrument

09:49:26.655 [pool-4-thread-5] DEBUG net.thucydides.core.requirements.model.cucumber.CucumberParser - Added feature [MusicLab-API] Get Feature Mentors

09:49:26.655 [pool-4-thread-11] DEBUG net.thucydides.core.requirements.model.cucumber.CucumberParser - Added feature [MusicLab-API] Get Feature Instrument

09:49:26.658 [pool-4-thread-11] DEBUG net.thucydides.core.requirements.model.cucumber.CucumberParser - Added feature [MusicLab-API] Get Feature Instrument

09:49:26.658 [pool-4-thread-1] DEBUG net.thucydides.core.requirements.model.cucumber.CucumberParser - Added feature [MusicLab-API] Get Feature Instrument

09:49:26.658 [pool-4-thread-5] DEBUG net.thucydides.core.requirements.model.cucumber.CucumberParser - Added feature [MusicLab-API] Get Feature Mentors

09:49:26.659 [pool-4-thread-8] DEBUG net.thucydides.core.requirements.model.cucumber.CucumberParser - Added feature [MusicLab-API] Get Feature Mentors

09:49:26.664 [pool-4-thread-6] DEBUG net.thucydides.core.requirements.model.cucumber.CucumberParser - Added feature [MusicLab-API] Delete Feature Instrument

09:49:26.665 [pool-4-thread-2] DEBUG net.thucydides.core.requirements.model.cucumber.CucumberParser - Added feature [MusicLab-API] Get Feature Mentors

09:49:26.665 [pool-4-thread-7] DEBUG net.thucydides.core.requirements.model.cucumber.CucumberParser - Added feature [MusicLab-API] Get Feature Instrument

09:49:26.666 [pool-4-thread-11] DEBUG net.thucydides.core.requirements.model.cucumber.CucumberParser - Added feature [MusicLab-API] Get Feature Instrument

09:49:26.666 [pool-4-thread-8] DEBUG net.thucydides.core.requirements.model.cucumber.CucumberParser - Added feature [MusicLab-API] Get Feature Mentors

09:49:26.667 [pool-4-thread-11] DEBUG net.thucydides.core.requirements.model.cucumber.CucumberParser - Added feature [MusicLab-API] Post Feature Instrument

09:49:26.669 [pool-4-thread-7] DEBUG net.thucydides.core.requirements.model.cucumber.CucumberParser - Added feature [MusicLab-API] Get Feature Instrument

09:49:26.669 [pool-4-thread-6] DEBUG net.thucydides.core.requirements.model.cucumber.CucumberParser - Added feature [MusicLab-API] Get Feature Instrument

09:49:26.669 [pool-4-thread-1] DEBUG net.thucydides.core.requirements.model.cucumber.CucumberParser - Added feature [MusicLab-API] Post Feature Instrument

09:49:26.669 [pool-4-thread-4] DEBUG net.thucydides.core.requirements.model.cucumber.CucumberParser - Added feature [MusicLab-API] Post Feature Instrument

09:49:26.669 [pool-4-thread-8] DEBUG net.thucydides.core.requirements.model.cucumber.CucumberParser - Added feature [MusicLab-API] Get Feature Mentors

09:49:26.670 [pool-4-thread-12] DEBUG net.thucydides.core.requirements.model.cucumber.CucumberParser - Added feature [MusicLab-API] Get Feature Mentors

09:49:26.670 [pool-4-thread-10] DEBUG net.thucydides.core.requirements.model.cucumber.CucumberParser - Added feature Get all data about genre mentor

09:49:26.670 [pool-4-thread-11] DEBUG net.thucydides.core.requirements.model.cucumber.CucumberParser - Added feature [MusicLab-API] Post Feature Instrument

09:49:26.670 [pool-4-thread-2] DEBUG net.thucydides.core.requirements.model.cucumber.CucumberParser - Added feature [MusicLab-API] Post Feature Mentors

09:49:26.671 [pool-4-thread-5] DEBUG net.thucydides.core.requirements.model.cucumber.CucumberParser - Added feature [MusicLab-API] Get Feature Mentors

09:49:26.674 [pool-4-thread-10] DEBUG net.thucydides.core.requirements.model.cucumber.CucumberParser - Added feature Mentor post genre

09:49:26.675 [pool-4-thread-9] DEBUG net.thucydides.core.requirements.model.cucumber.CucumberParser - Added feature [MusicLab-API] Delete Feature Instrument

09:49:26.677 [pool-4-thread-5] DEBUG net.thucydides.core.requirements.model.cucumber.CucumberParser - Added feature [MusicLab-API] Post Feature Mentors

09:49:26.677 [pool-4-thread-6] DEBUG net.thucydides.core.requirements.model.cucumber.CucumberParser - Added feature [MusicLab-API] Get Feature Instrument

09:49:26.677 [pool-4-thread-1] DEBUG net.thucydides.core.requirements.model.cucumber.CucumberParser - Added feature [MusicLab-API] Post Feature Instrument

09:49:26.679 [pool-4-thread-6] DEBUG net.thucydides.core.requirements.model.cucumber.CucumberParser - Added feature [MusicLab-API] Get Feature Instrument

09:49:26.679 [pool-4-thread-5] DEBUG net.thucydides.core.requirements.model.cucumber.CucumberParser - Added feature [MusicLab-API] Post Feature Mentors

09:49:26.679 [pool-4-thread-7] DEBUG net.thucydides.core.requirements.model.cucumber.CucumberParser - Added feature [MusicLab-API] Post Feature Instrument

09:49:26.679 [pool-4-thread-2] DEBUG net.thucydides.core.requirements.model.cucumber.CucumberParser - Added feature [MusicLab-API] Post Feature Mentors

09:49:26.679 [pool-4-thread-3] DEBUG net.thucydides.core.requirements.model.cucumber.CucumberParser - Added feature [MusicLab-API] Delete Feature Instrument

09:49:26.680 [pool-4-thread-9] DEBUG net.thucydides.core.requirements.model.cucumber.CucumberParser - Added feature [MusicLab-API] Delete Feature Instrument

09:49:26.680 [pool-4-thread-6] DEBUG net.thucydides.core.requirements.model.cucumber.CucumberParser - Added feature [MusicLab-API] Post Feature Instrument

09:49:26.680 [pool-4-thread-12] DEBUG net.thucydides.core.requirements.model.cucumber.CucumberParser - Added feature [MusicLab-API] Get Feature Mentors

09:49:26.680 [pool-4-thread-8] DEBUG net.thucydides.core.requirements.model.cucumber.CucumberParser - Added feature [MusicLab-API] Post Feature Mentors

09:49:26.681 [pool-4-thread-9] DEBUG net.thucydides.core.requirements.model.cucumber.CucumberParser - Added feature [MusicLab-API] Get Feature Instrument

09:49:26.681 [pool-4-thread-2] DEBUG net.thucydides.core.requirements.model.cucumber.CucumberParser - Added feature [MusicLab-API] Put Feature Mentors

09:49:26.681 [pool-4-thread-5] DEBUG net.thucydides.core.requirements.model.cucumber.CucumberParser - Added feature [MusicLab-API] Put Feature Mentors

09:49:26.682 [pool-4-thread-6] DEBUG net.thucydides.core.requirements.model.cucumber.CucumberParser - Added feature [MusicLab-API] Post Feature Instrument

09:49:26.682 [pool-4-thread-7] DEBUG net.thucydides.core.requirements.model.cucumber.CucumberParser - Added feature [MusicLab-API] Post Feature Instrument

09:49:26.682 [pool-4-thread-3] DEBUG net.thucydides.core.requirements.model.cucumber.CucumberParser - Added feature [MusicLab-API] Delete Feature Instrument

09:49:26.682 [pool-4-thread-9] DEBUG net.thucydides.core.requirements.model.cucumber.CucumberParser - Added feature [MusicLab-API] Get Feature Instrument

09:49:26.682 [pool-4-thread-8] DEBUG net.thucydides.core.requirements.model.cucumber.CucumberParser - Added feature [MusicLab-API] Post Feature Mentors

09:49:26.683 [pool-4-thread-12] DEBUG net.thucydides.core.requirements.model.cucumber.CucumberParser - Added feature [MusicLab-API] Post Feature Mentors

09:49:26.684 [pool-4-thread-2] DEBUG net.thucydides.core.requirements.model.cucumber.CucumberParser - Added feature [MusicLab-API] Put Feature Mentors

09:49:26.684 [pool-4-thread-5] DEBUG net.thucydides.core.requirements.model.cucumber.CucumberParser - Added feature [MusicLab-API] Put Feature Mentors

09:49:26.686 [pool-4-thread-12] DEBUG net.thucydides.core.requirements.model.cucumber.CucumberParser - Added feature [MusicLab-API] Post Feature Mentors

09:49:26.688 [pool-4-thread-2] DEBUG net.thucydides.core.requirements.model.cucumber.CucumberParser - Added feature [MusicLab-API] Put Feature Mentors

09:49:26.689 [pool-4-thread-12] DEBUG net.thucydides.core.requirements.model.cucumber.CucumberParser - Added feature [MusicLab-API] Put Feature Mentors

09:49:26.689 [pool-4-thread-8] DEBUG net.thucydides.core.requirements.model.cucumber.CucumberParser - Added feature [MusicLab-API] Put Feature Mentors

09:49:26.693 [pool-4-thread-9] DEBUG net.thucydides.core.requirements.model.cucumber.CucumberParser - Added feature [MusicLab-API] Get Feature Instrument

09:49:26.694 [pool-4-thread-10] DEBUG net.thucydides.core.requirements.model.cucumber.CucumberParser - Added feature [MusicLab-API] Delete Feature Instrument

09:49:26.697 [pool-4-thread-12] DEBUG net.thucydides.core.requirements.model.cucumber.CucumberParser - Added feature [MusicLab-API] Put Feature Mentors

09:49:26.698 [pool-4-thread-8] DEBUG net.thucydides.core.requirements.model.cucumber.CucumberParser - Added feature [MusicLab-API] Put Feature Mentors

09:49:26.700 [pool-4-thread-11] DEBUG net.thucydides.core.requirements.model.cucumber.CucumberParser - Added feature [MusicLab-API] Delete Feature Mentors

09:49:26.701 [pool-4-thread-3] DEBUG net.thucydides.core.requirements.model.cucumber.CucumberParser - Added feature [MusicLab-API] Get Feature Instrument

09:49:26.701 [pool-4-thread-5] DEBUG net.thucydides.core.requirements.model.cucumber.CucumberParser - Added feature [MusicLab-API] Put Feature Mentors

09:49:26.701 [pool-4-thread-2] DEBUG net.thucydides.core.requirements.model.cucumber.CucumberParser - Added feature [MusicLab-API] Put Feature Mentors

09:49:26.701 [pool-4-thread-8] DEBUG net.thucydides.core.requirements.model.cucumber.CucumberParser - Added feature [MusicLab-API] Put Feature Mentors

09:49:26.700 [pool-4-thread-10] DEBUG net.thucydides.core.requirements.model.cucumber.CucumberParser - Added feature [MusicLab-API] Delete Feature Instrument

09:49:26.702 [pool-4-thread-12] DEBUG net.thucydides.core.requirements.model.cucumber.CucumberParser - Added feature [MusicLab-API] Put Feature Mentors

09:49:26.702 [pool-4-thread-9] DEBUG net.thucydides.core.requirements.model.cucumber.CucumberParser - Added feature [MusicLab-API] Post Feature Instrument

09:49:26.704 [pool-4-thread-4] DEBUG net.thucydides.core.requirements.model.cucumber.CucumberParser - Added feature [MusicLab-API] Delete Feature Mentors

09:49:26.705 [pool-4-thread-5] DEBUG net.thucydides.core.requirements.model.cucumber.CucumberParser - Added feature [MusicLab-API] Put Feature Mentors

09:49:26.705 [pool-4-thread-11] DEBUG net.thucydides.core.requirements.model.cucumber.CucumberParser - Added feature [MusicLab-API] Delete Feature Mentors

09:49:26.706 [pool-4-thread-4] DEBUG net.thucydides.core.requirements.model.cucumber.CucumberParser - Added feature [MusicLab-API] Delete Feature Mentors

09:49:26.706 [pool-4-thread-8] DEBUG net.thucydides.core.requirements.model.cucumber.CucumberParser - Added feature [MusicLab-API] Put Feature Mentors

09:49:26.706 [pool-4-thread-12] DEBUG net.thucydides.core.requirements.model.cucumber.CucumberParser - Added feature [MusicLab-API] Put Feature Mentors

09:49:26.707 [pool-4-thread-11] DEBUG net.thucydides.core.requirements.model.cucumber.CucumberParser - Added feature [MusicLab-API] Get Feature Mentors

09:49:26.709 [pool-4-thread-10] DEBUG net.thucydides.core.requirements.model.cucumber.CucumberParser - Added feature [MusicLab-API] Get Feature Instrument

09:49:26.710 [pool-4-thread-11] DEBUG net.thucydides.core.requirements.model.cucumber.CucumberParser - Added feature [MusicLab-API] Get Feature Mentors

09:49:26.710 [pool-4-thread-4] DEBUG net.thucydides.core.requirements.model.cucumber.CucumberParser - Added feature [MusicLab-API] Get Feature Mentors

09:49:26.710 [pool-4-thread-9] DEBUG net.thucydides.core.requirements.model.cucumber.CucumberParser - Added feature [MusicLab-API] Post Feature Instrument

09:49:26.711 [pool-4-thread-2] DEBUG net.thucydides.core.requirements.model.cucumber.CucumberParser - Added feature [MusicLab-API] Get Feature Review

09:49:26.713 [pool-4-thread-3] DEBUG net.thucydides.core.requirements.model.cucumber.CucumberParser - Added feature [MusicLab-API] Get Feature Instrument

09:49:26.714 [pool-4-thread-4] DEBUG net.thucydides.core.requirements.model.cucumber.CucumberParser - Added feature [MusicLab-API] Get Feature Mentors

09:49:26.714 [pool-4-thread-3] DEBUG net.thucydides.core.requirements.model.cucumber.CucumberParser - Added feature [MusicLab-API] Get Feature Instrument

09:49:26.715 [pool-4-thread-3] DEBUG net.thucydides.core.requirements.model.cucumber.CucumberParser - Added feature [MusicLab-API] Post Feature Instrument

09:49:26.716 [pool-4-thread-1] DEBUG net.thucydides.core.requirements.model.cucumber.CucumberParser - Added feature [MusicLab-API] Delete Feature Mentors

09:49:26.718 [pool-4-thread-1] DEBUG net.thucydides.core.requirements.model.cucumber.CucumberParser - Added feature [MusicLab-API] Delete Feature Mentors

09:49:26.718 [pool-4-thread-11] DEBUG net.thucydides.core.requirements.model.cucumber.CucumberParser - Added feature [MusicLab-API] Get Feature Mentors

09:49:26.718 [pool-4-thread-2] DEBUG net.thucydides.core.requirements.model.cucumber.CucumberParser - Added feature [MusicLab-API] Post Feature Review

09:49:26.719 [pool-4-thread-3] DEBUG net.thucydides.core.requirements.model.cucumber.CucumberParser - Added feature [MusicLab-API] Post Feature Instrument

09:49:26.721 [pool-4-thread-11] DEBUG net.thucydides.core.requirements.model.cucumber.CucumberParser - Added feature [MusicLab-API] Get Feature Mentors

09:49:26.721 [pool-4-thread-4] DEBUG net.thucydides.core.requirements.model.cucumber.CucumberParser - Added feature [MusicLab-API] Get Feature Mentors

09:49:26.721 [pool-4-thread-2] DEBUG net.thucydides.core.requirements.model.cucumber.CucumberParser - Added feature [MusicLab-API] Post Feature Review

09:49:26.721 [pool-4-thread-1] DEBUG net.thucydides.core.requirements.model.cucumber.CucumberParser - Added feature [MusicLab-API] Get Feature Mentors

09:49:26.725 [pool-4-thread-1] DEBUG net.thucydides.core.requirements.model.cucumber.CucumberParser - Added feature [MusicLab-API] Get Feature Mentors

09:49:26.729 [pool-4-thread-10] DEBUG net.thucydides.core.requirements.model.cucumber.CucumberParser - Added feature [MusicLab-API] Get Feature Instrument

09:49:26.737 [pool-4-thread-7] DEBUG net.thucydides.core.requirements.model.cucumber.CucumberParser - Added feature [MusicLab-API] Delete Feature Mentors

09:49:26.738 [pool-4-thread-4] DEBUG net.thucydides.core.requirements.model.cucumber.CucumberParser - Added feature [MusicLab-API] Get Feature Mentors

09:49:26.738 [pool-4-thread-11] DEBUG net.thucydides.core.requirements.model.cucumber.CucumberParser - Added feature [MusicLab-API] Post Feature Mentors

09:49:26.741 [pool-4-thread-10] DEBUG net.thucydides.core.requirements.model.cucumber.CucumberParser - Added feature [MusicLab-API] Get Feature Instrument

09:49:26.741 [pool-4-thread-9] DEBUG net.thucydides.core.requirements.model.cucumber.CucumberParser - Added feature [MusicLab-API] Delete Feature Mentors

09:49:26.741 [pool-4-thread-1] DEBUG net.thucydides.core.requirements.model.cucumber.CucumberParser - Added feature [MusicLab-API] Get Feature Mentors

09:49:26.741 [pool-4-thread-8] DEBUG net.thucydides.core.requirements.model.cucumber.CucumberParser - Added feature [MusicLab-API] Get Feature Review

09:49:26.742 [pool-4-thread-6] DEBUG net.thucydides.core.requirements.model.cucumber.CucumberParser - Added feature [MusicLab-API] Delete Feature Mentors

09:49:26.743 [pool-4-thread-7] DEBUG net.thucydides.core.requirements.model.cucumber.CucumberParser - Added feature [MusicLab-API] Delete Feature Mentors

09:49:26.743 [pool-4-thread-6] DEBUG net.thucydides.core.requirements.model.cucumber.CucumberParser - Added feature [MusicLab-API] Delete Feature Mentors

09:49:26.743 [pool-4-thread-1] DEBUG net.thucydides.core.requirements.model.cucumber.CucumberParser - Added feature [MusicLab-API] Get Feature Mentors

09:49:26.744 [pool-4-thread-4] DEBUG net.thucydides.core.requirements.model.cucumber.CucumberParser - Added feature [MusicLab-API] Post Feature Mentors

09:49:26.744 [pool-4-thread-5] DEBUG net.thucydides.core.requirements.model.cucumber.CucumberParser - Added feature [MusicLab-API] Get Feature Review

09:49:26.744 [pool-4-thread-3] DEBUG net.thucydides.core.requirements.model.cucumber.CucumberParser - Added feature [MusicLab-API] Delete Feature Mentors

09:49:26.744 [pool-4-thread-7] DEBUG net.thucydides.core.requirements.model.cucumber.CucumberParser - Added feature [MusicLab-API] Get Feature Mentors

09:49:26.745 [pool-4-thread-6] DEBUG net.thucydides.core.requirements.model.cucumber.CucumberParser - Added feature [MusicLab-API] Get Feature Mentors

09:49:26.745 [pool-4-thread-5] DEBUG net.thucydides.core.requirements.model.cucumber.CucumberParser - Added feature [MusicLab-API] Post Feature Review

09:49:26.745 [pool-4-thread-3] DEBUG net.thucydides.core.requirements.model.cucumber.CucumberParser - Added feature [MusicLab-API] Delete Feature Mentors

09:49:26.745 [pool-4-thread-2] DEBUG net.thucydides.core.requirements.model.cucumber.CucumberParser - Added feature Music Lab API Automation Testing

09:49:26.748 [pool-4-thread-1] DEBUG net.thucydides.core.requirements.model.cucumber.CucumberParser - Added feature [MusicLab-API] Post Feature Mentors

09:49:26.748 [pool-4-thread-3] DEBUG net.thucydides.core.requirements.model.cucumber.CucumberParser - Added feature [MusicLab-API] Get Feature Mentors

09:49:26.749 [pool-4-thread-9] DEBUG net.thucydides.core.requirements.model.cucumber.CucumberParser - Added feature [MusicLab-API] Delete Feature Mentors

09:49:26.749 [pool-4-thread-10] DEBUG net.thucydides.core.requirements.model.cucumber.CucumberParser - Added feature [MusicLab-API] Post Feature Instrument

09:49:26.750 [pool-4-thread-1] DEBUG net.thucydides.core.requirements.model.cucumber.CucumberParser - Added feature [MusicLab-API] Post Feature Mentors

09:49:26.750 [pool-4-thread-8] DEBUG net.thucydides.core.requirements.model.cucumber.CucumberParser - Added feature [MusicLab-API] Post Feature Review

09:49:26.750 [pool-4-thread-10] DEBUG net.thucydides.core.requirements.model.cucumber.CucumberParser - Added feature [MusicLab-API] Post Feature Instrument

09:49:26.751 [pool-4-thread-9] DEBUG net.thucydides.core.requirements.model.cucumber.CucumberParser - Added feature [MusicLab-API] Get Feature Mentors

09:49:26.751 [pool-4-thread-6] DEBUG net.thucydides.core.requirements.model.cucumber.CucumberParser - Added feature [MusicLab-API] Get Feature Mentors

09:49:26.751 [pool-4-thread-8] DEBUG net.thucydides.core.requirements.model.cucumber.CucumberParser - Added feature [MusicLab-API] Post Feature Review

09:49:26.752 [pool-4-thread-12] DEBUG net.thucydides.core.requirements.model.cucumber.CucumberParser - Added feature [MusicLab-API] Get Feature Review

09:49:26.752 [pool-4-thread-5] DEBUG net.thucydides.core.requirements.model.cucumber.CucumberParser - Added feature [MusicLab-API] Post Feature Review

09:49:26.753 [pool-4-thread-6] DEBUG net.thucydides.core.requirements.model.cucumber.CucumberParser - Added feature [MusicLab-API] Get Feature Mentors

09:49:26.753 [pool-4-thread-12] DEBUG net.thucydides.core.requirements.model.cucumber.CucumberParser - Added feature [MusicLab-API] Post Feature Review

09:49:26.753 [pool-4-thread-2] DEBUG net.thucydides.core.requirements.model.cucumber.CucumberParser - Added feature Music Lab API Automation Testing

09:49:26.758 [pool-4-thread-9] DEBUG net.thucydides.core.requirements.model.cucumber.CucumberParser - Added feature [MusicLab-API] Get Feature Mentors

09:49:26.759 [pool-4-thread-12] DEBUG net.thucydides.core.requirements.model.cucumber.CucumberParser - Added feature [MusicLab-API] Post Feature Review

09:49:26.758 [pool-4-thread-7] DEBUG net.thucydides.core.requirements.model.cucumber.CucumberParser - Added feature [MusicLab-API] Get Feature Mentors

09:49:26.759 [pool-4-thread-3] DEBUG net.thucydides.core.requirements.model.cucumber.CucumberParser - Added feature [MusicLab-API] Get Feature Mentors

09:49:26.761 [pool-4-thread-2] DEBUG net.thucydides.core.requirements.model.cucumber.CucumberParser - Added feature Music Lab API Automation Testing

09:49:26.761 [pool-4-thread-4] DEBUG net.thucydides.core.requirements.model.cucumber.CucumberParser - Added feature [MusicLab-API] Post Feature Mentors

09:49:26.761 [pool-4-thread-7] DEBUG net.thucydides.core.requirements.model.cucumber.CucumberParser - Added feature [MusicLab-API] Get Feature Mentors

09:49:26.763 [pool-4-thread-11] DEBUG net.thucydides.core.requirements.model.cucumber.CucumberParser - Added feature [MusicLab-API] Post Feature Mentors

09:49:26.765 [pool-4-thread-3] DEBUG net.thucydides.core.requirements.model.cucumber.CucumberParser - Added feature [MusicLab-API] Get Feature Mentors

09:49:26.766 [pool-4-thread-6] DEBUG net.thucydides.core.requirements.model.cucumber.CucumberParser - Added feature [MusicLab-API] Get Feature Mentors

09:49:26.765 [pool-4-thread-1] DEBUG net.thucydides.core.requirements.model.cucumber.CucumberParser - Added feature [MusicLab-API] Put Feature Mentors

09:49:26.765 [pool-4-thread-4] DEBUG net.thucydides.core.requirements.model.cucumber.CucumberParser - Added feature [MusicLab-API] Put Feature Mentors

09:49:26.772 [pool-4-thread-11] DEBUG net.thucydides.core.requirements.model.cucumber.CucumberParser - Added feature [MusicLab-API] Put Feature Mentors

09:49:26.775 [pool-4-thread-1] DEBUG net.thucydides.core.requirements.model.cucumber.CucumberParser - Added feature [MusicLab-API] Put Feature Mentors

09:49:26.775 [pool-4-thread-4] DEBUG net.thucydides.core.requirements.model.cucumber.CucumberParser - Added feature [MusicLab-API] Put Feature Mentors

09:49:26.776 [pool-4-thread-3] DEBUG net.thucydides.core.requirements.model.cucumber.CucumberParser - Added feature [MusicLab-API] Get Feature Mentors

09:49:26.776 [pool-4-thread-6] DEBUG net.thucydides.core.requirements.model.cucumber.CucumberParser - Added feature [MusicLab-API] Post Feature Mentors

09:49:26.776 [pool-4-thread-8] DEBUG net.thucydides.core.requirements.model.cucumber.CucumberParser - Added feature Music Lab API Automation Testing

09:49:26.778 [pool-4-thread-6] DEBUG net.thucydides.core.requirements.model.cucumber.CucumberParser - Added feature [MusicLab-API] Post Feature Mentors

09:49:26.778 [pool-4-thread-1] DEBUG net.thucydides.core.requirements.model.cucumber.CucumberParser - Added feature [MusicLab-API] Put Feature Mentors

09:49:26.780 [pool-4-thread-9] DEBUG net.thucydides.core.requirements.model.cucumber.CucumberParser - Added feature [MusicLab-API] Get Feature Mentors

09:49:26.780 [pool-4-thread-11] DEBUG net.thucydides.core.requirements.model.cucumber.CucumberParser - Added feature [MusicLab-API] Put Feature Mentors

09:49:26.781 [pool-4-thread-5] DEBUG net.thucydides.core.requirements.model.cucumber.CucumberParser - Added feature Music Lab API Automation Testing

09:49:26.781 [pool-4-thread-4] DEBUG net.thucydides.core.requirements.model.cucumber.CucumberParser - Added feature [MusicLab-API] Put Feature Mentors

09:49:26.781 [pool-4-thread-1] DEBUG net.thucydides.core.requirements.model.cucumber.CucumberParser - Added feature [MusicLab-API] Put Feature Mentors

09:49:26.782 [pool-4-thread-9] DEBUG net.thucydides.core.requirements.model.cucumber.CucumberParser - Added feature [MusicLab-API] Get Feature Mentors

09:49:26.782 [pool-4-thread-3] DEBUG net.thucydides.core.requirements.model.cucumber.CucumberParser - Added feature [MusicLab-API] Post Feature Mentors

09:49:26.783 [pool-4-thread-11] DEBUG net.thucydides.core.requirements.model.cucumber.CucumberParser - Added feature [MusicLab-API] Put Feature Mentors

09:49:26.783 [pool-4-thread-5] DEBUG net.thucydides.core.requirements.model.cucumber.CucumberParser - Added feature Music Lab API Automation Testing

09:49:26.785 [pool-4-thread-9] DEBUG net.thucydides.core.requirements.model.cucumber.CucumberParser - Added feature [MusicLab-API] Post Feature Mentors

09:49:26.785 [pool-4-thread-3] DEBUG net.thucydides.core.requirements.model.cucumber.CucumberParser - Added feature [MusicLab-API] Post Feature Mentors

09:49:26.785 [pool-4-thread-5] DEBUG net.thucydides.core.requirements.model.cucumber.CucumberParser - Added feature Music Lab API Automation Testing

09:49:26.786 [pool-4-thread-12] DEBUG net.thucydides.core.requirements.model.cucumber.CucumberParser - Added feature Music Lab API Automation Testing

09:49:26.786 [pool-4-thread-11] DEBUG net.thucydides.core.requirements.model.cucumber.CucumberParser - Added feature [MusicLab-API] Put Feature Mentors

09:49:26.786 [pool-4-thread-3] DEBUG net.thucydides.core.requirements.model.cucumber.CucumberParser - Added feature [MusicLab-API] Put Feature Mentors

09:49:26.787 [pool-4-thread-2] DEBUG net.thucydides.core.requirements.model.cucumber.CucumberParser - Added feature Music Lab API Automation Testing

09:49:26.789 [pool-4-thread-5] DEBUG net.thucydides.core.requirements.model.cucumber.CucumberParser - Added feature Music Lab API Automation Testing

09:49:26.789 [pool-4-thread-8] DEBUG net.thucydides.core.requirements.model.cucumber.CucumberParser - Added feature Music Lab API Automation Testing

09:49:26.789 [pool-4-thread-6] DEBUG net.thucydides.core.requirements.model.cucumber.CucumberParser - Added feature [MusicLab-API] Put Feature Mentors

09:49:26.793 [pool-4-thread-6] DEBUG net.thucydides.core.requirements.model.cucumber.CucumberParser - Added feature [MusicLab-API] Put Feature Mentors

09:49:26.793 [pool-4-thread-8] DEBUG net.thucydides.core.requirements.model.cucumber.CucumberParser - Added feature Music Lab API Automation Testing

09:49:26.794 [pool-4-thread-4] DEBUG net.thucydides.core.requirements.model.cucumber.CucumberParser - Added feature [MusicLab-API] Put Feature Mentors

09:49:26.795 [pool-4-thread-7] DEBUG net.thucydides.core.requirements.model.cucumber.CucumberParser - Added feature [MusicLab-API] Get Feature Mentors

09:49:26.796 [pool-4-thread-12] DEBUG net.thucydides.core.requirements.model.cucumber.CucumberParser - Added feature Music Lab API Automation Testing

09:49:26.799 [pool-4-thread-9] DEBUG net.thucydides.core.requirements.model.cucumber.CucumberParser - Added feature [MusicLab-API] Post Feature Mentors

09:49:26.799 [pool-4-thread-6] DEBUG net.thucydides.core.requirements.model.cucumber.CucumberParser - Added feature [MusicLab-API] Put Feature Mentors

09:49:26.799 [pool-4-thread-3] DEBUG net.thucydides.core.requirements.model.cucumber.CucumberParser - Added feature [MusicLab-API] Put Feature Mentors

09:49:26.802 [pool-4-thread-12] DEBUG net.thucydides.core.requirements.model.cucumber.CucumberParser - Added feature Music Lab API Automation Testing

09:49:26.805 [pool-4-thread-6] DEBUG net.thucydides.core.requirements.model.cucumber.CucumberParser - Added feature [MusicLab-API] Put Feature Mentors

09:49:26.806 [pool-4-thread-7] DEBUG net.thucydides.core.requirements.model.cucumber.CucumberParser - Added feature [MusicLab-API] Post Feature Mentors

09:49:26.806 [pool-4-thread-10] DEBUG net.thucydides.core.requirements.model.cucumber.CucumberParser - Added feature [MusicLab-API] Delete Feature Mentors

09:49:26.818 [pool-4-thread-3] DEBUG net.thucydides.core.requirements.model.cucumber.CucumberParser - Added feature [MusicLab-API] Put Feature Mentors

09:49:26.819 [pool-4-thread-12] DEBUG net.thucydides.core.requirements.model.cucumber.CucumberParser - Added feature Music Lab API Automation Testing

09:49:26.821 [pool-4-thread-3] DEBUG net.thucydides.core.requirements.model.cucumber.CucumberParser - Added feature [MusicLab-API] Put Feature Mentors

09:49:26.822 [pool-4-thread-9] DEBUG net.thucydides.core.requirements.model.cucumber.CucumberParser - Added feature [MusicLab-API] Put Feature Mentors

09:49:26.823 [pool-4-thread-9] DEBUG net.thucydides.core.requirements.model.cucumber.CucumberParser - Added feature [MusicLab-API] Put Feature Mentors

09:49:26.824 [pool-4-thread-5] DEBUG net.thucydides.core.requirements.model.cucumber.CucumberParser - Added feature MusicLab API Automation Testing Capstone Project

09:49:26.818 [pool-4-thread-8] DEBUG net.thucydides.core.requirements.model.cucumber.CucumberParser - Added feature Music Lab API Automation Testing

09:49:26.825 [pool-4-thread-9] DEBUG net.thucydides.core.requirements.model.cucumber.CucumberParser - Added feature [MusicLab-API] Put Feature Mentors

09:49:26.826 [pool-4-thread-1] DEBUG net.thucydides.core.requirements.model.cucumber.CucumberParser - Added feature [MusicLab-API] Get Feature Review

09:49:26.826 [pool-4-thread-10] DEBUG net.thucydides.core.requirements.model.cucumber.CucumberParser - Added feature [MusicLab-API] Delete Feature Mentors

09:49:26.826 [pool-4-thread-7] DEBUG net.thucydides.core.requirements.model.cucumber.CucumberParser - Added feature [MusicLab-API] Post Feature Mentors

09:49:26.828 [pool-4-thread-9] DEBUG net.thucydides.core.requirements.model.cucumber.CucumberParser - Added feature [MusicLab-API] Put Feature Mentors

09:49:26.831 [pool-4-thread-7] DEBUG net.thucydides.core.requirements.model.cucumber.CucumberParser - Added feature [MusicLab-API] Put Feature Mentors

09:49:26.832 [pool-4-thread-1] DEBUG net.thucydides.core.requirements.model.cucumber.CucumberParser - Added feature [MusicLab-API] Post Feature Review

09:49:26.833 [pool-4-thread-7] DEBUG net.thucydides.core.requirements.model.cucumber.CucumberParser - Added feature [MusicLab-API] Put Feature Mentors

09:49:26.834 [pool-4-thread-10] DEBUG net.thucydides.core.requirements.model.cucumber.CucumberParser - Added feature [MusicLab-API] Get Feature Mentors

09:49:26.834 [pool-4-thread-1] DEBUG net.thucydides.core.requirements.model.cucumber.CucumberParser - Added feature [MusicLab-API] Post Feature Review

09:49:26.835 [pool-4-thread-7] DEBUG net.thucydides.core.requirements.model.cucumber.CucumberParser - Added feature [MusicLab-API] Put Feature Mentors

09:49:26.836 [pool-4-thread-12] DEBUG net.thucydides.core.requirements.model.cucumber.CucumberParser - Added feature MusicLab API Automation Testing Capstone Project

09:49:26.837 [pool-4-thread-7] DEBUG net.thucydides.core.requirements.model.cucumber.CucumberParser - Added feature [MusicLab-API] Put Feature Mentors

09:49:26.843 [pool-4-thread-4] DEBUG net.thucydides.core.requirements.model.cucumber.CucumberParser - Added feature [MusicLab-API] Get Feature Review

09:49:26.844 [pool-4-thread-11] DEBUG net.thucydides.core.requirements.model.cucumber.CucumberParser - Added feature [MusicLab-API] Get Feature Review

09:49:26.844 [pool-4-thread-10] DEBUG net.thucydides.core.requirements.model.cucumber.CucumberParser - Added feature [MusicLab-API] Get Feature Mentors

09:49:26.845 [pool-4-thread-4] DEBUG net.thucydides.core.requirements.model.cucumber.CucumberParser - Added feature [MusicLab-API] Post Feature Review

09:49:26.845 [pool-4-thread-11] DEBUG net.thucydides.core.requirements.model.cucumber.CucumberParser - Added feature [MusicLab-API] Post Feature Review

09:49:26.848 [pool-4-thread-11] DEBUG net.thucydides.core.requirements.model.cucumber.CucumberParser - Added feature [MusicLab-API] Post Feature Review

09:49:26.849 [pool-4-thread-10] DEBUG net.thucydides.core.requirements.model.cucumber.CucumberParser - Added feature [MusicLab-API] Get Feature Mentors

09:49:26.849 [pool-4-thread-4] DEBUG net.thucydides.core.requirements.model.cucumber.CucumberParser - Added feature [MusicLab-API] Post Feature Review

09:49:26.853 [pool-4-thread-10] DEBUG net.thucydides.core.requirements.model.cucumber.CucumberParser - Added feature [MusicLab-API] Get Feature Mentors

09:49:26.859 [pool-4-thread-10] DEBUG net.thucydides.core.requirements.model.cucumber.CucumberParser - Added feature [MusicLab-API] Post Feature Mentors

09:49:26.863 [pool-4-thread-10] DEBUG net.thucydides.core.requirements.model.cucumber.CucumberParser - Added feature [MusicLab-API] Post Feature Mentors

09:49:26.866 [pool-4-thread-1] DEBUG net.thucydides.core.requirements.model.cucumber.CucumberParser - Added feature Music Lab API Automation Testing

09:49:26.869 [pool-4-thread-10] DEBUG net.thucydides.core.requirements.model.cucumber.CucumberParser - Added feature [MusicLab-API] Put Feature Mentors

09:49:26.869 [pool-4-thread-2] DEBUG net.thucydides.core.requirements.model.cucumber.CucumberParser - Added feature MusicLab API Automation Testing Capstone Project

09:49:26.871 [pool-4-thread-1] DEBUG net.thucydides.core.requirements.model.cucumber.CucumberParser - Added feature Music Lab API Automation Testing

09:49:26.873 [pool-4-thread-10] DEBUG net.thucydides.core.requirements.model.cucumber.CucumberParser - Added feature [MusicLab-API] Put Feature Mentors

09:49:26.873 [pool-4-thread-6] DEBUG net.thucydides.core.requirements.model.cucumber.CucumberParser - Added feature [MusicLab-API] Get Feature Review

09:49:26.873 [pool-4-thread-1] DEBUG net.thucydides.core.requirements.model.cucumber.CucumberParser - Added feature Music Lab API Automation Testing

09:49:26.874 [pool-4-thread-6] DEBUG net.thucydides.core.requirements.model.cucumber.CucumberParser - Added feature [MusicLab-API] Post Feature Review

09:49:26.875 [pool-4-thread-10] DEBUG net.thucydides.core.requirements.model.cucumber.CucumberParser - Added feature [MusicLab-API] Put Feature Mentors

09:49:26.876 [pool-4-thread-1] DEBUG net.thucydides.core.requirements.model.cucumber.CucumberParser - Added feature Music Lab API Automation Testing

09:49:26.876 [pool-4-thread-6] DEBUG net.thucydides.core.requirements.model.cucumber.CucumberParser - Added feature [MusicLab-API] Post Feature Review

09:49:26.879 [pool-4-thread-8] DEBUG net.thucydides.core.requirements.model.cucumber.CucumberParser - Added feature MusicLab API Automation Testing Capstone Project

09:49:26.880 [pool-4-thread-10] DEBUG net.thucydides.core.requirements.model.cucumber.CucumberParser - Added feature [MusicLab-API] Put Feature Mentors

09:49:26.880 [pool-4-thread-12] DEBUG net.thucydides.core.requirements.model.cucumber.CucumberParser - Added feature Get Mentor Transaction

09:49:26.883 [pool-4-thread-3] DEBUG net.thucydides.core.requirements.model.cucumber.CucumberParser - Added feature [MusicLab-API] Get Feature Review

09:49:26.884 [pool-4-thread-5] DEBUG net.thucydides.core.requirements.model.cucumber.CucumberParser - Added feature Get Mentor Transaction

09:49:26.884 [pool-4-thread-12] DEBUG net.thucydides.core.requirements.model.cucumber.CucumberParser - Added feature Get Student Transaction

09:49:26.885 [pool-4-thread-2] DEBUG net.thucydides.core.requirements.model.cucumber.CucumberParser - Added feature Get Mentor Transaction

09:49:26.886 [pool-4-thread-4] DEBUG net.thucydides.core.requirements.model.cucumber.CucumberParser - Added feature Music Lab API Automation Testing

09:49:26.887 [pool-4-thread-3] DEBUG net.thucydides.core.requirements.model.cucumber.CucumberParser - Added feature [MusicLab-API] Post Feature Review

09:49:26.888 [pool-4-thread-2] DEBUG net.thucydides.core.requirements.model.cucumber.CucumberParser - Added feature Get Student Transaction

09:49:26.889 [pool-4-thread-5] DEBUG net.thucydides.core.requirements.model.cucumber.CucumberParser - Added feature Get Student Transaction

09:49:26.889 [pool-4-thread-9] DEBUG net.thucydides.core.requirements.model.cucumber.CucumberParser - Added feature [MusicLab-API] Get Feature Review

09:49:26.890 [pool-4-thread-4] DEBUG net.thucydides.core.requirements.model.cucumber.CucumberParser - Added feature Music Lab API Automation Testing

09:49:26.892 [pool-4-thread-2] DEBUG net.thucydides.core.requirements.model.cucumber.CucumberParser - Added feature Post Create Transaction

09:49:26.892 [pool-4-thread-9] DEBUG net.thucydides.core.requirements.model.cucumber.CucumberParser - Added feature [MusicLab-API] Post Feature Review

09:49:26.895 [pool-4-thread-4] DEBUG net.thucydides.core.requirements.model.cucumber.CucumberParser - Added feature Music Lab API Automation Testing

09:49:26.896 [pool-4-thread-12] DEBUG net.thucydides.core.requirements.model.cucumber.CucumberParser - Added feature Post Create Transaction

09:49:26.896 [pool-4-thread-3] DEBUG net.thucydides.core.requirements.model.cucumber.CucumberParser - Added feature [MusicLab-API] Post Feature Review

09:49:26.897 [pool-4-thread-9] DEBUG net.thucydides.core.requirements.model.cucumber.CucumberParser - Added feature [MusicLab-API] Post Feature Review

09:49:26.897 [pool-4-thread-5] DEBUG net.thucydides.core.requirements.model.cucumber.CucumberParser - Added feature Post Create Transaction

09:49:26.898 [pool-4-thread-4] DEBUG net.thucydides.core.requirements.model.cucumber.CucumberParser - Added feature Music Lab API Automation Testing

09:49:26.898 [pool-4-thread-7] DEBUG net.thucydides.core.requirements.model.cucumber.CucumberParser - Added feature [MusicLab-API] Get Feature Review

09:49:26.901 [pool-4-thread-7] DEBUG net.thucydides.core.requirements.model.cucumber.CucumberParser - Added feature [MusicLab-API] Post Feature Review

09:49:26.902 [pool-4-thread-8] DEBUG net.thucydides.core.requirements.model.cucumber.CucumberParser - Added feature Get Mentor Transaction

09:49:26.903 [pool-4-thread-7] DEBUG net.thucydides.core.requirements.model.cucumber.CucumberParser - Added feature [MusicLab-API] Post Feature Review

09:49:26.904 [pool-4-thread-11] DEBUG net.thucydides.core.requirements.model.cucumber.CucumberParser - Added feature Music Lab API Automation Testing

09:49:26.907 [pool-4-thread-8] DEBUG net.thucydides.core.requirements.model.cucumber.CucumberParser - Added feature Get Student Transaction

09:49:26.907 [pool-4-thread-10] DEBUG net.thucydides.core.requirements.model.cucumber.CucumberParser - Added feature [MusicLab-API] Get Feature Review

09:49:26.907 [pool-4-thread-11] DEBUG net.thucydides.core.requirements.model.cucumber.CucumberParser - Added feature Music Lab API Automation Testing

09:49:26.908 [pool-4-thread-10] DEBUG net.thucydides.core.requirements.model.cucumber.CucumberParser - Added feature [MusicLab-API] Post Feature Review

09:49:26.911 [pool-4-thread-10] DEBUG net.thucydides.core.requirements.model.cucumber.CucumberParser - Added feature [MusicLab-API] Post Feature Review

09:49:26.911 [pool-4-thread-1] DEBUG net.thucydides.core.requirements.model.cucumber.CucumberParser - Added feature MusicLab API Automation Testing Capstone Project

09:49:26.911 [pool-4-thread-6] DEBUG net.thucydides.core.requirements.model.cucumber.CucumberParser - Added feature Music Lab API Automation Testing

09:49:26.914 [pool-4-thread-8] DEBUG net.thucydides.core.requirements.model.cucumber.CucumberParser - Added feature Post Create Transaction

09:49:26.914 [pool-4-thread-6] DEBUG net.thucydides.core.requirements.model.cucumber.CucumberParser - Added feature Music Lab API Automation Testing

09:49:26.916 [pool-4-thread-11] DEBUG net.thucydides.core.requirements.model.cucumber.CucumberParser - Added feature Music Lab API Automation Testing

09:49:26.917 [pool-4-thread-6] DEBUG net.thucydides.core.requirements.model.cucumber.CucumberParser - Added feature Music Lab API Automation Testing

09:49:26.918 [pool-4-thread-11] DEBUG net.thucydides.core.requirements.model.cucumber.CucumberParser - Added feature Music Lab API Automation Testing

09:49:26.920 [pool-4-thread-7] DEBUG net.thucydides.core.requirements.model.cucumber.CucumberParser - Added feature Music Lab API Automation Testing

09:49:26.921 [pool-4-thread-3] DEBUG net.thucydides.core.requirements.model.cucumber.CucumberParser - Added feature Music Lab API Automation Testing

09:49:26.923 [pool-4-thread-4] DEBUG net.thucydides.core.requirements.model.cucumber.CucumberParser - Added feature MusicLab API Automation Testing Capstone Project

09:49:26.925 [pool-4-thread-6] DEBUG net.thucydides.core.requirements.model.cucumber.CucumberParser - Added feature Music Lab API Automation Testing

09:49:26.926 [pool-4-thread-7] DEBUG net.thucydides.core.requirements.model.cucumber.CucumberParser - Added feature Music Lab API Automation Testing

09:49:26.930 [pool-4-thread-3] DEBUG net.thucydides.core.requirements.model.cucumber.CucumberParser - Added feature Music Lab API Automation Testing

09:49:26.930 [pool-4-thread-7] DEBUG net.thucydides.core.requirements.model.cucumber.CucumberParser - Added feature Music Lab API Automation Testing

09:49:26.933 [pool-4-thread-7] DEBUG net.thucydides.core.requirements.model.cucumber.CucumberParser - Added feature Music Lab API Automation Testing

09:49:26.933 [pool-4-thread-3] DEBUG net.thucydides.core.requirements.model.cucumber.CucumberParser - Added feature Music Lab API Automation Testing

09:49:26.934 [pool-4-thread-1] DEBUG net.thucydides.core.requirements.model.cucumber.CucumberParser - Added feature Get Mentor Transaction

09:49:26.935 [pool-4-thread-11] DEBUG net.thucydides.core.requirements.model.cucumber.CucumberParser - Added feature MusicLab API Automation Testing Capstone Project

09:49:26.935 [pool-4-thread-1] DEBUG net.thucydides.core.requirements.model.cucumber.CucumberParser - Added feature Get Student Transaction

09:49:26.936 [pool-4-thread-3] DEBUG net.thucydides.core.requirements.model.cucumber.CucumberParser - Added feature Music Lab API Automation Testing

09:49:26.939 [pool-4-thread-1] DEBUG net.thucydides.core.requirements.model.cucumber.CucumberParser - Added feature Post Create Transaction

09:49:26.939 [pool-4-thread-9] DEBUG net.thucydides.core.requirements.model.cucumber.CucumberParser - Added feature Music Lab API Automation Testing

09:49:26.940 [pool-4-thread-10] DEBUG net.thucydides.core.requirements.model.cucumber.CucumberParser - Added feature Music Lab API Automation Testing

09:49:26.943 [pool-4-thread-10] DEBUG net.thucydides.core.requirements.model.cucumber.CucumberParser - Added feature Music Lab API Automation Testing

09:49:26.943 [pool-4-thread-9] DEBUG net.thucydides.core.requirements.model.cucumber.CucumberParser - Added feature Music Lab API Automation Testing

09:49:26.943 [pool-4-thread-4] DEBUG net.thucydides.core.requirements.model.cucumber.CucumberParser - Added feature Get Mentor Transaction

09:49:26.943 [pool-4-thread-7] DEBUG net.thucydides.core.requirements.model.cucumber.CucumberParser - Added feature MusicLab API Automation Testing Capstone Project

09:49:26.945 [pool-4-thread-10] DEBUG net.thucydides.core.requirements.model.cucumber.CucumberParser - Added feature Music Lab API Automation Testing

09:49:26.945 [pool-4-thread-9] DEBUG net.thucydides.core.requirements.model.cucumber.CucumberParser - Added feature Music Lab API Automation Testing

09:49:26.945 [pool-4-thread-4] DEBUG net.thucydides.core.requirements.model.cucumber.CucumberParser - Added feature Get Student Transaction

09:49:26.947 [pool-4-thread-10] DEBUG net.thucydides.core.requirements.model.cucumber.CucumberParser - Added feature Music Lab API Automation Testing

09:49:26.947 [pool-4-thread-11] DEBUG net.thucydides.core.requirements.model.cucumber.CucumberParser - Added feature Get Mentor Transaction

09:49:26.951 [pool-4-thread-11] DEBUG net.thucydides.core.requirements.model.cucumber.CucumberParser - Added feature Get Student Transaction

09:49:26.951 [pool-4-thread-9] DEBUG net.thucydides.core.requirements.model.cucumber.CucumberParser - Added feature Music Lab API Automation Testing

09:49:26.952 [pool-4-thread-4] DEBUG net.thucydides.core.requirements.model.cucumber.CucumberParser - Added feature Post Create Transaction

09:49:26.953 [pool-4-thread-7] DEBUG net.thucydides.core.requirements.model.cucumber.CucumberParser - Added feature Get Mentor Transaction

09:49:26.955 [pool-4-thread-3] DEBUG net.thucydides.core.requirements.model.cucumber.CucumberParser - Added feature MusicLab API Automation Testing Capstone Project

09:49:26.955 [pool-4-thread-11] DEBUG net.thucydides.core.requirements.model.cucumber.CucumberParser - Added feature Post Create Transaction

09:49:26.958 [pool-4-thread-7] DEBUG net.thucydides.core.requirements.model.cucumber.CucumberParser - Added feature Get Student Transaction

09:49:26.965 [pool-4-thread-7] DEBUG net.thucydides.core.requirements.model.cucumber.CucumberParser - Added feature Post Create Transaction

09:49:26.968 [pool-4-thread-10] DEBUG net.thucydides.core.requirements.model.cucumber.CucumberParser - Added feature MusicLab API Automation Testing Capstone Project

09:49:26.969 [pool-4-thread-6] DEBUG net.thucydides.core.requirements.model.cucumber.CucumberParser - Added feature MusicLab API Automation Testing Capstone Project

09:49:26.974 [pool-4-thread-9] DEBUG net.thucydides.core.requirements.model.cucumber.CucumberParser - Added feature MusicLab API Automation Testing Capstone Project

09:49:26.977 [pool-4-thread-3] DEBUG net.thucydides.core.requirements.model.cucumber.CucumberParser - Added feature Get Mentor Transaction

09:49:26.981 [pool-4-thread-3] DEBUG net.thucydides.core.requirements.model.cucumber.CucumberParser - Added feature Get Student Transaction

09:49:26.986 [pool-4-thread-6] DEBUG net.thucydides.core.requirements.model.cucumber.CucumberParser - Added feature Get Mentor Transaction

09:49:26.987 [pool-4-thread-3] DEBUG net.thucydides.core.requirements.model.cucumber.CucumberParser - Added feature Post Create Transaction

09:49:26.989 [pool-4-thread-6] DEBUG net.thucydides.core.requirements.model.cucumber.CucumberParser - Added feature Get Student Transaction

09:49:26.993 [pool-4-thread-10] DEBUG net.thucydides.core.requirements.model.cucumber.CucumberParser - Added feature Get Mentor Transaction

09:49:26.998 [pool-4-thread-6] DEBUG net.thucydides.core.requirements.model.cucumber.CucumberParser - Added feature Post Create Transaction

09:49:26.999 [pool-4-thread-10] DEBUG net.thucydides.core.requirements.model.cucumber.CucumberParser - Added feature Get Student Transaction

09:49:26.999 [pool-4-thread-9] DEBUG net.thucydides.core.requirements.model.cucumber.CucumberParser - Added feature Get Mentor Transaction

09:49:27.005 [pool-4-thread-9] DEBUG net.thucydides.core.requirements.model.cucumber.CucumberParser - Added feature Get Student Transaction

09:49:27.008 [pool-4-thread-10] DEBUG net.thucydides.core.requirements.model.cucumber.CucumberParser - Added feature Post Create Transaction

09:49:27.008 [pool-4-thread-9] DEBUG net.thucydides.core.requirements.model.cucumber.CucumberParser - Added feature Post Create Transaction

09:49:27.021 [pool-4-thread-5] DEBUG net.thucydides.core.requirements.BaseRequirementsService - Requirement found for test outcome Login student invalid json-[]: Optional[Requirement{name='Login mentor', type='feature' parent = 'Auth', cardNumber='null'}]

09:49:27.021 [pool-4-thread-8] DEBUG net.thucydides.core.requirements.BaseRequirementsService - Requirement found for test outcome Register mentor with existing json-[]: Optional[Requirement{name='Register mentor', type='feature' parent = 'Auth', cardNumber='null'}]

09:49:27.021 [pool-4-thread-1] DEBUG net.thucydides.core.requirements.BaseRequirementsService - Requirement found for test outcome Login mentor valid json-[]: Optional[Requirement{name='Login mentor', type='feature' parent = 'Auth', cardNumber='null'}]

09:49:27.021 [pool-4-thread-2] DEBUG net.thucydides.core.requirements.BaseRequirementsService - Requirement found for test outcome Login mentor invalid json-[]: Optional[Requirement{name='Login mentor', type='feature' parent = 'Auth', cardNumber='null'}]

09:49:27.021 [pool-4-thread-10] DEBUG net.thucydides.core.requirements.BaseRequirementsService - Requirement found for test outcome Register mentor with blank json-[]: Optional[Requirement{name='Register mentor', type='feature' parent = 'Auth', cardNumber='null'}]

09:49:27.021 [pool-4-thread-3] DEBUG net.thucydides.core.requirements.BaseRequirementsService - Requirement found for test outcome Login mentor blank json-[]: Optional[Requirement{name='Login mentor', type='feature' parent = 'Auth', cardNumber='null'}]

09:49:27.021 [pool-4-thread-7] DEBUG net.thucydides.core.requirements.BaseRequirementsService - Requirement found for test outcome Register mentor valid json-[]: Optional[Requirement{name='Register mentor', type='feature' parent = 'Auth', cardNumber='null'}]

09:49:27.022 [pool-4-thread-12] DEBUG net.thucydides.core.requirements.BaseRequirementsService - Requirement found for test outcome Register student with existing json-[]: Optional[Requirement{name='Register student', type='feature' parent = 'Auth', cardNumber='null'}]

09:49:27.022 [pool-4-thread-9] DEBUG net.thucydides.core.requirements.BaseRequirementsService - Requirement found for test outcome Register mentor with invalid json-[]: Optional[Requirement{name='Register mentor', type='feature' parent = 'Auth', cardNumber='null'}]

09:49:27.022 [pool-4-thread-6] DEBUG net.thucydides.core.requirements.BaseRequirementsService - Requirement found for test outcome Login student blank json-[]: Optional[Requirement{name='Login mentor', type='feature' parent = 'Auth', cardNumber='null'}]

09:49:27.024 [pool-4-thread-11] DEBUG net.thucydides.core.requirements.BaseRequirementsService - Requirement found for test outcome Register student valid data-[]: Optional[Requirement{name='Register student', type='feature' parent = 'Auth', cardNumber='null'}]

09:49:27.025 [pool-4-thread-4] DEBUG net.thucydides.core.requirements.BaseRequirementsService - Requirement found for test outcome Login student valid json-[]: Optional[Requirement{name='Login mentor', type='feature' parent = 'Auth', cardNumber='null'}]

09:49:27.026 [pool-4-thread-7] DEBUG net.thucydides.core.requirements.BaseRequirementsService - Requirement found for test outcome Register mentor valid json-[]: Optional[Requirement{name='Register mentor', type='feature' parent = 'Auth', cardNumber='null'}]

09:49:27.028 [pool-4-thread-1] DEBUG net.thucydides.core.requirements.BaseRequirementsService - Requirement found for test outcome Login mentor valid json-[]: Optional[Requirement{name='Login mentor', type='feature' parent = 'Auth', cardNumber='null'}]

09:49:27.028 [pool-4-thread-2] DEBUG net.thucydides.core.requirements.BaseRequirementsService - Requirement found for test outcome Login mentor invalid json-[]: Optional[Requirement{name='Login mentor', type='feature' parent = 'Auth', cardNumber='null'}]

09:49:27.029 [pool-4-thread-5] DEBUG net.thucydides.core.requirements.BaseRequirementsService - Requirement found for test outcome Login student invalid json-[]: Optional[Requirement{name='Login mentor', type='feature' parent = 'Auth', cardNumber='null'}]

09:49:27.029 [pool-4-thread-4] DEBUG net.thucydides.core.requirements.BaseRequirementsService - Requirement found for test outcome Login student valid json-[]: Optional[Requirement{name='Login mentor', type='feature' parent = 'Auth', cardNumber='null'}]

09:49:27.027 [pool-4-thread-11] DEBUG net.thucydides.core.requirements.BaseRequirementsService - Requirement found for test outcome Register student valid data-[]: Optional[Requirement{name='Register student', type='feature' parent = 'Auth', cardNumber='null'}]

09:49:27.026 [pool-4-thread-10] DEBUG net.thucydides.core.requirements.BaseRequirementsService - Requirement found for test outcome Register mentor with blank json-[]: Optional[Requirement{name='Register mentor', type='feature' parent = 'Auth', cardNumber='null'}]

09:49:27.026 [pool-4-thread-9] DEBUG net.thucydides.core.requirements.BaseRequirementsService - Requirement found for test outcome Register mentor with invalid json-[]: Optional[Requirement{name='Register mentor', type='feature' parent = 'Auth', cardNumber='null'}]

09:49:27.030 [pool-4-thread-8] DEBUG net.thucydides.core.requirements.BaseRequirementsService - Requirement found for test outcome Register mentor with existing json-[]: Optional[Requirement{name='Register mentor', type='feature' parent = 'Auth', cardNumber='null'}]

09:49:27.030 [pool-4-thread-12] DEBUG net.thucydides.core.requirements.BaseRequirementsService - Requirement found for test outcome Register student with existing json-[]: Optional[Requirement{name='Register student', type='feature' parent = 'Auth', cardNumber='null'}]

09:49:27.032 [pool-4-thread-3] DEBUG net.thucydides.core.requirements.BaseRequirementsService - Requirement found for test outcome Login mentor blank json-[]: Optional[Requirement{name='Login mentor', type='feature' parent = 'Auth', cardNumber='null'}]

09:49:27.033 [pool-4-thread-6] DEBUG net.thucydides.core.requirements.BaseRequirementsService - Requirement found for test outcome Login student blank json-[]: Optional[Requirement{name='Login mentor', type='feature' parent = 'Auth', cardNumber='null'}]

09:49:27.697 [pool-4-thread-6] DEBUG serenity.reporting - Generating report in 33e1217da9f7eb292d4b88c23ec24d99579a10d630b07a281ee6446a04ce6ada.html

09:49:27.697 [pool-4-thread-8] DEBUG serenity.reporting - Generating report in 91f383c4c0ab5d32c8f14161f90252915de44baeb5fdc53b117dcd814b9a6afa.html

09:49:27.697 [pool-4-thread-11] DEBUG serenity.reporting - Generating report in 0e56f63e590059d15985ae86f6bf6aff81ff885f6345cf81c8df70be658060d2.html

09:49:27.697 [pool-4-thread-5] DEBUG serenity.reporting - Generating report in 5b2c9688eb803c364e8bd37a59ab6276470b47b8215eb2333da3f7da34e8863b.html

09:49:27.697 [pool-4-thread-7] DEBUG serenity.reporting - Generating report in e40e1b912862db1c10dbf8a650d7fcf995570eab80977798e7b22b13b69dd627.html

09:49:27.697 [pool-4-thread-10] DEBUG serenity.reporting - Generating report in cb2f6b38b6efcf8131f395eb98853bfc0c63e896383b9602034bbc42eab814ba.html

09:49:27.697 [pool-4-thread-2] DEBUG serenity.reporting - Generating report in c665db1359e61abf3a6f21b96e40c0d0c3dbbf93daba4aa482ba2dd46f32d394.html

09:49:27.697 [pool-4-thread-12] DEBUG serenity.reporting - Generating report in 06eef6a0422d8ad6d2433e015fe2e30b1496732c2a020bed32177924f5d761b5.html

09:49:27.697 [pool-4-thread-1] DEBUG serenity.reporting - Generating report in d04d66d1d9c36faa8c68af29df75d7263880890af7a4f9d37f6342c6e470c777.html

09:49:27.697 [pool-4-thread-3] DEBUG serenity.reporting - Generating report in c5927b0f3bc021034391e95e4b8ac5797998550ae6f75e4d9b97c3dfe6e97ff9.html

09:49:27.697 [pool-4-thread-4] DEBUG serenity.reporting - Generating report in b55032ffc1ae46152ed1c40648c09a00c75a64d057b588f6999af01805048e17.html

09:49:27.697 [pool-4-thread-9] DEBUG serenity.reporting - Generating report in da4d31916f6a1079e3f61f8460a50656ac671938d976e18342dcceb8f2d92511.html

09:49:28.346 [pool-4-thread-3] DEBUG serenity.reporting - Generated report c5927b0f3bc021034391e95e4b8ac5797998550ae6f75e4d9b97c3dfe6e97ff9.html in 649 ms

09:49:28.346 [pool-4-thread-3] DEBUG net.thucydides.core.reports.ReportService - Processing test outcome Login mentor:Login mentor blank json done

09:49:28.346 [pool-4-thread-3] DEBUG net.thucydides.core.reports.ReportService - Processing test outcome Register student:Register student invalid data

09:49:28.346 [pool-4-thread-3] INFO net.thucydides.core.reports.ReportService - net.thucydides.core.reports.html.HtmlAcceptanceTestReporter@72691aba: Generating report for test outcome: Register student:Register student invalid data

09:49:28.347 [pool-4-thread-5] DEBUG serenity.reporting - Generated report 5b2c9688eb803c364e8bd37a59ab6276470b47b8215eb2333da3f7da34e8863b.html in 650 ms

09:49:28.347 [pool-4-thread-5] DEBUG net.thucydides.core.reports.ReportService - Processing test outcome Login mentor:Login student invalid json done

09:49:28.347 [pool-4-thread-5] DEBUG net.thucydides.core.reports.ReportService - Processing test outcome Register student:Register student blank data

09:49:28.347 [pool-4-thread-5] INFO net.thucydides.core.reports.ReportService - net.thucydides.core.reports.html.HtmlAcceptanceTestReporter@72691aba: Generating report for test outcome: Register student:Register student blank data

09:49:28.347 [pool-4-thread-4] DEBUG serenity.reporting - Generated report b55032ffc1ae46152ed1c40648c09a00c75a64d057b588f6999af01805048e17.html in 650 ms

09:49:28.347 [pool-4-thread-4] DEBUG net.thucydides.core.reports.ReportService - Processing test outcome Login mentor:Login student valid json done

09:49:28.347 [pool-4-thread-4] DEBUG net.thucydides.core.reports.ReportService - Processing test outcome Get Chat Message:Get chat contents with valid path

09:49:28.347 [pool-4-thread-4] INFO net.thucydides.core.reports.ReportService - net.thucydides.core.reports.html.HtmlAcceptanceTestReporter@72691aba: Generating report for test outcome: Get Chat Message:Get chat contents with valid path

09:49:28.348 [pool-4-thread-3] DEBUG net.thucydides.core.requirements.BaseRequirementsService - Requirement found for test outcome Register student invalid data-[]: Optional[Requirement{name='Register student', type='feature' parent = 'Auth', cardNumber='null'}]

09:49:28.348 [pool-4-thread-5] DEBUG net.thucydides.core.requirements.BaseRequirementsService - Requirement found for test outcome Register student blank data-[]: Optional[Requirement{name='Register student', type='feature' parent = 'Auth', cardNumber='null'}]

09:49:28.348 [pool-4-thread-3] DEBUG net.thucydides.core.requirements.BaseRequirementsService - Requirement found for test outcome Register student invalid data-[]: Optional[Requirement{name='Register student', type='feature' parent = 'Auth', cardNumber='null'}]

09:49:28.348 [pool-4-thread-4] DEBUG net.thucydides.core.requirements.BaseRequirementsService - Requirement found for test outcome Get chat contents with valid path-[]: Optional[Requirement{name='Get Chat Message', type='feature' parent = 'Chat', cardNumber='null'}]

09:49:28.348 [pool-4-thread-5] DEBUG net.thucydides.core.requirements.BaseRequirementsService - Requirement found for test outcome Register student blank data-[]: Optional[Requirement{name='Register student', type='feature' parent = 'Auth', cardNumber='null'}]

09:49:28.348 [pool-4-thread-4] DEBUG net.thucydides.core.requirements.BaseRequirementsService - Requirement found for test outcome Get chat contents with valid path-[]: Optional[Requirement{name='Get Chat Message', type='feature' parent = 'Chat', cardNumber='null'}]

09:49:28.349 [pool-4-thread-11] DEBUG serenity.reporting - Generated report 0e56f63e590059d15985ae86f6bf6aff81ff885f6345cf81c8df70be658060d2.html in 652 ms

09:49:28.349 [pool-4-thread-11] DEBUG net.thucydides.core.reports.ReportService - Processing test outcome Register student:Register student valid data done

09:49:28.349 [pool-4-thread-11] DEBUG net.thucydides.core.reports.ReportService - Processing test outcome Get Chat Message:Get chat contents with invalid path

09:49:28.349 [pool-4-thread-11] INFO net.thucydides.core.reports.ReportService - net.thucydides.core.reports.html.HtmlAcceptanceTestReporter@72691aba: Generating report for test outcome: Get Chat Message:Get chat contents with invalid path

09:49:28.349 [pool-4-thread-5] DEBUG serenity.reporting - Generating report in 33c6485e80c20a125cbff5a705494c0266172db88053ebb4fba19a8562ad352e.html

09:49:28.349 [pool-4-thread-4] DEBUG serenity.reporting - Generating report in 9a4eb9ef5880c2cec26e1d89d773ddec541ef273efd37d904b8663407b5bbfc4.html

09:49:28.351 [pool-4-thread-9] DEBUG serenity.reporting - Generated report da4d31916f6a1079e3f61f8460a50656ac671938d976e18342dcceb8f2d92511.html in 654 ms

09:49:28.351 [pool-4-thread-9] DEBUG net.thucydides.core.reports.ReportService - Processing test outcome Register mentor:Register mentor with invalid json done

09:49:28.351 [pool-4-thread-9] DEBUG net.thucydides.core.reports.ReportService - Processing test outcome Get Inbox List:Get all list chat with valid path

09:49:28.351 [pool-4-thread-9] INFO net.thucydides.core.reports.ReportService - net.thucydides.core.reports.html.HtmlAcceptanceTestReporter@72691aba: Generating report for test outcome: Get Inbox List:Get all list chat with valid path

09:49:28.352 [pool-4-thread-7] DEBUG serenity.reporting - Generated report e40e1b912862db1c10dbf8a650d7fcf995570eab80977798e7b22b13b69dd627.html in 655 ms

09:49:28.352 [pool-4-thread-7] DEBUG net.thucydides.core.reports.ReportService - Processing test outcome Register mentor:Register mentor valid json done

09:49:28.352 [pool-4-thread-7] DEBUG net.thucydides.core.reports.ReportService - Processing test outcome Get Inbox List:Get all list chat with invalid path

09:49:28.352 [pool-4-thread-7] INFO net.thucydides.core.reports.ReportService - net.thucydides.core.reports.html.HtmlAcceptanceTestReporter@72691aba: Generating report for test outcome: Get Inbox List:Get all list chat with invalid path

09:49:28.353 [pool-4-thread-9] DEBUG net.thucydides.core.requirements.BaseRequirementsService - Requirement found for test outcome Get all list chat with valid path-[]: Optional[Requirement{name='Get Inbox List', type='feature' parent = 'Chat', cardNumber='null'}]

09:49:28.353 [pool-4-thread-12] DEBUG serenity.reporting - Generated report 06eef6a0422d8ad6d2433e015fe2e30b1496732c2a020bed32177924f5d761b5.html in 656 ms

09:49:28.353 [pool-4-thread-12] DEBUG net.thucydides.core.reports.ReportService - Processing test outcome Register student:Register student with existing json done

09:49:28.353 [pool-4-thread-12] DEBUG net.thucydides.core.reports.ReportService - Processing test outcome Post Create Message:Create message with valid parameter on json request body

09:49:28.353 [pool-4-thread-12] INFO net.thucydides.core.reports.ReportService - net.thucydides.core.reports.html.HtmlAcceptanceTestReporter@72691aba: Generating report for test outcome: Post Create Message:Create message with valid parameter on json request body

09:49:28.353 [pool-4-thread-7] DEBUG net.thucydides.core.requirements.BaseRequirementsService - Requirement found for test outcome Get all list chat with invalid path-[]: Optional[Requirement{name='Get Inbox List', type='feature' parent = 'Chat', cardNumber='null'}]

09:49:28.353 [pool-4-thread-9] DEBUG net.thucydides.core.requirements.BaseRequirementsService - Requirement found for test outcome Get all list chat with valid path-[]: Optional[Requirement{name='Get Inbox List', type='feature' parent = 'Chat', cardNumber='null'}]

09:49:28.354 [pool-4-thread-7] DEBUG net.thucydides.core.requirements.BaseRequirementsService - Requirement found for test outcome Get all list chat with invalid path-[]: Optional[Requirement{name='Get Inbox List', type='feature' parent = 'Chat', cardNumber='null'}]

09:49:28.355 [pool-4-thread-12] DEBUG net.thucydides.core.requirements.BaseRequirementsService - Requirement found for test outcome Create message with valid parameter on json request body-[]: Optional[Requirement{name='Post Create Message', type='feature' parent = 'Chat', cardNumber='null'}]

09:49:28.355 [pool-4-thread-10] DEBUG serenity.reporting - Generated report cb2f6b38b6efcf8131f395eb98853bfc0c63e896383b9602034bbc42eab814ba.html in 658 ms

09:49:28.355 [pool-4-thread-10] DEBUG net.thucydides.core.reports.ReportService - Processing test outcome Register mentor:Register mentor with blank json done

09:49:28.355 [pool-4-thread-10] DEBUG net.thucydides.core.reports.ReportService - Processing test outcome Post Create Message:Create message with invalid parameter mentor_id on json request body

09:49:28.355 [pool-4-thread-10] INFO net.thucydides.core.reports.ReportService - net.thucydides.core.reports.html.HtmlAcceptanceTestReporter@72691aba: Generating report for test outcome: Post Create Message:Create message with invalid parameter mentor_id on json request body

09:49:28.356 [pool-4-thread-12] DEBUG net.thucydides.core.requirements.BaseRequirementsService - Requirement found for test outcome Create message with valid parameter on json request body-[]: Optional[Requirement{name='Post Create Message', type='feature' parent = 'Chat', cardNumber='null'}]

09:49:28.357 [pool-4-thread-2] DEBUG serenity.reporting - Generated report c665db1359e61abf3a6f21b96e40c0d0c3dbbf93daba4aa482ba2dd46f32d394.html in 660 ms

09:49:28.359 [pool-4-thread-11] DEBUG net.thucydides.core.requirements.BaseRequirementsService - Requirement found for test outcome Get chat contents with invalid path-[]: Optional[Requirement{name='Get Chat Message', type='feature' parent = 'Chat', cardNumber='null'}]

09:49:28.360 [pool-4-thread-2] DEBUG net.thucydides.core.reports.ReportService - Processing test outcome Login mentor:Login mentor invalid json done

09:49:28.360 [pool-4-thread-2] DEBUG net.thucydides.core.reports.ReportService - Processing test outcome Post Create Message:Create message with invalid parameter student_id on json request body

09:49:28.360 [pool-4-thread-3] DEBUG serenity.reporting - Generating report in 69c422380384d460f28390fdb90ff6a9bdd66ae9d7f32603028309775cc4533c.html

09:49:28.360 [pool-4-thread-2] INFO net.thucydides.core.reports.ReportService - net.thucydides.core.reports.html.HtmlAcceptanceTestReporter@72691aba: Generating report for test outcome: Post Create Message:Create message with invalid parameter student_id on json request body

09:49:28.360 [pool-4-thread-11] DEBUG net.thucydides.core.requirements.BaseRequirementsService - Requirement found for test outcome Get chat contents with invalid path-[]: Optional[Requirement{name='Get Chat Message', type='feature' parent = 'Chat', cardNumber='null'}]

09:49:28.359 [pool-4-thread-10] DEBUG net.thucydides.core.requirements.BaseRequirementsService - Requirement found for test outcome Create message with invalid parameter mentor_id on json request body-[]: Optional[Requirement{name='Post Create Message', type='feature' parent = 'Chat', cardNumber='null'}]

09:49:28.361 [pool-4-thread-11] DEBUG serenity.reporting - Generating report in d48b24d105a9c48e761946ca24343d091637385111978dd9738328a99af14b7b.html

09:49:28.362 [pool-4-thread-10] DEBUG net.thucydides.core.requirements.BaseRequirementsService - Requirement found for test outcome Create message with invalid parameter mentor_id on json request body-[]: Optional[Requirement{name='Post Create Message', type='feature' parent = 'Chat', cardNumber='null'}]

09:49:28.359 [pool-4-thread-9] DEBUG serenity.reporting - Generating report in 2da78125dd0a9343f9199a635ee7fdc84a749286f4ea75bbf9df750ee4f3553a.html

09:49:28.359 [pool-4-thread-1] DEBUG serenity.reporting - Generated report d04d66d1d9c36faa8c68af29df75d7263880890af7a4f9d37f6342c6e470c777.html in 662 ms

09:49:28.358 [pool-4-thread-6] DEBUG serenity.reporting - Generated report 33e1217da9f7eb292d4b88c23ec24d99579a10d630b07a281ee6446a04ce6ada.html in 661 ms

09:49:28.367 [pool-4-thread-1] DEBUG net.thucydides.core.reports.ReportService - Processing test outcome Login mentor:Login mentor valid json done

09:49:28.367 [pool-4-thread-6] DEBUG net.thucydides.core.reports.ReportService - Processing test outcome Login mentor:Login student blank json done

09:49:28.367 [pool-4-thread-1] DEBUG net.thucydides.core.reports.ReportService - Processing test outcome Post Create Message:Create message with extra parameter on json request body

09:49:28.367 [pool-4-thread-6] DEBUG net.thucydides.core.reports.ReportService - Processing test outcome Post Create Message:Create message with blank or empty parameter on json request body

09:49:28.367 [pool-4-thread-1] INFO net.thucydides.core.reports.ReportService - net.thucydides.core.reports.html.HtmlAcceptanceTestReporter@72691aba: Generating report for test outcome: Post Create Message:Create message with extra parameter on json request body

09:49:28.367 [pool-4-thread-6] INFO net.thucydides.core.reports.ReportService - net.thucydides.core.reports.html.HtmlAcceptanceTestReporter@72691aba: Generating report for test outcome: Post Create Message:Create message with blank or empty parameter on json request body

09:49:28.368 [pool-4-thread-10] DEBUG serenity.reporting - Generating report in f8530d92248190cb13f80eb519a83675f2f4c55ece8aba6bbd4eb5cc5bb656a4.html

09:49:28.368 [pool-4-thread-2] DEBUG net.thucydides.core.requirements.BaseRequirementsService - Requirement found for test outcome Create message with invalid parameter student_id on json request body-[]: Optional[Requirement{name='Post Create Message', type='feature' parent = 'Chat', cardNumber='null'}]

09:49:28.368 [pool-4-thread-1] DEBUG net.thucydides.core.requirements.BaseRequirementsService - Requirement found for test outcome Create message with extra parameter on json request body-[]: Optional[Requirement{name='Post Create Message', type='feature' parent = 'Chat', cardNumber='null'}]

09:49:28.368 [pool-4-thread-6] DEBUG net.thucydides.core.requirements.BaseRequirementsService - Requirement found for test outcome Create message with blank or empty parameter on json request body-[]: Optional[Requirement{name='Post Create Message', type='feature' parent = 'Chat', cardNumber='null'}]

09:49:28.368 [pool-4-thread-2] DEBUG net.thucydides.core.requirements.BaseRequirementsService - Requirement found for test outcome Create message with invalid parameter student_id on json request body-[]: Optional[Requirement{name='Post Create Message', type='feature' parent = 'Chat', cardNumber='null'}]

09:49:28.368 [pool-4-thread-1] DEBUG net.thucydides.core.requirements.BaseRequirementsService - Requirement found for test outcome Create message with extra parameter on json request body-[]: Optional[Requirement{name='Post Create Message', type='feature' parent = 'Chat', cardNumber='null'}]

09:49:28.368 [pool-4-thread-6] DEBUG net.thucydides.core.requirements.BaseRequirementsService - Requirement found for test outcome Create message with blank or empty parameter on json request body-[]: Optional[Requirement{name='Post Create Message', type='feature' parent = 'Chat', cardNumber='null'}]

09:49:28.369 [pool-4-thread-5] DEBUG serenity.reporting - Generated report 33c6485e80c20a125cbff5a705494c0266172db88053ebb4fba19a8562ad352e.html in 20 ms

09:49:28.369 [pool-4-thread-5] DEBUG net.thucydides.core.reports.ReportService - Processing test outcome Register student:Register student blank data done

09:49:28.369 [pool-4-thread-5] DEBUG net.thucydides.core.reports.ReportService - Processing test outcome Post Create Message:Create message with 1 parameter(only chat contents)

09:49:28.369 [pool-4-thread-5] INFO net.thucydides.core.reports.ReportService - net.thucydides.core.reports.html.HtmlAcceptanceTestReporter@72691aba: Generating report for test outcome: Post Create Message:Create message with 1 parameter(only chat contents)

09:49:28.369 [pool-4-thread-3] DEBUG serenity.reporting - Generated report 69c422380384d460f28390fdb90ff6a9bdd66ae9d7f32603028309775cc4533c.html in 9 ms

09:49:28.369 [pool-4-thread-3] DEBUG net.thucydides.core.reports.ReportService - Processing test outcome Register student:Register student invalid data done

09:49:28.369 [pool-4-thread-3] DEBUG net.thucydides.core.reports.ReportService - Processing test outcome Post Create Message:Create messages longer than 500 characters

09:49:28.369 [pool-4-thread-3] INFO net.thucydides.core.reports.ReportService - net.thucydides.core.reports.html.HtmlAcceptanceTestReporter@72691aba: Generating report for test outcome: Post Create Message:Create messages longer than 500 characters

09:49:28.358 [pool-4-thread-8] DEBUG serenity.reporting - Generated report 91f383c4c0ab5d32c8f14161f90252915de44baeb5fdc53b117dcd814b9a6afa.html in 661 ms

09:49:28.358 [pool-4-thread-7] DEBUG serenity.reporting - Generating report in c42c103ad5bcee98d8896e47472111f73d6ea3fa01b030754bcf5c9fd78dca1d.html

09:49:28.369 [pool-4-thread-8] DEBUG net.thucydides.core.reports.ReportService - Processing test outcome Register mentor:Register mentor with existing json done

09:49:28.358 [pool-4-thread-12] DEBUG serenity.reporting - Generating report in 5126e5225809f5c27f0a7cd4fcb187a18af2cf5e4595362738d96aaae4125cea.html

09:49:28.369 [pool-4-thread-8] DEBUG net.thucydides.core.reports.ReportService - Processing test outcome Post Create Message:Create message without any characters or request body

09:49:28.369 [pool-4-thread-8] INFO net.thucydides.core.reports.ReportService - net.thucydides.core.reports.html.HtmlAcceptanceTestReporter@72691aba: Generating report for test outcome: Post Create Message:Create message without any characters or request body

09:49:28.370 [pool-4-thread-6] DEBUG serenity.reporting - Generating report in 5300e9d2cbec9d10fa0a905e7b6c543232d5fc7cd0ad687357c6748f9d9a7121.html

09:49:28.370 [pool-4-thread-3] DEBUG net.thucydides.core.requirements.BaseRequirementsService - Requirement found for test outcome Create messages longer than 500 characters-[]: Optional[Requirement{name='Post Create Message', type='feature' parent = 'Chat', cardNumber='null'}]

09:49:28.369 [pool-4-thread-5] DEBUG net.thucydides.core.requirements.BaseRequirementsService - Requirement found for test outcome Create message with 1 parameter(only chat contents)-[]: Optional[Requirement{name='Post Create Message', type='feature' parent = 'Chat', cardNumber='null'}]

09:49:28.369 [pool-4-thread-2] DEBUG serenity.reporting - Generating report in 56a1f92fc726a9623667a2204f49162adab1ee46fddfeb1a91d0063ec4bc1378.html

09:49:28.369 [pool-4-thread-1] DEBUG serenity.reporting - Generating report in a6e136ef8528fe5d6779593cba788c3baa1ecbc82e21f36b23071e87c2303bf3.html

09:49:28.370 [pool-4-thread-3] DEBUG net.thucydides.core.requirements.BaseRequirementsService - Requirement found for test outcome Create messages longer than 500 characters-[]: Optional[Requirement{name='Post Create Message', type='feature' parent = 'Chat', cardNumber='null'}]

09:49:28.370 [pool-4-thread-5] DEBUG net.thucydides.core.requirements.BaseRequirementsService - Requirement found for test outcome Create message with 1 parameter(only chat contents)-[]: Optional[Requirement{name='Post Create Message', type='feature' parent = 'Chat', cardNumber='null'}]

09:49:28.370 [pool-4-thread-8] DEBUG net.thucydides.core.requirements.BaseRequirementsService - Requirement found for test outcome Create message without any characters or request body-[]: Optional[Requirement{name='Post Create Message', type='feature' parent = 'Chat', cardNumber='null'}]

09:49:28.370 [pool-4-thread-8] DEBUG net.thucydides.core.requirements.BaseRequirementsService - Requirement found for test outcome Create message without any characters or request body-[]: Optional[Requirement{name='Post Create Message', type='feature' parent = 'Chat', cardNumber='null'}]

09:49:28.371 [pool-4-thread-3] DEBUG serenity.reporting - Generating report in 7aec783a9f60120e7d302fad9c04be7c2280c3ec1a5ffc98129cffb40025b94e.html

09:49:28.371 [pool-4-thread-5] DEBUG serenity.reporting - Generating report in ebea7434473b2b0f4c4077316165a9f271221ed7a58aa9d9038dc776dfff5917.html

09:49:28.371 [pool-4-thread-8] DEBUG serenity.reporting - Generating report in 7f7e4693fa445498d4abed00616fe8c5dd8d5896cfe6f63d9e6987e11daf74b5.html

09:49:28.389 [pool-4-thread-2] DEBUG serenity.reporting - Generated report 56a1f92fc726a9623667a2204f49162adab1ee46fddfeb1a91d0063ec4bc1378.html in 20 ms

09:49:28.390 [pool-4-thread-2] DEBUG net.thucydides.core.reports.ReportService - Processing test outcome Post Create Message:Create message with invalid parameter student_id on json request body done

09:49:28.390 [pool-4-thread-2] DEBUG net.thucydides.core.reports.ReportService - Processing test outcome Post Create Message:Create message with invalid path

09:49:28.390 [pool-4-thread-2] INFO net.thucydides.core.reports.ReportService - net.thucydides.core.reports.html.HtmlAcceptanceTestReporter@72691aba: Generating report for test outcome: Post Create Message:Create message with invalid path

09:49:28.391 [pool-4-thread-2] DEBUG net.thucydides.core.requirements.BaseRequirementsService - Requirement found for test outcome Create message with invalid path-[]: Optional[Requirement{name='Post Create Message', type='feature' parent = 'Chat', cardNumber='null'}]

09:49:28.391 [pool-4-thread-2] DEBUG net.thucydides.core.requirements.BaseRequirementsService - Requirement found for test outcome Create message with invalid path-[]: Optional[Requirement{name='Post Create Message', type='feature' parent = 'Chat', cardNumber='null'}]

09:49:28.395 [pool-4-thread-1] DEBUG serenity.reporting - Generated report a6e136ef8528fe5d6779593cba788c3baa1ecbc82e21f36b23071e87c2303bf3.html in 26 ms

09:49:28.395 [pool-4-thread-1] DEBUG net.thucydides.core.reports.ReportService - Processing test outcome Post Create Message:Create message with extra parameter on json request body done

09:49:28.395 [pool-4-thread-12] DEBUG serenity.reporting - Generated report 5126e5225809f5c27f0a7cd4fcb187a18af2cf5e4595362738d96aaae4125cea.html in 37 ms

09:49:28.395 [pool-4-thread-12] DEBUG net.thucydides.core.reports.ReportService - Processing test outcome Post Create Message:Create message with valid parameter on json request body done

09:49:28.395 [pool-4-thread-12] DEBUG net.thucydides.core.reports.ReportService - Processing test outcome MusicLab API Automation Testing Capstone Project:Post to make a class with valid parameters of json file

09:49:28.395 [pool-4-thread-1] DEBUG net.thucydides.core.reports.ReportService - Processing test outcome MusicLab API Automation Testing Capstone Project:Post to make a class with invalid parameters of json file

09:49:28.395 [pool-4-thread-12] INFO net.thucydides.core.reports.ReportService - net.thucydides.core.reports.html.HtmlAcceptanceTestReporter@72691aba: Generating report for test outcome: MusicLab API Automation Testing Capstone Project:Post to make a class with valid parameters of json file

09:49:28.395 [pool-4-thread-1] INFO net.thucydides.core.reports.ReportService - net.thucydides.core.reports.html.HtmlAcceptanceTestReporter@72691aba: Generating report for test outcome: MusicLab API Automation Testing Capstone Project:Post to make a class with invalid parameters of json file

09:49:28.396 [pool-4-thread-4] DEBUG serenity.reporting - Generated report 9a4eb9ef5880c2cec26e1d89d773ddec541ef273efd37d904b8663407b5bbfc4.html in 47 ms

09:49:28.396 [pool-4-thread-4] DEBUG net.thucydides.core.reports.ReportService - Processing test outcome Get Chat Message:Get chat contents with valid path done

09:49:28.396 [pool-4-thread-4] DEBUG net.thucydides.core.reports.ReportService - Processing test outcome MusicLab API Automation Testing Capstone Project:Post to make a class with null parameter

09:49:28.396 [pool-4-thread-4] INFO net.thucydides.core.reports.ReportService - net.thucydides.core.reports.html.HtmlAcceptanceTestReporter@72691aba: Generating report for test outcome: MusicLab API Automation Testing Capstone Project:Post to make a class with null parameter

09:49:28.396 [pool-4-thread-8] DEBUG serenity.reporting - Generated report 7f7e4693fa445498d4abed00616fe8c5dd8d5896cfe6f63d9e6987e11daf74b5.html in 25 ms

09:49:28.396 [pool-4-thread-8] DEBUG net.thucydides.core.reports.ReportService - Processing test outcome Post Create Message:Create message without any characters or request body done

09:49:28.396 [pool-4-thread-8] DEBUG net.thucydides.core.reports.ReportService - Processing test outcome MusicLab API Automation Testing Capstone Project:Get all class by ID Mentor valid

09:49:28.396 [pool-4-thread-8] INFO net.thucydides.core.reports.ReportService - net.thucydides.core.reports.html.HtmlAcceptanceTestReporter@72691aba: Generating report for test outcome: MusicLab API Automation Testing Capstone Project:Get all class by ID Mentor valid

09:49:28.396 [pool-4-thread-12] DEBUG net.thucydides.core.requirements.BaseRequirementsService - Requirement found for test outcome Post to make a class with valid parameters of json file-[]: Optional[Requirement{name='MusicLab API Automation Testing Capstone Project', type='feature' parent = 'Class', cardNumber='null'}]

09:49:28.396 [pool-4-thread-1] DEBUG net.thucydides.core.requirements.BaseRequirementsService - Requirement found for test outcome Post to make a class with invalid parameters of json file-[]: Optional[Requirement{name='MusicLab API Automation Testing Capstone Project', type='feature' parent = 'Class', cardNumber='null'}]

09:49:28.397 [pool-4-thread-1] DEBUG net.thucydides.core.requirements.BaseRequirementsService - Requirement found for test outcome Post to make a class with invalid parameters of json file-[]: Optional[Requirement{name='MusicLab API Automation Testing Capstone Project', type='feature' parent = 'Class', cardNumber='null'}]

09:49:28.397 [pool-4-thread-12] DEBUG net.thucydides.core.requirements.BaseRequirementsService - Requirement found for test outcome Post to make a class with valid parameters of json file-[]: Optional[Requirement{name='MusicLab API Automation Testing Capstone Project', type='feature' parent = 'Class', cardNumber='null'}]

09:49:28.397 [pool-4-thread-8] DEBUG net.thucydides.core.requirements.BaseRequirementsService - Requirement found for test outcome Get all class by ID Mentor valid-[]: Optional[Requirement{name='MusicLab API Automation Testing Capstone Project', type='feature' parent = 'Class', cardNumber='null'}]

09:49:28.397 [pool-4-thread-8] DEBUG net.thucydides.core.requirements.BaseRequirementsService - Requirement found for test outcome Get all class by ID Mentor valid-[]: Optional[Requirement{name='MusicLab API Automation Testing Capstone Project', type='feature' parent = 'Class', cardNumber='null'}]

09:49:28.398 [pool-4-thread-11] DEBUG serenity.reporting - Generated report d48b24d105a9c48e761946ca24343d091637385111978dd9738328a99af14b7b.html in 37 ms

09:49:28.398 [pool-4-thread-11] DEBUG net.thucydides.core.reports.ReportService - Processing test outcome Get Chat Message:Get chat contents with invalid path done

09:49:28.398 [pool-4-thread-11] DEBUG net.thucydides.core.reports.ReportService - Processing test outcome MusicLab API Automation Testing Capstone Project:Get all class by ID Mentor invalid

09:49:28.398 [pool-4-thread-11] INFO net.thucydides.core.reports.ReportService - net.thucydides.core.reports.html.HtmlAcceptanceTestReporter@72691aba: Generating report for test outcome: MusicLab API Automation Testing Capstone Project:Get all class by ID Mentor invalid

09:49:28.398 [pool-4-thread-12] DEBUG serenity.reporting - Generating report in c56962bd61d28209cce7632f5fe4a04d2a8083e88ba94a37620b5f6737e41718.html

09:49:28.398 [pool-4-thread-1] DEBUG serenity.reporting - Generating report in 5c179eefc839757fbf38705f6b463a4abbc1353b6b4d9dbcec46e363bf27c99e.html

09:49:28.398 [pool-4-thread-11] DEBUG net.thucydides.core.requirements.BaseRequirementsService - Requirement found for test outcome Get all class by ID Mentor invalid-[]: Optional[Requirement{name='MusicLab API Automation Testing Capstone Project', type='feature' parent = 'Class', cardNumber='null'}]

09:49:28.398 [pool-4-thread-4] DEBUG net.thucydides.core.requirements.BaseRequirementsService - Requirement found for test outcome Post to make a class with null parameter-[]: Optional[Requirement{name='MusicLab API Automation Testing Capstone Project', type='feature' parent = 'Class', cardNumber='null'}]

09:49:28.399 [pool-4-thread-11] DEBUG net.thucydides.core.requirements.BaseRequirementsService - Requirement found for test outcome Get all class by ID Mentor invalid-[]: Optional[Requirement{name='MusicLab API Automation Testing Capstone Project', type='feature' parent = 'Class', cardNumber='null'}]

09:49:28.400 [pool-4-thread-8] DEBUG serenity.reporting - Generating report in b66aaecfb571a16cd0c7f1262811bf180e2023c65669c949862dc7fa8ccdd333.html

09:49:28.400 [pool-4-thread-4] DEBUG net.thucydides.core.requirements.BaseRequirementsService - Requirement found for test outcome Post to make a class with null parameter-[]: Optional[Requirement{name='MusicLab API Automation Testing Capstone Project', type='feature' parent = 'Class', cardNumber='null'}]

09:49:28.402 [pool-4-thread-10] DEBUG serenity.reporting - Generated report f8530d92248190cb13f80eb519a83675f2f4c55ece8aba6bbd4eb5cc5bb656a4.html in 34 ms

09:49:28.402 [pool-4-thread-10] DEBUG net.thucydides.core.reports.ReportService - Processing test outcome Post Create Message:Create message with invalid parameter mentor_id on json request body done

09:49:28.402 [pool-4-thread-10] DEBUG net.thucydides.core.reports.ReportService - Processing test outcome MusicLab API Automation Testing Capstone Project:Get mentor class detail

09:49:28.402 [pool-4-thread-10] INFO net.thucydides.core.reports.ReportService - net.thucydides.core.reports.html.HtmlAcceptanceTestReporter@72691aba: Generating report for test outcome: MusicLab API Automation Testing Capstone Project:Get mentor class detail

09:49:28.404 [pool-4-thread-7] DEBUG serenity.reporting - Generated report c42c103ad5bcee98d8896e47472111f73d6ea3fa01b030754bcf5c9fd78dca1d.html in 46 ms

09:49:28.404 [pool-4-thread-7] DEBUG net.thucydides.core.reports.ReportService - Processing test outcome Get Inbox List:Get all list chat with invalid path done

09:49:28.404 [pool-4-thread-7] DEBUG net.thucydides.core.reports.ReportService - Processing test outcome MusicLab API Automation Testing Capstone Project:Put or edit a class valid json all parameters

09:49:28.404 [pool-4-thread-7] INFO net.thucydides.core.reports.ReportService - net.thucydides.core.reports.html.HtmlAcceptanceTestReporter@72691aba: Generating report for test outcome: MusicLab API Automation Testing Capstone Project:Put or edit a class valid json all parameters

09:49:28.405 [pool-4-thread-10] DEBUG net.thucydides.core.requirements.BaseRequirementsService - Requirement found for test outcome Get mentor class detail-[]: Optional[Requirement{name='MusicLab API Automation Testing Capstone Project', type='feature' parent = 'Class', cardNumber='null'}]

09:49:28.406 [pool-4-thread-7] DEBUG net.thucydides.core.requirements.BaseRequirementsService - Requirement found for test outcome Put or edit a class valid json all parameters-[]: Optional[Requirement{name='MusicLab API Automation Testing Capstone Project', type='feature' parent = 'Class', cardNumber='null'}]

09:49:28.406 [pool-4-thread-7] DEBUG net.thucydides.core.requirements.BaseRequirementsService - Requirement found for test outcome Put or edit a class valid json all parameters-[]: Optional[Requirement{name='MusicLab API Automation Testing Capstone Project', type='feature' parent = 'Class', cardNumber='null'}]

09:49:28.407 [pool-4-thread-10] DEBUG net.thucydides.core.requirements.BaseRequirementsService - Requirement found for test outcome Get mentor class detail-[]: Optional[Requirement{name='MusicLab API Automation Testing Capstone Project', type='feature' parent = 'Class', cardNumber='null'}]

09:49:28.409 [pool-4-thread-11] DEBUG serenity.reporting - Generating report in 1e65a2b2d191a22793f4e03ec6685169d65e00d1980e403a77ac8b4e3640a8a3.html

09:49:28.410 [pool-4-thread-9] DEBUG serenity.reporting - Generated report 2da78125dd0a9343f9199a635ee7fdc84a749286f4ea75bbf9df750ee4f3553a.html in 51 ms

09:49:28.410 [pool-4-thread-9] DEBUG net.thucydides.core.reports.ReportService - Processing test outcome Get Inbox List:Get all list chat with valid path done

09:49:28.410 [pool-4-thread-9] DEBUG net.thucydides.core.reports.ReportService - Processing test outcome MusicLab API Automation Testing Capstone Project:Put or edit a class one parameter

09:49:28.410 [pool-4-thread-9] INFO net.thucydides.core.reports.ReportService - net.thucydides.core.reports.html.HtmlAcceptanceTestReporter@72691aba: Generating report for test outcome: MusicLab API Automation Testing Capstone Project:Put or edit a class one parameter

09:49:28.410 [pool-4-thread-7] DEBUG serenity.reporting - Generating report in a389734b6cc44ee108778d1c788b19256c744b15cabbdfc0ce358690ba6c3350.html

09:49:28.410 [pool-4-thread-2] DEBUG serenity.reporting - Generating report in e77f5a63b67408558e4998ec887fe0c29d36d2e8df0b33d980b457693a847200.html

09:49:28.411 [pool-4-thread-5] DEBUG serenity.reporting - Generated report ebea7434473b2b0f4c4077316165a9f271221ed7a58aa9d9038dc776dfff5917.html in 40 ms

09:49:28.411 [pool-4-thread-5] DEBUG net.thucydides.core.reports.ReportService - Processing test outcome Post Create Message:Create message with 1 parameter(only chat contents) done

09:49:28.411 [pool-4-thread-5] DEBUG net.thucydides.core.reports.ReportService - Processing test outcome MusicLab API Automation Testing Capstone Project:Put or edit a class null parameter

09:49:28.411 [pool-4-thread-5] INFO net.thucydides.core.reports.ReportService - net.thucydides.core.reports.html.HtmlAcceptanceTestReporter@72691aba: Generating report for test outcome: MusicLab API Automation Testing Capstone Project:Put or edit a class null parameter

09:49:28.411 [pool-4-thread-9] DEBUG net.thucydides.core.requirements.BaseRequirementsService - Requirement found for test outcome Put or edit a class one parameter-[]: Optional[Requirement{name='MusicLab API Automation Testing Capstone Project', type='feature' parent = 'Class', cardNumber='null'}]

09:49:28.412 [pool-4-thread-9] DEBUG net.thucydides.core.requirements.BaseRequirementsService - Requirement found for test outcome Put or edit a class one parameter-[]: Optional[Requirement{name='MusicLab API Automation Testing Capstone Project', type='feature' parent = 'Class', cardNumber='null'}]

09:49:28.412 [pool-4-thread-5] DEBUG net.thucydides.core.requirements.BaseRequirementsService - Requirement found for test outcome Put or edit a class null parameter-[]: Optional[Requirement{name='MusicLab API Automation Testing Capstone Project', type='feature' parent = 'Class', cardNumber='null'}]

09:49:28.412 [pool-4-thread-4] DEBUG serenity.reporting - Generating report in 84fc17b361552b55dff364a1a81c5a0899a2aa03b51d93a6e2f480a5f22a00ab.html

09:49:28.412 [pool-4-thread-5] DEBUG net.thucydides.core.requirements.BaseRequirementsService - Requirement found for test outcome Put or edit a class null parameter-[]: Optional[Requirement{name='MusicLab API Automation Testing Capstone Project', type='feature' parent = 'Class', cardNumber='null'}]

09:49:28.412 [pool-4-thread-10] DEBUG serenity.reporting - Generating report in 195b789962b8493e91bc2853b2145995e4d76e81c0ab78a9dc44f77f4533fcd9.html

09:49:28.413 [pool-4-thread-1] DEBUG serenity.reporting - Generated report 5c179eefc839757fbf38705f6b463a4abbc1353b6b4d9dbcec46e363bf27c99e.html in 15 ms

09:49:28.413 [pool-4-thread-1] DEBUG net.thucydides.core.reports.ReportService - Processing test outcome MusicLab API Automation Testing Capstone Project:Post to make a class with invalid parameters of json file done

09:49:28.413 [pool-4-thread-1] DEBUG net.thucydides.core.reports.ReportService - Processing test outcome MusicLab API Automation Testing Capstone Project:Delete a class

09:49:28.413 [pool-4-thread-1] INFO net.thucydides.core.reports.ReportService - net.thucydides.core.reports.html.HtmlAcceptanceTestReporter@72691aba: Generating report for test outcome: MusicLab API Automation Testing Capstone Project:Delete a class

09:49:28.413 [pool-4-thread-3] DEBUG serenity.reporting - Generated report 7aec783a9f60120e7d302fad9c04be7c2280c3ec1a5ffc98129cffb40025b94e.html in 42 ms

09:49:28.413 [pool-4-thread-3] DEBUG net.thucydides.core.reports.ReportService - Processing test outcome Post Create Message:Create messages longer than 500 characters done

09:49:28.413 [pool-4-thread-3] DEBUG net.thucydides.core.reports.ReportService - Processing test outcome Delete genre:Delete valid parameter genre

09:49:28.413 [pool-4-thread-3] INFO net.thucydides.core.reports.ReportService - net.thucydides.core.reports.html.HtmlAcceptanceTestReporter@72691aba: Generating report for test outcome: Delete genre:Delete valid parameter genre

09:49:28.413 [pool-4-thread-5] DEBUG serenity.reporting - Generating report in b212b4a3e12944eb395124ae76af36b415a41db2f1c50692086895d7aa01e8dc.html

09:49:28.414 [pool-4-thread-1] DEBUG net.thucydides.core.requirements.BaseRequirementsService - Requirement found for test outcome Delete a class-[]: Optional[Requirement{name='MusicLab API Automation Testing Capstone Project', type='feature' parent = 'Class', cardNumber='null'}]

09:49:28.414 [pool-4-thread-3] DEBUG net.thucydides.core.requirements.BaseRequirementsService - Requirement found for test outcome Delete valid parameter genre-[]: Optional[Requirement{name='Delete genre', type='feature' parent = 'Genre', cardNumber='null'}]

09:49:28.414 [pool-4-thread-9] DEBUG serenity.reporting - Generating report in 50e80ef391c2f5c903458d73ab9fc8c4c963c7935473902553ccebb33e99670e.html

09:49:28.414 [pool-4-thread-1] DEBUG net.thucydides.core.requirements.BaseRequirementsService - Requirement found for test outcome Delete a class-[]: Optional[Requirement{name='MusicLab API Automation Testing Capstone Project', type='feature' parent = 'Class', cardNumber='null'}]

09:49:28.414 [pool-4-thread-3] DEBUG net.thucydides.core.requirements.BaseRequirementsService - Requirement found for test outcome Delete valid parameter genre-[]: Optional[Requirement{name='Delete genre', type='feature' parent = 'Genre', cardNumber='null'}]

09:49:28.415 [pool-4-thread-12] DEBUG serenity.reporting - Generated report c56962bd61d28209cce7632f5fe4a04d2a8083e88ba94a37620b5f6737e41718.html in 17 ms

09:49:28.415 [pool-4-thread-12] DEBUG net.thucydides.core.reports.ReportService - Processing test outcome MusicLab API Automation Testing Capstone Project:Post to make a class with valid parameters of json file done

09:49:28.415 [pool-4-thread-12] DEBUG net.thucydides.core.reports.ReportService - Processing test outcome Delete genre:Delete invalid parameter genre

09:49:28.415 [pool-4-thread-12] INFO net.thucydides.core.reports.ReportService - net.thucydides.core.reports.html.HtmlAcceptanceTestReporter@72691aba: Generating report for test outcome: Delete genre:Delete invalid parameter genre

09:49:28.415 [pool-4-thread-6] DEBUG serenity.reporting - Generated report 5300e9d2cbec9d10fa0a905e7b6c543232d5fc7cd0ad687357c6748f9d9a7121.html in 45 ms

09:49:28.415 [pool-4-thread-6] DEBUG net.thucydides.core.reports.ReportService - Processing test outcome Post Create Message:Create message with blank or empty parameter on json request body done

09:49:28.415 [pool-4-thread-6] DEBUG net.thucydides.core.reports.ReportService - Processing test outcome Delete genre:Delete blank parameter genre

09:49:28.415 [pool-4-thread-6] INFO net.thucydides.core.reports.ReportService - net.thucydides.core.reports.html.HtmlAcceptanceTestReporter@72691aba: Generating report for test outcome: Delete genre:Delete blank parameter genre

09:49:28.415 [pool-4-thread-8] DEBUG serenity.reporting - Generated report b66aaecfb571a16cd0c7f1262811bf180e2023c65669c949862dc7fa8ccdd333.html in 15 ms

09:49:28.415 [pool-4-thread-8] DEBUG net.thucydides.core.reports.ReportService - Processing test outcome MusicLab API Automation Testing Capstone Project:Get all class by ID Mentor valid done

09:49:28.415 [pool-4-thread-8] DEBUG net.thucydides.core.reports.ReportService - Processing test outcome Get all data genre:Get all genre

09:49:28.415 [pool-4-thread-8] INFO net.thucydides.core.reports.ReportService - net.thucydides.core.reports.html.HtmlAcceptanceTestReporter@72691aba: Generating report for test outcome: Get all data genre:Get all genre

09:49:28.416 [pool-4-thread-1] DEBUG serenity.reporting - Generating report in ba336262f7fcaf5cfa77986f583b824485959fe4ca9cf73ccda262dfb79efc6e.html

09:49:28.416 [pool-4-thread-6] DEBUG net.thucydides.core.requirements.BaseRequirementsService - Requirement found for test outcome Delete blank parameter genre-[]: Optional[Requirement{name='Delete genre', type='feature' parent = 'Genre', cardNumber='null'}]

09:49:28.417 [pool-4-thread-6] DEBUG net.thucydides.core.requirements.BaseRequirementsService - Requirement found for test outcome Delete blank parameter genre-[]: Optional[Requirement{name='Delete genre', type='feature' parent = 'Genre', cardNumber='null'}]

09:49:28.419 [pool-4-thread-6] DEBUG serenity.reporting - Generating report in 6414ab135738af44d4bef173f0f7c63ed975134bb15b3b15bb04890c0d8b32ed.html

09:49:28.423 [pool-4-thread-8] DEBUG net.thucydides.core.requirements.BaseRequirementsService - Requirement found for test outcome Get all genre-[]: Optional[Requirement{name='Get all data genre', type='feature' parent = 'Genre', cardNumber='null'}]

09:49:28.424 [pool-4-thread-12] DEBUG net.thucydides.core.requirements.BaseRequirementsService - Requirement found for test outcome Delete invalid parameter genre-[]: Optional[Requirement{name='Delete genre', type='feature' parent = 'Genre', cardNumber='null'}]

09:49:28.425 [pool-4-thread-8] DEBUG net.thucydides.core.requirements.BaseRequirementsService - Requirement found for test outcome Get all genre-[]: Optional[Requirement{name='Get all data genre', type='feature' parent = 'Genre', cardNumber='null'}]

09:49:28.425 [pool-4-thread-12] DEBUG net.thucydides.core.requirements.BaseRequirementsService - Requirement found for test outcome Delete invalid parameter genre-[]: Optional[Requirement{name='Delete genre', type='feature' parent = 'Genre', cardNumber='null'}]

09:49:28.428 [pool-4-thread-8] DEBUG serenity.reporting - Generating report in a289452992da9406c99abbd70ccff6d3117fc5e469eda26199588fdb34b03aaf.html

09:49:28.428 [pool-4-thread-12] DEBUG serenity.reporting - Generating report in 90d8757aefcb61d92675691e2feb48519615dbeb1162ef9b51de3c6f77380500.html

09:49:28.430 [pool-4-thread-11] DEBUG serenity.reporting - Generated report 1e65a2b2d191a22793f4e03ec6685169d65e00d1980e403a77ac8b4e3640a8a3.html in 21 ms

09:49:28.430 [pool-4-thread-11] DEBUG net.thucydides.core.reports.ReportService - Processing test outcome MusicLab API Automation Testing Capstone Project:Get all class by ID Mentor invalid done

09:49:28.431 [pool-4-thread-11] DEBUG net.thucydides.core.reports.ReportService - Processing test outcome Get all data about genre mentor:Get mentor genre valid parameter

09:49:28.431 [pool-4-thread-11] INFO net.thucydides.core.reports.ReportService - net.thucydides.core.reports.html.HtmlAcceptanceTestReporter@72691aba: Generating report for test outcome: Get all data about genre mentor:Get mentor genre valid parameter

09:49:28.432 [pool-4-thread-11] DEBUG net.thucydides.core.requirements.BaseRequirementsService - Requirement found for test outcome Get mentor genre valid parameter-[]: Optional[Requirement{name='Get all data about genre mentor', type='feature' parent = 'Genre', cardNumber='null'}]

09:49:28.432 [pool-4-thread-5] DEBUG serenity.reporting - Generated report b212b4a3e12944eb395124ae76af36b415a41db2f1c50692086895d7aa01e8dc.html in 19 ms

09:49:28.432 [pool-4-thread-5] DEBUG net.thucydides.core.reports.ReportService - Processing test outcome MusicLab API Automation Testing Capstone Project:Put or edit a class null parameter done

09:49:28.432 [pool-4-thread-5] DEBUG net.thucydides.core.reports.ReportService - Processing test outcome Get all data about genre mentor:Get mentor genre invalid parameter

09:49:28.432 [pool-4-thread-5] INFO net.thucydides.core.reports.ReportService - net.thucydides.core.reports.html.HtmlAcceptanceTestReporter@72691aba: Generating report for test outcome: Get all data about genre mentor:Get mentor genre invalid parameter

09:49:28.433 [pool-4-thread-11] DEBUG net.thucydides.core.requirements.BaseRequirementsService - Requirement found for test outcome Get mentor genre valid parameter-[]: Optional[Requirement{name='Get all data about genre mentor', type='feature' parent = 'Genre', cardNumber='null'}]

09:49:28.433 [pool-4-thread-5] DEBUG net.thucydides.core.requirements.BaseRequirementsService - Requirement found for test outcome Get mentor genre invalid parameter-[]: Optional[Requirement{name='Get all data about genre mentor', type='feature' parent = 'Genre', cardNumber='null'}]

09:49:28.434 [pool-4-thread-5] DEBUG net.thucydides.core.requirements.BaseRequirementsService - Requirement found for test outcome Get mentor genre invalid parameter-[]: Optional[Requirement{name='Get all data about genre mentor', type='feature' parent = 'Genre', cardNumber='null'}]

09:49:28.434 [pool-4-thread-11] DEBUG serenity.reporting - Generating report in 76f4f9eacbd1b7ac135ff1a930f58876925a063d8c6bbf15c3c46fe45d631eed.html

09:49:28.435 [pool-4-thread-5] DEBUG serenity.reporting - Generating report in 6a72e5d4a6ba74c9305e79af64dc7c9e8a1d36467cb359f220008fc04d066e71.html

09:49:28.438 [pool-4-thread-3] DEBUG serenity.reporting - Generating report in 9964f3d32e11976ff76e2e96dcf058b3fb2c782fe0e0072941f49875fe41d895.html

09:49:28.460 [pool-4-thread-5] DEBUG serenity.reporting - Generated report 6a72e5d4a6ba74c9305e79af64dc7c9e8a1d36467cb359f220008fc04d066e71.html in 25 ms

09:49:28.461 [pool-4-thread-2] DEBUG serenity.reporting - Generated report e77f5a63b67408558e4998ec887fe0c29d36d2e8df0b33d980b457693a847200.html in 51 ms

09:49:28.461 [pool-4-thread-5] DEBUG net.thucydides.core.reports.ReportService - Processing test outcome Get all data about genre mentor:Get mentor genre invalid parameter done

09:49:28.461 [pool-4-thread-2] DEBUG net.thucydides.core.reports.ReportService - Processing test outcome Post Create Message:Create message with invalid path done

09:49:28.461 [pool-4-thread-2] DEBUG net.thucydides.core.reports.ReportService - Processing test outcome Mentor post genre:Mentor post genre with valid json

09:49:28.461 [pool-4-thread-2] INFO net.thucydides.core.reports.ReportService - net.thucydides.core.reports.html.HtmlAcceptanceTestReporter@72691aba: Generating report for test outcome: Mentor post genre:Mentor post genre with valid json

09:49:28.461 [pool-4-thread-12] DEBUG serenity.reporting - Generated report 90d8757aefcb61d92675691e2feb48519615dbeb1162ef9b51de3c6f77380500.html in 33 ms

09:49:28.461 [pool-4-thread-12] DEBUG net.thucydides.core.reports.ReportService - Processing test outcome Delete genre:Delete invalid parameter genre done

09:49:28.461 [pool-4-thread-12] DEBUG net.thucydides.core.reports.ReportService - Processing test outcome Mentor post genre:Mentor post genre invalid json

09:49:28.461 [pool-4-thread-12] INFO net.thucydides.core.reports.ReportService - net.thucydides.core.reports.html.HtmlAcceptanceTestReporter@72691aba: Generating report for test outcome: Mentor post genre:Mentor post genre invalid json

09:49:28.462 [pool-4-thread-12] DEBUG net.thucydides.core.requirements.BaseRequirementsService - Requirement found for test outcome Mentor post genre invalid json-[]: Optional[Requirement{name='Mentor post genre', type='feature' parent = 'Genre', cardNumber='null'}]

09:49:28.463 [pool-4-thread-12] DEBUG net.thucydides.core.requirements.BaseRequirementsService - Requirement found for test outcome Mentor post genre invalid json-[]: Optional[Requirement{name='Mentor post genre', type='feature' parent = 'Genre', cardNumber='null'}]

09:49:28.461 [pool-4-thread-5] DEBUG net.thucydides.core.reports.ReportService - Processing test outcome Get all data about genre mentor:Get mentor genre blank parameter

09:49:28.462 [pool-4-thread-2] DEBUG net.thucydides.core.requirements.BaseRequirementsService - Requirement found for test outcome Mentor post genre with valid json-[]: Optional[Requirement{name='Mentor post genre', type='feature' parent = 'Genre', cardNumber='null'}]

09:49:28.466 [pool-4-thread-6] DEBUG serenity.reporting - Generated report 6414ab135738af44d4bef173f0f7c63ed975134bb15b3b15bb04890c0d8b32ed.html in 47 ms

09:49:28.467 [pool-4-thread-6] DEBUG net.thucydides.core.reports.ReportService - Processing test outcome Delete genre:Delete blank parameter genre done

09:49:28.467 [pool-4-thread-6] DEBUG net.thucydides.core.reports.ReportService - Processing test outcome Mentor post genre:Mentor post genre blank json

09:49:28.467 [pool-4-thread-6] INFO net.thucydides.core.reports.ReportService - net.thucydides.core.reports.html.HtmlAcceptanceTestReporter@72691aba: Generating report for test outcome: Mentor post genre:Mentor post genre blank json

09:49:28.467 [pool-4-thread-1] DEBUG serenity.reporting - Generated report ba336262f7fcaf5cfa77986f583b824485959fe4ca9cf73ccda262dfb79efc6e.html in 51 ms

09:49:28.467 [pool-4-thread-1] DEBUG net.thucydides.core.reports.ReportService - Processing test outcome MusicLab API Automation Testing Capstone Project:Delete a class done

09:49:28.467 [pool-4-thread-1] DEBUG net.thucydides.core.reports.ReportService - Processing test outcome Mentor post genre:mentor post genre with no authorization

09:49:28.467 [pool-4-thread-1] INFO net.thucydides.core.reports.ReportService - net.thucydides.core.reports.html.HtmlAcceptanceTestReporter@72691aba: Generating report for test outcome: Mentor post genre:mentor post genre with no authorization

09:49:28.468 [pool-4-thread-6] DEBUG net.thucydides.core.requirements.BaseRequirementsService - Requirement found for test outcome Mentor post genre blank json-[]: Optional[Requirement{name='Mentor post genre', type='feature' parent = 'Genre', cardNumber='null'}]

09:49:28.468 [pool-4-thread-7] DEBUG serenity.reporting - Generated report a389734b6cc44ee108778d1c788b19256c744b15cabbdfc0ce358690ba6c3350.html in 58 ms

09:49:28.468 [pool-4-thread-7] DEBUG net.thucydides.core.reports.ReportService - Processing test outcome MusicLab API Automation Testing Capstone Project:Put or edit a class valid json all parameters done

09:49:28.468 [pool-4-thread-7] DEBUG net.thucydides.core.reports.ReportService - Processing test outcome [MusicLab-API] Delete Feature Instrument:[Negative Case] Delete Instruments Valid ID No Auth

09:49:28.468 [pool-4-thread-7] INFO net.thucydides.core.reports.ReportService - net.thucydides.core.reports.html.HtmlAcceptanceTestReporter@72691aba: Generating report for test outcome: [MusicLab-API] Delete Feature Instrument:[Negative Case] Delete Instruments Valid ID No Auth

09:49:28.468 [pool-4-thread-6] DEBUG net.thucydides.core.requirements.BaseRequirementsService - Requirement found for test outcome Mentor post genre blank json-[]: Optional[Requirement{name='Mentor post genre', type='feature' parent = 'Genre', cardNumber='null'}]

09:49:28.469 [pool-4-thread-2] DEBUG net.thucydides.core.requirements.BaseRequirementsService - Requirement found for test outcome Mentor post genre with valid json-[]: Optional[Requirement{name='Mentor post genre', type='feature' parent = 'Genre', cardNumber='null'}]

09:49:28.470 [pool-4-thread-6] DEBUG serenity.reporting - Generating report in 0e1701690d782336dfff2179b7193b999091602bb9bea526791a48433a29688b.html

09:49:28.470 [pool-4-thread-2] DEBUG serenity.reporting - Generating report in bed3bf1a6a1d42722f4169826a5d0db7f93708c46169d33fbfb10b4d16ce349f.html

09:49:28.471 [pool-4-thread-4] DEBUG serenity.reporting - Generated report 84fc17b361552b55dff364a1a81c5a0899a2aa03b51d93a6e2f480a5f22a00ab.html in 59 ms

09:49:28.471 [pool-4-thread-4] DEBUG net.thucydides.core.reports.ReportService - Processing test outcome MusicLab API Automation Testing Capstone Project:Post to make a class with null parameter done

09:49:28.471 [pool-4-thread-4] DEBUG net.thucydides.core.reports.ReportService - Processing test outcome [MusicLab-API] Delete Feature Instrument:[Negative Case] Delete Instruments Invalid ID

09:49:28.471 [pool-4-thread-4] INFO net.thucydides.core.reports.ReportService - net.thucydides.core.reports.html.HtmlAcceptanceTestReporter@72691aba: Generating report for test outcome: [MusicLab-API] Delete Feature Instrument:[Negative Case] Delete Instruments Invalid ID

09:49:28.463 [pool-4-thread-8] DEBUG serenity.reporting - Generated report a289452992da9406c99abbd70ccff6d3117fc5e469eda26199588fdb34b03aaf.html in 35 ms

09:49:28.472 [pool-4-thread-8] DEBUG net.thucydides.core.reports.ReportService - Processing test outcome Get all data genre:Get all genre done

09:49:28.472 [pool-4-thread-8] DEBUG net.thucydides.core.reports.ReportService - Processing test outcome [MusicLab-API] Delete Feature Instrument:[Negative Case] Delete Instruments Blank ID

09:49:28.472 [pool-4-thread-8] INFO net.thucydides.core.reports.ReportService - net.thucydides.core.reports.html.HtmlAcceptanceTestReporter@72691aba: Generating report for test outcome: [MusicLab-API] Delete Feature Instrument:[Negative Case] Delete Instruments Blank ID

09:49:28.472 [pool-4-thread-4] DEBUG net.thucydides.core.requirements.BaseRequirementsService - Requirement found for test outcome [Negative Case] Delete Instruments Invalid ID-[]: Optional[Requirement{name='[MusicLab-API] Delete Feature Instrument', type='feature' parent = 'Instrument', cardNumber='null'}]

09:49:28.473 [pool-4-thread-8] DEBUG net.thucydides.core.requirements.BaseRequirementsService - Requirement found for test outcome [Negative Case] Delete Instruments Blank ID-[]: Optional[Requirement{name='[MusicLab-API] Delete Feature Instrument', type='feature' parent = 'Instrument', cardNumber='null'}]

09:49:28.473 [pool-4-thread-4] DEBUG net.thucydides.core.requirements.BaseRequirementsService - Requirement found for test outcome [Negative Case] Delete Instruments Invalid ID-[]: Optional[Requirement{name='[MusicLab-API] Delete Feature Instrument', type='feature' parent = 'Instrument', cardNumber='null'}]

09:49:28.473 [pool-4-thread-8] DEBUG net.thucydides.core.requirements.BaseRequirementsService - Requirement found for test outcome [Negative Case] Delete Instruments Blank ID-[]: Optional[Requirement{name='[MusicLab-API] Delete Feature Instrument', type='feature' parent = 'Instrument', cardNumber='null'}]

09:49:28.467 [pool-4-thread-12] DEBUG serenity.reporting - Generating report in f137b41c7ebd70eae8e5a63310e8e180cf365e9f74ee39612ec96f99a3bb179a.html

09:49:28.474 [pool-4-thread-4] DEBUG serenity.reporting - Generating report in 61e7f80c9cbda54e9d1c6fc137e4c51bd10175df352233bdeae561b7329f744e.html

09:49:28.474 [pool-4-thread-7] DEBUG net.thucydides.core.requirements.BaseRequirementsService - Requirement found for test outcome [Negative Case] Delete Instruments Valid ID No Auth-[]: Optional[Requirement{name='[MusicLab-API] Delete Feature Instrument', type='feature' parent = 'Instrument', cardNumber='null'}]

09:49:28.475 [pool-4-thread-7] DEBUG net.thucydides.core.requirements.BaseRequirementsService - Requirement found for test outcome [Negative Case] Delete Instruments Valid ID No Auth-[]: Optional[Requirement{name='[MusicLab-API] Delete Feature Instrument', type='feature' parent = 'Instrument', cardNumber='null'}]

09:49:28.476 [pool-4-thread-7] DEBUG serenity.reporting - Generating report in 91459aebbd3ceaffea1f2007136d4c4557ce68e3f4dd15abaf4f9057f162ec45.html

09:49:28.468 [pool-4-thread-1] DEBUG net.thucydides.core.requirements.BaseRequirementsService - Requirement found for test outcome mentor post genre with no authorization-[]: Optional[Requirement{name='Mentor post genre', type='feature' parent = 'Genre', cardNumber='null'}]

09:49:28.477 [pool-4-thread-8] DEBUG serenity.reporting - Generating report in 481043b156a3e6937c3dceff56d9d91913f50189ed20a9a966eafba5c9ce14de.html

09:49:28.464 [pool-4-thread-5] INFO net.thucydides.core.reports.ReportService - net.thucydides.core.reports.html.HtmlAcceptanceTestReporter@72691aba: Generating report for test outcome: Get all data about genre mentor:Get mentor genre blank parameter

09:49:28.477 [pool-4-thread-1] DEBUG net.thucydides.core.requirements.BaseRequirementsService - Requirement found for test outcome mentor post genre with no authorization-[]: Optional[Requirement{name='Mentor post genre', type='feature' parent = 'Genre', cardNumber='null'}]

09:49:28.478 [pool-4-thread-5] DEBUG net.thucydides.core.requirements.BaseRequirementsService - Requirement found for test outcome Get mentor genre blank parameter-[]: Optional[Requirement{name='Get all data about genre mentor', type='feature' parent = 'Genre', cardNumber='null'}]

09:49:28.478 [pool-4-thread-1] DEBUG serenity.reporting - Generating report in f5393d1ce54e5fbc3755cbbf18b8547aa6bbcfff7e9dde06a6bf52139fa28ee9.html

09:49:28.479 [pool-4-thread-5] DEBUG net.thucydides.core.requirements.BaseRequirementsService - Requirement found for test outcome Get mentor genre blank parameter-[]: Optional[Requirement{name='Get all data about genre mentor', type='feature' parent = 'Genre', cardNumber='null'}]

09:49:28.480 [pool-4-thread-10] DEBUG serenity.reporting - Generated report 195b789962b8493e91bc2853b2145995e4d76e81c0ab78a9dc44f77f4533fcd9.html in 68 ms

09:49:28.480 [pool-4-thread-10] DEBUG net.thucydides.core.reports.ReportService - Processing test outcome MusicLab API Automation Testing Capstone Project:Get mentor class detail done

09:49:28.480 [pool-4-thread-10] DEBUG net.thucydides.core.reports.ReportService - Processing test outcome [MusicLab-API] Delete Feature Instrument:[Positive Case] Delete Instruments Valid ID

09:49:28.495 [pool-4-thread-10] INFO net.thucydides.core.reports.ReportService - net.thucydides.core.reports.html.HtmlAcceptanceTestReporter@72691aba: Generating report for test outcome: [MusicLab-API] Delete Feature Instrument:[Positive Case] Delete Instruments Valid ID

09:49:28.480 [pool-4-thread-5] DEBUG serenity.reporting - Generating report in 4ca8db89d6264cc5e43b5147dfc80d795d80ed80a8e4acb3b1bb37fd251f62d5.html

09:49:28.495 [pool-4-thread-9] DEBUG serenity.reporting - Generated report 50e80ef391c2f5c903458d73ab9fc8c4c963c7935473902553ccebb33e99670e.html in 81 ms

09:49:28.495 [pool-4-thread-9] DEBUG net.thucydides.core.reports.ReportService - Processing test outcome MusicLab API Automation Testing Capstone Project:Put or edit a class one parameter done

09:49:28.484 [pool-4-thread-11] DEBUG serenity.reporting - Generated report 76f4f9eacbd1b7ac135ff1a930f58876925a063d8c6bbf15c3c46fe45d631eed.html in 50 ms

09:49:28.495 [pool-4-thread-11] DEBUG net.thucydides.core.reports.ReportService - Processing test outcome Get all data about genre mentor:Get mentor genre valid parameter done

09:49:28.495 [pool-4-thread-11] DEBUG net.thucydides.core.reports.ReportService - Processing test outcome [MusicLab-API] Get Feature Instrument:[Negative Case] Get Single List Instruments Invalid ID

09:49:28.495 [pool-4-thread-11] INFO net.thucydides.core.reports.ReportService - net.thucydides.core.reports.html.HtmlAcceptanceTestReporter@72691aba: Generating report for test outcome: [MusicLab-API] Get Feature Instrument:[Negative Case] Get Single List Instruments Invalid ID

09:49:28.487 [pool-4-thread-12] DEBUG serenity.reporting - Generated report f137b41c7ebd70eae8e5a63310e8e180cf365e9f74ee39612ec96f99a3bb179a.html in 20 ms

09:49:28.500 [pool-4-thread-12] DEBUG net.thucydides.core.reports.ReportService - Processing test outcome Mentor post genre:Mentor post genre invalid json done

09:49:28.500 [pool-4-thread-12] DEBUG net.thucydides.core.reports.ReportService - Processing test outcome [MusicLab-API] Get Feature Instrument:[Positive Case] Get Single List Instruments Valid ID

09:49:28.500 [pool-4-thread-12] INFO net.thucydides.core.reports.ReportService - net.thucydides.core.reports.html.HtmlAcceptanceTestReporter@72691aba: Generating report for test outcome: [MusicLab-API] Get Feature Instrument:[Positive Case] Get Single List Instruments Valid ID

09:49:28.489 [pool-4-thread-1] DEBUG serenity.reporting - Generated report f5393d1ce54e5fbc3755cbbf18b8547aa6bbcfff7e9dde06a6bf52139fa28ee9.html in 11 ms

09:49:28.500 [pool-4-thread-1] DEBUG net.thucydides.core.reports.ReportService - Processing test outcome Mentor post genre:mentor post genre with no authorization done

09:49:28.500 [pool-4-thread-1] DEBUG net.thucydides.core.reports.ReportService - Processing test outcome [MusicLab-API] Post Feature Instrument:[Negative Case] Post Create Mentors Instruments Invalid JSON

09:49:28.500 [pool-4-thread-1] INFO net.thucydides.core.reports.ReportService - net.thucydides.core.reports.html.HtmlAcceptanceTestReporter@72691aba: Generating report for test outcome: [MusicLab-API] Post Feature Instrument:[Negative Case] Post Create Mentors Instruments Invalid JSON

09:49:28.492 [pool-4-thread-6] DEBUG serenity.reporting - Generated report 0e1701690d782336dfff2179b7193b999091602bb9bea526791a48433a29688b.html in 22 ms

09:49:28.500 [pool-4-thread-6] DEBUG net.thucydides.core.reports.ReportService - Processing test outcome Mentor post genre:Mentor post genre blank json done

09:49:28.500 [pool-4-thread-6] DEBUG net.thucydides.core.reports.ReportService - Processing test outcome [MusicLab-API] Post Feature Instrument:[Negative Case] Post Create Mentors Instruments No Auth

09:49:28.501 [pool-4-thread-6] INFO net.thucydides.core.reports.ReportService - net.thucydides.core.reports.html.HtmlAcceptanceTestReporter@72691aba: Generating report for test outcome: [MusicLab-API] Post Feature Instrument:[Negative Case] Post Create Mentors Instruments No Auth

09:49:28.501 [pool-4-thread-1] DEBUG net.thucydides.core.requirements.BaseRequirementsService - Requirement found for test outcome [Negative Case] Post Create Mentors Instruments Invalid JSON-[]: Optional[Requirement{name='[MusicLab-API] Post Feature Instrument', type='feature' parent = 'Instrument', cardNumber='null'}]

09:49:28.502 [pool-4-thread-6] DEBUG net.thucydides.core.requirements.BaseRequirementsService - Requirement found for test outcome [Negative Case] Post Create Mentors Instruments No Auth-[]: Optional[Requirement{name='[MusicLab-API] Post Feature Instrument', type='feature' parent = 'Instrument', cardNumber='null'}]

09:49:28.494 [pool-4-thread-2] DEBUG serenity.reporting - Generated report bed3bf1a6a1d42722f4169826a5d0db7f93708c46169d33fbfb10b4d16ce349f.html in 24 ms

09:49:28.502 [pool-4-thread-1] DEBUG net.thucydides.core.requirements.BaseRequirementsService - Requirement found for test outcome [Negative Case] Post Create Mentors Instruments Invalid JSON-[]: Optional[Requirement{name='[MusicLab-API] Post Feature Instrument', type='feature' parent = 'Instrument', cardNumber='null'}]

09:49:28.502 [pool-4-thread-2] DEBUG net.thucydides.core.reports.ReportService - Processing test outcome Mentor post genre:Mentor post genre with valid json done

09:49:28.502 [pool-4-thread-2] DEBUG net.thucydides.core.reports.ReportService - Processing test outcome [MusicLab-API] Post Feature Instrument:[Positive Case] Post Create Mentors Instruments Valid JSON

09:49:28.502 [pool-4-thread-2] INFO net.thucydides.core.reports.ReportService - net.thucydides.core.reports.html.HtmlAcceptanceTestReporter@72691aba: Generating report for test outcome: [MusicLab-API] Post Feature Instrument:[Positive Case] Post Create Mentors Instruments Valid JSON

09:49:28.495 [pool-4-thread-9] DEBUG net.thucydides.core.reports.ReportService - Processing test outcome [MusicLab-API] Get Feature Instrument:[Positive Case] Get All List Instruments Normal Condition

09:49:28.502 [pool-4-thread-6] DEBUG net.thucydides.core.requirements.BaseRequirementsService - Requirement found for test outcome [Negative Case] Post Create Mentors Instruments No Auth-[]: Optional[Requirement{name='[MusicLab-API] Post Feature Instrument', type='feature' parent = 'Instrument', cardNumber='null'}]

09:49:28.503 [pool-4-thread-9] INFO net.thucydides.core.reports.ReportService - net.thucydides.core.reports.html.HtmlAcceptanceTestReporter@72691aba: Generating report for test outcome: [MusicLab-API] Get Feature Instrument:[Positive Case] Get All List Instruments Normal Condition

09:49:28.504 [pool-4-thread-6] DEBUG serenity.reporting - Generating report in af1466510640949287c3d6ca2cc42437f53688122c2b55bf3dc874835f8ccc80.html

09:49:28.509 [pool-4-thread-1] DEBUG serenity.reporting - Generating report in b6e75fe0a34d9ed68c70fa1f223ec218bbdba8d0551423372ed6521fd35866dc.html

09:49:28.509 [pool-4-thread-9] DEBUG net.thucydides.core.requirements.BaseRequirementsService - Requirement found for test outcome [Positive Case] Get All List Instruments Normal Condition-[]: Optional[Requirement{name='[MusicLab-API] Get Feature Instrument', type='feature' parent = 'Instrument', cardNumber='null'}]

09:49:28.510 [pool-4-thread-9] DEBUG net.thucydides.core.requirements.BaseRequirementsService - Requirement found for test outcome [Positive Case] Get All List Instruments Normal Condition-[]: Optional[Requirement{name='[MusicLab-API] Get Feature Instrument', type='feature' parent = 'Instrument', cardNumber='null'}]

09:49:28.513 [pool-4-thread-9] DEBUG serenity.reporting - Generating report in f05fe855314f60f915cc5a75d76cacd4f24d274ee9dd0939638b165237c69553.html

09:49:28.514 [pool-4-thread-12] DEBUG net.thucydides.core.requirements.BaseRequirementsService - Requirement found for test outcome [Positive Case] Get Single List Instruments Valid ID-[]: Optional[Requirement{name='[MusicLab-API] Get Feature Instrument', type='feature' parent = 'Instrument', cardNumber='null'}]

09:49:28.515 [pool-4-thread-11] DEBUG net.thucydides.core.requirements.BaseRequirementsService - Requirement found for test outcome [Negative Case] Get Single List Instruments Invalid ID-[]: Optional[Requirement{name='[MusicLab-API] Get Feature Instrument', type='feature' parent = 'Instrument', cardNumber='null'}]

09:49:28.516 [pool-4-thread-2] DEBUG net.thucydides.core.requirements.BaseRequirementsService - Requirement found for test outcome [Positive Case] Post Create Mentors Instruments Valid JSON-[]: Optional[Requirement{name='[MusicLab-API] Post Feature Instrument', type='feature' parent = 'Instrument', cardNumber='null'}]

09:49:28.519 [pool-4-thread-12] DEBUG net.thucydides.core.requirements.BaseRequirementsService - Requirement found for test outcome [Positive Case] Get Single List Instruments Valid ID-[]: Optional[Requirement{name='[MusicLab-API] Get Feature Instrument', type='feature' parent = 'Instrument', cardNumber='null'}]

09:49:28.519 [pool-4-thread-11] DEBUG net.thucydides.core.requirements.BaseRequirementsService - Requirement found for test outcome [Negative Case] Get Single List Instruments Invalid ID-[]: Optional[Requirement{name='[MusicLab-API] Get Feature Instrument', type='feature' parent = 'Instrument', cardNumber='null'}]

09:49:28.520 [pool-4-thread-12] DEBUG serenity.reporting - Generating report in 24d536097e598d2c093f4bf9ee5bed4f084f767f5943e6b4b92daf335935246b.html

09:49:28.520 [pool-4-thread-11] DEBUG serenity.reporting - Generating report in 7f3566fb4308e056ca08a47f88de717eba6a9b029e09fb9a054c6192257ace2c.html

09:49:28.521 [pool-4-thread-5] DEBUG serenity.reporting - Generated report 4ca8db89d6264cc5e43b5147dfc80d795d80ed80a8e4acb3b1bb37fd251f62d5.html in 41 ms

09:49:28.521 [pool-4-thread-7] DEBUG serenity.reporting - Generated report 91459aebbd3ceaffea1f2007136d4c4557ce68e3f4dd15abaf4f9057f162ec45.html in 45 ms

09:49:28.521 [pool-4-thread-5] DEBUG net.thucydides.core.reports.ReportService - Processing test outcome Get all data about genre mentor:Get mentor genre blank parameter done

09:49:28.521 [pool-4-thread-7] DEBUG net.thucydides.core.reports.ReportService - Processing test outcome [MusicLab-API] Delete Feature Instrument:[Negative Case] Delete Instruments Valid ID No Auth done

09:49:28.521 [pool-4-thread-7] DEBUG net.thucydides.core.reports.ReportService - Processing test outcome [MusicLab-API] Delete Feature Mentors:[Positive Case] Delete Mentors With Authorized

09:49:28.521 [pool-4-thread-5] DEBUG net.thucydides.core.reports.ReportService - Processing test outcome [MusicLab-API] Delete Feature Mentors:[Positive Case] Delete Mentors Without Authorized

09:49:28.521 [pool-4-thread-5] INFO net.thucydides.core.reports.ReportService - net.thucydides.core.reports.html.HtmlAcceptanceTestReporter@72691aba: Generating report for test outcome: [MusicLab-API] Delete Feature Mentors:[Positive Case] Delete Mentors Without Authorized

09:49:28.521 [pool-4-thread-7] INFO net.thucydides.core.reports.ReportService - net.thucydides.core.reports.html.HtmlAcceptanceTestReporter@72691aba: Generating report for test outcome: [MusicLab-API] Delete Feature Mentors:[Positive Case] Delete Mentors With Authorized

09:49:28.521 [pool-4-thread-8] DEBUG serenity.reporting - Generated report 481043b156a3e6937c3dceff56d9d91913f50189ed20a9a966eafba5c9ce14de.html in 44 ms

09:49:28.521 [pool-4-thread-8] DEBUG net.thucydides.core.reports.ReportService - Processing test outcome [MusicLab-API] Delete Feature Instrument:[Negative Case] Delete Instruments Blank ID done

09:49:28.521 [pool-4-thread-8] DEBUG net.thucydides.core.reports.ReportService - Processing test outcome [MusicLab-API] Get Feature Mentors:[Negative Case] Get All List Mentors With Invalid Parameters

09:49:28.521 [pool-4-thread-8] INFO net.thucydides.core.reports.ReportService - net.thucydides.core.reports.html.HtmlAcceptanceTestReporter@72691aba: Generating report for test outcome: [MusicLab-API] Get Feature Mentors:[Negative Case] Get All List Mentors With Invalid Parameters

09:49:28.522 [pool-4-thread-5] DEBUG net.thucydides.core.requirements.BaseRequirementsService - Requirement found for test outcome [Positive Case] Delete Mentors Without Authorized-[]: Optional[Requirement{name='[MusicLab-API] Delete Feature Mentors', type='feature' parent = 'Mentor', cardNumber='null'}]

09:49:28.523 [pool-4-thread-5] DEBUG net.thucydides.core.requirements.BaseRequirementsService - Requirement found for test outcome [Positive Case] Delete Mentors Without Authorized-[]: Optional[Requirement{name='[MusicLab-API] Delete Feature Mentors', type='feature' parent = 'Mentor', cardNumber='null'}]

09:49:28.523 [pool-4-thread-8] DEBUG net.thucydides.core.requirements.BaseRequirementsService - Requirement found for test outcome [Negative Case] Get All List Mentors With Invalid Parameters-[]: Optional[Requirement{name='[MusicLab-API] Get Feature Mentors', type='feature' parent = 'Mentor', cardNumber='null'}]

09:49:28.523 [pool-4-thread-8] DEBUG net.thucydides.core.requirements.BaseRequirementsService - Requirement found for test outcome [Negative Case] Get All List Mentors With Invalid Parameters-[]: Optional[Requirement{name='[MusicLab-API] Get Feature Mentors', type='feature' parent = 'Mentor', cardNumber='null'}]

09:49:28.524 [pool-4-thread-5] DEBUG serenity.reporting - Generating report in 082b0901204529166966c59d7e9911eb5682e32123a8282832f0cacf38058ca8.html

09:49:28.525 [pool-4-thread-8] DEBUG serenity.reporting - Generating report in ebbf6c9807e3083d0d74e66d5b10a4ee50c28de487e6c379397127f2cb5dbef3.html

09:49:28.531 [pool-4-thread-7] DEBUG net.thucydides.core.requirements.BaseRequirementsService - Requirement found for test outcome [Positive Case] Delete Mentors With Authorized-[]: Optional[Requirement{name='[MusicLab-API] Delete Feature Mentors', type='feature' parent = 'Mentor', cardNumber='null'}]

09:49:28.547 [pool-4-thread-10] DEBUG net.thucydides.core.requirements.BaseRequirementsService - Requirement found for test outcome [Positive Case] Delete Instruments Valid ID-[]: Optional[Requirement{name='[MusicLab-API] Delete Feature Instrument', type='feature' parent = 'Instrument', cardNumber='null'}]

09:49:28.560 [pool-4-thread-7] DEBUG net.thucydides.core.requirements.BaseRequirementsService - Requirement found for test outcome [Positive Case] Delete Mentors With Authorized-[]: Optional[Requirement{name='[MusicLab-API] Delete Feature Mentors', type='feature' parent = 'Mentor', cardNumber='null'}]

09:49:28.565 [pool-4-thread-4] DEBUG serenity.reporting - Generated report 61e7f80c9cbda54e9d1c6fc137e4c51bd10175df352233bdeae561b7329f744e.html in 91 ms

09:49:28.565 [pool-4-thread-4] DEBUG net.thucydides.core.reports.ReportService - Processing test outcome [MusicLab-API] Delete Feature Instrument:[Negative Case] Delete Instruments Invalid ID done

09:49:28.565 [pool-4-thread-4] DEBUG net.thucydides.core.reports.ReportService - Processing test outcome [MusicLab-API] Get Feature Mentors:[Positive Case] Get All List Mentors Normal Condition

09:49:28.565 [pool-4-thread-4] INFO net.thucydides.core.reports.ReportService - net.thucydides.core.reports.html.HtmlAcceptanceTestReporter@72691aba: Generating report for test outcome: [MusicLab-API] Get Feature Mentors:[Positive Case] Get All List Mentors Normal Condition

09:49:28.566 [pool-4-thread-7] DEBUG serenity.reporting - Generating report in cfd6cd7f98e0ee818948fb311b5e5763ef2edcb81bf69dca074fdfb5138cc748.html

09:49:28.568 [pool-4-thread-10] DEBUG net.thucydides.core.requirements.BaseRequirementsService - Requirement found for test outcome [Positive Case] Delete Instruments Valid ID-[]: Optional[Requirement{name='[MusicLab-API] Delete Feature Instrument', type='feature' parent = 'Instrument', cardNumber='null'}]

09:49:28.570 [pool-4-thread-10] DEBUG serenity.reporting - Generating report in dc6b1941c1541cb5f1df37e5282f23c5f3d79ab1ce861ae5e131ed6fdbbc4da0.html

09:49:28.573 [pool-4-thread-3] DEBUG serenity.reporting - Generated report 9964f3d32e11976ff76e2e96dcf058b3fb2c782fe0e0072941f49875fe41d895.html in 135 ms

09:49:28.573 [pool-4-thread-3] DEBUG net.thucydides.core.reports.ReportService - Processing test outcome Delete genre:Delete valid parameter genre done

09:49:28.573 [pool-4-thread-3] DEBUG net.thucydides.core.reports.ReportService - Processing test outcome [MusicLab-API] Get Feature Mentors:[Positive Case] Get All List Mentors With Valid Parameters

09:49:28.573 [pool-4-thread-3] INFO net.thucydides.core.reports.ReportService - net.thucydides.core.reports.html.HtmlAcceptanceTestReporter@72691aba: Generating report for test outcome: [MusicLab-API] Get Feature Mentors:[Positive Case] Get All List Mentors With Valid Parameters

09:49:28.575 [pool-4-thread-4] DEBUG net.thucydides.core.requirements.BaseRequirementsService - Requirement found for test outcome [Positive Case] Get All List Mentors Normal Condition-[]: Optional[Requirement{name='[MusicLab-API] Get Feature Mentors', type='feature' parent = 'Mentor', cardNumber='null'}]

09:49:28.583 [pool-4-thread-4] DEBUG net.thucydides.core.requirements.BaseRequirementsService - Requirement found for test outcome [Positive Case] Get All List Mentors Normal Condition-[]: Optional[Requirement{name='[MusicLab-API] Get Feature Mentors', type='feature' parent = 'Mentor', cardNumber='null'}]

09:49:28.583 [pool-4-thread-5] DEBUG serenity.reporting - Generated report 082b0901204529166966c59d7e9911eb5682e32123a8282832f0cacf38058ca8.html in 59 ms

09:49:28.584 [pool-4-thread-5] DEBUG net.thucydides.core.reports.ReportService - Processing test outcome [MusicLab-API] Delete Feature Mentors:[Positive Case] Delete Mentors Without Authorized done

09:49:28.584 [pool-4-thread-5] DEBUG net.thucydides.core.reports.ReportService - Processing test outcome [MusicLab-API] Get Feature Mentors:[Positive Case] Get All List Mentors Top Week

09:49:28.584 [pool-4-thread-5] INFO net.thucydides.core.reports.ReportService - net.thucydides.core.reports.html.HtmlAcceptanceTestReporter@72691aba: Generating report for test outcome: [MusicLab-API] Get Feature Mentors:[Positive Case] Get All List Mentors Top Week

09:49:28.585 [pool-4-thread-4] DEBUG serenity.reporting - Generating report in ff7bd28f7be7495522a5c3f0cc59ff035bbb01f552ea41889de76ea205e9df28.html

09:49:28.585 [pool-4-thread-12] DEBUG serenity.reporting - Generated report 24d536097e598d2c093f4bf9ee5bed4f084f767f5943e6b4b92daf335935246b.html in 65 ms

09:49:28.585 [pool-4-thread-12] DEBUG net.thucydides.core.reports.ReportService - Processing test outcome [MusicLab-API] Get Feature Instrument:[Positive Case] Get Single List Instruments Valid ID done

09:49:28.585 [pool-4-thread-12] DEBUG net.thucydides.core.reports.ReportService - Processing test outcome [MusicLab-API] Get Feature Mentors:[Negative Case] Get Single List Mentors With Invalid ID

09:49:28.585 [pool-4-thread-12] INFO net.thucydides.core.reports.ReportService - net.thucydides.core.reports.html.HtmlAcceptanceTestReporter@72691aba: Generating report for test outcome: [MusicLab-API] Get Feature Mentors:[Negative Case] Get Single List Mentors With Invalid ID

09:49:28.590 [pool-4-thread-7] DEBUG serenity.reporting - Generated report cfd6cd7f98e0ee818948fb311b5e5763ef2edcb81bf69dca074fdfb5138cc748.html in 24 ms

09:49:28.590 [pool-4-thread-7] DEBUG net.thucydides.core.reports.ReportService - Processing test outcome [MusicLab-API] Delete Feature Mentors:[Positive Case] Delete Mentors With Authorized done

09:49:28.590 [pool-4-thread-7] DEBUG net.thucydides.core.reports.ReportService - Processing test outcome [MusicLab-API] Get Feature Mentors:[Negative Case] Get Single List Mentors With Blank ID

09:49:28.590 [pool-4-thread-7] INFO net.thucydides.core.reports.ReportService - net.thucydides.core.reports.html.HtmlAcceptanceTestReporter@72691aba: Generating report for test outcome: [MusicLab-API] Get Feature Mentors:[Negative Case] Get Single List Mentors With Blank ID

09:49:28.592 [pool-4-thread-5] DEBUG net.thucydides.core.requirements.BaseRequirementsService - Requirement found for test outcome [Positive Case] Get All List Mentors Top Week-[]: Optional[Requirement{name='[MusicLab-API] Get Feature Mentors', type='feature' parent = 'Mentor', cardNumber='null'}]

09:49:28.595 [pool-4-thread-12] DEBUG net.thucydides.core.requirements.BaseRequirementsService - Requirement found for test outcome [Negative Case] Get Single List Mentors With Invalid ID-[]: Optional[Requirement{name='[MusicLab-API] Get Feature Mentors', type='feature' parent = 'Mentor', cardNumber='null'}]

09:49:28.596 [pool-4-thread-5] DEBUG net.thucydides.core.requirements.BaseRequirementsService - Requirement found for test outcome [Positive Case] Get All List Mentors Top Week-[]: Optional[Requirement{name='[MusicLab-API] Get Feature Mentors', type='feature' parent = 'Mentor', cardNumber='null'}]

09:49:28.600 [pool-4-thread-7] DEBUG net.thucydides.core.requirements.BaseRequirementsService - Requirement found for test outcome [Negative Case] Get Single List Mentors With Blank ID-[]: Optional[Requirement{name='[MusicLab-API] Get Feature Mentors', type='feature' parent = 'Mentor', cardNumber='null'}]

09:49:28.600 [pool-4-thread-12] DEBUG net.thucydides.core.requirements.BaseRequirementsService - Requirement found for test outcome [Negative Case] Get Single List Mentors With Invalid ID-[]: Optional[Requirement{name='[MusicLab-API] Get Feature Mentors', type='feature' parent = 'Mentor', cardNumber='null'}]

09:49:28.644 [pool-4-thread-5] DEBUG serenity.reporting - Generating report in d7f08994660a825820b0950de104c12bd17ef98edc46b6e235c279eb04a35817.html

09:49:28.644 [pool-4-thread-12] DEBUG serenity.reporting - Generating report in 69360d5fd182a0f83304bb9ea48e0804575c3d906e2479ccaf15a4b8a08f1157.html

09:49:28.645 [pool-4-thread-7] DEBUG net.thucydides.core.requirements.BaseRequirementsService - Requirement found for test outcome [Negative Case] Get Single List Mentors With Blank ID-[]: Optional[Requirement{name='[MusicLab-API] Get Feature Mentors', type='feature' parent = 'Mentor', cardNumber='null'}]

09:49:28.645 [pool-4-thread-3] DEBUG net.thucydides.core.requirements.BaseRequirementsService - Requirement found for test outcome [Positive Case] Get All List Mentors With Valid Parameters-[]: Optional[Requirement{name='[MusicLab-API] Get Feature Mentors', type='feature' parent = 'Mentor', cardNumber='null'}]

09:49:28.645 [pool-4-thread-2] DEBUG net.thucydides.core.requirements.BaseRequirementsService - Requirement found for test outcome [Positive Case] Post Create Mentors Instruments Valid JSON-[]: Optional[Requirement{name='[MusicLab-API] Post Feature Instrument', type='feature' parent = 'Instrument', cardNumber='null'}]

09:49:28.646 [pool-4-thread-2] DEBUG serenity.reporting - Generating report in 525c23922631a83865562efd5c32ba0866202f835947df9adac402d9a0ed1331.html

09:49:28.646 [pool-4-thread-7] DEBUG serenity.reporting - Generating report in d90dff7b5dccfc972d39c727446e9654a109ee4148430cb0263b4bafa1878ad0.html

09:49:28.647 [pool-4-thread-3] DEBUG net.thucydides.core.requirements.BaseRequirementsService - Requirement found for test outcome [Positive Case] Get All List Mentors With Valid Parameters-[]: Optional[Requirement{name='[MusicLab-API] Get Feature Mentors', type='feature' parent = 'Mentor', cardNumber='null'}]

09:49:28.649 [pool-4-thread-3] DEBUG serenity.reporting - Generating report in d862ccbf9aa41f4b68f5bba5560f78dd5199506ad39e35f1b84c6edb1af75350.html

09:49:28.650 [pool-4-thread-11] DEBUG serenity.reporting - Generated report 7f3566fb4308e056ca08a47f88de717eba6a9b029e09fb9a054c6192257ace2c.html in 130 ms

09:49:28.650 [pool-4-thread-1] DEBUG serenity.reporting - Generated report b6e75fe0a34d9ed68c70fa1f223ec218bbdba8d0551423372ed6521fd35866dc.html in 141 ms

09:49:28.650 [pool-4-thread-11] DEBUG net.thucydides.core.reports.ReportService - Processing test outcome [MusicLab-API] Get Feature Instrument:[Negative Case] Get Single List Instruments Invalid ID done

09:49:28.650 [pool-4-thread-1] DEBUG net.thucydides.core.reports.ReportService - Processing test outcome [MusicLab-API] Post Feature Instrument:[Negative Case] Post Create Mentors Instruments Invalid JSON done

09:49:28.650 [pool-4-thread-1] DEBUG net.thucydides.core.reports.ReportService - Processing test outcome [MusicLab-API] Get Feature Mentors:[Positive Case] Get Single Mentor Profile

09:49:28.650 [pool-4-thread-11] DEBUG net.thucydides.core.reports.ReportService - Processing test outcome [MusicLab-API] Get Feature Mentors:[Positive Case] Get Single List Mentors With Valid ID

09:49:28.650 [pool-4-thread-1] INFO net.thucydides.core.reports.ReportService - net.thucydides.core.reports.html.HtmlAcceptanceTestReporter@72691aba: Generating report for test outcome: [MusicLab-API] Get Feature Mentors:[Positive Case] Get Single Mentor Profile

09:49:28.650 [pool-4-thread-11] INFO net.thucydides.core.reports.ReportService - net.thucydides.core.reports.html.HtmlAcceptanceTestReporter@72691aba: Generating report for test outcome: [MusicLab-API] Get Feature Mentors:[Positive Case] Get Single List Mentors With Valid ID

09:49:28.653 [pool-4-thread-6] DEBUG serenity.reporting - Generated report af1466510640949287c3d6ca2cc42437f53688122c2b55bf3dc874835f8ccc80.html in 149 ms

09:49:28.653 [pool-4-thread-6] DEBUG net.thucydides.core.reports.ReportService - Processing test outcome [MusicLab-API] Post Feature Instrument:[Negative Case] Post Create Mentors Instruments No Auth done

09:49:28.653 [pool-4-thread-6] DEBUG net.thucydides.core.reports.ReportService - Processing test outcome [MusicLab-API] Post Feature Mentors:[Negative Case] Post Create Mentors Credential With Invalid JSON

09:49:28.653 [pool-4-thread-6] INFO net.thucydides.core.reports.ReportService - net.thucydides.core.reports.html.HtmlAcceptanceTestReporter@72691aba: Generating report for test outcome: [MusicLab-API] Post Feature Mentors:[Negative Case] Post Create Mentors Credential With Invalid JSON

09:49:28.653 [pool-4-thread-10] DEBUG serenity.reporting - Generated report dc6b1941c1541cb5f1df37e5282f23c5f3d79ab1ce861ae5e131ed6fdbbc4da0.html in 83 ms

09:49:28.653 [pool-4-thread-10] DEBUG net.thucydides.core.reports.ReportService - Processing test outcome [MusicLab-API] Delete Feature Instrument:[Positive Case] Delete Instruments Valid ID done

09:49:28.654 [pool-4-thread-10] DEBUG net.thucydides.core.reports.ReportService - Processing test outcome [MusicLab-API] Post Feature Mentors:[Negative Case] Post Create Mentors Credential With Valid JSON No Auth

09:49:28.654 [pool-4-thread-10] INFO net.thucydides.core.reports.ReportService - net.thucydides.core.reports.html.HtmlAcceptanceTestReporter@72691aba: Generating report for test outcome: [MusicLab-API] Post Feature Mentors:[Negative Case] Post Create Mentors Credential With Valid JSON No Auth

09:49:28.654 [pool-4-thread-6] DEBUG net.thucydides.core.requirements.BaseRequirementsService - Requirement found for test outcome [Negative Case] Post Create Mentors Credential With Invalid JSON-[]: Optional[Requirement{name='[MusicLab-API] Post Feature Mentors', type='feature' parent = 'Mentor', cardNumber='null'}]

09:49:28.654 [pool-4-thread-10] DEBUG net.thucydides.core.requirements.BaseRequirementsService - Requirement found for test outcome [Negative Case] Post Create Mentors Credential With Valid JSON No Auth-[]: Optional[Requirement{name='[MusicLab-API] Post Feature Mentors', type='feature' parent = 'Mentor', cardNumber='null'}]

09:49:28.654 [pool-4-thread-6] DEBUG net.thucydides.core.requirements.BaseRequirementsService - Requirement found for test outcome [Negative Case] Post Create Mentors Credential With Invalid JSON-[]: Optional[Requirement{name='[MusicLab-API] Post Feature Mentors', type='feature' parent = 'Mentor', cardNumber='null'}]

09:49:28.655 [pool-4-thread-10] DEBUG net.thucydides.core.requirements.BaseRequirementsService - Requirement found for test outcome [Negative Case] Post Create Mentors Credential With Valid JSON No Auth-[]: Optional[Requirement{name='[MusicLab-API] Post Feature Mentors', type='feature' parent = 'Mentor', cardNumber='null'}]

09:49:28.656 [pool-4-thread-11] DEBUG net.thucydides.core.requirements.BaseRequirementsService - Requirement found for test outcome [Positive Case] Get Single List Mentors With Valid ID-[]: Optional[Requirement{name='[MusicLab-API] Get Feature Mentors', type='feature' parent = 'Mentor', cardNumber='null'}]

09:49:28.657 [pool-4-thread-6] DEBUG serenity.reporting - Generating report in 2c6c1478c9f9e1d68f88b0d1caf185f38063b6089ee83ad21d5509db9d678eb8.html

09:49:28.657 [pool-4-thread-1] DEBUG net.thucydides.core.requirements.BaseRequirementsService - Requirement found for test outcome [Positive Case] Get Single Mentor Profile-[]: Optional[Requirement{name='[MusicLab-API] Get Feature Mentors', type='feature' parent = 'Mentor', cardNumber='null'}]

09:49:28.658 [pool-4-thread-11] DEBUG net.thucydides.core.requirements.BaseRequirementsService - Requirement found for test outcome [Positive Case] Get Single List Mentors With Valid ID-[]: Optional[Requirement{name='[MusicLab-API] Get Feature Mentors', type='feature' parent = 'Mentor', cardNumber='null'}]

09:49:28.659 [pool-4-thread-1] DEBUG net.thucydides.core.requirements.BaseRequirementsService - Requirement found for test outcome [Positive Case] Get Single Mentor Profile-[]: Optional[Requirement{name='[MusicLab-API] Get Feature Mentors', type='feature' parent = 'Mentor', cardNumber='null'}]

09:49:28.660 [pool-4-thread-11] DEBUG serenity.reporting - Generating report in 179447959a3d5516a9e1af09e88baf01621954c40365a6947b03fdaa35db72e6.html

09:49:28.660 [pool-4-thread-5] DEBUG serenity.reporting - Generated report d7f08994660a825820b0950de104c12bd17ef98edc46b6e235c279eb04a35817.html in 16 ms

09:49:28.660 [pool-4-thread-5] DEBUG net.thucydides.core.reports.ReportService - Processing test outcome [MusicLab-API] Get Feature Mentors:[Positive Case] Get All List Mentors Top Week done

09:49:28.660 [pool-4-thread-5] DEBUG net.thucydides.core.reports.ReportService - Processing test outcome [MusicLab-API] Post Feature Mentors:[Negative Case] Post Create Mentors Credential With Oversize Image

09:49:28.660 [pool-4-thread-5] INFO net.thucydides.core.reports.ReportService - net.thucydides.core.reports.html.HtmlAcceptanceTestReporter@72691aba: Generating report for test outcome: [MusicLab-API] Post Feature Mentors:[Negative Case] Post Create Mentors Credential With Oversize Image

09:49:28.660 [pool-4-thread-1] DEBUG serenity.reporting - Generating report in 32b13442ef78825095038ce3df040db827e90a7d3ba8e2b9439027888de28523.html

09:49:28.660 [pool-4-thread-5] DEBUG net.thucydides.core.requirements.BaseRequirementsService - Requirement found for test outcome [Negative Case] Post Create Mentors Credential With Oversize Image-[]: Optional[Requirement{name='[MusicLab-API] Post Feature Mentors', type='feature' parent = 'Mentor', cardNumber='null'}]

09:49:28.661 [pool-4-thread-5] DEBUG net.thucydides.core.requirements.BaseRequirementsService - Requirement found for test outcome [Negative Case] Post Create Mentors Credential With Oversize Image-[]: Optional[Requirement{name='[MusicLab-API] Post Feature Mentors', type='feature' parent = 'Mentor', cardNumber='null'}]

09:49:28.662 [pool-4-thread-12] DEBUG serenity.reporting - Generated report 69360d5fd182a0f83304bb9ea48e0804575c3d906e2479ccaf15a4b8a08f1157.html in 18 ms

09:49:28.662 [pool-4-thread-12] DEBUG net.thucydides.core.reports.ReportService - Processing test outcome [MusicLab-API] Get Feature Mentors:[Negative Case] Get Single List Mentors With Invalid ID done

09:49:28.662 [pool-4-thread-12] DEBUG net.thucydides.core.reports.ReportService - Processing test outcome [MusicLab-API] Post Feature Mentors:[Positive Case] Post Create Mentors Credential With Valid JSON

09:49:28.662 [pool-4-thread-12] INFO net.thucydides.core.reports.ReportService - net.thucydides.core.reports.html.HtmlAcceptanceTestReporter@72691aba: Generating report for test outcome: [MusicLab-API] Post Feature Mentors:[Positive Case] Post Create Mentors Credential With Valid JSON

09:49:28.667 [pool-4-thread-5] DEBUG serenity.reporting - Generating report in 17883f69c94e22421c252116f3f56e30b7690036191e91f646b3b94001f70d7a.html

09:49:28.668 [pool-4-thread-12] DEBUG net.thucydides.core.requirements.BaseRequirementsService - Requirement found for test outcome [Positive Case] Post Create Mentors Credential With Valid JSON-[]: Optional[Requirement{name='[MusicLab-API] Post Feature Mentors', type='feature' parent = 'Mentor', cardNumber='null'}]

09:49:28.669 [pool-4-thread-4] DEBUG serenity.reporting - Generated report ff7bd28f7be7495522a5c3f0cc59ff035bbb01f552ea41889de76ea205e9df28.html in 84 ms

09:49:28.669 [pool-4-thread-4] DEBUG net.thucydides.core.reports.ReportService - Processing test outcome [MusicLab-API] Get Feature Mentors:[Positive Case] Get All List Mentors Normal Condition done

09:49:28.669 [pool-4-thread-4] DEBUG net.thucydides.core.reports.ReportService - Processing test outcome [MusicLab-API] Put Feature Mentors:[Negative Case] Put Update Mentors Password With Invalid JSON

09:49:28.669 [pool-4-thread-4] INFO net.thucydides.core.reports.ReportService - net.thucydides.core.reports.html.HtmlAcceptanceTestReporter@72691aba: Generating report for test outcome: [MusicLab-API] Put Feature Mentors:[Negative Case] Put Update Mentors Password With Invalid JSON

09:49:28.670 [pool-4-thread-4] DEBUG net.thucydides.core.requirements.BaseRequirementsService - Requirement found for test outcome [Negative Case] Put Update Mentors Password With Invalid JSON-[]: Optional[Requirement{name='[MusicLab-API] Put Feature Mentors', type='feature' parent = 'Mentor', cardNumber='null'}]

09:49:28.670 [pool-4-thread-4] DEBUG net.thucydides.core.requirements.BaseRequirementsService - Requirement found for test outcome [Negative Case] Put Update Mentors Password With Invalid JSON-[]: Optional[Requirement{name='[MusicLab-API] Put Feature Mentors', type='feature' parent = 'Mentor', cardNumber='null'}]

09:49:28.660 [pool-4-thread-10] DEBUG serenity.reporting - Generating report in df85cc3eb9a7a5495884571eb8666798cc86b53232828ce945580671109a20dd.html

09:49:28.672 [pool-4-thread-12] DEBUG net.thucydides.core.requirements.BaseRequirementsService - Requirement found for test outcome [Positive Case] Post Create Mentors Credential With Valid JSON-[]: Optional[Requirement{name='[MusicLab-API] Post Feature Mentors', type='feature' parent = 'Mentor', cardNumber='null'}]

09:49:28.674 [pool-4-thread-4] DEBUG serenity.reporting - Generating report in 870f2ec59704d3cdfa2000e6e867abc31d753f65916a31bd3cccc8f23e27ee9f.html

09:49:28.676 [pool-4-thread-6] DEBUG serenity.reporting - Generated report 2c6c1478c9f9e1d68f88b0d1caf185f38063b6089ee83ad21d5509db9d678eb8.html in 19 ms

09:49:28.676 [pool-4-thread-6] DEBUG net.thucydides.core.reports.ReportService - Processing test outcome [MusicLab-API] Post Feature Mentors:[Negative Case] Post Create Mentors Credential With Invalid JSON done

09:49:28.676 [pool-4-thread-6] DEBUG net.thucydides.core.reports.ReportService - Processing test outcome [MusicLab-API] Put Feature Mentors:[Negative Case] Put Update Mentors Password With Valid JSON No Authorized

09:49:28.676 [pool-4-thread-6] INFO net.thucydides.core.reports.ReportService - net.thucydides.core.reports.html.HtmlAcceptanceTestReporter@72691aba: Generating report for test outcome: [MusicLab-API] Put Feature Mentors:[Negative Case] Put Update Mentors Password With Valid JSON No Authorized

09:49:28.676 [pool-4-thread-12] DEBUG serenity.reporting - Generating report in fbe5ff59824882bcbad73f30ef56748587fe60cc93c5b1c2dfac5c900b2c1374.html

09:49:28.677 [pool-4-thread-2] DEBUG serenity.reporting - Generated report 525c23922631a83865562efd5c32ba0866202f835947df9adac402d9a0ed1331.html in 31 ms

09:49:28.677 [pool-4-thread-11] DEBUG serenity.reporting - Generated report 179447959a3d5516a9e1af09e88baf01621954c40365a6947b03fdaa35db72e6.html in 17 ms

09:49:28.678 [pool-4-thread-2] DEBUG net.thucydides.core.reports.ReportService - Processing test outcome [MusicLab-API] Post Feature Instrument:[Positive Case] Post Create Mentors Instruments Valid JSON done

09:49:28.678 [pool-4-thread-11] DEBUG net.thucydides.core.reports.ReportService - Processing test outcome [MusicLab-API] Get Feature Mentors:[Positive Case] Get Single List Mentors With Valid ID done

09:49:28.678 [pool-4-thread-6] DEBUG net.thucydides.core.requirements.BaseRequirementsService - Requirement found for test outcome [Negative Case] Put Update Mentors Password With Valid JSON No Authorized-[]: Optional[Requirement{name='[MusicLab-API] Put Feature Mentors', type='feature' parent = 'Mentor', cardNumber='null'}]

09:49:28.678 [pool-4-thread-11] DEBUG net.thucydides.core.reports.ReportService - Processing test outcome [MusicLab-API] Put Feature Mentors:[Positive Case] Put Update Mentors Password With Valid JSON

09:49:28.678 [pool-4-thread-11] INFO net.thucydides.core.reports.ReportService - net.thucydides.core.reports.html.HtmlAcceptanceTestReporter@72691aba: Generating report for test outcome: [MusicLab-API] Put Feature Mentors:[Positive Case] Put Update Mentors Password With Valid JSON

09:49:28.678 [pool-4-thread-2] DEBUG net.thucydides.core.reports.ReportService - Processing test outcome [MusicLab-API] Put Feature Mentors:[Negative Case] Put Update Mentors Profile With Invalid JSON

09:49:28.678 [pool-4-thread-2] INFO net.thucydides.core.reports.ReportService - net.thucydides.core.reports.html.HtmlAcceptanceTestReporter@72691aba: Generating report for test outcome: [MusicLab-API] Put Feature Mentors:[Negative Case] Put Update Mentors Profile With Invalid JSON

09:49:28.679 [pool-4-thread-6] DEBUG net.thucydides.core.requirements.BaseRequirementsService - Requirement found for test outcome [Negative Case] Put Update Mentors Password With Valid JSON No Authorized-[]: Optional[Requirement{name='[MusicLab-API] Put Feature Mentors', type='feature' parent = 'Mentor', cardNumber='null'}]

09:49:28.684 [pool-4-thread-6] DEBUG serenity.reporting - Generating report in a038655e1fe8f7af9e2bb691c110785f530c89f436da50a7b5b80f30abc93949.html

09:49:28.684 [pool-4-thread-11] DEBUG net.thucydides.core.requirements.BaseRequirementsService - Requirement found for test outcome [Positive Case] Put Update Mentors Password With Valid JSON-[]: Optional[Requirement{name='[MusicLab-API] Put Feature Mentors', type='feature' parent = 'Mentor', cardNumber='null'}]

09:49:28.685 [pool-4-thread-2] DEBUG net.thucydides.core.requirements.BaseRequirementsService - Requirement found for test outcome [Negative Case] Put Update Mentors Profile With Invalid JSON-[]: Optional[Requirement{name='[MusicLab-API] Put Feature Mentors', type='feature' parent = 'Mentor', cardNumber='null'}]

09:49:28.687 [pool-4-thread-11] DEBUG net.thucydides.core.requirements.BaseRequirementsService - Requirement found for test outcome [Positive Case] Put Update Mentors Password With Valid JSON-[]: Optional[Requirement{name='[MusicLab-API] Put Feature Mentors', type='feature' parent = 'Mentor', cardNumber='null'}]

09:49:28.689 [pool-4-thread-11] DEBUG serenity.reporting - Generating report in 59db1511cc674cbf641bff2b3f0000ae0f9850f8ad507706ad5d4280b521e359.html

09:49:28.689 [pool-4-thread-2] DEBUG net.thucydides.core.requirements.BaseRequirementsService - Requirement found for test outcome [Negative Case] Put Update Mentors Profile With Invalid JSON-[]: Optional[Requirement{name='[MusicLab-API] Put Feature Mentors', type='feature' parent = 'Mentor', cardNumber='null'}]

09:49:28.692 [pool-4-thread-2] DEBUG serenity.reporting - Generating report in 7967d36e669a02eb8c803cf2b9f699785abee4147a1792268257f5cc3688ee19.html

09:49:28.693 [pool-4-thread-9] DEBUG serenity.reporting - Generated report f05fe855314f60f915cc5a75d76cacd4f24d274ee9dd0939638b165237c69553.html in 180 ms

09:49:28.693 [pool-4-thread-9] DEBUG net.thucydides.core.reports.ReportService - Processing test outcome [MusicLab-API] Get Feature Instrument:[Positive Case] Get All List Instruments Normal Condition done

09:49:28.693 [pool-4-thread-9] DEBUG net.thucydides.core.reports.ReportService - Processing test outcome [MusicLab-API] Put Feature Mentors:[Negative Case] Put Update Mentors Profile With Valid JSON No Authorized

09:49:28.693 [pool-4-thread-9] INFO net.thucydides.core.reports.ReportService - net.thucydides.core.reports.html.HtmlAcceptanceTestReporter@72691aba: Generating report for test outcome: [MusicLab-API] Put Feature Mentors:[Negative Case] Put Update Mentors Profile With Valid JSON No Authorized

09:49:28.704 [pool-4-thread-9] DEBUG net.thucydides.core.requirements.BaseRequirementsService - Requirement found for test outcome [Negative Case] Put Update Mentors Profile With Valid JSON No Authorized-[]: Optional[Requirement{name='[MusicLab-API] Put Feature Mentors', type='feature' parent = 'Mentor', cardNumber='null'}]

09:49:28.704 [pool-4-thread-6] DEBUG serenity.reporting - Generated report a038655e1fe8f7af9e2bb691c110785f530c89f436da50a7b5b80f30abc93949.html in 20 ms

09:49:28.704 [pool-4-thread-6] DEBUG net.thucydides.core.reports.ReportService - Processing test outcome [MusicLab-API] Put Feature Mentors:[Negative Case] Put Update Mentors Password With Valid JSON No Authorized done

09:49:28.704 [pool-4-thread-6] DEBUG net.thucydides.core.reports.ReportService - Processing test outcome [MusicLab-API] Put Feature Mentors:[Negative Case] Put Update Mentors Profile With Oversize Image

09:49:28.704 [pool-4-thread-6] INFO net.thucydides.core.reports.ReportService - net.thucydides.core.reports.html.HtmlAcceptanceTestReporter@72691aba: Generating report for test outcome: [MusicLab-API] Put Feature Mentors:[Negative Case] Put Update Mentors Profile With Oversize Image

09:49:28.708 [pool-4-thread-2] DEBUG serenity.reporting - Generated report 7967d36e669a02eb8c803cf2b9f699785abee4147a1792268257f5cc3688ee19.html in 16 ms

09:49:28.709 [pool-4-thread-2] DEBUG net.thucydides.core.reports.ReportService - Processing test outcome [MusicLab-API] Put Feature Mentors:[Negative Case] Put Update Mentors Profile With Invalid JSON done

09:49:28.709 [pool-4-thread-2] DEBUG net.thucydides.core.reports.ReportService - Processing test outcome [MusicLab-API] Put Feature Mentors:[Positive Case] Put Update Mentors Profile With Valid JSON

09:49:28.709 [pool-4-thread-2] INFO net.thucydides.core.reports.ReportService - net.thucydides.core.reports.html.HtmlAcceptanceTestReporter@72691aba: Generating report for test outcome: [MusicLab-API] Put Feature Mentors:[Positive Case] Put Update Mentors Profile With Valid JSON

09:49:28.709 [pool-4-thread-6] DEBUG net.thucydides.core.requirements.BaseRequirementsService - Requirement found for test outcome [Negative Case] Put Update Mentors Profile With Oversize Image-[]: Optional[Requirement{name='[MusicLab-API] Put Feature Mentors', type='feature' parent = 'Mentor', cardNumber='null'}]

09:49:28.712 [pool-4-thread-7] DEBUG serenity.reporting - Generated report d90dff7b5dccfc972d39c727446e9654a109ee4148430cb0263b4bafa1878ad0.html in 66 ms

09:49:28.712 [pool-4-thread-7] DEBUG net.thucydides.core.reports.ReportService - Processing test outcome [MusicLab-API] Get Feature Mentors:[Negative Case] Get Single List Mentors With Blank ID done

09:49:28.712 [pool-4-thread-7] DEBUG net.thucydides.core.reports.ReportService - Processing test outcome [MusicLab-API] Post Feature Review:[Positive Case] Post Create Review With Valid JSON

09:49:28.712 [pool-4-thread-7] INFO net.thucydides.core.reports.ReportService - net.thucydides.core.reports.html.HtmlAcceptanceTestReporter@72691aba: Generating report for test outcome: [MusicLab-API] Post Feature Review:[Positive Case] Post Create Review With Valid JSON

09:49:28.713 [pool-4-thread-6] DEBUG net.thucydides.core.requirements.BaseRequirementsService - Requirement found for test outcome [Negative Case] Put Update Mentors Profile With Oversize Image-[]: Optional[Requirement{name='[MusicLab-API] Put Feature Mentors', type='feature' parent = 'Mentor', cardNumber='null'}]

09:49:28.714 [pool-4-thread-7] DEBUG net.thucydides.core.requirements.BaseRequirementsService - Requirement found for test outcome [Positive Case] Post Create Review With Valid JSON-[]: Optional[Requirement{name='[MusicLab-API] Post Feature Review', type='feature' parent = 'Review', cardNumber='null'}]

09:49:28.714 [pool-4-thread-7] DEBUG net.thucydides.core.requirements.BaseRequirementsService - Requirement found for test outcome [Positive Case] Post Create Review With Valid JSON-[]: Optional[Requirement{name='[MusicLab-API] Post Feature Review', type='feature' parent = 'Review', cardNumber='null'}]

09:49:28.715 [pool-4-thread-6] DEBUG serenity.reporting - Generating report in 4185037c8ec041ace92761f12b93af65aafc7168e3b123197cdf13926aa8d981.html

09:49:28.716 [pool-4-thread-9] DEBUG net.thucydides.core.requirements.BaseRequirementsService - Requirement found for test outcome [Negative Case] Put Update Mentors Profile With Valid JSON No Authorized-[]: Optional[Requirement{name='[MusicLab-API] Put Feature Mentors', type='feature' parent = 'Mentor', cardNumber='null'}]

09:49:28.716 [pool-4-thread-7] DEBUG serenity.reporting - Generating report in 9d23a6256bd5a36096c1c8d868f6312acd69567904bba193894e5d70e569c3d6.html

09:49:28.717 [pool-4-thread-9] DEBUG serenity.reporting - Generating report in 3545e2bc6cae85b281a23619de6a34506ad8cae828b8477eee062ff77b4fed78.html

09:49:28.718 [pool-4-thread-2] DEBUG net.thucydides.core.requirements.BaseRequirementsService - Requirement found for test outcome [Positive Case] Put Update Mentors Profile With Valid JSON-[]: Optional[Requirement{name='[MusicLab-API] Put Feature Mentors', type='feature' parent = 'Mentor', cardNumber='null'}]

09:49:28.718 [pool-4-thread-5] DEBUG serenity.reporting - Generated report 17883f69c94e22421c252116f3f56e30b7690036191e91f646b3b94001f70d7a.html in 51 ms

09:49:28.718 [pool-4-thread-11] DEBUG serenity.reporting - Generated report 59db1511cc674cbf641bff2b3f0000ae0f9850f8ad507706ad5d4280b521e359.html in 29 ms

09:49:28.718 [pool-4-thread-11] DEBUG net.thucydides.core.reports.ReportService - Processing test outcome [MusicLab-API] Put Feature Mentors:[Positive Case] Put Update Mentors Password With Valid JSON done

09:49:28.718 [pool-4-thread-12] DEBUG serenity.reporting - Generated report fbe5ff59824882bcbad73f30ef56748587fe60cc93c5b1c2dfac5c900b2c1374.html in 42 ms

09:49:28.718 [pool-4-thread-12] DEBUG net.thucydides.core.reports.ReportService - Processing test outcome [MusicLab-API] Post Feature Mentors:[Positive Case] Post Create Mentors Credential With Valid JSON done

09:49:28.718 [pool-4-thread-12] DEBUG net.thucydides.core.reports.ReportService - Processing test outcome [MusicLab-API] Post Feature Review:[Negative Case] Post Create Review With empty comment

09:49:28.718 [pool-4-thread-12] INFO net.thucydides.core.reports.ReportService - net.thucydides.core.reports.html.HtmlAcceptanceTestReporter@72691aba: Generating report for test outcome: [MusicLab-API] Post Feature Review:[Negative Case] Post Create Review With empty comment

09:49:28.722 [pool-4-thread-1] DEBUG serenity.reporting - Generated report 32b13442ef78825095038ce3df040db827e90a7d3ba8e2b9439027888de28523.html in 62 ms

09:49:28.718 [pool-4-thread-5] DEBUG net.thucydides.core.reports.ReportService - Processing test outcome [MusicLab-API] Post Feature Mentors:[Negative Case] Post Create Mentors Credential With Oversize Image done

09:49:28.723 [pool-4-thread-1] DEBUG net.thucydides.core.reports.ReportService - Processing test outcome [MusicLab-API] Get Feature Mentors:[Positive Case] Get Single Mentor Profile done

09:49:28.718 [pool-4-thread-11] DEBUG net.thucydides.core.reports.ReportService - Processing test outcome [MusicLab-API] Post Feature Review:[Negative Case] Post Create Review With inValid JSON

09:49:28.723 [pool-4-thread-1] DEBUG net.thucydides.core.reports.ReportService - Processing test outcome Music Lab API Automation Testing:Delete schedule with invalid id

09:49:28.723 [pool-4-thread-11] INFO net.thucydides.core.reports.ReportService - net.thucydides.core.reports.html.HtmlAcceptanceTestReporter@72691aba: Generating report for test outcome: [MusicLab-API] Post Feature Review:[Negative Case] Post Create Review With inValid JSON

09:49:28.723 [pool-4-thread-1] INFO net.thucydides.core.reports.ReportService - net.thucydides.core.reports.html.HtmlAcceptanceTestReporter@72691aba: Generating report for test outcome: Music Lab API Automation Testing:Delete schedule with invalid id

09:49:28.723 [pool-4-thread-1] DEBUG net.thucydides.core.requirements.BaseRequirementsService - Requirement found for test outcome Delete schedule with invalid id-[]: Optional[Requirement{name='Music Lab API Automation Testing', type='feature' parent = 'Schedule', cardNumber='null'}]

09:49:28.723 [pool-4-thread-12] DEBUG net.thucydides.core.requirements.BaseRequirementsService - Requirement found for test outcome [Negative Case] Post Create Review With empty comment-[]: Optional[Requirement{name='[MusicLab-API] Post Feature Review', type='feature' parent = 'Review', cardNumber='null'}]

09:49:28.724 [pool-4-thread-9] DEBUG serenity.reporting - Generated report 3545e2bc6cae85b281a23619de6a34506ad8cae828b8477eee062ff77b4fed78.html in 7 ms

09:49:28.724 [pool-4-thread-9] DEBUG net.thucydides.core.reports.ReportService - Processing test outcome [MusicLab-API] Put Feature Mentors:[Negative Case] Put Update Mentors Profile With Valid JSON No Authorized done

09:49:28.724 [pool-4-thread-9] DEBUG net.thucydides.core.reports.ReportService - Processing test outcome Music Lab API Automation Testing:Delete schedule with empty id

09:49:28.724 [pool-4-thread-9] INFO net.thucydides.core.reports.ReportService - net.thucydides.core.reports.html.HtmlAcceptanceTestReporter@72691aba: Generating report for test outcome: Music Lab API Automation Testing:Delete schedule with empty id

09:49:28.724 [pool-4-thread-10] DEBUG serenity.reporting - Generated report df85cc3eb9a7a5495884571eb8666798cc86b53232828ce945580671109a20dd.html in 64 ms

09:49:28.724 [pool-4-thread-10] DEBUG net.thucydides.core.reports.ReportService - Processing test outcome [MusicLab-API] Post Feature Mentors:[Negative Case] Post Create Mentors Credential With Valid JSON No Auth done

09:49:28.724 [pool-4-thread-1] DEBUG net.thucydides.core.requirements.BaseRequirementsService - Requirement found for test outcome Delete schedule with invalid id-[]: Optional[Requirement{name='Music Lab API Automation Testing', type='feature' parent = 'Schedule', cardNumber='null'}]

09:49:28.724 [pool-4-thread-9] DEBUG net.thucydides.core.requirements.BaseRequirementsService - Requirement found for test outcome Delete schedule with empty id-[]: Optional[Requirement{name='Music Lab API Automation Testing', type='feature' parent = 'Schedule', cardNumber='null'}]

09:49:28.725 [pool-4-thread-9] DEBUG net.thucydides.core.requirements.BaseRequirementsService - Requirement found for test outcome Delete schedule with empty id-[]: Optional[Requirement{name='Music Lab API Automation Testing', type='feature' parent = 'Schedule', cardNumber='null'}]

09:49:28.725 [pool-4-thread-7] DEBUG serenity.reporting - Generated report 9d23a6256bd5a36096c1c8d868f6312acd69567904bba193894e5d70e569c3d6.html in 9 ms

09:49:28.725 [pool-4-thread-7] DEBUG net.thucydides.core.reports.ReportService - Processing test outcome [MusicLab-API] Post Feature Review:[Positive Case] Post Create Review With Valid JSON done

09:49:28.725 [pool-4-thread-7] DEBUG net.thucydides.core.reports.ReportService - Processing test outcome Music Lab API Automation Testing:Get mentor schedule with valid id

09:49:28.725 [pool-4-thread-7] INFO net.thucydides.core.reports.ReportService - net.thucydides.core.reports.html.HtmlAcceptanceTestReporter@72691aba: Generating report for test outcome: Music Lab API Automation Testing:Get mentor schedule with valid id

09:49:28.725 [pool-4-thread-1] DEBUG serenity.reporting - Generating report in 5ce324beeeb7887e1e5e10022ac15ac11676bbf99b9d156e0a3c8999790a9f75.html

09:49:28.725 [pool-4-thread-9] DEBUG serenity.reporting - Generating report in df21dfc40a6b68a4cc90aa6b3a5a92377db452a3caff8ecba57172385483ed32.html

09:49:28.726 [pool-4-thread-12] DEBUG net.thucydides.core.requirements.BaseRequirementsService - Requirement found for test outcome [Negative Case] Post Create Review With empty comment-[]: Optional[Requirement{name='[MusicLab-API] Post Feature Review', type='feature' parent = 'Review', cardNumber='null'}]

09:49:28.727 [pool-4-thread-12] DEBUG serenity.reporting - Generating report in 19f77e52a44376970170a72e498192122f9dd89ce3e503aae4c8afd137faf62c.html

09:49:28.728 [pool-4-thread-11] DEBUG net.thucydides.core.requirements.BaseRequirementsService - Requirement found for test outcome [Negative Case] Post Create Review With inValid JSON-[]: Optional[Requirement{name='[MusicLab-API] Post Feature Review', type='feature' parent = 'Review', cardNumber='null'}]

09:49:28.729 [pool-4-thread-7] DEBUG net.thucydides.core.requirements.BaseRequirementsService - Requirement found for test outcome Get mentor schedule with valid id-[]: Optional[Requirement{name='Music Lab API Automation Testing', type='feature' parent = 'Schedule', cardNumber='null'}]

09:49:28.730 [pool-4-thread-11] DEBUG net.thucydides.core.requirements.BaseRequirementsService - Requirement found for test outcome [Negative Case] Post Create Review With inValid JSON-[]: Optional[Requirement{name='[MusicLab-API] Post Feature Review', type='feature' parent = 'Review', cardNumber='null'}]

09:49:28.731 [pool-4-thread-8] DEBUG serenity.reporting - Generated report ebbf6c9807e3083d0d74e66d5b10a4ee50c28de487e6c379397127f2cb5dbef3.html in 206 ms

09:49:28.731 [pool-4-thread-8] DEBUG net.thucydides.core.reports.ReportService - Processing test outcome [MusicLab-API] Get Feature Mentors:[Negative Case] Get All List Mentors With Invalid Parameters done

09:49:28.731 [pool-4-thread-8] DEBUG net.thucydides.core.reports.ReportService - Processing test outcome Music Lab API Automation Testing:Get mentor schedule with valid id no authorization

09:49:28.731 [pool-4-thread-8] INFO net.thucydides.core.reports.ReportService - net.thucydides.core.reports.html.HtmlAcceptanceTestReporter@72691aba: Generating report for test outcome: Music Lab API Automation Testing:Get mentor schedule with valid id no authorization

09:49:28.731 [pool-4-thread-11] DEBUG serenity.reporting - Generating report in 496f14d605b2f6cd6628662a6f2fc26e0d463597438ea6582f8f6c7b4785d670.html

09:49:28.723 [pool-4-thread-5] DEBUG net.thucydides.core.reports.ReportService - Processing test outcome Music Lab API Automation Testing:Delete schedule with valid id

09:49:28.732 [pool-4-thread-5] INFO net.thucydides.core.reports.ReportService - net.thucydides.core.reports.html.HtmlAcceptanceTestReporter@72691aba: Generating report for test outcome: Music Lab API Automation Testing:Delete schedule with valid id

09:49:28.732 [pool-4-thread-7] DEBUG net.thucydides.core.requirements.BaseRequirementsService - Requirement found for test outcome Get mentor schedule with valid id-[]: Optional[Requirement{name='Music Lab API Automation Testing', type='feature' parent = 'Schedule', cardNumber='null'}]

09:49:28.732 [pool-4-thread-5] DEBUG net.thucydides.core.requirements.BaseRequirementsService - Requirement found for test outcome Delete schedule with valid id-[]: Optional[Requirement{name='Music Lab API Automation Testing', type='feature' parent = 'Schedule', cardNumber='null'}]

09:49:28.733 [pool-4-thread-7] DEBUG serenity.reporting - Generating report in 86a3bb214a116bd4b319b6ac8d2c831a469ee9aebd07b51900391e0ac672f0c7.html

09:49:28.724 [pool-4-thread-10] DEBUG net.thucydides.core.reports.ReportService - Processing test outcome Music Lab API Automation Testing:Delete schedule valid id no authorization

09:49:28.735 [pool-4-thread-10] INFO net.thucydides.core.reports.ReportService - net.thucydides.core.reports.html.HtmlAcceptanceTestReporter@72691aba: Generating report for test outcome: Music Lab API Automation Testing:Delete schedule valid id no authorization

09:49:28.733 [pool-4-thread-5] DEBUG net.thucydides.core.requirements.BaseRequirementsService - Requirement found for test outcome Delete schedule with valid id-[]: Optional[Requirement{name='Music Lab API Automation Testing', type='feature' parent = 'Schedule', cardNumber='null'}]

09:49:28.736 [pool-4-thread-12] DEBUG serenity.reporting - Generated report 19f77e52a44376970170a72e498192122f9dd89ce3e503aae4c8afd137faf62c.html in 9 ms

09:49:28.736 [pool-4-thread-12] DEBUG net.thucydides.core.reports.ReportService - Processing test outcome [MusicLab-API] Post Feature Review:[Negative Case] Post Create Review With empty comment done

09:49:28.736 [pool-4-thread-12] DEBUG net.thucydides.core.reports.ReportService - Processing test outcome Music Lab API Automation Testing:Get mentor schedule with invalid id

09:49:28.736 [pool-4-thread-12] INFO net.thucydides.core.reports.ReportService - net.thucydides.core.reports.html.HtmlAcceptanceTestReporter@72691aba: Generating report for test outcome: Music Lab API Automation Testing:Get mentor schedule with invalid id

09:49:28.736 [pool-4-thread-10] DEBUG net.thucydides.core.requirements.BaseRequirementsService - Requirement found for test outcome Delete schedule valid id no authorization-[]: Optional[Requirement{name='Music Lab API Automation Testing', type='feature' parent = 'Schedule', cardNumber='null'}]

09:49:28.737 [pool-4-thread-5] DEBUG serenity.reporting - Generating report in 37a4ff8177076938a301fa8e4c7a59a5781bd86e40d59302391491f24224bd87.html

09:49:28.737 [pool-4-thread-10] DEBUG net.thucydides.core.requirements.BaseRequirementsService - Requirement found for test outcome Delete schedule valid id no authorization-[]: Optional[Requirement{name='Music Lab API Automation Testing', type='feature' parent = 'Schedule', cardNumber='null'}]

09:49:28.738 [pool-4-thread-10] DEBUG serenity.reporting - Generating report in 09793ef7ee31500394434735cca0d8c29bd9a36515dc5d4cc33641e81a306360.html

09:49:28.741 [pool-4-thread-2] DEBUG net.thucydides.core.requirements.BaseRequirementsService - Requirement found for test outcome [Positive Case] Put Update Mentors Profile With Valid JSON-[]: Optional[Requirement{name='[MusicLab-API] Put Feature Mentors', type='feature' parent = 'Mentor', cardNumber='null'}]

09:49:28.741 [pool-4-thread-12] DEBUG net.thucydides.core.requirements.BaseRequirementsService - Requirement found for test outcome Get mentor schedule with invalid id-[]: Optional[Requirement{name='Music Lab API Automation Testing', type='feature' parent = 'Schedule', cardNumber='null'}]

09:49:28.743 [pool-4-thread-8] DEBUG net.thucydides.core.requirements.BaseRequirementsService - Requirement found for test outcome Get mentor schedule with valid id no authorization-[]: Optional[Requirement{name='Music Lab API Automation Testing', type='feature' parent = 'Schedule', cardNumber='null'}]

09:49:28.743 [pool-4-thread-9] DEBUG serenity.reporting - Generated report df21dfc40a6b68a4cc90aa6b3a5a92377db452a3caff8ecba57172385483ed32.html in 18 ms

09:49:28.744 [pool-4-thread-9] DEBUG net.thucydides.core.reports.ReportService - Processing test outcome Music Lab API Automation Testing:Delete schedule with empty id done

09:49:28.744 [pool-4-thread-9] DEBUG net.thucydides.core.reports.ReportService - Processing test outcome Music Lab API Automation Testing:Post add mentor schedule with valid json

09:49:28.744 [pool-4-thread-9] INFO net.thucydides.core.reports.ReportService - net.thucydides.core.reports.html.HtmlAcceptanceTestReporter@72691aba: Generating report for test outcome: Music Lab API Automation Testing:Post add mentor schedule with valid json

09:49:28.744 [pool-4-thread-12] DEBUG net.thucydides.core.requirements.BaseRequirementsService - Requirement found for test outcome Get mentor schedule with invalid id-[]: Optional[Requirement{name='Music Lab API Automation Testing', type='feature' parent = 'Schedule', cardNumber='null'}]

09:49:28.744 [pool-4-thread-7] DEBUG serenity.reporting - Generated report 86a3bb214a116bd4b319b6ac8d2c831a469ee9aebd07b51900391e0ac672f0c7.html in 11 ms

09:49:28.744 [pool-4-thread-7] DEBUG net.thucydides.core.reports.ReportService - Processing test outcome Music Lab API Automation Testing:Get mentor schedule with valid id done

09:49:28.744 [pool-4-thread-7] DEBUG net.thucydides.core.reports.ReportService - Processing test outcome Music Lab API Automation Testing:Post add mentor schedule availability with valid json no authorization

09:49:28.744 [pool-4-thread-7] INFO net.thucydides.core.reports.ReportService - net.thucydides.core.reports.html.HtmlAcceptanceTestReporter@72691aba: Generating report for test outcome: Music Lab API Automation Testing:Post add mentor schedule availability with valid json no authorization

09:49:28.745 [pool-4-thread-12] DEBUG serenity.reporting - Generating report in 2f67aa970d4b2d2fb6668c6bed1fd700f41854ab6d9dffe3566f91c498c0ecf8.html

09:49:28.745 [pool-4-thread-5] DEBUG serenity.reporting - Generated report 37a4ff8177076938a301fa8e4c7a59a5781bd86e40d59302391491f24224bd87.html in 8 ms

09:49:28.745 [pool-4-thread-5] DEBUG net.thucydides.core.reports.ReportService - Processing test outcome Music Lab API Automation Testing:Delete schedule with valid id done

09:49:28.745 [pool-4-thread-5] DEBUG net.thucydides.core.reports.ReportService - Processing test outcome Music Lab API Automation Testing:Post add mentor schedule with invalid json

09:49:28.745 [pool-4-thread-5] INFO net.thucydides.core.reports.ReportService - net.thucydides.core.reports.html.HtmlAcceptanceTestReporter@72691aba: Generating report for test outcome: Music Lab API Automation Testing:Post add mentor schedule with invalid json

09:49:28.745 [pool-4-thread-8] DEBUG net.thucydides.core.requirements.BaseRequirementsService - Requirement found for test outcome Get mentor schedule with valid id no authorization-[]: Optional[Requirement{name='Music Lab API Automation Testing', type='feature' parent = 'Schedule', cardNumber='null'}]

09:49:28.746 [pool-4-thread-8] DEBUG serenity.reporting - Generating report in 603ff435664b7507f048f88d98deaed6596a055032559be52025b113bda82fd2.html

09:49:28.749 [pool-4-thread-10] DEBUG serenity.reporting - Generated report 09793ef7ee31500394434735cca0d8c29bd9a36515dc5d4cc33641e81a306360.html in 11 ms

09:49:28.750 [pool-4-thread-10] DEBUG net.thucydides.core.reports.ReportService - Processing test outcome Music Lab API Automation Testing:Delete schedule valid id no authorization done

09:49:28.750 [pool-4-thread-5] DEBUG net.thucydides.core.requirements.BaseRequirementsService - Requirement found for test outcome Post add mentor schedule with invalid json-[]: Optional[Requirement{name='Music Lab API Automation Testing', type='feature' parent = 'Schedule', cardNumber='null'}]

09:49:28.750 [pool-4-thread-10] DEBUG net.thucydides.core.reports.ReportService - Processing test outcome Music Lab API Automation Testing:Post add mentor schedule with empty json

09:49:28.750 [pool-4-thread-10] INFO net.thucydides.core.reports.ReportService - net.thucydides.core.reports.html.HtmlAcceptanceTestReporter@72691aba: Generating report for test outcome: Music Lab API Automation Testing:Post add mentor schedule with empty json

09:49:28.750 [pool-4-thread-1] DEBUG serenity.reporting - Generated report 5ce324beeeb7887e1e5e10022ac15ac11676bbf99b9d156e0a3c8999790a9f75.html in 25 ms

09:49:28.750 [pool-4-thread-1] DEBUG net.thucydides.core.reports.ReportService - Processing test outcome Music Lab API Automation Testing:Delete schedule with invalid id done

09:49:28.750 [pool-4-thread-1] DEBUG net.thucydides.core.reports.ReportService - Processing test outcome Music Lab API Automation Testing:Post add mentor schedule availability with valid json

09:49:28.750 [pool-4-thread-1] INFO net.thucydides.core.reports.ReportService - net.thucydides.core.reports.html.HtmlAcceptanceTestReporter@72691aba: Generating report for test outcome: Music Lab API Automation Testing:Post add mentor schedule availability with valid json

09:49:28.753 [pool-4-thread-2] DEBUG serenity.reporting - Generating report in 3ce76c5d965b7202c1ac1b922bf2aaffb2ba6218e75502ad3ffc4d357a9c8796.html

09:49:28.755 [pool-4-thread-5] DEBUG net.thucydides.core.requirements.BaseRequirementsService - Requirement found for test outcome Post add mentor schedule with invalid json-[]: Optional[Requirement{name='Music Lab API Automation Testing', type='feature' parent = 'Schedule', cardNumber='null'}]

09:49:28.755 [pool-4-thread-10] DEBUG net.thucydides.core.requirements.BaseRequirementsService - Requirement found for test outcome Post add mentor schedule with empty json-[]: Optional[Requirement{name='Music Lab API Automation Testing', type='feature' parent = 'Schedule', cardNumber='null'}]

09:49:28.756 [pool-4-thread-1] DEBUG net.thucydides.core.requirements.BaseRequirementsService - Requirement found for test outcome Post add mentor schedule availability with valid json-[]: Optional[Requirement{name='Music Lab API Automation Testing', type='feature' parent = 'Schedule', cardNumber='null'}]

09:49:28.756 [pool-4-thread-5] DEBUG serenity.reporting - Generating report in 56a456cbbd342ae728947e903485d225de9afc363531ca3e4ab4d09c39dbe319.html

09:49:28.757 [pool-4-thread-6] DEBUG serenity.reporting - Generated report 4185037c8ec041ace92761f12b93af65aafc7168e3b123197cdf13926aa8d981.html in 42 ms

09:49:28.757 [pool-4-thread-6] DEBUG net.thucydides.core.reports.ReportService - Processing test outcome [MusicLab-API] Put Feature Mentors:[Negative Case] Put Update Mentors Profile With Oversize Image done

09:49:28.757 [pool-4-thread-6] DEBUG net.thucydides.core.reports.ReportService - Processing test outcome Music Lab API Automation Testing:Post add mentor schedule availability with valid json no authorization

09:49:28.757 [pool-4-thread-6] INFO net.thucydides.core.reports.ReportService - net.thucydides.core.reports.html.HtmlAcceptanceTestReporter@72691aba: Generating report for test outcome: Music Lab API Automation Testing:Post add mentor schedule availability with valid json no authorization

09:49:28.758 [pool-4-thread-10] DEBUG net.thucydides.core.requirements.BaseRequirementsService - Requirement found for test outcome Post add mentor schedule with empty json-[]: Optional[Requirement{name='Music Lab API Automation Testing', type='feature' parent = 'Schedule', cardNumber='null'}]

09:49:28.758 [pool-4-thread-1] DEBUG net.thucydides.core.requirements.BaseRequirementsService - Requirement found for test outcome Post add mentor schedule availability with valid json-[]: Optional[Requirement{name='Music Lab API Automation Testing', type='feature' parent = 'Schedule', cardNumber='null'}]

09:49:28.759 [pool-4-thread-10] DEBUG serenity.reporting - Generating report in 71133f93cc78134f9023209f8d6206e73bb85bea4ed033dda3c9d393dd702a62.html

09:49:28.759 [pool-4-thread-1] DEBUG serenity.reporting - Generating report in 1b609a6766be9ed967e2ff4ac95d7b5cc6b413eb8a2135dab3835fe6b4866df6.html

09:49:28.766 [pool-4-thread-1] DEBUG serenity.reporting - Generated report 1b609a6766be9ed967e2ff4ac95d7b5cc6b413eb8a2135dab3835fe6b4866df6.html in 7 ms

09:49:28.766 [pool-4-thread-1] DEBUG net.thucydides.core.reports.ReportService - Processing test outcome Music Lab API Automation Testing:Post add mentor schedule availability with valid json done

09:49:28.766 [pool-4-thread-1] DEBUG net.thucydides.core.reports.ReportService - Processing test outcome Music Lab API Automation Testing:Post add mentor schedule availability with empty json

09:49:28.766 [pool-4-thread-1] INFO net.thucydides.core.reports.ReportService - net.thucydides.core.reports.html.HtmlAcceptanceTestReporter@72691aba: Generating report for test outcome: Music Lab API Automation Testing:Post add mentor schedule availability with empty json

09:49:28.767 [pool-4-thread-12] DEBUG serenity.reporting - Generated report 2f67aa970d4b2d2fb6668c6bed1fd700f41854ab6d9dffe3566f91c498c0ecf8.html in 22 ms

09:49:28.767 [pool-4-thread-12] DEBUG net.thucydides.core.reports.ReportService - Processing test outcome Music Lab API Automation Testing:Get mentor schedule with invalid id done

09:49:28.767 [pool-4-thread-12] DEBUG net.thucydides.core.reports.ReportService - Processing test outcome Music Lab API Automation Testing:Post add mentor schedule with invalid json

09:49:28.767 [pool-4-thread-12] INFO net.thucydides.core.reports.ReportService - net.thucydides.core.reports.html.HtmlAcceptanceTestReporter@72691aba: Generating report for test outcome: Music Lab API Automation Testing:Post add mentor schedule with invalid json

09:49:28.768 [pool-4-thread-2] DEBUG serenity.reporting - Generated report 3ce76c5d965b7202c1ac1b922bf2aaffb2ba6218e75502ad3ffc4d357a9c8796.html in 15 ms

09:49:28.768 [pool-4-thread-2] DEBUG net.thucydides.core.reports.ReportService - Processing test outcome [MusicLab-API] Put Feature Mentors:[Positive Case] Put Update Mentors Profile With Valid JSON done

09:49:28.768 [pool-4-thread-2] DEBUG net.thucydides.core.reports.ReportService - Processing test outcome MusicLab API Automation Testing Capstone Project:Get student data

09:49:28.768 [pool-4-thread-2] INFO net.thucydides.core.reports.ReportService - net.thucydides.core.reports.html.HtmlAcceptanceTestReporter@72691aba: Generating report for test outcome: MusicLab API Automation Testing Capstone Project:Get student data

09:49:28.769 [pool-4-thread-2] DEBUG net.thucydides.core.requirements.BaseRequirementsService - Requirement found for test outcome Get student data-[]: Optional[Requirement{name='MusicLab API Automation Testing Capstone Project', type='feature' parent = 'Class', cardNumber='null'}]

09:49:28.769 [pool-4-thread-2] DEBUG net.thucydides.core.requirements.BaseRequirementsService - Requirement found for test outcome Get student data-[]: Optional[Requirement{name='MusicLab API Automation Testing Capstone Project', type='feature' parent = 'Class', cardNumber='null'}]

09:49:28.771 [pool-4-thread-2] DEBUG serenity.reporting - Generating report in ad910e45b694987c532e16a13f05ce1adbf88454baddff37a0a8609100d5cf13.html

09:49:28.771 [pool-4-thread-3] DEBUG serenity.reporting - Generated report d862ccbf9aa41f4b68f5bba5560f78dd5199506ad39e35f1b84c6edb1af75350.html in 122 ms

09:49:28.771 [pool-4-thread-3] DEBUG net.thucydides.core.reports.ReportService - Processing test outcome [MusicLab-API] Get Feature Mentors:[Positive Case] Get All List Mentors With Valid Parameters done

09:49:28.771 [pool-4-thread-3] DEBUG net.thucydides.core.reports.ReportService - Processing test outcome MusicLab API Automation Testing Capstone Project:Put or edit student profile with valid parameters

09:49:28.771 [pool-4-thread-3] INFO net.thucydides.core.reports.ReportService - net.thucydides.core.reports.html.HtmlAcceptanceTestReporter@72691aba: Generating report for test outcome: MusicLab API Automation Testing Capstone Project:Put or edit student profile with valid parameters

09:49:28.771 [pool-4-thread-1] DEBUG net.thucydides.core.requirements.BaseRequirementsService - Requirement found for test outcome Post add mentor schedule availability with empty json-[]: Optional[Requirement{name='Music Lab API Automation Testing', type='feature' parent = 'Schedule', cardNumber='null'}]

09:49:28.771 [pool-4-thread-12] DEBUG net.thucydides.core.requirements.BaseRequirementsService - Requirement found for test outcome Post add mentor schedule with invalid json-[]: Optional[Requirement{name='Music Lab API Automation Testing', type='feature' parent = 'Schedule', cardNumber='null'}]

09:49:28.772 [pool-4-thread-3] DEBUG net.thucydides.core.requirements.BaseRequirementsService - Requirement found for test outcome Put or edit student profile with valid parameters-[]: Optional[Requirement{name='MusicLab API Automation Testing Capstone Project', type='feature' parent = 'Class', cardNumber='null'}]

09:49:28.772 [pool-4-thread-3] DEBUG net.thucydides.core.requirements.BaseRequirementsService - Requirement found for test outcome Put or edit student profile with valid parameters-[]: Optional[Requirement{name='MusicLab API Automation Testing Capstone Project', type='feature' parent = 'Class', cardNumber='null'}]

09:49:28.772 [pool-4-thread-6] DEBUG net.thucydides.core.requirements.BaseRequirementsService - Requirement found for test outcome Post add mentor schedule availability with valid json no authorization-[]: Optional[Requirement{name='Music Lab API Automation Testing', type='feature' parent = 'Schedule', cardNumber='null'}]

09:49:28.774 [pool-4-thread-1] DEBUG net.thucydides.core.requirements.BaseRequirementsService - Requirement found for test outcome Post add mentor schedule availability with empty json-[]: Optional[Requirement{name='Music Lab API Automation Testing', type='feature' parent = 'Schedule', cardNumber='null'}]

09:49:28.774 [pool-4-thread-12] DEBUG net.thucydides.core.requirements.BaseRequirementsService - Requirement found for test outcome Post add mentor schedule with invalid json-[]: Optional[Requirement{name='Music Lab API Automation Testing', type='feature' parent = 'Schedule', cardNumber='null'}]

09:49:28.774 [pool-4-thread-3] DEBUG serenity.reporting - Generating report in 39f3ecd21a6684f8dcad9cd31960a688973f06c0523af14ad11278914d0461ff.html

09:49:28.775 [pool-4-thread-1] DEBUG serenity.reporting - Generating report in f6aba3e1adebabef1adb43ed6083315f4f22ad7158f4d5de2b54d28d3017b4e0.html

09:49:28.775 [pool-4-thread-12] DEBUG serenity.reporting - Generating report in 56a456cbbd342ae728947e903485d225de9afc363531ca3e4ab4d09c39dbe319.html

09:49:28.775 [pool-4-thread-6] DEBUG net.thucydides.core.requirements.BaseRequirementsService - Requirement found for test outcome Post add mentor schedule availability with valid json no authorization-[]: Optional[Requirement{name='Music Lab API Automation Testing', type='feature' parent = 'Schedule', cardNumber='null'}]

09:49:28.776 [pool-4-thread-6] DEBUG serenity.reporting - Generating report in 2e7666b846382dccaffafefcfa47f552d033df0c07592a7e1c04931c6a1d46ad.html

09:49:28.778 [pool-4-thread-7] DEBUG net.thucydides.core.requirements.BaseRequirementsService - Requirement found for test outcome Post add mentor schedule availability with valid json no authorization-[]: Optional[Requirement{name='Music Lab API Automation Testing', type='feature' parent = 'Schedule', cardNumber='null'}]

09:49:28.782 [pool-4-thread-11] DEBUG serenity.reporting - Generated report 496f14d605b2f6cd6628662a6f2fc26e0d463597438ea6582f8f6c7b4785d670.html in 51 ms

09:49:28.782 [pool-4-thread-11] DEBUG net.thucydides.core.reports.ReportService - Processing test outcome [MusicLab-API] Post Feature Review:[Negative Case] Post Create Review With inValid JSON done

09:49:28.782 [pool-4-thread-11] DEBUG net.thucydides.core.reports.ReportService - Processing test outcome MusicLab API Automation Testing Capstone Project:Put or edit student profile with invalid parameters

09:49:28.782 [pool-4-thread-11] INFO net.thucydides.core.reports.ReportService - net.thucydides.core.reports.html.HtmlAcceptanceTestReporter@72691aba: Generating report for test outcome: MusicLab API Automation Testing Capstone Project:Put or edit student profile with invalid parameters

09:49:28.783 [pool-4-thread-9] DEBUG net.thucydides.core.requirements.BaseRequirementsService - Requirement found for test outcome Post add mentor schedule with valid json-[]: Optional[Requirement{name='Music Lab API Automation Testing', type='feature' parent = 'Schedule', cardNumber='null'}]

09:49:28.784 [pool-4-thread-11] DEBUG net.thucydides.core.requirements.BaseRequirementsService - Requirement found for test outcome Put or edit student profile with invalid parameters-[]: Optional[Requirement{name='MusicLab API Automation Testing Capstone Project', type='feature' parent = 'Class', cardNumber='null'}]

09:49:28.784 [pool-4-thread-11] DEBUG net.thucydides.core.requirements.BaseRequirementsService - Requirement found for test outcome Put or edit student profile with invalid parameters-[]: Optional[Requirement{name='MusicLab API Automation Testing Capstone Project', type='feature' parent = 'Class', cardNumber='null'}]

09:49:28.784 [pool-4-thread-2] DEBUG serenity.reporting - Generated report ad910e45b694987c532e16a13f05ce1adbf88454baddff37a0a8609100d5cf13.html in 13 ms

09:49:28.784 [pool-4-thread-2] DEBUG net.thucydides.core.reports.ReportService - Processing test outcome MusicLab API Automation Testing Capstone Project:Get student data done

09:49:28.784 [pool-4-thread-2] DEBUG net.thucydides.core.reports.ReportService - Processing test outcome MusicLab API Automation Testing Capstone Project:Put or edit a class null parameter

09:49:28.784 [pool-4-thread-2] INFO net.thucydides.core.reports.ReportService - net.thucydides.core.reports.html.HtmlAcceptanceTestReporter@72691aba: Generating report for test outcome: MusicLab API Automation Testing Capstone Project:Put or edit a class null parameter

09:49:28.785 [pool-4-thread-2] DEBUG net.thucydides.core.requirements.BaseRequirementsService - Requirement found for test outcome Put or edit a class null parameter-[]: Optional[Requirement{name='MusicLab API Automation Testing Capstone Project', type='feature' parent = 'Class', cardNumber='null'}]

09:49:28.786 [pool-4-thread-7] DEBUG net.thucydides.core.requirements.BaseRequirementsService - Requirement found for test outcome Post add mentor schedule availability with valid json no authorization-[]: Optional[Requirement{name='Music Lab API Automation Testing', type='feature' parent = 'Schedule', cardNumber='null'}]

09:49:28.786 [pool-4-thread-11] DEBUG serenity.reporting - Generating report in 35535ed87b6dadd13a5474fef8e7d335052a61cb8667623eaa5e8570b363ac2c.html

09:49:28.788 [pool-4-thread-9] DEBUG net.thucydides.core.requirements.BaseRequirementsService - Requirement found for test outcome Post add mentor schedule with valid json-[]: Optional[Requirement{name='Music Lab API Automation Testing', type='feature' parent = 'Schedule', cardNumber='null'}]

09:49:28.789 [pool-4-thread-7] DEBUG serenity.reporting - Generating report in 2e7666b846382dccaffafefcfa47f552d033df0c07592a7e1c04931c6a1d46ad.html

09:49:28.791 [pool-4-thread-10] DEBUG serenity.reporting - Generated report 71133f93cc78134f9023209f8d6206e73bb85bea4ed033dda3c9d393dd702a62.html in 32 ms

09:49:28.791 [pool-4-thread-10] DEBUG net.thucydides.core.reports.ReportService - Processing test outcome Music Lab API Automation Testing:Post add mentor schedule with empty json done

09:49:28.791 [pool-4-thread-10] DEBUG net.thucydides.core.reports.ReportService - Processing test outcome MusicLab API Automation Testing Capstone Project:Deactive student

09:49:28.791 [pool-4-thread-10] INFO net.thucydides.core.reports.ReportService - net.thucydides.core.reports.html.HtmlAcceptanceTestReporter@72691aba: Generating report for test outcome: MusicLab API Automation Testing Capstone Project:Deactive student

09:49:28.792 [pool-4-thread-10] DEBUG net.thucydides.core.requirements.BaseRequirementsService - Requirement found for test outcome Deactive student-[]: Optional[Requirement{name='MusicLab API Automation Testing Capstone Project', type='feature' parent = 'Class', cardNumber='null'}]

09:49:28.793 [pool-4-thread-10] DEBUG net.thucydides.core.requirements.BaseRequirementsService - Requirement found for test outcome Deactive student-[]: Optional[Requirement{name='MusicLab API Automation Testing Capstone Project', type='feature' parent = 'Class', cardNumber='null'}]

09:49:28.793 [pool-4-thread-12] DEBUG serenity.reporting - Generated report 56a456cbbd342ae728947e903485d225de9afc363531ca3e4ab4d09c39dbe319.html in 18 ms

09:49:28.793 [pool-4-thread-5] DEBUG serenity.reporting - Generated report 56a456cbbd342ae728947e903485d225de9afc363531ca3e4ab4d09c39dbe319.html in 37 ms

09:49:28.793 [pool-4-thread-12] DEBUG net.thucydides.core.reports.ReportService - Processing test outcome Music Lab API Automation Testing:Post add mentor schedule with invalid json done

09:49:28.793 [pool-4-thread-5] DEBUG net.thucydides.core.reports.ReportService - Processing test outcome Music Lab API Automation Testing:Post add mentor schedule with invalid json done

09:49:28.793 [pool-4-thread-1] DEBUG serenity.reporting - Generated report f6aba3e1adebabef1adb43ed6083315f4f22ad7158f4d5de2b54d28d3017b4e0.html in 18 ms

09:49:28.794 [pool-4-thread-1] DEBUG net.thucydides.core.reports.ReportService - Processing test outcome Music Lab API Automation Testing:Post add mentor schedule availability with empty json done

09:49:28.794 [pool-4-thread-5] DEBUG net.thucydides.core.reports.ReportService - Processing test outcome MusicLab API Automation Testing Capstone Project:Put or edit student password with valid parameters

09:49:28.794 [pool-4-thread-1] DEBUG net.thucydides.core.reports.ReportService - Processing test outcome MusicLab API Automation Testing Capstone Project:Put or edit student password with invalid parameters

09:49:28.794 [pool-4-thread-5] INFO net.thucydides.core.reports.ReportService - net.thucydides.core.reports.html.HtmlAcceptanceTestReporter@72691aba: Generating report for test outcome: MusicLab API Automation Testing Capstone Project:Put or edit student password with valid parameters

09:49:28.794 [pool-4-thread-1] INFO net.thucydides.core.reports.ReportService - net.thucydides.core.reports.html.HtmlAcceptanceTestReporter@72691aba: Generating report for test outcome: MusicLab API Automation Testing Capstone Project:Put or edit student password with invalid parameters

09:49:28.795 [pool-4-thread-5] DEBUG net.thucydides.core.requirements.BaseRequirementsService - Requirement found for test outcome Put or edit student password with valid parameters-[]: Optional[Requirement{name='MusicLab API Automation Testing Capstone Project', type='feature' parent = 'Class', cardNumber='null'}]

09:49:28.795 [pool-4-thread-10] DEBUG serenity.reporting - Generating report in 50b386ba995cae698ff81373ea41a82c5b8aee3c94d37f6b8d0b5d42e451bfec.html

09:49:28.795 [pool-4-thread-12] DEBUG net.thucydides.core.reports.ReportService - Processing test outcome MusicLab API Automation Testing Capstone Project:Put or edit student password null parameter

09:49:28.795 [pool-4-thread-12] INFO net.thucydides.core.reports.ReportService - net.thucydides.core.reports.html.HtmlAcceptanceTestReporter@72691aba: Generating report for test outcome: MusicLab API Automation Testing Capstone Project:Put or edit student password null parameter

09:49:28.795 [pool-4-thread-5] DEBUG net.thucydides.core.requirements.BaseRequirementsService - Requirement found for test outcome Put or edit student password with valid parameters-[]: Optional[Requirement{name='MusicLab API Automation Testing Capstone Project', type='feature' parent = 'Class', cardNumber='null'}]

09:49:28.795 [pool-4-thread-1] DEBUG net.thucydides.core.requirements.BaseRequirementsService - Requirement found for test outcome Put or edit student password with invalid parameters-[]: Optional[Requirement{name='MusicLab API Automation Testing Capstone Project', type='feature' parent = 'Class', cardNumber='null'}]

09:49:28.796 [pool-4-thread-1] DEBUG net.thucydides.core.requirements.BaseRequirementsService - Requirement found for test outcome Put or edit student password with invalid parameters-[]: Optional[Requirement{name='MusicLab API Automation Testing Capstone Project', type='feature' parent = 'Class', cardNumber='null'}]

09:49:28.796 [pool-4-thread-5] DEBUG serenity.reporting - Generating report in acd455dbb4eb3175183e4d98205e69da811f541e0fb2b4f23016bf47a96c88ab.html

09:49:28.797 [pool-4-thread-1] DEBUG serenity.reporting - Generating report in 51a65fd11ab05839a5cd101bf2ba274adf21e56dcfffdbdf22ba71d65e0ccdf7.html

09:49:28.797 [pool-4-thread-12] DEBUG net.thucydides.core.requirements.BaseRequirementsService - Requirement found for test outcome Put or edit student password null parameter-[]: Optional[Requirement{name='MusicLab API Automation Testing Capstone Project', type='feature' parent = 'Class', cardNumber='null'}]

09:49:28.797 [pool-4-thread-2] DEBUG net.thucydides.core.requirements.BaseRequirementsService - Requirement found for test outcome Put or edit a class null parameter-[]: Optional[Requirement{name='MusicLab API Automation Testing Capstone Project', type='feature' parent = 'Class', cardNumber='null'}]

09:49:28.798 [pool-4-thread-12] DEBUG net.thucydides.core.requirements.BaseRequirementsService - Requirement found for test outcome Put or edit student password null parameter-[]: Optional[Requirement{name='MusicLab API Automation Testing Capstone Project', type='feature' parent = 'Class', cardNumber='null'}]

09:49:28.798 [pool-4-thread-3] DEBUG serenity.reporting - Generated report 39f3ecd21a6684f8dcad9cd31960a688973f06c0523af14ad11278914d0461ff.html in 24 ms

09:49:28.798 [pool-4-thread-3] DEBUG net.thucydides.core.reports.ReportService - Processing test outcome MusicLab API Automation Testing Capstone Project:Put or edit student profile with valid parameters done

09:49:28.798 [pool-4-thread-3] DEBUG net.thucydides.core.reports.ReportService - Processing test outcome Get Mentor Transaction:Get mentor transaction with valid path

09:49:28.798 [pool-4-thread-3] INFO net.thucydides.core.reports.ReportService - net.thucydides.core.reports.html.HtmlAcceptanceTestReporter@72691aba: Generating report for test outcome: Get Mentor Transaction:Get mentor transaction with valid path

09:49:28.798 [pool-4-thread-12] DEBUG serenity.reporting - Generating report in 4e78174614a67de4d57679deb1a88150b7fa948098fb0e5f220dbe4cab21d0cb.html

09:49:28.798 [pool-4-thread-2] DEBUG serenity.reporting - Generating report in b212b4a3e12944eb395124ae76af36b415a41db2f1c50692086895d7aa01e8dc.html

09:49:28.799 [pool-4-thread-3] DEBUG net.thucydides.core.requirements.BaseRequirementsService - Requirement found for test outcome Get mentor transaction with valid path-[]: Optional[Requirement{name='Get Mentor Transaction', type='feature' parent = 'Transaction', cardNumber='null'}]

09:49:28.800 [pool-4-thread-3] DEBUG net.thucydides.core.requirements.BaseRequirementsService - Requirement found for test outcome Get mentor transaction with valid path-[]: Optional[Requirement{name='Get Mentor Transaction', type='feature' parent = 'Transaction', cardNumber='null'}]

09:49:28.801 [pool-4-thread-3] DEBUG serenity.reporting - Generating report in 3648b533c38dedc1fa2e87379c99c482a841e2cc5e73e4ac6c359fc9c19ed6a6.html

09:49:28.802 [pool-4-thread-6] DEBUG serenity.reporting - Generated report 2e7666b846382dccaffafefcfa47f552d033df0c07592a7e1c04931c6a1d46ad.html in 26 ms

09:49:28.802 [pool-4-thread-6] DEBUG net.thucydides.core.reports.ReportService - Processing test outcome Music Lab API Automation Testing:Post add mentor schedule availability with valid json no authorization done

09:49:28.802 [pool-4-thread-6] DEBUG net.thucydides.core.reports.ReportService - Processing test outcome Get Mentor Transaction:Get mentor transaction with invalid path

09:49:28.802 [pool-4-thread-6] INFO net.thucydides.core.reports.ReportService - net.thucydides.core.reports.html.HtmlAcceptanceTestReporter@72691aba: Generating report for test outcome: Get Mentor Transaction:Get mentor transaction with invalid path

09:49:28.803 [pool-4-thread-6] DEBUG net.thucydides.core.requirements.BaseRequirementsService - Requirement found for test outcome Get mentor transaction with invalid path-[]: Optional[Requirement{name='Get Mentor Transaction', type='feature' parent = 'Transaction', cardNumber='null'}]

09:49:28.803 [pool-4-thread-6] DEBUG net.thucydides.core.requirements.BaseRequirementsService - Requirement found for test outcome Get mentor transaction with invalid path-[]: Optional[Requirement{name='Get Mentor Transaction', type='feature' parent = 'Transaction', cardNumber='null'}]

09:49:28.804 [pool-4-thread-9] DEBUG serenity.reporting - Generating report in 0f58d3e0f3b2fd2ec5a8d348bf1671ce5636a16f10b3c13a06404aa4fd92e95c.html

09:49:28.804 [pool-4-thread-8] DEBUG serenity.reporting - Generated report 603ff435664b7507f048f88d98deaed6596a055032559be52025b113bda82fd2.html in 58 ms

09:49:28.804 [pool-4-thread-8] DEBUG net.thucydides.core.reports.ReportService - Processing test outcome Music Lab API Automation Testing:Get mentor schedule with valid id no authorization done

09:49:28.804 [pool-4-thread-8] DEBUG net.thucydides.core.reports.ReportService - Processing test outcome Get Student Transaction:Get student transaction with valid path

09:49:28.804 [pool-4-thread-7] DEBUG serenity.reporting - Generated report 2e7666b846382dccaffafefcfa47f552d033df0c07592a7e1c04931c6a1d46ad.html in 15 ms

09:49:28.804 [pool-4-thread-8] INFO net.thucydides.core.reports.ReportService - net.thucydides.core.reports.html.HtmlAcceptanceTestReporter@72691aba: Generating report for test outcome: Get Student Transaction:Get student transaction with valid path

09:49:28.804 [pool-4-thread-7] DEBUG net.thucydides.core.reports.ReportService - Processing test outcome Music Lab API Automation Testing:Post add mentor schedule availability with valid json no authorization done

09:49:28.804 [pool-4-thread-7] DEBUG net.thucydides.core.reports.ReportService - Processing test outcome Get Student Transaction:Get student transaction with invalid path

09:49:28.804 [pool-4-thread-7] INFO net.thucydides.core.reports.ReportService - net.thucydides.core.reports.html.HtmlAcceptanceTestReporter@72691aba: Generating report for test outcome: Get Student Transaction:Get student transaction with invalid path

09:49:28.805 [pool-4-thread-6] DEBUG serenity.reporting - Generating report in 798bb08bc675137473f3c22a690565cc5bf257d30844793dfda52d9903c19981.html

09:49:28.805 [pool-4-thread-1] DEBUG serenity.reporting - Generated report 51a65fd11ab05839a5cd101bf2ba274adf21e56dcfffdbdf22ba71d65e0ccdf7.html in 8 ms

09:49:28.805 [pool-4-thread-1] DEBUG net.thucydides.core.reports.ReportService - Processing test outcome MusicLab API Automation Testing Capstone Project:Put or edit student password with invalid parameters done

09:49:28.805 [pool-4-thread-1] DEBUG net.thucydides.core.reports.ReportService - Processing test outcome Post Create Transaction:Create transaction with valid parameter on json request body

09:49:28.805 [pool-4-thread-1] INFO net.thucydides.core.reports.ReportService - net.thucydides.core.reports.html.HtmlAcceptanceTestReporter@72691aba: Generating report for test outcome: Post Create Transaction:Create transaction with valid parameter on json request body

09:49:28.806 [pool-4-thread-4] DEBUG serenity.reporting - Generated report 870f2ec59704d3cdfa2000e6e867abc31d753f65916a31bd3cccc8f23e27ee9f.html in 132 ms

09:49:28.806 [pool-4-thread-4] DEBUG net.thucydides.core.reports.ReportService - Processing test outcome [MusicLab-API] Put Feature Mentors:[Negative Case] Put Update Mentors Password With Invalid JSON done

09:49:28.806 [pool-4-thread-4] DEBUG net.thucydides.core.reports.ReportService - Processing test outcome Post Create Transaction:Create transaction with invalid parameter class_id on json request body

09:49:28.806 [pool-4-thread-4] INFO net.thucydides.core.reports.ReportService - net.thucydides.core.reports.html.HtmlAcceptanceTestReporter@72691aba: Generating report for test outcome: Post Create Transaction:Create transaction with invalid parameter class_id on json request body

09:49:28.806 [pool-4-thread-8] DEBUG net.thucydides.core.requirements.BaseRequirementsService - Requirement found for test outcome Get student transaction with valid path-[]: Optional[Requirement{name='Get Student Transaction', type='feature' parent = 'Transaction', cardNumber='null'}]

09:49:28.806 [pool-4-thread-1] DEBUG net.thucydides.core.requirements.BaseRequirementsService - Requirement found for test outcome Create transaction with valid parameter on json request body-[]: Optional[Requirement{name='Post Create Transaction', type='feature' parent = 'Transaction', cardNumber='null'}]

09:49:28.806 [pool-4-thread-1] DEBUG net.thucydides.core.requirements.BaseRequirementsService - Requirement found for test outcome Create transaction with valid parameter on json request body-[]: Optional[Requirement{name='Post Create Transaction', type='feature' parent = 'Transaction', cardNumber='null'}]

09:49:28.806 [pool-4-thread-4] DEBUG net.thucydides.core.requirements.BaseRequirementsService - Requirement found for test outcome Create transaction with invalid parameter class_id on json request body-[]: Optional[Requirement{name='Post Create Transaction', type='feature' parent = 'Transaction', cardNumber='null'}]

09:49:28.807 [pool-4-thread-4] DEBUG net.thucydides.core.requirements.BaseRequirementsService - Requirement found for test outcome Create transaction with invalid parameter class_id on json request body-[]: Optional[Requirement{name='Post Create Transaction', type='feature' parent = 'Transaction', cardNumber='null'}]

09:49:28.807 [pool-4-thread-8] DEBUG net.thucydides.core.requirements.BaseRequirementsService - Requirement found for test outcome Get student transaction with valid path-[]: Optional[Requirement{name='Get Student Transaction', type='feature' parent = 'Transaction', cardNumber='null'}]

09:49:28.807 [pool-4-thread-8] DEBUG serenity.reporting - Generating report in bca522b548b0835973d97c18c4090a3f299ab80fcc2793f7f045892e98d258cf.html

09:49:28.808 [pool-4-thread-7] DEBUG net.thucydides.core.requirements.BaseRequirementsService - Requirement found for test outcome Get student transaction with invalid path-[]: Optional[Requirement{name='Get Student Transaction', type='feature' parent = 'Transaction', cardNumber='null'}]

09:49:28.808 [pool-4-thread-7] DEBUG net.thucydides.core.requirements.BaseRequirementsService - Requirement found for test outcome Get student transaction with invalid path-[]: Optional[Requirement{name='Get Student Transaction', type='feature' parent = 'Transaction', cardNumber='null'}]

09:49:28.809 [pool-4-thread-7] DEBUG serenity.reporting - Generating report in 52c42057e53adb91d88e0f55ed42327c4d43f22c66e48380dc86e970e6351505.html

09:49:28.809 [pool-4-thread-1] DEBUG serenity.reporting - Generating report in 6ee0c40b09a69e08bdbfba70ab40167b4119da331cdf0c2599dc2d5f3818e164.html

09:49:28.810 [pool-4-thread-12] DEBUG serenity.reporting - Generated report 4e78174614a67de4d57679deb1a88150b7fa948098fb0e5f220dbe4cab21d0cb.html in 12 ms

09:49:28.810 [pool-4-thread-12] DEBUG net.thucydides.core.reports.ReportService - Processing test outcome MusicLab API Automation Testing Capstone Project:Put or edit student password null parameter done

09:49:28.810 [pool-4-thread-12] DEBUG net.thucydides.core.reports.ReportService - Processing test outcome Post Create Transaction:Create transaction with invalid parameter schedule_id on json request body

09:49:28.810 [pool-4-thread-12] INFO net.thucydides.core.reports.ReportService - net.thucydides.core.reports.html.HtmlAcceptanceTestReporter@72691aba: Generating report for test outcome: Post Create Transaction:Create transaction with invalid parameter schedule_id on json request body

09:49:28.810 [pool-4-thread-12] DEBUG net.thucydides.core.requirements.BaseRequirementsService - Requirement found for test outcome Create transaction with invalid parameter schedule_id on json request body-[]: Optional[Requirement{name='Post Create Transaction', type='feature' parent = 'Transaction', cardNumber='null'}]

09:49:28.811 [pool-4-thread-10] DEBUG serenity.reporting - Generated report 50b386ba995cae698ff81373ea41a82c5b8aee3c94d37f6b8d0b5d42e451bfec.html in 16 ms

09:49:28.811 [pool-4-thread-10] DEBUG net.thucydides.core.reports.ReportService - Processing test outcome MusicLab API Automation Testing Capstone Project:Deactive student done

09:49:28.811 [pool-4-thread-10] DEBUG net.thucydides.core.reports.ReportService - Processing test outcome Post Create Transaction:Create transaction with invalid parameter start_date on json request body

09:49:28.811 [pool-4-thread-12] DEBUG net.thucydides.core.requirements.BaseRequirementsService - Requirement found for test outcome Create transaction with invalid parameter schedule_id on json request body-[]: Optional[Requirement{name='Post Create Transaction', type='feature' parent = 'Transaction', cardNumber='null'}]

09:49:28.811 [pool-4-thread-10] INFO net.thucydides.core.reports.ReportService - net.thucydides.core.reports.html.HtmlAcceptanceTestReporter@72691aba: Generating report for test outcome: Post Create Transaction:Create transaction with invalid parameter start_date on json request body

09:49:28.812 [pool-4-thread-6] DEBUG serenity.reporting - Generated report 798bb08bc675137473f3c22a690565cc5bf257d30844793dfda52d9903c19981.html in 7 ms

09:49:28.812 [pool-4-thread-6] DEBUG net.thucydides.core.reports.ReportService - Processing test outcome Get Mentor Transaction:Get mentor transaction with invalid path done

09:49:28.812 [pool-4-thread-10] DEBUG net.thucydides.core.requirements.BaseRequirementsService - Requirement found for test outcome Create transaction with invalid parameter start_date on json request body-[]: Optional[Requirement{name='Post Create Transaction', type='feature' parent = 'Transaction', cardNumber='null'}]

09:49:28.812 [pool-4-thread-6] DEBUG net.thucydides.core.reports.ReportService - Processing test outcome Post Create Transaction:Create transaction with blank or empty parameter on json request body

09:49:28.812 [pool-4-thread-6] INFO net.thucydides.core.reports.ReportService - net.thucydides.core.reports.html.HtmlAcceptanceTestReporter@72691aba: Generating report for test outcome: Post Create Transaction:Create transaction with blank or empty parameter on json request body

09:49:28.812 [pool-4-thread-10] DEBUG net.thucydides.core.requirements.BaseRequirementsService - Requirement found for test outcome Create transaction with invalid parameter start_date on json request body-[]: Optional[Requirement{name='Post Create Transaction', type='feature' parent = 'Transaction', cardNumber='null'}]

09:49:28.812 [pool-4-thread-6] DEBUG net.thucydides.core.requirements.BaseRequirementsService - Requirement found for test outcome Create transaction with blank or empty parameter on json request body-[]: Optional[Requirement{name='Post Create Transaction', type='feature' parent = 'Transaction', cardNumber='null'}]

09:49:28.813 [pool-4-thread-6] DEBUG net.thucydides.core.requirements.BaseRequirementsService - Requirement found for test outcome Create transaction with blank or empty parameter on json request body-[]: Optional[Requirement{name='Post Create Transaction', type='feature' parent = 'Transaction', cardNumber='null'}]

09:49:28.813 [pool-4-thread-11] DEBUG serenity.reporting - Generated report 35535ed87b6dadd13a5474fef8e7d335052a61cb8667623eaa5e8570b363ac2c.html in 27 ms

09:49:28.813 [pool-4-thread-11] DEBUG net.thucydides.core.reports.ReportService - Processing test outcome MusicLab API Automation Testing Capstone Project:Put or edit student profile with invalid parameters done

09:49:28.813 [pool-4-thread-10] DEBUG serenity.reporting - Generating report in 3a5ac90ae10a5bfa3f1c3cad02785142a175258e70f8801de24a0102a7a36cfd.html

09:49:28.813 [pool-4-thread-11] DEBUG net.thucydides.core.reports.ReportService - Processing test outcome Post Create Transaction:Create transaction with extra parameter on json request body

09:49:28.813 [pool-4-thread-11] INFO net.thucydides.core.reports.ReportService - net.thucydides.core.reports.html.HtmlAcceptanceTestReporter@72691aba: Generating report for test outcome: Post Create Transaction:Create transaction with extra parameter on json request body

09:49:28.813 [pool-4-thread-5] DEBUG serenity.reporting - Generated report acd455dbb4eb3175183e4d98205e69da811f541e0fb2b4f23016bf47a96c88ab.html in 17 ms

09:49:28.813 [pool-4-thread-5] DEBUG net.thucydides.core.reports.ReportService - Processing test outcome MusicLab API Automation Testing Capstone Project:Put or edit student password with valid parameters done

09:49:28.813 [pool-4-thread-5] DEBUG net.thucydides.core.reports.ReportService - Processing test outcome Post Create Transaction:Create transaction with 1 parameter only

09:49:28.813 [pool-4-thread-5] INFO net.thucydides.core.reports.ReportService - net.thucydides.core.reports.html.HtmlAcceptanceTestReporter@72691aba: Generating report for test outcome: Post Create Transaction:Create transaction with 1 parameter only

09:49:28.814 [pool-4-thread-6] DEBUG serenity.reporting - Generating report in 59c57d3d3f26ff86c88562d3cc1307e9323eab162cb1f671accc4db16f9ab992.html

09:49:28.814 [pool-4-thread-4] DEBUG serenity.reporting - Generating report in 438c4e4b5a4d11ce95946f2e994cf755607c2bac8aead0a8329a2262e25bff70.html

09:49:28.814 [pool-4-thread-12] DEBUG serenity.reporting - Generating report in 24e168d7197caeff2950d8f38d9025d99b3db97e2697d3774a612d97a108d8ee.html

09:49:28.814 [pool-4-thread-5] DEBUG net.thucydides.core.requirements.BaseRequirementsService - Requirement found for test outcome Create transaction with 1 parameter only-[]: Optional[Requirement{name='Post Create Transaction', type='feature' parent = 'Transaction', cardNumber='null'}]

09:49:28.816 [pool-4-thread-11] DEBUG net.thucydides.core.requirements.BaseRequirementsService - Requirement found for test outcome Create transaction with extra parameter on json request body-[]: Optional[Requirement{name='Post Create Transaction', type='feature' parent = 'Transaction', cardNumber='null'}]

09:49:28.816 [pool-4-thread-11] DEBUG net.thucydides.core.requirements.BaseRequirementsService - Requirement found for test outcome Create transaction with extra parameter on json request body-[]: Optional[Requirement{name='Post Create Transaction', type='feature' parent = 'Transaction', cardNumber='null'}]

09:49:28.817 [pool-4-thread-11] DEBUG serenity.reporting - Generating report in af6402a0ad42fae8086d6a98c1c6613b8174492089db55666d65061b44738514.html

09:49:28.819 [pool-4-thread-6] DEBUG serenity.reporting - Generated report 59c57d3d3f26ff86c88562d3cc1307e9323eab162cb1f671accc4db16f9ab992.html in 5 ms

09:49:28.819 [pool-4-thread-6] DEBUG net.thucydides.core.reports.ReportService - Processing test outcome Post Create Transaction:Create transaction with blank or empty parameter on json request body done

09:49:28.819 [pool-4-thread-6] DEBUG net.thucydides.core.reports.ReportService - Processing test outcome Post Create Transaction:Create transaction without request body

09:49:28.819 [pool-4-thread-6] INFO net.thucydides.core.reports.ReportService - net.thucydides.core.reports.html.HtmlAcceptanceTestReporter@72691aba: Generating report for test outcome: Post Create Transaction:Create transaction without request body

09:49:28.820 [pool-4-thread-9] DEBUG serenity.reporting - Generated report 0f58d3e0f3b2fd2ec5a8d348bf1671ce5636a16f10b3c13a06404aa4fd92e95c.html in 16 ms

09:49:28.820 [pool-4-thread-9] DEBUG net.thucydides.core.reports.ReportService - Processing test outcome Music Lab API Automation Testing:Post add mentor schedule with valid json done

09:49:28.820 [pool-4-thread-9] DEBUG net.thucydides.core.reports.ReportService - Processing test outcome Post Create Transaction:Create transaction with invalid path

09:49:28.820 [pool-4-thread-9] INFO net.thucydides.core.reports.ReportService - net.thucydides.core.reports.html.HtmlAcceptanceTestReporter@72691aba: Generating report for test outcome: Post Create Transaction:Create transaction with invalid path

09:49:28.820 [pool-4-thread-8] DEBUG serenity.reporting - Generated report bca522b548b0835973d97c18c4090a3f299ab80fcc2793f7f045892e98d258cf.html in 13 ms

09:49:28.820 [pool-4-thread-8] DEBUG net.thucydides.core.reports.ReportService - Processing test outcome Get Student Transaction:Get student transaction with valid path done

09:49:28.820 [pool-4-thread-7] DEBUG serenity.reporting - Generated report 52c42057e53adb91d88e0f55ed42327c4d43f22c66e48380dc86e970e6351505.html in 11 ms

09:49:28.820 [pool-4-thread-7] DEBUG net.thucydides.core.reports.ReportService - Processing test outcome Get Student Transaction:Get student transaction with invalid path done

09:49:28.820 [pool-4-thread-6] DEBUG net.thucydides.core.requirements.BaseRequirementsService - Requirement found for test outcome Create transaction without request body-[]: Optional[Requirement{name='Post Create Transaction', type='feature' parent = 'Transaction', cardNumber='null'}]

09:49:28.820 [pool-4-thread-1] DEBUG serenity.reporting - Generated report 6ee0c40b09a69e08bdbfba70ab40167b4119da331cdf0c2599dc2d5f3818e164.html in 11 ms

09:49:28.820 [pool-4-thread-1] DEBUG net.thucydides.core.reports.ReportService - Processing test outcome Post Create Transaction:Create transaction with valid parameter on json request body done

09:49:28.820 [pool-4-thread-6] DEBUG net.thucydides.core.requirements.BaseRequirementsService - Requirement found for test outcome Create transaction without request body-[]: Optional[Requirement{name='Post Create Transaction', type='feature' parent = 'Transaction', cardNumber='null'}]

09:49:28.821 [pool-4-thread-9] DEBUG net.thucydides.core.requirements.BaseRequirementsService - Requirement found for test outcome Create transaction with invalid path-[]: Optional[Requirement{name='Post Create Transaction', type='feature' parent = 'Transaction', cardNumber='null'}]

09:49:28.821 [pool-4-thread-10] DEBUG serenity.reporting - Generated report 3a5ac90ae10a5bfa3f1c3cad02785142a175258e70f8801de24a0102a7a36cfd.html in 8 ms

09:49:28.821 [pool-4-thread-10] DEBUG net.thucydides.core.reports.ReportService - Processing test outcome Post Create Transaction:Create transaction with invalid parameter start_date on json request body done

09:49:28.821 [pool-4-thread-9] DEBUG net.thucydides.core.requirements.BaseRequirementsService - Requirement found for test outcome Create transaction with invalid path-[]: Optional[Requirement{name='Post Create Transaction', type='feature' parent = 'Transaction', cardNumber='null'}]

09:49:28.821 [pool-4-thread-6] DEBUG serenity.reporting - Generating report in c90adcda588db5cb6efc97317c9213f889abfdea1fd2819cad42adab2d0d72ac.html

09:49:28.821 [pool-4-thread-2] DEBUG serenity.reporting - Generated report b212b4a3e12944eb395124ae76af36b415a41db2f1c50692086895d7aa01e8dc.html in 23 ms

09:49:28.821 [pool-4-thread-2] DEBUG net.thucydides.core.reports.ReportService - Processing test outcome MusicLab API Automation Testing Capstone Project:Put or edit a class null parameter done

09:49:28.822 [pool-4-thread-9] DEBUG serenity.reporting - Generating report in c97415aadc54e4e66343b20e9d16fed77a51a841a981117dcf6d4a6ff6e9a0fc.html

09:49:28.827 [pool-4-thread-12] DEBUG serenity.reporting - Generated report 24e168d7197caeff2950d8f38d9025d99b3db97e2697d3774a612d97a108d8ee.html in 13 ms

09:49:28.827 [pool-4-thread-12] DEBUG net.thucydides.core.reports.ReportService - Processing test outcome Post Create Transaction:Create transaction with invalid parameter schedule_id on json request body done

09:49:28.828 [pool-4-thread-4] DEBUG serenity.reporting - Generated report 438c4e4b5a4d11ce95946f2e994cf755607c2bac8aead0a8329a2262e25bff70.html in 14 ms

09:49:28.828 [pool-4-thread-4] DEBUG net.thucydides.core.reports.ReportService - Processing test outcome Post Create Transaction:Create transaction with invalid parameter class_id on json request body done

09:49:28.828 [pool-4-thread-5] DEBUG net.thucydides.core.requirements.BaseRequirementsService - Requirement found for test outcome Create transaction with 1 parameter only-[]: Optional[Requirement{name='Post Create Transaction', type='feature' parent = 'Transaction', cardNumber='null'}]

09:49:28.834 [pool-4-thread-5] DEBUG serenity.reporting - Generating report in 16eafe329f355dcedd3f93023b40e806f264cb6aacd05836d4f2bca66662a741.html

09:49:28.841 [pool-4-thread-9] DEBUG serenity.reporting - Generated report c97415aadc54e4e66343b20e9d16fed77a51a841a981117dcf6d4a6ff6e9a0fc.html in 19 ms

09:49:28.841 [pool-4-thread-9] DEBUG net.thucydides.core.reports.ReportService - Processing test outcome Post Create Transaction:Create transaction with invalid path done

09:49:28.842 [pool-4-thread-11] DEBUG serenity.reporting - Generated report af6402a0ad42fae8086d6a98c1c6613b8174492089db55666d65061b44738514.html in 25 ms

09:49:28.842 [pool-4-thread-11] DEBUG net.thucydides.core.reports.ReportService - Processing test outcome Post Create Transaction:Create transaction with extra parameter on json request body done

09:49:28.846 [pool-4-thread-3] DEBUG serenity.reporting - Generated report 3648b533c38dedc1fa2e87379c99c482a841e2cc5e73e4ac6c359fc9c19ed6a6.html in 45 ms

09:49:28.846 [pool-4-thread-5] DEBUG serenity.reporting - Generated report 16eafe329f355dcedd3f93023b40e806f264cb6aacd05836d4f2bca66662a741.html in 12 ms

09:49:28.847 [pool-4-thread-3] DEBUG net.thucydides.core.reports.ReportService - Processing test outcome Get Mentor Transaction:Get mentor transaction with valid path done

09:49:28.847 [pool-4-thread-5] DEBUG net.thucydides.core.reports.ReportService - Processing test outcome Post Create Transaction:Create transaction with 1 parameter only done

09:49:28.849 [pool-4-thread-6] DEBUG serenity.reporting - Generated report c90adcda588db5cb6efc97317c9213f889abfdea1fd2819cad42adab2d0d72ac.html in 28 ms

09:49:28.849 [pool-4-thread-6] DEBUG net.thucydides.core.reports.ReportService - Processing test outcome Post Create Transaction:Create transaction without request body done

09:49:28.850 [pool-2-thread-1] DEBUG net.thucydides.core.reports.ReportService - Shutting down executor service

09:49:28.850 [pool-2-thread-1] DEBUG net.thucydides.core.reports.ReportService - Reports generated in: 2747 ms

09:49:29.113 [pool-2-thread-1] INFO io.cucumber.core.plugin.SerenityReporter - Cleanup test resources for URI classpath:features/Cucumber/Auth/LoginMentor.feature

09:49:29.116 [pool-2-thread-1] INFO io.cucumber.core.plugin.SerenityReporter - Cleanup test resources for URI classpath:features/Cucumber/Auth/LoginStudent.feature

09:49:29.117 [pool-2-thread-1] INFO io.cucumber.core.plugin.SerenityReporter - Cleanup test resources for URI classpath:features/Cucumber/Auth/RegisterMentor.feature

09:49:29.119 [pool-2-thread-1] INFO io.cucumber.core.plugin.SerenityReporter - Cleanup test resources for URI classpath:features/Cucumber/Auth/RegisterStudent.feature

09:49:29.120 [pool-2-thread-1] INFO io.cucumber.core.plugin.SerenityReporter - Cleanup test resources for URI classpath:features/Cucumber/Chat/GetChatMessage.feature

09:49:29.121 [pool-2-thread-1] INFO io.cucumber.core.plugin.SerenityReporter - Cleanup test resources for URI classpath:features/Cucumber/Chat/GetInboxList.feature

09:49:29.123 [pool-2-thread-1] INFO io.cucumber.core.plugin.SerenityReporter - Cleanup test resources for URI classpath:features/Cucumber/Chat/PostCreateMessage.feature

09:49:29.127 [pool-2-thread-1] INFO io.cucumber.core.plugin.SerenityReporter - Cleanup test resources for URI classpath:features/Cucumber/Class/ClassFeature.feature

09:49:29.132 [pool-2-thread-1] INFO io.cucumber.core.plugin.SerenityReporter - Cleanup test resources for URI classpath:features/Cucumber/Genre/DeleteGenre.feature

09:49:29.133 [pool-2-thread-1] INFO io.cucumber.core.plugin.SerenityReporter - Cleanup test resources for URI classpath:features/Cucumber/Genre/GetGenre.feature

09:49:29.134 [pool-2-thread-1] INFO io.cucumber.core.plugin.SerenityReporter - Cleanup test resources for URI classpath:features/Cucumber/Genre/GetMentorGenre.feature

09:49:29.135 [pool-2-thread-1] INFO io.cucumber.core.plugin.SerenityReporter - Cleanup test resources for URI classpath:features/Cucumber/Genre/PostMentorGenre.feature

09:49:29.136 [pool-2-thread-1] INFO io.cucumber.core.plugin.SerenityReporter - Cleanup test resources for URI classpath:features/Cucumber/Instrument/DeleteInstrumentNegativeCase.feature

09:49:29.137 [pool-2-thread-1] INFO io.cucumber.core.plugin.SerenityReporter - Cleanup test resources for URI classpath:features/Cucumber/Instrument/DeleteInstrumentPositiveCase.feature

09:49:29.138 [pool-2-thread-1] INFO io.cucumber.core.plugin.SerenityReporter - Cleanup test resources for URI classpath:features/Cucumber/Instrument/GetAllListInstrumentPositiveCase.feature

09:49:29.139 [pool-2-thread-1] INFO io.cucumber.core.plugin.SerenityReporter - Cleanup test resources for URI classpath:features/Cucumber/Instrument/GetSingleListInstrumentNegativeCase.feature

09:49:29.139 [pool-2-thread-1] INFO io.cucumber.core.plugin.SerenityReporter - Cleanup test resources for URI classpath:features/Cucumber/Instrument/GetSingleListInstrumentPositiveCase.feature

09:49:29.140 [pool-2-thread-1] INFO io.cucumber.core.plugin.SerenityReporter - Cleanup test resources for URI classpath:features/Cucumber/Instrument/PostCreateInstrumentNegativeCase.feature

09:49:29.141 [pool-2-thread-1] INFO io.cucumber.core.plugin.SerenityReporter - Cleanup test resources for URI classpath:features/Cucumber/Instrument/PostCreateInstrumentPositiveCase.feature

09:49:29.142 [pool-2-thread-1] INFO io.cucumber.core.plugin.SerenityReporter - Cleanup test resources for URI classpath:features/Cucumber/Mentor/DeleteMentorNegativeCase.feature

09:49:29.143 [pool-2-thread-1] INFO io.cucumber.core.plugin.SerenityReporter - Cleanup test resources for URI classpath:features/Cucumber/Mentor/DeleteMentorPositiveCase.feature

09:49:29.143 [pool-2-thread-1] INFO io.cucumber.core.plugin.SerenityReporter - Cleanup test resources for URI classpath:features/Cucumber/Mentor/GetAllListMentorNegativeCase.feature

09:49:29.144 [pool-2-thread-1] INFO io.cucumber.core.plugin.SerenityReporter - Cleanup test resources for URI classpath:features/Cucumber/Mentor/GetAllListMentorPositiveCase.feature

09:49:29.145 [pool-2-thread-1] INFO io.cucumber.core.plugin.SerenityReporter - Cleanup test resources for URI classpath:features/Cucumber/Mentor/GetSingleMentorNegativeCase.feature

09:49:29.146 [pool-2-thread-1] INFO io.cucumber.core.plugin.SerenityReporter - Cleanup test resources for URI classpath:features/Cucumber/Mentor/GetSingleMentorPositiveCase.feature

09:49:29.146 [pool-2-thread-1] INFO io.cucumber.core.plugin.SerenityReporter - Cleanup test resources for URI classpath:features/Cucumber/Mentor/PostCreateMentorCredentialNegativeCase.feature

09:49:29.147 [pool-2-thread-1] INFO io.cucumber.core.plugin.SerenityReporter - Cleanup test resources for URI classpath:features/Cucumber/Mentor/PostCreateMentorCredentialPositiveCase.feature

09:49:29.148 [pool-2-thread-1] INFO io.cucumber.core.plugin.SerenityReporter - Cleanup test resources for URI classpath:features/Cucumber/Mentor/PutUpdatePasswordMentorNegativeCase.feature

09:49:29.148 [pool-2-thread-1] INFO io.cucumber.core.plugin.SerenityReporter - Cleanup test resources for URI classpath:features/Cucumber/Mentor/PutUpdatePasswordMentorPositiveCase.feature

09:49:29.149 [pool-2-thread-1] INFO io.cucumber.core.plugin.SerenityReporter - Cleanup test resources for URI classpath:features/Cucumber/Mentor/PutUpdateProfileMentorNegativeCase.feature

09:49:29.149 [pool-2-thread-1] INFO io.cucumber.core.plugin.SerenityReporter - Cleanup test resources for URI classpath:features/Cucumber/Mentor/PutUpdateProfileMentorPositiveCase.feature

09:49:29.153 [pool-2-thread-1] INFO io.cucumber.core.plugin.SerenityReporter - Cleanup test resources for URI classpath:features/Cucumber/Review/PostCreateReviewinMentorValidData.feature

09:49:29.156 [pool-2-thread-1] INFO io.cucumber.core.plugin.SerenityReporter - Cleanup test resources for URI classpath:features/Cucumber/Review/PostCreateReviewinMentorwithInvalid.feature

09:49:29.158 [pool-2-thread-1] INFO io.cucumber.core.plugin.SerenityReporter - Cleanup test resources for URI classpath:features/Cucumber/Schedule/DeleteMentorSchedule.feature

09:49:29.158 [pool-2-thread-1] INFO io.cucumber.core.plugin.SerenityReporter - Cleanup test resources for URI classpath:features/Cucumber/Schedule/GetMentorSchedule.feature

09:49:29.160 [pool-2-thread-1] INFO io.cucumber.core.plugin.SerenityReporter - Cleanup test resources for URI classpath:features/Cucumber/Schedule/PostAddMentorSchedule.feature

09:49:29.162 [pool-2-thread-1] INFO io.cucumber.core.plugin.SerenityReporter - Cleanup test resources for URI classpath:features/Cucumber/Schedule/PostAddMentorsSchedulesAvailability.feature

09:49:29.163 [pool-2-thread-1] INFO io.cucumber.core.plugin.SerenityReporter - Cleanup test resources for URI classpath:features/Cucumber/Student/StudentFeature.feature

09:49:29.164 [pool-2-thread-1] INFO io.cucumber.core.plugin.SerenityReporter - Cleanup test resources for URI classpath:features/Cucumber/Transaction/GetMentorTransaction.feature

09:49:29.164 [pool-2-thread-1] INFO io.cucumber.core.plugin.SerenityReporter - Cleanup test resources for URI classpath:features/Cucumber/Transaction/GetStudentTransaction.feature

09:49:29.165 [pool-2-thread-1] INFO io.cucumber.core.plugin.SerenityReporter - Cleanup test resources for URI classpath:features/Cucumber/Transaction/PostCreateTransaction.feature


@PutMentorPassword @FeatureInstrument @BilalProject @Capstone @PutMentorPasswordPositiveCase
Scenario: [Positive Case] Put Update Mentors Password With Valid JSON &amp#27;[90m# features/Cucumber/Mentor/PutUpdatePasswordMentorPositiveCase.feature:4&amp#27;[0m
09:49:00.388 [pool-2-thread-1] INFO io.cucumber.core.plugin.SerenityReporter - Running feature from classpath:features/Cucumber/Mentor/PutUpdatePasswordMentorPositiveCase.feature
09:49:00.390 [pool-2-thread-1] INFO  - 
  _____   ___   ___   _____     ___   _____     _     ___   _____   ___   ___  
 |_   _| | __| / __| |_   _|   / __| |_   _|   /_\   | _ \ |_   _| | __| |   \ 
   | |   | _|  \__ \   | |     \__ \   | |    / _ \  |   /   | |   | _|  | |) |
   |_|   |___| |___/   |_|     |___/   |_|   /_/ \_\ |_|_\   |_|   |___| |___/ 

[Positive Case] Put Update Mentors Password With Valid JSON([musiclab-api]-put-feature-mentors;[positive-case]-put-update-mentors-password-with-valid-json)
--------------------------------------------------------------------------------
09:49:00.396 [pool-2-thread-1] DEBUG net.thucydides.core.steps.StepInterceptor - STARTING STEP: PutUpdateMentorsStepDef.putUpdateMentorsPasswordValidJson - Put Update Mentors Password with Valid JSON
09:49:00.397 [pool-2-thread-1] DEBUG net.thucydides.core.steps.StepInterceptor - STEP DONE: Put Update Mentors Password with Valid JSON
  &amp#27;[32mGiven &amp#27;[0m&amp#27;[32mPut update mentors password with valid json&amp#27;[0m                   &amp#27;[90m# MusicLab.StepDefinitions.Mentor.PutUpdateMentorsStepDef.putUpdateMentorsPasswordValidJson()&amp#27;[0m
  &amp#27;[32mWhen &amp#27;[0m&amp#27;[32mSend put update mentors Password&amp#27;[0m                               &amp#27;[90m# MusicLab.StepDefinitions.Mentor.PutUpdateMentorsStepDef.sendPutUpdateMentorsPassword()&amp#27;[0m
  &amp#27;[31mThen &amp#27;[0m&amp#27;[31mStatus code should be &amp#27;[0m&amp#27;[31m&amp#27;[1m200&amp#27;[0m&amp#27;[31m OK&amp#27;[0m                                   &amp#27;[90m# MusicLab.StepDefinitions.Instrument.GetIntrumentStepDef.statusCodeShouldBeOK(int)&amp#27;[0m
      &amp#27;[31mjava.lang.AssertionError: 1 expectation failed.
Expected status code <200> but was <404>.

	at sun.reflect.NativeConstructorAccessorImpl.newInstance0(Native Method)
	at sun.reflect.NativeConstructorAccessorImpl.newInstance(NativeConstructorAccessorImpl.java:62)
	at sun.reflect.DelegatingConstructorAccessorImpl.newInstance(DelegatingConstructorAccessorImpl.java:45)
	at java.lang.reflect.Constructor.newInstance(Constructor.java:423)
	at org.codehaus.groovy.reflection.CachedConstructor.invoke(CachedConstructor.java:72)
	at org.codehaus.groovy.reflection.CachedConstructor.doConstructorInvoke(CachedConstructor.java:59)
	at org.codehaus.groovy.runtime.callsite.ConstructorSite$ConstructorSiteNoUnwrap.callConstructor(ConstructorSite.java:84)
	at org.codehaus.groovy.runtime.callsite.AbstractCallSite.callConstructor(AbstractCallSite.java:277)
	at io.restassured.internal.ResponseSpecificationImpl$HamcrestAssertionClosure.validate(ResponseSpecificationImpl.groovy:493)
	at io.restassured.internal.ResponseSpecificationImpl$HamcrestAssertionClosure$validate$1.call(Unknown Source)
	at io.restassured.internal.ResponseSpecificationImpl.validateResponseIfRequired(ResponseSpecificationImpl.groovy:674)
	at sun.reflect.GeneratedMethodAccessor72.invoke(Unknown Source)
	at sun.reflect.DelegatingMethodAccessorImpl.invoke(DelegatingMethodAccessorImpl.java:43)
	at java.lang.reflect.Method.invoke(Method.java:498)
	at org.codehaus.groovy.runtime.callsite.PlainObjectMetaMethodSite.doInvoke(PlainObjectMetaMethodSite.java:43)
	at org.codehaus.groovy.runtime.callsite.PogoMetaMethodSite$PogoCachedMethodSiteNoUnwrapNoCoerce.invoke(PogoMetaMethodSite.java:193)
	at org.codehaus.groovy.runtime.callsite.PogoMetaMethodSite.callCurrent(PogoMetaMethodSite.java:61)
	at org.codehaus.groovy.runtime.callsite.AbstractCallSite.callCurrent(AbstractCallSite.java:185)
	at io.restassured.internal.ResponseSpecificationImpl.statusCode(ResponseSpecificationImpl.groovy:126)
	at io.restassured.specification.ResponseSpecification$statusCode$0.callCurrent(Unknown Source)
	at io.restassured.internal.ResponseSpecificationImpl.statusCode(ResponseSpecificationImpl.groovy:134)
	at io.restassured.internal.ValidatableResponseOptionsImpl.statusCode(ValidatableResponseOptionsImpl.java:89)
	at io.restassured.internal.ValidatableResponseImpl.super$2$statusCode(ValidatableResponseImpl.groovy)
	at sun.reflect.GeneratedMethodAccessor168.invoke(Unknown Source)
	at sun.reflect.DelegatingMethodAccessorImpl.invoke(DelegatingMethodAccessorImpl.java:43)
	at java.lang.reflect.Method.invoke(Method.java:498)
	at org.codehaus.groovy.reflection.CachedMethod.invoke(CachedMethod.java:107)
	at groovy.lang.MetaMethod.doMethodInvoke(MetaMethod.java:323)
	at groovy.lang.MetaClassImpl.invokeMethod(MetaClassImpl.java:1267)
	at org.codehaus.groovy.runtime.ScriptBytecodeAdapter.invokeMethodOnSuperN(ScriptBytecodeAdapter.java:144)
	at io.restassured.internal.ValidatableResponseImpl.statusCode(ValidatableResponseImpl.groovy:142)
	at io.restassured.internal.ValidatableResponseImpl.statusCode(ValidatableResponseImpl.groovy)
	at MusicLab.StepDefinitions.Instrument.GetIntrumentStepDef.statusCodeShouldBeOK(GetIntrumentStepDef.java:52)
	at âœ½.Status code should be 200 OK(classpath:features/Cucumber/Mentor/PutUpdatePasswordMentorPositiveCase.feature:7)
&amp#27;[0m
  &amp#27;[36mAnd &amp#27;[0m&amp#27;[36mValidate update mentors password json schema&amp#27;[0m                    &amp#27;[90m# MusicLab.StepDefinitions.Mentor.PutUpdateMentorsStepDef.validatePutUpdateMentorPasswordJsonSchema()&amp#27;[0m
]]></system-out>
  </testcase>
</testsuite>